=============================================================
# of xstreams:             56
# of threads:              560
# of repeats:              11
Use pthread:               false
Preemption:                On
# of preemption groups:    56
Preemption timer interval: 1000 usec
Preemption type:           ABT_PREEMPTION_NEW_ES
# of iterations:           30000000
=============================================================

Iteration 0 started...  [elapsed] 1107519979 nsec
Iteration 1 started...  [elapsed] 1109008044 nsec
Iteration 2 started...  [elapsed] 1109129198 nsec
Iteration 3 started...  [elapsed] 1109160118 nsec
Iteration 4 started...  [elapsed] 1109320122 nsec
Iteration 5 started...  [elapsed] 1109405208 nsec
Iteration 6 started...  [elapsed] 1108026564 nsec
Iteration 7 started...  [elapsed] 1109416923 nsec
Iteration 8 started...  [elapsed] 1108215086 nsec
Iteration 9 started...  [elapsed] 1109406904 nsec
Iteration 10 started...  [elapsed] 1109924165 nsec
success!
