=============================================================
# of xstreams:             56
# of threads:              560
# of repeats:              11
Use pthread:               false
Preemption:                On
# of preemption groups:    56
Preemption timer interval: 1000 usec
Preemption type:           ABT_PREEMPTION_NEW_ES
# of iterations:           30000000
=============================================================

Iteration 0 started...  [elapsed] 1107393549 nsec
Iteration 1 started...  [elapsed] 1108794498 nsec
Iteration 2 started...  [elapsed] 1108984689 nsec
Iteration 3 started...  [elapsed] 1108941853 nsec
Iteration 4 started...  [elapsed] 1108870156 nsec
Iteration 5 started...  [elapsed] 1107338851 nsec
Iteration 6 started...  [elapsed] 1109236293 nsec
Iteration 7 started...  [elapsed] 1109289455 nsec
Iteration 8 started...  [elapsed] 1109452168 nsec
Iteration 9 started...  [elapsed] 1109659452 nsec
Iteration 10 started...  [elapsed] 1109591325 nsec
success!
