=============================================================
# of xstreams:             56
# of threads:              560
# of repeats:              11
Use pthread:               false
Preemption:                On
# of preemption groups:    56
Preemption timer interval: 1000 usec
Preemption type:           ABT_PREEMPTION_NEW_ES
# of iterations:           30000000
=============================================================

Iteration 0 started...  [elapsed] 1107364624 nsec
Iteration 1 started...  [elapsed] 1108981871 nsec
Iteration 2 started...  [elapsed] 1108781125 nsec
Iteration 3 started...  [elapsed] 1108773637 nsec
Iteration 4 started...  [elapsed] 1108772215 nsec
Iteration 5 started...  [elapsed] 1108823660 nsec
Iteration 6 started...  [elapsed] 1109165500 nsec
Iteration 7 started...  [elapsed] 1109331369 nsec
Iteration 8 started...  [elapsed] 1109406431 nsec
Iteration 9 started...  [elapsed] 1110053813 nsec
Iteration 10 started...  [elapsed] 1109837437 nsec
success!
