=============================================================
# of xstreams:             56
# of threads:              560
# of repeats:              11
Use pthread:               false
Preemption:                On
# of preemption groups:    56
Preemption timer interval: 10000 usec
Preemption type:           ABT_PREEMPTION_NEW_ES
# of iterations:           30000000
=============================================================

Iteration 0 started...  [elapsed] 1089581969 nsec
Iteration 1 started...  [elapsed] 1089533019 nsec
Iteration 2 started...  [elapsed] 1089463571 nsec
Iteration 3 started...  [elapsed] 1089450921 nsec
Iteration 4 started...  [elapsed] 1089193000 nsec
Iteration 5 started...  [elapsed] 1089803554 nsec
Iteration 6 started...  [elapsed] 1089636089 nsec
Iteration 7 started...  [elapsed] 1089386004 nsec
Iteration 8 started...  [elapsed] 1089540206 nsec
Iteration 9 started...  [elapsed] 1089959705 nsec
Iteration 10 started...  [elapsed] 1090022063 nsec
success!
