=============================================================
# of xstreams:             56
# of threads:              560
# of repeats:              11
Use pthread:               false
Preemption:                On
# of preemption groups:    56
Preemption timer interval: 10000 usec
Preemption type:           ABT_PREEMPTION_NEW_ES
# of iterations:           30000000
=============================================================

Iteration 0 started...  [elapsed] 1089651408 nsec
Iteration 1 started...  [elapsed] 1089758080 nsec
Iteration 2 started...  [elapsed] 1089579801 nsec
Iteration 3 started...  [elapsed] 1088961181 nsec
Iteration 4 started...  [elapsed] 1089185534 nsec
Iteration 5 started...  [elapsed] 1089262405 nsec
Iteration 6 started...  [elapsed] 1089585316 nsec
Iteration 7 started...  [elapsed] 1089609371 nsec
Iteration 8 started...  [elapsed] 1089701933 nsec
Iteration 9 started...  [elapsed] 1089739164 nsec
Iteration 10 started...  [elapsed] 1089448079 nsec
success!
