=============================================================
# of xstreams:             56
# of threads:              560
# of repeats:              11
Use pthread:               false
Preemption:                On
# of preemption groups:    56
Preemption timer interval: 1000 usec
Preemption type:           ABT_PREEMPTION_NEW_ES
# of iterations:           30000000
=============================================================

Iteration 0 started...  [elapsed] 1108001208 nsec
Iteration 1 started...  [elapsed] 1109234884 nsec
Iteration 2 started...  [elapsed] 1107970784 nsec
Iteration 3 started...  [elapsed] 1109510144 nsec
Iteration 4 started...  [elapsed] 1109220121 nsec
Iteration 5 started...  [elapsed] 1109055015 nsec
Iteration 6 started...  [elapsed] 1108050488 nsec
Iteration 7 started...  [elapsed] 1109430814 nsec
Iteration 8 started...  [elapsed] 1109829176 nsec
Iteration 9 started...  [elapsed] 1110040591 nsec
Iteration 10 started...  [elapsed] 1109948781 nsec
success!
