=============================================================
# of xstreams:             56
# of threads:              560
# of repeats:              11
Use pthread:               false
Preemption:                On
# of preemption groups:    56
Preemption timer interval: 10000 usec
Preemption type:           ABT_PREEMPTION_NEW_ES
# of iterations:           30000000
=============================================================

Iteration 0 started...  [elapsed] 1089713752 nsec
Iteration 1 started...  [elapsed] 1089772710 nsec
Iteration 2 started...  [elapsed] 1089749624 nsec
Iteration 3 started...  [elapsed] 1089683771 nsec
Iteration 4 started...  [elapsed] 1089786317 nsec
Iteration 5 started...  [elapsed] 1088986949 nsec
Iteration 6 started...  [elapsed] 1089603281 nsec
Iteration 7 started...  [elapsed] 1089565886 nsec
Iteration 8 started...  [elapsed] 1089525909 nsec
Iteration 9 started...  [elapsed] 1089427644 nsec
Iteration 10 started...  [elapsed] 1090398057 nsec
success!
