=============================================================
# of xstreams:             56
# of threads:              560
# of repeats:              11
Use pthread:               false
Preemption:                On
# of preemption groups:    56
Preemption timer interval: 10000 usec
Preemption type:           ABT_PREEMPTION_NEW_ES
# of iterations:           30000000
=============================================================

Iteration 0 started...  [elapsed] 1089494084 nsec
Iteration 1 started...  [elapsed] 1089480632 nsec
Iteration 2 started...  [elapsed] 1089500249 nsec
Iteration 3 started...  [elapsed] 1089566680 nsec
Iteration 4 started...  [elapsed] 1089531595 nsec
Iteration 5 started...  [elapsed] 1089023545 nsec
Iteration 6 started...  [elapsed] 1088880844 nsec
Iteration 7 started...  [elapsed] 1089505923 nsec
Iteration 8 started...  [elapsed] 1089377074 nsec
Iteration 9 started...  [elapsed] 1090142119 nsec
Iteration 10 started...  [elapsed] 1090002156 nsec
success!
