=============================================================
# of xstreams:             56
# of threads:              560
# of repeats:              11
Use pthread:               false
Preemption:                On
# of preemption groups:    56
Preemption timer interval: 1000 usec
Preemption type:           ABT_PREEMPTION_NEW_ES
# of iterations:           30000000
=============================================================

Iteration 0 started...  [elapsed] 1107477193 nsec
Iteration 1 started...  [elapsed] 1107458406 nsec
Iteration 2 started...  [elapsed] 1108951405 nsec
Iteration 3 started...  [elapsed] 1108853282 nsec
Iteration 4 started...  [elapsed] 1108796750 nsec
Iteration 5 started...  [elapsed] 1108868205 nsec
Iteration 6 started...  [elapsed] 1109045899 nsec
Iteration 7 started...  [elapsed] 1109031776 nsec
Iteration 8 started...  [elapsed] 1108856789 nsec
Iteration 9 started...  [elapsed] 1109467199 nsec
Iteration 10 started...  [elapsed] 1109818444 nsec
success!
