=============================================================
# of xstreams:             56
# of threads:              560
# of repeats:              11
Use pthread:               false
Preemption:                On
# of preemption groups:    56
Preemption timer interval: 1000 usec
Preemption type:           ABT_PREEMPTION_NEW_ES
# of iterations:           30000000
=============================================================

Iteration 0 started...  [elapsed] 1107601546 nsec
Iteration 1 started...  [elapsed] 1107480691 nsec
Iteration 2 started...  [elapsed] 1108844645 nsec
Iteration 3 started...  [elapsed] 1108821635 nsec
Iteration 4 started...  [elapsed] 1108945950 nsec
Iteration 5 started...  [elapsed] 1108857631 nsec
Iteration 6 started...  [elapsed] 1109110030 nsec
Iteration 7 started...  [elapsed] 1108898820 nsec
Iteration 8 started...  [elapsed] 1109430995 nsec
Iteration 9 started...  [elapsed] 1109700464 nsec
Iteration 10 started...  [elapsed] 1110279959 nsec
success!
