=============================================================
# of xstreams:             56
# of threads:              560
# of repeats:              11
Use pthread:               false
Preemption:                On
# of preemption groups:    56
Preemption timer interval: 10000 usec
Preemption type:           ABT_PREEMPTION_NEW_ES
# of iterations:           30000000
=============================================================

Iteration 0 started...  [elapsed] 1089732921 nsec
Iteration 1 started...  [elapsed] 1089061513 nsec
Iteration 2 started...  [elapsed] 1089521933 nsec
Iteration 3 started...  [elapsed] 1089568652 nsec
Iteration 4 started...  [elapsed] 1089626095 nsec
Iteration 5 started...  [elapsed] 1089576083 nsec
Iteration 6 started...  [elapsed] 1089030651 nsec
Iteration 7 started...  [elapsed] 1089474453 nsec
Iteration 8 started...  [elapsed] 1089527117 nsec
Iteration 9 started...  [elapsed] 1090138026 nsec
Iteration 10 started...  [elapsed] 1090127835 nsec
success!
