=============================================================
# of xstreams:             56
# of threads:              560
# of repeats:              11
Use pthread:               false
Preemption:                On
# of preemption groups:    56
Preemption timer interval: 10000 usec
Preemption type:           ABT_PREEMPTION_NEW_ES
# of iterations:           30000000
=============================================================

Iteration 0 started...  [elapsed] 1089611609 nsec
Iteration 1 started...  [elapsed] 1089607540 nsec
Iteration 2 started...  [elapsed] 1088967682 nsec
Iteration 3 started...  [elapsed] 1089567364 nsec
Iteration 4 started...  [elapsed] 1089151451 nsec
Iteration 5 started...  [elapsed] 1089074042 nsec
Iteration 6 started...  [elapsed] 1089687712 nsec
Iteration 7 started...  [elapsed] 1089761231 nsec
Iteration 8 started...  [elapsed] 1089082905 nsec
Iteration 9 started...  [elapsed] 1090054331 nsec
Iteration 10 started...  [elapsed] 1089500411 nsec
success!
