=============================================================
# of xstreams:             56
# of threads:              560
# of repeats:              11
Use pthread:               false
Preemption:                On
# of preemption groups:    56
Preemption timer interval: 1000 usec
Preemption type:           ABT_PREEMPTION_NEW_ES
# of iterations:           30000000
=============================================================

Iteration 0 started...  [elapsed] 1109309496 nsec
Iteration 1 started...  [elapsed] 1108880264 nsec
Iteration 2 started...  [elapsed] 1108912691 nsec
Iteration 3 started...  [elapsed] 1107316544 nsec
Iteration 4 started...  [elapsed] 1107392304 nsec
Iteration 5 started...  [elapsed] 1107414400 nsec
Iteration 6 started...  [elapsed] 1108811016 nsec
Iteration 7 started...  [elapsed] 1109532088 nsec
Iteration 8 started...  [elapsed] 1109354837 nsec
Iteration 9 started...  [elapsed] 1109545280 nsec
Iteration 10 started...  [elapsed] 1110328694 nsec
success!
