=============================================================
# of xstreams:             56
# of threads:              560
# of repeats:              11
Use pthread:               false
Preemption:                On
# of preemption groups:    56
Preemption timer interval: 1000 usec
Preemption type:           ABT_PREEMPTION_NEW_ES
# of iterations:           30000000
=============================================================

Iteration 0 started...  [elapsed] 1107514214 nsec
Iteration 1 started...  [elapsed] 1108893645 nsec
Iteration 2 started...  [elapsed] 1107462802 nsec
Iteration 3 started...  [elapsed] 1108981512 nsec
Iteration 4 started...  [elapsed] 1108882262 nsec
Iteration 5 started...  [elapsed] 1108770238 nsec
Iteration 6 started...  [elapsed] 1109479128 nsec
Iteration 7 started...  [elapsed] 1107926496 nsec
Iteration 8 started...  [elapsed] 1109215328 nsec
Iteration 9 started...  [elapsed] 1109524552 nsec
Iteration 10 started...  [elapsed] 1109919681 nsec
success!
