=============================================================
# of xstreams:             56
# of threads:              560
# of repeats:              11
Use pthread:               false
Preemption:                On
# of preemption groups:    56
Preemption timer interval: 10000 usec
Preemption type:           ABT_PREEMPTION_NEW_ES
# of iterations:           30000000
=============================================================

Iteration 0 started...  [elapsed] 1089686550 nsec
Iteration 1 started...  [elapsed] 1089761002 nsec
Iteration 2 started...  [elapsed] 1088969551 nsec
Iteration 3 started...  [elapsed] 1089679624 nsec
Iteration 4 started...  [elapsed] 1089285461 nsec
Iteration 5 started...  [elapsed] 1089607674 nsec
Iteration 6 started...  [elapsed] 1089052720 nsec
Iteration 7 started...  [elapsed] 1089902600 nsec
Iteration 8 started...  [elapsed] 1089488323 nsec
Iteration 9 started...  [elapsed] 1089526968 nsec
Iteration 10 started...  [elapsed] 1090484317 nsec
success!
