=============================================================
# of xstreams:             56
# of threads:              560
# of repeats:              11
Use pthread:               false
Preemption:                On
# of preemption groups:    56
Preemption timer interval: 1500 usec
Preemption type:           ABT_PREEMPTION_NEW_ES
# of iterations:           30000000
=============================================================

Iteration 0 started...  [elapsed] 1101136446 nsec
Iteration 1 started...  [elapsed] 1101036102 nsec
Iteration 2 started...  [elapsed] 1101118124 nsec
Iteration 3 started...  [elapsed] 1101074745 nsec
Iteration 4 started...  [elapsed] 1101218951 nsec
Iteration 5 started...  [elapsed] 1101135125 nsec
Iteration 6 started...  [elapsed] 1100774463 nsec
Iteration 7 started...  [elapsed] 1101469115 nsec
Iteration 8 started...  [elapsed] 1101243934 nsec
Iteration 9 started...  [elapsed] 1101222990 nsec
Iteration 10 started...  [elapsed] 1101561553 nsec
success!
