=============================================================
# of xstreams:             56
# of threads:              560
# of repeats:              11
Use pthread:               false
Preemption:                On
# of preemption groups:    56
Preemption timer interval: 1500 usec
Preemption type:           ABT_PREEMPTION_NEW_ES
# of iterations:           30000000
=============================================================

Iteration 0 started...  [elapsed] 1101030405 nsec
Iteration 1 started...  [elapsed] 1100981435 nsec
Iteration 2 started...  [elapsed] 1100975314 nsec
Iteration 3 started...  [elapsed] 1100992677 nsec
Iteration 4 started...  [elapsed] 1100939142 nsec
Iteration 5 started...  [elapsed] 1100704109 nsec
Iteration 6 started...  [elapsed] 1100940419 nsec
Iteration 7 started...  [elapsed] 1100947577 nsec
Iteration 8 started...  [elapsed] 1100833266 nsec
Iteration 9 started...  [elapsed] 1101506227 nsec
Iteration 10 started...  [elapsed] 1101937388 nsec
success!
