=============================================================
# of xstreams:             56
# of threads:              560
# of repeats:              11
Use pthread:               false
Preemption:                On
# of preemption groups:    56
Preemption timer interval: 1500 usec
Preemption type:           ABT_PREEMPTION_NEW_ES
# of iterations:           30000000
=============================================================

Iteration 0 started...  [elapsed] 1101154689 nsec
Iteration 1 started...  [elapsed] 1101064769 nsec
Iteration 2 started...  [elapsed] 1101227954 nsec
Iteration 3 started...  [elapsed] 1102047564 nsec
Iteration 4 started...  [elapsed] 1104286059 nsec
Iteration 5 started...  [elapsed] 1101159242 nsec
Iteration 6 started...  [elapsed] 1100600936 nsec
Iteration 7 started...  [elapsed] 1101027375 nsec
Iteration 8 started...  [elapsed] 1101295764 nsec
Iteration 9 started...  [elapsed] 1101526179 nsec
Iteration 10 started...  [elapsed] 1101800189 nsec
success!
