=============================================================
# of xstreams:             56
# of threads:              560
# of repeats:              11
Use pthread:               false
Preemption:                On
# of preemption groups:    56
Preemption timer interval: 1500 usec
Preemption type:           ABT_PREEMPTION_NEW_ES
# of iterations:           30000000
=============================================================

Iteration 0 started...  [elapsed] 1101074028 nsec
Iteration 1 started...  [elapsed] 1101044916 nsec
Iteration 2 started...  [elapsed] 1100636264 nsec
Iteration 3 started...  [elapsed] 1100941658 nsec
Iteration 4 started...  [elapsed] 1101303110 nsec
Iteration 5 started...  [elapsed] 1100690691 nsec
Iteration 6 started...  [elapsed] 1101042306 nsec
Iteration 7 started...  [elapsed] 1101324813 nsec
Iteration 8 started...  [elapsed] 1100733343 nsec
Iteration 9 started...  [elapsed] 1101139891 nsec
Iteration 10 started...  [elapsed] 1101449954 nsec
success!
