=============================================================
# of xstreams:             56
# of threads:              560
# of repeats:              11
Use pthread:               false
Preemption:                On
# of preemption groups:    56
Preemption timer interval: 1500 usec
Preemption type:           ABT_PREEMPTION_NEW_ES
# of iterations:           30000000
=============================================================

Iteration 0 started...  [elapsed] 1100994238 nsec
Iteration 1 started...  [elapsed] 1101193051 nsec
Iteration 2 started...  [elapsed] 1101084678 nsec
Iteration 3 started...  [elapsed] 1101325235 nsec
Iteration 4 started...  [elapsed] 1101027578 nsec
Iteration 5 started...  [elapsed] 1100672926 nsec
Iteration 6 started...  [elapsed] 1101012115 nsec
Iteration 7 started...  [elapsed] 1101366993 nsec
Iteration 8 started...  [elapsed] 1101525954 nsec
Iteration 9 started...  [elapsed] 1101224957 nsec
Iteration 10 started...  [elapsed] 1101886614 nsec
success!
