=============================================================
# of xstreams:             56
# of threads:              560
# of repeats:              11
Use pthread:               false
Preemption:                On
# of preemption groups:    56
Preemption timer interval: 2000 usec
Preemption type:           ABT_PREEMPTION_NEW_ES
# of iterations:           30000000
=============================================================

Iteration 0 started...  [elapsed] 1097422052 nsec
Iteration 1 started...  [elapsed] 1097443499 nsec
Iteration 2 started...  [elapsed] 1096597558 nsec
Iteration 3 started...  [elapsed] 1097429138 nsec
Iteration 4 started...  [elapsed] 1096585994 nsec
Iteration 5 started...  [elapsed] 1096567164 nsec
Iteration 6 started...  [elapsed] 1097707223 nsec
Iteration 7 started...  [elapsed] 1097642765 nsec
Iteration 8 started...  [elapsed] 1096876461 nsec
Iteration 9 started...  [elapsed] 1097611150 nsec
Iteration 10 started...  [elapsed] 1097908970 nsec
success!
