=============================================================
# of xstreams:             56
# of threads:              560
# of repeats:              11
Use pthread:               false
Preemption:                On
# of preemption groups:    56
Preemption timer interval: 2000 usec
Preemption type:           ABT_PREEMPTION_NEW_ES
# of iterations:           30000000
=============================================================

Iteration 0 started...  [elapsed] 1097355292 nsec
Iteration 1 started...  [elapsed] 1096520655 nsec
Iteration 2 started...  [elapsed] 1097463554 nsec
Iteration 3 started...  [elapsed] 1097456976 nsec
Iteration 4 started...  [elapsed] 1096603528 nsec
Iteration 5 started...  [elapsed] 1097408038 nsec
Iteration 6 started...  [elapsed] 1097530475 nsec
Iteration 7 started...  [elapsed] 1096628979 nsec
Iteration 8 started...  [elapsed] 1096837587 nsec
Iteration 9 started...  [elapsed] 1097111900 nsec
Iteration 10 started...  [elapsed] 1097290896 nsec
success!
