=============================================================
# of xstreams:             56
# of threads:              560
# of repeats:              11
Use pthread:               false
Preemption:                On
# of preemption groups:    56
Preemption timer interval: 2000 usec
Preemption type:           ABT_PREEMPTION_NEW_ES
# of iterations:           30000000
=============================================================

Iteration 0 started...  [elapsed] 1097452420 nsec
Iteration 1 started...  [elapsed] 1097528894 nsec
Iteration 2 started...  [elapsed] 1097561822 nsec
Iteration 3 started...  [elapsed] 1096686462 nsec
Iteration 4 started...  [elapsed] 1097872574 nsec
Iteration 5 started...  [elapsed] 1097604194 nsec
Iteration 6 started...  [elapsed] 1097651533 nsec
Iteration 7 started...  [elapsed] 1097760661 nsec
Iteration 8 started...  [elapsed] 1097371129 nsec
Iteration 9 started...  [elapsed] 1097958785 nsec
Iteration 10 started...  [elapsed] 1097862261 nsec
success!
