=============================================================
# of xstreams:             56
# of threads:              560
# of repeats:              11
Use pthread:               false
Preemption:                On
# of preemption groups:    56
Preemption timer interval: 2000 usec
Preemption type:           ABT_PREEMPTION_NEW_ES
# of iterations:           30000000
=============================================================

Iteration 0 started...  [elapsed] 1097404437 nsec
Iteration 1 started...  [elapsed] 1097358064 nsec
Iteration 2 started...  [elapsed] 1097466206 nsec
Iteration 3 started...  [elapsed] 1096564056 nsec
Iteration 4 started...  [elapsed] 1096265098 nsec
Iteration 5 started...  [elapsed] 1097377628 nsec
Iteration 6 started...  [elapsed] 1097558274 nsec
Iteration 7 started...  [elapsed] 1097396215 nsec
Iteration 8 started...  [elapsed] 1096817733 nsec
Iteration 9 started...  [elapsed] 1096689448 nsec
Iteration 10 started...  [elapsed] 1097255520 nsec
success!
