=============================================================
# of xstreams:             56
# of threads:              560
# of repeats:              11
Use pthread:               false
Preemption:                On
# of preemption groups:    56
Preemption timer interval: 2000 usec
Preemption type:           ABT_PREEMPTION_NEW_ES
# of iterations:           30000000
=============================================================

Iteration 0 started...  [elapsed] 1097349205 nsec
Iteration 1 started...  [elapsed] 1096303478 nsec
Iteration 2 started...  [elapsed] 1097415888 nsec
Iteration 3 started...  [elapsed] 1097437646 nsec
Iteration 4 started...  [elapsed] 1097489561 nsec
Iteration 5 started...  [elapsed] 1097673932 nsec
Iteration 6 started...  [elapsed] 1097635138 nsec
Iteration 7 started...  [elapsed] 1097726486 nsec
Iteration 8 started...  [elapsed] 1097504896 nsec
Iteration 9 started...  [elapsed] 1097550318 nsec
Iteration 10 started...  [elapsed] 1097779161 nsec
success!
