=============================================================
# of xstreams:             56
# of threads:              560
# of repeats:              11
Use pthread:               false
Preemption:                On
# of preemption groups:    56
Preemption timer interval: 2000 usec
Preemption type:           ABT_PREEMPTION_NEW_ES
# of iterations:           30000000
=============================================================

Iteration 0 started...  [elapsed] 1097343057 nsec
Iteration 1 started...  [elapsed] 1097506815 nsec
Iteration 2 started...  [elapsed] 1097499278 nsec
Iteration 3 started...  [elapsed] 1097421348 nsec
Iteration 4 started...  [elapsed] 1096307755 nsec
Iteration 5 started...  [elapsed] 1097422880 nsec
Iteration 6 started...  [elapsed] 1097484670 nsec
Iteration 7 started...  [elapsed] 1097430187 nsec
Iteration 8 started...  [elapsed] 1097676461 nsec
Iteration 9 started...  [elapsed] 1097739572 nsec
Iteration 10 started...  [elapsed] 1097702480 nsec
success!
