=============================================================
# of xstreams:             56
# of threads:              560
# of repeats:              11
Use pthread:               false
Preemption:                On
# of preemption groups:    56
Preemption timer interval: 3000 usec
Preemption type:           ABT_PREEMPTION_NEW_ES
# of iterations:           30000000
=============================================================

Iteration 0 started...  [elapsed] 1094356187 nsec
Iteration 1 started...  [elapsed] 1095061595 nsec
Iteration 2 started...  [elapsed] 1095172610 nsec
Iteration 3 started...  [elapsed] 1093320908 nsec
Iteration 4 started...  [elapsed] 1094293910 nsec
Iteration 5 started...  [elapsed] 1093858115 nsec
Iteration 6 started...  [elapsed] 1094546911 nsec
Iteration 7 started...  [elapsed] 1093476377 nsec
Iteration 8 started...  [elapsed] 1094386128 nsec
Iteration 9 started...  [elapsed] 1094402636 nsec
Iteration 10 started...  [elapsed] 1095218851 nsec
success!
