=============================================================
# of xstreams:             56
# of threads:              560
# of repeats:              11
Use pthread:               false
Preemption:                On
# of preemption groups:    56
Preemption timer interval: 300 usec
Preemption type:           ABT_PREEMPTION_NEW_ES
# of iterations:           30000000
=============================================================

Iteration 0 started...  [elapsed] 3171876050 nsec
Iteration 1 started...  [elapsed] 3171153086 nsec
Iteration 2 started...  [elapsed] 3174412342 nsec
Iteration 3 started...  [elapsed] 3172331295 nsec
Iteration 4 started...  [elapsed] 3166172630 nsec
Iteration 5 started...  [elapsed] 3173059477 nsec
Iteration 6 started...  [elapsed] 3161695841 nsec
Iteration 7 started...  [elapsed] 3156950451 nsec
Iteration 8 started...  [elapsed] 3153569712 nsec
Iteration 9 started...  [elapsed] 3161123460 nsec
Iteration 10 started...  [elapsed] 3156727189 nsec
success!
