=============================================================
# of xstreams:             56
# of threads:              560
# of repeats:              11
Use pthread:               false
Preemption:                On
# of preemption groups:    56
Preemption timer interval: 300 usec
Preemption type:           ABT_PREEMPTION_NEW_ES
# of iterations:           30000000
=============================================================

Iteration 0 started...  [elapsed] 3163461504 nsec
Iteration 1 started...  [elapsed] 3165772909 nsec
Iteration 2 started...  [elapsed] 3161519012 nsec
Iteration 3 started...  [elapsed] 3173498378 nsec
Iteration 4 started...  [elapsed] 3169439634 nsec
Iteration 5 started...  [elapsed] 3178681761 nsec
Iteration 6 started...  [elapsed] 3158611256 nsec
Iteration 7 started...  [elapsed] 3168630131 nsec
Iteration 8 started...  [elapsed] 3162544547 nsec
Iteration 9 started...  [elapsed] 3167335949 nsec
Iteration 10 started...  [elapsed] 3169889588 nsec
success!
