=============================================================
# of xstreams:             56
# of threads:              560
# of repeats:              11
Use pthread:               false
Preemption:                On
# of preemption groups:    56
Preemption timer interval: 3000 usec
Preemption type:           ABT_PREEMPTION_NEW_ES
# of iterations:           30000000
=============================================================

Iteration 0 started...  [elapsed] 1094274148 nsec
Iteration 1 started...  [elapsed] 1094448366 nsec
Iteration 2 started...  [elapsed] 1095460258 nsec
Iteration 3 started...  [elapsed] 1093316315 nsec
Iteration 4 started...  [elapsed] 1094277035 nsec
Iteration 5 started...  [elapsed] 1094318864 nsec
Iteration 6 started...  [elapsed] 1093210304 nsec
Iteration 7 started...  [elapsed] 1094264529 nsec
Iteration 8 started...  [elapsed] 1094382098 nsec
Iteration 9 started...  [elapsed] 1094113042 nsec
Iteration 10 started...  [elapsed] 1095356144 nsec
success!
