=============================================================
# of xstreams:             56
# of threads:              560
# of repeats:              11
Use pthread:               false
Preemption:                On
# of preemption groups:    56
Preemption timer interval: 300 usec
Preemption type:           ABT_PREEMPTION_NEW_ES
# of iterations:           30000000
=============================================================

Iteration 0 started...  [elapsed] 3179986129 nsec
Iteration 1 started...  [elapsed] 3179800620 nsec
Iteration 2 started...  [elapsed] 3184536525 nsec
Iteration 3 started...  [elapsed] 3181190322 nsec
Iteration 4 started...  [elapsed] 3183188653 nsec
Iteration 5 started...  [elapsed] 3185406051 nsec
Iteration 6 started...  [elapsed] 3187237095 nsec
Iteration 7 started...  [elapsed] 3186909291 nsec
Iteration 8 started...  [elapsed] 3179998802 nsec
Iteration 9 started...  [elapsed] 3184821117 nsec
Iteration 10 started...  [elapsed] 3182157853 nsec
success!
