=============================================================
# of xstreams:             56
# of threads:              560
# of repeats:              11
Use pthread:               false
Preemption:                On
# of preemption groups:    56
Preemption timer interval: 3000 usec
Preemption type:           ABT_PREEMPTION_NEW_ES
# of iterations:           30000000
=============================================================

Iteration 0 started...  [elapsed] 1094181422 nsec
Iteration 1 started...  [elapsed] 1094183015 nsec
Iteration 2 started...  [elapsed] 1094399036 nsec
Iteration 3 started...  [elapsed] 1093673345 nsec
Iteration 4 started...  [elapsed] 1093485278 nsec
Iteration 5 started...  [elapsed] 1094355758 nsec
Iteration 6 started...  [elapsed] 1094337843 nsec
Iteration 7 started...  [elapsed] 1094425900 nsec
Iteration 8 started...  [elapsed] 1094481972 nsec
Iteration 9 started...  [elapsed] 1094612329 nsec
Iteration 10 started...  [elapsed] 1094664937 nsec
success!
