=============================================================
# of xstreams:             56
# of threads:              560
# of repeats:              11
Use pthread:               false
Preemption:                On
# of preemption groups:    56
Preemption timer interval: 3000 usec
Preemption type:           ABT_PREEMPTION_NEW_ES
# of iterations:           30000000
=============================================================

Iteration 0 started...  [elapsed] 1094251883 nsec
Iteration 1 started...  [elapsed] 1094318436 nsec
Iteration 2 started...  [elapsed] 1093049182 nsec
Iteration 3 started...  [elapsed] 1094268739 nsec
Iteration 4 started...  [elapsed] 1094714056 nsec
Iteration 5 started...  [elapsed] 1094365005 nsec
Iteration 6 started...  [elapsed] 1093083820 nsec
Iteration 7 started...  [elapsed] 1093640681 nsec
Iteration 8 started...  [elapsed] 1094302528 nsec
Iteration 9 started...  [elapsed] 1094739702 nsec
Iteration 10 started...  [elapsed] 1093939818 nsec
success!
