=============================================================
# of xstreams:             56
# of threads:              560
# of repeats:              11
Use pthread:               false
Preemption:                On
# of preemption groups:    56
Preemption timer interval: 300 usec
Preemption type:           ABT_PREEMPTION_NEW_ES
# of iterations:           30000000
=============================================================

Iteration 0 started...  [elapsed] 3154534902 nsec
Iteration 1 started...  [elapsed] 3159553587 nsec
Iteration 2 started...  [elapsed] 3171362957 nsec
Iteration 3 started...  [elapsed] 3160200408 nsec
Iteration 4 started...  [elapsed] 3160459646 nsec
Iteration 5 started...  [elapsed] 3170952683 nsec
Iteration 6 started...  [elapsed] 3166458977 nsec
Iteration 7 started...  [elapsed] 3169211334 nsec
Iteration 8 started...  [elapsed] 3181277072 nsec
Iteration 9 started...  [elapsed] 3174787487 nsec
Iteration 10 started...  [elapsed] 3191724895 nsec
success!
