=============================================================
# of xstreams:             56
# of threads:              560
# of repeats:              11
Use pthread:               false
Preemption:                On
# of preemption groups:    56
Preemption timer interval: 300 usec
Preemption type:           ABT_PREEMPTION_NEW_ES
# of iterations:           30000000
=============================================================

Iteration 0 started...  [elapsed] 3158500385 nsec
Iteration 1 started...  [elapsed] 3161325767 nsec
Iteration 2 started...  [elapsed] 3169978073 nsec
Iteration 3 started...  [elapsed] 3170913388 nsec
Iteration 4 started...  [elapsed] 3160367522 nsec
Iteration 5 started...  [elapsed] 3163758158 nsec
Iteration 6 started...  [elapsed] 3162736238 nsec
Iteration 7 started...  [elapsed] 3166684633 nsec
Iteration 8 started...  [elapsed] 3173392651 nsec
Iteration 9 started...  [elapsed] 3173513296 nsec
Iteration 10 started...  [elapsed] 3178032390 nsec
success!
