=============================================================
# of xstreams:             56
# of threads:              560
# of repeats:              11
Use pthread:               false
Preemption:                On
# of preemption groups:    56
Preemption timer interval: 3000 usec
Preemption type:           ABT_PREEMPTION_NEW_ES
# of iterations:           30000000
=============================================================

Iteration 0 started...  [elapsed] 1094225087 nsec
Iteration 1 started...  [elapsed] 1094179617 nsec
Iteration 2 started...  [elapsed] 1094483276 nsec
Iteration 3 started...  [elapsed] 1094145312 nsec
Iteration 4 started...  [elapsed] 1093066888 nsec
Iteration 5 started...  [elapsed] 1094224076 nsec
Iteration 6 started...  [elapsed] 1093690022 nsec
Iteration 7 started...  [elapsed] 1094145483 nsec
Iteration 8 started...  [elapsed] 1094157735 nsec
Iteration 9 started...  [elapsed] 1094700036 nsec
Iteration 10 started...  [elapsed] 1094861453 nsec
success!
