=============================================================
# of xstreams:             56
# of threads:              560
# of repeats:              11
Use pthread:               false
Preemption:                On
# of preemption groups:    56
Preemption timer interval: 300 usec
Preemption type:           ABT_PREEMPTION_NEW_ES
# of iterations:           30000000
=============================================================

Iteration 0 started...  [elapsed] 3173994243 nsec
Iteration 1 started...  [elapsed] 3177530636 nsec
Iteration 2 started...  [elapsed] 3183572534 nsec
Iteration 3 started...  [elapsed] 3180591170 nsec
Iteration 4 started...  [elapsed] 3182274210 nsec
Iteration 5 started...  [elapsed] 3186635207 nsec
Iteration 6 started...  [elapsed] 3181517855 nsec
Iteration 7 started...  [elapsed] 3190213419 nsec
Iteration 8 started...  [elapsed] 3186054109 nsec
Iteration 9 started...  [elapsed] 3188131342 nsec
Iteration 10 started...  [elapsed] 3185341907 nsec
success!
