=============================================================
# of xstreams:             56
# of threads:              560
# of repeats:              11
Use pthread:               false
Preemption:                On
# of preemption groups:    56
Preemption timer interval: 500 usec
Preemption type:           ABT_PREEMPTION_NEW_ES
# of iterations:           30000000
=============================================================

Iteration 0 started...  [elapsed] 1137800984 nsec
Iteration 1 started...  [elapsed] 1138053583 nsec
Iteration 2 started...  [elapsed] 1138341964 nsec
Iteration 3 started...  [elapsed] 1137750524 nsec
Iteration 4 started...  [elapsed] 1137892068 nsec
Iteration 5 started...  [elapsed] 1138252299 nsec
Iteration 6 started...  [elapsed] 1137812411 nsec
Iteration 7 started...  [elapsed] 1138479291 nsec
Iteration 8 started...  [elapsed] 1138701766 nsec
Iteration 9 started...  [elapsed] 1138362241 nsec
Iteration 10 started...  [elapsed] 1138410988 nsec
success!
