=============================================================
# of xstreams:             56
# of threads:              560
# of repeats:              11
Use pthread:               false
Preemption:                On
# of preemption groups:    56
Preemption timer interval: 500 usec
Preemption type:           ABT_PREEMPTION_NEW_ES
# of iterations:           30000000
=============================================================

Iteration 0 started...  [elapsed] 1142595565 nsec
Iteration 1 started...  [elapsed] 1137274869 nsec
Iteration 2 started...  [elapsed] 1137153057 nsec
Iteration 3 started...  [elapsed] 1138560837 nsec
Iteration 4 started...  [elapsed] 1137406273 nsec
Iteration 5 started...  [elapsed] 1150266795 nsec
Iteration 6 started...  [elapsed] 1137751108 nsec
Iteration 7 started...  [elapsed] 1137983506 nsec
Iteration 8 started...  [elapsed] 1139010149 nsec
Iteration 9 started...  [elapsed] 1139247485 nsec
Iteration 10 started...  [elapsed] 1138902945 nsec
success!
