=============================================================
# of xstreams:             56
# of threads:              560
# of repeats:              11
Use pthread:               false
Preemption:                On
# of preemption groups:    56
Preemption timer interval: 5000 usec
Preemption type:           ABT_PREEMPTION_NEW_ES
# of iterations:           30000000
=============================================================

Iteration 0 started...  [elapsed] 1091635916 nsec
Iteration 1 started...  [elapsed] 1091666426 nsec
Iteration 2 started...  [elapsed] 1091739418 nsec
Iteration 3 started...  [elapsed] 1091755051 nsec
Iteration 4 started...  [elapsed] 1091069771 nsec
Iteration 5 started...  [elapsed] 1090909119 nsec
Iteration 6 started...  [elapsed] 1091215629 nsec
Iteration 7 started...  [elapsed] 1091804407 nsec
Iteration 8 started...  [elapsed] 1091757543 nsec
Iteration 9 started...  [elapsed] 1092337602 nsec
Iteration 10 started...  [elapsed] 1092304163 nsec
success!
