=============================================================
# of xstreams:             56
# of threads:              560
# of repeats:              11
Use pthread:               false
Preemption:                On
# of preemption groups:    56
Preemption timer interval: 5000 usec
Preemption type:           ABT_PREEMPTION_NEW_ES
# of iterations:           30000000
=============================================================

Iteration 0 started...  [elapsed] 1092425445 nsec
Iteration 1 started...  [elapsed] 1091831226 nsec
Iteration 2 started...  [elapsed] 1090993168 nsec
Iteration 3 started...  [elapsed] 1091534812 nsec
Iteration 4 started...  [elapsed] 1091222315 nsec
Iteration 5 started...  [elapsed] 1092857216 nsec
Iteration 6 started...  [elapsed] 1090891081 nsec
Iteration 7 started...  [elapsed] 1091517887 nsec
Iteration 8 started...  [elapsed] 1091481651 nsec
Iteration 9 started...  [elapsed] 1091368147 nsec
Iteration 10 started...  [elapsed] 1092629535 nsec
success!
