=============================================================
# of xstreams:             56
# of threads:              560
# of repeats:              11
Use pthread:               false
Preemption:                On
# of preemption groups:    56
Preemption timer interval: 500 usec
Preemption type:           ABT_PREEMPTION_NEW_ES
# of iterations:           30000000
=============================================================

Iteration 0 started...  [elapsed] 1137507865 nsec
Iteration 1 started...  [elapsed] 1137881827 nsec
Iteration 2 started...  [elapsed] 1137994756 nsec
Iteration 3 started...  [elapsed] 1138399103 nsec
Iteration 4 started...  [elapsed] 1138067410 nsec
Iteration 5 started...  [elapsed] 1138027184 nsec
Iteration 6 started...  [elapsed] 1139427825 nsec
Iteration 7 started...  [elapsed] 1138344301 nsec
Iteration 8 started...  [elapsed] 1138143946 nsec
Iteration 9 started...  [elapsed] 1138915184 nsec
Iteration 10 started...  [elapsed] 1138506857 nsec
success!
