=============================================================
# of xstreams:             56
# of threads:              560
# of repeats:              11
Use pthread:               false
Preemption:                On
# of preemption groups:    56
Preemption timer interval: 500 usec
Preemption type:           ABT_PREEMPTION_NEW_ES
# of iterations:           30000000
=============================================================

Iteration 0 started...  [elapsed] 1137356663 nsec
Iteration 1 started...  [elapsed] 1141693445 nsec
Iteration 2 started...  [elapsed] 1137240830 nsec
Iteration 3 started...  [elapsed] 1140068518 nsec
Iteration 4 started...  [elapsed] 1136975183 nsec
Iteration 5 started...  [elapsed] 1148377744 nsec
Iteration 6 started...  [elapsed] 1138092322 nsec
Iteration 7 started...  [elapsed] 1138453514 nsec
Iteration 8 started...  [elapsed] 1138542899 nsec
Iteration 9 started...  [elapsed] 1138685185 nsec
Iteration 10 started...  [elapsed] 1138686971 nsec
success!
