=============================================================
# of xstreams:             56
# of threads:              560
# of repeats:              11
Use pthread:               false
Preemption:                On
# of preemption groups:    56
Preemption timer interval: 500 usec
Preemption type:           ABT_PREEMPTION_NEW_ES
# of iterations:           30000000
=============================================================

Iteration 0 started...  [elapsed] 1137889651 nsec
Iteration 1 started...  [elapsed] 1137902013 nsec
Iteration 2 started...  [elapsed] 1137787890 nsec
Iteration 3 started...  [elapsed] 1137349699 nsec
Iteration 4 started...  [elapsed] 1137129190 nsec
Iteration 5 started...  [elapsed] 1138549618 nsec
Iteration 6 started...  [elapsed] 1138618079 nsec
Iteration 7 started...  [elapsed] 1137765035 nsec
Iteration 8 started...  [elapsed] 1138549471 nsec
Iteration 9 started...  [elapsed] 1139936026 nsec
Iteration 10 started...  [elapsed] 1139706069 nsec
success!
