=============================================================
# of xstreams:             56
# of threads:              560
# of repeats:              11
Use pthread:               false
Preemption:                On
# of preemption groups:    56
Preemption timer interval: 500 usec
Preemption type:           ABT_PREEMPTION_NEW_ES
# of iterations:           30000000
=============================================================

Iteration 0 started...  [elapsed] 1137887479 nsec
Iteration 1 started...  [elapsed] 1139526694 nsec
Iteration 2 started...  [elapsed] 1137793846 nsec
Iteration 3 started...  [elapsed] 1137013451 nsec
Iteration 4 started...  [elapsed] 1137268074 nsec
Iteration 5 started...  [elapsed] 1139514649 nsec
Iteration 6 started...  [elapsed] 1154027744 nsec
Iteration 7 started...  [elapsed] 1138354373 nsec
Iteration 8 started...  [elapsed] 1138704399 nsec
Iteration 9 started...  [elapsed] 1138246506 nsec
Iteration 10 started...  [elapsed] 1136964724 nsec
success!
