=============================================================
# of xstreams:             56
# of threads:              560
# of repeats:              11
Use pthread:               false
Preemption:                On
# of preemption groups:    56
Preemption timer interval: 500 usec
Preemption type:           ABT_PREEMPTION_NEW_ES
# of iterations:           30000000
=============================================================

Iteration 0 started...  [elapsed] 1138019661 nsec
Iteration 1 started...  [elapsed] 1137568456 nsec
Iteration 2 started...  [elapsed] 1138197619 nsec
Iteration 3 started...  [elapsed] 1138308256 nsec
Iteration 4 started...  [elapsed] 1138205175 nsec
Iteration 5 started...  [elapsed] 1137443754 nsec
Iteration 6 started...  [elapsed] 1137578996 nsec
Iteration 7 started...  [elapsed] 1138711906 nsec
Iteration 8 started...  [elapsed] 1138603583 nsec
Iteration 9 started...  [elapsed] 1138567981 nsec
Iteration 10 started...  [elapsed] 1138287016 nsec
success!
