=============================================================
# of xstreams:             56
# of threads:              560
# of repeats:              11
Use pthread:               false
Preemption:                On
# of preemption groups:    56
Preemption timer interval: 5000 usec
Preemption type:           ABT_PREEMPTION_NEW_ES
# of iterations:           30000000
=============================================================

Iteration 0 started...  [elapsed] 1091885802 nsec
Iteration 1 started...  [elapsed] 1091885090 nsec
Iteration 2 started...  [elapsed] 1091899140 nsec
Iteration 3 started...  [elapsed] 1090989987 nsec
Iteration 4 started...  [elapsed] 1091717033 nsec
Iteration 5 started...  [elapsed] 1092002668 nsec
Iteration 6 started...  [elapsed] 1092072885 nsec
Iteration 7 started...  [elapsed] 1091961032 nsec
Iteration 8 started...  [elapsed] 1091919965 nsec
Iteration 9 started...  [elapsed] 1092255019 nsec
Iteration 10 started...  [elapsed] 1091743710 nsec
success!
