=============================================================
# of xstreams:             56
# of threads:              560
# of repeats:              11
Use pthread:               false
Preemption:                On
# of preemption groups:    56
Preemption timer interval: 5000 usec
Preemption type:           ABT_PREEMPTION_NEW_ES
# of iterations:           30000000
=============================================================

Iteration 0 started...  [elapsed] 1091746076 nsec
Iteration 1 started...  [elapsed] 1091006062 nsec
Iteration 2 started...  [elapsed] 1091015738 nsec
Iteration 3 started...  [elapsed] 1091751378 nsec
Iteration 4 started...  [elapsed] 1091679640 nsec
Iteration 5 started...  [elapsed] 1091025836 nsec
Iteration 6 started...  [elapsed] 1091622343 nsec
Iteration 7 started...  [elapsed] 1091744837 nsec
Iteration 8 started...  [elapsed] 1091698140 nsec
Iteration 9 started...  [elapsed] 1092148619 nsec
Iteration 10 started...  [elapsed] 1092390581 nsec
success!
