=============================================================
# of xstreams:             56
# of threads:              560
# of repeats:              11
Use pthread:               false
Preemption:                On
# of preemption groups:    56
Preemption timer interval: 5000 usec
Preemption type:           ABT_PREEMPTION_NEW_ES
# of iterations:           30000000
=============================================================

Iteration 0 started...  [elapsed] 1091690087 nsec
Iteration 1 started...  [elapsed] 1091816852 nsec
Iteration 2 started...  [elapsed] 1093110915 nsec
Iteration 3 started...  [elapsed] 1091057918 nsec
Iteration 4 started...  [elapsed] 1091977541 nsec
Iteration 5 started...  [elapsed] 1091147896 nsec
Iteration 6 started...  [elapsed] 1091695049 nsec
Iteration 7 started...  [elapsed] 1091952740 nsec
Iteration 8 started...  [elapsed] 1091704858 nsec
Iteration 9 started...  [elapsed] 1091542561 nsec
Iteration 10 started...  [elapsed] 1093169348 nsec
success!
