=============================================================
# of xstreams:             56
# of threads:              560
# of repeats:              11
Use pthread:               false
Preemption:                On
# of preemption groups:    56
Preemption timer interval: 7000 usec
Preemption type:           ABT_PREEMPTION_NEW_ES
# of iterations:           30000000
=============================================================

Iteration 0 started...  [elapsed] 1090702148 nsec
Iteration 1 started...  [elapsed] 1089943751 nsec
Iteration 2 started...  [elapsed] 1090789058 nsec
Iteration 3 started...  [elapsed] 1090787326 nsec
Iteration 4 started...  [elapsed] 1090797722 nsec
Iteration 5 started...  [elapsed] 1090871747 nsec
Iteration 6 started...  [elapsed] 1090014025 nsec
Iteration 7 started...  [elapsed] 1090164137 nsec
Iteration 8 started...  [elapsed] 1090724748 nsec
Iteration 9 started...  [elapsed] 1090603880 nsec
Iteration 10 started...  [elapsed] 1091603082 nsec
success!
