=============================================================
# of xstreams:             56
# of threads:              560
# of repeats:              11
Use pthread:               false
Preemption:                On
# of preemption groups:    56
Preemption timer interval: 7000 usec
Preemption type:           ABT_PREEMPTION_NEW_ES
# of iterations:           30000000
=============================================================

Iteration 0 started...  [elapsed] 1090852360 nsec
Iteration 1 started...  [elapsed] 1090820111 nsec
Iteration 2 started...  [elapsed] 1090605533 nsec
Iteration 3 started...  [elapsed] 1090174102 nsec
Iteration 4 started...  [elapsed] 1090680188 nsec
Iteration 5 started...  [elapsed] 1089878349 nsec
Iteration 6 started...  [elapsed] 1089865723 nsec
Iteration 7 started...  [elapsed] 1090000624 nsec
Iteration 8 started...  [elapsed] 1089965338 nsec
Iteration 9 started...  [elapsed] 1091003841 nsec
Iteration 10 started...  [elapsed] 1091182072 nsec
success!
