=============================================================
# of xstreams:             56
# of threads:              560
# of repeats:              11
Use pthread:               false
Preemption:                On
# of preemption groups:    56
Preemption timer interval: 700 usec
Preemption type:           ABT_PREEMPTION_NEW_ES
# of iterations:           30000000
=============================================================

Iteration 0 started...  [elapsed] 1119408541 nsec
Iteration 1 started...  [elapsed] 1120033398 nsec
Iteration 2 started...  [elapsed] 1119915701 nsec
Iteration 3 started...  [elapsed] 1119372183 nsec
Iteration 4 started...  [elapsed] 1120137342 nsec
Iteration 5 started...  [elapsed] 1119605722 nsec
Iteration 6 started...  [elapsed] 1119921314 nsec
Iteration 7 started...  [elapsed] 1120031498 nsec
Iteration 8 started...  [elapsed] 1120079829 nsec
Iteration 9 started...  [elapsed] 1121101427 nsec
Iteration 10 started...  [elapsed] 1119968644 nsec
success!
