=============================================================
# of xstreams:             56
# of threads:              560
# of repeats:              11
Use pthread:               false
Preemption:                On
# of preemption groups:    56
Preemption timer interval: 7000 usec
Preemption type:           ABT_PREEMPTION_NEW_ES
# of iterations:           30000000
=============================================================

Iteration 0 started...  [elapsed] 1090791489 nsec
Iteration 1 started...  [elapsed] 1090822689 nsec
Iteration 2 started...  [elapsed] 1090963546 nsec
Iteration 3 started...  [elapsed] 1090763736 nsec
Iteration 4 started...  [elapsed] 1090849248 nsec
Iteration 5 started...  [elapsed] 1090908022 nsec
Iteration 6 started...  [elapsed] 1090909854 nsec
Iteration 7 started...  [elapsed] 1090100701 nsec
Iteration 8 started...  [elapsed] 1090903947 nsec
Iteration 9 started...  [elapsed] 1090871987 nsec
Iteration 10 started...  [elapsed] 1091521300 nsec
success!
