=============================================================
# of xstreams:             56
# of threads:              560
# of repeats:              11
Use pthread:               false
Preemption:                On
# of preemption groups:    56
Preemption timer interval: 7000 usec
Preemption type:           ABT_PREEMPTION_NEW_ES
# of iterations:           30000000
=============================================================

Iteration 0 started...  [elapsed] 1090937748 nsec
Iteration 1 started...  [elapsed] 1091267245 nsec
Iteration 2 started...  [elapsed] 1090193529 nsec
Iteration 3 started...  [elapsed] 1090045313 nsec
Iteration 4 started...  [elapsed] 1090003513 nsec
Iteration 5 started...  [elapsed] 1090815660 nsec
Iteration 6 started...  [elapsed] 1090825389 nsec
Iteration 7 started...  [elapsed] 1090850728 nsec
Iteration 8 started...  [elapsed] 1090881543 nsec
Iteration 9 started...  [elapsed] 1090994718 nsec
Iteration 10 started...  [elapsed] 1091056961 nsec
success!
