=============================================================
# of xstreams:             56
# of threads:              560
# of repeats:              11
Use pthread:               false
Preemption:                On
# of preemption groups:    56
Preemption timer interval: 700 usec
Preemption type:           ABT_PREEMPTION_NEW_ES
# of iterations:           30000000
=============================================================

Iteration 0 started...  [elapsed] 1119972898 nsec
Iteration 1 started...  [elapsed] 1119556046 nsec
Iteration 2 started...  [elapsed] 1119503728 nsec
Iteration 3 started...  [elapsed] 1119671180 nsec
Iteration 4 started...  [elapsed] 1119828846 nsec
Iteration 5 started...  [elapsed] 1120062658 nsec
Iteration 6 started...  [elapsed] 1120189654 nsec
Iteration 7 started...  [elapsed] 1120399836 nsec
Iteration 8 started...  [elapsed] 1120765028 nsec
Iteration 9 started...  [elapsed] 1120890136 nsec
Iteration 10 started...  [elapsed] 1120077824 nsec
success!
