=============================================================
# of xstreams:             56
# of threads:              560
# of repeats:              11
Use pthread:               false
Preemption:                On
# of preemption groups:    56
Preemption timer interval: 700 usec
Preemption type:           ABT_PREEMPTION_NEW_ES
# of iterations:           30000000
=============================================================

Iteration 0 started...  [elapsed] 1119784664 nsec
Iteration 1 started...  [elapsed] 1119197710 nsec
Iteration 2 started...  [elapsed] 1119861641 nsec
Iteration 3 started...  [elapsed] 1119990692 nsec
Iteration 4 started...  [elapsed] 1119838947 nsec
Iteration 5 started...  [elapsed] 1119601564 nsec
Iteration 6 started...  [elapsed] 1119217269 nsec
Iteration 7 started...  [elapsed] 1119964060 nsec
Iteration 8 started...  [elapsed] 1120026874 nsec
Iteration 9 started...  [elapsed] 1120924322 nsec
Iteration 10 started...  [elapsed] 1120330648 nsec
success!
