=============================================================
# of xstreams:             56
# of threads:              560
# of repeats:              11
Use pthread:               false
Preemption:                On
# of preemption groups:    56
Preemption timer interval: 7000 usec
Preemption type:           ABT_PREEMPTION_NEW_ES
# of iterations:           30000000
=============================================================

Iteration 0 started...  [elapsed] 1090298504 nsec
Iteration 1 started...  [elapsed] 1090704513 nsec
Iteration 2 started...  [elapsed] 1090765658 nsec
Iteration 3 started...  [elapsed] 1090750094 nsec
Iteration 4 started...  [elapsed] 1089904213 nsec
Iteration 5 started...  [elapsed] 1090656829 nsec
Iteration 6 started...  [elapsed] 1090443862 nsec
Iteration 7 started...  [elapsed] 1089897330 nsec
Iteration 8 started...  [elapsed] 1089884815 nsec
Iteration 9 started...  [elapsed] 1091124383 nsec
Iteration 10 started...  [elapsed] 1091515708 nsec
success!
