=============================================================
# of xstreams:             56
# of threads:              560
# of repeats:              11
Use pthread:               false
Preemption:                On
# of preemption groups:    56
Preemption timer interval: 700 usec
Preemption type:           ABT_PREEMPTION_NEW_ES
# of iterations:           30000000
=============================================================

Iteration 0 started...  [elapsed] 1119381816 nsec
Iteration 1 started...  [elapsed] 1119875880 nsec
Iteration 2 started...  [elapsed] 1120066924 nsec
Iteration 3 started...  [elapsed] 1119775268 nsec
Iteration 4 started...  [elapsed] 1120223290 nsec
Iteration 5 started...  [elapsed] 1119906760 nsec
Iteration 6 started...  [elapsed] 1119737573 nsec
Iteration 7 started...  [elapsed] 1120055236 nsec
Iteration 8 started...  [elapsed] 1120804201 nsec
Iteration 9 started...  [elapsed] 1120284061 nsec
Iteration 10 started...  [elapsed] 1120433999 nsec
success!
