=============================================================
# of xstreams:             56
# of threads:              560
# of repeats:              11
Use pthread:               false
Preemption:                On
# of preemption groups:    56
Preemption timer interval: 700 usec
Preemption type:           ABT_PREEMPTION_NEW_ES
# of iterations:           30000000
=============================================================

Iteration 0 started...  [elapsed] 1120381542 nsec
Iteration 1 started...  [elapsed] 1119894009 nsec
Iteration 2 started...  [elapsed] 1120395366 nsec
Iteration 3 started...  [elapsed] 1120149833 nsec
Iteration 4 started...  [elapsed] 1119900324 nsec
Iteration 5 started...  [elapsed] 1120266219 nsec
Iteration 6 started...  [elapsed] 1120217988 nsec
Iteration 7 started...  [elapsed] 1120309355 nsec
Iteration 8 started...  [elapsed] 1120694058 nsec
Iteration 9 started...  [elapsed] 1121481246 nsec
Iteration 10 started...  [elapsed] 1120980307 nsec
success!
