=============================================================
# of xstreams:             56
# of threads:              560
# of repeats:              11
Use pthread:               false
Preemption:                On
# of preemption groups:    56
Preemption timer interval: 700 usec
Preemption type:           ABT_PREEMPTION_NEW_ES
# of iterations:           30000000
=============================================================

Iteration 0 started...  [elapsed] 1119649310 nsec
Iteration 1 started...  [elapsed] 1119338156 nsec
Iteration 2 started...  [elapsed] 1119756741 nsec
Iteration 3 started...  [elapsed] 1119633667 nsec
Iteration 4 started...  [elapsed] 1119412459 nsec
Iteration 5 started...  [elapsed] 1119247764 nsec
Iteration 6 started...  [elapsed] 1119854648 nsec
Iteration 7 started...  [elapsed] 1120151616 nsec
Iteration 8 started...  [elapsed] 1119971930 nsec
Iteration 9 started...  [elapsed] 1120309760 nsec
Iteration 10 started...  [elapsed] 1119397917 nsec
success!
