=============================================================
# of xstreams:             56
# of threads:              560
# of repeats:              11
Use pthread:               false
Preemption:                On
# of preemption groups:    56
Preemption timer interval: 7000 usec
Preemption type:           ABT_PREEMPTION_NEW_ES
# of iterations:           30000000
=============================================================

Iteration 0 started...  [elapsed] 1090764731 nsec
Iteration 1 started...  [elapsed] 1090885138 nsec
Iteration 2 started...  [elapsed] 1090829848 nsec
Iteration 3 started...  [elapsed] 1090779199 nsec
Iteration 4 started...  [elapsed] 1090635068 nsec
Iteration 5 started...  [elapsed] 1092346945 nsec
Iteration 6 started...  [elapsed] 1090807769 nsec
Iteration 7 started...  [elapsed] 1090117425 nsec
Iteration 8 started...  [elapsed] 1090886579 nsec
Iteration 9 started...  [elapsed] 1090694316 nsec
Iteration 10 started...  [elapsed] 1091594410 nsec
success!
