=============================================================
# of xstreams:             56
# of threads:              560
# of repeats:              11
Use pthread:               false
Preemption:                On
# of preemption groups:    56
Preemption timer interval: 7000 usec
Preemption type:           ABT_PREEMPTION_NEW_ES
# of iterations:           30000000
=============================================================

Iteration 0 started...  [elapsed] 1090828836 nsec
Iteration 1 started...  [elapsed] 1089848303 nsec
Iteration 2 started...  [elapsed] 1090773990 nsec
Iteration 3 started...  [elapsed] 1090314462 nsec
Iteration 4 started...  [elapsed] 1090784179 nsec
Iteration 5 started...  [elapsed] 1090797330 nsec
Iteration 6 started...  [elapsed] 1090032725 nsec
Iteration 7 started...  [elapsed] 1090818662 nsec
Iteration 8 started...  [elapsed] 1090365929 nsec
Iteration 9 started...  [elapsed] 1090510548 nsec
Iteration 10 started...  [elapsed] 1091760339 nsec
success!
