=============================================================
# of xstreams:             56
# of threads:              560
# of repeats:              11
Use pthread:               false
Preemption:                Off
# of iterations:           30000000
=============================================================

Iteration 0 started...  [elapsed] 1088439030 nsec
Iteration 1 started...  [elapsed] 1089221750 nsec
Iteration 2 started...  [elapsed] 1089205559 nsec
Iteration 3 started...  [elapsed] 1089103048 nsec
Iteration 4 started...  [elapsed] 1089253586 nsec
Iteration 5 started...  [elapsed] 1089201095 nsec
Iteration 6 started...  [elapsed] 1089194592 nsec
Iteration 7 started...  [elapsed] 1089520268 nsec
Iteration 8 started...  [elapsed] 1088083982 nsec
Iteration 9 started...  [elapsed] 1088832483 nsec
Iteration 10 started...  [elapsed] 1088563550 nsec
success!
