=============================================================
# of xstreams:             56
# of threads:              560
# of repeats:              11
Use pthread:               false
Preemption:                Off
# of iterations:           30000000
=============================================================

Iteration 0 started...  [elapsed] 1088868164 nsec
Iteration 1 started...  [elapsed] 1091659381 nsec
Iteration 2 started...  [elapsed] 1089762888 nsec
Iteration 3 started...  [elapsed] 1089034618 nsec
Iteration 4 started...  [elapsed] 1089222096 nsec
Iteration 5 started...  [elapsed] 1090063222 nsec
Iteration 6 started...  [elapsed] 1089660092 nsec
Iteration 7 started...  [elapsed] 1089368056 nsec
Iteration 8 started...  [elapsed] 1088789307 nsec
Iteration 9 started...  [elapsed] 1089551320 nsec
Iteration 10 started...  [elapsed] 1088818399 nsec
success!
