=============================================================
# of xstreams:             56
# of threads:              560
# of repeats:              11
Use pthread:               false
Preemption:                Off
# of iterations:           30000000
=============================================================

Iteration 0 started...  [elapsed] 1088863911 nsec
Iteration 1 started...  [elapsed] 1089014566 nsec
Iteration 2 started...  [elapsed] 1089170184 nsec
Iteration 3 started...  [elapsed] 1089023085 nsec
Iteration 4 started...  [elapsed] 1088755033 nsec
Iteration 5 started...  [elapsed] 1089968305 nsec
Iteration 6 started...  [elapsed] 1089428032 nsec
Iteration 7 started...  [elapsed] 1088719774 nsec
Iteration 8 started...  [elapsed] 1088479471 nsec
Iteration 9 started...  [elapsed] 1088306385 nsec
Iteration 10 started...  [elapsed] 1088294067 nsec
success!
