=============================================================
# of xstreams:             56
# of threads:              560
# of repeats:              11
Use pthread:               false
Preemption:                Off
# of iterations:           30000000
=============================================================

Iteration 0 started...  [elapsed] 1088866751 nsec
Iteration 1 started...  [elapsed] 1090425246 nsec
Iteration 2 started...  [elapsed] 1090757824 nsec
Iteration 3 started...  [elapsed] 1091298656 nsec
Iteration 4 started...  [elapsed] 1091617171 nsec
Iteration 5 started...  [elapsed] 1090688078 nsec
Iteration 6 started...  [elapsed] 1090153394 nsec
Iteration 7 started...  [elapsed] 1088151950 nsec
Iteration 8 started...  [elapsed] 1088870071 nsec
Iteration 9 started...  [elapsed] 1088898979 nsec
Iteration 10 started...  [elapsed] 1089032634 nsec
success!
