=============================================================
# of xstreams:             56
# of threads:              560
# of repeats:              11
Use pthread:               false
Preemption:                Off
# of iterations:           30000000
=============================================================

Iteration 0 started...  [elapsed] 1090885976 nsec
Iteration 1 started...  [elapsed] 1088741539 nsec
Iteration 2 started...  [elapsed] 1089398784 nsec
Iteration 3 started...  [elapsed] 1088814012 nsec
Iteration 4 started...  [elapsed] 1089444634 nsec
Iteration 5 started...  [elapsed] 1089681536 nsec
Iteration 6 started...  [elapsed] 1089889190 nsec
Iteration 7 started...  [elapsed] 1088840683 nsec
Iteration 8 started...  [elapsed] 1088442659 nsec
Iteration 9 started...  [elapsed] 1088715866 nsec
Iteration 10 started...  [elapsed] 1088978764 nsec
success!
