=============================================================
# of xstreams:             56
# of threads:              560
# of repeats:              11
Use pthread:               false
Preemption:                Off
# of iterations:           30000000
=============================================================

Iteration 0 started...  [elapsed] 1091664918 nsec
Iteration 1 started...  [elapsed] 1089188582 nsec
Iteration 2 started...  [elapsed] 1088646246 nsec
Iteration 3 started...  [elapsed] 1088522270 nsec
Iteration 4 started...  [elapsed] 1089124553 nsec
Iteration 5 started...  [elapsed] 1089585286 nsec
Iteration 6 started...  [elapsed] 1089641236 nsec
Iteration 7 started...  [elapsed] 1089551060 nsec
Iteration 8 started...  [elapsed] 1088412524 nsec
Iteration 9 started...  [elapsed] 1088460605 nsec
Iteration 10 started...  [elapsed] 1089214423 nsec
success!
