=============================================================
# of xstreams:             56
# of threads:              560
# of repeats:              11
Use pthread:               false
Preemption:                Off
# of iterations:           30000000
=============================================================

Iteration 0 started...  [elapsed] 1088300733 nsec
Iteration 1 started...  [elapsed] 1088469458 nsec
Iteration 2 started...  [elapsed] 1088630584 nsec
Iteration 3 started...  [elapsed] 1089195582 nsec
Iteration 4 started...  [elapsed] 1089476377 nsec
Iteration 5 started...  [elapsed] 1089657725 nsec
Iteration 6 started...  [elapsed] 1089858531 nsec
Iteration 7 started...  [elapsed] 1089330994 nsec
Iteration 8 started...  [elapsed] 1088227488 nsec
Iteration 9 started...  [elapsed] 1088256689 nsec
Iteration 10 started...  [elapsed] 1088124874 nsec
success!
