=============================================================
# of xstreams:             56
# of threads:              560
# of repeats:              11
Use pthread:               false
Preemption:                Off
# of iterations:           30000000
=============================================================

Iteration 0 started...  [elapsed] 1088053098 nsec
Iteration 1 started...  [elapsed] 1088875130 nsec
Iteration 2 started...  [elapsed] 1089051231 nsec
Iteration 3 started...  [elapsed] 1088767400 nsec
Iteration 4 started...  [elapsed] 1089297476 nsec
Iteration 5 started...  [elapsed] 1089626436 nsec
Iteration 6 started...  [elapsed] 1089632342 nsec
Iteration 7 started...  [elapsed] 1089503480 nsec
Iteration 8 started...  [elapsed] 1088481728 nsec
Iteration 9 started...  [elapsed] 1088743414 nsec
Iteration 10 started...  [elapsed] 1088341717 nsec
success!
