=============================================================
# of xstreams:             56
# of threads:              560
# of repeats:              11
Use pthread:               false
Preemption:                Off
# of iterations:           30000000
=============================================================

Iteration 0 started...  [elapsed] 1088768025 nsec
Iteration 1 started...  [elapsed] 1088824334 nsec
Iteration 2 started...  [elapsed] 1088843146 nsec
Iteration 3 started...  [elapsed] 1089228002 nsec
Iteration 4 started...  [elapsed] 1089831146 nsec
Iteration 5 started...  [elapsed] 1089573480 nsec
Iteration 6 started...  [elapsed] 1089461632 nsec
Iteration 7 started...  [elapsed] 1089063028 nsec
Iteration 8 started...  [elapsed] 1088554536 nsec
Iteration 9 started...  [elapsed] 1088993986 nsec
Iteration 10 started...  [elapsed] 1088922486 nsec
success!
