

********************************************************************************
***                            HPGMG-FV Benchmark                            ***
********************************************************************************
Requested MPI_THREAD_FUNNELED, got MPI_THREAD_FUNNELED
2 MPI Tasks of 28 threads


===== Benchmark setup ==========================================================

attempting to create a 512^3 level from 8 x 256^3 boxes distributed among 2 tasks...
  boundary condition = BC_DIRICHLET
  Decomposing level via Z-mort ordering... done
  Allocating vectors... done
  Calculating boxes per process... target=4.000, max=4
  Creating Poisson (a=0.000000, b=1.000000) test problem
  calculating D^{-1} exactly for level h=1.953125e-03 using  64 colors...  done (6.928405 seconds)

attempting to create a 256^3 level from 8 x 128^3 boxes distributed among 2 tasks...
  boundary condition = BC_DIRICHLET
  Decomposing level via Z-mort ordering... done
  Allocating vectors... done
  Calculating boxes per process... target=4.000, max=4

attempting to create a 128^3 level from 8 x 64^3 boxes distributed among 2 tasks...
  boundary condition = BC_DIRICHLET
  Decomposing level via Z-mort ordering... done
  Allocating vectors... done
  Calculating boxes per process... target=4.000, max=4

attempting to create a 64^3 level from 8 x 32^3 boxes distributed among 2 tasks...
  boundary condition = BC_DIRICHLET
  Decomposing level via Z-mort ordering... done
  Allocating vectors... done
  Calculating boxes per process... target=4.000, max=4

attempting to create a 32^3 level from 8 x 16^3 boxes distributed among 2 tasks...
  boundary condition = BC_DIRICHLET
  Decomposing level via Z-mort ordering... done
  Allocating vectors... done
  Calculating boxes per process... target=4.000, max=4

attempting to create a 16^3 level from 8 x 8^3 boxes distributed among 2 tasks...
  boundary condition = BC_DIRICHLET
  Decomposing level via Z-mort ordering... done
  Allocating vectors... done
  Calculating boxes per process... target=4.000, max=4

attempting to create a 8^3 level from 1 x 8^3 boxes distributed among 2 tasks...
  boundary condition = BC_DIRICHLET
  Decomposing level via Z-mort ordering... done
  Allocating vectors... done
  Calculating boxes per process... target=0.500, max=1

attempting to create a 4^3 level from 1 x 4^3 boxes distributed among 2 tasks...
  boundary condition = BC_DIRICHLET
  Decomposing level via Z-mort ordering... done
  Allocating vectors... done
  Calculating boxes per process... target=0.500, max=1

attempting to create a 2^3 level from 1 x 2^3 boxes distributed among 2 tasks...
  boundary condition = BC_DIRICHLET
  Decomposing level via Z-mort ordering... done
  Allocating vectors... done
  Calculating boxes per process... target=0.500, max=1

  Building restriction and interpolation lists... done

  Building MPI subcommunicator for level  1... done (0.000559 seconds)
  Building MPI subcommunicator for level  2... done (0.000077 seconds)
  Building MPI subcommunicator for level  3... done (0.000254 seconds)
  Building MPI subcommunicator for level  4... done (0.000049 seconds)
  Building MPI subcommunicator for level  5... done (0.000017 seconds)
  Building MPI subcommunicator for level  6... done (0.000025 seconds)
  Building MPI subcommunicator for level  7... done (0.000018 seconds)
  Building MPI subcommunicator for level  8... done (0.000015 seconds)

  calculating D^{-1} exactly for level h=3.906250e-03 using  64 colors...  done (1.242816 seconds)
  calculating D^{-1} exactly for level h=7.812500e-03 using  64 colors...  done (0.241876 seconds)
  calculating D^{-1} exactly for level h=1.562500e-02 using  64 colors...  done (0.049687 seconds)
  calculating D^{-1} exactly for level h=3.125000e-02 using  64 colors...  done (0.020989 seconds)
  calculating D^{-1} exactly for level h=6.250000e-02 using  64 colors...  done (0.016735 seconds)
  calculating D^{-1} exactly for level h=1.250000e-01 using  64 colors...  done (0.003521 seconds)
  calculating D^{-1} exactly for level h=2.500000e-01 using  64 colors...  done (0.002709 seconds)
  calculating D^{-1} exactly for level h=5.000000e-01 using   8 colors...  done (0.000343 seconds)



===== Warming up by running 1 solves ==========================================
FMGSolve... f-cycle     norm=4.151187824908527e-08  rel=4.153376389499612e-08  done (1.994952 seconds)


===== Running 10 solves ========================================================
FMGSolve... f-cycle     norm=4.151187824908527e-08  rel=4.153376389499612e-08  done (1.967634 seconds)
FMGSolve... f-cycle     norm=4.151187824908527e-08  rel=4.153376389499612e-08  done (1.978595 seconds)
FMGSolve... f-cycle     norm=4.151187824908527e-08  rel=4.153376389499612e-08  done (1.941914 seconds)
FMGSolve... f-cycle     norm=4.151187824908527e-08  rel=4.153376389499612e-08  done (1.956860 seconds)
FMGSolve... f-cycle     norm=4.151187824908527e-08  rel=4.153376389499612e-08  done (1.967072 seconds)
FMGSolve... f-cycle     norm=4.151187824908527e-08  rel=4.153376389499612e-08  done (1.962202 seconds)
FMGSolve... f-cycle     norm=4.151187824908527e-08  rel=4.153376389499612e-08  done (1.937791 seconds)
FMGSolve... f-cycle     norm=4.151187824908527e-08  rel=4.153376389499612e-08  done (1.946800 seconds)
FMGSolve... f-cycle     norm=4.151187824908527e-08  rel=4.153376389499612e-08  done (1.942837 seconds)
FMGSolve... f-cycle     norm=4.151187824908527e-08  rel=4.153376389499612e-08  done (1.963267 seconds)


===== Timing Breakdown =========================================================


level                                0            1            2            3            4            5            6            7            8 
level dimension                  512^3        256^3        128^3         64^3         32^3         16^3          8^3          4^3          2^3 
box dimension                    256^3        128^3         64^3         32^3         16^3          8^3          8^3          4^3          2^3        total
------------------        ------------ ------------ ------------ ------------ ------------ ------------ ------------ ------------ ------------ ------------ 
smooth                        0.992134     0.295953     0.066165     0.013296     0.004536     0.003316     0.000837     0.000187     0.000000     1.376424
  max                         0.992134     0.295953     0.066272     0.013296     0.004537     0.003316     0.000837     0.000187     0.000000     1.376532
  min                         0.979133     0.295405     0.066165     0.012905     0.004536     0.003295     0.000000     0.000000     0.000000     1.361438
residual                      0.182468     0.028318     0.006809     0.001243     0.000412     0.000279     0.000076     0.000020     0.000010     0.219635
applyOp                       0.000000     0.000000     0.000000     0.000000     0.000000     0.000000     0.000000     0.000000     0.000023     0.000023
BLAS1                         0.052670     0.001894     0.000496     0.000239     0.000183     0.000205     0.000012     0.000007     0.000055     0.055762
BLAS3                         0.000000     0.000000     0.000000     0.000000     0.000000     0.000000     0.000000     0.000000     0.000000     0.000000
Boundary Conditions           0.019286     0.011210     0.005333     0.003493     0.003320     0.003700     0.004107     0.004653     0.001743     0.056845
Restriction                   0.019101     0.003658     0.000632     0.000286     0.000262     0.000722     0.000013     0.000007     0.000000     0.024680
  local restriction           0.019098     0.003655     0.000629     0.000283     0.000260     0.000291     0.000011     0.000005     0.000000     0.024231
  pack MPI buffers            0.000000     0.000000     0.000000     0.000000     0.000000     0.000000     0.000000     0.000000     0.000000     0.000000
  unpack MPI buffers          0.000000     0.000000     0.000000     0.000000     0.000000     0.000291     0.000000     0.000000     0.000000     0.000291
  MPI_Isend                   0.000000     0.000000     0.000000     0.000000     0.000000     0.000000     0.000000     0.000000     0.000000     0.000000
  MPI_Irecv                   0.000000     0.000000     0.000000     0.000000     0.000000     0.000007     0.000000     0.000000     0.000000     0.000007
  MPI_Waitall                 0.000000     0.000000     0.000000     0.000000     0.000000     0.000130     0.000000     0.000000     0.000000     0.000130
Interpolation                 0.051658     0.011215     0.001838     0.000538     0.000302     0.000630     0.000031     0.000021     0.000000     0.066233
  local interpolation         0.051657     0.011214     0.001836     0.000537     0.000301     0.000302     0.000029     0.000019     0.000000     0.065893
  pack MPI buffers            0.000000     0.000000     0.000000     0.000000     0.000000     0.000287     0.000000     0.000000     0.000000     0.000287
  unpack MPI buffers          0.000000     0.000000     0.000000     0.000000     0.000000     0.000000     0.000000     0.000000     0.000000     0.000000
  MPI_Isend                   0.000000     0.000000     0.000000     0.000000     0.000000     0.000035     0.000000     0.000000     0.000000     0.000035
  MPI_Irecv                   0.000000     0.000000     0.000000     0.000000     0.000000     0.000000     0.000000     0.000000     0.000000     0.000000
  MPI_Waitall                 0.000000     0.000000     0.000000     0.000000     0.000000     0.000002     0.000000     0.000000     0.000000     0.000002
Ghost Zone Exchange           0.071764     0.043085     0.022723     0.011538     0.009871     0.011115     0.000011     0.000014     0.000007     0.170126
  local exchange              0.032438     0.017086     0.006906     0.003786     0.003118     0.003518     0.000000     0.000000     0.000000     0.066852
  pack MPI buffers            0.003285     0.004213     0.002445     0.002468     0.002905     0.003480     0.000000     0.000000     0.000000     0.018796
  unpack MPI buffers          0.003408     0.003003     0.002352     0.002482     0.002931     0.003492     0.000000     0.000000     0.000000     0.017668
  MPI_Isend                   0.014829     0.007336     0.002690     0.000588     0.000227     0.000114     0.000000     0.000000     0.000000     0.025786
  MPI_Irecv                   0.000049     0.000085     0.000058     0.000030     0.000032     0.000037     0.000000     0.000000     0.000000     0.000291
  MPI_Waitall                 0.017737     0.011327     0.008247     0.002155     0.000629     0.000440     0.000000     0.000000     0.000000     0.040536
MPI_collectives               0.000074     0.000000     0.000000     0.000000     0.000000     0.000000     0.000000     0.000000     0.000103     0.000178
------------------        ------------ ------------ ------------ ------------ ------------ ------------ ------------ ------------ ------------ ------------ 
Total by level                1.381316     0.392064     0.102761     0.030482     0.019059     0.019043     0.005146     0.004990     0.001594     1.956456

   Total time in MGBuild      1.657491 seconds
   Total time in MGSolve      1.956491 seconds
      number of v-cycles             1
Bottom solver iterations            16




===== Performance Summary ======================================================
  h=1.953125000000000e-03  DOF=1.342177280000000e+08  time=1.956491  DOF/s=6.860e+07  MPI=2  OMP=28


===== Richardson error analysis ================================================
FMGSolve... f-cycle     norm=4.151187824908527e-08  rel=4.153376389499612e-08  done (1.940203 seconds)
FMGSolve... f-cycle     norm=5.144231718379189e-07  rel=5.155086782761839e-07  done (0.354544 seconds)
FMGSolve... f-cycle     norm=7.454875268653183e-06  rel=7.517955872287669e-06  done (0.087808 seconds)
  h=1.953125000000000e-03  ||error||=9.221160354386249e-10
  order=4.011


===== Deallocating memory ======================================================
attempting to free the restriction and interpolation lists... done
attempting to free the     2^3 level... done
attempting to free the     4^3 level... done
attempting to free the     8^3 level... done
attempting to free the    16^3 level... done
attempting to free the    32^3 level... done
attempting to free the    64^3 level... done
attempting to free the   128^3 level... done
attempting to free the   256^3 level... done
attempting to free the   512^3 level... done


===== Done =====================================================================
