

********************************************************************************
***                            HPGMG-FV Benchmark                            ***
********************************************************************************
Requested MPI_THREAD_FUNNELED, got MPI_THREAD_FUNNELED
2 MPI Tasks of 28 threads


===== Benchmark setup ==========================================================

attempting to create a 512^3 level from 8 x 256^3 boxes distributed among 2 tasks...
  boundary condition = BC_DIRICHLET
  Decomposing level via Z-mort ordering... done
  Allocating vectors... done
  Calculating boxes per process... target=4.000, max=4
  Creating Poisson (a=0.000000, b=1.000000) test problem
  calculating D^{-1} exactly for level h=1.953125e-03 using  64 colors...  done (6.115296 seconds)

attempting to create a 256^3 level from 8 x 128^3 boxes distributed among 2 tasks...
  boundary condition = BC_DIRICHLET
  Decomposing level via Z-mort ordering... done
  Allocating vectors... done
  Calculating boxes per process... target=4.000, max=4

attempting to create a 128^3 level from 8 x 64^3 boxes distributed among 2 tasks...
  boundary condition = BC_DIRICHLET
  Decomposing level via Z-mort ordering... done
  Allocating vectors... done
  Calculating boxes per process... target=4.000, max=4

attempting to create a 64^3 level from 8 x 32^3 boxes distributed among 2 tasks...
  boundary condition = BC_DIRICHLET
  Decomposing level via Z-mort ordering... done
  Allocating vectors... done
  Calculating boxes per process... target=4.000, max=4

attempting to create a 32^3 level from 8 x 16^3 boxes distributed among 2 tasks...
  boundary condition = BC_DIRICHLET
  Decomposing level via Z-mort ordering... done
  Allocating vectors... done
  Calculating boxes per process... target=4.000, max=4

attempting to create a 16^3 level from 8 x 8^3 boxes distributed among 2 tasks...
  boundary condition = BC_DIRICHLET
  Decomposing level via Z-mort ordering... done
  Allocating vectors... done
  Calculating boxes per process... target=4.000, max=4

attempting to create a 8^3 level from 1 x 8^3 boxes distributed among 2 tasks...
  boundary condition = BC_DIRICHLET
  Decomposing level via Z-mort ordering... done
  Allocating vectors... done
  Calculating boxes per process... target=0.500, max=1

attempting to create a 4^3 level from 1 x 4^3 boxes distributed among 2 tasks...
  boundary condition = BC_DIRICHLET
  Decomposing level via Z-mort ordering... done
  Allocating vectors... done
  Calculating boxes per process... target=0.500, max=1

attempting to create a 2^3 level from 1 x 2^3 boxes distributed among 2 tasks...
  boundary condition = BC_DIRICHLET
  Decomposing level via Z-mort ordering... done
  Allocating vectors... done
  Calculating boxes per process... target=0.500, max=1

  Building restriction and interpolation lists... done

  Building MPI subcommunicator for level  1... done (0.000610 seconds)
  Building MPI subcommunicator for level  2... done (0.000082 seconds)
  Building MPI subcommunicator for level  3... done (0.000337 seconds)
  Building MPI subcommunicator for level  4... done (0.000051 seconds)
  Building MPI subcommunicator for level  5... done (0.000017 seconds)
  Building MPI subcommunicator for level  6... done (0.000025 seconds)
  Building MPI subcommunicator for level  7... done (0.000018 seconds)
  Building MPI subcommunicator for level  8... done (0.000016 seconds)

  calculating D^{-1} exactly for level h=3.906250e-03 using  64 colors...  done (1.143635 seconds)
  calculating D^{-1} exactly for level h=7.812500e-03 using  64 colors...  done (0.223099 seconds)
  calculating D^{-1} exactly for level h=1.562500e-02 using  64 colors...  done (0.045230 seconds)
  calculating D^{-1} exactly for level h=3.125000e-02 using  64 colors...  done (0.020027 seconds)
  calculating D^{-1} exactly for level h=6.250000e-02 using  64 colors...  done (0.016281 seconds)
  calculating D^{-1} exactly for level h=1.250000e-01 using  64 colors...  done (0.003471 seconds)
  calculating D^{-1} exactly for level h=2.500000e-01 using  64 colors...  done (0.002667 seconds)
  calculating D^{-1} exactly for level h=5.000000e-01 using   8 colors...  done (0.000308 seconds)



===== Warming up by running 1 solves ==========================================
FMGSolve... f-cycle     norm=4.151187824908527e-08  rel=4.153376389499612e-08  done (1.782914 seconds)


===== Running 10 solves ========================================================
FMGSolve... f-cycle     norm=4.151187824908527e-08  rel=4.153376389499612e-08  done (1.804536 seconds)
FMGSolve... f-cycle     norm=4.151187824908527e-08  rel=4.153376389499612e-08  done (1.780554 seconds)
FMGSolve... f-cycle     norm=4.151187824908527e-08  rel=4.153376389499612e-08  done (1.784635 seconds)
FMGSolve... f-cycle     norm=4.151187824908527e-08  rel=4.153376389499612e-08  done (1.773587 seconds)
FMGSolve... f-cycle     norm=4.151187824908527e-08  rel=4.153376389499612e-08  done (1.758453 seconds)
FMGSolve... f-cycle     norm=4.151187824908527e-08  rel=4.153376389499612e-08  done (1.762892 seconds)
FMGSolve... f-cycle     norm=4.151187824908527e-08  rel=4.153376389499612e-08  done (1.766339 seconds)
FMGSolve... f-cycle     norm=4.151187824908527e-08  rel=4.153376389499612e-08  done (1.775318 seconds)
FMGSolve... f-cycle     norm=4.151187824908527e-08  rel=4.153376389499612e-08  done (1.782511 seconds)
FMGSolve... f-cycle     norm=4.151187824908527e-08  rel=4.153376389499612e-08  done (1.782540 seconds)


===== Timing Breakdown =========================================================


level                                0            1            2            3            4            5            6            7            8 
level dimension                  512^3        256^3        128^3         64^3         32^3         16^3          8^3          4^3          2^3 
box dimension                    256^3        128^3         64^3         32^3         16^3          8^3          8^3          4^3          2^3        total
------------------        ------------ ------------ ------------ ------------ ------------ ------------ ------------ ------------ ------------ ------------ 
smooth                        0.872683     0.276199     0.063147     0.012554     0.004362     0.003182     0.000851     0.000180     0.000000     1.233156
  max                         0.874965     0.276199     0.063147     0.012808     0.004362     0.003240     0.000851     0.000180     0.000000     1.235751
  min                         0.872683     0.269388     0.062449     0.012554     0.004244     0.003182     0.000000     0.000000     0.000000     1.224500
residual                      0.159185     0.024121     0.005974     0.001241     0.000394     0.000265     0.000078     0.000020     0.000010     0.191288
applyOp                       0.000000     0.000000     0.000000     0.000000     0.000000     0.000000     0.000000     0.000000     0.000024     0.000024
BLAS1                         0.045320     0.001709     0.000469     0.000229     0.000190     0.000203     0.000012     0.000005     0.000058     0.048196
BLAS3                         0.000000     0.000000     0.000000     0.000000     0.000000     0.000000     0.000000     0.000000     0.000000     0.000000
Boundary Conditions           0.017891     0.010912     0.005254     0.003516     0.003287     0.003594     0.004006     0.004510     0.001700     0.054670
Restriction                   0.016467     0.003422     0.000657     0.000301     0.000248     0.001042     0.000014     0.000009     0.000000     0.022158
  local restriction           0.016464     0.003418     0.000653     0.000297     0.000245     0.000279     0.000010     0.000006     0.000000     0.021373
  pack MPI buffers            0.000000     0.000000     0.000000     0.000000     0.000000     0.000000     0.000000     0.000000     0.000000     0.000000
  unpack MPI buffers          0.000000     0.000000     0.000000     0.000000     0.000000     0.000290     0.000000     0.000000     0.000000     0.000290
  MPI_Isend                   0.000000     0.000000     0.000000     0.000000     0.000000     0.000000     0.000000     0.000000     0.000000     0.000000
  MPI_Irecv                   0.000000     0.000000     0.000000     0.000000     0.000000     0.000007     0.000000     0.000000     0.000000     0.000007
  MPI_Waitall                 0.000000     0.000000     0.000000     0.000000     0.000000     0.000464     0.000000     0.000000     0.000000     0.000464
Interpolation                 0.044652     0.010191     0.001801     0.000535     0.000286     0.000617     0.000032     0.000021     0.000000     0.058136
  local interpolation         0.044651     0.010189     0.001799     0.000533     0.000285     0.000290     0.000029     0.000018     0.000000     0.057794
  pack MPI buffers            0.000000     0.000000     0.000000     0.000000     0.000000     0.000285     0.000000     0.000000     0.000000     0.000285
  unpack MPI buffers          0.000000     0.000000     0.000000     0.000000     0.000000     0.000000     0.000000     0.000000     0.000000     0.000000
  MPI_Isend                   0.000000     0.000000     0.000000     0.000000     0.000000     0.000035     0.000000     0.000000     0.000000     0.000035
  MPI_Irecv                   0.000000     0.000000     0.000000     0.000000     0.000000     0.000000     0.000000     0.000000     0.000000     0.000000
  MPI_Waitall                 0.000000     0.000000     0.000000     0.000000     0.000000     0.000003     0.000000     0.000000     0.000000     0.000003
Ghost Zone Exchange           0.072162     0.050811     0.023677     0.011938     0.009840     0.010971     0.000010     0.000012     0.000006     0.179426
  local exchange              0.026471     0.016116     0.006573     0.003692     0.003003     0.003435     0.000000     0.000000     0.000000     0.059289
  pack MPI buffers            0.003372     0.004445     0.002638     0.002413     0.002803     0.003336     0.000000     0.000000     0.000000     0.019007
  unpack MPI buffers          0.003254     0.003500     0.002392     0.002437     0.002851     0.003390     0.000000     0.000000     0.000000     0.017825
  MPI_Isend                   0.014838     0.007415     0.002702     0.000590     0.000227     0.000118     0.000000     0.000000     0.000000     0.025890
  MPI_Irecv                   0.000053     0.000091     0.000064     0.000033     0.000033     0.000039     0.000000     0.000000     0.000000     0.000313
  MPI_Waitall                 0.024153     0.019210     0.009281     0.002748     0.000896     0.000620     0.000000     0.000000     0.000000     0.056909
MPI_collectives               0.002282     0.000000     0.000000     0.000000     0.000000     0.000000     0.000000     0.000000     0.000092     0.002374
------------------        ------------ ------------ ------------ ------------ ------------ ------------ ------------ ------------ ------------ ------------ 
Total by level                1.224394     0.373409     0.099994     0.030131     0.018764     0.018966     0.005066     0.004827     0.001549     1.777100

   Total time in MGBuild      1.535938 seconds
   Total time in MGSolve      1.777130 seconds
      number of v-cycles             1
Bottom solver iterations            16




===== Performance Summary ======================================================
  h=1.953125000000000e-03  DOF=1.342177280000000e+08  time=1.777130  DOF/s=7.552e+07  MPI=2  OMP=28


===== Richardson error analysis ================================================
FMGSolve... f-cycle     norm=4.151187824908527e-08  rel=4.153376389499612e-08  done (1.792490 seconds)
FMGSolve... f-cycle     norm=5.144231718379189e-07  rel=5.155086782761839e-07  done (0.333647 seconds)
FMGSolve... f-cycle     norm=7.454875268653183e-06  rel=7.517955872287669e-06  done (0.083471 seconds)
  h=1.953125000000000e-03  ||error||=9.221160354386249e-10
  order=4.011


===== Deallocating memory ======================================================
attempting to free the restriction and interpolation lists... done
attempting to free the     2^3 level... done
attempting to free the     4^3 level... done
attempting to free the     8^3 level... done
attempting to free the    16^3 level... done
attempting to free the    32^3 level... done
attempting to free the    64^3 level... done
attempting to free the   128^3 level... done
attempting to free the   256^3 level... done
attempting to free the   512^3 level... done


===== Done =====================================================================
