

********************************************************************************
***                            HPGMG-FV Benchmark                            ***
********************************************************************************
Requested MPI_THREAD_FUNNELED, got MPI_THREAD_FUNNELED
2 MPI Tasks of 28 threads


===== Benchmark setup ==========================================================

attempting to create a 512^3 level from 8 x 256^3 boxes distributed among 2 tasks...
  boundary condition = BC_DIRICHLET
  Decomposing level via Z-mort ordering... done
  Allocating vectors... done
  Calculating boxes per process... target=4.000, max=4
  Creating Poisson (a=0.000000, b=1.000000) test problem
  calculating D^{-1} exactly for level h=1.953125e-03 using  64 colors...  done (5.753445 seconds)

attempting to create a 256^3 level from 8 x 128^3 boxes distributed among 2 tasks...
  boundary condition = BC_DIRICHLET
  Decomposing level via Z-mort ordering... done
  Allocating vectors... done
  Calculating boxes per process... target=4.000, max=4

attempting to create a 128^3 level from 8 x 64^3 boxes distributed among 2 tasks...
  boundary condition = BC_DIRICHLET
  Decomposing level via Z-mort ordering... done
  Allocating vectors... done
  Calculating boxes per process... target=4.000, max=4

attempting to create a 64^3 level from 8 x 32^3 boxes distributed among 2 tasks...
  boundary condition = BC_DIRICHLET
  Decomposing level via Z-mort ordering... done
  Allocating vectors... done
  Calculating boxes per process... target=4.000, max=4

attempting to create a 32^3 level from 8 x 16^3 boxes distributed among 2 tasks...
  boundary condition = BC_DIRICHLET
  Decomposing level via Z-mort ordering... done
  Allocating vectors... done
  Calculating boxes per process... target=4.000, max=4

attempting to create a 16^3 level from 8 x 8^3 boxes distributed among 2 tasks...
  boundary condition = BC_DIRICHLET
  Decomposing level via Z-mort ordering... done
  Allocating vectors... done
  Calculating boxes per process... target=4.000, max=4

attempting to create a 8^3 level from 1 x 8^3 boxes distributed among 2 tasks...
  boundary condition = BC_DIRICHLET
  Decomposing level via Z-mort ordering... done
  Allocating vectors... done
  Calculating boxes per process... target=0.500, max=1

attempting to create a 4^3 level from 1 x 4^3 boxes distributed among 2 tasks...
  boundary condition = BC_DIRICHLET
  Decomposing level via Z-mort ordering... done
  Allocating vectors... done
  Calculating boxes per process... target=0.500, max=1

attempting to create a 2^3 level from 1 x 2^3 boxes distributed among 2 tasks...
  boundary condition = BC_DIRICHLET
  Decomposing level via Z-mort ordering... done
  Allocating vectors... done
  Calculating boxes per process... target=0.500, max=1

  Building restriction and interpolation lists... done

  Building MPI subcommunicator for level  1... done (0.000634 seconds)
  Building MPI subcommunicator for level  2... done (0.000332 seconds)
  Building MPI subcommunicator for level  3... done (0.000254 seconds)
  Building MPI subcommunicator for level  4... done (0.000264 seconds)
  Building MPI subcommunicator for level  5... done (0.000017 seconds)
  Building MPI subcommunicator for level  6... done (0.000023 seconds)
  Building MPI subcommunicator for level  7... done (0.000018 seconds)
  Building MPI subcommunicator for level  8... done (0.000015 seconds)

  calculating D^{-1} exactly for level h=3.906250e-03 using  64 colors...  done (1.018121 seconds)
  calculating D^{-1} exactly for level h=7.812500e-03 using  64 colors...  done (0.209134 seconds)
  calculating D^{-1} exactly for level h=1.562500e-02 using  64 colors...  done (0.043920 seconds)
  calculating D^{-1} exactly for level h=3.125000e-02 using  64 colors...  done (0.019090 seconds)
  calculating D^{-1} exactly for level h=6.250000e-02 using  64 colors...  done (0.015562 seconds)
  calculating D^{-1} exactly for level h=1.250000e-01 using  64 colors...  done (0.003325 seconds)
  calculating D^{-1} exactly for level h=2.500000e-01 using  64 colors...  done (0.002499 seconds)
  calculating D^{-1} exactly for level h=5.000000e-01 using   8 colors...  done (0.000304 seconds)



===== Warming up by running 1 solves ==========================================
FMGSolve... f-cycle     norm=4.151187824908527e-08  rel=4.153376389499612e-08  done (1.631979 seconds)


===== Running 10 solves ========================================================
FMGSolve... f-cycle     norm=4.151187824908527e-08  rel=4.153376389499612e-08  done (1.673939 seconds)
FMGSolve... f-cycle     norm=4.151187824908527e-08  rel=4.153376389499612e-08  done (1.654782 seconds)
FMGSolve... f-cycle     norm=4.151187824908527e-08  rel=4.153376389499612e-08  done (1.657505 seconds)
FMGSolve... f-cycle     norm=4.151187824908527e-08  rel=4.153376389499612e-08  done (1.658598 seconds)
FMGSolve... f-cycle     norm=4.151187824908527e-08  rel=4.153376389499612e-08  done (1.664723 seconds)
FMGSolve... f-cycle     norm=4.151187824908527e-08  rel=4.153376389499612e-08  done (1.638629 seconds)
FMGSolve... f-cycle     norm=4.151187824908527e-08  rel=4.153376389499612e-08  done (1.657169 seconds)
FMGSolve... f-cycle     norm=4.151187824908527e-08  rel=4.153376389499612e-08  done (1.647131 seconds)
FMGSolve... f-cycle     norm=4.151187824908527e-08  rel=4.153376389499612e-08  done (1.646817 seconds)
FMGSolve... f-cycle     norm=4.151187824908527e-08  rel=4.153376389499612e-08  done (1.645301 seconds)


===== Timing Breakdown =========================================================


level                                0            1            2            3            4            5            6            7            8 
level dimension                  512^3        256^3        128^3         64^3         32^3         16^3          8^3          4^3          2^3 
box dimension                    256^3        128^3         64^3         32^3         16^3          8^3          8^3          4^3          2^3        total
------------------        ------------ ------------ ------------ ------------ ------------ ------------ ------------ ------------ ------------ ------------ 
smooth                        0.820679     0.243712     0.059531     0.011806     0.004122     0.003022     0.000846     0.000179     0.000000     1.143898
  max                         0.820679     0.243712     0.060559     0.012221     0.004122     0.003069     0.000846     0.000179     0.000000     1.145388
  min                         0.801849     0.236186     0.059531     0.011806     0.004076     0.003022     0.000000     0.000000     0.000000     1.116469
residual                      0.147890     0.021799     0.005826     0.001227     0.000364     0.000255     0.000077     0.000019     0.000011     0.177469
applyOp                       0.000000     0.000000     0.000000     0.000000     0.000000     0.000000     0.000000     0.000000     0.000023     0.000023
BLAS1                         0.043230     0.001634     0.000509     0.000221     0.000191     0.000193     0.000011     0.000005     0.000052     0.046047
BLAS3                         0.000000     0.000000     0.000000     0.000000     0.000000     0.000000     0.000000     0.000000     0.000000     0.000000
Boundary Conditions           0.016868     0.010678     0.004859     0.003333     0.003131     0.003428     0.003803     0.004288     0.001612     0.051999
Restriction                   0.016152     0.003154     0.000592     0.000280     0.000246     0.001037     0.000012     0.000008     0.000000     0.021480
  local restriction           0.016149     0.003150     0.000588     0.000277     0.000244     0.000264     0.000009     0.000004     0.000000     0.020684
  pack MPI buffers            0.000000     0.000000     0.000000     0.000000     0.000000     0.000000     0.000000     0.000000     0.000000     0.000000
  unpack MPI buffers          0.000000     0.000000     0.000000     0.000000     0.000000     0.000268     0.000000     0.000000     0.000000     0.000268
  MPI_Isend                   0.000000     0.000000     0.000000     0.000000     0.000000     0.000000     0.000000     0.000000     0.000000     0.000000
  MPI_Irecv                   0.000000     0.000000     0.000000     0.000000     0.000000     0.000008     0.000000     0.000000     0.000000     0.000008
  MPI_Waitall                 0.000000     0.000000     0.000000     0.000000     0.000000     0.000493     0.000000     0.000000     0.000000     0.000493
Interpolation                 0.042805     0.010480     0.001669     0.000477     0.000268     0.000581     0.000031     0.000021     0.000000     0.056332
  local interpolation         0.042803     0.010478     0.001668     0.000475     0.000266     0.000272     0.000029     0.000017     0.000000     0.056008
  pack MPI buffers            0.000000     0.000000     0.000000     0.000000     0.000000     0.000268     0.000000     0.000000     0.000000     0.000268
  unpack MPI buffers          0.000000     0.000000     0.000000     0.000000     0.000000     0.000000     0.000000     0.000000     0.000000     0.000000
  MPI_Isend                   0.000000     0.000000     0.000000     0.000000     0.000000     0.000035     0.000000     0.000000     0.000000     0.000035
  MPI_Irecv                   0.000000     0.000000     0.000000     0.000000     0.000000     0.000000     0.000000     0.000000     0.000000     0.000000
  MPI_Waitall                 0.000000     0.000000     0.000000     0.000000     0.000000     0.000003     0.000000     0.000000     0.000000     0.000003
Ghost Zone Exchange           0.064880     0.045624     0.023696     0.011523     0.009302     0.010494     0.000013     0.000013     0.000005     0.165549
  local exchange              0.024545     0.015140     0.006215     0.003487     0.002858     0.003310     0.000000     0.000000     0.000000     0.055556
  pack MPI buffers            0.003504     0.004329     0.002593     0.002339     0.002667     0.003189     0.000000     0.000000     0.000000     0.018621
  unpack MPI buffers          0.003028     0.003250     0.002377     0.002316     0.002686     0.003236     0.000000     0.000000     0.000000     0.016893
  MPI_Isend                   0.014845     0.007368     0.002603     0.000540     0.000216     0.000114     0.000000     0.000000     0.000000     0.025687
  MPI_Irecv                   0.000054     0.000095     0.000070     0.000040     0.000035     0.000042     0.000000     0.000000     0.000000     0.000334
  MPI_Waitall                 0.018882     0.015408     0.009814     0.002778     0.000814     0.000575     0.000000     0.000000     0.000000     0.048270
MPI_collectives               0.003355     0.000000     0.000000     0.000000     0.000000     0.000000     0.000000     0.000000     0.000092     0.003447
------------------        ------------ ------------ ------------ ------------ ------------ ------------ ------------ ------------ ------------ ------------ 
Total by level                1.149196     0.334603     0.095071     0.028737     0.017746     0.018139     0.004849     0.004609     0.001470     1.654420

   Total time in MGBuild      1.383174 seconds
   Total time in MGSolve      1.654453 seconds
      number of v-cycles             1
Bottom solver iterations            16




===== Performance Summary ======================================================
  h=1.953125000000000e-03  DOF=1.342177280000000e+08  time=1.654453  DOF/s=8.113e+07  MPI=2  OMP=28


===== Richardson error analysis ================================================
FMGSolve... f-cycle     norm=4.151187824908527e-08  rel=4.153376389499612e-08  done (1.667839 seconds)
FMGSolve... f-cycle     norm=5.144231718379189e-07  rel=5.155086782761839e-07  done (0.318119 seconds)
FMGSolve... f-cycle     norm=7.454875268653183e-06  rel=7.517955872287669e-06  done (0.083478 seconds)
  h=1.953125000000000e-03  ||error||=9.221160354386249e-10
  order=4.011


===== Deallocating memory ======================================================
attempting to free the restriction and interpolation lists... done
attempting to free the     2^3 level... done
attempting to free the     4^3 level... done
attempting to free the     8^3 level... done
attempting to free the    16^3 level... done
attempting to free the    32^3 level... done
attempting to free the    64^3 level... done
attempting to free the   128^3 level... done
attempting to free the   256^3 level... done
attempting to free the   512^3 level... done


===== Done =====================================================================
