

********************************************************************************
***                            HPGMG-FV Benchmark                            ***
********************************************************************************
Requested MPI_THREAD_FUNNELED, got MPI_THREAD_FUNNELED
2 MPI Tasks of 28 threads


===== Benchmark setup ==========================================================

attempting to create a 512^3 level from 8 x 256^3 boxes distributed among 2 tasks...
  boundary condition = BC_DIRICHLET
  Decomposing level via Z-mort ordering... done
  Allocating vectors... done
  Calculating boxes per process... target=4.000, max=4
  Creating Poisson (a=0.000000, b=1.000000) test problem
  calculating D^{-1} exactly for level h=1.953125e-03 using  64 colors...  done (5.634803 seconds)

attempting to create a 256^3 level from 8 x 128^3 boxes distributed among 2 tasks...
  boundary condition = BC_DIRICHLET
  Decomposing level via Z-mort ordering... done
  Allocating vectors... done
  Calculating boxes per process... target=4.000, max=4

attempting to create a 128^3 level from 8 x 64^3 boxes distributed among 2 tasks...
  boundary condition = BC_DIRICHLET
  Decomposing level via Z-mort ordering... done
  Allocating vectors... done
  Calculating boxes per process... target=4.000, max=4

attempting to create a 64^3 level from 8 x 32^3 boxes distributed among 2 tasks...
  boundary condition = BC_DIRICHLET
  Decomposing level via Z-mort ordering... done
  Allocating vectors... done
  Calculating boxes per process... target=4.000, max=4

attempting to create a 32^3 level from 8 x 16^3 boxes distributed among 2 tasks...
  boundary condition = BC_DIRICHLET
  Decomposing level via Z-mort ordering... done
  Allocating vectors... done
  Calculating boxes per process... target=4.000, max=4

attempting to create a 16^3 level from 8 x 8^3 boxes distributed among 2 tasks...
  boundary condition = BC_DIRICHLET
  Decomposing level via Z-mort ordering... done
  Allocating vectors... done
  Calculating boxes per process... target=4.000, max=4

attempting to create a 8^3 level from 1 x 8^3 boxes distributed among 2 tasks...
  boundary condition = BC_DIRICHLET
  Decomposing level via Z-mort ordering... done
  Allocating vectors... done
  Calculating boxes per process... target=0.500, max=1

attempting to create a 4^3 level from 1 x 4^3 boxes distributed among 2 tasks...
  boundary condition = BC_DIRICHLET
  Decomposing level via Z-mort ordering... done
  Allocating vectors... done
  Calculating boxes per process... target=0.500, max=1

attempting to create a 2^3 level from 1 x 2^3 boxes distributed among 2 tasks...
  boundary condition = BC_DIRICHLET
  Decomposing level via Z-mort ordering... done
  Allocating vectors... done
  Calculating boxes per process... target=0.500, max=1

  Building restriction and interpolation lists... done

  Building MPI subcommunicator for level  1... done (0.000694 seconds)
  Building MPI subcommunicator for level  2... done (0.000390 seconds)
  Building MPI subcommunicator for level  3... done (0.000321 seconds)
  Building MPI subcommunicator for level  4... done (0.000338 seconds)
  Building MPI subcommunicator for level  5... done (0.000018 seconds)
  Building MPI subcommunicator for level  6... done (0.000024 seconds)
  Building MPI subcommunicator for level  7... done (0.000018 seconds)
  Building MPI subcommunicator for level  8... done (0.000015 seconds)

  calculating D^{-1} exactly for level h=3.906250e-03 using  64 colors...  done (0.976894 seconds)
  calculating D^{-1} exactly for level h=7.812500e-03 using  64 colors...  done (0.188433 seconds)
  calculating D^{-1} exactly for level h=1.562500e-02 using  64 colors...  done (0.039561 seconds)
  calculating D^{-1} exactly for level h=3.125000e-02 using  64 colors...  done (0.017826 seconds)
  calculating D^{-1} exactly for level h=6.250000e-02 using  64 colors...  done (0.014340 seconds)
  calculating D^{-1} exactly for level h=1.250000e-01 using  64 colors...  done (0.003182 seconds)
  calculating D^{-1} exactly for level h=2.500000e-01 using  64 colors...  done (0.002434 seconds)
  calculating D^{-1} exactly for level h=5.000000e-01 using   8 colors...  done (0.000309 seconds)



===== Warming up by running 1 solves ==========================================
FMGSolve... f-cycle     norm=4.151187824908527e-08  rel=4.153376389499612e-08  done (1.548809 seconds)


===== Running 10 solves ========================================================
FMGSolve... f-cycle     norm=4.151187824908527e-08  rel=4.153376389499612e-08  done (1.545908 seconds)
FMGSolve... f-cycle     norm=4.151187824908527e-08  rel=4.153376389499612e-08  done (1.558065 seconds)
FMGSolve... f-cycle     norm=4.151187824908527e-08  rel=4.153376389499612e-08  done (1.530668 seconds)
FMGSolve... f-cycle     norm=4.151187824908527e-08  rel=4.153376389499612e-08  done (1.552364 seconds)
FMGSolve... f-cycle     norm=4.151187824908527e-08  rel=4.153376389499612e-08  done (1.557544 seconds)
FMGSolve... f-cycle     norm=4.151187824908527e-08  rel=4.153376389499612e-08  done (1.535361 seconds)
FMGSolve... f-cycle     norm=4.151187824908527e-08  rel=4.153376389499612e-08  done (1.545571 seconds)
FMGSolve... f-cycle     norm=4.151187824908527e-08  rel=4.153376389499612e-08  done (1.535575 seconds)
FMGSolve... f-cycle     norm=4.151187824908527e-08  rel=4.153376389499612e-08  done (1.566486 seconds)
FMGSolve... f-cycle     norm=4.151187824908527e-08  rel=4.153376389499612e-08  done (1.565910 seconds)


===== Timing Breakdown =========================================================


level                                0            1            2            3            4            5            6            7            8 
level dimension                  512^3        256^3        128^3         64^3         32^3         16^3          8^3          4^3          2^3 
box dimension                    256^3        128^3         64^3         32^3         16^3          8^3          8^3          4^3          2^3        total
------------------        ------------ ------------ ------------ ------------ ------------ ------------ ------------ ------------ ------------ ------------ 
smooth                        0.766089     0.229532     0.053899     0.010309     0.003656     0.002710     0.000836     0.000173     0.000000     1.067205
  max                         0.766089     0.229532     0.053899     0.010642     0.003656     0.002710     0.000836     0.000173     0.000000     1.067538
  min                         0.758900     0.228232     0.053041     0.010309     0.003632     0.002705     0.000000     0.000000     0.000000     1.056818
residual                      0.129467     0.020481     0.005136     0.001093     0.000339     0.000225     0.000078     0.000019     0.000009     0.156847
applyOp                       0.000000     0.000000     0.000000     0.000000     0.000000     0.000000     0.000000     0.000000     0.000022     0.000022
BLAS1                         0.044993     0.001654     0.000457     0.000192     0.000160     0.000175     0.000012     0.000005     0.000052     0.047700
BLAS3                         0.000000     0.000000     0.000000     0.000000     0.000000     0.000000     0.000000     0.000000     0.000000     0.000000
Boundary Conditions           0.016157     0.009488     0.004387     0.003137     0.002851     0.003138     0.003511     0.003884     0.001482     0.048036
Restriction                   0.015697     0.003194     0.000575     0.000269     0.000227     0.000649     0.000012     0.000008     0.000000     0.020632
  local restriction           0.015694     0.003191     0.000572     0.000266     0.000225     0.000251     0.000010     0.000005     0.000000     0.020214
  pack MPI buffers            0.000000     0.000000     0.000000     0.000000     0.000000     0.000000     0.000000     0.000000     0.000000     0.000000
  unpack MPI buffers          0.000000     0.000000     0.000000     0.000000     0.000000     0.000254     0.000000     0.000000     0.000000     0.000254
  MPI_Isend                   0.000000     0.000000     0.000000     0.000000     0.000000     0.000000     0.000000     0.000000     0.000000     0.000000
  MPI_Irecv                   0.000000     0.000000     0.000000     0.000000     0.000000     0.000007     0.000000     0.000000     0.000000     0.000007
  MPI_Waitall                 0.000000     0.000000     0.000000     0.000000     0.000000     0.000135     0.000000     0.000000     0.000000     0.000135
Interpolation                 0.039545     0.009356     0.001487     0.000411     0.000239     0.000546     0.000031     0.000020     0.000000     0.051636
  local interpolation         0.039544     0.009355     0.001486     0.000410     0.000237     0.000248     0.000028     0.000017     0.000000     0.051325
  pack MPI buffers            0.000000     0.000000     0.000000     0.000000     0.000000     0.000254     0.000000     0.000000     0.000000     0.000254
  unpack MPI buffers          0.000000     0.000000     0.000000     0.000000     0.000000     0.000000     0.000000     0.000000     0.000000     0.000000
  MPI_Isend                   0.000000     0.000000     0.000000     0.000000     0.000000     0.000037     0.000000     0.000000     0.000000     0.000037
  MPI_Irecv                   0.000000     0.000000     0.000000     0.000000     0.000000     0.000000     0.000000     0.000000     0.000000     0.000000
  MPI_Waitall                 0.000000     0.000000     0.000000     0.000000     0.000000     0.000003     0.000000     0.000000     0.000000     0.000003
Ghost Zone Exchange           0.065013     0.051676     0.021449     0.010656     0.008663     0.009663     0.000010     0.000010     0.000005     0.167145
  local exchange              0.024041     0.013510     0.005713     0.003109     0.002662     0.002995     0.000000     0.000000     0.000000     0.052029
  pack MPI buffers            0.003574     0.004832     0.002439     0.002103     0.002491     0.002950     0.000000     0.000000     0.000000     0.018389
  unpack MPI buffers          0.003071     0.003551     0.002267     0.002137     0.002471     0.002947     0.000000     0.000000     0.000000     0.016443
  MPI_Isend                   0.014822     0.007487     0.002681     0.000516     0.000209     0.000105     0.000000     0.000000     0.000000     0.025820
  MPI_Irecv                   0.000050     0.000091     0.000051     0.000025     0.000029     0.000032     0.000000     0.000000     0.000000     0.000278
  MPI_Waitall                 0.019434     0.022171     0.008279     0.002749     0.000777     0.000605     0.000000     0.000000     0.000000     0.054016
MPI_collectives               0.002116     0.000000     0.000000     0.000000     0.000000     0.000000     0.000000     0.000000     0.000079     0.002195
------------------        ------------ ------------ ------------ ------------ ------------ ------------ ------------ ------------ ------------ ------------ 
Total by level                1.072396     0.322019     0.086337     0.025902     0.016263     0.016317     0.004534     0.004188     0.001348     1.549305

   Total time in MGBuild      1.316182 seconds
   Total time in MGSolve      1.549339 seconds
      number of v-cycles             1
Bottom solver iterations            16




===== Performance Summary ======================================================
  h=1.953125000000000e-03  DOF=1.342177280000000e+08  time=1.549339  DOF/s=8.663e+07  MPI=2  OMP=28


===== Richardson error analysis ================================================
FMGSolve... f-cycle     norm=4.151187824908527e-08  rel=4.153376389499612e-08  done (1.544283 seconds)
FMGSolve... f-cycle     norm=5.144231718379189e-07  rel=5.155086782761839e-07  done (0.288120 seconds)
FMGSolve... f-cycle     norm=7.454875268653183e-06  rel=7.517955872287669e-06  done (0.075016 seconds)
  h=1.953125000000000e-03  ||error||=9.221160354386249e-10
  order=4.011


===== Deallocating memory ======================================================
attempting to free the restriction and interpolation lists... done
attempting to free the     2^3 level... done
attempting to free the     4^3 level... done
attempting to free the     8^3 level... done
attempting to free the    16^3 level... done
attempting to free the    32^3 level... done
attempting to free the    64^3 level... done
attempting to free the   128^3 level... done
attempting to free the   256^3 level... done
attempting to free the   512^3 level... done


===== Done =====================================================================
