

********************************************************************************
***                            HPGMG-FV Benchmark                            ***
********************************************************************************
Requested MPI_THREAD_FUNNELED, got MPI_THREAD_FUNNELED
2 MPI Tasks of 28 threads


===== Benchmark setup ==========================================================

attempting to create a 512^3 level from 8 x 256^3 boxes distributed among 2 tasks...
  boundary condition = BC_DIRICHLET
  Decomposing level via Z-mort ordering... done
  Allocating vectors... done
  Calculating boxes per process... target=4.000, max=4
  Creating Poisson (a=0.000000, b=1.000000) test problem
  calculating D^{-1} exactly for level h=1.953125e-03 using  64 colors...  done (5.571375 seconds)

attempting to create a 256^3 level from 8 x 128^3 boxes distributed among 2 tasks...
  boundary condition = BC_DIRICHLET
  Decomposing level via Z-mort ordering... done
  Allocating vectors... done
  Calculating boxes per process... target=4.000, max=4

attempting to create a 128^3 level from 8 x 64^3 boxes distributed among 2 tasks...
  boundary condition = BC_DIRICHLET
  Decomposing level via Z-mort ordering... done
  Allocating vectors... done
  Calculating boxes per process... target=4.000, max=4

attempting to create a 64^3 level from 8 x 32^3 boxes distributed among 2 tasks...
  boundary condition = BC_DIRICHLET
  Decomposing level via Z-mort ordering... done
  Allocating vectors... done
  Calculating boxes per process... target=4.000, max=4

attempting to create a 32^3 level from 8 x 16^3 boxes distributed among 2 tasks...
  boundary condition = BC_DIRICHLET
  Decomposing level via Z-mort ordering... done
  Allocating vectors... done
  Calculating boxes per process... target=4.000, max=4

attempting to create a 16^3 level from 8 x 8^3 boxes distributed among 2 tasks...
  boundary condition = BC_DIRICHLET
  Decomposing level via Z-mort ordering... done
  Allocating vectors... done
  Calculating boxes per process... target=4.000, max=4

attempting to create a 8^3 level from 1 x 8^3 boxes distributed among 2 tasks...
  boundary condition = BC_DIRICHLET
  Decomposing level via Z-mort ordering... done
  Allocating vectors... done
  Calculating boxes per process... target=0.500, max=1

attempting to create a 4^3 level from 1 x 4^3 boxes distributed among 2 tasks...
  boundary condition = BC_DIRICHLET
  Decomposing level via Z-mort ordering... done
  Allocating vectors... done
  Calculating boxes per process... target=0.500, max=1

attempting to create a 2^3 level from 1 x 2^3 boxes distributed among 2 tasks...
  boundary condition = BC_DIRICHLET
  Decomposing level via Z-mort ordering... done
  Allocating vectors... done
  Calculating boxes per process... target=0.500, max=1

  Building restriction and interpolation lists... done

  Building MPI subcommunicator for level  1... done (0.000661 seconds)
  Building MPI subcommunicator for level  2... done (0.000362 seconds)
  Building MPI subcommunicator for level  3... done (0.000404 seconds)
  Building MPI subcommunicator for level  4... done (0.000353 seconds)
  Building MPI subcommunicator for level  5... done (0.000018 seconds)
  Building MPI subcommunicator for level  6... done (0.000029 seconds)
  Building MPI subcommunicator for level  7... done (0.000018 seconds)
  Building MPI subcommunicator for level  8... done (0.000016 seconds)

  calculating D^{-1} exactly for level h=3.906250e-03 using  64 colors...  done (0.954242 seconds)
  calculating D^{-1} exactly for level h=7.812500e-03 using  64 colors...  done (0.175944 seconds)
  calculating D^{-1} exactly for level h=1.562500e-02 using  64 colors...  done (0.036787 seconds)
  calculating D^{-1} exactly for level h=3.125000e-02 using  64 colors...  done (0.017148 seconds)
  calculating D^{-1} exactly for level h=6.250000e-02 using  64 colors...  done (0.013995 seconds)
  calculating D^{-1} exactly for level h=1.250000e-01 using  64 colors...  done (0.003047 seconds)
  calculating D^{-1} exactly for level h=2.500000e-01 using  64 colors...  done (0.002374 seconds)
  calculating D^{-1} exactly for level h=5.000000e-01 using   8 colors...  done (0.000305 seconds)



===== Warming up by running 1 solves ==========================================
FMGSolve... f-cycle     norm=4.151187824908527e-08  rel=4.153376389499612e-08  done (1.534351 seconds)


===== Running 10 solves ========================================================
FMGSolve... f-cycle     norm=4.151187824908527e-08  rel=4.153376389499612e-08  done (1.541184 seconds)
FMGSolve... f-cycle     norm=4.151187824908527e-08  rel=4.153376389499612e-08  done (1.541873 seconds)
FMGSolve... f-cycle     norm=4.151187824908527e-08  rel=4.153376389499612e-08  done (1.543007 seconds)
FMGSolve... f-cycle     norm=4.151187824908527e-08  rel=4.153376389499612e-08  done (1.546961 seconds)
FMGSolve... f-cycle     norm=4.151187824908527e-08  rel=4.153376389499612e-08  done (1.543163 seconds)
FMGSolve... f-cycle     norm=4.151187824908527e-08  rel=4.153376389499612e-08  done (1.525975 seconds)
FMGSolve... f-cycle     norm=4.151187824908527e-08  rel=4.153376389499612e-08  done (1.548881 seconds)
FMGSolve... f-cycle     norm=4.151187824908527e-08  rel=4.153376389499612e-08  done (1.543411 seconds)
FMGSolve... f-cycle     norm=4.151187824908527e-08  rel=4.153376389499612e-08  done (1.540802 seconds)
FMGSolve... f-cycle     norm=4.151187824908527e-08  rel=4.153376389499612e-08  done (1.504968 seconds)


===== Timing Breakdown =========================================================


level                                0            1            2            3            4            5            6            7            8 
level dimension                  512^3        256^3        128^3         64^3         32^3         16^3          8^3          4^3          2^3 
box dimension                    256^3        128^3         64^3         32^3         16^3          8^3          8^3          4^3          2^3        total
------------------        ------------ ------------ ------------ ------------ ------------ ------------ ------------ ------------ ------------ ------------ 
smooth                        0.763742     0.231947     0.050198     0.009802     0.003633     0.002619     0.000835     0.000172     0.000000     1.062948
  max                         0.763742     0.231947     0.050198     0.009802     0.003639     0.002619     0.000835     0.000172     0.000000     1.062955
  min                         0.756773     0.224671     0.048766     0.009783     0.003633     0.002604     0.000000     0.000000     0.000000     1.046230
residual                      0.134669     0.021641     0.004896     0.000962     0.000342     0.000222     0.000076     0.000018     0.000010     0.162836
applyOp                       0.000000     0.000000     0.000000     0.000000     0.000000     0.000000     0.000000     0.000000     0.000021     0.000021
BLAS1                         0.046142     0.001647     0.000431     0.000188     0.000154     0.000174     0.000012     0.000005     0.000045     0.048799
BLAS3                         0.000000     0.000000     0.000000     0.000000     0.000000     0.000000     0.000000     0.000000     0.000000     0.000000
Boundary Conditions           0.016216     0.009158     0.004226     0.002962     0.002782     0.003087     0.003418     0.003884     0.001471     0.047204
Restriction                   0.015638     0.003135     0.000572     0.000240     0.000225     0.000840     0.000012     0.000007     0.000000     0.020670
  local restriction           0.015635     0.003132     0.000569     0.000237     0.000222     0.000248     0.000009     0.000005     0.000000     0.020057
  pack MPI buffers            0.000000     0.000000     0.000000     0.000000     0.000000     0.000000     0.000000     0.000000     0.000000     0.000000
  unpack MPI buffers          0.000000     0.000000     0.000000     0.000000     0.000000     0.000256     0.000000     0.000000     0.000000     0.000256
  MPI_Isend                   0.000000     0.000000     0.000000     0.000000     0.000000     0.000000     0.000000     0.000000     0.000000     0.000000
  MPI_Irecv                   0.000000     0.000000     0.000000     0.000000     0.000000     0.000006     0.000000     0.000000     0.000000     0.000006
  MPI_Waitall                 0.000000     0.000000     0.000000     0.000000     0.000000     0.000327     0.000000     0.000000     0.000000     0.000327
Interpolation                 0.039639     0.007810     0.001358     0.000443     0.000236     0.000534     0.000030     0.000020     0.000000     0.050071
  local interpolation         0.039638     0.007809     0.001357     0.000441     0.000234     0.000246     0.000027     0.000016     0.000000     0.049769
  pack MPI buffers            0.000000     0.000000     0.000000     0.000000     0.000000     0.000243     0.000000     0.000000     0.000000     0.000243
  unpack MPI buffers          0.000000     0.000000     0.000000     0.000000     0.000000     0.000000     0.000000     0.000000     0.000000     0.000000
  MPI_Isend                   0.000000     0.000000     0.000000     0.000000     0.000000     0.000038     0.000000     0.000000     0.000000     0.000038
  MPI_Irecv                   0.000000     0.000000     0.000000     0.000000     0.000000     0.000000     0.000000     0.000000     0.000000     0.000000
  MPI_Waitall                 0.000000     0.000000     0.000000     0.000000     0.000000     0.000003     0.000000     0.000000     0.000000     0.000003
Ghost Zone Exchange           0.065302     0.043963     0.019343     0.009794     0.008398     0.009507     0.000010     0.000011     0.000003     0.156333
  local exchange              0.024466     0.013587     0.005321     0.002875     0.002572     0.002951     0.000000     0.000000     0.000000     0.051771
  pack MPI buffers            0.003703     0.005140     0.002163     0.002037     0.002470     0.002913     0.000000     0.000000     0.000000     0.018425
  unpack MPI buffers          0.003043     0.003169     0.002216     0.002077     0.002440     0.002897     0.000000     0.000000     0.000000     0.015842
  MPI_Isend                   0.014896     0.007422     0.002684     0.000519     0.000202     0.000093     0.000000     0.000000     0.000000     0.025816
  MPI_Irecv                   0.000054     0.000087     0.000047     0.000030     0.000034     0.000035     0.000000     0.000000     0.000000     0.000287
  MPI_Waitall                 0.019122     0.014526     0.006889     0.002236     0.000656     0.000587     0.000000     0.000000     0.000000     0.044016
MPI_collectives               0.001099     0.000000     0.000000     0.000000     0.000000     0.000000     0.000000     0.000000     0.000079     0.001178
------------------        ------------ ------------ ------------ ------------ ------------ ------------ ------------ ------------ ------------ ------------ 
Total by level                1.075692     0.315962     0.079944     0.024313     0.015918     0.016193     0.004445     0.004168     0.001347     1.537983

   Total time in MGBuild      1.281110 seconds
   Total time in MGSolve      1.538016 seconds
      number of v-cycles             1
Bottom solver iterations            16




===== Performance Summary ======================================================
  h=1.953125000000000e-03  DOF=1.342177280000000e+08  time=1.538016  DOF/s=8.727e+07  MPI=2  OMP=28


===== Richardson error analysis ================================================
FMGSolve... f-cycle     norm=4.151187824908527e-08  rel=4.153376389499612e-08  done (1.523486 seconds)
FMGSolve... f-cycle     norm=5.144231718379189e-07  rel=5.155086782761839e-07  done (0.276808 seconds)
FMGSolve... f-cycle     norm=7.454875268653183e-06  rel=7.517955872287669e-06  done (0.073062 seconds)
  h=1.953125000000000e-03  ||error||=9.221160354386249e-10
  order=4.011


===== Deallocating memory ======================================================
attempting to free the restriction and interpolation lists... done
attempting to free the     2^3 level... done
attempting to free the     4^3 level... done
attempting to free the     8^3 level... done
attempting to free the    16^3 level... done
attempting to free the    32^3 level... done
attempting to free the    64^3 level... done
attempting to free the   128^3 level... done
attempting to free the   256^3 level... done
attempting to free the   512^3 level... done


===== Done =====================================================================
