

********************************************************************************
***                            HPGMG-FV Benchmark                            ***
********************************************************************************
Requested MPI_THREAD_FUNNELED, got MPI_THREAD_FUNNELED
2 MPI Tasks of 28 threads


===== Benchmark setup ==========================================================

attempting to create a 512^3 level from 8 x 256^3 boxes distributed among 2 tasks...
  boundary condition = BC_DIRICHLET
  Decomposing level via Z-mort ordering... done
  Allocating vectors... done
  Calculating boxes per process... target=4.000, max=4
  Creating Poisson (a=0.000000, b=1.000000) test problem
  calculating D^{-1} exactly for level h=1.953125e-03 using  64 colors...  done (5.386917 seconds)

attempting to create a 256^3 level from 8 x 128^3 boxes distributed among 2 tasks...
  boundary condition = BC_DIRICHLET
  Decomposing level via Z-mort ordering... done
  Allocating vectors... done
  Calculating boxes per process... target=4.000, max=4

attempting to create a 128^3 level from 8 x 64^3 boxes distributed among 2 tasks...
  boundary condition = BC_DIRICHLET
  Decomposing level via Z-mort ordering... done
  Allocating vectors... done
  Calculating boxes per process... target=4.000, max=4

attempting to create a 64^3 level from 8 x 32^3 boxes distributed among 2 tasks...
  boundary condition = BC_DIRICHLET
  Decomposing level via Z-mort ordering... done
  Allocating vectors... done
  Calculating boxes per process... target=4.000, max=4

attempting to create a 32^3 level from 8 x 16^3 boxes distributed among 2 tasks...
  boundary condition = BC_DIRICHLET
  Decomposing level via Z-mort ordering... done
  Allocating vectors... done
  Calculating boxes per process... target=4.000, max=4

attempting to create a 16^3 level from 8 x 8^3 boxes distributed among 2 tasks...
  boundary condition = BC_DIRICHLET
  Decomposing level via Z-mort ordering... done
  Allocating vectors... done
  Calculating boxes per process... target=4.000, max=4

attempting to create a 8^3 level from 1 x 8^3 boxes distributed among 2 tasks...
  boundary condition = BC_DIRICHLET
  Decomposing level via Z-mort ordering... done
  Allocating vectors... done
  Calculating boxes per process... target=0.500, max=1

attempting to create a 4^3 level from 1 x 4^3 boxes distributed among 2 tasks...
  boundary condition = BC_DIRICHLET
  Decomposing level via Z-mort ordering... done
  Allocating vectors... done
  Calculating boxes per process... target=0.500, max=1

attempting to create a 2^3 level from 1 x 2^3 boxes distributed among 2 tasks...
  boundary condition = BC_DIRICHLET
  Decomposing level via Z-mort ordering... done
  Allocating vectors... done
  Calculating boxes per process... target=0.500, max=1

  Building restriction and interpolation lists... done

  Building MPI subcommunicator for level  1... done (0.000614 seconds)
  Building MPI subcommunicator for level  2... done (0.000432 seconds)
  Building MPI subcommunicator for level  3... done (0.000301 seconds)
  Building MPI subcommunicator for level  4... done (0.000332 seconds)
  Building MPI subcommunicator for level  5... done (0.000018 seconds)
  Building MPI subcommunicator for level  6... done (0.000027 seconds)
  Building MPI subcommunicator for level  7... done (0.000018 seconds)
  Building MPI subcommunicator for level  8... done (0.000015 seconds)

  calculating D^{-1} exactly for level h=3.906250e-03 using  64 colors...  done (0.926442 seconds)
  calculating D^{-1} exactly for level h=7.812500e-03 using  64 colors...  done (0.133299 seconds)
  calculating D^{-1} exactly for level h=1.562500e-02 using  64 colors...  done (0.029430 seconds)
  calculating D^{-1} exactly for level h=3.125000e-02 using  64 colors...  done (0.014464 seconds)
  calculating D^{-1} exactly for level h=6.250000e-02 using  64 colors...  done (0.013127 seconds)
  calculating D^{-1} exactly for level h=1.250000e-01 using  64 colors...  done (0.003151 seconds)
  calculating D^{-1} exactly for level h=2.500000e-01 using  64 colors...  done (0.002255 seconds)
  calculating D^{-1} exactly for level h=5.000000e-01 using   8 colors...  done (0.000272 seconds)



===== Warming up by running 1 solves ==========================================
FMGSolve... f-cycle     norm=4.151187824908527e-08  rel=4.153376389499612e-08  done (1.481309 seconds)


===== Running 10 solves ========================================================
FMGSolve... f-cycle     norm=4.151187824908527e-08  rel=4.153376389499612e-08  done (1.491682 seconds)
FMGSolve... f-cycle     norm=4.151187824908527e-08  rel=4.153376389499612e-08  done (1.487705 seconds)
FMGSolve... f-cycle     norm=4.151187824908527e-08  rel=4.153376389499612e-08  done (1.477300 seconds)
FMGSolve... f-cycle     norm=4.151187824908527e-08  rel=4.153376389499612e-08  done (1.476235 seconds)
FMGSolve... f-cycle     norm=4.151187824908527e-08  rel=4.153376389499612e-08  done (1.484618 seconds)
FMGSolve... f-cycle     norm=4.151187824908527e-08  rel=4.153376389499612e-08  done (1.495034 seconds)
FMGSolve... f-cycle     norm=4.151187824908527e-08  rel=4.153376389499612e-08  done (1.490727 seconds)
FMGSolve... f-cycle     norm=4.151187824908527e-08  rel=4.153376389499612e-08  done (1.481036 seconds)
FMGSolve... f-cycle     norm=4.151187824908527e-08  rel=4.153376389499612e-08  done (1.483173 seconds)
FMGSolve... f-cycle     norm=4.151187824908527e-08  rel=4.153376389499612e-08  done (1.476374 seconds)


===== Timing Breakdown =========================================================


level                                0            1            2            3            4            5            6            7            8 
level dimension                  512^3        256^3        128^3         64^3         32^3         16^3          8^3          4^3          2^3 
box dimension                    256^3        128^3         64^3         32^3         16^3          8^3          8^3          4^3          2^3        total
------------------        ------------ ------------ ------------ ------------ ------------ ------------ ------------ ------------ ------------ ------------ 
smooth                        0.755358     0.227975     0.039787     0.007416     0.002983     0.002265     0.000811     0.000160     0.000000     1.036755
  max                         0.755358     0.227975     0.039787     0.007416     0.003002     0.002276     0.000811     0.000160     0.000000     1.036785
  min                         0.754169     0.227581     0.039662     0.007340     0.002983     0.002265     0.000000     0.000000     0.000000     1.034000
residual                      0.129013     0.019834     0.003743     0.000720     0.000269     0.000191     0.000076     0.000017     0.000009     0.153871
applyOp                       0.000000     0.000000     0.000000     0.000000     0.000000     0.000000     0.000000     0.000000     0.000024     0.000024
BLAS1                         0.049052     0.001765     0.000411     0.000166     0.000130     0.000166     0.000012     0.000005     0.000042     0.051748
BLAS3                         0.000000     0.000000     0.000000     0.000000     0.000000     0.000000     0.000000     0.000000     0.000000     0.000000
Boundary Conditions           0.016101     0.008059     0.003566     0.002579     0.002370     0.002762     0.003126     0.003660     0.001391     0.043613
Restriction                   0.017415     0.003240     0.000513     0.000220     0.000214     0.000625     0.000011     0.000006     0.000000     0.022244
  local restriction           0.017412     0.003236     0.000510     0.000218     0.000212     0.000236     0.000009     0.000003     0.000000     0.021836
  pack MPI buffers            0.000000     0.000000     0.000000     0.000000     0.000000     0.000000     0.000000     0.000000     0.000000     0.000000
  unpack MPI buffers          0.000000     0.000000     0.000000     0.000000     0.000000     0.000232     0.000000     0.000000     0.000000     0.000232
  MPI_Isend                   0.000000     0.000000     0.000000     0.000000     0.000000     0.000000     0.000000     0.000000     0.000000     0.000000
  MPI_Irecv                   0.000000     0.000000     0.000000     0.000000     0.000000     0.000005     0.000000     0.000000     0.000000     0.000005
  MPI_Waitall                 0.000000     0.000000     0.000000     0.000000     0.000000     0.000148     0.000000     0.000000     0.000000     0.000148
Interpolation                 0.040322     0.007218     0.001037     0.000358     0.000218     0.000494     0.000027     0.000018     0.000000     0.049692
  local interpolation         0.040321     0.007216     0.001036     0.000357     0.000216     0.000230     0.000026     0.000015     0.000000     0.049417
  pack MPI buffers            0.000000     0.000000     0.000000     0.000000     0.000000     0.000227     0.000000     0.000000     0.000000     0.000227
  unpack MPI buffers          0.000000     0.000000     0.000000     0.000000     0.000000     0.000000     0.000000     0.000000     0.000000     0.000000
  MPI_Isend                   0.000000     0.000000     0.000000     0.000000     0.000000     0.000033     0.000000     0.000000     0.000000     0.000033
  MPI_Irecv                   0.000000     0.000000     0.000000     0.000000     0.000000     0.000000     0.000000     0.000000     0.000000     0.000000
  MPI_Waitall                 0.000000     0.000000     0.000000     0.000000     0.000000     0.000002     0.000000     0.000000     0.000000     0.000002
Ghost Zone Exchange           0.061429     0.037513     0.014691     0.008077     0.007669     0.008791     0.000008     0.000008     0.000004     0.138191
  local exchange              0.023381     0.011809     0.004200     0.002419     0.002214     0.002699     0.000000     0.000000     0.000000     0.046723
  pack MPI buffers            0.004386     0.006776     0.001808     0.001805     0.002274     0.002726     0.000000     0.000000     0.000000     0.019775
  unpack MPI buffers          0.003269     0.002230     0.001963     0.001833     0.002244     0.002736     0.000000     0.000000     0.000000     0.014276
  MPI_Isend                   0.014975     0.007467     0.002724     0.000499     0.000167     0.000071     0.000000     0.000000     0.000000     0.025904
  MPI_Irecv                   0.000053     0.000073     0.000040     0.000016     0.000015     0.000017     0.000000     0.000000     0.000000     0.000213
  MPI_Waitall                 0.015346     0.009126     0.003933     0.001486     0.000731     0.000516     0.000000     0.000000     0.000000     0.031138
MPI_collectives               0.000834     0.000000     0.000000     0.000000     0.000000     0.000000     0.000000     0.000000     0.000064     0.000898
------------------        ------------ ------------ ------------ ------------ ------------ ------------ ------------ ------------ ------------ ------------ 
Total by level                1.061580     0.302443     0.062983     0.019446     0.014014     0.014583     0.004116     0.003926     0.001257     1.484348

   Total time in MGBuild      1.200743 seconds
   Total time in MGSolve      1.484382 seconds
      number of v-cycles             1
Bottom solver iterations            16




===== Performance Summary ======================================================
  h=1.953125000000000e-03  DOF=1.342177280000000e+08  time=1.484382  DOF/s=9.042e+07  MPI=2  OMP=28


===== Richardson error analysis ================================================
FMGSolve... f-cycle     norm=4.151187824908527e-08  rel=4.153376389499612e-08  done (1.497785 seconds)
FMGSolve... f-cycle     norm=5.144231718379189e-07  rel=5.155086782761839e-07  done (0.260478 seconds)
FMGSolve... f-cycle     norm=7.454875268653183e-06  rel=7.517955872287669e-06  done (0.060710 seconds)
  h=1.953125000000000e-03  ||error||=9.221160354386249e-10
  order=4.011


===== Deallocating memory ======================================================
attempting to free the restriction and interpolation lists... done
attempting to free the     2^3 level... done
attempting to free the     4^3 level... done
attempting to free the     8^3 level... done
attempting to free the    16^3 level... done
attempting to free the    32^3 level... done
attempting to free the    64^3 level... done
attempting to free the   128^3 level... done
attempting to free the   256^3 level... done
attempting to free the   512^3 level... done


===== Done =====================================================================
