

********************************************************************************
***                            HPGMG-FV Benchmark                            ***
********************************************************************************
Requested MPI_THREAD_FUNNELED, got MPI_THREAD_FUNNELED
2 MPI Tasks of 28 threads


===== Benchmark setup ==========================================================

attempting to create a 512^3 level from 8 x 256^3 boxes distributed among 2 tasks...
  boundary condition = BC_DIRICHLET
  Decomposing level via Z-mort ordering... done
  Allocating vectors... done
  Calculating boxes per process... target=4.000, max=4
  Creating Poisson (a=0.000000, b=1.000000) test problem
  calculating D^{-1} exactly for level h=1.953125e-03 using  64 colors...  done (5.426625 seconds)

attempting to create a 256^3 level from 8 x 128^3 boxes distributed among 2 tasks...
  boundary condition = BC_DIRICHLET
  Decomposing level via Z-mort ordering... done
  Allocating vectors... done
  Calculating boxes per process... target=4.000, max=4

attempting to create a 128^3 level from 8 x 64^3 boxes distributed among 2 tasks...
  boundary condition = BC_DIRICHLET
  Decomposing level via Z-mort ordering... done
  Allocating vectors... done
  Calculating boxes per process... target=4.000, max=4

attempting to create a 64^3 level from 8 x 32^3 boxes distributed among 2 tasks...
  boundary condition = BC_DIRICHLET
  Decomposing level via Z-mort ordering... done
  Allocating vectors... done
  Calculating boxes per process... target=4.000, max=4

attempting to create a 32^3 level from 8 x 16^3 boxes distributed among 2 tasks...
  boundary condition = BC_DIRICHLET
  Decomposing level via Z-mort ordering... done
  Allocating vectors... done
  Calculating boxes per process... target=4.000, max=4

attempting to create a 16^3 level from 8 x 8^3 boxes distributed among 2 tasks...
  boundary condition = BC_DIRICHLET
  Decomposing level via Z-mort ordering... done
  Allocating vectors... done
  Calculating boxes per process... target=4.000, max=4

attempting to create a 8^3 level from 1 x 8^3 boxes distributed among 2 tasks...
  boundary condition = BC_DIRICHLET
  Decomposing level via Z-mort ordering... done
  Allocating vectors... done
  Calculating boxes per process... target=0.500, max=1

attempting to create a 4^3 level from 1 x 4^3 boxes distributed among 2 tasks...
  boundary condition = BC_DIRICHLET
  Decomposing level via Z-mort ordering... done
  Allocating vectors... done
  Calculating boxes per process... target=0.500, max=1

attempting to create a 2^3 level from 1 x 2^3 boxes distributed among 2 tasks...
  boundary condition = BC_DIRICHLET
  Decomposing level via Z-mort ordering... done
  Allocating vectors... done
  Calculating boxes per process... target=0.500, max=1

  Building restriction and interpolation lists... done

  Building MPI subcommunicator for level  1... done (0.000751 seconds)
  Building MPI subcommunicator for level  2... done (0.000080 seconds)
  Building MPI subcommunicator for level  3... done (0.000647 seconds)
  Building MPI subcommunicator for level  4... done (0.000051 seconds)
  Building MPI subcommunicator for level  5... done (0.000018 seconds)
  Building MPI subcommunicator for level  6... done (0.000024 seconds)
  Building MPI subcommunicator for level  7... done (0.000017 seconds)
  Building MPI subcommunicator for level  8... done (0.000016 seconds)

  calculating D^{-1} exactly for level h=3.906250e-03 using  64 colors...  done (0.919215 seconds)
  calculating D^{-1} exactly for level h=7.812500e-03 using  64 colors...  done (0.126159 seconds)
  calculating D^{-1} exactly for level h=1.562500e-02 using  64 colors...  done (0.026177 seconds)
  calculating D^{-1} exactly for level h=3.125000e-02 using  64 colors...  done (0.014347 seconds)
  calculating D^{-1} exactly for level h=6.250000e-02 using  64 colors...  done (0.012706 seconds)
  calculating D^{-1} exactly for level h=1.250000e-01 using  64 colors...  done (0.002725 seconds)
  calculating D^{-1} exactly for level h=2.500000e-01 using  64 colors...  done (0.002193 seconds)
  calculating D^{-1} exactly for level h=5.000000e-01 using   8 colors...  done (0.000260 seconds)



===== Warming up by running 1 solves ==========================================
FMGSolve... f-cycle     norm=4.151187824908527e-08  rel=4.153376389499612e-08  done (1.483640 seconds)


===== Running 10 solves ========================================================
FMGSolve... f-cycle     norm=4.151187824908527e-08  rel=4.153376389499612e-08  done (1.477802 seconds)
FMGSolve... f-cycle     norm=4.151187824908527e-08  rel=4.153376389499612e-08  done (1.481308 seconds)
FMGSolve... f-cycle     norm=4.151187824908527e-08  rel=4.153376389499612e-08  done (1.480635 seconds)
FMGSolve... f-cycle     norm=4.151187824908527e-08  rel=4.153376389499612e-08  done (1.479455 seconds)
FMGSolve... f-cycle     norm=4.151187824908527e-08  rel=4.153376389499612e-08  done (1.479658 seconds)
FMGSolve... f-cycle     norm=4.151187824908527e-08  rel=4.153376389499612e-08  done (1.477838 seconds)
FMGSolve... f-cycle     norm=4.151187824908527e-08  rel=4.153376389499612e-08  done (1.479451 seconds)
FMGSolve... f-cycle     norm=4.151187824908527e-08  rel=4.153376389499612e-08  done (1.481230 seconds)
FMGSolve... f-cycle     norm=4.151187824908527e-08  rel=4.153376389499612e-08  done (1.482154 seconds)
FMGSolve... f-cycle     norm=4.151187824908527e-08  rel=4.153376389499612e-08  done (1.482585 seconds)


===== Timing Breakdown =========================================================


level                                0            1            2            3            4            5            6            7            8 
level dimension                  512^3        256^3        128^3         64^3         32^3         16^3          8^3          4^3          2^3 
box dimension                    256^3        128^3         64^3         32^3         16^3          8^3          8^3          4^3          2^3        total
------------------        ------------ ------------ ------------ ------------ ------------ ------------ ------------ ------------ ------------ ------------ 
smooth                        0.760571     0.229510     0.038559     0.006846     0.002656     0.002210     0.000813     0.000161     0.000000     1.041327
  max                         0.760571     0.229510     0.038559     0.006846     0.002765     0.002210     0.000813     0.000161     0.000000     1.041436
  min                         0.759200     0.228408     0.038414     0.006772     0.002656     0.002190     0.000000     0.000000     0.000000     1.037640
residual                      0.128505     0.019778     0.003668     0.000665     0.000234     0.000184     0.000077     0.000016     0.000010     0.153136
applyOp                       0.000000     0.000000     0.000000     0.000000     0.000000     0.000000     0.000000     0.000000     0.000021     0.000021
BLAS1                         0.050493     0.001761     0.000394     0.000159     0.000130     0.000164     0.000012     0.000005     0.000040     0.053158
BLAS3                         0.000000     0.000000     0.000000     0.000000     0.000000     0.000000     0.000000     0.000000     0.000000     0.000000
Boundary Conditions           0.015885     0.007563     0.003308     0.002406     0.002276     0.002735     0.003112     0.003625     0.001368     0.042278
Restriction                   0.017838     0.003325     0.000497     0.000201     0.000206     0.000607     0.000011     0.000005     0.000000     0.022690
  local restriction           0.017835     0.003322     0.000494     0.000198     0.000204     0.000232     0.000008     0.000004     0.000000     0.022299
  pack MPI buffers            0.000000     0.000000     0.000000     0.000000     0.000000     0.000000     0.000000     0.000000     0.000000     0.000000
  unpack MPI buffers          0.000000     0.000000     0.000000     0.000000     0.000000     0.000233     0.000000     0.000000     0.000000     0.000233
  MPI_Isend                   0.000000     0.000000     0.000000     0.000000     0.000000     0.000000     0.000000     0.000000     0.000000     0.000000
  MPI_Irecv                   0.000000     0.000000     0.000000     0.000000     0.000000     0.000006     0.000000     0.000000     0.000000     0.000006
  MPI_Waitall                 0.000000     0.000000     0.000000     0.000000     0.000000     0.000134     0.000000     0.000000     0.000000     0.000134
Interpolation                 0.040299     0.006899     0.000941     0.000308     0.000210     0.000496     0.000026     0.000020     0.000000     0.049199
  local interpolation         0.040298     0.006897     0.000940     0.000307     0.000209     0.000233     0.000025     0.000018     0.000000     0.048927
  pack MPI buffers            0.000000     0.000000     0.000000     0.000000     0.000000     0.000225     0.000000     0.000000     0.000000     0.000225
  unpack MPI buffers          0.000000     0.000000     0.000000     0.000000     0.000000     0.000000     0.000000     0.000000     0.000000     0.000000
  MPI_Isend                   0.000000     0.000000     0.000000     0.000000     0.000000     0.000032     0.000000     0.000000     0.000000     0.000032
  MPI_Irecv                   0.000000     0.000000     0.000000     0.000000     0.000000     0.000000     0.000000     0.000000     0.000000     0.000000
  MPI_Waitall                 0.000000     0.000000     0.000000     0.000000     0.000000     0.000002     0.000000     0.000000     0.000000     0.000002
Ghost Zone Exchange           0.059826     0.034557     0.013120     0.007578     0.007312     0.008590     0.000007     0.000007     0.000004     0.131002
  local exchange              0.023308     0.011270     0.003788     0.002348     0.002140     0.002677     0.000000     0.000000     0.000000     0.045531
  pack MPI buffers            0.004543     0.006797     0.001717     0.001759     0.002276     0.002736     0.000000     0.000000     0.000000     0.019827
  unpack MPI buffers          0.003158     0.001938     0.001869     0.001789     0.002256     0.002729     0.000000     0.000000     0.000000     0.013739
  MPI_Isend                   0.015083     0.007425     0.002741     0.000508     0.000165     0.000067     0.000000     0.000000     0.000000     0.025989
  MPI_Irecv                   0.000050     0.000056     0.000036     0.000021     0.000012     0.000015     0.000000     0.000000     0.000000     0.000190
  MPI_Waitall                 0.013666     0.007047     0.002947     0.001136     0.000439     0.000338     0.000000     0.000000     0.000000     0.025572
MPI_collectives               0.000659     0.000000     0.000000     0.000000     0.000000     0.000000     0.000000     0.000000     0.000055     0.000714
------------------        ------------ ------------ ------------ ------------ ------------ ------------ ------------ ------------ ------------ ------------ 
Total by level                1.065399     0.300132     0.059876     0.018067     0.013196     0.014284     0.004101     0.003892     0.001222     1.480169

   Total time in MGBuild      1.182542 seconds
   Total time in MGSolve      1.480205 seconds
      number of v-cycles             1
Bottom solver iterations            16




===== Performance Summary ======================================================
  h=1.953125000000000e-03  DOF=1.342177280000000e+08  time=1.480205  DOF/s=9.068e+07  MPI=2  OMP=28


===== Richardson error analysis ================================================
FMGSolve... f-cycle     norm=4.151187824908527e-08  rel=4.153376389499612e-08  done (1.476413 seconds)
FMGSolve... f-cycle     norm=5.144231718379189e-07  rel=5.155086782761839e-07  done (0.254737 seconds)
FMGSolve... f-cycle     norm=7.454875268653183e-06  rel=7.517955872287669e-06  done (0.058254 seconds)
  h=1.953125000000000e-03  ||error||=9.221160354386249e-10
  order=4.011


===== Deallocating memory ======================================================
attempting to free the restriction and interpolation lists... done
attempting to free the     2^3 level... done
attempting to free the     4^3 level... done
attempting to free the     8^3 level... done
attempting to free the    16^3 level... done
attempting to free the    32^3 level... done
attempting to free the    64^3 level... done
attempting to free the   128^3 level... done
attempting to free the   256^3 level... done
attempting to free the   512^3 level... done


===== Done =====================================================================
