

********************************************************************************
***                            HPGMG-FV Benchmark                            ***
********************************************************************************
Requested MPI_THREAD_FUNNELED, got MPI_THREAD_FUNNELED
2 MPI Tasks of 28 threads


===== Benchmark setup ==========================================================

attempting to create a 512^3 level from 8 x 256^3 boxes distributed among 2 tasks...
  boundary condition = BC_DIRICHLET
  Decomposing level via Z-mort ordering... done
  Allocating vectors... done
  Calculating boxes per process... target=4.000, max=4
  Creating Poisson (a=0.000000, b=1.000000) test problem
  calculating D^{-1} exactly for level h=1.953125e-03 using  64 colors...  done (16.715850 seconds)

attempting to create a 256^3 level from 8 x 128^3 boxes distributed among 2 tasks...
  boundary condition = BC_DIRICHLET
  Decomposing level via Z-mort ordering... done
  Allocating vectors... done
  Calculating boxes per process... target=4.000, max=4

attempting to create a 128^3 level from 8 x 64^3 boxes distributed among 2 tasks...
  boundary condition = BC_DIRICHLET
  Decomposing level via Z-mort ordering... done
  Allocating vectors... done
  Calculating boxes per process... target=4.000, max=4

attempting to create a 64^3 level from 8 x 32^3 boxes distributed among 2 tasks...
  boundary condition = BC_DIRICHLET
  Decomposing level via Z-mort ordering... done
  Allocating vectors... done
  Calculating boxes per process... target=4.000, max=4

attempting to create a 32^3 level from 8 x 16^3 boxes distributed among 2 tasks...
  boundary condition = BC_DIRICHLET
  Decomposing level via Z-mort ordering... done
  Allocating vectors... done
  Calculating boxes per process... target=4.000, max=4

attempting to create a 16^3 level from 8 x 8^3 boxes distributed among 2 tasks...
  boundary condition = BC_DIRICHLET
  Decomposing level via Z-mort ordering... done
  Allocating vectors... done
  Calculating boxes per process... target=4.000, max=4

attempting to create a 8^3 level from 1 x 8^3 boxes distributed among 2 tasks...
  boundary condition = BC_DIRICHLET
  Decomposing level via Z-mort ordering... done
  Allocating vectors... done
  Calculating boxes per process... target=0.500, max=1

attempting to create a 4^3 level from 1 x 4^3 boxes distributed among 2 tasks...
  boundary condition = BC_DIRICHLET
  Decomposing level via Z-mort ordering... done
  Allocating vectors... done
  Calculating boxes per process... target=0.500, max=1

attempting to create a 2^3 level from 1 x 2^3 boxes distributed among 2 tasks...
  boundary condition = BC_DIRICHLET
  Decomposing level via Z-mort ordering... done
  Allocating vectors... done
  Calculating boxes per process... target=0.500, max=1

  Building restriction and interpolation lists... done

  Building MPI subcommunicator for level  1... done (0.000596 seconds)
  Building MPI subcommunicator for level  2... done (0.000076 seconds)
  Building MPI subcommunicator for level  3... done (0.000258 seconds)
  Building MPI subcommunicator for level  4... done (0.000241 seconds)
  Building MPI subcommunicator for level  5... done (0.000017 seconds)
  Building MPI subcommunicator for level  6... done (0.000023 seconds)
  Building MPI subcommunicator for level  7... done (0.000017 seconds)
  Building MPI subcommunicator for level  8... done (0.000015 seconds)

  calculating D^{-1} exactly for level h=3.906250e-03 using  64 colors...  done (3.054351 seconds)
  calculating D^{-1} exactly for level h=7.812500e-03 using  64 colors...  done (0.430565 seconds)
  calculating D^{-1} exactly for level h=1.562500e-02 using  64 colors...  done (0.082777 seconds)
  calculating D^{-1} exactly for level h=3.125000e-02 using  64 colors...  done (0.032756 seconds)
  calculating D^{-1} exactly for level h=6.250000e-02 using  64 colors...  done (0.025432 seconds)
  calculating D^{-1} exactly for level h=1.250000e-01 using  64 colors...  done (0.004774 seconds)
  calculating D^{-1} exactly for level h=2.500000e-01 using  64 colors...  done (0.004073 seconds)
  calculating D^{-1} exactly for level h=5.000000e-01 using   8 colors...  done (0.000483 seconds)



===== Warming up by running 1 solves ==========================================
FMGSolve... f-cycle     norm=4.151187824908527e-08  rel=4.153376389499612e-08  done (4.853505 seconds)


===== Running 10 solves ========================================================
FMGSolve... f-cycle     norm=4.151187824908527e-08  rel=4.153376389499612e-08  done (4.858489 seconds)
FMGSolve... f-cycle     norm=4.151187824908527e-08  rel=4.153376389499612e-08  done (4.854883 seconds)
FMGSolve... f-cycle     norm=4.151187824908527e-08  rel=4.153376389499612e-08  done (4.902653 seconds)
FMGSolve... f-cycle     norm=4.151187824908527e-08  rel=4.153376389499612e-08  done (4.887309 seconds)
FMGSolve... f-cycle     norm=4.151187824908527e-08  rel=4.153376389499612e-08  done (4.867514 seconds)
FMGSolve... f-cycle     norm=4.151187824908527e-08  rel=4.153376389499612e-08  done (4.872503 seconds)
FMGSolve... f-cycle     norm=4.151187824908527e-08  rel=4.153376389499612e-08  done (4.881038 seconds)
FMGSolve... f-cycle     norm=4.151187824908527e-08  rel=4.153376389499612e-08  done (4.854374 seconds)
FMGSolve... f-cycle     norm=4.151187824908527e-08  rel=4.153376389499612e-08  done (4.870681 seconds)
FMGSolve... f-cycle     norm=4.151187824908527e-08  rel=4.153376389499612e-08  done (4.854918 seconds)


===== Timing Breakdown =========================================================


level                                0            1            2            3            4            5            6            7            8 
level dimension                  512^3        256^3        128^3         64^3         32^3         16^3          8^3          4^3          2^3 
box dimension                    256^3        128^3         64^3         32^3         16^3          8^3          8^3          4^3          2^3        total
------------------        ------------ ------------ ------------ ------------ ------------ ------------ ------------ ------------ ------------ ------------ 
smooth                        2.691713     0.735630     0.141071     0.025837     0.007779     0.005309     0.000823     0.000179     0.000000     3.608341
  max                         2.691713     0.735630     0.141071     0.025837     0.007779     0.005377     0.000823     0.000179     0.000000     3.608409
  min                         2.631799     0.721075     0.138636     0.025646     0.007746     0.005309     0.000000     0.000000     0.000000     3.530211
residual                      0.527268     0.073051     0.014546     0.002637     0.000736     0.000447     0.000077     0.000019     0.000009     0.618790
applyOp                       0.000000     0.000000     0.000000     0.000000     0.000000     0.000000     0.000000     0.000000     0.000020     0.000020
BLAS1                         0.099436     0.002850     0.000998     0.000424     0.000310     0.000310     0.000012     0.000006     0.000049     0.104394
BLAS3                         0.000000     0.000000     0.000000     0.000000     0.000000     0.000000     0.000000     0.000000     0.000000     0.000000
Boundary Conditions           0.039893     0.022428     0.008947     0.005666     0.005109     0.005517     0.006113     0.006834     0.002568     0.103075
Restriction                   0.033895     0.006871     0.001248     0.000433     0.000402     0.001329     0.000012     0.000008     0.000000     0.044198
  local restriction           0.033893     0.006869     0.001244     0.000431     0.000399     0.000434     0.000009     0.000005     0.000000     0.043284
  pack MPI buffers            0.000000     0.000000     0.000000     0.000000     0.000000     0.000000     0.000000     0.000000     0.000000     0.000000
  unpack MPI buffers          0.000000     0.000000     0.000000     0.000000     0.000000     0.000429     0.000000     0.000000     0.000000     0.000429
  MPI_Isend                   0.000000     0.000000     0.000000     0.000000     0.000000     0.000000     0.000000     0.000000     0.000000     0.000000
  MPI_Irecv                   0.000000     0.000000     0.000000     0.000000     0.000000     0.000007     0.000000     0.000000     0.000000     0.000007
  MPI_Waitall                 0.000000     0.000000     0.000000     0.000000     0.000000     0.000455     0.000000     0.000000     0.000000     0.000455
Interpolation                 0.127301     0.021752     0.003599     0.000910     0.000510     0.000911     0.000030     0.000021     0.000000     0.155033
  local interpolation         0.127299     0.021750     0.003597     0.000909     0.000508     0.000440     0.000028     0.000018     0.000000     0.154550
  pack MPI buffers            0.000000     0.000000     0.000000     0.000000     0.000000     0.000432     0.000000     0.000000     0.000000     0.000432
  unpack MPI buffers          0.000000     0.000000     0.000000     0.000000     0.000000     0.000000     0.000000     0.000000     0.000000     0.000000
  MPI_Isend                   0.000000     0.000000     0.000000     0.000000     0.000000     0.000032     0.000000     0.000000     0.000000     0.000032
  MPI_Irecv                   0.000000     0.000000     0.000000     0.000000     0.000000     0.000000     0.000000     0.000000     0.000000     0.000000
  MPI_Waitall                 0.000000     0.000000     0.000000     0.000000     0.000000     0.000002     0.000000     0.000000     0.000000     0.000002
Ghost Zone Exchange           0.114214     0.064651     0.027628     0.016216     0.015054     0.016515     0.000010     0.000008     0.000003     0.254300
  local exchange              0.076020     0.038630     0.012548     0.006439     0.005194     0.005347     0.000000     0.000000     0.000000     0.144178
  pack MPI buffers            0.005365     0.004742     0.003721     0.003764     0.004442     0.005210     0.000000     0.000000     0.000000     0.027243
  unpack MPI buffers          0.004819     0.004305     0.003640     0.003723     0.004385     0.005120     0.000000     0.000000     0.000000     0.025992
  MPI_Isend                   0.015159     0.007183     0.002670     0.000494     0.000185     0.000097     0.000000     0.000000     0.000000     0.025788
  MPI_Irecv                   0.000046     0.000061     0.000051     0.000023     0.000026     0.000028     0.000000     0.000000     0.000000     0.000234
  MPI_Waitall                 0.012785     0.009704     0.004975     0.001745     0.000794     0.000683     0.000000     0.000000     0.000000     0.030686
MPI_collectives               0.001076     0.000000     0.000000     0.000000     0.000000     0.000000     0.000000     0.000000     0.000076     0.001152
------------------        ------------ ------------ ------------ ------------ ------------ ------------ ------------ ------------ ------------ ------------ 
Total by level                3.624827     0.921680     0.196483     0.051919     0.030047     0.028925     0.007149     0.007172     0.002197     4.870400

   Total time in MGBuild      3.772990 seconds
   Total time in MGSolve      4.870430 seconds
      number of v-cycles             1
Bottom solver iterations            16




===== Performance Summary ======================================================
  h=1.953125000000000e-03  DOF=1.342177280000000e+08  time=4.870430  DOF/s=2.756e+07  MPI=2  OMP=28


===== Richardson error analysis ================================================
FMGSolve... f-cycle     norm=4.151187824908527e-08  rel=4.153376389499612e-08  done (4.930888 seconds)
FMGSolve... f-cycle     norm=5.144231718379189e-07  rel=5.155086782761839e-07  done (0.761191 seconds)
FMGSolve... f-cycle     norm=7.454875268653183e-06  rel=7.517955872287669e-06  done (0.153698 seconds)
  h=1.953125000000000e-03  ||error||=9.221160354386249e-10
  order=4.011


===== Deallocating memory ======================================================
attempting to free the restriction and interpolation lists... done
attempting to free the     2^3 level... done
attempting to free the     4^3 level... done
attempting to free the     8^3 level... done
attempting to free the    16^3 level... done
attempting to free the    32^3 level... done
attempting to free the    64^3 level... done
attempting to free the   128^3 level... done
attempting to free the   256^3 level... done
attempting to free the   512^3 level... done


===== Done =====================================================================
