=============================================================
# of xstreams:             68
# of threads:              680
# of repeats:              11
Use pthread:               false
Preemption:                Off
# of iterations:           5000000
=============================================================

Iteration 0 started...  [elapsed] 809676174 nsec
Iteration 1 started...  [elapsed] 810130058 nsec
Iteration 2 started...  [elapsed] 810131498 nsec
Iteration 3 started...  [elapsed] 811315467 nsec
Iteration 4 started...  [elapsed] 811465772 nsec
Iteration 5 started...  [elapsed] 811404322 nsec
Iteration 6 started...  [elapsed] 811702458 nsec
Iteration 7 started...  [elapsed] 811503167 nsec
Iteration 8 started...  [elapsed] 811393570 nsec
Iteration 9 started...  [elapsed] 811061931 nsec
Iteration 10 started...  [elapsed] 811614291 nsec
success!
