=============================================================
# of xstreams:             68
# of threads:              680
# of repeats:              11
Use pthread:               false
Preemption:                Off
# of iterations:           5000000
=============================================================

Iteration 0 started...  [elapsed] 810032304 nsec
Iteration 1 started...  [elapsed] 810229992 nsec
Iteration 2 started...  [elapsed] 810771772 nsec
Iteration 3 started...  [elapsed] 811728812 nsec
Iteration 4 started...  [elapsed] 811498329 nsec
Iteration 5 started...  [elapsed] 811400736 nsec
Iteration 6 started...  [elapsed] 811385549 nsec
Iteration 7 started...  [elapsed] 811530680 nsec
Iteration 8 started...  [elapsed] 811410238 nsec
Iteration 9 started...  [elapsed] 811340757 nsec
Iteration 10 started...  [elapsed] 811291709 nsec
success!
