=============================================================
# of xstreams:             68
# of threads:              680
# of repeats:              11
Use pthread:               false
Preemption:                Off
# of iterations:           5000000
=============================================================

Iteration 0 started...  [elapsed] 809884490 nsec
Iteration 1 started...  [elapsed] 810288231 nsec
Iteration 2 started...  [elapsed] 810209223 nsec
Iteration 3 started...  [elapsed] 811351403 nsec
Iteration 4 started...  [elapsed] 811368362 nsec
Iteration 5 started...  [elapsed] 811523653 nsec
Iteration 6 started...  [elapsed] 811624366 nsec
Iteration 7 started...  [elapsed] 811374560 nsec
Iteration 8 started...  [elapsed] 811419696 nsec
Iteration 9 started...  [elapsed] 811375265 nsec
Iteration 10 started...  [elapsed] 811307237 nsec
success!
