=============================================================
# of xstreams:             68
# of threads:              680
# of repeats:              11
Use pthread:               false
Preemption:                Off
# of iterations:           5000000
=============================================================

Iteration 0 started...  [elapsed] 810211039 nsec
Iteration 1 started...  [elapsed] 810148020 nsec
Iteration 2 started...  [elapsed] 810140496 nsec
Iteration 3 started...  [elapsed] 811598423 nsec
Iteration 4 started...  [elapsed] 811300391 nsec
Iteration 5 started...  [elapsed] 811309161 nsec
Iteration 6 started...  [elapsed] 811475157 nsec
Iteration 7 started...  [elapsed] 811508064 nsec
Iteration 8 started...  [elapsed] 811186060 nsec
Iteration 9 started...  [elapsed] 811530010 nsec
Iteration 10 started...  [elapsed] 811245426 nsec
success!
