=============================================================
# of xstreams:             68
# of threads:              680
# of repeats:              11
Use pthread:               false
Preemption:                Off
# of iterations:           5000000
=============================================================

Iteration 0 started...  [elapsed] 809855405 nsec
Iteration 1 started...  [elapsed] 810303467 nsec
Iteration 2 started...  [elapsed] 810137511 nsec
Iteration 3 started...  [elapsed] 811262802 nsec
Iteration 4 started...  [elapsed] 811389233 nsec
Iteration 5 started...  [elapsed] 811419104 nsec
Iteration 6 started...  [elapsed] 811318980 nsec
Iteration 7 started...  [elapsed] 811568661 nsec
Iteration 8 started...  [elapsed] 811294959 nsec
Iteration 9 started...  [elapsed] 811534892 nsec
Iteration 10 started...  [elapsed] 811411946 nsec
success!
