=============================================================
# of xstreams:             68
# of threads:              680
# of repeats:              11
Use pthread:               false
Preemption:                Off
# of iterations:           5000000
=============================================================

Iteration 0 started...  [elapsed] 810380809 nsec
Iteration 1 started...  [elapsed] 810216802 nsec
Iteration 2 started...  [elapsed] 810553087 nsec
Iteration 3 started...  [elapsed] 811284287 nsec
Iteration 4 started...  [elapsed] 811511625 nsec
Iteration 5 started...  [elapsed] 811397149 nsec
Iteration 6 started...  [elapsed] 811543332 nsec
Iteration 7 started...  [elapsed] 811542273 nsec
Iteration 8 started...  [elapsed] 811471619 nsec
Iteration 9 started...  [elapsed] 811691598 nsec
Iteration 10 started...  [elapsed] 811198852 nsec
success!
