=============================================================
# of xstreams:             68
# of threads:              680
# of repeats:              11
Use pthread:               false
Preemption:                Off
# of iterations:           5000000
=============================================================

Iteration 0 started...  [elapsed] 810460660 nsec
Iteration 1 started...  [elapsed] 810233321 nsec
Iteration 2 started...  [elapsed] 810147790 nsec
Iteration 3 started...  [elapsed] 811171862 nsec
Iteration 4 started...  [elapsed] 811395653 nsec
Iteration 5 started...  [elapsed] 812306247 nsec
Iteration 6 started...  [elapsed] 811567325 nsec
Iteration 7 started...  [elapsed] 811353984 nsec
Iteration 8 started...  [elapsed] 811410763 nsec
Iteration 9 started...  [elapsed] 811316587 nsec
Iteration 10 started...  [elapsed] 811385833 nsec
success!
