=============================================================
# of threads:                    14
# of timers:                     1
# of preemption for each thread: 1000
Interval time of preemption:     1000000 nsec
Managed timer:                   false
Sync timer:                      false
Chain wake-up:                   true
Thread timer:                    false
Use timerfd:                     false
=============================================================

[rank 0]
  # of preemption:                            1000
  Average interval time of preemption:        999992 nsec
  Average time to call a signal handler:      4448 nsec
  Average time to return to a normal context: 801 nsec

[rank 1]
  # of preemption:                            1000
  Average interval time of preemption:        999985 nsec
  Average time to call a signal handler:      2502 nsec
  Average time to return to a normal context: 812 nsec

[rank 2]
  # of preemption:                            1000
  Average interval time of preemption:        999980 nsec
  Average time to call a signal handler:      2595 nsec
  Average time to return to a normal context: 869 nsec

[rank 3]
  # of preemption:                            1000
  Average interval time of preemption:        999976 nsec
  Average time to call a signal handler:      2642 nsec
  Average time to return to a normal context: 803 nsec

[rank 4]
  # of preemption:                            1000
  Average interval time of preemption:        999972 nsec
  Average time to call a signal handler:      2364 nsec
  Average time to return to a normal context: 840 nsec

[rank 5]
  # of preemption:                            1000
  Average interval time of preemption:        999968 nsec
  Average time to call a signal handler:      2430 nsec
  Average time to return to a normal context: 857 nsec

[rank 6]
  # of preemption:                            1000
  Average interval time of preemption:        999963 nsec
  Average time to call a signal handler:      2555 nsec
  Average time to return to a normal context: 864 nsec

[rank 7]
  # of preemption:                            1000
  Average interval time of preemption:        999958 nsec
  Average time to call a signal handler:      2530 nsec
  Average time to return to a normal context: 825 nsec

[rank 8]
  # of preemption:                            1000
  Average interval time of preemption:        999953 nsec
  Average time to call a signal handler:      2513 nsec
  Average time to return to a normal context: 821 nsec

[rank 9]
  # of preemption:                            1000
  Average interval time of preemption:        999948 nsec
  Average time to call a signal handler:      2557 nsec
  Average time to return to a normal context: 807 nsec

[rank 10]
  # of preemption:                            1000
  Average interval time of preemption:        999943 nsec
  Average time to call a signal handler:      2549 nsec
  Average time to return to a normal context: 798 nsec

[rank 11]
  # of preemption:                            1000
  Average interval time of preemption:        999939 nsec
  Average time to call a signal handler:      2519 nsec
  Average time to return to a normal context: 810 nsec

[rank 12]
  # of preemption:                            1000
  Average interval time of preemption:        999933 nsec
  Average time to call a signal handler:      2450 nsec
  Average time to return to a normal context: 820 nsec

[rank 13]
  # of preemption:                            1000
  Average interval time of preemption:        999931 nsec
  Average time to call a signal handler:      1617 nsec
  Average time to return to a normal context: 853 nsec

[Total]
  # of preemption:                            14000
  Average interval time of preemption:        999960 nsec
  Average time to call a signal handler:      2590 nsec
  Average time to return to a normal context: 827 nsec

