=============================================================
# of threads:                    14
# of timers:                     1
# of preemption for each thread: 1000
Interval time of preemption:     1000000 nsec
Managed timer:                   false
Sync timer:                      false
Chain wake-up:                   true
Thread timer:                    false
Use timerfd:                     false
=============================================================

[rank 0]
  # of preemption:                            1000
  Average interval time of preemption:        999992 nsec
  Average time to call a signal handler:      4424 nsec
  Average time to return to a normal context: 814 nsec

[rank 1]
  # of preemption:                            1000
  Average interval time of preemption:        999986 nsec
  Average time to call a signal handler:      2596 nsec
  Average time to return to a normal context: 834 nsec

[rank 2]
  # of preemption:                            1000
  Average interval time of preemption:        999982 nsec
  Average time to call a signal handler:      2502 nsec
  Average time to return to a normal context: 928 nsec

[rank 3]
  # of preemption:                            1000
  Average interval time of preemption:        999978 nsec
  Average time to call a signal handler:      2517 nsec
  Average time to return to a normal context: 795 nsec

[rank 4]
  # of preemption:                            1000
  Average interval time of preemption:        999974 nsec
  Average time to call a signal handler:      2475 nsec
  Average time to return to a normal context: 816 nsec

[rank 5]
  # of preemption:                            1000
  Average interval time of preemption:        999969 nsec
  Average time to call a signal handler:      2478 nsec
  Average time to return to a normal context: 810 nsec

[rank 6]
  # of preemption:                            1000
  Average interval time of preemption:        999964 nsec
  Average time to call a signal handler:      2459 nsec
  Average time to return to a normal context: 838 nsec

[rank 7]
  # of preemption:                            1000
  Average interval time of preemption:        999959 nsec
  Average time to call a signal handler:      2517 nsec
  Average time to return to a normal context: 825 nsec

[rank 8]
  # of preemption:                            1000
  Average interval time of preemption:        999955 nsec
  Average time to call a signal handler:      2483 nsec
  Average time to return to a normal context: 843 nsec

[rank 9]
  # of preemption:                            1000
  Average interval time of preemption:        999950 nsec
  Average time to call a signal handler:      2479 nsec
  Average time to return to a normal context: 837 nsec

[rank 10]
  # of preemption:                            1000
  Average interval time of preemption:        999946 nsec
  Average time to call a signal handler:      2494 nsec
  Average time to return to a normal context: 837 nsec

[rank 11]
  # of preemption:                            1000
  Average interval time of preemption:        999941 nsec
  Average time to call a signal handler:      2422 nsec
  Average time to return to a normal context: 830 nsec

[rank 12]
  # of preemption:                            1000
  Average interval time of preemption:        999936 nsec
  Average time to call a signal handler:      2478 nsec
  Average time to return to a normal context: 848 nsec

[rank 13]
  # of preemption:                            1000
  Average interval time of preemption:        999934 nsec
  Average time to call a signal handler:      1630 nsec
  Average time to return to a normal context: 844 nsec

[Total]
  # of preemption:                            14000
  Average interval time of preemption:        999961 nsec
  Average time to call a signal handler:      2568 nsec
  Average time to return to a normal context: 835 nsec

