=============================================================
# of threads:                    14
# of timers:                     1
# of preemption for each thread: 1000
Interval time of preemption:     1000000 nsec
Managed timer:                   false
Sync timer:                      false
Chain wake-up:                   true
Thread timer:                    false
Use timerfd:                     false
=============================================================

[rank 0]
  # of preemption:                            1000
  Average interval time of preemption:        998992 nsec
  Average time to call a signal handler:      4098 nsec
  Average time to return to a normal context: 816 nsec

[rank 1]
  # of preemption:                            1000
  Average interval time of preemption:        998986 nsec
  Average time to call a signal handler:      2527 nsec
  Average time to return to a normal context: 826 nsec

[rank 2]
  # of preemption:                            1000
  Average interval time of preemption:        998982 nsec
  Average time to call a signal handler:      2519 nsec
  Average time to return to a normal context: 834 nsec

[rank 3]
  # of preemption:                            1000
  Average interval time of preemption:        998978 nsec
  Average time to call a signal handler:      2542 nsec
  Average time to return to a normal context: 803 nsec

[rank 4]
  # of preemption:                            1000
  Average interval time of preemption:        998974 nsec
  Average time to call a signal handler:      2392 nsec
  Average time to return to a normal context: 841 nsec

[rank 5]
  # of preemption:                            1000
  Average interval time of preemption:        998969 nsec
  Average time to call a signal handler:      2534 nsec
  Average time to return to a normal context: 834 nsec

[rank 6]
  # of preemption:                            1000
  Average interval time of preemption:        998964 nsec
  Average time to call a signal handler:      2467 nsec
  Average time to return to a normal context: 848 nsec

[rank 7]
  # of preemption:                            1000
  Average interval time of preemption:        998959 nsec
  Average time to call a signal handler:      2530 nsec
  Average time to return to a normal context: 823 nsec

[rank 8]
  # of preemption:                            1000
  Average interval time of preemption:        998954 nsec
  Average time to call a signal handler:      2415 nsec
  Average time to return to a normal context: 815 nsec

[rank 9]
  # of preemption:                            1000
  Average interval time of preemption:        998950 nsec
  Average time to call a signal handler:      2425 nsec
  Average time to return to a normal context: 811 nsec

[rank 10]
  # of preemption:                            1000
  Average interval time of preemption:        998947 nsec
  Average time to call a signal handler:      2505 nsec
  Average time to return to a normal context: 840 nsec

[rank 11]
  # of preemption:                            1000
  Average interval time of preemption:        998942 nsec
  Average time to call a signal handler:      2362 nsec
  Average time to return to a normal context: 807 nsec

[rank 12]
  # of preemption:                            1000
  Average interval time of preemption:        998937 nsec
  Average time to call a signal handler:      2424 nsec
  Average time to return to a normal context: 824 nsec

[rank 13]
  # of preemption:                            1000
  Average interval time of preemption:        998936 nsec
  Average time to call a signal handler:      1486 nsec
  Average time to return to a normal context: 828 nsec

[Total]
  # of preemption:                            14000
  Average interval time of preemption:        998962 nsec
  Average time to call a signal handler:      2516 nsec
  Average time to return to a normal context: 825 nsec

