=============================================================
# of threads:                    14
# of timers:                     1
# of preemption for each thread: 1000
Interval time of preemption:     1000000 nsec
Managed timer:                   false
Sync timer:                      false
Chain wake-up:                   true
Thread timer:                    false
Use timerfd:                     false
=============================================================

[rank 0]
  # of preemption:                            1000
  Average interval time of preemption:        998992 nsec
  Average time to call a signal handler:      4235 nsec
  Average time to return to a normal context: 818 nsec

[rank 1]
  # of preemption:                            1000
  Average interval time of preemption:        998987 nsec
  Average time to call a signal handler:      2569 nsec
  Average time to return to a normal context: 805 nsec

[rank 2]
  # of preemption:                            1000
  Average interval time of preemption:        998981 nsec
  Average time to call a signal handler:      2553 nsec
  Average time to return to a normal context: 874 nsec

[rank 3]
  # of preemption:                            1000
  Average interval time of preemption:        998978 nsec
  Average time to call a signal handler:      2487 nsec
  Average time to return to a normal context: 801 nsec

[rank 4]
  # of preemption:                            1000
  Average interval time of preemption:        998974 nsec
  Average time to call a signal handler:      2390 nsec
  Average time to return to a normal context: 832 nsec

[rank 5]
  # of preemption:                            1000
  Average interval time of preemption:        998970 nsec
  Average time to call a signal handler:      2525 nsec
  Average time to return to a normal context: 845 nsec

[rank 6]
  # of preemption:                            1000
  Average interval time of preemption:        998965 nsec
  Average time to call a signal handler:      2503 nsec
  Average time to return to a normal context: 861 nsec

[rank 7]
  # of preemption:                            1000
  Average interval time of preemption:        998960 nsec
  Average time to call a signal handler:      2471 nsec
  Average time to return to a normal context: 849 nsec

[rank 8]
  # of preemption:                            1000
  Average interval time of preemption:        998956 nsec
  Average time to call a signal handler:      2410 nsec
  Average time to return to a normal context: 842 nsec

[rank 9]
  # of preemption:                            1000
  Average interval time of preemption:        998951 nsec
  Average time to call a signal handler:      2437 nsec
  Average time to return to a normal context: 806 nsec

[rank 10]
  # of preemption:                            1000
  Average interval time of preemption:        998947 nsec
  Average time to call a signal handler:      2487 nsec
  Average time to return to a normal context: 822 nsec

[rank 11]
  # of preemption:                            1000
  Average interval time of preemption:        998943 nsec
  Average time to call a signal handler:      2488 nsec
  Average time to return to a normal context: 816 nsec

[rank 12]
  # of preemption:                            1000
  Average interval time of preemption:        998938 nsec
  Average time to call a signal handler:      2505 nsec
  Average time to return to a normal context: 844 nsec

[rank 13]
  # of preemption:                            1000
  Average interval time of preemption:        998936 nsec
  Average time to call a signal handler:      1552 nsec
  Average time to return to a normal context: 839 nsec

[Total]
  # of preemption:                            14000
  Average interval time of preemption:        998962 nsec
  Average time to call a signal handler:      2543 nsec
  Average time to return to a normal context: 832 nsec

