=============================================================
# of threads:                    14
# of timers:                     1
# of preemption for each thread: 1000
Interval time of preemption:     1000000 nsec
Managed timer:                   false
Sync timer:                      false
Chain wake-up:                   true
Thread timer:                    false
Use timerfd:                     false
=============================================================

[rank 0]
  # of preemption:                            1000
  Average interval time of preemption:        998991 nsec
  Average time to call a signal handler:      4176 nsec
  Average time to return to a normal context: 810 nsec

[rank 1]
  # of preemption:                            1000
  Average interval time of preemption:        998985 nsec
  Average time to call a signal handler:      2513 nsec
  Average time to return to a normal context: 867 nsec

[rank 2]
  # of preemption:                            1000
  Average interval time of preemption:        998981 nsec
  Average time to call a signal handler:      2462 nsec
  Average time to return to a normal context: 917 nsec

[rank 3]
  # of preemption:                            1000
  Average interval time of preemption:        998978 nsec
  Average time to call a signal handler:      2507 nsec
  Average time to return to a normal context: 818 nsec

[rank 4]
  # of preemption:                            1000
  Average interval time of preemption:        998973 nsec
  Average time to call a signal handler:      2496 nsec
  Average time to return to a normal context: 817 nsec

[rank 5]
  # of preemption:                            1000
  Average interval time of preemption:        998969 nsec
  Average time to call a signal handler:      2433 nsec
  Average time to return to a normal context: 818 nsec

[rank 6]
  # of preemption:                            1000
  Average interval time of preemption:        998964 nsec
  Average time to call a signal handler:      2447 nsec
  Average time to return to a normal context: 844 nsec

[rank 7]
  # of preemption:                            1000
  Average interval time of preemption:        998959 nsec
  Average time to call a signal handler:      2505 nsec
  Average time to return to a normal context: 827 nsec

[rank 8]
  # of preemption:                            1000
  Average interval time of preemption:        998954 nsec
  Average time to call a signal handler:      2666 nsec
  Average time to return to a normal context: 887 nsec

[rank 9]
  # of preemption:                            1000
  Average interval time of preemption:        998949 nsec
  Average time to call a signal handler:      2385 nsec
  Average time to return to a normal context: 846 nsec

[rank 10]
  # of preemption:                            1000
  Average interval time of preemption:        998944 nsec
  Average time to call a signal handler:      2497 nsec
  Average time to return to a normal context: 839 nsec

[rank 11]
  # of preemption:                            1000
  Average interval time of preemption:        998940 nsec
  Average time to call a signal handler:      2382 nsec
  Average time to return to a normal context: 832 nsec

[rank 12]
  # of preemption:                            1000
  Average interval time of preemption:        998934 nsec
  Average time to call a signal handler:      2395 nsec
  Average time to return to a normal context: 810 nsec

[rank 13]
  # of preemption:                            1000
  Average interval time of preemption:        998932 nsec
  Average time to call a signal handler:      1514 nsec
  Average time to return to a normal context: 872 nsec

[Total]
  # of preemption:                            14000
  Average interval time of preemption:        998960 nsec
  Average time to call a signal handler:      2527 nsec
  Average time to return to a normal context: 843 nsec

