=============================================================
# of threads:                    28
# of timers:                     1
# of preemption for each thread: 1000
Interval time of preemption:     1000000 nsec
Managed timer:                   false
Sync timer:                      false
Chain wake-up:                   true
Thread timer:                    false
Use timerfd:                     false
=============================================================

[rank 0]
  # of preemption:                            1000
  Average interval time of preemption:        998989 nsec
  Average time to call a signal handler:      4396 nsec
  Average time to return to a normal context: 847 nsec

[rank 1]
  # of preemption:                            1000
  Average interval time of preemption:        998981 nsec
  Average time to call a signal handler:      2541 nsec
  Average time to return to a normal context: 880 nsec

[rank 2]
  # of preemption:                            1000
  Average interval time of preemption:        998975 nsec
  Average time to call a signal handler:      2485 nsec
  Average time to return to a normal context: 871 nsec

[rank 3]
  # of preemption:                            1000
  Average interval time of preemption:        998970 nsec
  Average time to call a signal handler:      2550 nsec
  Average time to return to a normal context: 879 nsec

[rank 4]
  # of preemption:                            1000
  Average interval time of preemption:        998965 nsec
  Average time to call a signal handler:      2502 nsec
  Average time to return to a normal context: 837 nsec

[rank 5]
  # of preemption:                            1000
  Average interval time of preemption:        998959 nsec
  Average time to call a signal handler:      2572 nsec
  Average time to return to a normal context: 837 nsec

[rank 6]
  # of preemption:                            1000
  Average interval time of preemption:        998954 nsec
  Average time to call a signal handler:      2552 nsec
  Average time to return to a normal context: 815 nsec

[rank 7]
  # of preemption:                            1000
  Average interval time of preemption:        998948 nsec
  Average time to call a signal handler:      2344 nsec
  Average time to return to a normal context: 850 nsec

[rank 8]
  # of preemption:                            1000
  Average interval time of preemption:        998943 nsec
  Average time to call a signal handler:      2516 nsec
  Average time to return to a normal context: 811 nsec

[rank 9]
  # of preemption:                            1000
  Average interval time of preemption:        998938 nsec
  Average time to call a signal handler:      2622 nsec
  Average time to return to a normal context: 1427 nsec

[rank 10]
  # of preemption:                            1000
  Average interval time of preemption:        998933 nsec
  Average time to call a signal handler:      2629 nsec
  Average time to return to a normal context: 827 nsec

[rank 11]
  # of preemption:                            1000
  Average interval time of preemption:        998928 nsec
  Average time to call a signal handler:      2343 nsec
  Average time to return to a normal context: 815 nsec

[rank 12]
  # of preemption:                            1000
  Average interval time of preemption:        998923 nsec
  Average time to call a signal handler:      2469 nsec
  Average time to return to a normal context: 800 nsec

[rank 13]
  # of preemption:                            1000
  Average interval time of preemption:        998918 nsec
  Average time to call a signal handler:      2492 nsec
  Average time to return to a normal context: 811 nsec

[rank 14]
  # of preemption:                            1000
  Average interval time of preemption:        998912 nsec
  Average time to call a signal handler:      2598 nsec
  Average time to return to a normal context: 800 nsec

[rank 15]
  # of preemption:                            1000
  Average interval time of preemption:        998907 nsec
  Average time to call a signal handler:      2551 nsec
  Average time to return to a normal context: 831 nsec

[rank 16]
  # of preemption:                            1000
  Average interval time of preemption:        998901 nsec
  Average time to call a signal handler:      2399 nsec
  Average time to return to a normal context: 830 nsec

[rank 17]
  # of preemption:                            1000
  Average interval time of preemption:        998895 nsec
  Average time to call a signal handler:      2424 nsec
  Average time to return to a normal context: 810 nsec

[rank 18]
  # of preemption:                            1000
  Average interval time of preemption:        998889 nsec
  Average time to call a signal handler:      2460 nsec
  Average time to return to a normal context: 812 nsec

[rank 19]
  # of preemption:                            1000
  Average interval time of preemption:        998884 nsec
  Average time to call a signal handler:      2514 nsec
  Average time to return to a normal context: 817 nsec

[rank 20]
  # of preemption:                            1000
  Average interval time of preemption:        998879 nsec
  Average time to call a signal handler:      2510 nsec
  Average time to return to a normal context: 847 nsec

[rank 21]
  # of preemption:                            1000
  Average interval time of preemption:        998874 nsec
  Average time to call a signal handler:      2511 nsec
  Average time to return to a normal context: 808 nsec

[rank 22]
  # of preemption:                            1000
  Average interval time of preemption:        998869 nsec
  Average time to call a signal handler:      2576 nsec
  Average time to return to a normal context: 802 nsec

[rank 23]
  # of preemption:                            1000
  Average interval time of preemption:        998858 nsec
  Average time to call a signal handler:      2411 nsec
  Average time to return to a normal context: 801 nsec

[rank 24]
  # of preemption:                            1000
  Average interval time of preemption:        998853 nsec
  Average time to call a signal handler:      2398 nsec
  Average time to return to a normal context: 802 nsec

[rank 25]
  # of preemption:                            1000
  Average interval time of preemption:        998848 nsec
  Average time to call a signal handler:      2497 nsec
  Average time to return to a normal context: 808 nsec

[rank 26]
  # of preemption:                            1000
  Average interval time of preemption:        998843 nsec
  Average time to call a signal handler:      2445 nsec
  Average time to return to a normal context: 815 nsec

[rank 27]
  # of preemption:                            1000
  Average interval time of preemption:        998841 nsec
  Average time to call a signal handler:      1596 nsec
  Average time to return to a normal context: 800 nsec

[Total]
  # of preemption:                            28000
  Average interval time of preemption:        998913 nsec
  Average time to call a signal handler:      2532 nsec
  Average time to return to a normal context: 846 nsec

