=============================================================
# of threads:                    28
# of timers:                     1
# of preemption for each thread: 1000
Interval time of preemption:     1000000 nsec
Managed timer:                   false
Sync timer:                      false
Chain wake-up:                   true
Thread timer:                    false
Use timerfd:                     false
=============================================================

[rank 0]
  # of preemption:                            1000
  Average interval time of preemption:        999990 nsec
  Average time to call a signal handler:      4943 nsec
  Average time to return to a normal context: 869 nsec

[rank 1]
  # of preemption:                            1000
  Average interval time of preemption:        999982 nsec
  Average time to call a signal handler:      2592 nsec
  Average time to return to a normal context: 870 nsec

[rank 2]
  # of preemption:                            1000
  Average interval time of preemption:        999976 nsec
  Average time to call a signal handler:      2500 nsec
  Average time to return to a normal context: 866 nsec

[rank 3]
  # of preemption:                            1000
  Average interval time of preemption:        999972 nsec
  Average time to call a signal handler:      2608 nsec
  Average time to return to a normal context: 845 nsec

[rank 4]
  # of preemption:                            1000
  Average interval time of preemption:        999968 nsec
  Average time to call a signal handler:      2519 nsec
  Average time to return to a normal context: 837 nsec

[rank 5]
  # of preemption:                            1000
  Average interval time of preemption:        999962 nsec
  Average time to call a signal handler:      2511 nsec
  Average time to return to a normal context: 871 nsec

[rank 6]
  # of preemption:                            1000
  Average interval time of preemption:        999957 nsec
  Average time to call a signal handler:      2458 nsec
  Average time to return to a normal context: 848 nsec

[rank 7]
  # of preemption:                            1000
  Average interval time of preemption:        999952 nsec
  Average time to call a signal handler:      2495 nsec
  Average time to return to a normal context: 839 nsec

[rank 8]
  # of preemption:                            1000
  Average interval time of preemption:        999947 nsec
  Average time to call a signal handler:      2476 nsec
  Average time to return to a normal context: 851 nsec

[rank 9]
  # of preemption:                            1000
  Average interval time of preemption:        999943 nsec
  Average time to call a signal handler:      2460 nsec
  Average time to return to a normal context: 810 nsec

[rank 10]
  # of preemption:                            1000
  Average interval time of preemption:        999937 nsec
  Average time to call a signal handler:      2435 nsec
  Average time to return to a normal context: 829 nsec

[rank 11]
  # of preemption:                            1000
  Average interval time of preemption:        999933 nsec
  Average time to call a signal handler:      2449 nsec
  Average time to return to a normal context: 807 nsec

[rank 12]
  # of preemption:                            1000
  Average interval time of preemption:        999926 nsec
  Average time to call a signal handler:      2392 nsec
  Average time to return to a normal context: 841 nsec

[rank 13]
  # of preemption:                            1000
  Average interval time of preemption:        999921 nsec
  Average time to call a signal handler:      2440 nsec
  Average time to return to a normal context: 838 nsec

[rank 14]
  # of preemption:                            1000
  Average interval time of preemption:        999916 nsec
  Average time to call a signal handler:      2494 nsec
  Average time to return to a normal context: 819 nsec

[rank 15]
  # of preemption:                            1000
  Average interval time of preemption:        999911 nsec
  Average time to call a signal handler:      2617 nsec
  Average time to return to a normal context: 814 nsec

[rank 16]
  # of preemption:                            1000
  Average interval time of preemption:        999906 nsec
  Average time to call a signal handler:      2465 nsec
  Average time to return to a normal context: 819 nsec

[rank 17]
  # of preemption:                            1000
  Average interval time of preemption:        999902 nsec
  Average time to call a signal handler:      2493 nsec
  Average time to return to a normal context: 826 nsec

[rank 18]
  # of preemption:                            1000
  Average interval time of preemption:        999897 nsec
  Average time to call a signal handler:      2529 nsec
  Average time to return to a normal context: 816 nsec

[rank 19]
  # of preemption:                            1000
  Average interval time of preemption:        999892 nsec
  Average time to call a signal handler:      2509 nsec
  Average time to return to a normal context: 798 nsec

[rank 20]
  # of preemption:                            1000
  Average interval time of preemption:        999887 nsec
  Average time to call a signal handler:      2522 nsec
  Average time to return to a normal context: 797 nsec

[rank 21]
  # of preemption:                            1000
  Average interval time of preemption:        999881 nsec
  Average time to call a signal handler:      2447 nsec
  Average time to return to a normal context: 848 nsec

[rank 22]
  # of preemption:                            1000
  Average interval time of preemption:        999876 nsec
  Average time to call a signal handler:      2486 nsec
  Average time to return to a normal context: 826 nsec

[rank 23]
  # of preemption:                            1000
  Average interval time of preemption:        999871 nsec
  Average time to call a signal handler:      2506 nsec
  Average time to return to a normal context: 809 nsec

[rank 24]
  # of preemption:                            1000
  Average interval time of preemption:        999865 nsec
  Average time to call a signal handler:      2465 nsec
  Average time to return to a normal context: 823 nsec

[rank 25]
  # of preemption:                            1000
  Average interval time of preemption:        999860 nsec
  Average time to call a signal handler:      2550 nsec
  Average time to return to a normal context: 806 nsec

[rank 26]
  # of preemption:                            1000
  Average interval time of preemption:        999855 nsec
  Average time to call a signal handler:      2508 nsec
  Average time to return to a normal context: 795 nsec

[rank 27]
  # of preemption:                            1000
  Average interval time of preemption:        999853 nsec
  Average time to call a signal handler:      1583 nsec
  Average time to return to a normal context: 803 nsec

[Total]
  # of preemption:                            28000
  Average interval time of preemption:        999919 nsec
  Average time to call a signal handler:      2551 nsec
  Average time to return to a normal context: 829 nsec

