=============================================================
# of threads:                    28
# of timers:                     1
# of preemption for each thread: 1000
Interval time of preemption:     1000000 nsec
Managed timer:                   false
Sync timer:                      false
Chain wake-up:                   true
Thread timer:                    false
Use timerfd:                     false
=============================================================

[rank 0]
  # of preemption:                            1000
  Average interval time of preemption:        998989 nsec
  Average time to call a signal handler:      3958 nsec
  Average time to return to a normal context: 830 nsec

[rank 1]
  # of preemption:                            1000
  Average interval time of preemption:        998981 nsec
  Average time to call a signal handler:      2619 nsec
  Average time to return to a normal context: 862 nsec

[rank 2]
  # of preemption:                            1000
  Average interval time of preemption:        998976 nsec
  Average time to call a signal handler:      2457 nsec
  Average time to return to a normal context: 851 nsec

[rank 3]
  # of preemption:                            1000
  Average interval time of preemption:        998972 nsec
  Average time to call a signal handler:      2490 nsec
  Average time to return to a normal context: 849 nsec

[rank 4]
  # of preemption:                            1000
  Average interval time of preemption:        998968 nsec
  Average time to call a signal handler:      2442 nsec
  Average time to return to a normal context: 830 nsec

[rank 5]
  # of preemption:                            1000
  Average interval time of preemption:        998964 nsec
  Average time to call a signal handler:      2554 nsec
  Average time to return to a normal context: 837 nsec

[rank 6]
  # of preemption:                            1000
  Average interval time of preemption:        998960 nsec
  Average time to call a signal handler:      2562 nsec
  Average time to return to a normal context: 823 nsec

[rank 7]
  # of preemption:                            1000
  Average interval time of preemption:        998955 nsec
  Average time to call a signal handler:      2530 nsec
  Average time to return to a normal context: 840 nsec

[rank 8]
  # of preemption:                            1000
  Average interval time of preemption:        998951 nsec
  Average time to call a signal handler:      2479 nsec
  Average time to return to a normal context: 801 nsec

[rank 9]
  # of preemption:                            1000
  Average interval time of preemption:        998947 nsec
  Average time to call a signal handler:      2437 nsec
  Average time to return to a normal context: 831 nsec

[rank 10]
  # of preemption:                            1000
  Average interval time of preemption:        998942 nsec
  Average time to call a signal handler:      2461 nsec
  Average time to return to a normal context: 823 nsec

[rank 11]
  # of preemption:                            1000
  Average interval time of preemption:        998938 nsec
  Average time to call a signal handler:      2657 nsec
  Average time to return to a normal context: 799 nsec

[rank 12]
  # of preemption:                            1000
  Average interval time of preemption:        998933 nsec
  Average time to call a signal handler:      2488 nsec
  Average time to return to a normal context: 818 nsec

[rank 13]
  # of preemption:                            1000
  Average interval time of preemption:        998929 nsec
  Average time to call a signal handler:      2516 nsec
  Average time to return to a normal context: 811 nsec

[rank 14]
  # of preemption:                            1000
  Average interval time of preemption:        998924 nsec
  Average time to call a signal handler:      2426 nsec
  Average time to return to a normal context: 807 nsec

[rank 15]
  # of preemption:                            1000
  Average interval time of preemption:        998920 nsec
  Average time to call a signal handler:      2427 nsec
  Average time to return to a normal context: 851 nsec

[rank 16]
  # of preemption:                            1000
  Average interval time of preemption:        998916 nsec
  Average time to call a signal handler:      2515 nsec
  Average time to return to a normal context: 837 nsec

[rank 17]
  # of preemption:                            1000
  Average interval time of preemption:        998912 nsec
  Average time to call a signal handler:      2498 nsec
  Average time to return to a normal context: 814 nsec

[rank 18]
  # of preemption:                            1000
  Average interval time of preemption:        998907 nsec
  Average time to call a signal handler:      2394 nsec
  Average time to return to a normal context: 807 nsec

[rank 19]
  # of preemption:                            1000
  Average interval time of preemption:        998903 nsec
  Average time to call a signal handler:      2494 nsec
  Average time to return to a normal context: 817 nsec

[rank 20]
  # of preemption:                            1000
  Average interval time of preemption:        998898 nsec
  Average time to call a signal handler:      2462 nsec
  Average time to return to a normal context: 824 nsec

[rank 21]
  # of preemption:                            1000
  Average interval time of preemption:        998893 nsec
  Average time to call a signal handler:      2544 nsec
  Average time to return to a normal context: 817 nsec

[rank 22]
  # of preemption:                            1000
  Average interval time of preemption:        998889 nsec
  Average time to call a signal handler:      2555 nsec
  Average time to return to a normal context: 791 nsec

[rank 23]
  # of preemption:                            1000
  Average interval time of preemption:        998884 nsec
  Average time to call a signal handler:      2577 nsec
  Average time to return to a normal context: 797 nsec

[rank 24]
  # of preemption:                            1000
  Average interval time of preemption:        998880 nsec
  Average time to call a signal handler:      2507 nsec
  Average time to return to a normal context: 805 nsec

[rank 25]
  # of preemption:                            1000
  Average interval time of preemption:        998875 nsec
  Average time to call a signal handler:      2399 nsec
  Average time to return to a normal context: 813 nsec

[rank 26]
  # of preemption:                            1000
  Average interval time of preemption:        998870 nsec
  Average time to call a signal handler:      2633 nsec
  Average time to return to a normal context: 808 nsec

[rank 27]
  # of preemption:                            1000
  Average interval time of preemption:        998868 nsec
  Average time to call a signal handler:      1616 nsec
  Average time to return to a normal context: 791 nsec

[Total]
  # of preemption:                            28000
  Average interval time of preemption:        998926 nsec
  Average time to call a signal handler:      2524 nsec
  Average time to return to a normal context: 820 nsec

