=============================================================
# of threads:                    28
# of timers:                     1
# of preemption for each thread: 1000
Interval time of preemption:     1000000 nsec
Managed timer:                   false
Sync timer:                      false
Chain wake-up:                   true
Thread timer:                    false
Use timerfd:                     false
=============================================================

[rank 0]
  # of preemption:                            1000
  Average interval time of preemption:        998990 nsec
  Average time to call a signal handler:      4084 nsec
  Average time to return to a normal context: 827 nsec

[rank 1]
  # of preemption:                            1000
  Average interval time of preemption:        998983 nsec
  Average time to call a signal handler:      2529 nsec
  Average time to return to a normal context: 861 nsec

[rank 2]
  # of preemption:                            1000
  Average interval time of preemption:        998979 nsec
  Average time to call a signal handler:      2525 nsec
  Average time to return to a normal context: 838 nsec

[rank 3]
  # of preemption:                            1000
  Average interval time of preemption:        998975 nsec
  Average time to call a signal handler:      2400 nsec
  Average time to return to a normal context: 821 nsec

[rank 4]
  # of preemption:                            1000
  Average interval time of preemption:        998971 nsec
  Average time to call a signal handler:      2418 nsec
  Average time to return to a normal context: 814 nsec

[rank 5]
  # of preemption:                            1000
  Average interval time of preemption:        998967 nsec
  Average time to call a signal handler:      2418 nsec
  Average time to return to a normal context: 807 nsec

[rank 6]
  # of preemption:                            1000
  Average interval time of preemption:        998962 nsec
  Average time to call a signal handler:      2529 nsec
  Average time to return to a normal context: 810 nsec

[rank 7]
  # of preemption:                            1000
  Average interval time of preemption:        998957 nsec
  Average time to call a signal handler:      2491 nsec
  Average time to return to a normal context: 824 nsec

[rank 8]
  # of preemption:                            1000
  Average interval time of preemption:        998951 nsec
  Average time to call a signal handler:      2397 nsec
  Average time to return to a normal context: 906 nsec

[rank 9]
  # of preemption:                            1000
  Average interval time of preemption:        998947 nsec
  Average time to call a signal handler:      2553 nsec
  Average time to return to a normal context: 975 nsec

[rank 10]
  # of preemption:                            1000
  Average interval time of preemption:        998942 nsec
  Average time to call a signal handler:      2497 nsec
  Average time to return to a normal context: 826 nsec

[rank 11]
  # of preemption:                            1000
  Average interval time of preemption:        998938 nsec
  Average time to call a signal handler:      2472 nsec
  Average time to return to a normal context: 799 nsec

[rank 12]
  # of preemption:                            1000
  Average interval time of preemption:        998933 nsec
  Average time to call a signal handler:      2373 nsec
  Average time to return to a normal context: 792 nsec

[rank 13]
  # of preemption:                            1000
  Average interval time of preemption:        998928 nsec
  Average time to call a signal handler:      2522 nsec
  Average time to return to a normal context: 820 nsec

[rank 14]
  # of preemption:                            1000
  Average interval time of preemption:        998923 nsec
  Average time to call a signal handler:      2503 nsec
  Average time to return to a normal context: 804 nsec

[rank 15]
  # of preemption:                            1000
  Average interval time of preemption:        998918 nsec
  Average time to call a signal handler:      2505 nsec
  Average time to return to a normal context: 814 nsec

[rank 16]
  # of preemption:                            1000
  Average interval time of preemption:        998914 nsec
  Average time to call a signal handler:      2376 nsec
  Average time to return to a normal context: 834 nsec

[rank 17]
  # of preemption:                            1000
  Average interval time of preemption:        998909 nsec
  Average time to call a signal handler:      2470 nsec
  Average time to return to a normal context: 812 nsec

[rank 18]
  # of preemption:                            1000
  Average interval time of preemption:        998905 nsec
  Average time to call a signal handler:      2465 nsec
  Average time to return to a normal context: 839 nsec

[rank 19]
  # of preemption:                            1000
  Average interval time of preemption:        998900 nsec
  Average time to call a signal handler:      2533 nsec
  Average time to return to a normal context: 799 nsec

[rank 20]
  # of preemption:                            1000
  Average interval time of preemption:        998895 nsec
  Average time to call a signal handler:      2543 nsec
  Average time to return to a normal context: 807 nsec

[rank 21]
  # of preemption:                            1000
  Average interval time of preemption:        998891 nsec
  Average time to call a signal handler:      2453 nsec
  Average time to return to a normal context: 818 nsec

[rank 22]
  # of preemption:                            1000
  Average interval time of preemption:        998886 nsec
  Average time to call a signal handler:      2583 nsec
  Average time to return to a normal context: 789 nsec

[rank 23]
  # of preemption:                            1000
  Average interval time of preemption:        998882 nsec
  Average time to call a signal handler:      2375 nsec
  Average time to return to a normal context: 793 nsec

[rank 24]
  # of preemption:                            1000
  Average interval time of preemption:        998877 nsec
  Average time to call a signal handler:      2428 nsec
  Average time to return to a normal context: 779 nsec

[rank 25]
  # of preemption:                            1000
  Average interval time of preemption:        998873 nsec
  Average time to call a signal handler:      2507 nsec
  Average time to return to a normal context: 818 nsec

[rank 26]
  # of preemption:                            1000
  Average interval time of preemption:        998868 nsec
  Average time to call a signal handler:      2509 nsec
  Average time to return to a normal context: 814 nsec

[rank 27]
  # of preemption:                            1000
  Average interval time of preemption:        998866 nsec
  Average time to call a signal handler:      1566 nsec
  Average time to return to a normal context: 785 nsec

[Total]
  # of preemption:                            28000
  Average interval time of preemption:        998926 nsec
  Average time to call a signal handler:      2500 nsec
  Average time to return to a normal context: 822 nsec

