=============================================================
# of threads:                    28
# of timers:                     1
# of preemption for each thread: 1000
Interval time of preemption:     1000000 nsec
Managed timer:                   false
Sync timer:                      false
Chain wake-up:                   true
Thread timer:                    false
Use timerfd:                     false
=============================================================

[rank 0]
  # of preemption:                            1000
  Average interval time of preemption:        998990 nsec
  Average time to call a signal handler:      4171 nsec
  Average time to return to a normal context: 832 nsec

[rank 1]
  # of preemption:                            1000
  Average interval time of preemption:        998982 nsec
  Average time to call a signal handler:      2624 nsec
  Average time to return to a normal context: 857 nsec

[rank 2]
  # of preemption:                            1000
  Average interval time of preemption:        998978 nsec
  Average time to call a signal handler:      2494 nsec
  Average time to return to a normal context: 848 nsec

[rank 3]
  # of preemption:                            1000
  Average interval time of preemption:        998974 nsec
  Average time to call a signal handler:      2766 nsec
  Average time to return to a normal context: 934 nsec

[rank 4]
  # of preemption:                            1000
  Average interval time of preemption:        998969 nsec
  Average time to call a signal handler:      2511 nsec
  Average time to return to a normal context: 861 nsec

[rank 5]
  # of preemption:                            1000
  Average interval time of preemption:        998965 nsec
  Average time to call a signal handler:      2505 nsec
  Average time to return to a normal context: 810 nsec

[rank 6]
  # of preemption:                            1000
  Average interval time of preemption:        998960 nsec
  Average time to call a signal handler:      2517 nsec
  Average time to return to a normal context: 844 nsec

[rank 7]
  # of preemption:                            1000
  Average interval time of preemption:        998955 nsec
  Average time to call a signal handler:      2600 nsec
  Average time to return to a normal context: 880 nsec

[rank 8]
  # of preemption:                            1000
  Average interval time of preemption:        998950 nsec
  Average time to call a signal handler:      2538 nsec
  Average time to return to a normal context: 880 nsec

[rank 9]
  # of preemption:                            1000
  Average interval time of preemption:        998945 nsec
  Average time to call a signal handler:      2525 nsec
  Average time to return to a normal context: 894 nsec

[rank 10]
  # of preemption:                            1000
  Average interval time of preemption:        998940 nsec
  Average time to call a signal handler:      2526 nsec
  Average time to return to a normal context: 818 nsec

[rank 11]
  # of preemption:                            1000
  Average interval time of preemption:        998935 nsec
  Average time to call a signal handler:      2466 nsec
  Average time to return to a normal context: 818 nsec

[rank 12]
  # of preemption:                            1000
  Average interval time of preemption:        998930 nsec
  Average time to call a signal handler:      2526 nsec
  Average time to return to a normal context: 804 nsec

[rank 13]
  # of preemption:                            1000
  Average interval time of preemption:        998925 nsec
  Average time to call a signal handler:      2617 nsec
  Average time to return to a normal context: 807 nsec

[rank 14]
  # of preemption:                            1000
  Average interval time of preemption:        998919 nsec
  Average time to call a signal handler:      2613 nsec
  Average time to return to a normal context: 810 nsec

[rank 15]
  # of preemption:                            1000
  Average interval time of preemption:        998913 nsec
  Average time to call a signal handler:      2567 nsec
  Average time to return to a normal context: 842 nsec

[rank 16]
  # of preemption:                            1000
  Average interval time of preemption:        998908 nsec
  Average time to call a signal handler:      2511 nsec
  Average time to return to a normal context: 840 nsec

[rank 17]
  # of preemption:                            1000
  Average interval time of preemption:        998903 nsec
  Average time to call a signal handler:      2538 nsec
  Average time to return to a normal context: 834 nsec

[rank 18]
  # of preemption:                            1000
  Average interval time of preemption:        998898 nsec
  Average time to call a signal handler:      2551 nsec
  Average time to return to a normal context: 803 nsec

[rank 19]
  # of preemption:                            1000
  Average interval time of preemption:        998893 nsec
  Average time to call a signal handler:      2536 nsec
  Average time to return to a normal context: 820 nsec

[rank 20]
  # of preemption:                            1000
  Average interval time of preemption:        998888 nsec
  Average time to call a signal handler:      2532 nsec
  Average time to return to a normal context: 831 nsec

[rank 21]
  # of preemption:                            1000
  Average interval time of preemption:        998883 nsec
  Average time to call a signal handler:      2582 nsec
  Average time to return to a normal context: 809 nsec

[rank 22]
  # of preemption:                            1000
  Average interval time of preemption:        998878 nsec
  Average time to call a signal handler:      2532 nsec
  Average time to return to a normal context: 788 nsec

[rank 23]
  # of preemption:                            1000
  Average interval time of preemption:        998874 nsec
  Average time to call a signal handler:      2465 nsec
  Average time to return to a normal context: 792 nsec

[rank 24]
  # of preemption:                            1000
  Average interval time of preemption:        998869 nsec
  Average time to call a signal handler:      2400 nsec
  Average time to return to a normal context: 807 nsec

[rank 25]
  # of preemption:                            1000
  Average interval time of preemption:        998864 nsec
  Average time to call a signal handler:      2519 nsec
  Average time to return to a normal context: 797 nsec

[rank 26]
  # of preemption:                            1000
  Average interval time of preemption:        998859 nsec
  Average time to call a signal handler:      2433 nsec
  Average time to return to a normal context: 810 nsec

[rank 27]
  # of preemption:                            1000
  Average interval time of preemption:        998857 nsec
  Average time to call a signal handler:      1526 nsec
  Average time to return to a normal context: 819 nsec

[Total]
  # of preemption:                            28000
  Average interval time of preemption:        998921 nsec
  Average time to call a signal handler:      2560 nsec
  Average time to return to a normal context: 831 nsec

