=============================================================
# of threads:                    28
# of timers:                     1
# of preemption for each thread: 1000
Interval time of preemption:     1000000 nsec
Managed timer:                   false
Sync timer:                      false
Chain wake-up:                   true
Thread timer:                    false
Use timerfd:                     false
=============================================================

[rank 0]
  # of preemption:                            1000
  Average interval time of preemption:        998989 nsec
  Average time to call a signal handler:      4024 nsec
  Average time to return to a normal context: 839 nsec

[rank 1]
  # of preemption:                            1000
  Average interval time of preemption:        998981 nsec
  Average time to call a signal handler:      2551 nsec
  Average time to return to a normal context: 813 nsec

[rank 2]
  # of preemption:                            1000
  Average interval time of preemption:        998976 nsec
  Average time to call a signal handler:      2517 nsec
  Average time to return to a normal context: 803 nsec

[rank 3]
  # of preemption:                            1000
  Average interval time of preemption:        998972 nsec
  Average time to call a signal handler:      2446 nsec
  Average time to return to a normal context: 823 nsec

[rank 4]
  # of preemption:                            1000
  Average interval time of preemption:        998968 nsec
  Average time to call a signal handler:      2489 nsec
  Average time to return to a normal context: 824 nsec

[rank 5]
  # of preemption:                            1000
  Average interval time of preemption:        998963 nsec
  Average time to call a signal handler:      2585 nsec
  Average time to return to a normal context: 832 nsec

[rank 6]
  # of preemption:                            1000
  Average interval time of preemption:        998959 nsec
  Average time to call a signal handler:      2474 nsec
  Average time to return to a normal context: 850 nsec

[rank 7]
  # of preemption:                            1000
  Average interval time of preemption:        998955 nsec
  Average time to call a signal handler:      2525 nsec
  Average time to return to a normal context: 829 nsec

[rank 8]
  # of preemption:                            1000
  Average interval time of preemption:        998950 nsec
  Average time to call a signal handler:      2384 nsec
  Average time to return to a normal context: 803 nsec

[rank 9]
  # of preemption:                            1000
  Average interval time of preemption:        998945 nsec
  Average time to call a signal handler:      2488 nsec
  Average time to return to a normal context: 837 nsec

[rank 10]
  # of preemption:                            1000
  Average interval time of preemption:        998941 nsec
  Average time to call a signal handler:      2483 nsec
  Average time to return to a normal context: 824 nsec

[rank 11]
  # of preemption:                            1000
  Average interval time of preemption:        998936 nsec
  Average time to call a signal handler:      2474 nsec
  Average time to return to a normal context: 789 nsec

[rank 12]
  # of preemption:                            1000
  Average interval time of preemption:        998931 nsec
  Average time to call a signal handler:      2501 nsec
  Average time to return to a normal context: 816 nsec

[rank 13]
  # of preemption:                            1000
  Average interval time of preemption:        998927 nsec
  Average time to call a signal handler:      2579 nsec
  Average time to return to a normal context: 807 nsec

[rank 14]
  # of preemption:                            1000
  Average interval time of preemption:        998921 nsec
  Average time to call a signal handler:      2542 nsec
  Average time to return to a normal context: 817 nsec

[rank 15]
  # of preemption:                            1000
  Average interval time of preemption:        998916 nsec
  Average time to call a signal handler:      2535 nsec
  Average time to return to a normal context: 814 nsec

[rank 16]
  # of preemption:                            1000
  Average interval time of preemption:        998911 nsec
  Average time to call a signal handler:      2482 nsec
  Average time to return to a normal context: 795 nsec

[rank 17]
  # of preemption:                            1000
  Average interval time of preemption:        998897 nsec
  Average time to call a signal handler:      2525 nsec
  Average time to return to a normal context: 803 nsec

[rank 18]
  # of preemption:                            1000
  Average interval time of preemption:        998899 nsec
  Average time to call a signal handler:      2528 nsec
  Average time to return to a normal context: 805 nsec

[rank 19]
  # of preemption:                            1000
  Average interval time of preemption:        998895 nsec
  Average time to call a signal handler:      2529 nsec
  Average time to return to a normal context: 798 nsec

[rank 20]
  # of preemption:                            1000
  Average interval time of preemption:        998890 nsec
  Average time to call a signal handler:      2602 nsec
  Average time to return to a normal context: 820 nsec

[rank 21]
  # of preemption:                            1000
  Average interval time of preemption:        998885 nsec
  Average time to call a signal handler:      2522 nsec
  Average time to return to a normal context: 820 nsec

[rank 22]
  # of preemption:                            1000
  Average interval time of preemption:        998880 nsec
  Average time to call a signal handler:      2465 nsec
  Average time to return to a normal context: 836 nsec

[rank 23]
  # of preemption:                            1000
  Average interval time of preemption:        998876 nsec
  Average time to call a signal handler:      2417 nsec
  Average time to return to a normal context: 818 nsec

[rank 24]
  # of preemption:                            1000
  Average interval time of preemption:        998871 nsec
  Average time to call a signal handler:      2384 nsec
  Average time to return to a normal context: 795 nsec

[rank 25]
  # of preemption:                            1000
  Average interval time of preemption:        998866 nsec
  Average time to call a signal handler:      2491 nsec
  Average time to return to a normal context: 783 nsec

[rank 26]
  # of preemption:                            1000
  Average interval time of preemption:        998862 nsec
  Average time to call a signal handler:      2488 nsec
  Average time to return to a normal context: 791 nsec

[rank 27]
  # of preemption:                            1000
  Average interval time of preemption:        998860 nsec
  Average time to call a signal handler:      1614 nsec
  Average time to return to a normal context: 805 nsec

[Total]
  # of preemption:                            28000
  Average interval time of preemption:        998922 nsec
  Average time to call a signal handler:      2523 nsec
  Average time to return to a normal context: 813 nsec

