=============================================================
# of threads:                    28
# of timers:                     1
# of preemption for each thread: 1000
Interval time of preemption:     1000000 nsec
Managed timer:                   false
Sync timer:                      false
Chain wake-up:                   true
Thread timer:                    false
Use timerfd:                     false
=============================================================

[rank 0]
  # of preemption:                            1000
  Average interval time of preemption:        998990 nsec
  Average time to call a signal handler:      4506 nsec
  Average time to return to a normal context: 812 nsec

[rank 1]
  # of preemption:                            1000
  Average interval time of preemption:        998983 nsec
  Average time to call a signal handler:      2520 nsec
  Average time to return to a normal context: 839 nsec

[rank 2]
  # of preemption:                            1000
  Average interval time of preemption:        998978 nsec
  Average time to call a signal handler:      2512 nsec
  Average time to return to a normal context: 822 nsec

[rank 3]
  # of preemption:                            1000
  Average interval time of preemption:        998974 nsec
  Average time to call a signal handler:      2457 nsec
  Average time to return to a normal context: 823 nsec

[rank 4]
  # of preemption:                            1000
  Average interval time of preemption:        998970 nsec
  Average time to call a signal handler:      2480 nsec
  Average time to return to a normal context: 820 nsec

[rank 5]
  # of preemption:                            1000
  Average interval time of preemption:        998965 nsec
  Average time to call a signal handler:      2562 nsec
  Average time to return to a normal context: 835 nsec

[rank 6]
  # of preemption:                            1000
  Average interval time of preemption:        998960 nsec
  Average time to call a signal handler:      2468 nsec
  Average time to return to a normal context: 845 nsec

[rank 7]
  # of preemption:                            1000
  Average interval time of preemption:        998955 nsec
  Average time to call a signal handler:      2556 nsec
  Average time to return to a normal context: 875 nsec

[rank 8]
  # of preemption:                            1000
  Average interval time of preemption:        998950 nsec
  Average time to call a signal handler:      2503 nsec
  Average time to return to a normal context: 895 nsec

[rank 9]
  # of preemption:                            1000
  Average interval time of preemption:        998945 nsec
  Average time to call a signal handler:      2512 nsec
  Average time to return to a normal context: 895 nsec

[rank 10]
  # of preemption:                            1000
  Average interval time of preemption:        998941 nsec
  Average time to call a signal handler:      2502 nsec
  Average time to return to a normal context: 804 nsec

[rank 11]
  # of preemption:                            1000
  Average interval time of preemption:        998936 nsec
  Average time to call a signal handler:      2452 nsec
  Average time to return to a normal context: 809 nsec

[rank 12]
  # of preemption:                            1000
  Average interval time of preemption:        998932 nsec
  Average time to call a signal handler:      2485 nsec
  Average time to return to a normal context: 817 nsec

[rank 13]
  # of preemption:                            1000
  Average interval time of preemption:        998927 nsec
  Average time to call a signal handler:      2605 nsec
  Average time to return to a normal context: 818 nsec

[rank 14]
  # of preemption:                            1000
  Average interval time of preemption:        998922 nsec
  Average time to call a signal handler:      2576 nsec
  Average time to return to a normal context: 838 nsec

[rank 15]
  # of preemption:                            1000
  Average interval time of preemption:        998917 nsec
  Average time to call a signal handler:      2525 nsec
  Average time to return to a normal context: 817 nsec

[rank 16]
  # of preemption:                            1000
  Average interval time of preemption:        998912 nsec
  Average time to call a signal handler:      2514 nsec
  Average time to return to a normal context: 813 nsec

[rank 17]
  # of preemption:                            1000
  Average interval time of preemption:        998908 nsec
  Average time to call a signal handler:      2506 nsec
  Average time to return to a normal context: 825 nsec

[rank 18]
  # of preemption:                            1000
  Average interval time of preemption:        998903 nsec
  Average time to call a signal handler:      2511 nsec
  Average time to return to a normal context: 823 nsec

[rank 19]
  # of preemption:                            1000
  Average interval time of preemption:        998898 nsec
  Average time to call a signal handler:      2513 nsec
  Average time to return to a normal context: 849 nsec

[rank 20]
  # of preemption:                            1000
  Average interval time of preemption:        998893 nsec
  Average time to call a signal handler:      2589 nsec
  Average time to return to a normal context: 852 nsec

[rank 21]
  # of preemption:                            1000
  Average interval time of preemption:        998888 nsec
  Average time to call a signal handler:      2593 nsec
  Average time to return to a normal context: 824 nsec

[rank 22]
  # of preemption:                            1000
  Average interval time of preemption:        998883 nsec
  Average time to call a signal handler:      2487 nsec
  Average time to return to a normal context: 798 nsec

[rank 23]
  # of preemption:                            1000
  Average interval time of preemption:        998878 nsec
  Average time to call a signal handler:      2464 nsec
  Average time to return to a normal context: 820 nsec

[rank 24]
  # of preemption:                            1000
  Average interval time of preemption:        998874 nsec
  Average time to call a signal handler:      2420 nsec
  Average time to return to a normal context: 830 nsec

[rank 25]
  # of preemption:                            1000
  Average interval time of preemption:        998870 nsec
  Average time to call a signal handler:      2491 nsec
  Average time to return to a normal context: 840 nsec

[rank 26]
  # of preemption:                            1000
  Average interval time of preemption:        998865 nsec
  Average time to call a signal handler:      2483 nsec
  Average time to return to a normal context: 830 nsec

[rank 27]
  # of preemption:                            1000
  Average interval time of preemption:        998863 nsec
  Average time to call a signal handler:      1561 nsec
  Average time to return to a normal context: 812 nsec

[Total]
  # of preemption:                            28000
  Average interval time of preemption:        998924 nsec
  Average time to call a signal handler:      2548 nsec
  Average time to return to a normal context: 831 nsec

