=============================================================
# of threads:                    28
# of timers:                     1
# of preemption for each thread: 1000
Interval time of preemption:     1000000 nsec
Managed timer:                   false
Sync timer:                      false
Chain wake-up:                   true
Thread timer:                    false
Use timerfd:                     false
=============================================================

[rank 0]
  # of preemption:                            1000
  Average interval time of preemption:        998991 nsec
  Average time to call a signal handler:      4138 nsec
  Average time to return to a normal context: 834 nsec

[rank 1]
  # of preemption:                            1000
  Average interval time of preemption:        998984 nsec
  Average time to call a signal handler:      2637 nsec
  Average time to return to a normal context: 815 nsec

[rank 2]
  # of preemption:                            1000
  Average interval time of preemption:        998979 nsec
  Average time to call a signal handler:      2490 nsec
  Average time to return to a normal context: 815 nsec

[rank 3]
  # of preemption:                            1000
  Average interval time of preemption:        998975 nsec
  Average time to call a signal handler:      2584 nsec
  Average time to return to a normal context: 821 nsec

[rank 4]
  # of preemption:                            1000
  Average interval time of preemption:        998971 nsec
  Average time to call a signal handler:      2492 nsec
  Average time to return to a normal context: 849 nsec

[rank 5]
  # of preemption:                            1000
  Average interval time of preemption:        998966 nsec
  Average time to call a signal handler:      2526 nsec
  Average time to return to a normal context: 822 nsec

[rank 6]
  # of preemption:                            1000
  Average interval time of preemption:        998961 nsec
  Average time to call a signal handler:      2443 nsec
  Average time to return to a normal context: 862 nsec

[rank 7]
  # of preemption:                            1000
  Average interval time of preemption:        998956 nsec
  Average time to call a signal handler:      2408 nsec
  Average time to return to a normal context: 880 nsec

[rank 8]
  # of preemption:                            1000
  Average interval time of preemption:        998952 nsec
  Average time to call a signal handler:      2626 nsec
  Average time to return to a normal context: 870 nsec

[rank 9]
  # of preemption:                            1000
  Average interval time of preemption:        998947 nsec
  Average time to call a signal handler:      2546 nsec
  Average time to return to a normal context: 888 nsec

[rank 10]
  # of preemption:                            1000
  Average interval time of preemption:        998943 nsec
  Average time to call a signal handler:      2448 nsec
  Average time to return to a normal context: 837 nsec

[rank 11]
  # of preemption:                            1000
  Average interval time of preemption:        998937 nsec
  Average time to call a signal handler:      2464 nsec
  Average time to return to a normal context: 851 nsec

[rank 12]
  # of preemption:                            1000
  Average interval time of preemption:        998932 nsec
  Average time to call a signal handler:      2357 nsec
  Average time to return to a normal context: 854 nsec

[rank 13]
  # of preemption:                            1000
  Average interval time of preemption:        998927 nsec
  Average time to call a signal handler:      2480 nsec
  Average time to return to a normal context: 846 nsec

[rank 14]
  # of preemption:                            1000
  Average interval time of preemption:        998922 nsec
  Average time to call a signal handler:      2468 nsec
  Average time to return to a normal context: 822 nsec

[rank 15]
  # of preemption:                            1000
  Average interval time of preemption:        998917 nsec
  Average time to call a signal handler:      2499 nsec
  Average time to return to a normal context: 810 nsec

[rank 16]
  # of preemption:                            1000
  Average interval time of preemption:        998912 nsec
  Average time to call a signal handler:      2483 nsec
  Average time to return to a normal context: 815 nsec

[rank 17]
  # of preemption:                            1000
  Average interval time of preemption:        998908 nsec
  Average time to call a signal handler:      2516 nsec
  Average time to return to a normal context: 827 nsec

[rank 18]
  # of preemption:                            1000
  Average interval time of preemption:        998902 nsec
  Average time to call a signal handler:      2541 nsec
  Average time to return to a normal context: 823 nsec

[rank 19]
  # of preemption:                            1000
  Average interval time of preemption:        998898 nsec
  Average time to call a signal handler:      2434 nsec
  Average time to return to a normal context: 826 nsec

[rank 20]
  # of preemption:                            1000
  Average interval time of preemption:        998893 nsec
  Average time to call a signal handler:      2530 nsec
  Average time to return to a normal context: 817 nsec

[rank 21]
  # of preemption:                            1000
  Average interval time of preemption:        998888 nsec
  Average time to call a signal handler:      2511 nsec
  Average time to return to a normal context: 828 nsec

[rank 22]
  # of preemption:                            1000
  Average interval time of preemption:        998884 nsec
  Average time to call a signal handler:      2510 nsec
  Average time to return to a normal context: 847 nsec

[rank 23]
  # of preemption:                            1000
  Average interval time of preemption:        998878 nsec
  Average time to call a signal handler:      2394 nsec
  Average time to return to a normal context: 817 nsec

[rank 24]
  # of preemption:                            1000
  Average interval time of preemption:        998873 nsec
  Average time to call a signal handler:      2437 nsec
  Average time to return to a normal context: 822 nsec

[rank 25]
  # of preemption:                            1000
  Average interval time of preemption:        998869 nsec
  Average time to call a signal handler:      2418 nsec
  Average time to return to a normal context: 822 nsec

[rank 26]
  # of preemption:                            1000
  Average interval time of preemption:        998863 nsec
  Average time to call a signal handler:      2478 nsec
  Average time to return to a normal context: 805 nsec

[rank 27]
  # of preemption:                            1000
  Average interval time of preemption:        998861 nsec
  Average time to call a signal handler:      1608 nsec
  Average time to return to a normal context: 780 nsec

[Total]
  # of preemption:                            28000
  Average interval time of preemption:        998924 nsec
  Average time to call a signal handler:      2516 nsec
  Average time to return to a normal context: 832 nsec

