=============================================================
# of threads:                    2
# of timers:                     1
# of preemption for each thread: 1000
Interval time of preemption:     1000000 nsec
Managed timer:                   false
Sync timer:                      false
Chain wake-up:                   true
Thread timer:                    false
Use timerfd:                     false
=============================================================

[rank 0]
  # of preemption:                            1000
  Average interval time of preemption:        998996 nsec
  Average time to call a signal handler:      2931 nsec
  Average time to return to a normal context: 806 nsec

[rank 1]
  # of preemption:                            1000
  Average interval time of preemption:        998995 nsec
  Average time to call a signal handler:      1594 nsec
  Average time to return to a normal context: 723 nsec

[Total]
  # of preemption:                            2000
  Average interval time of preemption:        998995 nsec
  Average time to call a signal handler:      2262 nsec
  Average time to return to a normal context: 764 nsec

