=============================================================
# of threads:                    4
# of timers:                     1
# of preemption for each thread: 1000
Interval time of preemption:     1000000 nsec
Managed timer:                   false
Sync timer:                      false
Chain wake-up:                   true
Thread timer:                    false
Use timerfd:                     false
=============================================================

[rank 0]
  # of preemption:                            1000
  Average interval time of preemption:        998994 nsec
  Average time to call a signal handler:      2852 nsec
  Average time to return to a normal context: 804 nsec

[rank 1]
  # of preemption:                            1000
  Average interval time of preemption:        998990 nsec
  Average time to call a signal handler:      2700 nsec
  Average time to return to a normal context: 1022 nsec

[rank 2]
  # of preemption:                            1000
  Average interval time of preemption:        998985 nsec
  Average time to call a signal handler:      2541 nsec
  Average time to return to a normal context: 905 nsec

[rank 3]
  # of preemption:                            1000
  Average interval time of preemption:        998984 nsec
  Average time to call a signal handler:      1642 nsec
  Average time to return to a normal context: 894 nsec

[Total]
  # of preemption:                            4000
  Average interval time of preemption:        998988 nsec
  Average time to call a signal handler:      2433 nsec
  Average time to return to a normal context: 906 nsec

