=============================================================
# of threads:                    4
# of timers:                     1
# of preemption for each thread: 1000
Interval time of preemption:     1000000 nsec
Managed timer:                   false
Sync timer:                      false
Chain wake-up:                   true
Thread timer:                    false
Use timerfd:                     false
=============================================================

[rank 0]
  # of preemption:                            1000
  Average interval time of preemption:        998995 nsec
  Average time to call a signal handler:      2979 nsec
  Average time to return to a normal context: 801 nsec

[rank 1]
  # of preemption:                            1000
  Average interval time of preemption:        998990 nsec
  Average time to call a signal handler:      2576 nsec
  Average time to return to a normal context: 1241 nsec

[rank 2]
  # of preemption:                            1000
  Average interval time of preemption:        998986 nsec
  Average time to call a signal handler:      2684 nsec
  Average time to return to a normal context: 896 nsec

[rank 3]
  # of preemption:                            1000
  Average interval time of preemption:        998985 nsec
  Average time to call a signal handler:      1723 nsec
  Average time to return to a normal context: 959 nsec

[Total]
  # of preemption:                            4000
  Average interval time of preemption:        998989 nsec
  Average time to call a signal handler:      2490 nsec
  Average time to return to a normal context: 974 nsec

