=============================================================
# of threads:                    4
# of timers:                     1
# of preemption for each thread: 1000
Interval time of preemption:     1000000 nsec
Managed timer:                   false
Sync timer:                      false
Chain wake-up:                   true
Thread timer:                    false
Use timerfd:                     false
=============================================================

[rank 0]
  # of preemption:                            1000
  Average interval time of preemption:        998995 nsec
  Average time to call a signal handler:      2868 nsec
  Average time to return to a normal context: 788 nsec

[rank 1]
  # of preemption:                            1000
  Average interval time of preemption:        998991 nsec
  Average time to call a signal handler:      2550 nsec
  Average time to return to a normal context: 1024 nsec

[rank 2]
  # of preemption:                            1000
  Average interval time of preemption:        998986 nsec
  Average time to call a signal handler:      2698 nsec
  Average time to return to a normal context: 864 nsec

[rank 3]
  # of preemption:                            1000
  Average interval time of preemption:        998985 nsec
  Average time to call a signal handler:      1659 nsec
  Average time to return to a normal context: 929 nsec

[Total]
  # of preemption:                            4000
  Average interval time of preemption:        998989 nsec
  Average time to call a signal handler:      2443 nsec
  Average time to return to a normal context: 901 nsec

