=============================================================
# of threads:                    4
# of timers:                     1
# of preemption for each thread: 1000
Interval time of preemption:     1000000 nsec
Managed timer:                   false
Sync timer:                      false
Chain wake-up:                   true
Thread timer:                    false
Use timerfd:                     false
=============================================================

[rank 0]
  # of preemption:                            1000
  Average interval time of preemption:        998995 nsec
  Average time to call a signal handler:      3038 nsec
  Average time to return to a normal context: 808 nsec

[rank 1]
  # of preemption:                            1000
  Average interval time of preemption:        998992 nsec
  Average time to call a signal handler:      2692 nsec
  Average time to return to a normal context: 1174 nsec

[rank 2]
  # of preemption:                            1000
  Average interval time of preemption:        998987 nsec
  Average time to call a signal handler:      2716 nsec
  Average time to return to a normal context: 870 nsec

[rank 3]
  # of preemption:                            1000
  Average interval time of preemption:        998986 nsec
  Average time to call a signal handler:      1618 nsec
  Average time to return to a normal context: 950 nsec

[Total]
  # of preemption:                            4000
  Average interval time of preemption:        998990 nsec
  Average time to call a signal handler:      2516 nsec
  Average time to return to a normal context: 950 nsec

