=============================================================
# of threads:                    4
# of timers:                     1
# of preemption for each thread: 1000
Interval time of preemption:     1000000 nsec
Managed timer:                   false
Sync timer:                      false
Chain wake-up:                   true
Thread timer:                    false
Use timerfd:                     false
=============================================================

[rank 0]
  # of preemption:                            1000
  Average interval time of preemption:        998996 nsec
  Average time to call a signal handler:      2847 nsec
  Average time to return to a normal context: 821 nsec

[rank 1]
  # of preemption:                            1000
  Average interval time of preemption:        998992 nsec
  Average time to call a signal handler:      2519 nsec
  Average time to return to a normal context: 1314 nsec

[rank 2]
  # of preemption:                            1000
  Average interval time of preemption:        998988 nsec
  Average time to call a signal handler:      2614 nsec
  Average time to return to a normal context: 890 nsec

[rank 3]
  # of preemption:                            1000
  Average interval time of preemption:        998987 nsec
  Average time to call a signal handler:      1654 nsec
  Average time to return to a normal context: 1023 nsec

[Total]
  # of preemption:                            4000
  Average interval time of preemption:        998990 nsec
  Average time to call a signal handler:      2408 nsec
  Average time to return to a normal context: 1012 nsec

