=============================================================
# of threads:                    4
# of timers:                     1
# of preemption for each thread: 1000
Interval time of preemption:     1000000 nsec
Managed timer:                   false
Sync timer:                      false
Chain wake-up:                   true
Thread timer:                    false
Use timerfd:                     false
=============================================================

[rank 0]
  # of preemption:                            1000
  Average interval time of preemption:        998995 nsec
  Average time to call a signal handler:      3473 nsec
  Average time to return to a normal context: 796 nsec

[rank 1]
  # of preemption:                            1000
  Average interval time of preemption:        998992 nsec
  Average time to call a signal handler:      2652 nsec
  Average time to return to a normal context: 1279 nsec

[rank 2]
  # of preemption:                            1000
  Average interval time of preemption:        998988 nsec
  Average time to call a signal handler:      2639 nsec
  Average time to return to a normal context: 887 nsec

[rank 3]
  # of preemption:                            1000
  Average interval time of preemption:        998987 nsec
  Average time to call a signal handler:      1648 nsec
  Average time to return to a normal context: 976 nsec

[Total]
  # of preemption:                            4000
  Average interval time of preemption:        998990 nsec
  Average time to call a signal handler:      2603 nsec
  Average time to return to a normal context: 984 nsec

