=============================================================
# of threads:                    56
# of timers:                     1
# of preemption for each thread: 1000
Interval time of preemption:     1000000 nsec
Managed timer:                   false
Sync timer:                      false
Chain wake-up:                   true
Thread timer:                    false
Use timerfd:                     false
=============================================================

[rank 0]
  # of preemption:                            1000
  Average interval time of preemption:        999988 nsec
  Average time to call a signal handler:      5734 nsec
  Average time to return to a normal context: 948 nsec

[rank 1]
  # of preemption:                            1000
  Average interval time of preemption:        999982 nsec
  Average time to call a signal handler:      2648 nsec
  Average time to return to a normal context: 903 nsec

[rank 2]
  # of preemption:                            1000
  Average interval time of preemption:        999977 nsec
  Average time to call a signal handler:      2525 nsec
  Average time to return to a normal context: 803 nsec

[rank 3]
  # of preemption:                            1000
  Average interval time of preemption:        999973 nsec
  Average time to call a signal handler:      2544 nsec
  Average time to return to a normal context: 764 nsec

[rank 4]
  # of preemption:                            1000
  Average interval time of preemption:        999969 nsec
  Average time to call a signal handler:      2419 nsec
  Average time to return to a normal context: 742 nsec

[rank 5]
  # of preemption:                            1000
  Average interval time of preemption:        999964 nsec
  Average time to call a signal handler:      2505 nsec
  Average time to return to a normal context: 793 nsec

[rank 6]
  # of preemption:                            1000
  Average interval time of preemption:        999960 nsec
  Average time to call a signal handler:      2580 nsec
  Average time to return to a normal context: 807 nsec

[rank 7]
  # of preemption:                            1000
  Average interval time of preemption:        999955 nsec
  Average time to call a signal handler:      2533 nsec
  Average time to return to a normal context: 838 nsec

[rank 8]
  # of preemption:                            1000
  Average interval time of preemption:        999950 nsec
  Average time to call a signal handler:      2522 nsec
  Average time to return to a normal context: 842 nsec

[rank 9]
  # of preemption:                            1000
  Average interval time of preemption:        999945 nsec
  Average time to call a signal handler:      2455 nsec
  Average time to return to a normal context: 813 nsec

[rank 10]
  # of preemption:                            1000
  Average interval time of preemption:        999940 nsec
  Average time to call a signal handler:      2523 nsec
  Average time to return to a normal context: 851 nsec

[rank 11]
  # of preemption:                            1000
  Average interval time of preemption:        999935 nsec
  Average time to call a signal handler:      2447 nsec
  Average time to return to a normal context: 784 nsec

[rank 12]
  # of preemption:                            1000
  Average interval time of preemption:        999931 nsec
  Average time to call a signal handler:      2608 nsec
  Average time to return to a normal context: 814 nsec

[rank 13]
  # of preemption:                            1000
  Average interval time of preemption:        999926 nsec
  Average time to call a signal handler:      2487 nsec
  Average time to return to a normal context: 847 nsec

[rank 14]
  # of preemption:                            1000
  Average interval time of preemption:        999921 nsec
  Average time to call a signal handler:      2415 nsec
  Average time to return to a normal context: 830 nsec

[rank 15]
  # of preemption:                            1000
  Average interval time of preemption:        999917 nsec
  Average time to call a signal handler:      2511 nsec
  Average time to return to a normal context: 812 nsec

[rank 16]
  # of preemption:                            1000
  Average interval time of preemption:        999912 nsec
  Average time to call a signal handler:      2513 nsec
  Average time to return to a normal context: 852 nsec

[rank 17]
  # of preemption:                            1000
  Average interval time of preemption:        999908 nsec
  Average time to call a signal handler:      2505 nsec
  Average time to return to a normal context: 808 nsec

[rank 18]
  # of preemption:                            1000
  Average interval time of preemption:        999904 nsec
  Average time to call a signal handler:      2511 nsec
  Average time to return to a normal context: 769 nsec

[rank 19]
  # of preemption:                            1000
  Average interval time of preemption:        999898 nsec
  Average time to call a signal handler:      2342 nsec
  Average time to return to a normal context: 806 nsec

[rank 20]
  # of preemption:                            1000
  Average interval time of preemption:        999893 nsec
  Average time to call a signal handler:      2580 nsec
  Average time to return to a normal context: 839 nsec

[rank 21]
  # of preemption:                            1000
  Average interval time of preemption:        999888 nsec
  Average time to call a signal handler:      2482 nsec
  Average time to return to a normal context: 974 nsec

[rank 22]
  # of preemption:                            1000
  Average interval time of preemption:        999883 nsec
  Average time to call a signal handler:      2463 nsec
  Average time to return to a normal context: 877 nsec

[rank 23]
  # of preemption:                            1000
  Average interval time of preemption:        999879 nsec
  Average time to call a signal handler:      2520 nsec
  Average time to return to a normal context: 774 nsec

[rank 24]
  # of preemption:                            1000
  Average interval time of preemption:        999873 nsec
  Average time to call a signal handler:      2593 nsec
  Average time to return to a normal context: 803 nsec

[rank 25]
  # of preemption:                            1000
  Average interval time of preemption:        999868 nsec
  Average time to call a signal handler:      2586 nsec
  Average time to return to a normal context: 795 nsec

[rank 26]
  # of preemption:                            1000
  Average interval time of preemption:        999864 nsec
  Average time to call a signal handler:      2513 nsec
  Average time to return to a normal context: 801 nsec

[rank 27]
  # of preemption:                            1000
  Average interval time of preemption:        999857 nsec
  Average time to call a signal handler:      2779 nsec
  Average time to return to a normal context: 827 nsec

[rank 28]
  # of preemption:                            1000
  Average interval time of preemption:        999849 nsec
  Average time to call a signal handler:      3415 nsec
  Average time to return to a normal context: 1302 nsec

[rank 29]
  # of preemption:                            1000
  Average interval time of preemption:        999841 nsec
  Average time to call a signal handler:      2723 nsec
  Average time to return to a normal context: 849 nsec

[rank 30]
  # of preemption:                            1000
  Average interval time of preemption:        999835 nsec
  Average time to call a signal handler:      2509 nsec
  Average time to return to a normal context: 825 nsec

[rank 31]
  # of preemption:                            1000
  Average interval time of preemption:        999829 nsec
  Average time to call a signal handler:      2597 nsec
  Average time to return to a normal context: 817 nsec

[rank 32]
  # of preemption:                            1000
  Average interval time of preemption:        999825 nsec
  Average time to call a signal handler:      2490 nsec
  Average time to return to a normal context: 835 nsec

[rank 33]
  # of preemption:                            1000
  Average interval time of preemption:        999820 nsec
  Average time to call a signal handler:      2496 nsec
  Average time to return to a normal context: 827 nsec

[rank 34]
  # of preemption:                            1000
  Average interval time of preemption:        999815 nsec
  Average time to call a signal handler:      2509 nsec
  Average time to return to a normal context: 856 nsec

[rank 35]
  # of preemption:                            1000
  Average interval time of preemption:        999810 nsec
  Average time to call a signal handler:      2393 nsec
  Average time to return to a normal context: 797 nsec

[rank 36]
  # of preemption:                            1000
  Average interval time of preemption:        999805 nsec
  Average time to call a signal handler:      2539 nsec
  Average time to return to a normal context: 795 nsec

[rank 37]
  # of preemption:                            1000
  Average interval time of preemption:        999800 nsec
  Average time to call a signal handler:      2443 nsec
  Average time to return to a normal context: 794 nsec

[rank 38]
  # of preemption:                            1000
  Average interval time of preemption:        999795 nsec
  Average time to call a signal handler:      2427 nsec
  Average time to return to a normal context: 806 nsec

[rank 39]
  # of preemption:                            1000
  Average interval time of preemption:        999789 nsec
  Average time to call a signal handler:      2494 nsec
  Average time to return to a normal context: 803 nsec

[rank 40]
  # of preemption:                            1000
  Average interval time of preemption:        999784 nsec
  Average time to call a signal handler:      2536 nsec
  Average time to return to a normal context: 823 nsec

[rank 41]
  # of preemption:                            1000
  Average interval time of preemption:        999779 nsec
  Average time to call a signal handler:      2620 nsec
  Average time to return to a normal context: 805 nsec

[rank 42]
  # of preemption:                            1000
  Average interval time of preemption:        999774 nsec
  Average time to call a signal handler:      2505 nsec
  Average time to return to a normal context: 806 nsec

[rank 43]
  # of preemption:                            1000
  Average interval time of preemption:        999769 nsec
  Average time to call a signal handler:      2452 nsec
  Average time to return to a normal context: 774 nsec

[rank 44]
  # of preemption:                            1000
  Average interval time of preemption:        999765 nsec
  Average time to call a signal handler:      2561 nsec
  Average time to return to a normal context: 799 nsec

[rank 45]
  # of preemption:                            1000
  Average interval time of preemption:        999760 nsec
  Average time to call a signal handler:      2520 nsec
  Average time to return to a normal context: 776 nsec

[rank 46]
  # of preemption:                            1000
  Average interval time of preemption:        999755 nsec
  Average time to call a signal handler:      2444 nsec
  Average time to return to a normal context: 781 nsec

[rank 47]
  # of preemption:                            1000
  Average interval time of preemption:        999751 nsec
  Average time to call a signal handler:      2561 nsec
  Average time to return to a normal context: 836 nsec

[rank 48]
  # of preemption:                            1000
  Average interval time of preemption:        999745 nsec
  Average time to call a signal handler:      2635 nsec
  Average time to return to a normal context: 873 nsec

[rank 49]
  # of preemption:                            1000
  Average interval time of preemption:        999741 nsec
  Average time to call a signal handler:      2736 nsec
  Average time to return to a normal context: 778 nsec

[rank 50]
  # of preemption:                            1000
  Average interval time of preemption:        999735 nsec
  Average time to call a signal handler:      2547 nsec
  Average time to return to a normal context: 789 nsec

[rank 51]
  # of preemption:                            1000
  Average interval time of preemption:        999730 nsec
  Average time to call a signal handler:      2412 nsec
  Average time to return to a normal context: 793 nsec

[rank 52]
  # of preemption:                            1000
  Average interval time of preemption:        999725 nsec
  Average time to call a signal handler:      2607 nsec
  Average time to return to a normal context: 790 nsec

[rank 53]
  # of preemption:                            1000
  Average interval time of preemption:        999719 nsec
  Average time to call a signal handler:      2605 nsec
  Average time to return to a normal context: 812 nsec

[rank 54]
  # of preemption:                            1000
  Average interval time of preemption:        999714 nsec
  Average time to call a signal handler:      2507 nsec
  Average time to return to a normal context: 817 nsec

[rank 55]
  # of preemption:                            1000
  Average interval time of preemption:        999712 nsec
  Average time to call a signal handler:      1583 nsec
  Average time to return to a normal context: 795 nsec

[Total]
  # of preemption:                            56000
  Average interval time of preemption:        999850 nsec
  Average time to call a signal handler:      2584 nsec
  Average time to return to a normal context: 826 nsec

