=============================================================
# of threads:                    56
# of timers:                     1
# of preemption for each thread: 1000
Interval time of preemption:     1000000 nsec
Managed timer:                   false
Sync timer:                      false
Chain wake-up:                   true
Thread timer:                    false
Use timerfd:                     false
=============================================================

[rank 0]
  # of preemption:                            1000
  Average interval time of preemption:        999989 nsec
  Average time to call a signal handler:      5812 nsec
  Average time to return to a normal context: 980 nsec

[rank 1]
  # of preemption:                            1000
  Average interval time of preemption:        999982 nsec
  Average time to call a signal handler:      2566 nsec
  Average time to return to a normal context: 783 nsec

[rank 2]
  # of preemption:                            1000
  Average interval time of preemption:        999978 nsec
  Average time to call a signal handler:      2539 nsec
  Average time to return to a normal context: 753 nsec

[rank 3]
  # of preemption:                            1000
  Average interval time of preemption:        999973 nsec
  Average time to call a signal handler:      2542 nsec
  Average time to return to a normal context: 788 nsec

[rank 4]
  # of preemption:                            1000
  Average interval time of preemption:        999969 nsec
  Average time to call a signal handler:      2488 nsec
  Average time to return to a normal context: 748 nsec

[rank 5]
  # of preemption:                            1000
  Average interval time of preemption:        999964 nsec
  Average time to call a signal handler:      2559 nsec
  Average time to return to a normal context: 762 nsec

[rank 6]
  # of preemption:                            1000
  Average interval time of preemption:        999959 nsec
  Average time to call a signal handler:      2453 nsec
  Average time to return to a normal context: 758 nsec

[rank 7]
  # of preemption:                            1000
  Average interval time of preemption:        999955 nsec
  Average time to call a signal handler:      2491 nsec
  Average time to return to a normal context: 897 nsec

[rank 8]
  # of preemption:                            1000
  Average interval time of preemption:        999950 nsec
  Average time to call a signal handler:      2471 nsec
  Average time to return to a normal context: 794 nsec

[rank 9]
  # of preemption:                            1000
  Average interval time of preemption:        999946 nsec
  Average time to call a signal handler:      2498 nsec
  Average time to return to a normal context: 833 nsec

[rank 10]
  # of preemption:                            1000
  Average interval time of preemption:        999942 nsec
  Average time to call a signal handler:      2362 nsec
  Average time to return to a normal context: 832 nsec

[rank 11]
  # of preemption:                            1000
  Average interval time of preemption:        999937 nsec
  Average time to call a signal handler:      2530 nsec
  Average time to return to a normal context: 809 nsec

[rank 12]
  # of preemption:                            1000
  Average interval time of preemption:        999933 nsec
  Average time to call a signal handler:      2420 nsec
  Average time to return to a normal context: 785 nsec

[rank 13]
  # of preemption:                            1000
  Average interval time of preemption:        999927 nsec
  Average time to call a signal handler:      2565 nsec
  Average time to return to a normal context: 853 nsec

[rank 14]
  # of preemption:                            1000
  Average interval time of preemption:        999923 nsec
  Average time to call a signal handler:      2509 nsec
  Average time to return to a normal context: 837 nsec

[rank 15]
  # of preemption:                            1000
  Average interval time of preemption:        999917 nsec
  Average time to call a signal handler:      2638 nsec
  Average time to return to a normal context: 908 nsec

[rank 16]
  # of preemption:                            1000
  Average interval time of preemption:        999913 nsec
  Average time to call a signal handler:      2505 nsec
  Average time to return to a normal context: 803 nsec

[rank 17]
  # of preemption:                            1000
  Average interval time of preemption:        999908 nsec
  Average time to call a signal handler:      2462 nsec
  Average time to return to a normal context: 819 nsec

[rank 18]
  # of preemption:                            1000
  Average interval time of preemption:        999903 nsec
  Average time to call a signal handler:      2360 nsec
  Average time to return to a normal context: 812 nsec

[rank 19]
  # of preemption:                            1000
  Average interval time of preemption:        999898 nsec
  Average time to call a signal handler:      2541 nsec
  Average time to return to a normal context: 789 nsec

[rank 20]
  # of preemption:                            1000
  Average interval time of preemption:        999894 nsec
  Average time to call a signal handler:      2537 nsec
  Average time to return to a normal context: 848 nsec

[rank 21]
  # of preemption:                            1000
  Average interval time of preemption:        999888 nsec
  Average time to call a signal handler:      2474 nsec
  Average time to return to a normal context: 842 nsec

[rank 22]
  # of preemption:                            1000
  Average interval time of preemption:        999884 nsec
  Average time to call a signal handler:      2510 nsec
  Average time to return to a normal context: 795 nsec

[rank 23]
  # of preemption:                            1000
  Average interval time of preemption:        999879 nsec
  Average time to call a signal handler:      2505 nsec
  Average time to return to a normal context: 797 nsec

[rank 24]
  # of preemption:                            1000
  Average interval time of preemption:        999875 nsec
  Average time to call a signal handler:      2456 nsec
  Average time to return to a normal context: 792 nsec

[rank 25]
  # of preemption:                            1000
  Average interval time of preemption:        999870 nsec
  Average time to call a signal handler:      2492 nsec
  Average time to return to a normal context: 779 nsec

[rank 26]
  # of preemption:                            1000
  Average interval time of preemption:        999865 nsec
  Average time to call a signal handler:      2390 nsec
  Average time to return to a normal context: 795 nsec

[rank 27]
  # of preemption:                            1000
  Average interval time of preemption:        999861 nsec
  Average time to call a signal handler:      3100 nsec
  Average time to return to a normal context: 853 nsec

[rank 28]
  # of preemption:                            1000
  Average interval time of preemption:        999852 nsec
  Average time to call a signal handler:      3416 nsec
  Average time to return to a normal context: 1436 nsec

[rank 29]
  # of preemption:                            1000
  Average interval time of preemption:        999844 nsec
  Average time to call a signal handler:      2722 nsec
  Average time to return to a normal context: 863 nsec

[rank 30]
  # of preemption:                            1000
  Average interval time of preemption:        999840 nsec
  Average time to call a signal handler:      2593 nsec
  Average time to return to a normal context: 801 nsec

[rank 31]
  # of preemption:                            1000
  Average interval time of preemption:        999835 nsec
  Average time to call a signal handler:      2522 nsec
  Average time to return to a normal context: 841 nsec

[rank 32]
  # of preemption:                            1000
  Average interval time of preemption:        999831 nsec
  Average time to call a signal handler:      2469 nsec
  Average time to return to a normal context: 797 nsec

[rank 33]
  # of preemption:                            1000
  Average interval time of preemption:        999811 nsec
  Average time to call a signal handler:      2446 nsec
  Average time to return to a normal context: 815 nsec

[rank 34]
  # of preemption:                            1000
  Average interval time of preemption:        999807 nsec
  Average time to call a signal handler:      2412 nsec
  Average time to return to a normal context: 814 nsec

[rank 35]
  # of preemption:                            1000
  Average interval time of preemption:        999802 nsec
  Average time to call a signal handler:      2556 nsec
  Average time to return to a normal context: 834 nsec

[rank 36]
  # of preemption:                            1000
  Average interval time of preemption:        999798 nsec
  Average time to call a signal handler:      2440 nsec
  Average time to return to a normal context: 760 nsec

[rank 37]
  # of preemption:                            1000
  Average interval time of preemption:        999794 nsec
  Average time to call a signal handler:      2449 nsec
  Average time to return to a normal context: 783 nsec

[rank 38]
  # of preemption:                            1000
  Average interval time of preemption:        999788 nsec
  Average time to call a signal handler:      2576 nsec
  Average time to return to a normal context: 801 nsec

[rank 39]
  # of preemption:                            1000
  Average interval time of preemption:        999784 nsec
  Average time to call a signal handler:      2594 nsec
  Average time to return to a normal context: 823 nsec

[rank 40]
  # of preemption:                            1000
  Average interval time of preemption:        999780 nsec
  Average time to call a signal handler:      2519 nsec
  Average time to return to a normal context: 784 nsec

[rank 41]
  # of preemption:                            1000
  Average interval time of preemption:        999775 nsec
  Average time to call a signal handler:      2500 nsec
  Average time to return to a normal context: 819 nsec

[rank 42]
  # of preemption:                            1000
  Average interval time of preemption:        999769 nsec
  Average time to call a signal handler:      2375 nsec
  Average time to return to a normal context: 812 nsec

[rank 43]
  # of preemption:                            1000
  Average interval time of preemption:        999765 nsec
  Average time to call a signal handler:      2544 nsec
  Average time to return to a normal context: 840 nsec

[rank 44]
  # of preemption:                            1000
  Average interval time of preemption:        999760 nsec
  Average time to call a signal handler:      2446 nsec
  Average time to return to a normal context: 816 nsec

[rank 45]
  # of preemption:                            1000
  Average interval time of preemption:        999755 nsec
  Average time to call a signal handler:      2515 nsec
  Average time to return to a normal context: 802 nsec

[rank 46]
  # of preemption:                            1000
  Average interval time of preemption:        999751 nsec
  Average time to call a signal handler:      2498 nsec
  Average time to return to a normal context: 789 nsec

[rank 47]
  # of preemption:                            1000
  Average interval time of preemption:        999746 nsec
  Average time to call a signal handler:      2620 nsec
  Average time to return to a normal context: 808 nsec

[rank 48]
  # of preemption:                            1000
  Average interval time of preemption:        999741 nsec
  Average time to call a signal handler:      2548 nsec
  Average time to return to a normal context: 775 nsec

[rank 49]
  # of preemption:                            1000
  Average interval time of preemption:        999736 nsec
  Average time to call a signal handler:      2583 nsec
  Average time to return to a normal context: 829 nsec

[rank 50]
  # of preemption:                            1000
  Average interval time of preemption:        999732 nsec
  Average time to call a signal handler:      2514 nsec
  Average time to return to a normal context: 828 nsec

[rank 51]
  # of preemption:                            1000
  Average interval time of preemption:        999727 nsec
  Average time to call a signal handler:      2567 nsec
  Average time to return to a normal context: 798 nsec

[rank 52]
  # of preemption:                            1000
  Average interval time of preemption:        999723 nsec
  Average time to call a signal handler:      2407 nsec
  Average time to return to a normal context: 803 nsec

[rank 53]
  # of preemption:                            1000
  Average interval time of preemption:        999718 nsec
  Average time to call a signal handler:      2446 nsec
  Average time to return to a normal context: 802 nsec

[rank 54]
  # of preemption:                            1000
  Average interval time of preemption:        999712 nsec
  Average time to call a signal handler:      2587 nsec
  Average time to return to a normal context: 785 nsec

[rank 55]
  # of preemption:                            1000
  Average interval time of preemption:        999710 nsec
  Average time to call a signal handler:      1614 nsec
  Average time to return to a normal context: 782 nsec

[Total]
  # of preemption:                            56000
  Average interval time of preemption:        999849 nsec
  Average time to call a signal handler:      2575 nsec
  Average time to return to a normal context: 822 nsec

