=============================================================
# of threads:                    56
# of timers:                     1
# of preemption for each thread: 1000
Interval time of preemption:     1000000 nsec
Managed timer:                   false
Sync timer:                      false
Chain wake-up:                   true
Thread timer:                    false
Use timerfd:                     false
=============================================================

[rank 0]
  # of preemption:                            1000
  Average interval time of preemption:        999989 nsec
  Average time to call a signal handler:      5766 nsec
  Average time to return to a normal context: 894 nsec

[rank 1]
  # of preemption:                            1000
  Average interval time of preemption:        999982 nsec
  Average time to call a signal handler:      2536 nsec
  Average time to return to a normal context: 831 nsec

[rank 2]
  # of preemption:                            1000
  Average interval time of preemption:        999978 nsec
  Average time to call a signal handler:      2562 nsec
  Average time to return to a normal context: 734 nsec

[rank 3]
  # of preemption:                            1000
  Average interval time of preemption:        999975 nsec
  Average time to call a signal handler:      2516 nsec
  Average time to return to a normal context: 752 nsec

[rank 4]
  # of preemption:                            1000
  Average interval time of preemption:        999971 nsec
  Average time to call a signal handler:      2397 nsec
  Average time to return to a normal context: 749 nsec

[rank 5]
  # of preemption:                            1000
  Average interval time of preemption:        999967 nsec
  Average time to call a signal handler:      2635 nsec
  Average time to return to a normal context: 752 nsec

[rank 6]
  # of preemption:                            1000
  Average interval time of preemption:        999963 nsec
  Average time to call a signal handler:      2595 nsec
  Average time to return to a normal context: 745 nsec

[rank 7]
  # of preemption:                            1000
  Average interval time of preemption:        999958 nsec
  Average time to call a signal handler:      2537 nsec
  Average time to return to a normal context: 787 nsec

[rank 8]
  # of preemption:                            1000
  Average interval time of preemption:        999954 nsec
  Average time to call a signal handler:      2560 nsec
  Average time to return to a normal context: 768 nsec

[rank 9]
  # of preemption:                            1000
  Average interval time of preemption:        999949 nsec
  Average time to call a signal handler:      2452 nsec
  Average time to return to a normal context: 772 nsec

[rank 10]
  # of preemption:                            1000
  Average interval time of preemption:        999944 nsec
  Average time to call a signal handler:      2453 nsec
  Average time to return to a normal context: 771 nsec

[rank 11]
  # of preemption:                            1000
  Average interval time of preemption:        999940 nsec
  Average time to call a signal handler:      2406 nsec
  Average time to return to a normal context: 760 nsec

[rank 12]
  # of preemption:                            1000
  Average interval time of preemption:        999934 nsec
  Average time to call a signal handler:      2443 nsec
  Average time to return to a normal context: 766 nsec

[rank 13]
  # of preemption:                            1000
  Average interval time of preemption:        999930 nsec
  Average time to call a signal handler:      2531 nsec
  Average time to return to a normal context: 793 nsec

[rank 14]
  # of preemption:                            1000
  Average interval time of preemption:        999924 nsec
  Average time to call a signal handler:      2525 nsec
  Average time to return to a normal context: 767 nsec

[rank 15]
  # of preemption:                            1000
  Average interval time of preemption:        999919 nsec
  Average time to call a signal handler:      2577 nsec
  Average time to return to a normal context: 760 nsec

[rank 16]
  # of preemption:                            1000
  Average interval time of preemption:        999914 nsec
  Average time to call a signal handler:      2495 nsec
  Average time to return to a normal context: 772 nsec

[rank 17]
  # of preemption:                            1000
  Average interval time of preemption:        999909 nsec
  Average time to call a signal handler:      2505 nsec
  Average time to return to a normal context: 798 nsec

[rank 18]
  # of preemption:                            1000
  Average interval time of preemption:        999904 nsec
  Average time to call a signal handler:      2469 nsec
  Average time to return to a normal context: 805 nsec

[rank 19]
  # of preemption:                            1000
  Average interval time of preemption:        999900 nsec
  Average time to call a signal handler:      2481 nsec
  Average time to return to a normal context: 832 nsec

[rank 20]
  # of preemption:                            1000
  Average interval time of preemption:        999892 nsec
  Average time to call a signal handler:      2556 nsec
  Average time to return to a normal context: 833 nsec

[rank 21]
  # of preemption:                            1000
  Average interval time of preemption:        999885 nsec
  Average time to call a signal handler:      2580 nsec
  Average time to return to a normal context: 841 nsec

[rank 22]
  # of preemption:                            1000
  Average interval time of preemption:        999880 nsec
  Average time to call a signal handler:      2506 nsec
  Average time to return to a normal context: 773 nsec

[rank 23]
  # of preemption:                            1000
  Average interval time of preemption:        999875 nsec
  Average time to call a signal handler:      2533 nsec
  Average time to return to a normal context: 760 nsec

[rank 24]
  # of preemption:                            1000
  Average interval time of preemption:        999871 nsec
  Average time to call a signal handler:      2520 nsec
  Average time to return to a normal context: 753 nsec

[rank 25]
  # of preemption:                            1000
  Average interval time of preemption:        999866 nsec
  Average time to call a signal handler:      2565 nsec
  Average time to return to a normal context: 759 nsec

[rank 26]
  # of preemption:                            1000
  Average interval time of preemption:        999861 nsec
  Average time to call a signal handler:      2735 nsec
  Average time to return to a normal context: 733 nsec

[rank 27]
  # of preemption:                            1000
  Average interval time of preemption:        999856 nsec
  Average time to call a signal handler:      2978 nsec
  Average time to return to a normal context: 723 nsec

[rank 28]
  # of preemption:                            1000
  Average interval time of preemption:        999847 nsec
  Average time to call a signal handler:      3087 nsec
  Average time to return to a normal context: 1146 nsec

[rank 29]
  # of preemption:                            1000
  Average interval time of preemption:        999840 nsec
  Average time to call a signal handler:      2565 nsec
  Average time to return to a normal context: 952 nsec

[rank 30]
  # of preemption:                            1000
  Average interval time of preemption:        999835 nsec
  Average time to call a signal handler:      2611 nsec
  Average time to return to a normal context: 763 nsec

[rank 31]
  # of preemption:                            1000
  Average interval time of preemption:        999830 nsec
  Average time to call a signal handler:      2422 nsec
  Average time to return to a normal context: 759 nsec

[rank 32]
  # of preemption:                            1000
  Average interval time of preemption:        999826 nsec
  Average time to call a signal handler:      2507 nsec
  Average time to return to a normal context: 748 nsec

[rank 33]
  # of preemption:                            1000
  Average interval time of preemption:        999822 nsec
  Average time to call a signal handler:      2579 nsec
  Average time to return to a normal context: 757 nsec

[rank 34]
  # of preemption:                            1000
  Average interval time of preemption:        999817 nsec
  Average time to call a signal handler:      2546 nsec
  Average time to return to a normal context: 752 nsec

[rank 35]
  # of preemption:                            1000
  Average interval time of preemption:        999811 nsec
  Average time to call a signal handler:      2529 nsec
  Average time to return to a normal context: 744 nsec

[rank 36]
  # of preemption:                            1000
  Average interval time of preemption:        999806 nsec
  Average time to call a signal handler:      2487 nsec
  Average time to return to a normal context: 733 nsec

[rank 37]
  # of preemption:                            1000
  Average interval time of preemption:        999802 nsec
  Average time to call a signal handler:      2424 nsec
  Average time to return to a normal context: 733 nsec

[rank 38]
  # of preemption:                            1000
  Average interval time of preemption:        999797 nsec
  Average time to call a signal handler:      2530 nsec
  Average time to return to a normal context: 749 nsec

[rank 39]
  # of preemption:                            1000
  Average interval time of preemption:        999792 nsec
  Average time to call a signal handler:      2493 nsec
  Average time to return to a normal context: 764 nsec

[rank 40]
  # of preemption:                            1000
  Average interval time of preemption:        999788 nsec
  Average time to call a signal handler:      2445 nsec
  Average time to return to a normal context: 738 nsec

[rank 41]
  # of preemption:                            1000
  Average interval time of preemption:        999783 nsec
  Average time to call a signal handler:      2539 nsec
  Average time to return to a normal context: 771 nsec

[rank 42]
  # of preemption:                            1000
  Average interval time of preemption:        999778 nsec
  Average time to call a signal handler:      2587 nsec
  Average time to return to a normal context: 720 nsec

[rank 43]
  # of preemption:                            1000
  Average interval time of preemption:        999773 nsec
  Average time to call a signal handler:      2513 nsec
  Average time to return to a normal context: 737 nsec

[rank 44]
  # of preemption:                            1000
  Average interval time of preemption:        999768 nsec
  Average time to call a signal handler:      2519 nsec
  Average time to return to a normal context: 719 nsec

[rank 45]
  # of preemption:                            1000
  Average interval time of preemption:        999763 nsec
  Average time to call a signal handler:      2540 nsec
  Average time to return to a normal context: 757 nsec

[rank 46]
  # of preemption:                            1000
  Average interval time of preemption:        999759 nsec
  Average time to call a signal handler:      2541 nsec
  Average time to return to a normal context: 718 nsec

[rank 47]
  # of preemption:                            1000
  Average interval time of preemption:        999754 nsec
  Average time to call a signal handler:      2521 nsec
  Average time to return to a normal context: 801 nsec

[rank 48]
  # of preemption:                            1000
  Average interval time of preemption:        999749 nsec
  Average time to call a signal handler:      2537 nsec
  Average time to return to a normal context: 795 nsec

[rank 49]
  # of preemption:                            1000
  Average interval time of preemption:        999744 nsec
  Average time to call a signal handler:      2467 nsec
  Average time to return to a normal context: 782 nsec

[rank 50]
  # of preemption:                            1000
  Average interval time of preemption:        999739 nsec
  Average time to call a signal handler:      2500 nsec
  Average time to return to a normal context: 829 nsec

[rank 51]
  # of preemption:                            1000
  Average interval time of preemption:        999734 nsec
  Average time to call a signal handler:      2385 nsec
  Average time to return to a normal context: 784 nsec

[rank 52]
  # of preemption:                            1000
  Average interval time of preemption:        999729 nsec
  Average time to call a signal handler:      2502 nsec
  Average time to return to a normal context: 785 nsec

[rank 53]
  # of preemption:                            1000
  Average interval time of preemption:        999724 nsec
  Average time to call a signal handler:      2564 nsec
  Average time to return to a normal context: 773 nsec

[rank 54]
  # of preemption:                            1000
  Average interval time of preemption:        999719 nsec
  Average time to call a signal handler:      2569 nsec
  Average time to return to a normal context: 775 nsec

[rank 55]
  # of preemption:                            1000
  Average interval time of preemption:        999717 nsec
  Average time to call a signal handler:      1614 nsec
  Average time to return to a normal context: 820 nsec

[Total]
  # of preemption:                            56000
  Average interval time of preemption:        999852 nsec
  Average time to call a signal handler:      2581 nsec
  Average time to return to a normal context: 780 nsec

