=============================================================
# of threads:                    8
# of timers:                     1
# of preemption for each thread: 1000
Interval time of preemption:     1000000 nsec
Managed timer:                   false
Sync timer:                      false
Chain wake-up:                   true
Thread timer:                    false
Use timerfd:                     false
=============================================================

[rank 0]
  # of preemption:                            1000
  Average interval time of preemption:        998995 nsec
  Average time to call a signal handler:      3575 nsec
  Average time to return to a normal context: 817 nsec

[rank 1]
  # of preemption:                            1000
  Average interval time of preemption:        998990 nsec
  Average time to call a signal handler:      2510 nsec
  Average time to return to a normal context: 815 nsec

[rank 2]
  # of preemption:                            1000
  Average interval time of preemption:        998985 nsec
  Average time to call a signal handler:      2530 nsec
  Average time to return to a normal context: 789 nsec

[rank 3]
  # of preemption:                            1000
  Average interval time of preemption:        998981 nsec
  Average time to call a signal handler:      2452 nsec
  Average time to return to a normal context: 811 nsec

[rank 4]
  # of preemption:                            1000
  Average interval time of preemption:        998976 nsec
  Average time to call a signal handler:      2391 nsec
  Average time to return to a normal context: 844 nsec

[rank 5]
  # of preemption:                            1000
  Average interval time of preemption:        998971 nsec
  Average time to call a signal handler:      2320 nsec
  Average time to return to a normal context: 926 nsec

[rank 6]
  # of preemption:                            1000
  Average interval time of preemption:        998965 nsec
  Average time to call a signal handler:      2613 nsec
  Average time to return to a normal context: 961 nsec

[rank 7]
  # of preemption:                            1000
  Average interval time of preemption:        998963 nsec
  Average time to call a signal handler:      1622 nsec
  Average time to return to a normal context: 990 nsec

[Total]
  # of preemption:                            8000
  Average interval time of preemption:        998978 nsec
  Average time to call a signal handler:      2501 nsec
  Average time to return to a normal context: 869 nsec

