=============================================================
# of threads:                    8
# of timers:                     1
# of preemption for each thread: 1000
Interval time of preemption:     1000000 nsec
Managed timer:                   false
Sync timer:                      false
Chain wake-up:                   true
Thread timer:                    false
Use timerfd:                     false
=============================================================

[rank 0]
  # of preemption:                            1000
  Average interval time of preemption:        998995 nsec
  Average time to call a signal handler:      3671 nsec
  Average time to return to a normal context: 858 nsec

[rank 1]
  # of preemption:                            1000
  Average interval time of preemption:        998991 nsec
  Average time to call a signal handler:      2476 nsec
  Average time to return to a normal context: 802 nsec

[rank 2]
  # of preemption:                            1000
  Average interval time of preemption:        998987 nsec
  Average time to call a signal handler:      2522 nsec
  Average time to return to a normal context: 795 nsec

[rank 3]
  # of preemption:                            1000
  Average interval time of preemption:        998984 nsec
  Average time to call a signal handler:      2502 nsec
  Average time to return to a normal context: 987 nsec

[rank 4]
  # of preemption:                            1000
  Average interval time of preemption:        998981 nsec
  Average time to call a signal handler:      2605 nsec
  Average time to return to a normal context: 877 nsec

[rank 5]
  # of preemption:                            1000
  Average interval time of preemption:        998977 nsec
  Average time to call a signal handler:      2694 nsec
  Average time to return to a normal context: 935 nsec

[rank 6]
  # of preemption:                            1000
  Average interval time of preemption:        998972 nsec
  Average time to call a signal handler:      2521 nsec
  Average time to return to a normal context: 865 nsec

[rank 7]
  # of preemption:                            1000
  Average interval time of preemption:        998970 nsec
  Average time to call a signal handler:      1692 nsec
  Average time to return to a normal context: 922 nsec

[Total]
  # of preemption:                            8000
  Average interval time of preemption:        998982 nsec
  Average time to call a signal handler:      2585 nsec
  Average time to return to a normal context: 880 nsec

