=============================================================
# of threads:                    8
# of timers:                     1
# of preemption for each thread: 1000
Interval time of preemption:     1000000 nsec
Managed timer:                   false
Sync timer:                      false
Chain wake-up:                   true
Thread timer:                    false
Use timerfd:                     false
=============================================================

[rank 0]
  # of preemption:                            1000
  Average interval time of preemption:        998996 nsec
  Average time to call a signal handler:      4085 nsec
  Average time to return to a normal context: 819 nsec

[rank 1]
  # of preemption:                            1000
  Average interval time of preemption:        998992 nsec
  Average time to call a signal handler:      2478 nsec
  Average time to return to a normal context: 846 nsec

[rank 2]
  # of preemption:                            1000
  Average interval time of preemption:        998988 nsec
  Average time to call a signal handler:      2460 nsec
  Average time to return to a normal context: 787 nsec

[rank 3]
  # of preemption:                            1000
  Average interval time of preemption:        998985 nsec
  Average time to call a signal handler:      2524 nsec
  Average time to return to a normal context: 813 nsec

[rank 4]
  # of preemption:                            1000
  Average interval time of preemption:        998981 nsec
  Average time to call a signal handler:      2475 nsec
  Average time to return to a normal context: 820 nsec

[rank 5]
  # of preemption:                            1000
  Average interval time of preemption:        998977 nsec
  Average time to call a signal handler:      2532 nsec
  Average time to return to a normal context: 846 nsec

[rank 6]
  # of preemption:                            1000
  Average interval time of preemption:        998972 nsec
  Average time to call a signal handler:      2505 nsec
  Average time to return to a normal context: 862 nsec

[rank 7]
  # of preemption:                            1000
  Average interval time of preemption:        998970 nsec
  Average time to call a signal handler:      1566 nsec
  Average time to return to a normal context: 934 nsec

[Total]
  # of preemption:                            8000
  Average interval time of preemption:        998982 nsec
  Average time to call a signal handler:      2578 nsec
  Average time to return to a normal context: 840 nsec

