=============================================================
# of threads:                    8
# of timers:                     1
# of preemption for each thread: 1000
Interval time of preemption:     1000000 nsec
Managed timer:                   false
Sync timer:                      false
Chain wake-up:                   true
Thread timer:                    false
Use timerfd:                     false
=============================================================

[rank 0]
  # of preemption:                            1000
  Average interval time of preemption:        998995 nsec
  Average time to call a signal handler:      3054 nsec
  Average time to return to a normal context: 836 nsec

[rank 1]
  # of preemption:                            1000
  Average interval time of preemption:        998991 nsec
  Average time to call a signal handler:      2539 nsec
  Average time to return to a normal context: 804 nsec

[rank 2]
  # of preemption:                            1000
  Average interval time of preemption:        998987 nsec
  Average time to call a signal handler:      2387 nsec
  Average time to return to a normal context: 801 nsec

[rank 3]
  # of preemption:                            1000
  Average interval time of preemption:        998984 nsec
  Average time to call a signal handler:      2592 nsec
  Average time to return to a normal context: 1101 nsec

[rank 4]
  # of preemption:                            1000
  Average interval time of preemption:        998979 nsec
  Average time to call a signal handler:      2583 nsec
  Average time to return to a normal context: 903 nsec

[rank 5]
  # of preemption:                            1000
  Average interval time of preemption:        998974 nsec
  Average time to call a signal handler:      2528 nsec
  Average time to return to a normal context: 974 nsec

[rank 6]
  # of preemption:                            1000
  Average interval time of preemption:        998970 nsec
  Average time to call a signal handler:      2544 nsec
  Average time to return to a normal context: 890 nsec

[rank 7]
  # of preemption:                            1000
  Average interval time of preemption:        998968 nsec
  Average time to call a signal handler:      1678 nsec
  Average time to return to a normal context: 920 nsec

[Total]
  # of preemption:                            8000
  Average interval time of preemption:        998981 nsec
  Average time to call a signal handler:      2488 nsec
  Average time to return to a normal context: 903 nsec

