=============================================================
# of threads:                    8
# of timers:                     1
# of preemption for each thread: 1000
Interval time of preemption:     1000000 nsec
Managed timer:                   false
Sync timer:                      false
Chain wake-up:                   true
Thread timer:                    false
Use timerfd:                     false
=============================================================

[rank 0]
  # of preemption:                            1000
  Average interval time of preemption:        998993 nsec
  Average time to call a signal handler:      3647 nsec
  Average time to return to a normal context: 850 nsec

[rank 1]
  # of preemption:                            1000
  Average interval time of preemption:        998989 nsec
  Average time to call a signal handler:      2502 nsec
  Average time to return to a normal context: 865 nsec

[rank 2]
  # of preemption:                            1000
  Average interval time of preemption:        998985 nsec
  Average time to call a signal handler:      2505 nsec
  Average time to return to a normal context: 803 nsec

[rank 3]
  # of preemption:                            1000
  Average interval time of preemption:        998982 nsec
  Average time to call a signal handler:      2436 nsec
  Average time to return to a normal context: 834 nsec

[rank 4]
  # of preemption:                            1000
  Average interval time of preemption:        998979 nsec
  Average time to call a signal handler:      2493 nsec
  Average time to return to a normal context: 834 nsec

[rank 5]
  # of preemption:                            1000
  Average interval time of preemption:        998975 nsec
  Average time to call a signal handler:      2512 nsec
  Average time to return to a normal context: 892 nsec

[rank 6]
  # of preemption:                            1000
  Average interval time of preemption:        998970 nsec
  Average time to call a signal handler:      2530 nsec
  Average time to return to a normal context: 867 nsec

[rank 7]
  # of preemption:                            1000
  Average interval time of preemption:        998969 nsec
  Average time to call a signal handler:      1562 nsec
  Average time to return to a normal context: 931 nsec

[Total]
  # of preemption:                            8000
  Average interval time of preemption:        998980 nsec
  Average time to call a signal handler:      2523 nsec
  Average time to return to a normal context: 859 nsec

