=============================================================
# of xstreams:             56
# of threads:              560
# of repeats:              11
Use pthread:               false
Preemption:                On
# of preemption groups:    56
Preemption timer interval: 10000 usec
Preemption type:           ABT_PREEMPTION_NEW_ES
# of iterations:           30000000
=============================================================

Iteration 0 started...  [elapsed] 1089555152 nsec
Iteration 1 started...  [elapsed] 1089386299 nsec
Iteration 2 started...  [elapsed] 1089652220 nsec
Iteration 3 started...  [elapsed] 1088700109 nsec
Iteration 4 started...  [elapsed] 1090807305 nsec
Iteration 5 started...  [elapsed] 1091350441 nsec
Iteration 6 started...  [elapsed] 1091409465 nsec
Iteration 7 started...  [elapsed] 1091437107 nsec
Iteration 8 started...  [elapsed] 1090066827 nsec
Iteration 9 started...  [elapsed] 1090016326 nsec
Iteration 10 started...  [elapsed] 1090520822 nsec
success!
