=============================================================
# of xstreams:             56
# of threads:              560
# of repeats:              11
Use pthread:               false
Preemption:                On
# of preemption groups:    56
Preemption timer interval: 1000 usec
Preemption type:           ABT_PREEMPTION_NEW_ES
# of iterations:           30000000
=============================================================

Iteration 0 started...  [elapsed] 1102670246 nsec
Iteration 1 started...  [elapsed] 1104177724 nsec
Iteration 2 started...  [elapsed] 1102721462 nsec
Iteration 3 started...  [elapsed] 1104523655 nsec
Iteration 4 started...  [elapsed] 1104131302 nsec
Iteration 5 started...  [elapsed] 1104042919 nsec
Iteration 6 started...  [elapsed] 1103983080 nsec
Iteration 7 started...  [elapsed] 1106364319 nsec
Iteration 8 started...  [elapsed] 1104454878 nsec
Iteration 9 started...  [elapsed] 1105313265 nsec
Iteration 10 started...  [elapsed] 1105387822 nsec
success!
