=============================================================
# of xstreams:             56
# of threads:              560
# of repeats:              11
Use pthread:               false
Preemption:                On
# of preemption groups:    56
Preemption timer interval: 10000 usec
Preemption type:           ABT_PREEMPTION_NEW_ES
# of iterations:           30000000
=============================================================

Iteration 0 started...  [elapsed] 1089190105 nsec
Iteration 1 started...  [elapsed] 1088920908 nsec
Iteration 2 started...  [elapsed] 1089123556 nsec
Iteration 3 started...  [elapsed] 1089189020 nsec
Iteration 4 started...  [elapsed] 1089201268 nsec
Iteration 5 started...  [elapsed] 1088956561 nsec
Iteration 6 started...  [elapsed] 1088554272 nsec
Iteration 7 started...  [elapsed] 1089325976 nsec
Iteration 8 started...  [elapsed] 1089199405 nsec
Iteration 9 started...  [elapsed] 1089038003 nsec
Iteration 10 started...  [elapsed] 1089932152 nsec
success!
