=============================================================
# of xstreams:             56
# of threads:              560
# of repeats:              11
Use pthread:               false
Preemption:                On
# of preemption groups:    56
Preemption timer interval: 1000 usec
Preemption type:           ABT_PREEMPTION_NEW_ES
# of iterations:           30000000
=============================================================

Iteration 0 started...  [elapsed] 1102801502 nsec
Iteration 1 started...  [elapsed] 1104100489 nsec
Iteration 2 started...  [elapsed] 1104266586 nsec
Iteration 3 started...  [elapsed] 1105375040 nsec
Iteration 4 started...  [elapsed] 1104701658 nsec
Iteration 5 started...  [elapsed] 1102609930 nsec
Iteration 6 started...  [elapsed] 1104174785 nsec
Iteration 7 started...  [elapsed] 1104672628 nsec
Iteration 8 started...  [elapsed] 1103058826 nsec
Iteration 9 started...  [elapsed] 1104845327 nsec
Iteration 10 started...  [elapsed] 1105186849 nsec
success!
