=============================================================
# of xstreams:             56
# of threads:              560
# of repeats:              11
Use pthread:               false
Preemption:                On
# of preemption groups:    56
Preemption timer interval: 1000 usec
Preemption type:           ABT_PREEMPTION_NEW_ES
# of iterations:           30000000
=============================================================

Iteration 0 started...  [elapsed] 1102889376 nsec
Iteration 1 started...  [elapsed] 1104265377 nsec
Iteration 2 started...  [elapsed] 1104209606 nsec
Iteration 3 started...  [elapsed] 1103234710 nsec
Iteration 4 started...  [elapsed] 1104448779 nsec
Iteration 5 started...  [elapsed] 1103302441 nsec
Iteration 6 started...  [elapsed] 1104390897 nsec
Iteration 7 started...  [elapsed] 1102991682 nsec
Iteration 8 started...  [elapsed] 1104679323 nsec
Iteration 9 started...  [elapsed] 1104861839 nsec
Iteration 10 started...  [elapsed] 1105152630 nsec
success!
