=============================================================
# of xstreams:             56
# of threads:              560
# of repeats:              11
Use pthread:               false
Preemption:                On
# of preemption groups:    56
Preemption timer interval: 10000 usec
Preemption type:           ABT_PREEMPTION_NEW_ES
# of iterations:           30000000
=============================================================

Iteration 0 started...  [elapsed] 1089028521 nsec
Iteration 1 started...  [elapsed] 1089067570 nsec
Iteration 2 started...  [elapsed] 1089138266 nsec
Iteration 3 started...  [elapsed] 1088950230 nsec
Iteration 4 started...  [elapsed] 1089081032 nsec
Iteration 5 started...  [elapsed] 1088508197 nsec
Iteration 6 started...  [elapsed] 1088407005 nsec
Iteration 7 started...  [elapsed] 1088565352 nsec
Iteration 8 started...  [elapsed] 1089013275 nsec
Iteration 9 started...  [elapsed] 1089105866 nsec
Iteration 10 started...  [elapsed] 1089657141 nsec
success!
