=============================================================
# of xstreams:             56
# of threads:              560
# of repeats:              11
Use pthread:               false
Preemption:                On
# of preemption groups:    56
Preemption timer interval: 1000 usec
Preemption type:           ABT_PREEMPTION_NEW_ES
# of iterations:           30000000
=============================================================

Iteration 0 started...  [elapsed] 1102408227 nsec
Iteration 1 started...  [elapsed] 1103911335 nsec
Iteration 2 started...  [elapsed] 1102513251 nsec
Iteration 3 started...  [elapsed] 1103912019 nsec
Iteration 4 started...  [elapsed] 1103956729 nsec
Iteration 5 started...  [elapsed] 1103866240 nsec
Iteration 6 started...  [elapsed] 1102564170 nsec
Iteration 7 started...  [elapsed] 1103910596 nsec
Iteration 8 started...  [elapsed] 1104109349 nsec
Iteration 9 started...  [elapsed] 1104381158 nsec
Iteration 10 started...  [elapsed] 1104970043 nsec
success!
