=============================================================
# of xstreams:             56
# of threads:              560
# of repeats:              11
Use pthread:               false
Preemption:                On
# of preemption groups:    56
Preemption timer interval: 10000 usec
Preemption type:           ABT_PREEMPTION_NEW_ES
# of iterations:           30000000
=============================================================

Iteration 0 started...  [elapsed] 1089154429 nsec
Iteration 1 started...  [elapsed] 1089137376 nsec
Iteration 2 started...  [elapsed] 1089119398 nsec
Iteration 3 started...  [elapsed] 1089052720 nsec
Iteration 4 started...  [elapsed] 1089109822 nsec
Iteration 5 started...  [elapsed] 1088982982 nsec
Iteration 6 started...  [elapsed] 1089060929 nsec
Iteration 7 started...  [elapsed] 1089081958 nsec
Iteration 8 started...  [elapsed] 1089159294 nsec
Iteration 9 started...  [elapsed] 1089089577 nsec
Iteration 10 started...  [elapsed] 1089392798 nsec
success!
