=============================================================
# of xstreams:             56
# of threads:              560
# of repeats:              11
Use pthread:               false
Preemption:                On
# of preemption groups:    56
Preemption timer interval: 1000 usec
Preemption type:           ABT_PREEMPTION_NEW_ES
# of iterations:           30000000
=============================================================

Iteration 0 started...  [elapsed] 1102895828 nsec
Iteration 1 started...  [elapsed] 1104182927 nsec
Iteration 2 started...  [elapsed] 1104398346 nsec
Iteration 3 started...  [elapsed] 1104326670 nsec
Iteration 4 started...  [elapsed] 1103111040 nsec
Iteration 5 started...  [elapsed] 1104227096 nsec
Iteration 6 started...  [elapsed] 1102894019 nsec
Iteration 7 started...  [elapsed] 1104715300 nsec
Iteration 8 started...  [elapsed] 1104376599 nsec
Iteration 9 started...  [elapsed] 1104460543 nsec
Iteration 10 started...  [elapsed] 1104865882 nsec
success!
