=============================================================
# of xstreams:             56
# of threads:              560
# of repeats:              11
Use pthread:               false
Preemption:                On
# of preemption groups:    56
Preemption timer interval: 1000 usec
Preemption type:           ABT_PREEMPTION_NEW_ES
# of iterations:           30000000
=============================================================

Iteration 0 started...  [elapsed] 1102758871 nsec
Iteration 1 started...  [elapsed] 1104227590 nsec
Iteration 2 started...  [elapsed] 1104244176 nsec
Iteration 3 started...  [elapsed] 1102809465 nsec
Iteration 4 started...  [elapsed] 1102867791 nsec
Iteration 5 started...  [elapsed] 1104228331 nsec
Iteration 6 started...  [elapsed] 1104132276 nsec
Iteration 7 started...  [elapsed] 1104217792 nsec
Iteration 8 started...  [elapsed] 1104147678 nsec
Iteration 9 started...  [elapsed] 1103591254 nsec
Iteration 10 started...  [elapsed] 1103845354 nsec
success!
