=============================================================
# of xstreams:             56
# of threads:              560
# of repeats:              11
Use pthread:               false
Preemption:                On
# of preemption groups:    56
Preemption timer interval: 1000 usec
Preemption type:           ABT_PREEMPTION_NEW_ES
# of iterations:           30000000
=============================================================

Iteration 0 started...  [elapsed] 1102711184 nsec
Iteration 1 started...  [elapsed] 1104389515 nsec
Iteration 2 started...  [elapsed] 1104274222 nsec
Iteration 3 started...  [elapsed] 1104241424 nsec
Iteration 4 started...  [elapsed] 1104360009 nsec
Iteration 5 started...  [elapsed] 1104059638 nsec
Iteration 6 started...  [elapsed] 1103955032 nsec
Iteration 7 started...  [elapsed] 1104154501 nsec
Iteration 8 started...  [elapsed] 1104477907 nsec
Iteration 9 started...  [elapsed] 1104526639 nsec
Iteration 10 started...  [elapsed] 1105463053 nsec
success!
