=============================================================
# of xstreams:             56
# of threads:              560
# of repeats:              11
Use pthread:               false
Preemption:                On
# of preemption groups:    56
Preemption timer interval: 10000 usec
Preemption type:           ABT_PREEMPTION_NEW_ES
# of iterations:           30000000
=============================================================

Iteration 0 started...  [elapsed] 1090451160 nsec
Iteration 1 started...  [elapsed] 1089171027 nsec
Iteration 2 started...  [elapsed] 1089263066 nsec
Iteration 3 started...  [elapsed] 1089258284 nsec
Iteration 4 started...  [elapsed] 1089624727 nsec
Iteration 5 started...  [elapsed] 1088716364 nsec
Iteration 6 started...  [elapsed] 1088891252 nsec
Iteration 7 started...  [elapsed] 1089206492 nsec
Iteration 8 started...  [elapsed] 1089319916 nsec
Iteration 9 started...  [elapsed] 1089453012 nsec
Iteration 10 started...  [elapsed] 1090027111 nsec
success!
