=============================================================
# of xstreams:             56
# of threads:              560
# of repeats:              11
Use pthread:               false
Preemption:                On
# of preemption groups:    56
Preemption timer interval: 10000 usec
Preemption type:           ABT_PREEMPTION_NEW_ES
# of iterations:           30000000
=============================================================

Iteration 0 started...  [elapsed] 1089272133 nsec
Iteration 1 started...  [elapsed] 1089191281 nsec
Iteration 2 started...  [elapsed] 1089451136 nsec
Iteration 3 started...  [elapsed] 1088773531 nsec
Iteration 4 started...  [elapsed] 1089189417 nsec
Iteration 5 started...  [elapsed] 1088943581 nsec
Iteration 6 started...  [elapsed] 1089205369 nsec
Iteration 7 started...  [elapsed] 1089226554 nsec
Iteration 8 started...  [elapsed] 1089242867 nsec
Iteration 9 started...  [elapsed] 1089228149 nsec
Iteration 10 started...  [elapsed] 1089679889 nsec
success!
