=============================================================
# of xstreams:             56
# of threads:              560
# of repeats:              11
Use pthread:               false
Preemption:                On
# of preemption groups:    56
Preemption timer interval: 1500 usec
Preemption type:           ABT_PREEMPTION_NEW_ES
# of iterations:           30000000
=============================================================

Iteration 0 started...  [elapsed] 1097846253 nsec
Iteration 1 started...  [elapsed] 1097976060 nsec
Iteration 2 started...  [elapsed] 1097754810 nsec
Iteration 3 started...  [elapsed] 1098005432 nsec
Iteration 4 started...  [elapsed] 1097708150 nsec
Iteration 5 started...  [elapsed] 1097961193 nsec
Iteration 6 started...  [elapsed] 1097968333 nsec
Iteration 7 started...  [elapsed] 1097363827 nsec
Iteration 8 started...  [elapsed] 1098040369 nsec
Iteration 9 started...  [elapsed] 1097905141 nsec
Iteration 10 started...  [elapsed] 1098513998 nsec
success!
