=============================================================
# of xstreams:             56
# of threads:              560
# of repeats:              11
Use pthread:               false
Preemption:                On
# of preemption groups:    56
Preemption timer interval: 1500 usec
Preemption type:           ABT_PREEMPTION_NEW_ES
# of iterations:           30000000
=============================================================

Iteration 0 started...  [elapsed] 1098101465 nsec
Iteration 1 started...  [elapsed] 1098010504 nsec
Iteration 2 started...  [elapsed] 1097890405 nsec
Iteration 3 started...  [elapsed] 1097913983 nsec
Iteration 4 started...  [elapsed] 1097924040 nsec
Iteration 5 started...  [elapsed] 1097486311 nsec
Iteration 6 started...  [elapsed] 1098015841 nsec
Iteration 7 started...  [elapsed] 1097919913 nsec
Iteration 8 started...  [elapsed] 1098196365 nsec
Iteration 9 started...  [elapsed] 1098596377 nsec
Iteration 10 started...  [elapsed] 1098648292 nsec
success!
