=============================================================
# of xstreams:             56
# of threads:              560
# of repeats:              11
Use pthread:               false
Preemption:                On
# of preemption groups:    56
Preemption timer interval: 1500 usec
Preemption type:           ABT_PREEMPTION_NEW_ES
# of iterations:           30000000
=============================================================

Iteration 0 started...  [elapsed] 1097998052 nsec
Iteration 1 started...  [elapsed] 1098111843 nsec
Iteration 2 started...  [elapsed] 1098039424 nsec
Iteration 3 started...  [elapsed] 1097969995 nsec
Iteration 4 started...  [elapsed] 1098084422 nsec
Iteration 5 started...  [elapsed] 1098015893 nsec
Iteration 6 started...  [elapsed] 1097581246 nsec
Iteration 7 started...  [elapsed] 1098044650 nsec
Iteration 8 started...  [elapsed] 1098629302 nsec
Iteration 9 started...  [elapsed] 1098077022 nsec
Iteration 10 started...  [elapsed] 1098773488 nsec
success!
