=============================================================
# of xstreams:             56
# of threads:              560
# of repeats:              11
Use pthread:               false
Preemption:                On
# of preemption groups:    56
Preemption timer interval: 1500 usec
Preemption type:           ABT_PREEMPTION_NEW_ES
# of iterations:           30000000
=============================================================

Iteration 0 started...  [elapsed] 1097898620 nsec
Iteration 1 started...  [elapsed] 1097546677 nsec
Iteration 2 started...  [elapsed] 1097986471 nsec
Iteration 3 started...  [elapsed] 1097999324 nsec
Iteration 4 started...  [elapsed] 1097572204 nsec
Iteration 5 started...  [elapsed] 1098023308 nsec
Iteration 6 started...  [elapsed] 1097992102 nsec
Iteration 7 started...  [elapsed] 1097917058 nsec
Iteration 8 started...  [elapsed] 1097796728 nsec
Iteration 9 started...  [elapsed] 1098519519 nsec
Iteration 10 started...  [elapsed] 1098992277 nsec
success!
