=============================================================
# of xstreams:             56
# of threads:              560
# of repeats:              11
Use pthread:               false
Preemption:                On
# of preemption groups:    56
Preemption timer interval: 1500 usec
Preemption type:           ABT_PREEMPTION_NEW_ES
# of iterations:           30000000
=============================================================

Iteration 0 started...  [elapsed] 1098007685 nsec
Iteration 1 started...  [elapsed] 1097838665 nsec
Iteration 2 started...  [elapsed] 1098085428 nsec
Iteration 3 started...  [elapsed] 1098067133 nsec
Iteration 4 started...  [elapsed] 1097413688 nsec
Iteration 5 started...  [elapsed] 1097809519 nsec
Iteration 6 started...  [elapsed] 1097670200 nsec
Iteration 7 started...  [elapsed] 1097915458 nsec
Iteration 8 started...  [elapsed] 1097777580 nsec
Iteration 9 started...  [elapsed] 1098321439 nsec
Iteration 10 started...  [elapsed] 1098831389 nsec
success!
