=============================================================
# of xstreams:             56
# of threads:              560
# of repeats:              11
Use pthread:               false
Preemption:                On
# of preemption groups:    56
Preemption timer interval: 1500 usec
Preemption type:           ABT_PREEMPTION_NEW_ES
# of iterations:           30000000
=============================================================

Iteration 0 started...  [elapsed] 1098177892 nsec
Iteration 1 started...  [elapsed] 1098352848 nsec
Iteration 2 started...  [elapsed] 1097531359 nsec
Iteration 3 started...  [elapsed] 1098085016 nsec
Iteration 4 started...  [elapsed] 1098294144 nsec
Iteration 5 started...  [elapsed] 1098184260 nsec
Iteration 6 started...  [elapsed] 1098041759 nsec
Iteration 7 started...  [elapsed] 1098110540 nsec
Iteration 8 started...  [elapsed] 1098061187 nsec
Iteration 9 started...  [elapsed] 1098058076 nsec
Iteration 10 started...  [elapsed] 1098583891 nsec
success!
