=============================================================
# of xstreams:             56
# of threads:              560
# of repeats:              11
Use pthread:               false
Preemption:                On
# of preemption groups:    56
Preemption timer interval: 200 usec
Preemption type:           ABT_PREEMPTION_NEW_ES
# of iterations:           30000000
=============================================================

Iteration 0 started...  [elapsed] 1201134729 nsec
Iteration 1 started...  [elapsed] 1203177318 nsec
Iteration 2 started...  [elapsed] 1204924191 nsec
Iteration 3 started...  [elapsed] 1203963243 nsec
Iteration 4 started...  [elapsed] 1203320247 nsec
Iteration 5 started...  [elapsed] 1204480640 nsec
Iteration 6 started...  [elapsed] 1205165622 nsec
Iteration 7 started...  [elapsed] 1204454789 nsec
Iteration 8 started...  [elapsed] 1205632261 nsec
Iteration 9 started...  [elapsed] 1204810849 nsec
Iteration 10 started...  [elapsed] 1204500175 nsec
success!
