=============================================================
# of xstreams:             56
# of threads:              560
# of repeats:              11
Use pthread:               false
Preemption:                On
# of preemption groups:    56
Preemption timer interval: 200 usec
Preemption type:           ABT_PREEMPTION_NEW_ES
# of iterations:           30000000
=============================================================

Iteration 0 started...  [elapsed] 1198224658 nsec
Iteration 1 started...  [elapsed] 1200089620 nsec
Iteration 2 started...  [elapsed] 1199999199 nsec
Iteration 3 started...  [elapsed] 1199627020 nsec
Iteration 4 started...  [elapsed] 1200235867 nsec
Iteration 5 started...  [elapsed] 1199915736 nsec
Iteration 6 started...  [elapsed] 1198857813 nsec
Iteration 7 started...  [elapsed] 1200403118 nsec
Iteration 8 started...  [elapsed] 1202301705 nsec
Iteration 9 started...  [elapsed] 1203062301 nsec
Iteration 10 started...  [elapsed] 1200533222 nsec
success!
