=============================================================
# of xstreams:             56
# of threads:              560
# of repeats:              11
Use pthread:               false
Preemption:                On
# of preemption groups:    56
Preemption timer interval: 200 usec
Preemption type:           ABT_PREEMPTION_NEW_ES
# of iterations:           30000000
=============================================================

Iteration 0 started...  [elapsed] 1200755369 nsec
Iteration 1 started...  [elapsed] 1202742462 nsec
Iteration 2 started...  [elapsed] 1203404511 nsec
Iteration 3 started...  [elapsed] 1202248841 nsec
Iteration 4 started...  [elapsed] 1203163261 nsec
Iteration 5 started...  [elapsed] 1202802903 nsec
Iteration 6 started...  [elapsed] 1204146356 nsec
Iteration 7 started...  [elapsed] 1204496486 nsec
Iteration 8 started...  [elapsed] 1205596073 nsec
Iteration 9 started...  [elapsed] 1205583027 nsec
Iteration 10 started...  [elapsed] 1204978374 nsec
success!
