=============================================================
# of xstreams:             56
# of threads:              560
# of repeats:              11
Use pthread:               false
Preemption:                On
# of preemption groups:    56
Preemption timer interval: 2000 usec
Preemption type:           ABT_PREEMPTION_NEW_ES
# of iterations:           30000000
=============================================================

Iteration 0 started...  [elapsed] 1095144260 nsec
Iteration 1 started...  [elapsed] 1095209666 nsec
Iteration 2 started...  [elapsed] 1095103288 nsec
Iteration 3 started...  [elapsed] 1094393284 nsec
Iteration 4 started...  [elapsed] 1095247958 nsec
Iteration 5 started...  [elapsed] 1095115910 nsec
Iteration 6 started...  [elapsed] 1095116042 nsec
Iteration 7 started...  [elapsed] 1095235777 nsec
Iteration 8 started...  [elapsed] 1095048412 nsec
Iteration 9 started...  [elapsed] 1095447879 nsec
Iteration 10 started...  [elapsed] 1094875924 nsec
success!
