=============================================================
# of xstreams:             56
# of threads:              560
# of repeats:              11
Use pthread:               false
Preemption:                On
# of preemption groups:    56
Preemption timer interval: 200 usec
Preemption type:           ABT_PREEMPTION_NEW_ES
# of iterations:           30000000
=============================================================

Iteration 0 started...  [elapsed] 1199552675 nsec
Iteration 1 started...  [elapsed] 1199307368 nsec
Iteration 2 started...  [elapsed] 1199138868 nsec
Iteration 3 started...  [elapsed] 1199461896 nsec
Iteration 4 started...  [elapsed] 1200095771 nsec
Iteration 5 started...  [elapsed] 1200693085 nsec
Iteration 6 started...  [elapsed] 1201135228 nsec
Iteration 7 started...  [elapsed] 1201251550 nsec
Iteration 8 started...  [elapsed] 1202012935 nsec
Iteration 9 started...  [elapsed] 1202001285 nsec
Iteration 10 started...  [elapsed] 1202595649 nsec
success!
