=============================================================
# of xstreams:             56
# of threads:              560
# of repeats:              11
Use pthread:               false
Preemption:                On
# of preemption groups:    56
Preemption timer interval: 200 usec
Preemption type:           ABT_PREEMPTION_NEW_ES
# of iterations:           30000000
=============================================================

Iteration 0 started...  [elapsed] 1199071157 nsec
Iteration 1 started...  [elapsed] 1199777554 nsec
Iteration 2 started...  [elapsed] 1199939314 nsec
Iteration 3 started...  [elapsed] 1202201624 nsec
Iteration 4 started...  [elapsed] 1200498162 nsec
Iteration 5 started...  [elapsed] 1200174744 nsec
Iteration 6 started...  [elapsed] 1200798893 nsec
Iteration 7 started...  [elapsed] 1199811844 nsec
Iteration 8 started...  [elapsed] 1200945068 nsec
Iteration 9 started...  [elapsed] 1200175779 nsec
Iteration 10 started...  [elapsed] 1200695385 nsec
success!
