=============================================================
# of xstreams:             56
# of threads:              560
# of repeats:              11
Use pthread:               false
Preemption:                On
# of preemption groups:    56
Preemption timer interval: 200 usec
Preemption type:           ABT_PREEMPTION_NEW_ES
# of iterations:           30000000
=============================================================

Iteration 0 started...  [elapsed] 1199983870 nsec
Iteration 1 started...  [elapsed] 1201971044 nsec
Iteration 2 started...  [elapsed] 1201601610 nsec
Iteration 3 started...  [elapsed] 1201445168 nsec
Iteration 4 started...  [elapsed] 1201974220 nsec
Iteration 5 started...  [elapsed] 1201939732 nsec
Iteration 6 started...  [elapsed] 1202752082 nsec
Iteration 7 started...  [elapsed] 1202456662 nsec
Iteration 8 started...  [elapsed] 1203124267 nsec
Iteration 9 started...  [elapsed] 1202866313 nsec
Iteration 10 started...  [elapsed] 1203218062 nsec
success!
