=============================================================
# of xstreams:             56
# of threads:              560
# of repeats:              11
Use pthread:               false
Preemption:                On
# of preemption groups:    56
Preemption timer interval: 200 usec
Preemption type:           ABT_PREEMPTION_NEW_ES
# of iterations:           30000000
=============================================================

Iteration 0 started...  [elapsed] 1201864489 nsec
Iteration 1 started...  [elapsed] 1204138762 nsec
Iteration 2 started...  [elapsed] 1204899797 nsec
Iteration 3 started...  [elapsed] 1204486169 nsec
Iteration 4 started...  [elapsed] 1203195194 nsec
Iteration 5 started...  [elapsed] 1203400695 nsec
Iteration 6 started...  [elapsed] 1205533300 nsec
Iteration 7 started...  [elapsed] 1204557319 nsec
Iteration 8 started...  [elapsed] 1205240736 nsec
Iteration 9 started...  [elapsed] 1204510748 nsec
Iteration 10 started...  [elapsed] 1204499422 nsec
success!
