=============================================================
# of xstreams:             56
# of threads:              560
# of repeats:              11
Use pthread:               false
Preemption:                On
# of preemption groups:    56
Preemption timer interval: 200 usec
Preemption type:           ABT_PREEMPTION_NEW_ES
# of iterations:           30000000
=============================================================

Iteration 0 started...  [elapsed] 1200549837 nsec
Iteration 1 started...  [elapsed] 1202212016 nsec
Iteration 2 started...  [elapsed] 1201836636 nsec
Iteration 3 started...  [elapsed] 1201180929 nsec
Iteration 4 started...  [elapsed] 1201910121 nsec
Iteration 5 started...  [elapsed] 1201335974 nsec
Iteration 6 started...  [elapsed] 1201189137 nsec
Iteration 7 started...  [elapsed] 1202406773 nsec
Iteration 8 started...  [elapsed] 1202901992 nsec
Iteration 9 started...  [elapsed] 1203382671 nsec
Iteration 10 started...  [elapsed] 1203706117 nsec
success!
