=============================================================
# of xstreams:             56
# of threads:              560
# of repeats:              11
Use pthread:               false
Preemption:                On
# of preemption groups:    56
Preemption timer interval: 2000 usec
Preemption type:           ABT_PREEMPTION_NEW_ES
# of iterations:           30000000
=============================================================

Iteration 0 started...  [elapsed] 1095107315 nsec
Iteration 1 started...  [elapsed] 1095103234 nsec
Iteration 2 started...  [elapsed] 1095124174 nsec
Iteration 3 started...  [elapsed] 1094372075 nsec
Iteration 4 started...  [elapsed] 1095204418 nsec
Iteration 5 started...  [elapsed] 1095184519 nsec
Iteration 6 started...  [elapsed] 1094129686 nsec
Iteration 7 started...  [elapsed] 1094092554 nsec
Iteration 8 started...  [elapsed] 1094277096 nsec
Iteration 9 started...  [elapsed] 1095581299 nsec
Iteration 10 started...  [elapsed] 1096011319 nsec
success!
