=============================================================
# of xstreams:             56
# of threads:              560
# of repeats:              11
Use pthread:               false
Preemption:                On
# of preemption groups:    56
Preemption timer interval: 2000 usec
Preemption type:           ABT_PREEMPTION_NEW_ES
# of iterations:           30000000
=============================================================

Iteration 0 started...  [elapsed] 1095002016 nsec
Iteration 1 started...  [elapsed] 1095098301 nsec
Iteration 2 started...  [elapsed] 1095107848 nsec
Iteration 3 started...  [elapsed] 1095170967 nsec
Iteration 4 started...  [elapsed] 1095298316 nsec
Iteration 5 started...  [elapsed] 1094479568 nsec
Iteration 6 started...  [elapsed] 1095282818 nsec
Iteration 7 started...  [elapsed] 1095139859 nsec
Iteration 8 started...  [elapsed] 1095155729 nsec
Iteration 9 started...  [elapsed] 1094385829 nsec
Iteration 10 started...  [elapsed] 1095049552 nsec
success!
