=============================================================
# of xstreams:             56
# of threads:              560
# of repeats:              11
Use pthread:               false
Preemption:                On
# of preemption groups:    56
Preemption timer interval: 2000 usec
Preemption type:           ABT_PREEMPTION_NEW_ES
# of iterations:           30000000
=============================================================

Iteration 0 started...  [elapsed] 1094977373 nsec
Iteration 1 started...  [elapsed] 1094093305 nsec
Iteration 2 started...  [elapsed] 1094165025 nsec
Iteration 3 started...  [elapsed] 1095288231 nsec
Iteration 4 started...  [elapsed] 1095297938 nsec
Iteration 5 started...  [elapsed] 1094549994 nsec
Iteration 6 started...  [elapsed] 1095070362 nsec
Iteration 7 started...  [elapsed] 1094268496 nsec
Iteration 8 started...  [elapsed] 1095156650 nsec
Iteration 9 started...  [elapsed] 1094639888 nsec
Iteration 10 started...  [elapsed] 1095074925 nsec
success!
