=============================================================
# of xstreams:             56
# of threads:              560
# of repeats:              11
Use pthread:               false
Preemption:                On
# of preemption groups:    56
Preemption timer interval: 3000 usec
Preemption type:           ABT_PREEMPTION_NEW_ES
# of iterations:           30000000
=============================================================

Iteration 0 started...  [elapsed] 1092731414 nsec
Iteration 1 started...  [elapsed] 1092728890 nsec
Iteration 2 started...  [elapsed] 1091721836 nsec
Iteration 3 started...  [elapsed] 1092668376 nsec
Iteration 4 started...  [elapsed] 1092741377 nsec
Iteration 5 started...  [elapsed] 1092678959 nsec
Iteration 6 started...  [elapsed] 1092281835 nsec
Iteration 7 started...  [elapsed] 1092136085 nsec
Iteration 8 started...  [elapsed] 1092696204 nsec
Iteration 9 started...  [elapsed] 1093132647 nsec
Iteration 10 started...  [elapsed] 1093358074 nsec
success!
