=============================================================
# of xstreams:             56
# of threads:              560
# of repeats:              11
Use pthread:               false
Preemption:                On
# of preemption groups:    56
Preemption timer interval: 300 usec
Preemption type:           ABT_PREEMPTION_NEW_ES
# of iterations:           30000000
=============================================================

Iteration 0 started...  [elapsed] 1150988496 nsec
Iteration 1 started...  [elapsed] 1150634606 nsec
Iteration 2 started...  [elapsed] 1150896947 nsec
Iteration 3 started...  [elapsed] 1150880874 nsec
Iteration 4 started...  [elapsed] 1150554905 nsec
Iteration 5 started...  [elapsed] 1150418537 nsec
Iteration 6 started...  [elapsed] 1151054926 nsec
Iteration 7 started...  [elapsed] 1151196205 nsec
Iteration 8 started...  [elapsed] 1151685309 nsec
Iteration 9 started...  [elapsed] 1151968847 nsec
Iteration 10 started...  [elapsed] 1150841084 nsec
success!
