=============================================================
# of xstreams:             56
# of threads:              560
# of repeats:              11
Use pthread:               false
Preemption:                On
# of preemption groups:    56
Preemption timer interval: 300 usec
Preemption type:           ABT_PREEMPTION_NEW_ES
# of iterations:           30000000
=============================================================

Iteration 0 started...  [elapsed] 1150680426 nsec
Iteration 1 started...  [elapsed] 1151609372 nsec
Iteration 2 started...  [elapsed] 1151353325 nsec
Iteration 3 started...  [elapsed] 1150940154 nsec
Iteration 4 started...  [elapsed] 1150616166 nsec
Iteration 5 started...  [elapsed] 1151014927 nsec
Iteration 6 started...  [elapsed] 1151263014 nsec
Iteration 7 started...  [elapsed] 1151064256 nsec
Iteration 8 started...  [elapsed] 1151387593 nsec
Iteration 9 started...  [elapsed] 1152187773 nsec
Iteration 10 started...  [elapsed] 1152490316 nsec
success!
