=============================================================
# of xstreams:             56
# of threads:              560
# of repeats:              11
Use pthread:               false
Preemption:                On
# of preemption groups:    56
Preemption timer interval: 300 usec
Preemption type:           ABT_PREEMPTION_NEW_ES
# of iterations:           30000000
=============================================================

Iteration 0 started...  [elapsed] 1150836081 nsec
Iteration 1 started...  [elapsed] 1150589329 nsec
Iteration 2 started...  [elapsed] 1150764872 nsec
Iteration 3 started...  [elapsed] 1150473361 nsec
Iteration 4 started...  [elapsed] 1150544501 nsec
Iteration 5 started...  [elapsed] 1150119987 nsec
Iteration 6 started...  [elapsed] 1150766287 nsec
Iteration 7 started...  [elapsed] 1151534307 nsec
Iteration 8 started...  [elapsed] 1151735288 nsec
Iteration 9 started...  [elapsed] 1152110422 nsec
Iteration 10 started...  [elapsed] 1151870540 nsec
success!
