=============================================================
# of xstreams:             56
# of threads:              560
# of repeats:              11
Use pthread:               false
Preemption:                On
# of preemption groups:    56
Preemption timer interval: 300 usec
Preemption type:           ABT_PREEMPTION_NEW_ES
# of iterations:           30000000
=============================================================

Iteration 0 started...  [elapsed] 1150814542 nsec
Iteration 1 started...  [elapsed] 1151526200 nsec
Iteration 2 started...  [elapsed] 1151505834 nsec
Iteration 3 started...  [elapsed] 1150724237 nsec
Iteration 4 started...  [elapsed] 1151604065 nsec
Iteration 5 started...  [elapsed] 1151373407 nsec
Iteration 6 started...  [elapsed] 1151405579 nsec
Iteration 7 started...  [elapsed] 1151489208 nsec
Iteration 8 started...  [elapsed] 1152587125 nsec
Iteration 9 started...  [elapsed] 1151911123 nsec
Iteration 10 started...  [elapsed] 1151278626 nsec
success!
