=============================================================
# of xstreams:             56
# of threads:              560
# of repeats:              11
Use pthread:               false
Preemption:                On
# of preemption groups:    56
Preemption timer interval: 3000 usec
Preemption type:           ABT_PREEMPTION_NEW_ES
# of iterations:           30000000
=============================================================

Iteration 0 started...  [elapsed] 1092417209 nsec
Iteration 1 started...  [elapsed] 1092467009 nsec
Iteration 2 started...  [elapsed] 1092462652 nsec
Iteration 3 started...  [elapsed] 1092438553 nsec
Iteration 4 started...  [elapsed] 1092483065 nsec
Iteration 5 started...  [elapsed] 1092669310 nsec
Iteration 6 started...  [elapsed] 1091959346 nsec
Iteration 7 started...  [elapsed] 1091928537 nsec
Iteration 8 started...  [elapsed] 1092065445 nsec
Iteration 9 started...  [elapsed] 1092274980 nsec
Iteration 10 started...  [elapsed] 1093084684 nsec
success!
