=============================================================
# of xstreams:             56
# of threads:              560
# of repeats:              11
Use pthread:               false
Preemption:                On
# of preemption groups:    56
Preemption timer interval: 300 usec
Preemption type:           ABT_PREEMPTION_NEW_ES
# of iterations:           30000000
=============================================================

Iteration 0 started...  [elapsed] 1151081282 nsec
Iteration 1 started...  [elapsed] 1151552765 nsec
Iteration 2 started...  [elapsed] 1151192502 nsec
Iteration 3 started...  [elapsed] 1150985336 nsec
Iteration 4 started...  [elapsed] 1150832275 nsec
Iteration 5 started...  [elapsed] 1151161073 nsec
Iteration 6 started...  [elapsed] 1150951375 nsec
Iteration 7 started...  [elapsed] 1151342669 nsec
Iteration 8 started...  [elapsed] 1151983497 nsec
Iteration 9 started...  [elapsed] 1152167593 nsec
Iteration 10 started...  [elapsed] 1151347563 nsec
success!
