=============================================================
# of xstreams:             56
# of threads:              560
# of repeats:              11
Use pthread:               false
Preemption:                On
# of preemption groups:    56
Preemption timer interval: 3000 usec
Preemption type:           ABT_PREEMPTION_NEW_ES
# of iterations:           30000000
=============================================================

Iteration 0 started...  [elapsed] 1092489139 nsec
Iteration 1 started...  [elapsed] 1092613653 nsec
Iteration 2 started...  [elapsed] 1092571022 nsec
Iteration 3 started...  [elapsed] 1092632235 nsec
Iteration 4 started...  [elapsed] 1092892889 nsec
Iteration 5 started...  [elapsed] 1091473032 nsec
Iteration 6 started...  [elapsed] 1092466309 nsec
Iteration 7 started...  [elapsed] 1092504454 nsec
Iteration 8 started...  [elapsed] 1092570408 nsec
Iteration 9 started...  [elapsed] 1092637673 nsec
Iteration 10 started...  [elapsed] 1093201847 nsec
success!
