=============================================================
# of xstreams:             56
# of threads:              560
# of repeats:              11
Use pthread:               false
Preemption:                On
# of preemption groups:    56
Preemption timer interval: 5000 usec
Preemption type:           ABT_PREEMPTION_NEW_ES
# of iterations:           30000000
=============================================================

Iteration 0 started...  [elapsed] 1090670458 nsec
Iteration 1 started...  [elapsed] 1090648962 nsec
Iteration 2 started...  [elapsed] 1089960449 nsec
Iteration 3 started...  [elapsed] 1089948281 nsec
Iteration 4 started...  [elapsed] 1090568817 nsec
Iteration 5 started...  [elapsed] 1090326461 nsec
Iteration 6 started...  [elapsed] 1090783644 nsec
Iteration 7 started...  [elapsed] 1090123580 nsec
Iteration 8 started...  [elapsed] 1090748020 nsec
Iteration 9 started...  [elapsed] 1090430671 nsec
Iteration 10 started...  [elapsed] 1091056491 nsec
success!
