=============================================================
# of xstreams:             56
# of threads:              560
# of repeats:              11
Use pthread:               false
Preemption:                On
# of preemption groups:    56
Preemption timer interval: 500 usec
Preemption type:           ABT_PREEMPTION_NEW_ES
# of iterations:           30000000
=============================================================

Iteration 0 started...  [elapsed] 1124269275 nsec
Iteration 1 started...  [elapsed] 1124959931 nsec
Iteration 2 started...  [elapsed] 1125391017 nsec
Iteration 3 started...  [elapsed] 1125079716 nsec
Iteration 4 started...  [elapsed] 1124931327 nsec
Iteration 5 started...  [elapsed] 1125199697 nsec
Iteration 6 started...  [elapsed] 1124454486 nsec
Iteration 7 started...  [elapsed] 1125461166 nsec
Iteration 8 started...  [elapsed] 1125407786 nsec
Iteration 9 started...  [elapsed] 1125236754 nsec
Iteration 10 started...  [elapsed] 1125934585 nsec
success!
