=============================================================
# of xstreams:             56
# of threads:              560
# of repeats:              11
Use pthread:               false
Preemption:                On
# of preemption groups:    56
Preemption timer interval: 5000 usec
Preemption type:           ABT_PREEMPTION_NEW_ES
# of iterations:           30000000
=============================================================

Iteration 0 started...  [elapsed] 1090631021 nsec
Iteration 1 started...  [elapsed] 1090045855 nsec
Iteration 2 started...  [elapsed] 1090134302 nsec
Iteration 3 started...  [elapsed] 1090531854 nsec
Iteration 4 started...  [elapsed] 1090084908 nsec
Iteration 5 started...  [elapsed] 1090311964 nsec
Iteration 6 started...  [elapsed] 1090853177 nsec
Iteration 7 started...  [elapsed] 1090136445 nsec
Iteration 8 started...  [elapsed] 1090109197 nsec
Iteration 9 started...  [elapsed] 1091037289 nsec
Iteration 10 started...  [elapsed] 1091196124 nsec
success!
