=============================================================
# of xstreams:             56
# of threads:              560
# of repeats:              11
Use pthread:               false
Preemption:                On
# of preemption groups:    56
Preemption timer interval: 500 usec
Preemption type:           ABT_PREEMPTION_NEW_ES
# of iterations:           30000000
=============================================================

Iteration 0 started...  [elapsed] 1124060363 nsec
Iteration 1 started...  [elapsed] 1124132995 nsec
Iteration 2 started...  [elapsed] 1126133190 nsec
Iteration 3 started...  [elapsed] 1124678749 nsec
Iteration 4 started...  [elapsed] 1125274311 nsec
Iteration 5 started...  [elapsed] 1124411576 nsec
Iteration 6 started...  [elapsed] 1124486104 nsec
Iteration 7 started...  [elapsed] 1123629689 nsec
Iteration 8 started...  [elapsed] 1124824778 nsec
Iteration 9 started...  [elapsed] 1125030799 nsec
Iteration 10 started...  [elapsed] 1125481960 nsec
success!
