=============================================================
# of xstreams:             56
# of threads:              560
# of repeats:              11
Use pthread:               false
Preemption:                On
# of preemption groups:    56
Preemption timer interval: 5000 usec
Preemption type:           ABT_PREEMPTION_NEW_ES
# of iterations:           30000000
=============================================================

Iteration 0 started...  [elapsed] 1090591576 nsec
Iteration 1 started...  [elapsed] 1090152748 nsec
Iteration 2 started...  [elapsed] 1089923554 nsec
Iteration 3 started...  [elapsed] 1090170375 nsec
Iteration 4 started...  [elapsed] 1090590146 nsec
Iteration 5 started...  [elapsed] 1090603733 nsec
Iteration 6 started...  [elapsed] 1089944848 nsec
Iteration 7 started...  [elapsed] 1090536520 nsec
Iteration 8 started...  [elapsed] 1090644418 nsec
Iteration 9 started...  [elapsed] 1090410171 nsec
Iteration 10 started...  [elapsed] 1091134436 nsec
success!
