=============================================================
# of xstreams:             56
# of threads:              560
# of repeats:              11
Use pthread:               false
Preemption:                On
# of preemption groups:    56
Preemption timer interval: 500 usec
Preemption type:           ABT_PREEMPTION_NEW_ES
# of iterations:           30000000
=============================================================

Iteration 0 started...  [elapsed] 1123102310 nsec
Iteration 1 started...  [elapsed] 1124600358 nsec
Iteration 2 started...  [elapsed] 1124324933 nsec
Iteration 3 started...  [elapsed] 1124149466 nsec
Iteration 4 started...  [elapsed] 1123915977 nsec
Iteration 5 started...  [elapsed] 1124099244 nsec
Iteration 6 started...  [elapsed] 1124264846 nsec
Iteration 7 started...  [elapsed] 1123574589 nsec
Iteration 8 started...  [elapsed] 1124475756 nsec
Iteration 9 started...  [elapsed] 1124713226 nsec
Iteration 10 started...  [elapsed] 1125234479 nsec
success!
