=============================================================
# of xstreams:             56
# of threads:              560
# of repeats:              11
Use pthread:               false
Preemption:                On
# of preemption groups:    56
Preemption timer interval: 5000 usec
Preemption type:           ABT_PREEMPTION_NEW_ES
# of iterations:           30000000
=============================================================

Iteration 0 started...  [elapsed] 1090570346 nsec
Iteration 1 started...  [elapsed] 1089931223 nsec
Iteration 2 started...  [elapsed] 1090948925 nsec
Iteration 3 started...  [elapsed] 1090089532 nsec
Iteration 4 started...  [elapsed] 1090568940 nsec
Iteration 5 started...  [elapsed] 1090623962 nsec
Iteration 6 started...  [elapsed] 1090782109 nsec
Iteration 7 started...  [elapsed] 1090067600 nsec
Iteration 8 started...  [elapsed] 1090602798 nsec
Iteration 9 started...  [elapsed] 1090566844 nsec
Iteration 10 started...  [elapsed] 1091189179 nsec
success!
