=============================================================
# of xstreams:             56
# of threads:              560
# of repeats:              11
Use pthread:               false
Preemption:                On
# of preemption groups:    56
Preemption timer interval: 5000 usec
Preemption type:           ABT_PREEMPTION_NEW_ES
# of iterations:           30000000
=============================================================

Iteration 0 started...  [elapsed] 1091044144 nsec
Iteration 1 started...  [elapsed] 1090640192 nsec
Iteration 2 started...  [elapsed] 1089949996 nsec
Iteration 3 started...  [elapsed] 1090965730 nsec
Iteration 4 started...  [elapsed] 1089899578 nsec
Iteration 5 started...  [elapsed] 1090359767 nsec
Iteration 6 started...  [elapsed] 1090851694 nsec
Iteration 7 started...  [elapsed] 1090816605 nsec
Iteration 8 started...  [elapsed] 1091928918 nsec
Iteration 9 started...  [elapsed] 1091418533 nsec
Iteration 10 started...  [elapsed] 1091425606 nsec
success!
