=============================================================
# of xstreams:             56
# of threads:              560
# of repeats:              11
Use pthread:               false
Preemption:                On
# of preemption groups:    56
Preemption timer interval: 5000 usec
Preemption type:           ABT_PREEMPTION_NEW_ES
# of iterations:           30000000
=============================================================

Iteration 0 started...  [elapsed] 1090585337 nsec
Iteration 1 started...  [elapsed] 1090697428 nsec
Iteration 2 started...  [elapsed] 1090533702 nsec
Iteration 3 started...  [elapsed] 1090576623 nsec
Iteration 4 started...  [elapsed] 1089921744 nsec
Iteration 5 started...  [elapsed] 1090091513 nsec
Iteration 6 started...  [elapsed] 1089911271 nsec
Iteration 7 started...  [elapsed] 1090818892 nsec
Iteration 8 started...  [elapsed] 1090171131 nsec
Iteration 9 started...  [elapsed] 1090710732 nsec
Iteration 10 started...  [elapsed] 1090425522 nsec
success!
