=============================================================
# of xstreams:             56
# of threads:              560
# of repeats:              11
Use pthread:               false
Preemption:                On
# of preemption groups:    56
Preemption timer interval: 7000 usec
Preemption type:           ABT_PREEMPTION_NEW_ES
# of iterations:           30000000
=============================================================

Iteration 0 started...  [elapsed] 1090056488 nsec
Iteration 1 started...  [elapsed] 1089565310 nsec
Iteration 2 started...  [elapsed] 1089986860 nsec
Iteration 3 started...  [elapsed] 1090112360 nsec
Iteration 4 started...  [elapsed] 1090067999 nsec
Iteration 5 started...  [elapsed] 1089308626 nsec
Iteration 6 started...  [elapsed] 1089286107 nsec
Iteration 7 started...  [elapsed] 1089261701 nsec
Iteration 8 started...  [elapsed] 1090097344 nsec
Iteration 9 started...  [elapsed] 1090012714 nsec
Iteration 10 started...  [elapsed] 1091114867 nsec
success!
