=============================================================
# of xstreams:             56
# of threads:              560
# of repeats:              11
Use pthread:               false
Preemption:                On
# of preemption groups:    56
Preemption timer interval: 7000 usec
Preemption type:           ABT_PREEMPTION_NEW_ES
# of iterations:           30000000
=============================================================

Iteration 0 started...  [elapsed] 1090178919 nsec
Iteration 1 started...  [elapsed] 1089518042 nsec
Iteration 2 started...  [elapsed] 1089508034 nsec
Iteration 3 started...  [elapsed] 1089485238 nsec
Iteration 4 started...  [elapsed] 1090183003 nsec
Iteration 5 started...  [elapsed] 1090123159 nsec
Iteration 6 started...  [elapsed] 1090354518 nsec
Iteration 7 started...  [elapsed] 1089414574 nsec
Iteration 8 started...  [elapsed] 1089366073 nsec
Iteration 9 started...  [elapsed] 1091602735 nsec
Iteration 10 started...  [elapsed] 1091137982 nsec
success!
