=============================================================
# of xstreams:             56
# of threads:              560
# of repeats:              11
Use pthread:               false
Preemption:                On
# of preemption groups:    56
Preemption timer interval: 7000 usec
Preemption type:           ABT_PREEMPTION_NEW_ES
# of iterations:           30000000
=============================================================

Iteration 0 started...  [elapsed] 1090000288 nsec
Iteration 1 started...  [elapsed] 1089349276 nsec
Iteration 2 started...  [elapsed] 1089337191 nsec
Iteration 3 started...  [elapsed] 1089356046 nsec
Iteration 4 started...  [elapsed] 1089383546 nsec
Iteration 5 started...  [elapsed] 1089344980 nsec
Iteration 6 started...  [elapsed] 1090107441 nsec
Iteration 7 started...  [elapsed] 1090966367 nsec
Iteration 8 started...  [elapsed] 1092058755 nsec
Iteration 9 started...  [elapsed] 1092110115 nsec
Iteration 10 started...  [elapsed] 1093081692 nsec
success!
