=============================================================
# of xstreams:             56
# of threads:              560
# of repeats:              11
Use pthread:               false
Preemption:                On
# of preemption groups:    56
Preemption timer interval: 700 usec
Preemption type:           ABT_PREEMPTION_NEW_ES
# of iterations:           30000000
=============================================================

Iteration 0 started...  [elapsed] 1111952216 nsec
Iteration 1 started...  [elapsed] 1111521620 nsec
Iteration 2 started...  [elapsed] 1111839013 nsec
Iteration 3 started...  [elapsed] 1111965084 nsec
Iteration 4 started...  [elapsed] 1111894862 nsec
Iteration 5 started...  [elapsed] 1112553599 nsec
Iteration 6 started...  [elapsed] 1113986879 nsec
Iteration 7 started...  [elapsed] 1112202082 nsec
Iteration 8 started...  [elapsed] 1112196418 nsec
Iteration 9 started...  [elapsed] 1112571163 nsec
Iteration 10 started...  [elapsed] 1112189509 nsec
success!
