=============================================================
# of xstreams:             56
# of threads:              560
# of repeats:              11
Use pthread:               false
Preemption:                On
# of preemption groups:    56
Preemption timer interval: 700 usec
Preemption type:           ABT_PREEMPTION_NEW_ES
# of iterations:           30000000
=============================================================

Iteration 0 started...  [elapsed] 1112115034 nsec
Iteration 1 started...  [elapsed] 1111566140 nsec
Iteration 2 started...  [elapsed] 1111407166 nsec
Iteration 3 started...  [elapsed] 1111627444 nsec
Iteration 4 started...  [elapsed] 1112311816 nsec
Iteration 5 started...  [elapsed] 1111551328 nsec
Iteration 6 started...  [elapsed] 1111889255 nsec
Iteration 7 started...  [elapsed] 1112242290 nsec
Iteration 8 started...  [elapsed] 1112585704 nsec
Iteration 9 started...  [elapsed] 1112562262 nsec
Iteration 10 started...  [elapsed] 1113382305 nsec
success!
