=============================================================
# of xstreams:             56
# of threads:              560
# of repeats:              11
Use pthread:               false
Preemption:                On
# of preemption groups:    56
Preemption timer interval: 7000 usec
Preemption type:           ABT_PREEMPTION_NEW_ES
# of iterations:           30000000
=============================================================

Iteration 0 started...  [elapsed] 1090101511 nsec
Iteration 1 started...  [elapsed] 1089423438 nsec
Iteration 2 started...  [elapsed] 1090092887 nsec
Iteration 3 started...  [elapsed] 1090115795 nsec
Iteration 4 started...  [elapsed] 1090183672 nsec
Iteration 5 started...  [elapsed] 1089470551 nsec
Iteration 6 started...  [elapsed] 1089445994 nsec
Iteration 7 started...  [elapsed] 1090129808 nsec
Iteration 8 started...  [elapsed] 1089717778 nsec
Iteration 9 started...  [elapsed] 1090536347 nsec
Iteration 10 started...  [elapsed] 1090543759 nsec
success!
