=============================================================
# of xstreams:             56
# of threads:              560
# of repeats:              11
Use pthread:               false
Preemption:                On
# of preemption groups:    56
Preemption timer interval: 7000 usec
Preemption type:           ABT_PREEMPTION_NEW_ES
# of iterations:           30000000
=============================================================

Iteration 0 started...  [elapsed] 1089937814 nsec
Iteration 1 started...  [elapsed] 1089922487 nsec
Iteration 2 started...  [elapsed] 1090100199 nsec
Iteration 3 started...  [elapsed] 1090272684 nsec
Iteration 4 started...  [elapsed] 1089898274 nsec
Iteration 5 started...  [elapsed] 1089414551 nsec
Iteration 6 started...  [elapsed] 1089897053 nsec
Iteration 7 started...  [elapsed] 1089892902 nsec
Iteration 8 started...  [elapsed] 1089746881 nsec
Iteration 9 started...  [elapsed] 1092316942 nsec
Iteration 10 started...  [elapsed] 1092824805 nsec
success!
