=============================================================
# of xstreams:             56
# of threads:              560
# of repeats:              11
Use pthread:               false
Preemption:                On
# of preemption groups:    56
Preemption timer interval: 7000 usec
Preemption type:           ABT_PREEMPTION_NEW_ES
# of iterations:           30000000
=============================================================

Iteration 0 started...  [elapsed] 1090161091 nsec
Iteration 1 started...  [elapsed] 1090183696 nsec
Iteration 2 started...  [elapsed] 1090421644 nsec
Iteration 3 started...  [elapsed] 1089351959 nsec
Iteration 4 started...  [elapsed] 1089462485 nsec
Iteration 5 started...  [elapsed] 1089276791 nsec
Iteration 6 started...  [elapsed] 1090096568 nsec
Iteration 7 started...  [elapsed] 1090197104 nsec
Iteration 8 started...  [elapsed] 1089438908 nsec
Iteration 9 started...  [elapsed] 1089748261 nsec
Iteration 10 started...  [elapsed] 1089902569 nsec
success!
