=============================================================
# of xstreams:             56
# of threads:              560
# of repeats:              11
Use pthread:               false
Preemption:                On
# of preemption groups:    56
Preemption timer interval: 700 usec
Preemption type:           ABT_PREEMPTION_NEW_ES
# of iterations:           30000000
=============================================================

Iteration 0 started...  [elapsed] 1112240060 nsec
Iteration 1 started...  [elapsed] 1111789640 nsec
Iteration 2 started...  [elapsed] 1112184125 nsec
Iteration 3 started...  [elapsed] 1111972503 nsec
Iteration 4 started...  [elapsed] 1112219067 nsec
Iteration 5 started...  [elapsed] 1111696381 nsec
Iteration 6 started...  [elapsed] 1112153851 nsec
Iteration 7 started...  [elapsed] 1112742304 nsec
Iteration 8 started...  [elapsed] 1112508648 nsec
Iteration 9 started...  [elapsed] 1113093701 nsec
Iteration 10 started...  [elapsed] 1113086903 nsec
success!
