=============================================================
# of xstreams:             56
# of threads:              560
# of repeats:              11
Use pthread:               false
Preemption:                On
# of preemption groups:    56
Preemption timer interval: 700 usec
Preemption type:           ABT_PREEMPTION_NEW_ES
# of iterations:           30000000
=============================================================

Iteration 0 started...  [elapsed] 1111821865 nsec
Iteration 1 started...  [elapsed] 1112108508 nsec
Iteration 2 started...  [elapsed] 1111852152 nsec
Iteration 3 started...  [elapsed] 1111802432 nsec
Iteration 4 started...  [elapsed] 1111571152 nsec
Iteration 5 started...  [elapsed] 1111429243 nsec
Iteration 6 started...  [elapsed] 1111640727 nsec
Iteration 7 started...  [elapsed] 1112415527 nsec
Iteration 8 started...  [elapsed] 1112264292 nsec
Iteration 9 started...  [elapsed] 1111744295 nsec
Iteration 10 started...  [elapsed] 1113114370 nsec
success!
