=============================================================
# of xstreams:             56
# of threads:              560
# of repeats:              11
Use pthread:               false
Preemption:                On
# of preemption groups:    56
Preemption timer interval: 700 usec
Preemption type:           ABT_PREEMPTION_NEW_ES
# of iterations:           30000000
=============================================================

Iteration 0 started...  [elapsed] 1112147063 nsec
Iteration 1 started...  [elapsed] 1111989586 nsec
Iteration 2 started...  [elapsed] 1112380662 nsec
Iteration 3 started...  [elapsed] 1112486239 nsec
Iteration 4 started...  [elapsed] 1112291059 nsec
Iteration 5 started...  [elapsed] 1112247717 nsec
Iteration 6 started...  [elapsed] 1112580569 nsec
Iteration 7 started...  [elapsed] 1112377881 nsec
Iteration 8 started...  [elapsed] 1112435898 nsec
Iteration 9 started...  [elapsed] 1112922741 nsec
Iteration 10 started...  [elapsed] 1112811645 nsec
success!
