=============================================================
# of xstreams:             56
# of threads:              560
# of repeats:              11
Use pthread:               false
Preemption:                On
# of preemption groups:    56
Preemption timer interval: 700 usec
Preemption type:           ABT_PREEMPTION_NEW_ES
# of iterations:           30000000
=============================================================

Iteration 0 started...  [elapsed] 1111353772 nsec
Iteration 1 started...  [elapsed] 1111257855 nsec
Iteration 2 started...  [elapsed] 1111430796 nsec
Iteration 3 started...  [elapsed] 1111442079 nsec
Iteration 4 started...  [elapsed] 1111569247 nsec
Iteration 5 started...  [elapsed] 1111125972 nsec
Iteration 6 started...  [elapsed] 1111593058 nsec
Iteration 7 started...  [elapsed] 1111341752 nsec
Iteration 8 started...  [elapsed] 1112499588 nsec
Iteration 9 started...  [elapsed] 1111796052 nsec
Iteration 10 started...  [elapsed] 1112548683 nsec
success!
