=============================================================
# of xstreams:             56
# of threads:              560
# of repeats:              11
Use pthread:               false
Preemption:                On
# of preemption groups:    56
Preemption timer interval: 700 usec
Preemption type:           ABT_PREEMPTION_NEW_ES
# of iterations:           30000000
=============================================================

Iteration 0 started...  [elapsed] 1111863716 nsec
Iteration 1 started...  [elapsed] 1111892073 nsec
Iteration 2 started...  [elapsed] 1112103021 nsec
Iteration 3 started...  [elapsed] 1111582489 nsec
Iteration 4 started...  [elapsed] 1111473807 nsec
Iteration 5 started...  [elapsed] 1112289069 nsec
Iteration 6 started...  [elapsed] 1111728599 nsec
Iteration 7 started...  [elapsed] 1111656775 nsec
Iteration 8 started...  [elapsed] 1112104510 nsec
Iteration 9 started...  [elapsed] 1112660319 nsec
Iteration 10 started...  [elapsed] 1112261125 nsec
success!
