=============================================================
# of threads:                    14
# of timers:                     14
# of preemption for each thread: 1000
Interval time of preemption:     1000000 nsec
Managed timer:                   false
Sync timer:                      false
Chain wake-up:                   false
Thread timer:                    false
Use timerfd:                     false
=============================================================

[rank 0]
  # of preemption:                            1000
  Average interval time of preemption:        998991 nsec
  Average time to call a signal handler:      16030 nsec
  Average time to return to a normal context: 1806 nsec

[rank 1]
  # of preemption:                            1000
  Average interval time of preemption:        998986 nsec
  Average time to call a signal handler:      13258 nsec
  Average time to return to a normal context: 4814 nsec

[rank 2]
  # of preemption:                            1000
  Average interval time of preemption:        998988 nsec
  Average time to call a signal handler:      10340 nsec
  Average time to return to a normal context: 5026 nsec

[rank 3]
  # of preemption:                            1000
  Average interval time of preemption:        998989 nsec
  Average time to call a signal handler:      11273 nsec
  Average time to return to a normal context: 5001 nsec

[rank 4]
  # of preemption:                            1000
  Average interval time of preemption:        998990 nsec
  Average time to call a signal handler:      13433 nsec
  Average time to return to a normal context: 4753 nsec

[rank 5]
  # of preemption:                            1000
  Average interval time of preemption:        998991 nsec
  Average time to call a signal handler:      14957 nsec
  Average time to return to a normal context: 4095 nsec

[rank 6]
  # of preemption:                            1000
  Average interval time of preemption:        998989 nsec
  Average time to call a signal handler:      15734 nsec
  Average time to return to a normal context: 3465 nsec

[rank 7]
  # of preemption:                            1000
  Average interval time of preemption:        998988 nsec
  Average time to call a signal handler:      13573 nsec
  Average time to return to a normal context: 4749 nsec

[rank 8]
  # of preemption:                            1000
  Average interval time of preemption:        998990 nsec
  Average time to call a signal handler:      16222 nsec
  Average time to return to a normal context: 3017 nsec

[rank 9]
  # of preemption:                            1000
  Average interval time of preemption:        998991 nsec
  Average time to call a signal handler:      16030 nsec
  Average time to return to a normal context: 2571 nsec

[rank 10]
  # of preemption:                            1000
  Average interval time of preemption:        998990 nsec
  Average time to call a signal handler:      16121 nsec
  Average time to return to a normal context: 2392 nsec

[rank 11]
  # of preemption:                            1000
  Average interval time of preemption:        998990 nsec
  Average time to call a signal handler:      15889 nsec
  Average time to return to a normal context: 2176 nsec

[rank 12]
  # of preemption:                            1000
  Average interval time of preemption:        998990 nsec
  Average time to call a signal handler:      15244 nsec
  Average time to return to a normal context: 2112 nsec

[rank 13]
  # of preemption:                            1000
  Average interval time of preemption:        998990 nsec
  Average time to call a signal handler:      15878 nsec
  Average time to return to a normal context: 2187 nsec

[Total]
  # of preemption:                            14000
  Average interval time of preemption:        998989 nsec
  Average time to call a signal handler:      14570 nsec
  Average time to return to a normal context: 3440 nsec

