=============================================================
# of threads:                    14
# of timers:                     14
# of preemption for each thread: 1000
Interval time of preemption:     1000000 nsec
Managed timer:                   false
Sync timer:                      false
Chain wake-up:                   false
Thread timer:                    false
Use timerfd:                     false
=============================================================

[rank 0]
  # of preemption:                            1000
  Average interval time of preemption:        999998 nsec
  Average time to call a signal handler:      17160 nsec
  Average time to return to a normal context: 2428 nsec

[rank 1]
  # of preemption:                            1000
  Average interval time of preemption:        998989 nsec
  Average time to call a signal handler:      11732 nsec
  Average time to return to a normal context: 4944 nsec

[rank 2]
  # of preemption:                            1000
  Average interval time of preemption:        998989 nsec
  Average time to call a signal handler:      14478 nsec
  Average time to return to a normal context: 4000 nsec

[rank 3]
  # of preemption:                            1000
  Average interval time of preemption:        998989 nsec
  Average time to call a signal handler:      8309 nsec
  Average time to return to a normal context: 4868 nsec

[rank 4]
  # of preemption:                            1000
  Average interval time of preemption:        998990 nsec
  Average time to call a signal handler:      10086 nsec
  Average time to return to a normal context: 5006 nsec

[rank 5]
  # of preemption:                            1000
  Average interval time of preemption:        998990 nsec
  Average time to call a signal handler:      13305 nsec
  Average time to return to a normal context: 4586 nsec

[rank 6]
  # of preemption:                            1000
  Average interval time of preemption:        998991 nsec
  Average time to call a signal handler:      16192 nsec
  Average time to return to a normal context: 2845 nsec

[rank 7]
  # of preemption:                            1000
  Average interval time of preemption:        998989 nsec
  Average time to call a signal handler:      11223 nsec
  Average time to return to a normal context: 4966 nsec

[rank 8]
  # of preemption:                            1000
  Average interval time of preemption:        998991 nsec
  Average time to call a signal handler:      15186 nsec
  Average time to return to a normal context: 2242 nsec

[rank 9]
  # of preemption:                            1000
  Average interval time of preemption:        998991 nsec
  Average time to call a signal handler:      15731 nsec
  Average time to return to a normal context: 2546 nsec

[rank 10]
  # of preemption:                            1000
  Average interval time of preemption:        998990 nsec
  Average time to call a signal handler:      15584 nsec
  Average time to return to a normal context: 3305 nsec

[rank 11]
  # of preemption:                            1000
  Average interval time of preemption:        998991 nsec
  Average time to call a signal handler:      16178 nsec
  Average time to return to a normal context: 2767 nsec

[rank 12]
  # of preemption:                            1000
  Average interval time of preemption:        998991 nsec
  Average time to call a signal handler:      15520 nsec
  Average time to return to a normal context: 2383 nsec

[rank 13]
  # of preemption:                            1000
  Average interval time of preemption:        998991 nsec
  Average time to call a signal handler:      14195 nsec
  Average time to return to a normal context: 1779 nsec

[Total]
  # of preemption:                            14000
  Average interval time of preemption:        999062 nsec
  Average time to call a signal handler:      13919 nsec
  Average time to return to a normal context: 3476 nsec

