=============================================================
# of threads:                    2
# of timers:                     2
# of preemption for each thread: 1000
Interval time of preemption:     1000000 nsec
Managed timer:                   false
Sync timer:                      false
Chain wake-up:                   false
Thread timer:                    false
Use timerfd:                     false
=============================================================

[rank 0]
  # of preemption:                            1000
  Average interval time of preemption:        998996 nsec
  Average time to call a signal handler:      2329 nsec
  Average time to return to a normal context: 886 nsec

[rank 1]
  # of preemption:                            1000
  Average interval time of preemption:        998997 nsec
  Average time to call a signal handler:      2270 nsec
  Average time to return to a normal context: 792 nsec

[Total]
  # of preemption:                            2000
  Average interval time of preemption:        998996 nsec
  Average time to call a signal handler:      2299 nsec
  Average time to return to a normal context: 839 nsec

