=============================================================
# of threads:                    2
# of timers:                     2
# of preemption for each thread: 1000
Interval time of preemption:     1000000 nsec
Managed timer:                   false
Sync timer:                      false
Chain wake-up:                   false
Thread timer:                    false
Use timerfd:                     false
=============================================================

[rank 0]
  # of preemption:                            1000
  Average interval time of preemption:        998997 nsec
  Average time to call a signal handler:      2259 nsec
  Average time to return to a normal context: 882 nsec

[rank 1]
  # of preemption:                            1000
  Average interval time of preemption:        998998 nsec
  Average time to call a signal handler:      2238 nsec
  Average time to return to a normal context: 795 nsec

[Total]
  # of preemption:                            2000
  Average interval time of preemption:        998997 nsec
  Average time to call a signal handler:      2248 nsec
  Average time to return to a normal context: 838 nsec

