=============================================================
# of threads:                    4
# of timers:                     4
# of preemption for each thread: 1000
Interval time of preemption:     1000000 nsec
Managed timer:                   false
Sync timer:                      false
Chain wake-up:                   false
Thread timer:                    false
Use timerfd:                     false
=============================================================

[rank 0]
  # of preemption:                            1000
  Average interval time of preemption:        998997 nsec
  Average time to call a signal handler:      4901 nsec
  Average time to return to a normal context: 1857 nsec

[rank 1]
  # of preemption:                            1000
  Average interval time of preemption:        998998 nsec
  Average time to call a signal handler:      5835 nsec
  Average time to return to a normal context: 1011 nsec

[rank 2]
  # of preemption:                            1000
  Average interval time of preemption:        998998 nsec
  Average time to call a signal handler:      4870 nsec
  Average time to return to a normal context: 1747 nsec

[rank 3]
  # of preemption:                            1000
  Average interval time of preemption:        998997 nsec
  Average time to call a signal handler:      5886 nsec
  Average time to return to a normal context: 1262 nsec

[Total]
  # of preemption:                            4000
  Average interval time of preemption:        998997 nsec
  Average time to call a signal handler:      5373 nsec
  Average time to return to a normal context: 1469 nsec

