=============================================================
# of threads:                    4
# of timers:                     4
# of preemption for each thread: 1000
Interval time of preemption:     1000000 nsec
Managed timer:                   false
Sync timer:                      false
Chain wake-up:                   false
Thread timer:                    false
Use timerfd:                     false
=============================================================

[rank 0]
  # of preemption:                            1000
  Average interval time of preemption:        998998 nsec
  Average time to call a signal handler:      3179 nsec
  Average time to return to a normal context: 1867 nsec

[rank 1]
  # of preemption:                            1000
  Average interval time of preemption:        998996 nsec
  Average time to call a signal handler:      4603 nsec
  Average time to return to a normal context: 1426 nsec

[rank 2]
  # of preemption:                            1000
  Average interval time of preemption:        998997 nsec
  Average time to call a signal handler:      5345 nsec
  Average time to return to a normal context: 1018 nsec

[rank 3]
  # of preemption:                            1000
  Average interval time of preemption:        998998 nsec
  Average time to call a signal handler:      5314 nsec
  Average time to return to a normal context: 1102 nsec

[Total]
  # of preemption:                            4000
  Average interval time of preemption:        998997 nsec
  Average time to call a signal handler:      4610 nsec
  Average time to return to a normal context: 1353 nsec

