=============================================================
# of threads:                    4
# of timers:                     4
# of preemption for each thread: 1000
Interval time of preemption:     1000000 nsec
Managed timer:                   false
Sync timer:                      false
Chain wake-up:                   false
Thread timer:                    false
Use timerfd:                     false
=============================================================

[rank 0]
  # of preemption:                            1000
  Average interval time of preemption:        998996 nsec
  Average time to call a signal handler:      4657 nsec
  Average time to return to a normal context: 1916 nsec

[rank 1]
  # of preemption:                            1000
  Average interval time of preemption:        998998 nsec
  Average time to call a signal handler:      6434 nsec
  Average time to return to a normal context: 1177 nsec

[rank 2]
  # of preemption:                            1000
  Average interval time of preemption:        998997 nsec
  Average time to call a signal handler:      5345 nsec
  Average time to return to a normal context: 1732 nsec

[rank 3]
  # of preemption:                            1000
  Average interval time of preemption:        998998 nsec
  Average time to call a signal handler:      6286 nsec
  Average time to return to a normal context: 1215 nsec

[Total]
  # of preemption:                            4000
  Average interval time of preemption:        998997 nsec
  Average time to call a signal handler:      5680 nsec
  Average time to return to a normal context: 1510 nsec

