=============================================================
# of threads:                    4
# of timers:                     4
# of preemption for each thread: 1000
Interval time of preemption:     1000000 nsec
Managed timer:                   false
Sync timer:                      false
Chain wake-up:                   false
Thread timer:                    false
Use timerfd:                     false
=============================================================

[rank 0]
  # of preemption:                            1000
  Average interval time of preemption:        998997 nsec
  Average time to call a signal handler:      4740 nsec
  Average time to return to a normal context: 1681 nsec

[rank 1]
  # of preemption:                            1000
  Average interval time of preemption:        998999 nsec
  Average time to call a signal handler:      5694 nsec
  Average time to return to a normal context: 1151 nsec

[rank 2]
  # of preemption:                            1000
  Average interval time of preemption:        998997 nsec
  Average time to call a signal handler:      4062 nsec
  Average time to return to a normal context: 1932 nsec

[rank 3]
  # of preemption:                            1000
  Average interval time of preemption:        998999 nsec
  Average time to call a signal handler:      5910 nsec
  Average time to return to a normal context: 1093 nsec

[Total]
  # of preemption:                            4000
  Average interval time of preemption:        998998 nsec
  Average time to call a signal handler:      5101 nsec
  Average time to return to a normal context: 1464 nsec

