=============================================================
# of threads:                    4
# of timers:                     4
# of preemption for each thread: 1000
Interval time of preemption:     1000000 nsec
Managed timer:                   false
Sync timer:                      false
Chain wake-up:                   false
Thread timer:                    false
Use timerfd:                     false
=============================================================

[rank 0]
  # of preemption:                            1000
  Average interval time of preemption:        999000 nsec
  Average time to call a signal handler:      4963 nsec
  Average time to return to a normal context: 1633 nsec

[rank 1]
  # of preemption:                            1000
  Average interval time of preemption:        998997 nsec
  Average time to call a signal handler:      5448 nsec
  Average time to return to a normal context: 1274 nsec

[rank 2]
  # of preemption:                            1000
  Average interval time of preemption:        999000 nsec
  Average time to call a signal handler:      5721 nsec
  Average time to return to a normal context: 1085 nsec

[rank 3]
  # of preemption:                            1000
  Average interval time of preemption:        998997 nsec
  Average time to call a signal handler:      4403 nsec
  Average time to return to a normal context: 1747 nsec

[Total]
  # of preemption:                            4000
  Average interval time of preemption:        998998 nsec
  Average time to call a signal handler:      5133 nsec
  Average time to return to a normal context: 1434 nsec

