=============================================================
# of threads:                    4
# of timers:                     4
# of preemption for each thread: 1000
Interval time of preemption:     1000000 nsec
Managed timer:                   false
Sync timer:                      false
Chain wake-up:                   false
Thread timer:                    false
Use timerfd:                     false
=============================================================

[rank 0]
  # of preemption:                            1000
  Average interval time of preemption:        998994 nsec
  Average time to call a signal handler:      4149 nsec
  Average time to return to a normal context: 1886 nsec

[rank 1]
  # of preemption:                            1000
  Average interval time of preemption:        998997 nsec
  Average time to call a signal handler:      5526 nsec
  Average time to return to a normal context: 1398 nsec

[rank 2]
  # of preemption:                            1000
  Average interval time of preemption:        998996 nsec
  Average time to call a signal handler:      5045 nsec
  Average time to return to a normal context: 1728 nsec

[rank 3]
  # of preemption:                            1000
  Average interval time of preemption:        998996 nsec
  Average time to call a signal handler:      5989 nsec
  Average time to return to a normal context: 1003 nsec

[Total]
  # of preemption:                            4000
  Average interval time of preemption:        998995 nsec
  Average time to call a signal handler:      5177 nsec
  Average time to return to a normal context: 1503 nsec

