=============================================================
# of threads:                    56
# of timers:                     56
# of preemption for each thread: 1000
Interval time of preemption:     1000000 nsec
Managed timer:                   false
Sync timer:                      false
Chain wake-up:                   false
Thread timer:                    false
Use timerfd:                     false
=============================================================

[rank 0]
  # of preemption:                            1000
  Average interval time of preemption:        1003001 nsec
  Average time to call a signal handler:      82898 nsec
  Average time to return to a normal context: 11961 nsec

[rank 1]
  # of preemption:                            1000
  Average interval time of preemption:        998967 nsec
  Average time to call a signal handler:      20259 nsec
  Average time to return to a normal context: 9284 nsec

[rank 2]
  # of preemption:                            1000
  Average interval time of preemption:        998986 nsec
  Average time to call a signal handler:      8805 nsec
  Average time to return to a normal context: 4369 nsec

[rank 3]
  # of preemption:                            1000
  Average interval time of preemption:        998958 nsec
  Average time to call a signal handler:      77206 nsec
  Average time to return to a normal context: 12715 nsec

[rank 4]
  # of preemption:                            1000
  Average interval time of preemption:        998988 nsec
  Average time to call a signal handler:      9206 nsec
  Average time to return to a normal context: 4442 nsec

[rank 5]
  # of preemption:                            1000
  Average interval time of preemption:        998986 nsec
  Average time to call a signal handler:      7960 nsec
  Average time to return to a normal context: 4051 nsec

[rank 6]
  # of preemption:                            1000
  Average interval time of preemption:        998985 nsec
  Average time to call a signal handler:      7832 nsec
  Average time to return to a normal context: 4017 nsec

[rank 7]
  # of preemption:                            1000
  Average interval time of preemption:        998952 nsec
  Average time to call a signal handler:      23307 nsec
  Average time to return to a normal context: 10651 nsec

[rank 8]
  # of preemption:                            1000
  Average interval time of preemption:        998958 nsec
  Average time to call a signal handler:      67944 nsec
  Average time to return to a normal context: 4674 nsec

[rank 9]
  # of preemption:                            1000
  Average interval time of preemption:        998988 nsec
  Average time to call a signal handler:      10759 nsec
  Average time to return to a normal context: 4875 nsec

[rank 10]
  # of preemption:                            1000
  Average interval time of preemption:        998981 nsec
  Average time to call a signal handler:      15208 nsec
  Average time to return to a normal context: 6547 nsec

[rank 11]
  # of preemption:                            1000
  Average interval time of preemption:        998940 nsec
  Average time to call a signal handler:      30702 nsec
  Average time to return to a normal context: 16121 nsec

[rank 12]
  # of preemption:                            1000
  Average interval time of preemption:        998945 nsec
  Average time to call a signal handler:      24344 nsec
  Average time to return to a normal context: 11409 nsec

[rank 13]
  # of preemption:                            1000
  Average interval time of preemption:        998938 nsec
  Average time to call a signal handler:      33251 nsec
  Average time to return to a normal context: 18187 nsec

[rank 14]
  # of preemption:                            1000
  Average interval time of preemption:        998939 nsec
  Average time to call a signal handler:      37005 nsec
  Average time to return to a normal context: 19984 nsec

[rank 15]
  # of preemption:                            1000
  Average interval time of preemption:        998937 nsec
  Average time to call a signal handler:      43345 nsec
  Average time to return to a normal context: 22327 nsec

[rank 16]
  # of preemption:                            1000
  Average interval time of preemption:        998948 nsec
  Average time to call a signal handler:      61575 nsec
  Average time to return to a normal context: 20587 nsec

[rank 17]
  # of preemption:                            1000
  Average interval time of preemption:        998937 nsec
  Average time to call a signal handler:      46381 nsec
  Average time to return to a normal context: 22691 nsec

[rank 18]
  # of preemption:                            1000
  Average interval time of preemption:        998940 nsec
  Average time to call a signal handler:      53321 nsec
  Average time to return to a normal context: 21931 nsec

[rank 19]
  # of preemption:                            1000
  Average interval time of preemption:        998939 nsec
  Average time to call a signal handler:      50508 nsec
  Average time to return to a normal context: 22265 nsec

[rank 20]
  # of preemption:                            1000
  Average interval time of preemption:        998947 nsec
  Average time to call a signal handler:      59041 nsec
  Average time to return to a normal context: 21138 nsec

[rank 21]
  # of preemption:                            1000
  Average interval time of preemption:        998952 nsec
  Average time to call a signal handler:      68855 nsec
  Average time to return to a normal context: 18196 nsec

[rank 22]
  # of preemption:                            1000
  Average interval time of preemption:        998952 nsec
  Average time to call a signal handler:      66814 nsec
  Average time to return to a normal context: 19119 nsec

[rank 23]
  # of preemption:                            1000
  Average interval time of preemption:        998948 nsec
  Average time to call a signal handler:      62869 nsec
  Average time to return to a normal context: 20325 nsec

[rank 24]
  # of preemption:                            1000
  Average interval time of preemption:        998950 nsec
  Average time to call a signal handler:      65325 nsec
  Average time to return to a normal context: 19602 nsec

[rank 25]
  # of preemption:                            1000
  Average interval time of preemption:        998954 nsec
  Average time to call a signal handler:      72415 nsec
  Average time to return to a normal context: 17081 nsec

[rank 26]
  # of preemption:                            1000
  Average interval time of preemption:        998954 nsec
  Average time to call a signal handler:      70057 nsec
  Average time to return to a normal context: 17839 nsec

[rank 27]
  # of preemption:                            1000
  Average interval time of preemption:        998952 nsec
  Average time to call a signal handler:      73780 nsec
  Average time to return to a normal context: 16008 nsec

[rank 28]
  # of preemption:                            1000
  Average interval time of preemption:        998951 nsec
  Average time to call a signal handler:      22378 nsec
  Average time to return to a normal context: 10266 nsec

[rank 29]
  # of preemption:                            1000
  Average interval time of preemption:        998966 nsec
  Average time to call a signal handler:      17304 nsec
  Average time to return to a normal context: 7780 nsec

[rank 30]
  # of preemption:                            1000
  Average interval time of preemption:        998957 nsec
  Average time to call a signal handler:      72636 nsec
  Average time to return to a normal context: 7041 nsec

[rank 31]
  # of preemption:                            1000
  Average interval time of preemption:        998945 nsec
  Average time to call a signal handler:      26255 nsec
  Average time to return to a normal context: 13017 nsec

[rank 32]
  # of preemption:                            1000
  Average interval time of preemption:        998937 nsec
  Average time to call a signal handler:      39518 nsec
  Average time to return to a normal context: 20837 nsec

[rank 33]
  # of preemption:                            1000
  Average interval time of preemption:        998942 nsec
  Average time to call a signal handler:      55286 nsec
  Average time to return to a normal context: 21657 nsec

[rank 34]
  # of preemption:                            1000
  Average interval time of preemption:        998954 nsec
  Average time to call a signal handler:      74513 nsec
  Average time to return to a normal context: 15591 nsec

[rank 35]
  # of preemption:                            1000
  Average interval time of preemption:        998954 nsec
  Average time to call a signal handler:      73222 nsec
  Average time to return to a normal context: 16733 nsec

[rank 36]
  # of preemption:                            1000
  Average interval time of preemption:        998955 nsec
  Average time to call a signal handler:      74951 nsec
  Average time to return to a normal context: 15264 nsec

[rank 37]
  # of preemption:                            1000
  Average interval time of preemption:        998954 nsec
  Average time to call a signal handler:      75419 nsec
  Average time to return to a normal context: 13768 nsec

[rank 38]
  # of preemption:                            1000
  Average interval time of preemption:        998956 nsec
  Average time to call a signal handler:      75359 nsec
  Average time to return to a normal context: 14742 nsec

[rank 39]
  # of preemption:                            1000
  Average interval time of preemption:        998957 nsec
  Average time to call a signal handler:      76063 nsec
  Average time to return to a normal context: 13020 nsec

[rank 40]
  # of preemption:                            1000
  Average interval time of preemption:        998960 nsec
  Average time to call a signal handler:      76760 nsec
  Average time to return to a normal context: 10227 nsec

[rank 41]
  # of preemption:                            1000
  Average interval time of preemption:        998960 nsec
  Average time to call a signal handler:      78173 nsec
  Average time to return to a normal context: 11569 nsec

[rank 42]
  # of preemption:                            1000
  Average interval time of preemption:        998960 nsec
  Average time to call a signal handler:      76900 nsec
  Average time to return to a normal context: 10424 nsec

[rank 43]
  # of preemption:                            1000
  Average interval time of preemption:        998960 nsec
  Average time to call a signal handler:      76362 nsec
  Average time to return to a normal context: 9521 nsec

[rank 44]
  # of preemption:                            1000
  Average interval time of preemption:        998959 nsec
  Average time to call a signal handler:      76100 nsec
  Average time to return to a normal context: 9418 nsec

[rank 45]
  # of preemption:                            1000
  Average interval time of preemption:        998960 nsec
  Average time to call a signal handler:      77666 nsec
  Average time to return to a normal context: 11249 nsec

[rank 46]
  # of preemption:                            1000
  Average interval time of preemption:        998960 nsec
  Average time to call a signal handler:      77093 nsec
  Average time to return to a normal context: 10001 nsec

[rank 47]
  # of preemption:                            1000
  Average interval time of preemption:        998958 nsec
  Average time to call a signal handler:      75455 nsec
  Average time to return to a normal context: 9134 nsec

[rank 48]
  # of preemption:                            1000
  Average interval time of preemption:        998958 nsec
  Average time to call a signal handler:      74092 nsec
  Average time to return to a normal context: 8587 nsec

[rank 49]
  # of preemption:                            1000
  Average interval time of preemption:        998958 nsec
  Average time to call a signal handler:      74544 nsec
  Average time to return to a normal context: 8854 nsec

[rank 50]
  # of preemption:                            1000
  Average interval time of preemption:        998957 nsec
  Average time to call a signal handler:      73605 nsec
  Average time to return to a normal context: 8357 nsec

[rank 51]
  # of preemption:                            1000
  Average interval time of preemption:        998958 nsec
  Average time to call a signal handler:      72970 nsec
  Average time to return to a normal context: 8068 nsec

[rank 52]
  # of preemption:                            1000
  Average interval time of preemption:        998957 nsec
  Average time to call a signal handler:      72927 nsec
  Average time to return to a normal context: 7691 nsec

[rank 53]
  # of preemption:                            1000
  Average interval time of preemption:        998958 nsec
  Average time to call a signal handler:      73018 nsec
  Average time to return to a normal context: 7361 nsec

[rank 54]
  # of preemption:                            1000
  Average interval time of preemption:        998958 nsec
  Average time to call a signal handler:      72734 nsec
  Average time to return to a normal context: 6872 nsec

[rank 55]
  # of preemption:                            1000
  Average interval time of preemption:        998956 nsec
  Average time to call a signal handler:      73244 nsec
  Average time to return to a normal context: 7910 nsec

[Total]
  # of preemption:                            56000
  Average interval time of preemption:        999028 nsec
  Average time to call a signal handler:      55991 nsec
  Average time to return to a normal context: 12809 nsec

