=============================================================
# of threads:                    8
# of timers:                     8
# of preemption for each thread: 1000
Interval time of preemption:     1000000 nsec
Managed timer:                   false
Sync timer:                      false
Chain wake-up:                   false
Thread timer:                    false
Use timerfd:                     false
=============================================================

[rank 0]
  # of preemption:                            1000
  Average interval time of preemption:        998997 nsec
  Average time to call a signal handler:      12165 nsec
  Average time to return to a normal context: 2200 nsec

[rank 1]
  # of preemption:                            1000
  Average interval time of preemption:        998996 nsec
  Average time to call a signal handler:      11394 nsec
  Average time to return to a normal context: 2434 nsec

[rank 2]
  # of preemption:                            1000
  Average interval time of preemption:        998995 nsec
  Average time to call a signal handler:      9640 nsec
  Average time to return to a normal context: 2873 nsec

[rank 3]
  # of preemption:                            1000
  Average interval time of preemption:        998994 nsec
  Average time to call a signal handler:      10444 nsec
  Average time to return to a normal context: 2755 nsec

[rank 4]
  # of preemption:                            1000
  Average interval time of preemption:        998996 nsec
  Average time to call a signal handler:      8804 nsec
  Average time to return to a normal context: 2981 nsec

[rank 5]
  # of preemption:                            1000
  Average interval time of preemption:        998996 nsec
  Average time to call a signal handler:      11101 nsec
  Average time to return to a normal context: 2502 nsec

[rank 6]
  # of preemption:                            1000
  Average interval time of preemption:        998996 nsec
  Average time to call a signal handler:      10609 nsec
  Average time to return to a normal context: 1675 nsec

[rank 7]
  # of preemption:                            1000
  Average interval time of preemption:        998997 nsec
  Average time to call a signal handler:      10367 nsec
  Average time to return to a normal context: 2790 nsec

[Total]
  # of preemption:                            8000
  Average interval time of preemption:        998995 nsec
  Average time to call a signal handler:      10565 nsec
  Average time to return to a normal context: 2526 nsec

