=============================================================
# of threads:                    8
# of timers:                     8
# of preemption for each thread: 1000
Interval time of preemption:     1000000 nsec
Managed timer:                   false
Sync timer:                      false
Chain wake-up:                   false
Thread timer:                    false
Use timerfd:                     false
=============================================================

[rank 0]
  # of preemption:                            1000
  Average interval time of preemption:        998994 nsec
  Average time to call a signal handler:      9949 nsec
  Average time to return to a normal context: 2896 nsec

[rank 1]
  # of preemption:                            1000
  Average interval time of preemption:        998993 nsec
  Average time to call a signal handler:      8720 nsec
  Average time to return to a normal context: 2972 nsec

[rank 2]
  # of preemption:                            1000
  Average interval time of preemption:        998992 nsec
  Average time to call a signal handler:      8226 nsec
  Average time to return to a normal context: 2992 nsec

[rank 3]
  # of preemption:                            1000
  Average interval time of preemption:        998995 nsec
  Average time to call a signal handler:      10386 nsec
  Average time to return to a normal context: 2527 nsec

[rank 4]
  # of preemption:                            1000
  Average interval time of preemption:        998996 nsec
  Average time to call a signal handler:      10529 nsec
  Average time to return to a normal context: 2171 nsec

[rank 5]
  # of preemption:                            1000
  Average interval time of preemption:        998996 nsec
  Average time to call a signal handler:      10535 nsec
  Average time to return to a normal context: 1868 nsec

[rank 6]
  # of preemption:                            1000
  Average interval time of preemption:        998995 nsec
  Average time to call a signal handler:      10713 nsec
  Average time to return to a normal context: 2278 nsec

[rank 7]
  # of preemption:                            1000
  Average interval time of preemption:        998995 nsec
  Average time to call a signal handler:      10012 nsec
  Average time to return to a normal context: 1321 nsec

[Total]
  # of preemption:                            8000
  Average interval time of preemption:        998994 nsec
  Average time to call a signal handler:      9883 nsec
  Average time to return to a normal context: 2378 nsec

