

********************************************************************************
***                            HPGMG-FV Benchmark                            ***
********************************************************************************
Requested MPI_THREAD_FUNNELED, got MPI_THREAD_FUNNELED
2 MPI Tasks of 11 threads


===== Benchmark setup ==========================================================

attempting to create a 512^3 level from 8 x 256^3 boxes distributed among 2 tasks...
  boundary condition = BC_DIRICHLET
  Decomposing level via Z-mort ordering... done
  Allocating vectors... done
  Calculating boxes per process... target=4.000, max=4
  Creating Poisson (a=0.000000, b=1.000000) test problem
  calculating D^{-1} exactly for level h=1.953125e-03 using  64 colors...  done (8.165728 seconds)

attempting to create a 256^3 level from 8 x 128^3 boxes distributed among 2 tasks...
  boundary condition = BC_DIRICHLET
  Decomposing level via Z-mort ordering... done
  Allocating vectors... done
  Calculating boxes per process... target=4.000, max=4

attempting to create a 128^3 level from 8 x 64^3 boxes distributed among 2 tasks...
  boundary condition = BC_DIRICHLET
  Decomposing level via Z-mort ordering... done
  Allocating vectors... done
  Calculating boxes per process... target=4.000, max=4

attempting to create a 64^3 level from 8 x 32^3 boxes distributed among 2 tasks...
  boundary condition = BC_DIRICHLET
  Decomposing level via Z-mort ordering... done
  Allocating vectors... done
  Calculating boxes per process... target=4.000, max=4

attempting to create a 32^3 level from 8 x 16^3 boxes distributed among 2 tasks...
  boundary condition = BC_DIRICHLET
  Decomposing level via Z-mort ordering... done
  Allocating vectors... done
  Calculating boxes per process... target=4.000, max=4

attempting to create a 16^3 level from 8 x 8^3 boxes distributed among 2 tasks...
  boundary condition = BC_DIRICHLET
  Decomposing level via Z-mort ordering... done
  Allocating vectors... done
  Calculating boxes per process... target=4.000, max=4

attempting to create a 8^3 level from 1 x 8^3 boxes distributed among 2 tasks...
  boundary condition = BC_DIRICHLET
  Decomposing level via Z-mort ordering... done
  Allocating vectors... done
  Calculating boxes per process... target=0.500, max=1

attempting to create a 4^3 level from 1 x 4^3 boxes distributed among 2 tasks...
  boundary condition = BC_DIRICHLET
  Decomposing level via Z-mort ordering... done
  Allocating vectors... done
  Calculating boxes per process... target=0.500, max=1

attempting to create a 2^3 level from 1 x 2^3 boxes distributed among 2 tasks...
  boundary condition = BC_DIRICHLET
  Decomposing level via Z-mort ordering... done
  Allocating vectors... done
  Calculating boxes per process... target=0.500, max=1

  Building restriction and interpolation lists... done

  Building MPI subcommunicator for level  1... done (0.000423 seconds)
  Building MPI subcommunicator for level  2... done (0.000301 seconds)
  Building MPI subcommunicator for level  3... done (0.000254 seconds)
  Building MPI subcommunicator for level  4... done (0.000268 seconds)
  Building MPI subcommunicator for level  5... done (0.000017 seconds)
  Building MPI subcommunicator for level  6... done (0.000025 seconds)
  Building MPI subcommunicator for level  7... done (0.000018 seconds)
  Building MPI subcommunicator for level  8... done (0.000016 seconds)

  calculating D^{-1} exactly for level h=3.906250e-03 using  64 colors...  done (1.085352 seconds)
  calculating D^{-1} exactly for level h=7.812500e-03 using  64 colors...  done (0.152805 seconds)
  calculating D^{-1} exactly for level h=1.562500e-02 using  64 colors...  done (0.023583 seconds)
  calculating D^{-1} exactly for level h=3.125000e-02 using  64 colors...  done (0.006825 seconds)
  calculating D^{-1} exactly for level h=6.250000e-02 using  64 colors...  done (0.003110 seconds)
  calculating D^{-1} exactly for level h=1.250000e-01 using  64 colors...  done (0.001312 seconds)
  calculating D^{-1} exactly for level h=2.500000e-01 using  64 colors...  done (0.000560 seconds)
  calculating D^{-1} exactly for level h=5.000000e-01 using   8 colors...  done (0.000053 seconds)



===== Warming up by running 1 solves ==========================================
FMGSolve... f-cycle     norm=4.151187824908527e-08  rel=4.153376389499612e-08  done (1.797841 seconds)


===== Running 10 solves ========================================================
FMGSolve... f-cycle     norm=4.151187824908527e-08  rel=4.153376389499612e-08  done (1.792741 seconds)
FMGSolve... f-cycle     norm=4.151187824908527e-08  rel=4.153376389499612e-08  done (1.794877 seconds)
FMGSolve... f-cycle     norm=4.151187824908527e-08  rel=4.153376389499612e-08  done (1.794577 seconds)
FMGSolve... f-cycle     norm=4.151187824908527e-08  rel=4.153376389499612e-08  done (1.798909 seconds)
FMGSolve... f-cycle     norm=4.151187824908527e-08  rel=4.153376389499612e-08  done (1.814774 seconds)
FMGSolve... f-cycle     norm=4.151187824908527e-08  rel=4.153376389499612e-08  done (1.818124 seconds)
FMGSolve... f-cycle     norm=4.151187824908527e-08  rel=4.153376389499612e-08  done (1.796029 seconds)
FMGSolve... f-cycle     norm=4.151187824908527e-08  rel=4.153376389499612e-08  done (1.794638 seconds)
FMGSolve... f-cycle     norm=4.151187824908527e-08  rel=4.153376389499612e-08  done (1.793630 seconds)
FMGSolve... f-cycle     norm=4.151187824908527e-08  rel=4.153376389499612e-08  done (1.801944 seconds)


===== Timing Breakdown =========================================================


level                                0            1            2            3            4            5            6            7            8 
level dimension                  512^3        256^3        128^3         64^3         32^3         16^3          8^3          4^3          2^3 
box dimension                    256^3        128^3         64^3         32^3         16^3          8^3          8^3          4^3          2^3        total
------------------        ------------ ------------ ------------ ------------ ------------ ------------ ------------ ------------ ------------ ------------ 
smooth                        1.004498     0.241350     0.047040     0.007928     0.001869     0.000850     0.000788     0.000158     0.000000     1.304480
  max                         1.006938     0.248557     0.047734     0.007928     0.001869     0.000869     0.000788     0.000158     0.000000     1.314840
  min                         1.004498     0.241350     0.047040     0.007886     0.001868     0.000850     0.000000     0.000000     0.000000     1.303491
residual                      0.196254     0.024835     0.004897     0.000828     0.000192     0.000073     0.000075     0.000016     0.000008     0.227178
applyOp                       0.000000     0.000000     0.000000     0.000000     0.000000     0.000000     0.000000     0.000000     0.000019     0.000019
BLAS1                         0.044423     0.001583     0.000338     0.000088     0.000038     0.000024     0.000010     0.000005     0.000040     0.046550
BLAS3                         0.000000     0.000000     0.000000     0.000000     0.000000     0.000000     0.000000     0.000000     0.000000     0.000000
Boundary Conditions           0.016741     0.008202     0.002816     0.001609     0.001017     0.000678     0.000752     0.000692     0.000161     0.032667
Restriction                   0.016242     0.003082     0.000384     0.000097     0.000040     0.000763     0.000011     0.000005     0.000000     0.020625
  local restriction           0.016240     0.003080     0.000382     0.000095     0.000039     0.000024     0.000008     0.000004     0.000000     0.019871
  pack MPI buffers            0.000000     0.000000     0.000000     0.000000     0.000000     0.000000     0.000000     0.000000     0.000000     0.000000
  unpack MPI buffers          0.000000     0.000000     0.000000     0.000000     0.000000     0.000026     0.000000     0.000000     0.000000     0.000026
  MPI_Isend                   0.000000     0.000000     0.000000     0.000000     0.000000     0.000000     0.000000     0.000000     0.000000     0.000000
  MPI_Irecv                   0.000000     0.000000     0.000000     0.000000     0.000000     0.000003     0.000000     0.000000     0.000000     0.000003
  MPI_Waitall                 0.000000     0.000000     0.000000     0.000000     0.000000     0.000707     0.000000     0.000000     0.000000     0.000707
Interpolation                 0.048039     0.007956     0.001166     0.000274     0.000132     0.000148     0.000024     0.000017     0.000000     0.057756
  local interpolation         0.048038     0.007954     0.001164     0.000272     0.000130     0.000052     0.000023     0.000015     0.000000     0.057649
  pack MPI buffers            0.000000     0.000000     0.000000     0.000000     0.000000     0.000062     0.000000     0.000000     0.000000     0.000062
  unpack MPI buffers          0.000000     0.000000     0.000000     0.000000     0.000000     0.000000     0.000000     0.000000     0.000000     0.000000
  MPI_Isend                   0.000000     0.000000     0.000000     0.000000     0.000000     0.000031     0.000000     0.000000     0.000000     0.000031
  MPI_Irecv                   0.000000     0.000000     0.000000     0.000000     0.000000     0.000000     0.000000     0.000000     0.000000     0.000000
  MPI_Waitall                 0.000000     0.000000     0.000000     0.000000     0.000000     0.000001     0.000000     0.000000     0.000000     0.000001
Ghost Zone Exchange           0.061592     0.036829     0.013046     0.004573     0.002806     0.001754     0.000009     0.000007     0.000004     0.120619
  local exchange              0.027427     0.013090     0.004180     0.001872     0.001523     0.000636     0.000000     0.000000     0.000000     0.048727
  pack MPI buffers            0.001803     0.001105     0.000619     0.000323     0.000328     0.000349     0.000000     0.000000     0.000000     0.004528
  unpack MPI buffers          0.001834     0.001311     0.000899     0.000462     0.000389     0.000362     0.000000     0.000000     0.000000     0.005257
  MPI_Isend                   0.014577     0.007549     0.002646     0.000544     0.000139     0.000052     0.000000     0.000000     0.000000     0.025507
  MPI_Irecv                   0.000028     0.000040     0.000035     0.000024     0.000011     0.000013     0.000000     0.000000     0.000000     0.000151
  MPI_Waitall                 0.015909     0.013711     0.004651     0.001328     0.000394     0.000320     0.000000     0.000000     0.000000     0.036314
MPI_collectives               0.002303     0.000000     0.000000     0.000000     0.000000     0.000000     0.000000     0.000000     0.000038     0.002341
------------------        ------------ ------------ ------------ ------------ ------------ ------------ ------------ ------------ ------------ ------------ 
Total by level                1.382594     0.320346     0.068821     0.015223     0.005989     0.004172     0.001667     0.000914     0.000258     1.799984

   Total time in MGBuild      1.340702 seconds
   Total time in MGSolve      1.800019 seconds
      number of v-cycles             1
Bottom solver iterations            16




===== Performance Summary ======================================================
  h=1.953125000000000e-03  DOF=1.342177280000000e+08  time=1.800019  DOF/s=7.456e+07  MPI=2  OMP=11


===== Richardson error analysis ================================================
FMGSolve... f-cycle     norm=4.151187824908527e-08  rel=4.153376389499612e-08  done (1.794856 seconds)
FMGSolve... f-cycle     norm=5.144231718379189e-07  rel=5.155086782761839e-07  done (0.251248 seconds)
FMGSolve... f-cycle     norm=7.454875268653183e-06  rel=7.517955872287669e-06  done (0.043274 seconds)
  h=1.953125000000000e-03  ||error||=9.221160354386249e-10
  order=4.011


===== Deallocating memory ======================================================
attempting to free the restriction and interpolation lists... done
attempting to free the     2^3 level... done
attempting to free the     4^3 level... done
attempting to free the     8^3 level... done
attempting to free the    16^3 level... done
attempting to free the    32^3 level... done
attempting to free the    64^3 level... done
attempting to free the   128^3 level... done
attempting to free the   256^3 level... done
attempting to free the   512^3 level... done


===== Done =====================================================================
