

********************************************************************************
***                            HPGMG-FV Benchmark                            ***
********************************************************************************
Requested MPI_THREAD_FUNNELED, got MPI_THREAD_FUNNELED
2 MPI Tasks of 15 threads


===== Benchmark setup ==========================================================

attempting to create a 512^3 level from 8 x 256^3 boxes distributed among 2 tasks...
  boundary condition = BC_DIRICHLET
  Decomposing level via Z-mort ordering... done
  Allocating vectors... done
  Calculating boxes per process... target=4.000, max=4
  Creating Poisson (a=0.000000, b=1.000000) test problem
  calculating D^{-1} exactly for level h=1.953125e-03 using  64 colors...  done (6.205401 seconds)

attempting to create a 256^3 level from 8 x 128^3 boxes distributed among 2 tasks...
  boundary condition = BC_DIRICHLET
  Decomposing level via Z-mort ordering... done
  Allocating vectors... done
  Calculating boxes per process... target=4.000, max=4

attempting to create a 128^3 level from 8 x 64^3 boxes distributed among 2 tasks...
  boundary condition = BC_DIRICHLET
  Decomposing level via Z-mort ordering... done
  Allocating vectors... done
  Calculating boxes per process... target=4.000, max=4

attempting to create a 64^3 level from 8 x 32^3 boxes distributed among 2 tasks...
  boundary condition = BC_DIRICHLET
  Decomposing level via Z-mort ordering... done
  Allocating vectors... done
  Calculating boxes per process... target=4.000, max=4

attempting to create a 32^3 level from 8 x 16^3 boxes distributed among 2 tasks...
  boundary condition = BC_DIRICHLET
  Decomposing level via Z-mort ordering... done
  Allocating vectors... done
  Calculating boxes per process... target=4.000, max=4

attempting to create a 16^3 level from 8 x 8^3 boxes distributed among 2 tasks...
  boundary condition = BC_DIRICHLET
  Decomposing level via Z-mort ordering... done
  Allocating vectors... done
  Calculating boxes per process... target=4.000, max=4

attempting to create a 8^3 level from 1 x 8^3 boxes distributed among 2 tasks...
  boundary condition = BC_DIRICHLET
  Decomposing level via Z-mort ordering... done
  Allocating vectors... done
  Calculating boxes per process... target=0.500, max=1

attempting to create a 4^3 level from 1 x 4^3 boxes distributed among 2 tasks...
  boundary condition = BC_DIRICHLET
  Decomposing level via Z-mort ordering... done
  Allocating vectors... done
  Calculating boxes per process... target=0.500, max=1

attempting to create a 2^3 level from 1 x 2^3 boxes distributed among 2 tasks...
  boundary condition = BC_DIRICHLET
  Decomposing level via Z-mort ordering... done
  Allocating vectors... done
  Calculating boxes per process... target=0.500, max=1

  Building restriction and interpolation lists... done

  Building MPI subcommunicator for level  1... done (0.000438 seconds)
  Building MPI subcommunicator for level  2... done (0.000079 seconds)
  Building MPI subcommunicator for level  3... done (0.000272 seconds)
  Building MPI subcommunicator for level  4... done (0.000052 seconds)
  Building MPI subcommunicator for level  5... done (0.000017 seconds)
  Building MPI subcommunicator for level  6... done (0.000025 seconds)
  Building MPI subcommunicator for level  7... done (0.000018 seconds)
  Building MPI subcommunicator for level  8... done (0.000016 seconds)

  calculating D^{-1} exactly for level h=3.906250e-03 using  64 colors...  done (0.825695 seconds)
  calculating D^{-1} exactly for level h=7.812500e-03 using  64 colors...  done (0.119077 seconds)
  calculating D^{-1} exactly for level h=1.562500e-02 using  64 colors...  done (0.020253 seconds)
  calculating D^{-1} exactly for level h=3.125000e-02 using  64 colors...  done (0.006479 seconds)
  calculating D^{-1} exactly for level h=6.250000e-02 using  64 colors...  done (0.003156 seconds)
  calculating D^{-1} exactly for level h=1.250000e-01 using  64 colors...  done (0.001403 seconds)
  calculating D^{-1} exactly for level h=2.500000e-01 using  64 colors...  done (0.000563 seconds)
  calculating D^{-1} exactly for level h=5.000000e-01 using   8 colors...  done (0.000055 seconds)



===== Warming up by running 1 solves ==========================================
FMGSolve... f-cycle     norm=4.151187824908527e-08  rel=4.153376389499612e-08  done (1.400660 seconds)


===== Running 10 solves ========================================================
FMGSolve... f-cycle     norm=4.151187824908527e-08  rel=4.153376389499612e-08  done (1.398383 seconds)
FMGSolve... f-cycle     norm=4.151187824908527e-08  rel=4.153376389499612e-08  done (1.398803 seconds)
FMGSolve... f-cycle     norm=4.151187824908527e-08  rel=4.153376389499612e-08  done (1.405958 seconds)
FMGSolve... f-cycle     norm=4.151187824908527e-08  rel=4.153376389499612e-08  done (1.400010 seconds)
FMGSolve... f-cycle     norm=4.151187824908527e-08  rel=4.153376389499612e-08  done (1.397698 seconds)
FMGSolve... f-cycle     norm=4.151187824908527e-08  rel=4.153376389499612e-08  done (1.397367 seconds)
FMGSolve... f-cycle     norm=4.151187824908527e-08  rel=4.153376389499612e-08  done (1.396356 seconds)
FMGSolve... f-cycle     norm=4.151187824908527e-08  rel=4.153376389499612e-08  done (1.397661 seconds)
FMGSolve... f-cycle     norm=4.151187824908527e-08  rel=4.153376389499612e-08  done (1.395725 seconds)
FMGSolve... f-cycle     norm=4.151187824908527e-08  rel=4.153376389499612e-08  done (1.405965 seconds)


===== Timing Breakdown =========================================================


level                                0            1            2            3            4            5            6            7            8 
level dimension                  512^3        256^3        128^3         64^3         32^3         16^3          8^3          4^3          2^3 
box dimension                    256^3        128^3         64^3         32^3         16^3          8^3          8^3          4^3          2^3        total
------------------        ------------ ------------ ------------ ------------ ------------ ------------ ------------ ------------ ------------ ------------ 
smooth                        0.780164     0.186150     0.035720     0.006642     0.001923     0.000963     0.000807     0.000171     0.000000     1.012540
  max                         0.780164     0.186150     0.035720     0.006642     0.001923     0.000963     0.000807     0.000171     0.000000     1.012540
  min                         0.774433     0.185970     0.035716     0.006600     0.001883     0.000962     0.000000     0.000000     0.000000     1.005564
residual                      0.145902     0.018519     0.003691     0.000692     0.000200     0.000082     0.000077     0.000017     0.000009     0.169191
applyOp                       0.000000     0.000000     0.000000     0.000000     0.000000     0.000000     0.000000     0.000000     0.000019     0.000019
BLAS1                         0.039133     0.001424     0.000279     0.000079     0.000041     0.000029     0.000011     0.000004     0.000038     0.041038
BLAS3                         0.000000     0.000000     0.000000     0.000000     0.000000     0.000000     0.000000     0.000000     0.000000     0.000000
Boundary Conditions           0.014285     0.006293     0.002509     0.001350     0.000884     0.000677     0.000864     0.000687     0.000201     0.027751
Restriction                   0.014797     0.002834     0.000365     0.000108     0.000046     0.000211     0.000009     0.000004     0.000000     0.018374
  local restriction           0.014794     0.002832     0.000363     0.000107     0.000044     0.000032     0.000007     0.000002     0.000000     0.018181
  pack MPI buffers            0.000000     0.000000     0.000000     0.000000     0.000000     0.000000     0.000000     0.000000     0.000000     0.000000
  unpack MPI buffers          0.000000     0.000000     0.000000     0.000000     0.000000     0.000035     0.000000     0.000000     0.000000     0.000035
  MPI_Isend                   0.000000     0.000000     0.000000     0.000000     0.000000     0.000000     0.000000     0.000000     0.000000     0.000000
  MPI_Irecv                   0.000000     0.000000     0.000000     0.000000     0.000000     0.000004     0.000000     0.000000     0.000000     0.000004
  MPI_Waitall                 0.000000     0.000000     0.000000     0.000000     0.000000     0.000140     0.000000     0.000000     0.000000     0.000140
Interpolation                 0.036965     0.006399     0.000981     0.000285     0.000111     0.000130     0.000027     0.000016     0.000000     0.044915
  local interpolation         0.036964     0.006397     0.000980     0.000284     0.000110     0.000049     0.000026     0.000014     0.000000     0.044825
  pack MPI buffers            0.000000     0.000000     0.000000     0.000000     0.000000     0.000046     0.000000     0.000000     0.000000     0.000046
  unpack MPI buffers          0.000000     0.000000     0.000000     0.000000     0.000000     0.000000     0.000000     0.000000     0.000000     0.000000
  MPI_Isend                   0.000000     0.000000     0.000000     0.000000     0.000000     0.000031     0.000000     0.000000     0.000000     0.000031
  MPI_Irecv                   0.000000     0.000000     0.000000     0.000000     0.000000     0.000000     0.000000     0.000000     0.000000     0.000000
  MPI_Waitall                 0.000000     0.000000     0.000000     0.000000     0.000000     0.000002     0.000000     0.000000     0.000000     0.000002
Ghost Zone Exchange           0.052084     0.026467     0.010120     0.004033     0.002296     0.001675     0.000008     0.000007     0.000003     0.096692
  local exchange              0.020549     0.009866     0.002917     0.001493     0.000950     0.000541     0.000000     0.000000     0.000000     0.036314
  pack MPI buffers            0.001657     0.000994     0.000544     0.000374     0.000345     0.000389     0.000000     0.000000     0.000000     0.004303
  unpack MPI buffers          0.001696     0.001251     0.000886     0.000488     0.000420     0.000409     0.000000     0.000000     0.000000     0.005151
  MPI_Isend                   0.014613     0.007385     0.002738     0.000595     0.000164     0.000055     0.000000     0.000000     0.000000     0.025550
  MPI_Irecv                   0.000028     0.000035     0.000030     0.000019     0.000011     0.000014     0.000000     0.000000     0.000000     0.000136
  MPI_Waitall                 0.013524     0.006916     0.002986     0.001041     0.000385     0.000241     0.000000     0.000000     0.000000     0.025094
MPI_collectives               0.000051     0.000000     0.000000     0.000000     0.000000     0.000000     0.000000     0.000000     0.000038     0.000089
------------------        ------------ ------------ ------------ ------------ ------------ ------------ ------------ ------------ ------------ ------------ 
Total by level                1.075745     0.245524     0.052971     0.012998     0.005443     0.003659     0.001800     0.000921     0.000292     1.399354

   Total time in MGBuild      1.037045 seconds
   Total time in MGSolve      1.399387 seconds
      number of v-cycles             1
Bottom solver iterations            16




===== Performance Summary ======================================================
  h=1.953125000000000e-03  DOF=1.342177280000000e+08  time=1.399387  DOF/s=9.591e+07  MPI=2  OMP=15


===== Richardson error analysis ================================================
FMGSolve... f-cycle     norm=4.151187824908527e-08  rel=4.153376389499612e-08  done (1.397887 seconds)
FMGSolve... f-cycle     norm=5.144231718379189e-07  rel=5.155086782761839e-07  done (0.196437 seconds)
FMGSolve... f-cycle     norm=7.454875268653183e-06  rel=7.517955872287669e-06  done (0.036623 seconds)
  h=1.953125000000000e-03  ||error||=9.221160354386249e-10
  order=4.011


===== Deallocating memory ======================================================
attempting to free the restriction and interpolation lists... done
attempting to free the     2^3 level... done
attempting to free the     4^3 level... done
attempting to free the     8^3 level... done
attempting to free the    16^3 level... done
attempting to free the    32^3 level... done
attempting to free the    64^3 level... done
attempting to free the   128^3 level... done
attempting to free the   256^3 level... done
attempting to free the   512^3 level... done


===== Done =====================================================================
