

********************************************************************************
***                            HPGMG-FV Benchmark                            ***
********************************************************************************
Requested MPI_THREAD_FUNNELED, got MPI_THREAD_FUNNELED
2 MPI Tasks of 16 threads


===== Benchmark setup ==========================================================

attempting to create a 512^3 level from 8 x 256^3 boxes distributed among 2 tasks...
  boundary condition = BC_DIRICHLET
  Decomposing level via Z-mort ordering... done
  Allocating vectors... done
  Calculating boxes per process... target=4.000, max=4
  Creating Poisson (a=0.000000, b=1.000000) test problem
  calculating D^{-1} exactly for level h=1.953125e-03 using  64 colors...  done (5.877735 seconds)

attempting to create a 256^3 level from 8 x 128^3 boxes distributed among 2 tasks...
  boundary condition = BC_DIRICHLET
  Decomposing level via Z-mort ordering... done
  Allocating vectors... done
  Calculating boxes per process... target=4.000, max=4

attempting to create a 128^3 level from 8 x 64^3 boxes distributed among 2 tasks...
  boundary condition = BC_DIRICHLET
  Decomposing level via Z-mort ordering... done
  Allocating vectors... done
  Calculating boxes per process... target=4.000, max=4

attempting to create a 64^3 level from 8 x 32^3 boxes distributed among 2 tasks...
  boundary condition = BC_DIRICHLET
  Decomposing level via Z-mort ordering... done
  Allocating vectors... done
  Calculating boxes per process... target=4.000, max=4

attempting to create a 32^3 level from 8 x 16^3 boxes distributed among 2 tasks...
  boundary condition = BC_DIRICHLET
  Decomposing level via Z-mort ordering... done
  Allocating vectors... done
  Calculating boxes per process... target=4.000, max=4

attempting to create a 16^3 level from 8 x 8^3 boxes distributed among 2 tasks...
  boundary condition = BC_DIRICHLET
  Decomposing level via Z-mort ordering... done
  Allocating vectors... done
  Calculating boxes per process... target=4.000, max=4

attempting to create a 8^3 level from 1 x 8^3 boxes distributed among 2 tasks...
  boundary condition = BC_DIRICHLET
  Decomposing level via Z-mort ordering... done
  Allocating vectors... done
  Calculating boxes per process... target=0.500, max=1

attempting to create a 4^3 level from 1 x 4^3 boxes distributed among 2 tasks...
  boundary condition = BC_DIRICHLET
  Decomposing level via Z-mort ordering... done
  Allocating vectors... done
  Calculating boxes per process... target=0.500, max=1

attempting to create a 2^3 level from 1 x 2^3 boxes distributed among 2 tasks...
  boundary condition = BC_DIRICHLET
  Decomposing level via Z-mort ordering... done
  Allocating vectors... done
  Calculating boxes per process... target=0.500, max=1

  Building restriction and interpolation lists... done

  Building MPI subcommunicator for level  1... done (0.000426 seconds)
  Building MPI subcommunicator for level  2... done (0.000075 seconds)
  Building MPI subcommunicator for level  3... done (0.000267 seconds)
  Building MPI subcommunicator for level  4... done (0.000051 seconds)
  Building MPI subcommunicator for level  5... done (0.000017 seconds)
  Building MPI subcommunicator for level  6... done (0.000024 seconds)
  Building MPI subcommunicator for level  7... done (0.000018 seconds)
  Building MPI subcommunicator for level  8... done (0.000016 seconds)

  calculating D^{-1} exactly for level h=3.906250e-03 using  64 colors...  done (0.774538 seconds)
  calculating D^{-1} exactly for level h=7.812500e-03 using  64 colors...  done (0.109057 seconds)
  calculating D^{-1} exactly for level h=1.562500e-02 using  64 colors...  done (0.017019 seconds)
  calculating D^{-1} exactly for level h=3.125000e-02 using  64 colors...  done (0.005090 seconds)
  calculating D^{-1} exactly for level h=6.250000e-02 using  64 colors...  done (0.003231 seconds)
  calculating D^{-1} exactly for level h=1.250000e-01 using  64 colors...  done (0.001398 seconds)
  calculating D^{-1} exactly for level h=2.500000e-01 using  64 colors...  done (0.000558 seconds)
  calculating D^{-1} exactly for level h=5.000000e-01 using   8 colors...  done (0.000057 seconds)



===== Warming up by running 1 solves ==========================================
FMGSolve... f-cycle     norm=4.151187824908527e-08  rel=4.153376389499612e-08  done (1.332561 seconds)


===== Running 10 solves ========================================================
FMGSolve... f-cycle     norm=4.151187824908527e-08  rel=4.153376389499612e-08  done (1.329202 seconds)
FMGSolve... f-cycle     norm=4.151187824908527e-08  rel=4.153376389499612e-08  done (1.332310 seconds)
FMGSolve... f-cycle     norm=4.151187824908527e-08  rel=4.153376389499612e-08  done (1.331316 seconds)
FMGSolve... f-cycle     norm=4.151187824908527e-08  rel=4.153376389499612e-08  done (1.329913 seconds)
FMGSolve... f-cycle     norm=4.151187824908527e-08  rel=4.153376389499612e-08  done (1.329865 seconds)
FMGSolve... f-cycle     norm=4.151187824908527e-08  rel=4.153376389499612e-08  done (1.334215 seconds)
FMGSolve... f-cycle     norm=4.151187824908527e-08  rel=4.153376389499612e-08  done (1.329871 seconds)
FMGSolve... f-cycle     norm=4.151187824908527e-08  rel=4.153376389499612e-08  done (1.329708 seconds)
FMGSolve... f-cycle     norm=4.151187824908527e-08  rel=4.153376389499612e-08  done (1.329789 seconds)
FMGSolve... f-cycle     norm=4.151187824908527e-08  rel=4.153376389499612e-08  done (1.330167 seconds)


===== Timing Breakdown =========================================================


level                                0            1            2            3            4            5            6            7            8 
level dimension                  512^3        256^3        128^3         64^3         32^3         16^3          8^3          4^3          2^3 
box dimension                    256^3        128^3         64^3         32^3         16^3          8^3          8^3          4^3          2^3        total
------------------        ------------ ------------ ------------ ------------ ------------ ------------ ------------ ------------ ------------ ------------ 
smooth                        0.719825     0.175002     0.032897     0.005462     0.001207     0.000951     0.000810     0.000163     0.000000     0.936316
  max                         0.741224     0.180573     0.033027     0.005462     0.001207     0.000953     0.000810     0.000163     0.000000     0.963418
  min                         0.719825     0.175002     0.032897     0.005359     0.001171     0.000951     0.000000     0.000000     0.000000     0.935205
residual                      0.136787     0.017095     0.003373     0.000561     0.000114     0.000080     0.000075     0.000016     0.000008     0.158109
applyOp                       0.000000     0.000000     0.000000     0.000000     0.000000     0.000000     0.000000     0.000000     0.000020     0.000020
BLAS1                         0.039055     0.001480     0.000283     0.000071     0.000033     0.000029     0.000012     0.000005     0.000039     0.041007
BLAS3                         0.000000     0.000000     0.000000     0.000000     0.000000     0.000000     0.000000     0.000000     0.000000     0.000000
Boundary Conditions           0.012570     0.006786     0.002387     0.001271     0.000876     0.000654     0.000834     0.000711     0.000209     0.026299
Restriction                   0.014433     0.002742     0.000333     0.000094     0.000047     0.000117     0.000008     0.000005     0.000000     0.017778
  local restriction           0.014431     0.002739     0.000331     0.000092     0.000045     0.000032     0.000007     0.000003     0.000000     0.017680
  pack MPI buffers            0.000000     0.000000     0.000000     0.000000     0.000000     0.000000     0.000000     0.000000     0.000000     0.000000
  unpack MPI buffers          0.000000     0.000000     0.000000     0.000000     0.000000     0.000035     0.000000     0.000000     0.000000     0.000035
  MPI_Isend                   0.000000     0.000000     0.000000     0.000000     0.000000     0.000000     0.000000     0.000000     0.000000     0.000000
  MPI_Irecv                   0.000000     0.000000     0.000000     0.000000     0.000000     0.000003     0.000000     0.000000     0.000000     0.000003
  MPI_Waitall                 0.000000     0.000000     0.000000     0.000000     0.000000     0.000043     0.000000     0.000000     0.000000     0.000043
Interpolation                 0.035054     0.005955     0.000818     0.000176     0.000109     0.000129     0.000026     0.000016     0.000000     0.042284
  local interpolation         0.035053     0.005953     0.000817     0.000175     0.000108     0.000050     0.000025     0.000013     0.000000     0.042195
  pack MPI buffers            0.000000     0.000000     0.000000     0.000000     0.000000     0.000045     0.000000     0.000000     0.000000     0.000045
  unpack MPI buffers          0.000000     0.000000     0.000000     0.000000     0.000000     0.000000     0.000000     0.000000     0.000000     0.000000
  MPI_Isend                   0.000000     0.000000     0.000000     0.000000     0.000000     0.000031     0.000000     0.000000     0.000000     0.000031
  MPI_Irecv                   0.000000     0.000000     0.000000     0.000000     0.000000     0.000000     0.000000     0.000000     0.000000     0.000000
  MPI_Waitall                 0.000000     0.000000     0.000000     0.000000     0.000000     0.000001     0.000000     0.000000     0.000000     0.000001
Ghost Zone Exchange           0.067277     0.031863     0.011071     0.003759     0.002302     0.001693     0.000007     0.000006     0.000002     0.117982
  local exchange              0.018880     0.009089     0.002602     0.000985     0.000958     0.000541     0.000000     0.000000     0.000000     0.033054
  pack MPI buffers            0.001537     0.001018     0.000609     0.000353     0.000324     0.000385     0.000000     0.000000     0.000000     0.004226
  unpack MPI buffers          0.001686     0.001262     0.000901     0.000479     0.000419     0.000411     0.000000     0.000000     0.000000     0.005157
  MPI_Isend                   0.015227     0.007902     0.002751     0.000569     0.000171     0.000063     0.000000     0.000000     0.000000     0.026683
  MPI_Irecv                   0.000027     0.000040     0.000035     0.000017     0.000010     0.000009     0.000000     0.000000     0.000000     0.000138
  MPI_Waitall                 0.029908     0.012526     0.004152     0.001336     0.000400     0.000260     0.000000     0.000000     0.000000     0.048582
MPI_collectives               0.002387     0.000000     0.000000     0.000000     0.000000     0.000000     0.000000     0.000000     0.000039     0.002426
------------------        ------------ ------------ ------------ ------------ ------------ ------------ ------------ ------------ ------------ ------------ 
Total by level                1.019838     0.237869     0.050443     0.011263     0.004641     0.003537     0.001774     0.000934     0.000297     1.330596

   Total time in MGBuild      0.969396 seconds
   Total time in MGSolve      1.330629 seconds
      number of v-cycles             1
Bottom solver iterations            16




===== Performance Summary ======================================================
  h=1.953125000000000e-03  DOF=1.342177280000000e+08  time=1.330629  DOF/s=1.009e+08  MPI=2  OMP=16


===== Richardson error analysis ================================================
FMGSolve... f-cycle     norm=4.151187824908527e-08  rel=4.153376389499612e-08  done (1.333097 seconds)
FMGSolve... f-cycle     norm=5.144231718379189e-07  rel=5.155086782761839e-07  done (0.187635 seconds)
FMGSolve... f-cycle     norm=7.454875268653183e-06  rel=7.517955872287669e-06  done (0.033358 seconds)
  h=1.953125000000000e-03  ||error||=9.221160354386249e-10
  order=4.011


===== Deallocating memory ======================================================
attempting to free the restriction and interpolation lists... done
attempting to free the     2^3 level... done
attempting to free the     4^3 level... done
attempting to free the     8^3 level... done
attempting to free the    16^3 level... done
attempting to free the    32^3 level... done
attempting to free the    64^3 level... done
attempting to free the   128^3 level... done
attempting to free the   256^3 level... done
attempting to free the   512^3 level... done


===== Done =====================================================================
