

********************************************************************************
***                            HPGMG-FV Benchmark                            ***
********************************************************************************
Requested MPI_THREAD_FUNNELED, got MPI_THREAD_FUNNELED
2 MPI Tasks of 17 threads


===== Benchmark setup ==========================================================

attempting to create a 512^3 level from 8 x 256^3 boxes distributed among 2 tasks...
  boundary condition = BC_DIRICHLET
  Decomposing level via Z-mort ordering... done
  Allocating vectors... done
  Calculating boxes per process... target=4.000, max=4
  Creating Poisson (a=0.000000, b=1.000000) test problem
  calculating D^{-1} exactly for level h=1.953125e-03 using  64 colors...  done (5.549526 seconds)

attempting to create a 256^3 level from 8 x 128^3 boxes distributed among 2 tasks...
  boundary condition = BC_DIRICHLET
  Decomposing level via Z-mort ordering... done
  Allocating vectors... done
  Calculating boxes per process... target=4.000, max=4

attempting to create a 128^3 level from 8 x 64^3 boxes distributed among 2 tasks...
  boundary condition = BC_DIRICHLET
  Decomposing level via Z-mort ordering... done
  Allocating vectors... done
  Calculating boxes per process... target=4.000, max=4

attempting to create a 64^3 level from 8 x 32^3 boxes distributed among 2 tasks...
  boundary condition = BC_DIRICHLET
  Decomposing level via Z-mort ordering... done
  Allocating vectors... done
  Calculating boxes per process... target=4.000, max=4

attempting to create a 32^3 level from 8 x 16^3 boxes distributed among 2 tasks...
  boundary condition = BC_DIRICHLET
  Decomposing level via Z-mort ordering... done
  Allocating vectors... done
  Calculating boxes per process... target=4.000, max=4

attempting to create a 16^3 level from 8 x 8^3 boxes distributed among 2 tasks...
  boundary condition = BC_DIRICHLET
  Decomposing level via Z-mort ordering... done
  Allocating vectors... done
  Calculating boxes per process... target=4.000, max=4

attempting to create a 8^3 level from 1 x 8^3 boxes distributed among 2 tasks...
  boundary condition = BC_DIRICHLET
  Decomposing level via Z-mort ordering... done
  Allocating vectors... done
  Calculating boxes per process... target=0.500, max=1

attempting to create a 4^3 level from 1 x 4^3 boxes distributed among 2 tasks...
  boundary condition = BC_DIRICHLET
  Decomposing level via Z-mort ordering... done
  Allocating vectors... done
  Calculating boxes per process... target=0.500, max=1

attempting to create a 2^3 level from 1 x 2^3 boxes distributed among 2 tasks...
  boundary condition = BC_DIRICHLET
  Decomposing level via Z-mort ordering... done
  Allocating vectors... done
  Calculating boxes per process... target=0.500, max=1

  Building restriction and interpolation lists... done

  Building MPI subcommunicator for level  1... done (0.000461 seconds)
  Building MPI subcommunicator for level  2... done (0.000318 seconds)
  Building MPI subcommunicator for level  3... done (0.000294 seconds)
  Building MPI subcommunicator for level  4... done (0.000331 seconds)
  Building MPI subcommunicator for level  5... done (0.000018 seconds)
  Building MPI subcommunicator for level  6... done (0.000024 seconds)
  Building MPI subcommunicator for level  7... done (0.000018 seconds)
  Building MPI subcommunicator for level  8... done (0.000016 seconds)

  calculating D^{-1} exactly for level h=3.906250e-03 using  64 colors...  done (0.742659 seconds)
  calculating D^{-1} exactly for level h=7.812500e-03 using  64 colors...  done (0.108289 seconds)
  calculating D^{-1} exactly for level h=1.562500e-02 using  64 colors...  done (0.017300 seconds)
  calculating D^{-1} exactly for level h=3.125000e-02 using  64 colors...  done (0.005296 seconds)
  calculating D^{-1} exactly for level h=6.250000e-02 using  64 colors...  done (0.003506 seconds)
  calculating D^{-1} exactly for level h=1.250000e-01 using  64 colors...  done (0.001391 seconds)
  calculating D^{-1} exactly for level h=2.500000e-01 using  64 colors...  done (0.000594 seconds)
  calculating D^{-1} exactly for level h=5.000000e-01 using   8 colors...  done (0.000066 seconds)



===== Warming up by running 1 solves ==========================================
FMGSolve... f-cycle     norm=4.151187824908527e-08  rel=4.153376389499612e-08  done (1.276594 seconds)


===== Running 10 solves ========================================================
FMGSolve... f-cycle     norm=4.151187824908527e-08  rel=4.153376389499612e-08  done (1.274670 seconds)
FMGSolve... f-cycle     norm=4.151187824908527e-08  rel=4.153376389499612e-08  done (1.278751 seconds)
FMGSolve... f-cycle     norm=4.151187824908527e-08  rel=4.153376389499612e-08  done (1.276112 seconds)
FMGSolve... f-cycle     norm=4.151187824908527e-08  rel=4.153376389499612e-08  done (1.275377 seconds)
FMGSolve... f-cycle     norm=4.151187824908527e-08  rel=4.153376389499612e-08  done (1.275641 seconds)
FMGSolve... f-cycle     norm=4.151187824908527e-08  rel=4.153376389499612e-08  done (1.274988 seconds)
FMGSolve... f-cycle     norm=4.151187824908527e-08  rel=4.153376389499612e-08  done (1.274990 seconds)
FMGSolve... f-cycle     norm=4.151187824908527e-08  rel=4.153376389499612e-08  done (1.275755 seconds)
FMGSolve... f-cycle     norm=4.151187824908527e-08  rel=4.153376389499612e-08  done (1.277755 seconds)
FMGSolve... f-cycle     norm=4.151187824908527e-08  rel=4.153376389499612e-08  done (1.275115 seconds)


===== Timing Breakdown =========================================================


level                                0            1            2            3            4            5            6            7            8 
level dimension                  512^3        256^3        128^3         64^3         32^3         16^3          8^3          4^3          2^3 
box dimension                    256^3        128^3         64^3         32^3         16^3          8^3          8^3          4^3          2^3        total
------------------        ------------ ------------ ------------ ------------ ------------ ------------ ------------ ------------ ------------ ------------ 
smooth                        0.689788     0.166057     0.030952     0.005323     0.001166     0.001012     0.000816     0.000185     0.000000     0.895299
  max                         0.711814     0.166545     0.032095     0.005337     0.001255     0.001020     0.000816     0.000185     0.000000     0.919069
  min                         0.689788     0.166057     0.030952     0.005323     0.001166     0.001012     0.000000     0.000000     0.000000     0.894298
residual                      0.127862     0.016455     0.003182     0.000555     0.000111     0.000085     0.000075     0.000018     0.000010     0.148353
applyOp                       0.000000     0.000000     0.000000     0.000000     0.000000     0.000000     0.000000     0.000000     0.000020     0.000020
BLAS1                         0.038311     0.001374     0.000263     0.000070     0.000034     0.000031     0.000011     0.000004     0.000039     0.040137
BLAS3                         0.000000     0.000000     0.000000     0.000000     0.000000     0.000000     0.000000     0.000000     0.000000     0.000000
Boundary Conditions           0.013658     0.006068     0.002609     0.001246     0.000920     0.000675     0.000820     0.000726     0.000235     0.026958
Restriction                   0.014297     0.002726     0.000320     0.000094     0.000049     0.000140     0.000009     0.000005     0.000000     0.017639
  local restriction           0.014294     0.002723     0.000317     0.000091     0.000048     0.000038     0.000008     0.000003     0.000000     0.017523
  pack MPI buffers            0.000000     0.000000     0.000000     0.000000     0.000000     0.000000     0.000000     0.000000     0.000000     0.000000
  unpack MPI buffers          0.000000     0.000000     0.000000     0.000000     0.000000     0.000040     0.000000     0.000000     0.000000     0.000040
  MPI_Isend                   0.000000     0.000000     0.000000     0.000000     0.000000     0.000000     0.000000     0.000000     0.000000     0.000000
  MPI_Irecv                   0.000000     0.000000     0.000000     0.000000     0.000000     0.000004     0.000000     0.000000     0.000000     0.000004
  MPI_Waitall                 0.000000     0.000000     0.000000     0.000000     0.000000     0.000055     0.000000     0.000000     0.000000     0.000055
Interpolation                 0.033887     0.005833     0.000798     0.000177     0.000114     0.000142     0.000027     0.000017     0.000000     0.040995
  local interpolation         0.033886     0.005830     0.000796     0.000175     0.000113     0.000058     0.000025     0.000014     0.000000     0.040898
  pack MPI buffers            0.000000     0.000000     0.000000     0.000000     0.000000     0.000050     0.000000     0.000000     0.000000     0.000050
  unpack MPI buffers          0.000000     0.000000     0.000000     0.000000     0.000000     0.000000     0.000000     0.000000     0.000000     0.000000
  MPI_Isend                   0.000000     0.000000     0.000000     0.000000     0.000000     0.000031     0.000000     0.000000     0.000000     0.000031
  MPI_Irecv                   0.000000     0.000000     0.000000     0.000000     0.000000     0.000000     0.000000     0.000000     0.000000     0.000000
  MPI_Waitall                 0.000000     0.000000     0.000000     0.000000     0.000000     0.000001     0.000000     0.000000     0.000000     0.000001
Ghost Zone Exchange           0.067668     0.027912     0.011022     0.004245     0.002460     0.001893     0.000006     0.000006     0.000004     0.115215
  local exchange              0.018223     0.009059     0.002595     0.001369     0.000977     0.000586     0.000000     0.000000     0.000000     0.032809
  pack MPI buffers            0.001567     0.000944     0.000540     0.000377     0.000367     0.000452     0.000000     0.000000     0.000000     0.004249
  unpack MPI buffers          0.001700     0.001277     0.000891     0.000490     0.000439     0.000456     0.000000     0.000000     0.000000     0.005252
  MPI_Isend                   0.015326     0.007904     0.002828     0.000588     0.000174     0.000063     0.000000     0.000000     0.000000     0.026883
  MPI_Irecv                   0.000027     0.000041     0.000033     0.000017     0.000008     0.000012     0.000000     0.000000     0.000000     0.000137
  MPI_Waitall                 0.030813     0.008665     0.004114     0.001383     0.000471     0.000293     0.000000     0.000000     0.000000     0.045738
MPI_collectives               0.002344     0.000000     0.000000     0.000000     0.000000     0.000000     0.000000     0.000000     0.000036     0.002380
------------------        ------------ ------------ ------------ ------------ ------------ ------------ ------------ ------------ ------------ ------------ 
Total by level                0.980149     0.224046     0.048373     0.011582     0.004806     0.003853     0.001770     0.000979     0.000319     1.275876

   Total time in MGBuild      0.938339 seconds
   Total time in MGSolve      1.275910 seconds
      number of v-cycles             1
Bottom solver iterations            16




===== Performance Summary ======================================================
  h=1.953125000000000e-03  DOF=1.342177280000000e+08  time=1.275910  DOF/s=1.052e+08  MPI=2  OMP=17


===== Richardson error analysis ================================================
FMGSolve... f-cycle     norm=4.151187824908527e-08  rel=4.153376389499612e-08  done (1.275355 seconds)
FMGSolve... f-cycle     norm=5.144231718379189e-07  rel=5.155086782761839e-07  done (0.179307 seconds)
FMGSolve... f-cycle     norm=7.454875268653183e-06  rel=7.517955872287669e-06  done (0.033848 seconds)
  h=1.953125000000000e-03  ||error||=9.221160354386249e-10
  order=4.011


===== Deallocating memory ======================================================
attempting to free the restriction and interpolation lists... done
attempting to free the     2^3 level... done
attempting to free the     4^3 level... done
attempting to free the     8^3 level... done
attempting to free the    16^3 level... done
attempting to free the    32^3 level... done
attempting to free the    64^3 level... done
attempting to free the   128^3 level... done
attempting to free the   256^3 level... done
attempting to free the   512^3 level... done


===== Done =====================================================================
