

********************************************************************************
***                            HPGMG-FV Benchmark                            ***
********************************************************************************
Requested MPI_THREAD_FUNNELED, got MPI_THREAD_FUNNELED
2 MPI Tasks of 18 threads


===== Benchmark setup ==========================================================

attempting to create a 512^3 level from 8 x 256^3 boxes distributed among 2 tasks...
  boundary condition = BC_DIRICHLET
  Decomposing level via Z-mort ordering... done
  Allocating vectors... done
  Calculating boxes per process... target=4.000, max=4
  Creating Poisson (a=0.000000, b=1.000000) test problem
  calculating D^{-1} exactly for level h=1.953125e-03 using  64 colors...  done (5.310191 seconds)

attempting to create a 256^3 level from 8 x 128^3 boxes distributed among 2 tasks...
  boundary condition = BC_DIRICHLET
  Decomposing level via Z-mort ordering... done
  Allocating vectors... done
  Calculating boxes per process... target=4.000, max=4

attempting to create a 128^3 level from 8 x 64^3 boxes distributed among 2 tasks...
  boundary condition = BC_DIRICHLET
  Decomposing level via Z-mort ordering... done
  Allocating vectors... done
  Calculating boxes per process... target=4.000, max=4

attempting to create a 64^3 level from 8 x 32^3 boxes distributed among 2 tasks...
  boundary condition = BC_DIRICHLET
  Decomposing level via Z-mort ordering... done
  Allocating vectors... done
  Calculating boxes per process... target=4.000, max=4

attempting to create a 32^3 level from 8 x 16^3 boxes distributed among 2 tasks...
  boundary condition = BC_DIRICHLET
  Decomposing level via Z-mort ordering... done
  Allocating vectors... done
  Calculating boxes per process... target=4.000, max=4

attempting to create a 16^3 level from 8 x 8^3 boxes distributed among 2 tasks...
  boundary condition = BC_DIRICHLET
  Decomposing level via Z-mort ordering... done
  Allocating vectors... done
  Calculating boxes per process... target=4.000, max=4

attempting to create a 8^3 level from 1 x 8^3 boxes distributed among 2 tasks...
  boundary condition = BC_DIRICHLET
  Decomposing level via Z-mort ordering... done
  Allocating vectors... done
  Calculating boxes per process... target=0.500, max=1

attempting to create a 4^3 level from 1 x 4^3 boxes distributed among 2 tasks...
  boundary condition = BC_DIRICHLET
  Decomposing level via Z-mort ordering... done
  Allocating vectors... done
  Calculating boxes per process... target=0.500, max=1

attempting to create a 2^3 level from 1 x 2^3 boxes distributed among 2 tasks...
  boundary condition = BC_DIRICHLET
  Decomposing level via Z-mort ordering... done
  Allocating vectors... done
  Calculating boxes per process... target=0.500, max=1

  Building restriction and interpolation lists... done

  Building MPI subcommunicator for level  1... done (0.000501 seconds)
  Building MPI subcommunicator for level  2... done (0.000363 seconds)
  Building MPI subcommunicator for level  3... done (0.000301 seconds)
  Building MPI subcommunicator for level  4... done (0.000050 seconds)
  Building MPI subcommunicator for level  5... done (0.000017 seconds)
  Building MPI subcommunicator for level  6... done (0.000027 seconds)
  Building MPI subcommunicator for level  7... done (0.000016 seconds)
  Building MPI subcommunicator for level  8... done (0.000016 seconds)

  calculating D^{-1} exactly for level h=3.906250e-03 using  64 colors...  done (0.700943 seconds)
  calculating D^{-1} exactly for level h=7.812500e-03 using  64 colors...  done (0.103023 seconds)
  calculating D^{-1} exactly for level h=1.562500e-02 using  64 colors...  done (0.017346 seconds)
  calculating D^{-1} exactly for level h=3.125000e-02 using  64 colors...  done (0.005555 seconds)
  calculating D^{-1} exactly for level h=6.250000e-02 using  64 colors...  done (0.003557 seconds)
  calculating D^{-1} exactly for level h=1.250000e-01 using  64 colors...  done (0.001399 seconds)
  calculating D^{-1} exactly for level h=2.500000e-01 using  64 colors...  done (0.000593 seconds)
  calculating D^{-1} exactly for level h=5.000000e-01 using   8 colors...  done (0.000064 seconds)



===== Warming up by running 1 solves ==========================================
FMGSolve... f-cycle     norm=4.151187824908527e-08  rel=4.153376389499612e-08  done (1.219177 seconds)


===== Running 10 solves ========================================================
FMGSolve... f-cycle     norm=4.151187824908527e-08  rel=4.153376389499612e-08  done (1.216788 seconds)
FMGSolve... f-cycle     norm=4.151187824908527e-08  rel=4.153376389499612e-08  done (1.216702 seconds)
FMGSolve... f-cycle     norm=4.151187824908527e-08  rel=4.153376389499612e-08  done (1.216574 seconds)
FMGSolve... f-cycle     norm=4.151187824908527e-08  rel=4.153376389499612e-08  done (1.217331 seconds)
FMGSolve... f-cycle     norm=4.151187824908527e-08  rel=4.153376389499612e-08  done (1.216393 seconds)
FMGSolve... f-cycle     norm=4.151187824908527e-08  rel=4.153376389499612e-08  done (1.220979 seconds)
FMGSolve... f-cycle     norm=4.151187824908527e-08  rel=4.153376389499612e-08  done (1.216402 seconds)
FMGSolve... f-cycle     norm=4.151187824908527e-08  rel=4.153376389499612e-08  done (1.216613 seconds)
FMGSolve... f-cycle     norm=4.151187824908527e-08  rel=4.153376389499612e-08  done (1.217480 seconds)
FMGSolve... f-cycle     norm=4.151187824908527e-08  rel=4.153376389499612e-08  done (1.215307 seconds)


===== Timing Breakdown =========================================================


level                                0            1            2            3            4            5            6            7            8 
level dimension                  512^3        256^3        128^3         64^3         32^3         16^3          8^3          4^3          2^3 
box dimension                    256^3        128^3         64^3         32^3         16^3          8^3          8^3          4^3          2^3        total
------------------        ------------ ------------ ------------ ------------ ------------ ------------ ------------ ------------ ------------ ------------ 
smooth                        0.666274     0.160591     0.030433     0.005264     0.001166     0.001022     0.000855     0.000174     0.000000     0.865778
  max                         0.673875     0.160591     0.030635     0.005363     0.001371     0.001033     0.000855     0.000174     0.000000     0.873896
  min                         0.666274     0.160362     0.030433     0.005264     0.001166     0.001022     0.000000     0.000000     0.000000     0.864521
residual                      0.122058     0.015400     0.003110     0.000549     0.000110     0.000086     0.000076     0.000017     0.000009     0.141414
applyOp                       0.000000     0.000000     0.000000     0.000000     0.000000     0.000000     0.000000     0.000000     0.000020     0.000020
BLAS1                         0.038093     0.001364     0.000262     0.000067     0.000036     0.000035     0.000012     0.000006     0.000038     0.039913
BLAS3                         0.000000     0.000000     0.000000     0.000000     0.000000     0.000000     0.000000     0.000000     0.000000     0.000000
Boundary Conditions           0.012727     0.005736     0.002314     0.001243     0.000961     0.000675     0.000817     0.000744     0.000258     0.025476
Restriction                   0.014085     0.002718     0.000306     0.000090     0.000051     0.000146     0.000009     0.000005     0.000000     0.017410
  local restriction           0.014083     0.002715     0.000303     0.000089     0.000050     0.000042     0.000007     0.000003     0.000000     0.017293
  pack MPI buffers            0.000000     0.000000     0.000000     0.000000     0.000000     0.000000     0.000000     0.000000     0.000000     0.000000
  unpack MPI buffers          0.000000     0.000000     0.000000     0.000000     0.000000     0.000042     0.000000     0.000000     0.000000     0.000042
  MPI_Isend                   0.000000     0.000000     0.000000     0.000000     0.000000     0.000000     0.000000     0.000000     0.000000     0.000000
  MPI_Irecv                   0.000000     0.000000     0.000000     0.000000     0.000000     0.000003     0.000000     0.000000     0.000000     0.000003
  MPI_Waitall                 0.000000     0.000000     0.000000     0.000000     0.000000     0.000056     0.000000     0.000000     0.000000     0.000056
Interpolation                 0.032317     0.005651     0.000802     0.000179     0.000115     0.000143     0.000029     0.000020     0.000000     0.039255
  local interpolation         0.032316     0.005650     0.000801     0.000178     0.000114     0.000057     0.000028     0.000017     0.000000     0.039160
  pack MPI buffers            0.000000     0.000000     0.000000     0.000000     0.000000     0.000051     0.000000     0.000000     0.000000     0.000051
  unpack MPI buffers          0.000000     0.000000     0.000000     0.000000     0.000000     0.000000     0.000000     0.000000     0.000000     0.000000
  MPI_Isend                   0.000000     0.000000     0.000000     0.000000     0.000000     0.000032     0.000000     0.000000     0.000000     0.000032
  MPI_Irecv                   0.000000     0.000000     0.000000     0.000000     0.000000     0.000000     0.000000     0.000000     0.000000     0.000000
  MPI_Waitall                 0.000000     0.000000     0.000000     0.000000     0.000000     0.000001     0.000000     0.000000     0.000000     0.000001
Ghost Zone Exchange           0.051863     0.026877     0.009455     0.004108     0.002635     0.001988     0.000008     0.000007     0.000002     0.096943
  local exchange              0.017089     0.008392     0.002428     0.001393     0.001040     0.000631     0.000000     0.000000     0.000000     0.030974
  pack MPI buffers            0.001552     0.000984     0.000532     0.000392     0.000382     0.000467     0.000000     0.000000     0.000000     0.004311
  unpack MPI buffers          0.001661     0.001300     0.000918     0.000501     0.000462     0.000488     0.000000     0.000000     0.000000     0.005330
  MPI_Isend                   0.014679     0.007629     0.002763     0.000548     0.000170     0.000060     0.000000     0.000000     0.000000     0.025848
  MPI_Irecv                   0.000028     0.000039     0.000041     0.000017     0.000011     0.000013     0.000000     0.000000     0.000000     0.000150
  MPI_Waitall                 0.016839     0.008510     0.002751     0.001239     0.000549     0.000304     0.000000     0.000000     0.000000     0.030192
MPI_collectives               0.001899     0.000000     0.000000     0.000000     0.000000     0.000000     0.000000     0.000000     0.000039     0.001938
------------------        ------------ ------------ ------------ ------------ ------------ ------------ ------------ ------------ ------------ ------------ 
Total by level                0.931540     0.215930     0.046063     0.011385     0.005005     0.003953     0.001807     0.000990     0.000342     1.217017

   Total time in MGBuild      0.891652 seconds
   Total time in MGSolve      1.217052 seconds
      number of v-cycles             1
Bottom solver iterations            16




===== Performance Summary ======================================================
  h=1.953125000000000e-03  DOF=1.342177280000000e+08  time=1.217052  DOF/s=1.103e+08  MPI=2  OMP=18


===== Richardson error analysis ================================================
FMGSolve... f-cycle     norm=4.151187824908527e-08  rel=4.153376389499612e-08  done (1.216374 seconds)
FMGSolve... f-cycle     norm=5.144231718379189e-07  rel=5.155086782761839e-07  done (0.172979 seconds)
FMGSolve... f-cycle     norm=7.454875268653183e-06  rel=7.517955872287669e-06  done (0.033279 seconds)
  h=1.953125000000000e-03  ||error||=9.221160354386249e-10
  order=4.011


===== Deallocating memory ======================================================
attempting to free the restriction and interpolation lists... done
attempting to free the     2^3 level... done
attempting to free the     4^3 level... done
attempting to free the     8^3 level... done
attempting to free the    16^3 level... done
attempting to free the    32^3 level... done
attempting to free the    64^3 level... done
attempting to free the   128^3 level... done
attempting to free the   256^3 level... done
attempting to free the   512^3 level... done


===== Done =====================================================================
