

********************************************************************************
***                            HPGMG-FV Benchmark                            ***
********************************************************************************
Requested MPI_THREAD_FUNNELED, got MPI_THREAD_FUNNELED
2 MPI Tasks of 19 threads


===== Benchmark setup ==========================================================

attempting to create a 512^3 level from 8 x 256^3 boxes distributed among 2 tasks...
  boundary condition = BC_DIRICHLET
  Decomposing level via Z-mort ordering... done
  Allocating vectors... done
  Calculating boxes per process... target=4.000, max=4
  Creating Poisson (a=0.000000, b=1.000000) test problem
  calculating D^{-1} exactly for level h=1.953125e-03 using  64 colors...  done (5.095632 seconds)

attempting to create a 256^3 level from 8 x 128^3 boxes distributed among 2 tasks...
  boundary condition = BC_DIRICHLET
  Decomposing level via Z-mort ordering... done
  Allocating vectors... done
  Calculating boxes per process... target=4.000, max=4

attempting to create a 128^3 level from 8 x 64^3 boxes distributed among 2 tasks...
  boundary condition = BC_DIRICHLET
  Decomposing level via Z-mort ordering... done
  Allocating vectors... done
  Calculating boxes per process... target=4.000, max=4

attempting to create a 64^3 level from 8 x 32^3 boxes distributed among 2 tasks...
  boundary condition = BC_DIRICHLET
  Decomposing level via Z-mort ordering... done
  Allocating vectors... done
  Calculating boxes per process... target=4.000, max=4

attempting to create a 32^3 level from 8 x 16^3 boxes distributed among 2 tasks...
  boundary condition = BC_DIRICHLET
  Decomposing level via Z-mort ordering... done
  Allocating vectors... done
  Calculating boxes per process... target=4.000, max=4

attempting to create a 16^3 level from 8 x 8^3 boxes distributed among 2 tasks...
  boundary condition = BC_DIRICHLET
  Decomposing level via Z-mort ordering... done
  Allocating vectors... done
  Calculating boxes per process... target=4.000, max=4

attempting to create a 8^3 level from 1 x 8^3 boxes distributed among 2 tasks...
  boundary condition = BC_DIRICHLET
  Decomposing level via Z-mort ordering... done
  Allocating vectors... done
  Calculating boxes per process... target=0.500, max=1

attempting to create a 4^3 level from 1 x 4^3 boxes distributed among 2 tasks...
  boundary condition = BC_DIRICHLET
  Decomposing level via Z-mort ordering... done
  Allocating vectors... done
  Calculating boxes per process... target=0.500, max=1

attempting to create a 2^3 level from 1 x 2^3 boxes distributed among 2 tasks...
  boundary condition = BC_DIRICHLET
  Decomposing level via Z-mort ordering... done
  Allocating vectors... done
  Calculating boxes per process... target=0.500, max=1

  Building restriction and interpolation lists... done

  Building MPI subcommunicator for level  1... done (0.000494 seconds)
  Building MPI subcommunicator for level  2... done (0.000376 seconds)
  Building MPI subcommunicator for level  3... done (0.000231 seconds)
  Building MPI subcommunicator for level  4... done (0.000051 seconds)
  Building MPI subcommunicator for level  5... done (0.000017 seconds)
  Building MPI subcommunicator for level  6... done (0.000025 seconds)
  Building MPI subcommunicator for level  7... done (0.000018 seconds)
  Building MPI subcommunicator for level  8... done (0.000016 seconds)

  calculating D^{-1} exactly for level h=3.906250e-03 using  64 colors...  done (0.668145 seconds)
  calculating D^{-1} exactly for level h=7.812500e-03 using  64 colors...  done (0.097333 seconds)
  calculating D^{-1} exactly for level h=1.562500e-02 using  64 colors...  done (0.017139 seconds)
  calculating D^{-1} exactly for level h=3.125000e-02 using  64 colors...  done (0.005324 seconds)
  calculating D^{-1} exactly for level h=6.250000e-02 using  64 colors...  done (0.003528 seconds)
  calculating D^{-1} exactly for level h=1.250000e-01 using  64 colors...  done (0.001416 seconds)
  calculating D^{-1} exactly for level h=2.500000e-01 using  64 colors...  done (0.000605 seconds)
  calculating D^{-1} exactly for level h=5.000000e-01 using   8 colors...  done (0.000068 seconds)



===== Warming up by running 1 solves ==========================================
FMGSolve... f-cycle     norm=4.151187824908527e-08  rel=4.153376389499612e-08  done (1.185668 seconds)


===== Running 10 solves ========================================================
FMGSolve... f-cycle     norm=4.151187824908527e-08  rel=4.153376389499612e-08  done (1.188984 seconds)
FMGSolve... f-cycle     norm=4.151187824908527e-08  rel=4.153376389499612e-08  done (1.185324 seconds)
FMGSolve... f-cycle     norm=4.151187824908527e-08  rel=4.153376389499612e-08  done (1.185394 seconds)
FMGSolve... f-cycle     norm=4.151187824908527e-08  rel=4.153376389499612e-08  done (1.192442 seconds)
FMGSolve... f-cycle     norm=4.151187824908527e-08  rel=4.153376389499612e-08  done (1.184338 seconds)
FMGSolve... f-cycle     norm=4.151187824908527e-08  rel=4.153376389499612e-08  done (1.184794 seconds)
FMGSolve... f-cycle     norm=4.151187824908527e-08  rel=4.153376389499612e-08  done (1.186090 seconds)
FMGSolve... f-cycle     norm=4.151187824908527e-08  rel=4.153376389499612e-08  done (1.185274 seconds)
FMGSolve... f-cycle     norm=4.151187824908527e-08  rel=4.153376389499612e-08  done (1.184406 seconds)
FMGSolve... f-cycle     norm=4.151187824908527e-08  rel=4.153376389499612e-08  done (1.184435 seconds)


===== Timing Breakdown =========================================================


level                                0            1            2            3            4            5            6            7            8 
level dimension                  512^3        256^3        128^3         64^3         32^3         16^3          8^3          4^3          2^3 
box dimension                    256^3        128^3         64^3         32^3         16^3          8^3          8^3          4^3          2^3        total
------------------        ------------ ------------ ------------ ------------ ------------ ------------ ------------ ------------ ------------ ------------ 
smooth                        0.639982     0.156053     0.028715     0.005259     0.001295     0.001207     0.000847     0.000179     0.000000     0.833536
  max                         0.658571     0.156053     0.028862     0.005344     0.001319     0.001207     0.000847     0.000179     0.000000     0.852382
  min                         0.639982     0.154763     0.028715     0.005259     0.001295     0.001034     0.000000     0.000000     0.000000     0.831047
residual                      0.116235     0.015026     0.002907     0.000548     0.000129     0.000086     0.000075     0.000018     0.000008     0.135033
applyOp                       0.000000     0.000000     0.000000     0.000000     0.000000     0.000000     0.000000     0.000000     0.000020     0.000020
BLAS1                         0.037916     0.001345     0.000256     0.000066     0.000035     0.000035     0.000012     0.000005     0.000038     0.039708
BLAS3                         0.000000     0.000000     0.000000     0.000000     0.000000     0.000000     0.000000     0.000000     0.000000     0.000000
Boundary Conditions           0.012760     0.005798     0.002173     0.001219     0.000844     0.000666     0.000812     0.000731     0.000251     0.025253
Restriction                   0.014038     0.002672     0.000331     0.000092     0.000052     0.000118     0.000011     0.000005     0.000000     0.017320
  local restriction           0.014035     0.002670     0.000328     0.000091     0.000050     0.000039     0.000009     0.000004     0.000000     0.017226
  pack MPI buffers            0.000000     0.000000     0.000000     0.000000     0.000000     0.000000     0.000000     0.000000     0.000000     0.000000
  unpack MPI buffers          0.000000     0.000000     0.000000     0.000000     0.000000     0.000042     0.000000     0.000000     0.000000     0.000042
  MPI_Isend                   0.000000     0.000000     0.000000     0.000000     0.000000     0.000000     0.000000     0.000000     0.000000     0.000000
  MPI_Irecv                   0.000000     0.000000     0.000000     0.000000     0.000000     0.000004     0.000000     0.000000     0.000000     0.000004
  MPI_Waitall                 0.000000     0.000000     0.000000     0.000000     0.000000     0.000029     0.000000     0.000000     0.000000     0.000029
Interpolation                 0.031244     0.005407     0.000805     0.000176     0.000118     0.000147     0.000028     0.000016     0.000000     0.037942
  local interpolation         0.031244     0.005406     0.000804     0.000174     0.000117     0.000059     0.000027     0.000013     0.000000     0.037844
  pack MPI buffers            0.000000     0.000000     0.000000     0.000000     0.000000     0.000054     0.000000     0.000000     0.000000     0.000054
  unpack MPI buffers          0.000000     0.000000     0.000000     0.000000     0.000000     0.000000     0.000000     0.000000     0.000000     0.000000
  MPI_Isend                   0.000000     0.000000     0.000000     0.000000     0.000000     0.000031     0.000000     0.000000     0.000000     0.000031
  MPI_Irecv                   0.000000     0.000000     0.000000     0.000000     0.000000     0.000000     0.000000     0.000000     0.000000     0.000000
  MPI_Waitall                 0.000000     0.000000     0.000000     0.000000     0.000000     0.000001     0.000000     0.000000     0.000000     0.000001
Ghost Zone Exchange           0.061910     0.026583     0.009699     0.003933     0.002444     0.001904     0.000007     0.000007     0.000003     0.106491
  local exchange              0.016544     0.008524     0.002608     0.001381     0.001024     0.000621     0.000000     0.000000     0.000000     0.030704
  pack MPI buffers            0.001530     0.000983     0.000554     0.000382     0.000375     0.000459     0.000000     0.000000     0.000000     0.004283
  unpack MPI buffers          0.001617     0.001244     0.000897     0.000483     0.000437     0.000476     0.000000     0.000000     0.000000     0.005154
  MPI_Isend                   0.015002     0.007565     0.002749     0.000565     0.000170     0.000067     0.000000     0.000000     0.000000     0.026118
  MPI_Irecv                   0.000030     0.000042     0.000037     0.000020     0.000012     0.000015     0.000000     0.000000     0.000000     0.000156
  MPI_Waitall                 0.027170     0.008198     0.002833     0.001081     0.000401     0.000242     0.000000     0.000000     0.000000     0.039925
MPI_collectives               0.001855     0.000000     0.000000     0.000000     0.000000     0.000000     0.000000     0.000000     0.000037     0.001892
------------------        ------------ ------------ ------------ ------------ ------------ ------------ ------------ ------------ ------------ ------------ 
Total by level                0.908241     0.210484     0.044210     0.011177     0.004860     0.004028     0.001797     0.000981     0.000330     1.186108

   Total time in MGBuild      0.852826 seconds
   Total time in MGSolve      1.186143 seconds
      number of v-cycles             1
Bottom solver iterations            16




===== Performance Summary ======================================================
  h=1.953125000000000e-03  DOF=1.342177280000000e+08  time=1.186143  DOF/s=1.132e+08  MPI=2  OMP=19


===== Richardson error analysis ================================================
FMGSolve... f-cycle     norm=4.151187824908527e-08  rel=4.153376389499612e-08  done (1.184758 seconds)
FMGSolve... f-cycle     norm=5.144231718379189e-07  rel=5.155086782761839e-07  done (0.167888 seconds)
FMGSolve... f-cycle     norm=7.454875268653183e-06  rel=7.517955872287669e-06  done (0.032393 seconds)
  h=1.953125000000000e-03  ||error||=9.221160354386249e-10
  order=4.011


===== Deallocating memory ======================================================
attempting to free the restriction and interpolation lists... done
attempting to free the     2^3 level... done
attempting to free the     4^3 level... done
attempting to free the     8^3 level... done
attempting to free the    16^3 level... done
attempting to free the    32^3 level... done
attempting to free the    64^3 level... done
attempting to free the   128^3 level... done
attempting to free the   256^3 level... done
attempting to free the   512^3 level... done


===== Done =====================================================================
