

********************************************************************************
***                            HPGMG-FV Benchmark                            ***
********************************************************************************
Requested MPI_THREAD_FUNNELED, got MPI_THREAD_FUNNELED
2 MPI Tasks of 21 threads


===== Benchmark setup ==========================================================

attempting to create a 512^3 level from 8 x 256^3 boxes distributed among 2 tasks...
  boundary condition = BC_DIRICHLET
  Decomposing level via Z-mort ordering... done
  Allocating vectors... done
  Calculating boxes per process... target=4.000, max=4
  Creating Poisson (a=0.000000, b=1.000000) test problem
  calculating D^{-1} exactly for level h=1.953125e-03 using  64 colors...  done (4.738221 seconds)

attempting to create a 256^3 level from 8 x 128^3 boxes distributed among 2 tasks...
  boundary condition = BC_DIRICHLET
  Decomposing level via Z-mort ordering... done
  Allocating vectors... done
  Calculating boxes per process... target=4.000, max=4

attempting to create a 128^3 level from 8 x 64^3 boxes distributed among 2 tasks...
  boundary condition = BC_DIRICHLET
  Decomposing level via Z-mort ordering... done
  Allocating vectors... done
  Calculating boxes per process... target=4.000, max=4

attempting to create a 64^3 level from 8 x 32^3 boxes distributed among 2 tasks...
  boundary condition = BC_DIRICHLET
  Decomposing level via Z-mort ordering... done
  Allocating vectors... done
  Calculating boxes per process... target=4.000, max=4

attempting to create a 32^3 level from 8 x 16^3 boxes distributed among 2 tasks...
  boundary condition = BC_DIRICHLET
  Decomposing level via Z-mort ordering... done
  Allocating vectors... done
  Calculating boxes per process... target=4.000, max=4

attempting to create a 16^3 level from 8 x 8^3 boxes distributed among 2 tasks...
  boundary condition = BC_DIRICHLET
  Decomposing level via Z-mort ordering... done
  Allocating vectors... done
  Calculating boxes per process... target=4.000, max=4

attempting to create a 8^3 level from 1 x 8^3 boxes distributed among 2 tasks...
  boundary condition = BC_DIRICHLET
  Decomposing level via Z-mort ordering... done
  Allocating vectors... done
  Calculating boxes per process... target=0.500, max=1

attempting to create a 4^3 level from 1 x 4^3 boxes distributed among 2 tasks...
  boundary condition = BC_DIRICHLET
  Decomposing level via Z-mort ordering... done
  Allocating vectors... done
  Calculating boxes per process... target=0.500, max=1

attempting to create a 2^3 level from 1 x 2^3 boxes distributed among 2 tasks...
  boundary condition = BC_DIRICHLET
  Decomposing level via Z-mort ordering... done
  Allocating vectors... done
  Calculating boxes per process... target=0.500, max=1

  Building restriction and interpolation lists... done

  Building MPI subcommunicator for level  1... done (0.000514 seconds)
  Building MPI subcommunicator for level  2... done (0.000078 seconds)
  Building MPI subcommunicator for level  3... done (0.000329 seconds)
  Building MPI subcommunicator for level  4... done (0.000052 seconds)
  Building MPI subcommunicator for level  5... done (0.000017 seconds)
  Building MPI subcommunicator for level  6... done (0.000025 seconds)
  Building MPI subcommunicator for level  7... done (0.000018 seconds)
  Building MPI subcommunicator for level  8... done (0.000016 seconds)

  calculating D^{-1} exactly for level h=3.906250e-03 using  64 colors...  done (0.612862 seconds)
  calculating D^{-1} exactly for level h=7.812500e-03 using  64 colors...  done (0.093270 seconds)
  calculating D^{-1} exactly for level h=1.562500e-02 using  64 colors...  done (0.017921 seconds)
  calculating D^{-1} exactly for level h=3.125000e-02 using  64 colors...  done (0.005706 seconds)
  calculating D^{-1} exactly for level h=6.250000e-02 using  64 colors...  done (0.003923 seconds)
  calculating D^{-1} exactly for level h=1.250000e-01 using  64 colors...  done (0.001413 seconds)
  calculating D^{-1} exactly for level h=2.500000e-01 using  64 colors...  done (0.000620 seconds)
  calculating D^{-1} exactly for level h=5.000000e-01 using   8 colors...  done (0.000073 seconds)



===== Warming up by running 1 solves ==========================================
FMGSolve... f-cycle     norm=4.151187824908527e-08  rel=4.153376389499612e-08  done (1.116103 seconds)


===== Running 10 solves ========================================================
FMGSolve... f-cycle     norm=4.151187824908527e-08  rel=4.153376389499612e-08  done (1.106969 seconds)
FMGSolve... f-cycle     norm=4.151187824908527e-08  rel=4.153376389499612e-08  done (1.107125 seconds)
FMGSolve... f-cycle     norm=4.151187824908527e-08  rel=4.153376389499612e-08  done (1.107060 seconds)
FMGSolve... f-cycle     norm=4.151187824908527e-08  rel=4.153376389499612e-08  done (1.106704 seconds)
FMGSolve... f-cycle     norm=4.151187824908527e-08  rel=4.153376389499612e-08  done (1.110220 seconds)
FMGSolve... f-cycle     norm=4.151187824908527e-08  rel=4.153376389499612e-08  done (1.108843 seconds)
FMGSolve... f-cycle     norm=4.151187824908527e-08  rel=4.153376389499612e-08  done (1.107527 seconds)
FMGSolve... f-cycle     norm=4.151187824908527e-08  rel=4.153376389499612e-08  done (1.107032 seconds)
FMGSolve... f-cycle     norm=4.151187824908527e-08  rel=4.153376389499612e-08  done (1.107648 seconds)
FMGSolve... f-cycle     norm=4.151187824908527e-08  rel=4.153376389499612e-08  done (1.106701 seconds)


===== Timing Breakdown =========================================================


level                                0            1            2            3            4            5            6            7            8 
level dimension                  512^3        256^3        128^3         64^3         32^3         16^3          8^3          4^3          2^3 
box dimension                    256^3        128^3         64^3         32^3         16^3          8^3          8^3          4^3          2^3        total
------------------        ------------ ------------ ------------ ------------ ------------ ------------ ------------ ------------ ------------ ------------ 
smooth                        0.602161     0.148068     0.026557     0.005126     0.001374     0.001100     0.000842     0.000177     0.000000     0.785405
  max                         0.606666     0.148068     0.026942     0.005365     0.001374     0.001100     0.000842     0.000177     0.000000     0.790534
  min                         0.602161     0.146285     0.026557     0.005126     0.001306     0.001100     0.000000     0.000000     0.000000     0.782535
residual                      0.106250     0.013106     0.002708     0.000523     0.000136     0.000093     0.000075     0.000018     0.000008     0.122917
applyOp                       0.000000     0.000000     0.000000     0.000000     0.000000     0.000000     0.000000     0.000000     0.000020     0.000020
BLAS1                         0.037867     0.001320     0.000249     0.000069     0.000037     0.000040     0.000012     0.000004     0.000039     0.039636
BLAS3                         0.000000     0.000000     0.000000     0.000000     0.000000     0.000000     0.000000     0.000000     0.000000     0.000000
Boundary Conditions           0.012758     0.005638     0.002033     0.001464     0.000895     0.000747     0.000815     0.000764     0.000291     0.025404
Restriction                   0.013906     0.002670     0.000348     0.000089     0.000058     0.000151     0.000009     0.000004     0.000000     0.017235
  local restriction           0.013904     0.002668     0.000346     0.000088     0.000056     0.000047     0.000006     0.000002     0.000000     0.017117
  pack MPI buffers            0.000000     0.000000     0.000000     0.000000     0.000000     0.000000     0.000000     0.000000     0.000000     0.000000
  unpack MPI buffers          0.000000     0.000000     0.000000     0.000000     0.000000     0.000048     0.000000     0.000000     0.000000     0.000048
  MPI_Isend                   0.000000     0.000000     0.000000     0.000000     0.000000     0.000000     0.000000     0.000000     0.000000     0.000000
  MPI_Irecv                   0.000000     0.000000     0.000000     0.000000     0.000000     0.000004     0.000000     0.000000     0.000000     0.000004
  MPI_Waitall                 0.000000     0.000000     0.000000     0.000000     0.000000     0.000050     0.000000     0.000000     0.000000     0.000050
Interpolation                 0.029367     0.005148     0.000794     0.000172     0.000120     0.000159     0.000027     0.000017     0.000000     0.035803
  local interpolation         0.029365     0.005146     0.000793     0.000171     0.000119     0.000066     0.000026     0.000014     0.000000     0.035700
  pack MPI buffers            0.000000     0.000000     0.000000     0.000000     0.000000     0.000059     0.000000     0.000000     0.000000     0.000059
  unpack MPI buffers          0.000000     0.000000     0.000000     0.000000     0.000000     0.000000     0.000000     0.000000     0.000000     0.000000
  MPI_Isend                   0.000000     0.000000     0.000000     0.000000     0.000000     0.000030     0.000000     0.000000     0.000000     0.000030
  MPI_Irecv                   0.000000     0.000000     0.000000     0.000000     0.000000     0.000000     0.000000     0.000000     0.000000     0.000000
  MPI_Waitall                 0.000000     0.000000     0.000000     0.000000     0.000000     0.000001     0.000000     0.000000     0.000000     0.000001
Ghost Zone Exchange           0.046709     0.025230     0.009459     0.004188     0.002717     0.002163     0.000005     0.000006     0.000003     0.090480
  local exchange              0.015239     0.007651     0.002374     0.001496     0.001061     0.000703     0.000000     0.000000     0.000000     0.028524
  pack MPI buffers            0.001528     0.001038     0.000563     0.000418     0.000451     0.000545     0.000000     0.000000     0.000000     0.004541
  unpack MPI buffers          0.001610     0.001131     0.000908     0.000523     0.000529     0.000553     0.000000     0.000000     0.000000     0.005253
  MPI_Isend                   0.014438     0.007561     0.002794     0.000585     0.000173     0.000068     0.000000     0.000000     0.000000     0.025619
  MPI_Irecv                   0.000027     0.000036     0.000031     0.000016     0.000009     0.000013     0.000000     0.000000     0.000000     0.000133
  MPI_Waitall                 0.013852     0.007795     0.002770     0.001129     0.000437     0.000252     0.000000     0.000000     0.000000     0.026235
MPI_collectives               0.001635     0.000000     0.000000     0.000000     0.000000     0.000000     0.000000     0.000000     0.000037     0.001672
------------------        ------------ ------------ ------------ ------------ ------------ ------------ ------------ ------------ ------------ ------------ 
Total by level                0.842823     0.198925     0.041516     0.011495     0.005310     0.004305     0.001788     0.001019     0.000362     1.107543

   Total time in MGBuild      0.796265 seconds
   Total time in MGSolve      1.107577 seconds
      number of v-cycles             1
Bottom solver iterations            16




===== Performance Summary ======================================================
  h=1.953125000000000e-03  DOF=1.342177280000000e+08  time=1.107577  DOF/s=1.212e+08  MPI=2  OMP=21


===== Richardson error analysis ================================================
FMGSolve... f-cycle     norm=4.151187824908527e-08  rel=4.153376389499612e-08  done (1.106925 seconds)
FMGSolve... f-cycle     norm=5.144231718379189e-07  rel=5.155086782761839e-07  done (0.161220 seconds)
FMGSolve... f-cycle     norm=7.454875268653183e-06  rel=7.517955872287669e-06  done (0.032261 seconds)
  h=1.953125000000000e-03  ||error||=9.221160354386249e-10
  order=4.011


===== Deallocating memory ======================================================
attempting to free the restriction and interpolation lists... done
attempting to free the     2^3 level... done
attempting to free the     4^3 level... done
attempting to free the     8^3 level... done
attempting to free the    16^3 level... done
attempting to free the    32^3 level... done
attempting to free the    64^3 level... done
attempting to free the   128^3 level... done
attempting to free the   256^3 level... done
attempting to free the   512^3 level... done


===== Done =====================================================================
