

********************************************************************************
***                            HPGMG-FV Benchmark                            ***
********************************************************************************
Requested MPI_THREAD_FUNNELED, got MPI_THREAD_FUNNELED
2 MPI Tasks of 22 threads


===== Benchmark setup ==========================================================

attempting to create a 512^3 level from 8 x 256^3 boxes distributed among 2 tasks...
  boundary condition = BC_DIRICHLET
  Decomposing level via Z-mort ordering... done
  Allocating vectors... done
  Calculating boxes per process... target=4.000, max=4
  Creating Poisson (a=0.000000, b=1.000000) test problem
  calculating D^{-1} exactly for level h=1.953125e-03 using  64 colors...  done (4.610564 seconds)

attempting to create a 256^3 level from 8 x 128^3 boxes distributed among 2 tasks...
  boundary condition = BC_DIRICHLET
  Decomposing level via Z-mort ordering... done
  Allocating vectors... done
  Calculating boxes per process... target=4.000, max=4

attempting to create a 128^3 level from 8 x 64^3 boxes distributed among 2 tasks...
  boundary condition = BC_DIRICHLET
  Decomposing level via Z-mort ordering... done
  Allocating vectors... done
  Calculating boxes per process... target=4.000, max=4

attempting to create a 64^3 level from 8 x 32^3 boxes distributed among 2 tasks...
  boundary condition = BC_DIRICHLET
  Decomposing level via Z-mort ordering... done
  Allocating vectors... done
  Calculating boxes per process... target=4.000, max=4

attempting to create a 32^3 level from 8 x 16^3 boxes distributed among 2 tasks...
  boundary condition = BC_DIRICHLET
  Decomposing level via Z-mort ordering... done
  Allocating vectors... done
  Calculating boxes per process... target=4.000, max=4

attempting to create a 16^3 level from 8 x 8^3 boxes distributed among 2 tasks...
  boundary condition = BC_DIRICHLET
  Decomposing level via Z-mort ordering... done
  Allocating vectors... done
  Calculating boxes per process... target=4.000, max=4

attempting to create a 8^3 level from 1 x 8^3 boxes distributed among 2 tasks...
  boundary condition = BC_DIRICHLET
  Decomposing level via Z-mort ordering... done
  Allocating vectors... done
  Calculating boxes per process... target=0.500, max=1

attempting to create a 4^3 level from 1 x 4^3 boxes distributed among 2 tasks...
  boundary condition = BC_DIRICHLET
  Decomposing level via Z-mort ordering... done
  Allocating vectors... done
  Calculating boxes per process... target=0.500, max=1

attempting to create a 2^3 level from 1 x 2^3 boxes distributed among 2 tasks...
  boundary condition = BC_DIRICHLET
  Decomposing level via Z-mort ordering... done
  Allocating vectors... done
  Calculating boxes per process... target=0.500, max=1

  Building restriction and interpolation lists... done

  Building MPI subcommunicator for level  1... done (0.000491 seconds)
  Building MPI subcommunicator for level  2... done (0.000078 seconds)
  Building MPI subcommunicator for level  3... done (0.000342 seconds)
  Building MPI subcommunicator for level  4... done (0.000367 seconds)
  Building MPI subcommunicator for level  5... done (0.000018 seconds)
  Building MPI subcommunicator for level  6... done (0.000024 seconds)
  Building MPI subcommunicator for level  7... done (0.000018 seconds)
  Building MPI subcommunicator for level  8... done (0.000016 seconds)

  calculating D^{-1} exactly for level h=3.906250e-03 using  64 colors...  done (0.594923 seconds)
  calculating D^{-1} exactly for level h=7.812500e-03 using  64 colors...  done (0.086798 seconds)
  calculating D^{-1} exactly for level h=1.562500e-02 using  64 colors...  done (0.015040 seconds)
  calculating D^{-1} exactly for level h=3.125000e-02 using  64 colors...  done (0.005581 seconds)
  calculating D^{-1} exactly for level h=6.250000e-02 using  64 colors...  done (0.003657 seconds)
  calculating D^{-1} exactly for level h=1.250000e-01 using  64 colors...  done (0.001411 seconds)
  calculating D^{-1} exactly for level h=2.500000e-01 using  64 colors...  done (0.000612 seconds)
  calculating D^{-1} exactly for level h=5.000000e-01 using   8 colors...  done (0.000068 seconds)



===== Warming up by running 1 solves ==========================================
FMGSolve... f-cycle     norm=4.151187824908527e-08  rel=4.153376389499612e-08  done (1.089199 seconds)


===== Running 10 solves ========================================================
FMGSolve... f-cycle     norm=4.151187824908527e-08  rel=4.153376389499612e-08  done (1.084823 seconds)
FMGSolve... f-cycle     norm=4.151187824908527e-08  rel=4.153376389499612e-08  done (1.083650 seconds)
FMGSolve... f-cycle     norm=4.151187824908527e-08  rel=4.153376389499612e-08  done (1.085472 seconds)
FMGSolve... f-cycle     norm=4.151187824908527e-08  rel=4.153376389499612e-08  done (1.085179 seconds)
FMGSolve... f-cycle     norm=4.151187824908527e-08  rel=4.153376389499612e-08  done (1.102764 seconds)
FMGSolve... f-cycle     norm=4.151187824908527e-08  rel=4.153376389499612e-08  done (1.084649 seconds)
FMGSolve... f-cycle     norm=4.151187824908527e-08  rel=4.153376389499612e-08  done (1.094656 seconds)
FMGSolve... f-cycle     norm=4.151187824908527e-08  rel=4.153376389499612e-08  done (1.085272 seconds)
FMGSolve... f-cycle     norm=4.151187824908527e-08  rel=4.153376389499612e-08  done (1.086676 seconds)
FMGSolve... f-cycle     norm=4.151187824908527e-08  rel=4.153376389499612e-08  done (1.086093 seconds)


===== Timing Breakdown =========================================================


level                                0            1            2            3            4            5            6            7            8 
level dimension                  512^3        256^3        128^3         64^3         32^3         16^3          8^3          4^3          2^3 
box dimension                    256^3        128^3         64^3         32^3         16^3          8^3          8^3          4^3          2^3        total
------------------        ------------ ------------ ------------ ------------ ------------ ------------ ------------ ------------ ------------ ------------ 
smooth                        0.579354     0.145513     0.025042     0.004054     0.001539     0.001040     0.000843     0.000186     0.000000     0.757572
  max                         0.596889     0.145513     0.025446     0.004107     0.001539     0.001051     0.000843     0.000186     0.000000     0.775575
  min                         0.579354     0.143774     0.025042     0.004054     0.001266     0.001040     0.000000     0.000000     0.000000     0.754530
residual                      0.103623     0.012629     0.002487     0.000418     0.000159     0.000087     0.000076     0.000018     0.000009     0.119507
applyOp                       0.000000     0.000000     0.000000     0.000000     0.000000     0.000000     0.000000     0.000000     0.000020     0.000020
BLAS1                         0.037765     0.001308     0.000245     0.000061     0.000034     0.000036     0.000011     0.000004     0.000040     0.039504
BLAS3                         0.000000     0.000000     0.000000     0.000000     0.000000     0.000000     0.000000     0.000000     0.000000     0.000000
Boundary Conditions           0.012759     0.005459     0.001995     0.001389     0.000939     0.000716     0.000805     0.000749     0.000263     0.025074
Restriction                   0.013775     0.002604     0.000318     0.000090     0.000054     0.000126     0.000009     0.000005     0.000000     0.016980
  local restriction           0.013772     0.002602     0.000315     0.000089     0.000053     0.000042     0.000007     0.000003     0.000000     0.016883
  pack MPI buffers            0.000000     0.000000     0.000000     0.000000     0.000000     0.000000     0.000000     0.000000     0.000000     0.000000
  unpack MPI buffers          0.000000     0.000000     0.000000     0.000000     0.000000     0.000044     0.000000     0.000000     0.000000     0.000044
  MPI_Isend                   0.000000     0.000000     0.000000     0.000000     0.000000     0.000000     0.000000     0.000000     0.000000     0.000000
  MPI_Irecv                   0.000000     0.000000     0.000000     0.000000     0.000000     0.000003     0.000000     0.000000     0.000000     0.000003
  MPI_Waitall                 0.000000     0.000000     0.000000     0.000000     0.000000     0.000034     0.000000     0.000000     0.000000     0.000034
Interpolation                 0.028667     0.004899     0.000619     0.000176     0.000119     0.000148     0.000027     0.000018     0.000000     0.034672
  local interpolation         0.028666     0.004898     0.000617     0.000175     0.000117     0.000060     0.000025     0.000015     0.000000     0.034573
  pack MPI buffers            0.000000     0.000000     0.000000     0.000000     0.000000     0.000055     0.000000     0.000000     0.000000     0.000055
  unpack MPI buffers          0.000000     0.000000     0.000000     0.000000     0.000000     0.000000     0.000000     0.000000     0.000000     0.000000
  MPI_Isend                   0.000000     0.000000     0.000000     0.000000     0.000000     0.000031     0.000000     0.000000     0.000000     0.000031
  MPI_Irecv                   0.000000     0.000000     0.000000     0.000000     0.000000     0.000000     0.000000     0.000000     0.000000     0.000000
  MPI_Waitall                 0.000000     0.000000     0.000000     0.000000     0.000000     0.000000     0.000000     0.000000     0.000000     0.000000
Ghost Zone Exchange           0.060202     0.025471     0.009496     0.004056     0.002580     0.002009     0.000006     0.000007     0.000003     0.103831
  local exchange              0.014829     0.007259     0.002321     0.001493     0.001044     0.000656     0.000000     0.000000     0.000000     0.027601
  pack MPI buffers            0.001549     0.000932     0.000530     0.000391     0.000403     0.000493     0.000000     0.000000     0.000000     0.004299
  unpack MPI buffers          0.001682     0.001127     0.000887     0.000524     0.000499     0.000513     0.000000     0.000000     0.000000     0.005232
  MPI_Isend                   0.016603     0.007582     0.002805     0.000557     0.000171     0.000065     0.000000     0.000000     0.000000     0.027784
  MPI_Irecv                   0.000031     0.000045     0.000039     0.000017     0.000013     0.000014     0.000000     0.000000     0.000000     0.000159
  MPI_Waitall                 0.025496     0.008510     0.002894     0.001056     0.000425     0.000234     0.000000     0.000000     0.000000     0.038615
MPI_collectives               0.001719     0.000000     0.000000     0.000000     0.000000     0.000000     0.000000     0.000000     0.000034     0.001753
------------------        ------------ ------------ ------------ ------------ ------------ ------------ ------------ ------------ ------------ ------------ 
Total by level                0.830003     0.195606     0.039612     0.010110     0.005387     0.004033     0.001780     0.001011     0.000340     1.087882

   Total time in MGBuild      0.769131 seconds
   Total time in MGSolve      1.087918 seconds
      number of v-cycles             1
Bottom solver iterations            16




===== Performance Summary ======================================================
  h=1.953125000000000e-03  DOF=1.342177280000000e+08  time=1.087918  DOF/s=1.234e+08  MPI=2  OMP=22


===== Richardson error analysis ================================================
FMGSolve... f-cycle     norm=4.151187824908527e-08  rel=4.153376389499612e-08  done (1.102578 seconds)
FMGSolve... f-cycle     norm=5.144231718379189e-07  rel=5.155086782761839e-07  done (0.156410 seconds)
FMGSolve... f-cycle     norm=7.454875268653183e-06  rel=7.517955872287669e-06  done (0.030552 seconds)
  h=1.953125000000000e-03  ||error||=9.221160354386249e-10
  order=4.011


===== Deallocating memory ======================================================
attempting to free the restriction and interpolation lists... done
attempting to free the     2^3 level... done
attempting to free the     4^3 level... done
attempting to free the     8^3 level... done
attempting to free the    16^3 level... done
attempting to free the    32^3 level... done
attempting to free the    64^3 level... done
attempting to free the   128^3 level... done
attempting to free the   256^3 level... done
attempting to free the   512^3 level... done


===== Done =====================================================================
