

********************************************************************************
***                            HPGMG-FV Benchmark                            ***
********************************************************************************
Requested MPI_THREAD_FUNNELED, got MPI_THREAD_FUNNELED
2 MPI Tasks of 23 threads


===== Benchmark setup ==========================================================

attempting to create a 512^3 level from 8 x 256^3 boxes distributed among 2 tasks...
  boundary condition = BC_DIRICHLET
  Decomposing level via Z-mort ordering... done
  Allocating vectors... done
  Calculating boxes per process... target=4.000, max=4
  Creating Poisson (a=0.000000, b=1.000000) test problem
  calculating D^{-1} exactly for level h=1.953125e-03 using  64 colors...  done (4.508722 seconds)

attempting to create a 256^3 level from 8 x 128^3 boxes distributed among 2 tasks...
  boundary condition = BC_DIRICHLET
  Decomposing level via Z-mort ordering... done
  Allocating vectors... done
  Calculating boxes per process... target=4.000, max=4

attempting to create a 128^3 level from 8 x 64^3 boxes distributed among 2 tasks...
  boundary condition = BC_DIRICHLET
  Decomposing level via Z-mort ordering... done
  Allocating vectors... done
  Calculating boxes per process... target=4.000, max=4

attempting to create a 64^3 level from 8 x 32^3 boxes distributed among 2 tasks...
  boundary condition = BC_DIRICHLET
  Decomposing level via Z-mort ordering... done
  Allocating vectors... done
  Calculating boxes per process... target=4.000, max=4

attempting to create a 32^3 level from 8 x 16^3 boxes distributed among 2 tasks...
  boundary condition = BC_DIRICHLET
  Decomposing level via Z-mort ordering... done
  Allocating vectors... done
  Calculating boxes per process... target=4.000, max=4

attempting to create a 16^3 level from 8 x 8^3 boxes distributed among 2 tasks...
  boundary condition = BC_DIRICHLET
  Decomposing level via Z-mort ordering... done
  Allocating vectors... done
  Calculating boxes per process... target=4.000, max=4

attempting to create a 8^3 level from 1 x 8^3 boxes distributed among 2 tasks...
  boundary condition = BC_DIRICHLET
  Decomposing level via Z-mort ordering... done
  Allocating vectors... done
  Calculating boxes per process... target=0.500, max=1

attempting to create a 4^3 level from 1 x 4^3 boxes distributed among 2 tasks...
  boundary condition = BC_DIRICHLET
  Decomposing level via Z-mort ordering... done
  Allocating vectors... done
  Calculating boxes per process... target=0.500, max=1

attempting to create a 2^3 level from 1 x 2^3 boxes distributed among 2 tasks...
  boundary condition = BC_DIRICHLET
  Decomposing level via Z-mort ordering... done
  Allocating vectors... done
  Calculating boxes per process... target=0.500, max=1

  Building restriction and interpolation lists... done

  Building MPI subcommunicator for level  1... done (0.000525 seconds)
  Building MPI subcommunicator for level  2... done (0.000076 seconds)
  Building MPI subcommunicator for level  3... done (0.000332 seconds)
  Building MPI subcommunicator for level  4... done (0.000348 seconds)
  Building MPI subcommunicator for level  5... done (0.000017 seconds)
  Building MPI subcommunicator for level  6... done (0.000028 seconds)
  Building MPI subcommunicator for level  7... done (0.000021 seconds)
  Building MPI subcommunicator for level  8... done (0.000016 seconds)

  calculating D^{-1} exactly for level h=3.906250e-03 using  64 colors...  done (0.576003 seconds)
  calculating D^{-1} exactly for level h=7.812500e-03 using  64 colors...  done (0.086436 seconds)
  calculating D^{-1} exactly for level h=1.562500e-02 using  64 colors...  done (0.015191 seconds)
  calculating D^{-1} exactly for level h=3.125000e-02 using  64 colors...  done (0.005979 seconds)
  calculating D^{-1} exactly for level h=6.250000e-02 using  64 colors...  done (0.004300 seconds)
  calculating D^{-1} exactly for level h=1.250000e-01 using  64 colors...  done (0.001458 seconds)
  calculating D^{-1} exactly for level h=2.500000e-01 using  64 colors...  done (0.000651 seconds)
  calculating D^{-1} exactly for level h=5.000000e-01 using   8 colors...  done (0.000079 seconds)



===== Warming up by running 1 solves ==========================================
FMGSolve... f-cycle     norm=4.151187824908527e-08  rel=4.153376389499612e-08  done (1.063225 seconds)


===== Running 10 solves ========================================================
FMGSolve... f-cycle     norm=4.151187824908527e-08  rel=4.153376389499612e-08  done (1.059603 seconds)
FMGSolve... f-cycle     norm=4.151187824908527e-08  rel=4.153376389499612e-08  done (1.059110 seconds)
FMGSolve... f-cycle     norm=4.151187824908527e-08  rel=4.153376389499612e-08  done (1.061937 seconds)
FMGSolve... f-cycle     norm=4.151187824908527e-08  rel=4.153376389499612e-08  done (1.058953 seconds)
FMGSolve... f-cycle     norm=4.151187824908527e-08  rel=4.153376389499612e-08  done (1.059539 seconds)
FMGSolve... f-cycle     norm=4.151187824908527e-08  rel=4.153376389499612e-08  done (1.063522 seconds)
FMGSolve... f-cycle     norm=4.151187824908527e-08  rel=4.153376389499612e-08  done (1.068412 seconds)
FMGSolve... f-cycle     norm=4.151187824908527e-08  rel=4.153376389499612e-08  done (1.059679 seconds)
FMGSolve... f-cycle     norm=4.151187824908527e-08  rel=4.153376389499612e-08  done (1.060326 seconds)
FMGSolve... f-cycle     norm=4.151187824908527e-08  rel=4.153376389499612e-08  done (1.059357 seconds)


===== Timing Breakdown =========================================================


level                                0            1            2            3            4            5            6            7            8 
level dimension                  512^3        256^3        128^3         64^3         32^3         16^3          8^3          4^3          2^3 
box dimension                    256^3        128^3         64^3         32^3         16^3          8^3          8^3          4^3          2^3        total
------------------        ------------ ------------ ------------ ------------ ------------ ------------ ------------ ------------ ------------ ------------ 
smooth                        0.578986     0.143636     0.025245     0.004048     0.001372     0.001153     0.000833     0.000178     0.000000     0.755451
  max                         0.578986     0.143636     0.025472     0.004124     0.001372     0.001162     0.000833     0.000178     0.000000     0.755762
  min                         0.576374     0.141766     0.025245     0.004048     0.001253     0.001153     0.000000     0.000000     0.000000     0.749839
residual                      0.098025     0.012153     0.002500     0.000415     0.000134     0.000099     0.000075     0.000019     0.000009     0.113428
applyOp                       0.000000     0.000000     0.000000     0.000000     0.000000     0.000000     0.000000     0.000000     0.000018     0.000018
BLAS1                         0.037853     0.001291     0.000244     0.000063     0.000038     0.000043     0.000011     0.000005     0.000038     0.039586
BLAS3                         0.000000     0.000000     0.000000     0.000000     0.000000     0.000000     0.000000     0.000000     0.000000     0.000000
Boundary Conditions           0.012195     0.005053     0.001921     0.001304     0.000923     0.000818     0.000848     0.000859     0.000329     0.024250
Restriction                   0.013713     0.002644     0.000314     0.000092     0.000062     0.000156     0.000009     0.000005     0.000000     0.016995
  local restriction           0.013711     0.002643     0.000311     0.000089     0.000061     0.000054     0.000008     0.000003     0.000000     0.016880
  pack MPI buffers            0.000000     0.000000     0.000000     0.000000     0.000000     0.000000     0.000000     0.000000     0.000000     0.000000
  unpack MPI buffers          0.000000     0.000000     0.000000     0.000000     0.000000     0.000056     0.000000     0.000000     0.000000     0.000056
  MPI_Isend                   0.000000     0.000000     0.000000     0.000000     0.000000     0.000000     0.000000     0.000000     0.000000     0.000000
  MPI_Irecv                   0.000000     0.000000     0.000000     0.000000     0.000000     0.000004     0.000000     0.000000     0.000000     0.000004
  MPI_Waitall                 0.000000     0.000000     0.000000     0.000000     0.000000     0.000040     0.000000     0.000000     0.000000     0.000040
Interpolation                 0.028005     0.004939     0.000619     0.000175     0.000125     0.000169     0.000029     0.000019     0.000000     0.034080
  local interpolation         0.028004     0.004937     0.000617     0.000174     0.000124     0.000071     0.000027     0.000016     0.000000     0.033971
  pack MPI buffers            0.000000     0.000000     0.000000     0.000000     0.000000     0.000066     0.000000     0.000000     0.000000     0.000066
  unpack MPI buffers          0.000000     0.000000     0.000000     0.000000     0.000000     0.000000     0.000000     0.000000     0.000000     0.000000
  MPI_Isend                   0.000000     0.000000     0.000000     0.000000     0.000000     0.000030     0.000000     0.000000     0.000000     0.000030
  MPI_Irecv                   0.000000     0.000000     0.000000     0.000000     0.000000     0.000000     0.000000     0.000000     0.000000     0.000000
  MPI_Waitall                 0.000000     0.000000     0.000000     0.000000     0.000000     0.000001     0.000000     0.000000     0.000000     0.000001
Ghost Zone Exchange           0.045534     0.023833     0.009409     0.004120     0.002840     0.002398     0.000011     0.000007     0.000004     0.088155
  local exchange              0.014293     0.007143     0.002336     0.001541     0.001136     0.000775     0.000000     0.000000     0.000000     0.027224
  pack MPI buffers            0.001514     0.000912     0.000504     0.000424     0.000510     0.000622     0.000000     0.000000     0.000000     0.004485
  unpack MPI buffers          0.001543     0.001183     0.000906     0.000524     0.000574     0.000644     0.000000     0.000000     0.000000     0.005374
  MPI_Isend                   0.014507     0.007396     0.002872     0.000555     0.000171     0.000064     0.000000     0.000000     0.000000     0.025565
  MPI_Irecv                   0.000029     0.000038     0.000038     0.000015     0.000011     0.000013     0.000000     0.000000     0.000000     0.000143
  MPI_Waitall                 0.013637     0.007143     0.002735     0.001041     0.000414     0.000249     0.000000     0.000000     0.000000     0.025218
MPI_collectives               0.000014     0.000000     0.000000     0.000000     0.000000     0.000000     0.000000     0.000000     0.000037     0.000051
------------------        ------------ ------------ ------------ ------------ ------------ ------------ ------------ ------------ ------------ ------------ 
Total by level                0.806500     0.191285     0.039643     0.010104     0.005476     0.004666     0.001823     0.001117     0.000390     1.061004

   Total time in MGBuild      0.753236 seconds
   Total time in MGSolve      1.061038 seconds
      number of v-cycles             1
Bottom solver iterations            16




===== Performance Summary ======================================================
  h=1.953125000000000e-03  DOF=1.342177280000000e+08  time=1.061038  DOF/s=1.265e+08  MPI=2  OMP=23


===== Richardson error analysis ================================================
FMGSolve... f-cycle     norm=4.151187824908527e-08  rel=4.153376389499612e-08  done (1.058695 seconds)
FMGSolve... f-cycle     norm=5.144231718379189e-07  rel=5.155086782761839e-07  done (0.155554 seconds)
FMGSolve... f-cycle     norm=7.454875268653183e-06  rel=7.517955872287669e-06  done (0.031257 seconds)
  h=1.953125000000000e-03  ||error||=9.221160354386249e-10
  order=4.011


===== Deallocating memory ======================================================
attempting to free the restriction and interpolation lists... done
attempting to free the     2^3 level... done
attempting to free the     4^3 level... done
attempting to free the     8^3 level... done
attempting to free the    16^3 level... done
attempting to free the    32^3 level... done
attempting to free the    64^3 level... done
attempting to free the   128^3 level... done
attempting to free the   256^3 level... done
attempting to free the   512^3 level... done


===== Done =====================================================================
