

********************************************************************************
***                            HPGMG-FV Benchmark                            ***
********************************************************************************
Requested MPI_THREAD_FUNNELED, got MPI_THREAD_FUNNELED
2 MPI Tasks of 24 threads


===== Benchmark setup ==========================================================

attempting to create a 512^3 level from 8 x 256^3 boxes distributed among 2 tasks...
  boundary condition = BC_DIRICHLET
  Decomposing level via Z-mort ordering... done
  Allocating vectors... done
  Calculating boxes per process... target=4.000, max=4
  Creating Poisson (a=0.000000, b=1.000000) test problem
  calculating D^{-1} exactly for level h=1.953125e-03 using  64 colors...  done (4.368411 seconds)

attempting to create a 256^3 level from 8 x 128^3 boxes distributed among 2 tasks...
  boundary condition = BC_DIRICHLET
  Decomposing level via Z-mort ordering... done
  Allocating vectors... done
  Calculating boxes per process... target=4.000, max=4

attempting to create a 128^3 level from 8 x 64^3 boxes distributed among 2 tasks...
  boundary condition = BC_DIRICHLET
  Decomposing level via Z-mort ordering... done
  Allocating vectors... done
  Calculating boxes per process... target=4.000, max=4

attempting to create a 64^3 level from 8 x 32^3 boxes distributed among 2 tasks...
  boundary condition = BC_DIRICHLET
  Decomposing level via Z-mort ordering... done
  Allocating vectors... done
  Calculating boxes per process... target=4.000, max=4

attempting to create a 32^3 level from 8 x 16^3 boxes distributed among 2 tasks...
  boundary condition = BC_DIRICHLET
  Decomposing level via Z-mort ordering... done
  Allocating vectors... done
  Calculating boxes per process... target=4.000, max=4

attempting to create a 16^3 level from 8 x 8^3 boxes distributed among 2 tasks...
  boundary condition = BC_DIRICHLET
  Decomposing level via Z-mort ordering... done
  Allocating vectors... done
  Calculating boxes per process... target=4.000, max=4

attempting to create a 8^3 level from 1 x 8^3 boxes distributed among 2 tasks...
  boundary condition = BC_DIRICHLET
  Decomposing level via Z-mort ordering... done
  Allocating vectors... done
  Calculating boxes per process... target=0.500, max=1

attempting to create a 4^3 level from 1 x 4^3 boxes distributed among 2 tasks...
  boundary condition = BC_DIRICHLET
  Decomposing level via Z-mort ordering... done
  Allocating vectors... done
  Calculating boxes per process... target=0.500, max=1

attempting to create a 2^3 level from 1 x 2^3 boxes distributed among 2 tasks...
  boundary condition = BC_DIRICHLET
  Decomposing level via Z-mort ordering... done
  Allocating vectors... done
  Calculating boxes per process... target=0.500, max=1

  Building restriction and interpolation lists... done

  Building MPI subcommunicator for level  1... done (0.000528 seconds)
  Building MPI subcommunicator for level  2... done (0.000416 seconds)
  Building MPI subcommunicator for level  3... done (0.000352 seconds)
  Building MPI subcommunicator for level  4... done (0.000361 seconds)
  Building MPI subcommunicator for level  5... done (0.000018 seconds)
  Building MPI subcommunicator for level  6... done (0.000025 seconds)
  Building MPI subcommunicator for level  7... done (0.000018 seconds)
  Building MPI subcommunicator for level  8... done (0.000016 seconds)

  calculating D^{-1} exactly for level h=3.906250e-03 using  64 colors...  done (0.577432 seconds)
  calculating D^{-1} exactly for level h=7.812500e-03 using  64 colors...  done (0.082387 seconds)
  calculating D^{-1} exactly for level h=1.562500e-02 using  64 colors...  done (0.014888 seconds)
  calculating D^{-1} exactly for level h=3.125000e-02 using  64 colors...  done (0.006500 seconds)
  calculating D^{-1} exactly for level h=6.250000e-02 using  64 colors...  done (0.004640 seconds)
  calculating D^{-1} exactly for level h=1.250000e-01 using  64 colors...  done (0.001462 seconds)
  calculating D^{-1} exactly for level h=2.500000e-01 using  64 colors...  done (0.000758 seconds)
  calculating D^{-1} exactly for level h=5.000000e-01 using   8 colors...  done (0.000086 seconds)



===== Warming up by running 1 solves ==========================================
FMGSolve... f-cycle     norm=4.151187824908527e-08  rel=4.153376389499612e-08  done (1.052975 seconds)


===== Running 10 solves ========================================================
FMGSolve... f-cycle     norm=4.151187824908527e-08  rel=4.153376389499612e-08  done (1.050828 seconds)
FMGSolve... f-cycle     norm=4.151187824908527e-08  rel=4.153376389499612e-08  done (1.047564 seconds)
FMGSolve... f-cycle     norm=4.151187824908527e-08  rel=4.153376389499612e-08  done (1.049010 seconds)
FMGSolve... f-cycle     norm=4.151187824908527e-08  rel=4.153376389499612e-08  done (1.049452 seconds)
FMGSolve... f-cycle     norm=4.151187824908527e-08  rel=4.153376389499612e-08  done (1.048711 seconds)
FMGSolve... f-cycle     norm=4.151187824908527e-08  rel=4.153376389499612e-08  done (1.058652 seconds)
FMGSolve... f-cycle     norm=4.151187824908527e-08  rel=4.153376389499612e-08  done (1.051304 seconds)
FMGSolve... f-cycle     norm=4.151187824908527e-08  rel=4.153376389499612e-08  done (1.050116 seconds)
FMGSolve... f-cycle     norm=4.151187824908527e-08  rel=4.153376389499612e-08  done (1.049582 seconds)
FMGSolve... f-cycle     norm=4.151187824908527e-08  rel=4.153376389499612e-08  done (1.050365 seconds)


===== Timing Breakdown =========================================================


level                                0            1            2            3            4            5            6            7            8 
level dimension                  512^3        256^3        128^3         64^3         32^3         16^3          8^3          4^3          2^3 
box dimension                    256^3        128^3         64^3         32^3         16^3          8^3          8^3          4^3          2^3        total
------------------        ------------ ------------ ------------ ------------ ------------ ------------ ------------ ------------ ------------ ------------ 
smooth                        0.569578     0.142215     0.023966     0.004083     0.001316     0.001224     0.000845     0.000175     0.000000     0.743402
  max                         0.575934     0.142215     0.024229     0.004138     0.001324     0.001224     0.000845     0.000175     0.000000     0.750084
  min                         0.569578     0.139932     0.023966     0.004083     0.001316     0.001222     0.000000     0.000000     0.000000     0.740097
residual                      0.092956     0.011775     0.002303     0.000420     0.000131     0.000106     0.000078     0.000017     0.000010     0.107796
applyOp                       0.000000     0.000000     0.000000     0.000000     0.000000     0.000000     0.000000     0.000000     0.000021     0.000021
BLAS1                         0.037936     0.001288     0.000245     0.000064     0.000041     0.000049     0.000012     0.000005     0.000042     0.039682
BLAS3                         0.000000     0.000000     0.000000     0.000000     0.000000     0.000000     0.000000     0.000000     0.000000     0.000000
Boundary Conditions           0.012661     0.005094     0.001978     0.001338     0.001020     0.000820     0.000876     0.000958     0.000386     0.025132
Restriction                   0.013647     0.002584     0.000314     0.000092     0.000068     0.000191     0.000009     0.000005     0.000000     0.016911
  local restriction           0.013645     0.002583     0.000311     0.000090     0.000067     0.000061     0.000008     0.000003     0.000000     0.016768
  pack MPI buffers            0.000000     0.000000     0.000000     0.000000     0.000000     0.000000     0.000000     0.000000     0.000000     0.000000
  unpack MPI buffers          0.000000     0.000000     0.000000     0.000000     0.000000     0.000070     0.000000     0.000000     0.000000     0.000070
  MPI_Isend                   0.000000     0.000000     0.000000     0.000000     0.000000     0.000000     0.000000     0.000000     0.000000     0.000000
  MPI_Irecv                   0.000000     0.000000     0.000000     0.000000     0.000000     0.000004     0.000000     0.000000     0.000000     0.000004
  MPI_Waitall                 0.000000     0.000000     0.000000     0.000000     0.000000     0.000053     0.000000     0.000000     0.000000     0.000053
Interpolation                 0.027338     0.004679     0.000626     0.000180     0.000132     0.000185     0.000027     0.000018     0.000000     0.033185
  local interpolation         0.027338     0.004678     0.000625     0.000179     0.000130     0.000078     0.000025     0.000015     0.000000     0.033067
  pack MPI buffers            0.000000     0.000000     0.000000     0.000000     0.000000     0.000071     0.000000     0.000000     0.000000     0.000071
  unpack MPI buffers          0.000000     0.000000     0.000000     0.000000     0.000000     0.000000     0.000000     0.000000     0.000000     0.000000
  MPI_Isend                   0.000000     0.000000     0.000000     0.000000     0.000000     0.000032     0.000000     0.000000     0.000000     0.000032
  MPI_Irecv                   0.000000     0.000000     0.000000     0.000000     0.000000     0.000000     0.000000     0.000000     0.000000     0.000000
  MPI_Waitall                 0.000000     0.000000     0.000000     0.000000     0.000000     0.000002     0.000000     0.000000     0.000000     0.000002
Ghost Zone Exchange           0.047577     0.026098     0.009282     0.003753     0.003082     0.002743     0.000007     0.000008     0.000002     0.092552
  local exchange              0.013556     0.006860     0.002118     0.001080     0.001180     0.000843     0.000000     0.000000     0.000000     0.025636
  pack MPI buffers            0.001520     0.000914     0.000496     0.000431     0.000600     0.000740     0.000000     0.000000     0.000000     0.004702
  unpack MPI buffers          0.001675     0.001203     0.000921     0.000550     0.000668     0.000757     0.000000     0.000000     0.000000     0.005774
  MPI_Isend                   0.014897     0.007666     0.002899     0.000575     0.000169     0.000065     0.000000     0.000000     0.000000     0.026270
  MPI_Irecv                   0.000029     0.000041     0.000033     0.000016     0.000013     0.000014     0.000000     0.000000     0.000000     0.000145
  MPI_Waitall                 0.015888     0.009391     0.002798     0.001083     0.000423     0.000288     0.000000     0.000000     0.000000     0.029871
MPI_collectives               0.002812     0.000000     0.000000     0.000000     0.000000     0.000000     0.000000     0.000000     0.000038     0.002850
------------------        ------------ ------------ ------------ ------------ ------------ ------------ ------------ ------------ ------------ ------------ 
Total by level                0.796569     0.191554     0.038094     0.009872     0.005782     0.005115     0.001871     0.001220     0.000441     1.050517

   Total time in MGBuild      0.752482 seconds
   Total time in MGSolve      1.050552 seconds
      number of v-cycles             1
Bottom solver iterations            16




===== Performance Summary ======================================================
  h=1.953125000000000e-03  DOF=1.342177280000000e+08  time=1.050552  DOF/s=1.278e+08  MPI=2  OMP=24


===== Richardson error analysis ================================================
FMGSolve... f-cycle     norm=4.151187824908527e-08  rel=4.153376389499612e-08  done (1.048651 seconds)
FMGSolve... f-cycle     norm=5.144231718379189e-07  rel=5.155086782761839e-07  done (0.153808 seconds)
FMGSolve... f-cycle     norm=7.454875268653183e-06  rel=7.517955872287669e-06  done (0.031335 seconds)
  h=1.953125000000000e-03  ||error||=9.221160354386249e-10
  order=4.011


===== Deallocating memory ======================================================
attempting to free the restriction and interpolation lists... done
attempting to free the     2^3 level... done
attempting to free the     4^3 level... done
attempting to free the     8^3 level... done
attempting to free the    16^3 level... done
attempting to free the    32^3 level... done
attempting to free the    64^3 level... done
attempting to free the   128^3 level... done
attempting to free the   256^3 level... done
attempting to free the   512^3 level... done


===== Done =====================================================================
