

********************************************************************************
***                            HPGMG-FV Benchmark                            ***
********************************************************************************
Requested MPI_THREAD_FUNNELED, got MPI_THREAD_FUNNELED
2 MPI Tasks of 27 threads


===== Benchmark setup ==========================================================

attempting to create a 512^3 level from 8 x 256^3 boxes distributed among 2 tasks...
  boundary condition = BC_DIRICHLET
  Decomposing level via Z-mort ordering... done
  Allocating vectors... done
  Calculating boxes per process... target=4.000, max=4
  Creating Poisson (a=0.000000, b=1.000000) test problem
  calculating D^{-1} exactly for level h=1.953125e-03 using  64 colors...  done (4.146716 seconds)

attempting to create a 256^3 level from 8 x 128^3 boxes distributed among 2 tasks...
  boundary condition = BC_DIRICHLET
  Decomposing level via Z-mort ordering... done
  Allocating vectors... done
  Calculating boxes per process... target=4.000, max=4

attempting to create a 128^3 level from 8 x 64^3 boxes distributed among 2 tasks...
  boundary condition = BC_DIRICHLET
  Decomposing level via Z-mort ordering... done
  Allocating vectors... done
  Calculating boxes per process... target=4.000, max=4

attempting to create a 64^3 level from 8 x 32^3 boxes distributed among 2 tasks...
  boundary condition = BC_DIRICHLET
  Decomposing level via Z-mort ordering... done
  Allocating vectors... done
  Calculating boxes per process... target=4.000, max=4

attempting to create a 32^3 level from 8 x 16^3 boxes distributed among 2 tasks...
  boundary condition = BC_DIRICHLET
  Decomposing level via Z-mort ordering... done
  Allocating vectors... done
  Calculating boxes per process... target=4.000, max=4

attempting to create a 16^3 level from 8 x 8^3 boxes distributed among 2 tasks...
  boundary condition = BC_DIRICHLET
  Decomposing level via Z-mort ordering... done
  Allocating vectors... done
  Calculating boxes per process... target=4.000, max=4

attempting to create a 8^3 level from 1 x 8^3 boxes distributed among 2 tasks...
  boundary condition = BC_DIRICHLET
  Decomposing level via Z-mort ordering... done
  Allocating vectors... done
  Calculating boxes per process... target=0.500, max=1

attempting to create a 4^3 level from 1 x 4^3 boxes distributed among 2 tasks...
  boundary condition = BC_DIRICHLET
  Decomposing level via Z-mort ordering... done
  Allocating vectors... done
  Calculating boxes per process... target=0.500, max=1

attempting to create a 2^3 level from 1 x 2^3 boxes distributed among 2 tasks...
  boundary condition = BC_DIRICHLET
  Decomposing level via Z-mort ordering... done
  Allocating vectors... done
  Calculating boxes per process... target=0.500, max=1

  Building restriction and interpolation lists... done

  Building MPI subcommunicator for level  1... done (0.000513 seconds)
  Building MPI subcommunicator for level  2... done (0.000082 seconds)
  Building MPI subcommunicator for level  3... done (0.000335 seconds)
  Building MPI subcommunicator for level  4... done (0.000365 seconds)
  Building MPI subcommunicator for level  5... done (0.000017 seconds)
  Building MPI subcommunicator for level  6... done (0.000024 seconds)
  Building MPI subcommunicator for level  7... done (0.000018 seconds)
  Building MPI subcommunicator for level  8... done (0.000016 seconds)

  calculating D^{-1} exactly for level h=3.906250e-03 using  64 colors...  done (0.535387 seconds)
  calculating D^{-1} exactly for level h=7.812500e-03 using  64 colors...  done (0.076008 seconds)
  calculating D^{-1} exactly for level h=1.562500e-02 using  64 colors...  done (0.015115 seconds)
  calculating D^{-1} exactly for level h=3.125000e-02 using  64 colors...  done (0.006634 seconds)
  calculating D^{-1} exactly for level h=6.250000e-02 using  64 colors...  done (0.004633 seconds)
  calculating D^{-1} exactly for level h=1.250000e-01 using  64 colors...  done (0.001446 seconds)
  calculating D^{-1} exactly for level h=2.500000e-01 using  64 colors...  done (0.000750 seconds)
  calculating D^{-1} exactly for level h=5.000000e-01 using   8 colors...  done (0.000092 seconds)



===== Warming up by running 1 solves ==========================================
FMGSolve... f-cycle     norm=4.151187824908527e-08  rel=4.153376389499612e-08  done (1.029170 seconds)


===== Running 10 solves ========================================================
FMGSolve... f-cycle     norm=4.151187824908527e-08  rel=4.153376389499612e-08  done (1.027200 seconds)
FMGSolve... f-cycle     norm=4.151187824908527e-08  rel=4.153376389499612e-08  done (1.022009 seconds)
FMGSolve... f-cycle     norm=4.151187824908527e-08  rel=4.153376389499612e-08  done (1.022213 seconds)
FMGSolve... f-cycle     norm=4.151187824908527e-08  rel=4.153376389499612e-08  done (1.022687 seconds)
FMGSolve... f-cycle     norm=4.151187824908527e-08  rel=4.153376389499612e-08  done (1.022050 seconds)
FMGSolve... f-cycle     norm=4.151187824908527e-08  rel=4.153376389499612e-08  done (1.022621 seconds)
FMGSolve... f-cycle     norm=4.151187824908527e-08  rel=4.153376389499612e-08  done (1.036195 seconds)
FMGSolve... f-cycle     norm=4.151187824908527e-08  rel=4.153376389499612e-08  done (1.023491 seconds)
FMGSolve... f-cycle     norm=4.151187824908527e-08  rel=4.153376389499612e-08  done (1.023094 seconds)
FMGSolve... f-cycle     norm=4.151187824908527e-08  rel=4.153376389499612e-08  done (1.023167 seconds)


===== Timing Breakdown =========================================================


level                                0            1            2            3            4            5            6            7            8 
level dimension                  512^3        256^3        128^3         64^3         32^3         16^3          8^3          4^3          2^3 
box dimension                    256^3        128^3         64^3         32^3         16^3          8^3          8^3          4^3          2^3        total
------------------        ------------ ------------ ------------ ------------ ------------ ------------ ------------ ------------ ------------ ------------ 
smooth                        0.549779     0.140171     0.022432     0.004048     0.001348     0.001257     0.000855     0.000181     0.000000     0.720071
  max                         0.566370     0.140171     0.022571     0.004203     0.001410     0.001258     0.000855     0.000181     0.000000     0.737020
  min                         0.549779     0.137964     0.022432     0.004048     0.001348     0.001257     0.000000     0.000000     0.000000     0.716828
residual                      0.085725     0.010911     0.002107     0.000418     0.000128     0.000103     0.000076     0.000018     0.000010     0.099497
applyOp                       0.000000     0.000000     0.000000     0.000000     0.000000     0.000000     0.000000     0.000000     0.000020     0.000020
BLAS1                         0.037868     0.001218     0.000230     0.000064     0.000044     0.000054     0.000012     0.000005     0.000036     0.039532
BLAS3                         0.000000     0.000000     0.000000     0.000000     0.000000     0.000000     0.000000     0.000000     0.000000     0.000000
Boundary Conditions           0.011771     0.004758     0.001830     0.001114     0.000874     0.000799     0.000895     0.000980     0.000392     0.023413
Restriction                   0.013752     0.002571     0.000290     0.000089     0.000076     0.000175     0.000010     0.000005     0.000000     0.016968
  local restriction           0.013748     0.002569     0.000287     0.000087     0.000073     0.000063     0.000008     0.000003     0.000000     0.016839
  pack MPI buffers            0.000000     0.000000     0.000000     0.000000     0.000000     0.000000     0.000000     0.000000     0.000000     0.000000
  unpack MPI buffers          0.000000     0.000000     0.000000     0.000000     0.000000     0.000066     0.000000     0.000000     0.000000     0.000066
  MPI_Isend                   0.000000     0.000000     0.000000     0.000000     0.000000     0.000000     0.000000     0.000000     0.000000     0.000000
  MPI_Irecv                   0.000000     0.000000     0.000000     0.000000     0.000000     0.000005     0.000000     0.000000     0.000000     0.000005
  MPI_Waitall                 0.000000     0.000000     0.000000     0.000000     0.000000     0.000038     0.000000     0.000000     0.000000     0.000038
Interpolation                 0.025861     0.004448     0.000624     0.000180     0.000135     0.000187     0.000028     0.000017     0.000000     0.031481
  local interpolation         0.025860     0.004447     0.000623     0.000179     0.000133     0.000080     0.000026     0.000015     0.000000     0.031362
  pack MPI buffers            0.000000     0.000000     0.000000     0.000000     0.000000     0.000072     0.000000     0.000000     0.000000     0.000072
  unpack MPI buffers          0.000000     0.000000     0.000000     0.000000     0.000000     0.000000     0.000000     0.000000     0.000000     0.000000
  MPI_Isend                   0.000000     0.000000     0.000000     0.000000     0.000000     0.000030     0.000000     0.000000     0.000000     0.000030
  MPI_Irecv                   0.000000     0.000000     0.000000     0.000000     0.000000     0.000000     0.000000     0.000000     0.000000     0.000000
  MPI_Waitall                 0.000000     0.000000     0.000000     0.000000     0.000000     0.000001     0.000000     0.000000     0.000000     0.000001
Ghost Zone Exchange           0.056148     0.025219     0.009511     0.004134     0.003237     0.002788     0.000011     0.000008     0.000003     0.101058
  local exchange              0.012619     0.006168     0.002228     0.001326     0.001237     0.000892     0.000000     0.000000     0.000000     0.024470
  pack MPI buffers            0.001463     0.000947     0.000521     0.000476     0.000611     0.000736     0.000000     0.000000     0.000000     0.004754
  unpack MPI buffers          0.001636     0.001210     0.000942     0.000574     0.000707     0.000777     0.000000     0.000000     0.000000     0.005847
  MPI_Isend                   0.015621     0.007601     0.002888     0.000584     0.000174     0.000064     0.000000     0.000000     0.000000     0.026932
  MPI_Irecv                   0.000030     0.000042     0.000036     0.000018     0.000011     0.000012     0.000000     0.000000     0.000000     0.000149
  MPI_Waitall                 0.024765     0.009228     0.002872     0.001128     0.000462     0.000258     0.000000     0.000000     0.000000     0.038715
MPI_collectives               0.003234     0.000000     0.000000     0.000000     0.000000     0.000000     0.000000     0.000000     0.000040     0.003273
------------------        ------------ ------------ ------------ ------------ ------------ ------------ ------------ ------------ ------------ ------------ 
Total by level                0.776187     0.187224     0.036466     0.009955     0.005830     0.005169     0.001906     0.001248     0.000446     1.024429

   Total time in MGBuild      0.705278 seconds
   Total time in MGSolve      1.024465 seconds
      number of v-cycles             1
Bottom solver iterations            16




===== Performance Summary ======================================================
  h=1.953125000000000e-03  DOF=1.342177280000000e+08  time=1.024465  DOF/s=1.310e+08  MPI=2  OMP=27


===== Richardson error analysis ================================================
FMGSolve... f-cycle     norm=4.151187824908527e-08  rel=4.153376389499612e-08  done (1.022783 seconds)
FMGSolve... f-cycle     norm=5.144231718379189e-07  rel=5.155086782761839e-07  done (0.150741 seconds)
FMGSolve... f-cycle     norm=7.454875268653183e-06  rel=7.517955872287669e-06  done (0.030766 seconds)
  h=1.953125000000000e-03  ||error||=9.221160354386249e-10
  order=4.011


===== Deallocating memory ======================================================
attempting to free the restriction and interpolation lists... done
attempting to free the     2^3 level... done
attempting to free the     4^3 level... done
attempting to free the     8^3 level... done
attempting to free the    16^3 level... done
attempting to free the    32^3 level... done
attempting to free the    64^3 level... done
attempting to free the   128^3 level... done
attempting to free the   256^3 level... done
attempting to free the   512^3 level... done


===== Done =====================================================================
