

********************************************************************************
***                            HPGMG-FV Benchmark                            ***
********************************************************************************
Requested MPI_THREAD_FUNNELED, got MPI_THREAD_FUNNELED
2 MPI Tasks of 28 threads


===== Benchmark setup ==========================================================

attempting to create a 512^3 level from 8 x 256^3 boxes distributed among 2 tasks...
  boundary condition = BC_DIRICHLET
  Decomposing level via Z-mort ordering... done
  Allocating vectors... done
  Calculating boxes per process... target=4.000, max=4
  Creating Poisson (a=0.000000, b=1.000000) test problem
  calculating D^{-1} exactly for level h=1.953125e-03 using  64 colors...  done (4.281389 seconds)

attempting to create a 256^3 level from 8 x 128^3 boxes distributed among 2 tasks...
  boundary condition = BC_DIRICHLET
  Decomposing level via Z-mort ordering... done
  Allocating vectors... done
  Calculating boxes per process... target=4.000, max=4

attempting to create a 128^3 level from 8 x 64^3 boxes distributed among 2 tasks...
  boundary condition = BC_DIRICHLET
  Decomposing level via Z-mort ordering... done
  Allocating vectors... done
  Calculating boxes per process... target=4.000, max=4

attempting to create a 64^3 level from 8 x 32^3 boxes distributed among 2 tasks...
  boundary condition = BC_DIRICHLET
  Decomposing level via Z-mort ordering... done
  Allocating vectors... done
  Calculating boxes per process... target=4.000, max=4

attempting to create a 32^3 level from 8 x 16^3 boxes distributed among 2 tasks...
  boundary condition = BC_DIRICHLET
  Decomposing level via Z-mort ordering... done
  Allocating vectors... done
  Calculating boxes per process... target=4.000, max=4

attempting to create a 16^3 level from 8 x 8^3 boxes distributed among 2 tasks...
  boundary condition = BC_DIRICHLET
  Decomposing level via Z-mort ordering... done
  Allocating vectors... done
  Calculating boxes per process... target=4.000, max=4

attempting to create a 8^3 level from 1 x 8^3 boxes distributed among 2 tasks...
  boundary condition = BC_DIRICHLET
  Decomposing level via Z-mort ordering... done
  Allocating vectors... done
  Calculating boxes per process... target=0.500, max=1

attempting to create a 4^3 level from 1 x 4^3 boxes distributed among 2 tasks...
  boundary condition = BC_DIRICHLET
  Decomposing level via Z-mort ordering... done
  Allocating vectors... done
  Calculating boxes per process... target=0.500, max=1

attempting to create a 2^3 level from 1 x 2^3 boxes distributed among 2 tasks...
  boundary condition = BC_DIRICHLET
  Decomposing level via Z-mort ordering... done
  Allocating vectors... done
  Calculating boxes per process... target=0.500, max=1

  Building restriction and interpolation lists... done

  Building MPI subcommunicator for level  1... done (0.000545 seconds)
  Building MPI subcommunicator for level  2... done (0.000077 seconds)
  Building MPI subcommunicator for level  3... done (0.000353 seconds)
  Building MPI subcommunicator for level  4... done (0.000060 seconds)
  Building MPI subcommunicator for level  5... done (0.000057 seconds)
  Building MPI subcommunicator for level  6... done (0.000052 seconds)
  Building MPI subcommunicator for level  7... done (0.000049 seconds)
  Building MPI subcommunicator for level  8... done (0.000047 seconds)

  calculating D^{-1} exactly for level h=3.906250e-03 using  64 colors...  done (0.531984 seconds)
  calculating D^{-1} exactly for level h=7.812500e-03 using  64 colors...  done (0.076564 seconds)
  calculating D^{-1} exactly for level h=1.562500e-02 using  64 colors...  done (0.015304 seconds)
  calculating D^{-1} exactly for level h=3.125000e-02 using  64 colors...  done (0.006337 seconds)
  calculating D^{-1} exactly for level h=6.250000e-02 using  64 colors...  done (0.004447 seconds)
  calculating D^{-1} exactly for level h=1.250000e-01 using  64 colors...  done (0.001492 seconds)
  calculating D^{-1} exactly for level h=2.500000e-01 using  64 colors...  done (0.000764 seconds)
  calculating D^{-1} exactly for level h=5.000000e-01 using   8 colors...  done (0.000082 seconds)



===== Warming up by running 1 solves ==========================================
FMGSolve... f-cycle     norm=4.151187824908527e-08  rel=4.153376389499612e-08  done (1.058198 seconds)


===== Running 10 solves ========================================================
FMGSolve... f-cycle     norm=4.151187824908527e-08  rel=4.153376389499612e-08  done (1.058019 seconds)
FMGSolve... f-cycle     norm=4.151187824908527e-08  rel=4.153376389499612e-08  done (1.055473 seconds)
FMGSolve... f-cycle     norm=4.151187824908527e-08  rel=4.153376389499612e-08  done (1.054213 seconds)
FMGSolve... f-cycle     norm=4.151187824908527e-08  rel=4.153376389499612e-08  done (1.055352 seconds)
FMGSolve... f-cycle     norm=4.151187824908527e-08  rel=4.153376389499612e-08  done (1.054693 seconds)
FMGSolve... f-cycle     norm=4.151187824908527e-08  rel=4.153376389499612e-08  done (1.054658 seconds)
FMGSolve... f-cycle     norm=4.151187824908527e-08  rel=4.153376389499612e-08  done (1.060259 seconds)
FMGSolve... f-cycle     norm=4.151187824908527e-08  rel=4.153376389499612e-08  done (1.054821 seconds)
FMGSolve... f-cycle     norm=4.151187824908527e-08  rel=4.153376389499612e-08  done (1.053657 seconds)
FMGSolve... f-cycle     norm=4.151187824908527e-08  rel=4.153376389499612e-08  done (1.051041 seconds)


===== Timing Breakdown =========================================================


level                                0            1            2            3            4            5            6            7            8 
level dimension                  512^3        256^3        128^3         64^3         32^3         16^3          8^3          4^3          2^3 
box dimension                    256^3        128^3         64^3         32^3         16^3          8^3          8^3          4^3          2^3        total
------------------        ------------ ------------ ------------ ------------ ------------ ------------ ------------ ------------ ------------ ------------ 
smooth                        0.594931     0.140258     0.022965     0.004246     0.001353     0.001206     0.000883     0.000188     0.000000     0.766030
  max                         0.594931     0.140258     0.022965     0.004246     0.001353     0.001206     0.000883     0.000188     0.000000     0.766030
  min                         0.556605     0.138100     0.022738     0.004208     0.001258     0.001187     0.000000     0.000000     0.000000     0.724097
residual                      0.088597     0.010744     0.002139     0.000428     0.000128     0.000105     0.000079     0.000018     0.000009     0.102248
applyOp                       0.000000     0.000000     0.000000     0.000000     0.000000     0.000000     0.000000     0.000000     0.000023     0.000023
BLAS1                         0.037932     0.001218     0.000235     0.000068     0.000043     0.000046     0.000011     0.000004     0.000041     0.039599
BLAS3                         0.000000     0.000000     0.000000     0.000000     0.000000     0.000000     0.000000     0.000000     0.000000     0.000000
Boundary Conditions           0.011645     0.004780     0.001765     0.001061     0.000853     0.000748     0.000867     0.000904     0.000374     0.022997
Restriction                   0.013673     0.002655     0.000302     0.000088     0.000067     0.000168     0.000011     0.000006     0.000000     0.016970
  local restriction           0.013671     0.002653     0.000300     0.000086     0.000065     0.000058     0.000009     0.000003     0.000000     0.016845
  pack MPI buffers            0.000000     0.000000     0.000000     0.000000     0.000000     0.000000     0.000000     0.000000     0.000000     0.000000
  unpack MPI buffers          0.000000     0.000000     0.000000     0.000000     0.000000     0.000064     0.000000     0.000000     0.000000     0.000064
  MPI_Isend                   0.000000     0.000000     0.000000     0.000000     0.000000     0.000000     0.000000     0.000000     0.000000     0.000000
  MPI_Irecv                   0.000000     0.000000     0.000000     0.000000     0.000000     0.000006     0.000000     0.000000     0.000000     0.000006
  MPI_Waitall                 0.000000     0.000000     0.000000     0.000000     0.000000     0.000037     0.000000     0.000000     0.000000     0.000037
Interpolation                 0.025639     0.004508     0.000635     0.000188     0.000133     0.000183     0.000028     0.000018     0.000000     0.031331
  local interpolation         0.025638     0.004507     0.000633     0.000186     0.000131     0.000078     0.000026     0.000016     0.000000     0.031214
  pack MPI buffers            0.000000     0.000000     0.000000     0.000000     0.000000     0.000068     0.000000     0.000000     0.000000     0.000068
  unpack MPI buffers          0.000000     0.000000     0.000000     0.000000     0.000000     0.000000     0.000000     0.000000     0.000000     0.000000
  MPI_Isend                   0.000000     0.000000     0.000000     0.000000     0.000000     0.000032     0.000000     0.000000     0.000000     0.000032
  MPI_Irecv                   0.000000     0.000000     0.000000     0.000000     0.000000     0.000000     0.000000     0.000000     0.000000     0.000000
  MPI_Waitall                 0.000000     0.000000     0.000000     0.000000     0.000000     0.000001     0.000000     0.000000     0.000000     0.000001
Ghost Zone Exchange           0.044043     0.022853     0.009670     0.004258     0.003173     0.002644     0.000011     0.000010     0.000003     0.086665
  local exchange              0.012486     0.006121     0.002364     0.001588     0.001212     0.000830     0.000000     0.000000     0.000000     0.024600
  pack MPI buffers            0.001424     0.000935     0.000527     0.000440     0.000577     0.000685     0.000000     0.000000     0.000000     0.004588
  unpack MPI buffers          0.001566     0.001217     0.000937     0.000554     0.000705     0.000760     0.000000     0.000000     0.000000     0.005738
  MPI_Isend                   0.014436     0.007414     0.002898     0.000581     0.000177     0.000066     0.000000     0.000000     0.000000     0.025572
  MPI_Irecv                   0.000033     0.000043     0.000038     0.000016     0.000013     0.000012     0.000000     0.000000     0.000000     0.000155
  MPI_Waitall                 0.014086     0.007107     0.002885     0.001059     0.000458     0.000250     0.000000     0.000000     0.000000     0.025845
MPI_collectives               0.000021     0.000000     0.000000     0.000000     0.000000     0.000000     0.000000     0.000000     0.000046     0.000067
------------------        ------------ ------------ ------------ ------------ ------------ ------------ ------------ ------------ ------------ ------------ 
Total by level                0.808730     0.184967     0.037095     0.010241     0.005693     0.004917     0.001903     0.001178     0.000445     1.055168

   Total time in MGBuild      0.704738 seconds
   Total time in MGSolve      1.055205 seconds
      number of v-cycles             1
Bottom solver iterations            16




===== Performance Summary ======================================================
  h=1.953125000000000e-03  DOF=1.342177280000000e+08  time=1.055205  DOF/s=1.272e+08  MPI=2  OMP=28


===== Richardson error analysis ================================================
FMGSolve... f-cycle     norm=4.151187824908527e-08  rel=4.153376389499612e-08  done (1.050500 seconds)
FMGSolve... f-cycle     norm=5.144231718379189e-07  rel=5.155086782761839e-07  done (0.150623 seconds)
FMGSolve... f-cycle     norm=7.454875268653183e-06  rel=7.517955872287669e-06  done (0.030823 seconds)
  h=1.953125000000000e-03  ||error||=9.221160354386249e-10
  order=4.011


===== Deallocating memory ======================================================
attempting to free the restriction and interpolation lists... done
attempting to free the     2^3 level... done
attempting to free the     4^3 level... done
attempting to free the     8^3 level... done
attempting to free the    16^3 level... done
attempting to free the    32^3 level... done
attempting to free the    64^3 level... done
attempting to free the   128^3 level... done
attempting to free the   256^3 level... done
attempting to free the   512^3 level... done


===== Done =====================================================================
