

********************************************************************************
***                            HPGMG-FV Benchmark                            ***
********************************************************************************
Requested MPI_THREAD_FUNNELED, got MPI_THREAD_FUNNELED
2 MPI Tasks of 7 threads


===== Benchmark setup ==========================================================

attempting to create a 512^3 level from 8 x 256^3 boxes distributed among 2 tasks...
  boundary condition = BC_DIRICHLET
  Decomposing level via Z-mort ordering... done
  Allocating vectors... done
  Calculating boxes per process... target=4.000, max=4
  Creating Poisson (a=0.000000, b=1.000000) test problem
  calculating D^{-1} exactly for level h=1.953125e-03 using  64 colors...  done (12.578975 seconds)

attempting to create a 256^3 level from 8 x 128^3 boxes distributed among 2 tasks...
  boundary condition = BC_DIRICHLET
  Decomposing level via Z-mort ordering... done
  Allocating vectors... done
  Calculating boxes per process... target=4.000, max=4

attempting to create a 128^3 level from 8 x 64^3 boxes distributed among 2 tasks...
  boundary condition = BC_DIRICHLET
  Decomposing level via Z-mort ordering... done
  Allocating vectors... done
  Calculating boxes per process... target=4.000, max=4

attempting to create a 64^3 level from 8 x 32^3 boxes distributed among 2 tasks...
  boundary condition = BC_DIRICHLET
  Decomposing level via Z-mort ordering... done
  Allocating vectors... done
  Calculating boxes per process... target=4.000, max=4

attempting to create a 32^3 level from 8 x 16^3 boxes distributed among 2 tasks...
  boundary condition = BC_DIRICHLET
  Decomposing level via Z-mort ordering... done
  Allocating vectors... done
  Calculating boxes per process... target=4.000, max=4

attempting to create a 16^3 level from 8 x 8^3 boxes distributed among 2 tasks...
  boundary condition = BC_DIRICHLET
  Decomposing level via Z-mort ordering... done
  Allocating vectors... done
  Calculating boxes per process... target=4.000, max=4

attempting to create a 8^3 level from 1 x 8^3 boxes distributed among 2 tasks...
  boundary condition = BC_DIRICHLET
  Decomposing level via Z-mort ordering... done
  Allocating vectors... done
  Calculating boxes per process... target=0.500, max=1

attempting to create a 4^3 level from 1 x 4^3 boxes distributed among 2 tasks...
  boundary condition = BC_DIRICHLET
  Decomposing level via Z-mort ordering... done
  Allocating vectors... done
  Calculating boxes per process... target=0.500, max=1

attempting to create a 2^3 level from 1 x 2^3 boxes distributed among 2 tasks...
  boundary condition = BC_DIRICHLET
  Decomposing level via Z-mort ordering... done
  Allocating vectors... done
  Calculating boxes per process... target=0.500, max=1

  Building restriction and interpolation lists... done

  Building MPI subcommunicator for level  1... done (0.000355 seconds)
  Building MPI subcommunicator for level  2... done (0.000308 seconds)
  Building MPI subcommunicator for level  3... done (0.000281 seconds)
  Building MPI subcommunicator for level  4... done (0.000185 seconds)
  Building MPI subcommunicator for level  5... done (0.000018 seconds)
  Building MPI subcommunicator for level  6... done (0.000024 seconds)
  Building MPI subcommunicator for level  7... done (0.000018 seconds)
  Building MPI subcommunicator for level  8... done (0.000016 seconds)

  calculating D^{-1} exactly for level h=3.906250e-03 using  64 colors...  done (1.663124 seconds)
  calculating D^{-1} exactly for level h=7.812500e-03 using  64 colors...  done (0.224667 seconds)
  calculating D^{-1} exactly for level h=1.562500e-02 using  64 colors...  done (0.035719 seconds)
  calculating D^{-1} exactly for level h=3.125000e-02 using  64 colors...  done (0.007747 seconds)
  calculating D^{-1} exactly for level h=6.250000e-02 using  64 colors...  done (0.002856 seconds)
  calculating D^{-1} exactly for level h=1.250000e-01 using  64 colors...  done (0.001442 seconds)
  calculating D^{-1} exactly for level h=2.500000e-01 using  64 colors...  done (0.000581 seconds)
  calculating D^{-1} exactly for level h=5.000000e-01 using   8 colors...  done (0.000048 seconds)



===== Warming up by running 1 solves ==========================================
FMGSolve... f-cycle     norm=4.151187824908527e-08  rel=4.153376389499612e-08  done (2.717888 seconds)


===== Running 10 solves ========================================================
FMGSolve... f-cycle     norm=4.151187824908527e-08  rel=4.153376389499612e-08  done (2.712929 seconds)
FMGSolve... f-cycle     norm=4.151187824908527e-08  rel=4.153376389499612e-08  done (2.711957 seconds)
FMGSolve... f-cycle     norm=4.151187824908527e-08  rel=4.153376389499612e-08  done (2.712331 seconds)
FMGSolve... f-cycle     norm=4.151187824908527e-08  rel=4.153376389499612e-08  done (2.712965 seconds)
FMGSolve... f-cycle     norm=4.151187824908527e-08  rel=4.153376389499612e-08  done (2.712713 seconds)
FMGSolve... f-cycle     norm=4.151187824908527e-08  rel=4.153376389499612e-08  done (2.712083 seconds)
FMGSolve... f-cycle     norm=4.151187824908527e-08  rel=4.153376389499612e-08  done (2.716393 seconds)
FMGSolve... f-cycle     norm=4.151187824908527e-08  rel=4.153376389499612e-08  done (2.713376 seconds)
FMGSolve... f-cycle     norm=4.151187824908527e-08  rel=4.153376389499612e-08  done (2.711992 seconds)
FMGSolve... f-cycle     norm=4.151187824908527e-08  rel=4.153376389499612e-08  done (2.712836 seconds)


===== Timing Breakdown =========================================================


level                                0            1            2            3            4            5            6            7            8 
level dimension                  512^3        256^3        128^3         64^3         32^3         16^3          8^3          4^3          2^3 
box dimension                    256^3        128^3         64^3         32^3         16^3          8^3          8^3          4^3          2^3        total
------------------        ------------ ------------ ------------ ------------ ------------ ------------ ------------ ------------ ------------ ------------ 
smooth                        1.517588     0.381016     0.073271     0.012961     0.002633     0.000768     0.000814     0.000165     0.000000     1.989216
  max                         1.550561     0.384281     0.073271     0.012965     0.002633     0.000776     0.000814     0.000165     0.000000     2.025467
  min                         1.517588     0.381016     0.073241     0.012961     0.002594     0.000768     0.000000     0.000000     0.000000     1.988168
residual                      0.304880     0.038990     0.007614     0.001368     0.000275     0.000069     0.000076     0.000017     0.000009     0.353298
applyOp                       0.000000     0.000000     0.000000     0.000000     0.000000     0.000000     0.000000     0.000000     0.000020     0.000020
BLAS1                         0.058809     0.001908     0.000455     0.000126     0.000048     0.000020     0.000011     0.000004     0.000040     0.061422
BLAS3                         0.000000     0.000000     0.000000     0.000000     0.000000     0.000000     0.000000     0.000000     0.000000     0.000000
Boundary Conditions           0.021346     0.011064     0.003957     0.001942     0.001119     0.000765     0.000864     0.000710     0.000157     0.041923
Restriction                   0.019222     0.003620     0.000576     0.000116     0.000043     0.000618     0.000010     0.000006     0.000000     0.024212
  local restriction           0.019220     0.003618     0.000573     0.000114     0.000042     0.000020     0.000008     0.000004     0.000000     0.023599
  pack MPI buffers            0.000000     0.000000     0.000000     0.000000     0.000000     0.000000     0.000000     0.000000     0.000000     0.000000
  unpack MPI buffers          0.000000     0.000000     0.000000     0.000000     0.000000     0.000024     0.000000     0.000000     0.000000     0.000024
  MPI_Isend                   0.000000     0.000000     0.000000     0.000000     0.000000     0.000000     0.000000     0.000000     0.000000     0.000000
  MPI_Irecv                   0.000000     0.000000     0.000000     0.000000     0.000000     0.000004     0.000000     0.000000     0.000000     0.000004
  MPI_Waitall                 0.000000     0.000000     0.000000     0.000000     0.000000     0.000568     0.000000     0.000000     0.000000     0.000568
Interpolation                 0.069413     0.011505     0.001908     0.000394     0.000095     0.000134     0.000024     0.000017     0.000000     0.083489
  local interpolation         0.069411     0.011503     0.001906     0.000393     0.000094     0.000050     0.000024     0.000014     0.000000     0.083395
  pack MPI buffers            0.000000     0.000000     0.000000     0.000000     0.000000     0.000050     0.000000     0.000000     0.000000     0.000050
  unpack MPI buffers          0.000000     0.000000     0.000000     0.000000     0.000000     0.000000     0.000000     0.000000     0.000000     0.000000
  MPI_Isend                   0.000000     0.000000     0.000000     0.000000     0.000000     0.000031     0.000000     0.000000     0.000000     0.000031
  MPI_Irecv                   0.000000     0.000000     0.000000     0.000000     0.000000     0.000000     0.000000     0.000000     0.000000     0.000000
  MPI_Waitall                 0.000000     0.000000     0.000000     0.000000     0.000000     0.000001     0.000000     0.000000     0.000000     0.000001
Ghost Zone Exchange           0.101743     0.042224     0.014161     0.005027     0.002323     0.001451     0.000008     0.000008     0.000003     0.166948
  local exchange              0.041864     0.019924     0.005639     0.002327     0.000946     0.000473     0.000000     0.000000     0.000000     0.071173
  pack MPI buffers            0.002327     0.001492     0.000741     0.000394     0.000318     0.000282     0.000000     0.000000     0.000000     0.005553
  unpack MPI buffers          0.002284     0.001534     0.000905     0.000469     0.000391     0.000319     0.000000     0.000000     0.000000     0.005901
  MPI_Isend                   0.014838     0.007233     0.002505     0.000523     0.000148     0.000055     0.000000     0.000000     0.000000     0.025302
  MPI_Irecv                   0.000032     0.000041     0.000032     0.000030     0.000012     0.000014     0.000000     0.000000     0.000000     0.000161
  MPI_Waitall                 0.040381     0.011974     0.004321     0.001261     0.000480     0.000283     0.000000     0.000000     0.000000     0.058700
MPI_collectives               0.006624     0.000000     0.000000     0.000000     0.000000     0.000000     0.000000     0.000000     0.000041     0.006665
------------------        ------------ ------------ ------------ ------------ ------------ ------------ ------------ ------------ ------------ ------------ 
Total by level                2.090729     0.486452     0.100947     0.021625     0.006439     0.003727     0.001804     0.000939     0.000256     2.712919

   Total time in MGBuild      2.015930 seconds
   Total time in MGSolve      2.712952 seconds
      number of v-cycles             1
Bottom solver iterations            16




===== Performance Summary ======================================================
  h=1.953125000000000e-03  DOF=1.342177280000000e+08  time=2.712952  DOF/s=4.947e+07  MPI=2  OMP=7


===== Richardson error analysis ================================================
FMGSolve... f-cycle     norm=4.151187824908527e-08  rel=4.153376389499612e-08  done (2.715571 seconds)
FMGSolve... f-cycle     norm=5.144231718379189e-07  rel=5.155086782761839e-07  done (0.369342 seconds)
FMGSolve... f-cycle     norm=7.454875268653183e-06  rel=7.517955872287669e-06  done (0.058841 seconds)
  h=1.953125000000000e-03  ||error||=9.221160354386249e-10
  order=4.011


===== Deallocating memory ======================================================
attempting to free the restriction and interpolation lists... done
attempting to free the     2^3 level... done
attempting to free the     4^3 level... done
attempting to free the     8^3 level... done
attempting to free the    16^3 level... done
attempting to free the    32^3 level... done
attempting to free the    64^3 level... done
attempting to free the   128^3 level... done
attempting to free the   256^3 level... done
attempting to free the   512^3 level... done


===== Done =====================================================================
