

********************************************************************************
***                            HPGMG-FV Benchmark                            ***
********************************************************************************
Requested MPI_THREAD_FUNNELED, got MPI_THREAD_FUNNELED
2 MPI Tasks of 28 threads


===== Benchmark setup ==========================================================

attempting to create a 512^3 level from 8 x 256^3 boxes distributed among 2 tasks...
  boundary condition = BC_DIRICHLET
  Decomposing level via Z-mort ordering... done
  Allocating vectors... done
  Calculating boxes per process... target=4.000, max=4
  Creating Poisson (a=0.000000, b=1.000000) test problem
  calculating D^{-1} exactly for level h=1.953125e-03 using  64 colors...  done (7.795837 seconds)

attempting to create a 256^3 level from 8 x 128^3 boxes distributed among 2 tasks...
  boundary condition = BC_DIRICHLET
  Decomposing level via Z-mort ordering... done
  Allocating vectors... done
  Calculating boxes per process... target=4.000, max=4

attempting to create a 128^3 level from 8 x 64^3 boxes distributed among 2 tasks...
  boundary condition = BC_DIRICHLET
  Decomposing level via Z-mort ordering... done
  Allocating vectors... done
  Calculating boxes per process... target=4.000, max=4

attempting to create a 64^3 level from 8 x 32^3 boxes distributed among 2 tasks...
  boundary condition = BC_DIRICHLET
  Decomposing level via Z-mort ordering... done
  Allocating vectors... done
  Calculating boxes per process... target=4.000, max=4

attempting to create a 32^3 level from 8 x 16^3 boxes distributed among 2 tasks...
  boundary condition = BC_DIRICHLET
  Decomposing level via Z-mort ordering... done
  Allocating vectors... done
  Calculating boxes per process... target=4.000, max=4

attempting to create a 16^3 level from 8 x 8^3 boxes distributed among 2 tasks...
  boundary condition = BC_DIRICHLET
  Decomposing level via Z-mort ordering... done
  Allocating vectors... done
  Calculating boxes per process... target=4.000, max=4

attempting to create a 8^3 level from 1 x 8^3 boxes distributed among 2 tasks...
  boundary condition = BC_DIRICHLET
  Decomposing level via Z-mort ordering... done
  Allocating vectors... done
  Calculating boxes per process... target=0.500, max=1

attempting to create a 4^3 level from 1 x 4^3 boxes distributed among 2 tasks...
  boundary condition = BC_DIRICHLET
  Decomposing level via Z-mort ordering... done
  Allocating vectors... done
  Calculating boxes per process... target=0.500, max=1

attempting to create a 2^3 level from 1 x 2^3 boxes distributed among 2 tasks...
  boundary condition = BC_DIRICHLET
  Decomposing level via Z-mort ordering... done
  Allocating vectors... done
  Calculating boxes per process... target=0.500, max=1

  Building restriction and interpolation lists... done

  Building MPI subcommunicator for level  1... done (0.000457 seconds)
  Building MPI subcommunicator for level  2... done (0.000318 seconds)
  Building MPI subcommunicator for level  3... done (0.000285 seconds)
  Building MPI subcommunicator for level  4... done (0.000278 seconds)
  Building MPI subcommunicator for level  5... done (0.000025 seconds)
  Building MPI subcommunicator for level  6... done (0.000037 seconds)
  Building MPI subcommunicator for level  7... done (0.000022 seconds)
  Building MPI subcommunicator for level  8... done (0.000021 seconds)

  calculating D^{-1} exactly for level h=3.906250e-03 using  64 colors...  done (1.269399 seconds)
  calculating D^{-1} exactly for level h=7.812500e-03 using  64 colors...  done (0.192704 seconds)
  calculating D^{-1} exactly for level h=1.562500e-02 using  64 colors...  done (0.028103 seconds)
  calculating D^{-1} exactly for level h=3.125000e-02 using  64 colors...  done (0.008601 seconds)
  calculating D^{-1} exactly for level h=6.250000e-02 using  64 colors...  done (0.005257 seconds)
  calculating D^{-1} exactly for level h=1.250000e-01 using  64 colors...  done (0.001695 seconds)
  calculating D^{-1} exactly for level h=2.500000e-01 using  64 colors...  done (0.001004 seconds)
  calculating D^{-1} exactly for level h=5.000000e-01 using   8 colors...  done (0.000108 seconds)



===== Warming up by running 1 solves ==========================================
FMGSolve... f-cycle     norm=4.151187824908527e-08  rel=4.153376389499612e-08  done (2.035031 seconds)


===== Running 10 solves ========================================================
FMGSolve... f-cycle     norm=4.151187824908527e-08  rel=4.153376389499612e-08  done (2.031202 seconds)
FMGSolve... f-cycle     norm=4.151187824908527e-08  rel=4.153376389499612e-08  done (2.032033 seconds)
FMGSolve... f-cycle     norm=4.151187824908527e-08  rel=4.153376389499612e-08  done (2.033184 seconds)
FMGSolve... f-cycle     norm=4.151187824908527e-08  rel=4.153376389499612e-08  done (2.027603 seconds)
FMGSolve... f-cycle     norm=4.151187824908527e-08  rel=4.153376389499612e-08  done (2.032236 seconds)
FMGSolve... f-cycle     norm=4.151187824908527e-08  rel=4.153376389499612e-08  done (2.029722 seconds)
FMGSolve... f-cycle     norm=4.151187824908527e-08  rel=4.153376389499612e-08  done (2.031600 seconds)
FMGSolve... f-cycle     norm=4.151187824908527e-08  rel=4.153376389499612e-08  done (2.033200 seconds)
FMGSolve... f-cycle     norm=4.151187824908527e-08  rel=4.153376389499612e-08  done (2.030185 seconds)
FMGSolve... f-cycle     norm=4.151187824908527e-08  rel=4.153376389499612e-08  done (2.028858 seconds)


===== Timing Breakdown =========================================================


level                                0            1            2            3            4            5            6            7            8 
level dimension                  512^3        256^3        128^3         64^3         32^3         16^3          8^3          4^3          2^3 
box dimension                    256^3        128^3         64^3         32^3         16^3          8^3          8^3          4^3          2^3        total
------------------        ------------ ------------ ------------ ------------ ------------ ------------ ------------ ------------ ------------ ------------ 
smooth                        1.109127     0.299856     0.059229     0.009625     0.002245     0.001226     0.000893     0.000190     0.000000     1.482390
  max                         1.109127     0.300108     0.059229     0.009642     0.002253     0.001226     0.000893     0.000190     0.000000     1.482667
  min                         1.107821     0.299856     0.058999     0.009625     0.002245     0.001184     0.000000     0.000000     0.000000     1.479730
residual                      0.220725     0.028557     0.005890     0.001044     0.000235     0.000105     0.000080     0.000020     0.000011     0.256668
applyOp                       0.000000     0.000000     0.000000     0.000000     0.000000     0.000000     0.000000     0.000000     0.000022     0.000022
BLAS1                         0.050872     0.001831     0.000401     0.000105     0.000069     0.000062     0.000012     0.000005     0.000040     0.053398
BLAS3                         0.000000     0.000000     0.000000     0.000000     0.000000     0.000000     0.000000     0.000000     0.000000     0.000000
Boundary Conditions           0.018142     0.009476     0.003293     0.001686     0.001188     0.001010     0.001208     0.001354     0.000470     0.037828
Restriction                   0.018033     0.003499     0.000452     0.000135     0.000080     0.000204     0.000010     0.000007     0.000000     0.022419
  local restriction           0.018031     0.003496     0.000449     0.000131     0.000079     0.000076     0.000008     0.000004     0.000000     0.022273
  pack MPI buffers            0.000000     0.000000     0.000000     0.000000     0.000000     0.000000     0.000000     0.000000     0.000000     0.000000
  unpack MPI buffers          0.000000     0.000000     0.000000     0.000000     0.000000     0.000076     0.000000     0.000000     0.000000     0.000076
  MPI_Isend                   0.000000     0.000000     0.000000     0.000000     0.000000     0.000000     0.000000     0.000000     0.000000     0.000000
  MPI_Irecv                   0.000000     0.000000     0.000000     0.000000     0.000000     0.000006     0.000000     0.000000     0.000000     0.000006
  MPI_Waitall                 0.000000     0.000000     0.000000     0.000000     0.000000     0.000041     0.000000     0.000000     0.000000     0.000041
Interpolation                 0.052951     0.009533     0.001373     0.000302     0.000139     0.000217     0.000029     0.000018     0.000000     0.064563
  local interpolation         0.052949     0.009532     0.001372     0.000300     0.000138     0.000091     0.000027     0.000016     0.000000     0.064426
  pack MPI buffers            0.000000     0.000000     0.000000     0.000000     0.000000     0.000091     0.000000     0.000000     0.000000     0.000091
  unpack MPI buffers          0.000000     0.000000     0.000000     0.000000     0.000000     0.000000     0.000000     0.000000     0.000000     0.000000
  MPI_Isend                   0.000000     0.000000     0.000000     0.000000     0.000000     0.000032     0.000000     0.000000     0.000000     0.000032
  MPI_Irecv                   0.000000     0.000000     0.000000     0.000000     0.000000     0.000000     0.000000     0.000000     0.000000     0.000000
  MPI_Waitall                 0.000000     0.000000     0.000000     0.000000     0.000000     0.000002     0.000000     0.000000     0.000000     0.000002
Ghost Zone Exchange           0.067530     0.034361     0.012675     0.005074     0.003671     0.003269     0.000009     0.000006     0.000006     0.126601
  local exchange              0.034887     0.016723     0.004800     0.002068     0.001320     0.000983     0.000000     0.000000     0.000000     0.060782
  pack MPI buffers            0.002134     0.001493     0.000702     0.000607     0.000838     0.000933     0.000000     0.000000     0.000000     0.006707
  unpack MPI buffers          0.001944     0.001432     0.001015     0.000630     0.000849     0.000960     0.000000     0.000000     0.000000     0.006831
  MPI_Isend                   0.014769     0.007315     0.002795     0.000638     0.000176     0.000072     0.000000     0.000000     0.000000     0.025765
  MPI_Irecv                   0.000029     0.000046     0.000036     0.000024     0.000012     0.000013     0.000000     0.000000     0.000000     0.000160
  MPI_Waitall                 0.013752     0.007333     0.003303     0.001084     0.000450     0.000269     0.000000     0.000000     0.000000     0.026191
MPI_collectives               0.000373     0.000000     0.000000     0.000000     0.000000     0.000000     0.000000     0.000000     0.000045     0.000418
------------------        ------------ ------------ ------------ ------------ ------------ ------------ ------------ ------------ ------------ ------------ 
Total by level                1.529116     0.383758     0.082377     0.017819     0.007589     0.005860     0.002260     0.001643     0.000523     2.030944

   Total time in MGBuild      1.584134 seconds
   Total time in MGSolve      2.030975 seconds
      number of v-cycles             1
Bottom solver iterations            16




===== Performance Summary ======================================================
  h=1.953125000000000e-03  DOF=1.342177280000000e+08  time=2.030975  DOF/s=6.609e+07  MPI=2  OMP=28


===== Richardson error analysis ================================================
FMGSolve... f-cycle     norm=4.151187824908527e-08  rel=4.153376389499612e-08  done (2.030004 seconds)
FMGSolve... f-cycle     norm=5.144231718379189e-07  rel=5.155086782761839e-07  done (0.302897 seconds)
FMGSolve... f-cycle     norm=7.454875268653183e-06  rel=7.517955872287669e-06  done (0.054377 seconds)
  h=1.953125000000000e-03  ||error||=9.221160354386249e-10
  order=4.011


===== Deallocating memory ======================================================
attempting to free the restriction and interpolation lists... done
attempting to free the     2^3 level... done
attempting to free the     4^3 level... done
attempting to free the     8^3 level... done
attempting to free the    16^3 level... done
attempting to free the    32^3 level... done
attempting to free the    64^3 level... done
attempting to free the   128^3 level... done
attempting to free the   256^3 level... done
attempting to free the   512^3 level... done


===== Done =====================================================================
