

********************************************************************************
***                            HPGMG-FV Benchmark                            ***
********************************************************************************
Requested MPI_THREAD_FUNNELED, got MPI_THREAD_FUNNELED
2 MPI Tasks of 28 threads


===== Benchmark setup ==========================================================

attempting to create a 512^3 level from 8 x 256^3 boxes distributed among 2 tasks...
  boundary condition = BC_DIRICHLET
  Decomposing level via Z-mort ordering... done
  Allocating vectors... done
  Calculating boxes per process... target=4.000, max=4
  Creating Poisson (a=0.000000, b=1.000000) test problem
  calculating D^{-1} exactly for level h=1.953125e-03 using  64 colors...  done (6.784097 seconds)

attempting to create a 256^3 level from 8 x 128^3 boxes distributed among 2 tasks...
  boundary condition = BC_DIRICHLET
  Decomposing level via Z-mort ordering... done
  Allocating vectors... done
  Calculating boxes per process... target=4.000, max=4

attempting to create a 128^3 level from 8 x 64^3 boxes distributed among 2 tasks...
  boundary condition = BC_DIRICHLET
  Decomposing level via Z-mort ordering... done
  Allocating vectors... done
  Calculating boxes per process... target=4.000, max=4

attempting to create a 64^3 level from 8 x 32^3 boxes distributed among 2 tasks...
  boundary condition = BC_DIRICHLET
  Decomposing level via Z-mort ordering... done
  Allocating vectors... done
  Calculating boxes per process... target=4.000, max=4

attempting to create a 32^3 level from 8 x 16^3 boxes distributed among 2 tasks...
  boundary condition = BC_DIRICHLET
  Decomposing level via Z-mort ordering... done
  Allocating vectors... done
  Calculating boxes per process... target=4.000, max=4

attempting to create a 16^3 level from 8 x 8^3 boxes distributed among 2 tasks...
  boundary condition = BC_DIRICHLET
  Decomposing level via Z-mort ordering... done
  Allocating vectors... done
  Calculating boxes per process... target=4.000, max=4

attempting to create a 8^3 level from 1 x 8^3 boxes distributed among 2 tasks...
  boundary condition = BC_DIRICHLET
  Decomposing level via Z-mort ordering... done
  Allocating vectors... done
  Calculating boxes per process... target=0.500, max=1

attempting to create a 4^3 level from 1 x 4^3 boxes distributed among 2 tasks...
  boundary condition = BC_DIRICHLET
  Decomposing level via Z-mort ordering... done
  Allocating vectors... done
  Calculating boxes per process... target=0.500, max=1

attempting to create a 2^3 level from 1 x 2^3 boxes distributed among 2 tasks...
  boundary condition = BC_DIRICHLET
  Decomposing level via Z-mort ordering... done
  Allocating vectors... done
  Calculating boxes per process... target=0.500, max=1

  Building restriction and interpolation lists... done

  Building MPI subcommunicator for level  1... done (0.000474 seconds)
  Building MPI subcommunicator for level  2... done (0.000091 seconds)
  Building MPI subcommunicator for level  3... done (0.000531 seconds)
  Building MPI subcommunicator for level  4... done (0.000054 seconds)
  Building MPI subcommunicator for level  5... done (0.000025 seconds)
  Building MPI subcommunicator for level  6... done (0.000027 seconds)
  Building MPI subcommunicator for level  7... done (0.000022 seconds)
  Building MPI subcommunicator for level  8... done (0.000021 seconds)

  calculating D^{-1} exactly for level h=3.906250e-03 using  64 colors...  done (1.092581 seconds)
  calculating D^{-1} exactly for level h=7.812500e-03 using  64 colors...  done (0.182735 seconds)
  calculating D^{-1} exactly for level h=1.562500e-02 using  64 colors...  done (0.025822 seconds)
  calculating D^{-1} exactly for level h=3.125000e-02 using  64 colors...  done (0.008184 seconds)
  calculating D^{-1} exactly for level h=6.250000e-02 using  64 colors...  done (0.004943 seconds)
  calculating D^{-1} exactly for level h=1.250000e-01 using  64 colors...  done (0.001645 seconds)
  calculating D^{-1} exactly for level h=2.500000e-01 using  64 colors...  done (0.000833 seconds)
  calculating D^{-1} exactly for level h=5.000000e-01 using   8 colors...  done (0.000112 seconds)



===== Warming up by running 1 solves ==========================================
FMGSolve... f-cycle     norm=4.151187824908527e-08  rel=4.153376389499612e-08  done (1.752698 seconds)


===== Running 10 solves ========================================================
FMGSolve... f-cycle     norm=4.151187824908527e-08  rel=4.153376389499612e-08  done (1.751545 seconds)
FMGSolve... f-cycle     norm=4.151187824908527e-08  rel=4.153376389499612e-08  done (1.751763 seconds)
FMGSolve... f-cycle     norm=4.151187824908527e-08  rel=4.153376389499612e-08  done (1.753566 seconds)
FMGSolve... f-cycle     norm=4.151187824908527e-08  rel=4.153376389499612e-08  done (1.753021 seconds)
FMGSolve... f-cycle     norm=4.151187824908527e-08  rel=4.153376389499612e-08  done (1.752561 seconds)
FMGSolve... f-cycle     norm=4.151187824908527e-08  rel=4.153376389499612e-08  done (1.753365 seconds)
FMGSolve... f-cycle     norm=4.151187824908527e-08  rel=4.153376389499612e-08  done (1.751608 seconds)
FMGSolve... f-cycle     norm=4.151187824908527e-08  rel=4.153376389499612e-08  done (1.755689 seconds)
FMGSolve... f-cycle     norm=4.151187824908527e-08  rel=4.153376389499612e-08  done (1.750484 seconds)
FMGSolve... f-cycle     norm=4.151187824908527e-08  rel=4.153376389499612e-08  done (1.749542 seconds)


===== Timing Breakdown =========================================================


level                                0            1            2            3            4            5            6            7            8 
level dimension                  512^3        256^3        128^3         64^3         32^3         16^3          8^3          4^3          2^3 
box dimension                    256^3        128^3         64^3         32^3         16^3          8^3          8^3          4^3          2^3        total
------------------        ------------ ------------ ------------ ------------ ------------ ------------ ------------ ------------ ------------ ------------ 
smooth                        0.943174     0.255984     0.056936     0.008746     0.002220     0.001253     0.000872     0.000181     0.000000     1.269366
  max                         0.943174     0.255984     0.056936     0.008826     0.002240     0.001260     0.000872     0.000181     0.000000     1.269472
  min                         0.932415     0.255095     0.056874     0.008746     0.002220     0.001253     0.000000     0.000000     0.000000     1.256605
residual                      0.183205     0.024592     0.005935     0.000861     0.000218     0.000111     0.000081     0.000018     0.000009     0.215029
applyOp                       0.000000     0.000000     0.000000     0.000000     0.000000     0.000000     0.000000     0.000000     0.000021     0.000021
BLAS1                         0.044728     0.001784     0.000383     0.000089     0.000056     0.000050     0.000010     0.000005     0.000041     0.047148
BLAS3                         0.000000     0.000000     0.000000     0.000000     0.000000     0.000000     0.000000     0.000000     0.000000     0.000000
Boundary Conditions           0.018327     0.009025     0.003056     0.001619     0.001131     0.000928     0.001118     0.001183     0.000411     0.036797
Restriction                   0.016464     0.003530     0.000418     0.000122     0.000076     0.000195     0.000010     0.000005     0.000000     0.020821
  local restriction           0.016463     0.003527     0.000416     0.000120     0.000073     0.000067     0.000008     0.000003     0.000000     0.020677
  pack MPI buffers            0.000000     0.000000     0.000000     0.000000     0.000000     0.000000     0.000000     0.000000     0.000000     0.000000
  unpack MPI buffers          0.000000     0.000000     0.000000     0.000000     0.000000     0.000069     0.000000     0.000000     0.000000     0.000069
  MPI_Isend                   0.000000     0.000000     0.000000     0.000000     0.000000     0.000000     0.000000     0.000000     0.000000     0.000000
  MPI_Irecv                   0.000000     0.000000     0.000000     0.000000     0.000000     0.000005     0.000000     0.000000     0.000000     0.000005
  MPI_Waitall                 0.000000     0.000000     0.000000     0.000000     0.000000     0.000050     0.000000     0.000000     0.000000     0.000050
Interpolation                 0.045374     0.008801     0.001215     0.000308     0.000142     0.000202     0.000028     0.000019     0.000000     0.056090
  local interpolation         0.045373     0.008800     0.001215     0.000306     0.000140     0.000084     0.000027     0.000017     0.000000     0.055959
  pack MPI buffers            0.000000     0.000000     0.000000     0.000000     0.000000     0.000079     0.000000     0.000000     0.000000     0.000079
  unpack MPI buffers          0.000000     0.000000     0.000000     0.000000     0.000000     0.000000     0.000000     0.000000     0.000000     0.000000
  MPI_Isend                   0.000000     0.000000     0.000000     0.000000     0.000000     0.000033     0.000000     0.000000     0.000000     0.000033
  MPI_Irecv                   0.000000     0.000000     0.000000     0.000000     0.000000     0.000000     0.000000     0.000000     0.000000     0.000000
  MPI_Waitall                 0.000000     0.000000     0.000000     0.000000     0.000000     0.000002     0.000000     0.000000     0.000000     0.000002
Ghost Zone Exchange           0.064109     0.032627     0.011469     0.004628     0.003399     0.002996     0.000008     0.000007     0.000004     0.119247
  local exchange              0.031951     0.015504     0.004074     0.001612     0.001248     0.000937     0.000000     0.000000     0.000000     0.055327
  pack MPI buffers            0.002086     0.001266     0.000652     0.000620     0.000656     0.000800     0.000000     0.000000     0.000000     0.006081
  unpack MPI buffers          0.002016     0.001388     0.001002     0.000693     0.000760     0.000831     0.000000     0.000000     0.000000     0.006691
  MPI_Isend                   0.014750     0.007306     0.002816     0.000588     0.000181     0.000073     0.000000     0.000000     0.000000     0.025712
  MPI_Irecv                   0.000034     0.000048     0.000036     0.000025     0.000009     0.000012     0.000000     0.000000     0.000000     0.000163
  MPI_Waitall                 0.013257     0.007093     0.002869     0.001065     0.000515     0.000311     0.000000     0.000000     0.000000     0.025110
MPI_collectives               0.000027     0.000000     0.000000     0.000000     0.000000     0.000000     0.000000     0.000000     0.000044     0.000071
------------------        ------------ ------------ ------------ ------------ ------------ ------------ ------------ ------------ ------------ ------------ 
Total by level                1.307654     0.333017     0.078532     0.016233     0.007228     0.005511     0.002148     0.001484     0.000470     1.752277

   Total time in MGBuild      1.389186 seconds
   Total time in MGSolve      1.752307 seconds
      number of v-cycles             1
Bottom solver iterations            16




===== Performance Summary ======================================================
  h=1.953125000000000e-03  DOF=1.342177280000000e+08  time=1.752307  DOF/s=7.659e+07  MPI=2  OMP=28


===== Richardson error analysis ================================================
FMGSolve... f-cycle     norm=4.151187824908527e-08  rel=4.153376389499612e-08  done (1.752516 seconds)
FMGSolve... f-cycle     norm=5.144231718379189e-07  rel=5.155086782761839e-07  done (0.268902 seconds)
FMGSolve... f-cycle     norm=7.454875268653183e-06  rel=7.517955872287669e-06  done (0.051025 seconds)
  h=1.953125000000000e-03  ||error||=9.221160354386249e-10
  order=4.011


===== Deallocating memory ======================================================
attempting to free the restriction and interpolation lists... done
attempting to free the     2^3 level... done
attempting to free the     4^3 level... done
attempting to free the     8^3 level... done
attempting to free the    16^3 level... done
attempting to free the    32^3 level... done
attempting to free the    64^3 level... done
attempting to free the   128^3 level... done
attempting to free the   256^3 level... done
attempting to free the   512^3 level... done


===== Done =====================================================================
