

********************************************************************************
***                            HPGMG-FV Benchmark                            ***
********************************************************************************
Requested MPI_THREAD_FUNNELED, got MPI_THREAD_FUNNELED
2 MPI Tasks of 28 threads


===== Benchmark setup ==========================================================

attempting to create a 512^3 level from 8 x 256^3 boxes distributed among 2 tasks...
  boundary condition = BC_DIRICHLET
  Decomposing level via Z-mort ordering... done
  Allocating vectors... done
  Calculating boxes per process... target=4.000, max=4
  Creating Poisson (a=0.000000, b=1.000000) test problem
  calculating D^{-1} exactly for level h=1.953125e-03 using  64 colors...  done (6.069456 seconds)

attempting to create a 256^3 level from 8 x 128^3 boxes distributed among 2 tasks...
  boundary condition = BC_DIRICHLET
  Decomposing level via Z-mort ordering... done
  Allocating vectors... done
  Calculating boxes per process... target=4.000, max=4

attempting to create a 128^3 level from 8 x 64^3 boxes distributed among 2 tasks...
  boundary condition = BC_DIRICHLET
  Decomposing level via Z-mort ordering... done
  Allocating vectors... done
  Calculating boxes per process... target=4.000, max=4

attempting to create a 64^3 level from 8 x 32^3 boxes distributed among 2 tasks...
  boundary condition = BC_DIRICHLET
  Decomposing level via Z-mort ordering... done
  Allocating vectors... done
  Calculating boxes per process... target=4.000, max=4

attempting to create a 32^3 level from 8 x 16^3 boxes distributed among 2 tasks...
  boundary condition = BC_DIRICHLET
  Decomposing level via Z-mort ordering... done
  Allocating vectors... done
  Calculating boxes per process... target=4.000, max=4

attempting to create a 16^3 level from 8 x 8^3 boxes distributed among 2 tasks...
  boundary condition = BC_DIRICHLET
  Decomposing level via Z-mort ordering... done
  Allocating vectors... done
  Calculating boxes per process... target=4.000, max=4

attempting to create a 8^3 level from 1 x 8^3 boxes distributed among 2 tasks...
  boundary condition = BC_DIRICHLET
  Decomposing level via Z-mort ordering... done
  Allocating vectors... done
  Calculating boxes per process... target=0.500, max=1

attempting to create a 4^3 level from 1 x 4^3 boxes distributed among 2 tasks...
  boundary condition = BC_DIRICHLET
  Decomposing level via Z-mort ordering... done
  Allocating vectors... done
  Calculating boxes per process... target=0.500, max=1

attempting to create a 2^3 level from 1 x 2^3 boxes distributed among 2 tasks...
  boundary condition = BC_DIRICHLET
  Decomposing level via Z-mort ordering... done
  Allocating vectors... done
  Calculating boxes per process... target=0.500, max=1

  Building restriction and interpolation lists... done

  Building MPI subcommunicator for level  1... done (0.000472 seconds)
  Building MPI subcommunicator for level  2... done (0.000323 seconds)
  Building MPI subcommunicator for level  3... done (0.000300 seconds)
  Building MPI subcommunicator for level  4... done (0.000280 seconds)
  Building MPI subcommunicator for level  5... done (0.000026 seconds)
  Building MPI subcommunicator for level  6... done (0.000027 seconds)
  Building MPI subcommunicator for level  7... done (0.000022 seconds)
  Building MPI subcommunicator for level  8... done (0.000021 seconds)

  calculating D^{-1} exactly for level h=3.906250e-03 using  64 colors...  done (0.901447 seconds)
  calculating D^{-1} exactly for level h=7.812500e-03 using  64 colors...  done (0.128398 seconds)
  calculating D^{-1} exactly for level h=1.562500e-02 using  64 colors...  done (0.021624 seconds)
  calculating D^{-1} exactly for level h=3.125000e-02 using  64 colors...  done (0.007596 seconds)
  calculating D^{-1} exactly for level h=6.250000e-02 using  64 colors...  done (0.004428 seconds)
  calculating D^{-1} exactly for level h=1.250000e-01 using  64 colors...  done (0.001513 seconds)
  calculating D^{-1} exactly for level h=2.500000e-01 using  64 colors...  done (0.000654 seconds)
  calculating D^{-1} exactly for level h=5.000000e-01 using   8 colors...  done (0.000086 seconds)



===== Warming up by running 1 solves ==========================================
FMGSolve... f-cycle     norm=4.151187824908527e-08  rel=4.153376389499612e-08  done (1.522257 seconds)


===== Running 10 solves ========================================================
FMGSolve... f-cycle     norm=4.151187824908527e-08  rel=4.153376389499612e-08  done (1.519595 seconds)
FMGSolve... f-cycle     norm=4.151187824908527e-08  rel=4.153376389499612e-08  done (1.517867 seconds)
FMGSolve... f-cycle     norm=4.151187824908527e-08  rel=4.153376389499612e-08  done (1.518112 seconds)
FMGSolve... f-cycle     norm=4.151187824908527e-08  rel=4.153376389499612e-08  done (1.518141 seconds)
FMGSolve... f-cycle     norm=4.151187824908527e-08  rel=4.153376389499612e-08  done (1.520843 seconds)
FMGSolve... f-cycle     norm=4.151187824908527e-08  rel=4.153376389499612e-08  done (1.518313 seconds)
FMGSolve... f-cycle     norm=4.151187824908527e-08  rel=4.153376389499612e-08  done (1.517773 seconds)
FMGSolve... f-cycle     norm=4.151187824908527e-08  rel=4.153376389499612e-08  done (1.518900 seconds)
FMGSolve... f-cycle     norm=4.151187824908527e-08  rel=4.153376389499612e-08  done (1.517658 seconds)
FMGSolve... f-cycle     norm=4.151187824908527e-08  rel=4.153376389499612e-08  done (1.517828 seconds)


===== Timing Breakdown =========================================================


level                                0            1            2            3            4            5            6            7            8 
level dimension                  512^3        256^3        128^3         64^3         32^3         16^3          8^3          4^3          2^3 
box dimension                    256^3        128^3         64^3         32^3         16^3          8^3          8^3          4^3          2^3        total
------------------        ------------ ------------ ------------ ------------ ------------ ------------ ------------ ------------ ------------ ------------ 
smooth                        0.833031     0.212317     0.039221     0.006978     0.002093     0.001219     0.000857     0.000181     0.000000     1.095898
  max                         0.841463     0.212317     0.039221     0.006978     0.002093     0.001219     0.000857     0.000181     0.000000     1.104330
  min                         0.833031     0.210617     0.039111     0.006948     0.002066     0.001209     0.000000     0.000000     0.000000     1.092982
residual                      0.157754     0.020505     0.004002     0.000723     0.000210     0.000106     0.000078     0.000018     0.000009     0.183406
applyOp                       0.000000     0.000000     0.000000     0.000000     0.000000     0.000000     0.000000     0.000000     0.000021     0.000021
BLAS1                         0.041032     0.001493     0.000309     0.000089     0.000053     0.000049     0.000011     0.000004     0.000041     0.043081
BLAS3                         0.000000     0.000000     0.000000     0.000000     0.000000     0.000000     0.000000     0.000000     0.000000     0.000000
Boundary Conditions           0.015154     0.007228     0.002621     0.001386     0.001026     0.000860     0.000902     0.000879     0.000341     0.030398
Restriction                   0.015357     0.002955     0.000382     0.000126     0.000066     0.000154     0.000009     0.000005     0.000000     0.019055
  local restriction           0.015355     0.002953     0.000378     0.000124     0.000064     0.000061     0.000007     0.000003     0.000000     0.018946
  pack MPI buffers            0.000000     0.000000     0.000000     0.000000     0.000000     0.000000     0.000000     0.000000     0.000000     0.000000
  unpack MPI buffers          0.000000     0.000000     0.000000     0.000000     0.000000     0.000060     0.000000     0.000000     0.000000     0.000060
  MPI_Isend                   0.000000     0.000000     0.000000     0.000000     0.000000     0.000000     0.000000     0.000000     0.000000     0.000000
  MPI_Irecv                   0.000000     0.000000     0.000000     0.000000     0.000000     0.000005     0.000000     0.000000     0.000000     0.000005
  MPI_Waitall                 0.000000     0.000000     0.000000     0.000000     0.000000     0.000027     0.000000     0.000000     0.000000     0.000027
Interpolation                 0.039895     0.006831     0.001018     0.000303     0.000135     0.000182     0.000027     0.000018     0.000000     0.048409
  local interpolation         0.039894     0.006830     0.001017     0.000302     0.000134     0.000075     0.000026     0.000015     0.000000     0.048292
  pack MPI buffers            0.000000     0.000000     0.000000     0.000000     0.000000     0.000072     0.000000     0.000000     0.000000     0.000072
  unpack MPI buffers          0.000000     0.000000     0.000000     0.000000     0.000000     0.000000     0.000000     0.000000     0.000000     0.000000
  MPI_Isend                   0.000000     0.000000     0.000000     0.000000     0.000000     0.000032     0.000000     0.000000     0.000000     0.000032
  MPI_Irecv                   0.000000     0.000000     0.000000     0.000000     0.000000     0.000000     0.000000     0.000000     0.000000     0.000000
  MPI_Waitall                 0.000000     0.000000     0.000000     0.000000     0.000000     0.000001     0.000000     0.000000     0.000000     0.000001
Ghost Zone Exchange           0.056688     0.029943     0.010692     0.004578     0.003083     0.002536     0.000007     0.000007     0.000004     0.107538
  local exchange              0.022717     0.011111     0.003414     0.001702     0.001233     0.000852     0.000000     0.000000     0.000000     0.041029
  pack MPI buffers            0.001769     0.001220     0.000679     0.000579     0.000570     0.000664     0.000000     0.000000     0.000000     0.005481
  unpack MPI buffers          0.001789     0.001355     0.000985     0.000654     0.000650     0.000683     0.000000     0.000000     0.000000     0.006116
  MPI_Isend                   0.014784     0.007451     0.002757     0.000583     0.000171     0.000065     0.000000     0.000000     0.000000     0.025811
  MPI_Irecv                   0.000033     0.000049     0.000032     0.000021     0.000013     0.000012     0.000000     0.000000     0.000000     0.000161
  MPI_Waitall                 0.015583     0.008738     0.002806     0.001022     0.000425     0.000231     0.000000     0.000000     0.000000     0.028804
MPI_collectives               0.002210     0.000000     0.000000     0.000000     0.000000     0.000000     0.000000     0.000000     0.000044     0.002254
------------------        ------------ ------------ ------------ ------------ ------------ ------------ ------------ ------------ ------------ ------------ 
Total by level                1.153388     0.278518     0.057538     0.014032     0.006624     0.004909     0.001897     0.001145     0.000414     1.518465

   Total time in MGBuild      1.129882 seconds
   Total time in MGSolve      1.518496 seconds
      number of v-cycles             1
Bottom solver iterations            16




===== Performance Summary ======================================================
  h=1.953125000000000e-03  DOF=1.342177280000000e+08  time=1.518496  DOF/s=8.839e+07  MPI=2  OMP=28


===== Richardson error analysis ================================================
FMGSolve... f-cycle     norm=4.151187824908527e-08  rel=4.153376389499612e-08  done (1.517890 seconds)
FMGSolve... f-cycle     norm=5.144231718379189e-07  rel=5.155086782761839e-07  done (0.220122 seconds)
FMGSolve... f-cycle     norm=7.454875268653183e-06  rel=7.517955872287669e-06  done (0.040757 seconds)
  h=1.953125000000000e-03  ||error||=9.221160354386249e-10
  order=4.011


===== Deallocating memory ======================================================
attempting to free the restriction and interpolation lists... done
attempting to free the     2^3 level... done
attempting to free the     4^3 level... done
attempting to free the     8^3 level... done
attempting to free the    16^3 level... done
attempting to free the    32^3 level... done
attempting to free the    64^3 level... done
attempting to free the   128^3 level... done
attempting to free the   256^3 level... done
attempting to free the   512^3 level... done


===== Done =====================================================================
