

********************************************************************************
***                            HPGMG-FV Benchmark                            ***
********************************************************************************
Requested MPI_THREAD_FUNNELED, got MPI_THREAD_FUNNELED
2 MPI Tasks of 28 threads


===== Benchmark setup ==========================================================

attempting to create a 512^3 level from 8 x 256^3 boxes distributed among 2 tasks...
  boundary condition = BC_DIRICHLET
  Decomposing level via Z-mort ordering... done
  Allocating vectors... done
  Calculating boxes per process... target=4.000, max=4
  Creating Poisson (a=0.000000, b=1.000000) test problem
  calculating D^{-1} exactly for level h=1.953125e-03 using  64 colors...  done (5.824825 seconds)

attempting to create a 256^3 level from 8 x 128^3 boxes distributed among 2 tasks...
  boundary condition = BC_DIRICHLET
  Decomposing level via Z-mort ordering... done
  Allocating vectors... done
  Calculating boxes per process... target=4.000, max=4

attempting to create a 128^3 level from 8 x 64^3 boxes distributed among 2 tasks...
  boundary condition = BC_DIRICHLET
  Decomposing level via Z-mort ordering... done
  Allocating vectors... done
  Calculating boxes per process... target=4.000, max=4

attempting to create a 64^3 level from 8 x 32^3 boxes distributed among 2 tasks...
  boundary condition = BC_DIRICHLET
  Decomposing level via Z-mort ordering... done
  Allocating vectors... done
  Calculating boxes per process... target=4.000, max=4

attempting to create a 32^3 level from 8 x 16^3 boxes distributed among 2 tasks...
  boundary condition = BC_DIRICHLET
  Decomposing level via Z-mort ordering... done
  Allocating vectors... done
  Calculating boxes per process... target=4.000, max=4

attempting to create a 16^3 level from 8 x 8^3 boxes distributed among 2 tasks...
  boundary condition = BC_DIRICHLET
  Decomposing level via Z-mort ordering... done
  Allocating vectors... done
  Calculating boxes per process... target=4.000, max=4

attempting to create a 8^3 level from 1 x 8^3 boxes distributed among 2 tasks...
  boundary condition = BC_DIRICHLET
  Decomposing level via Z-mort ordering... done
  Allocating vectors... done
  Calculating boxes per process... target=0.500, max=1

attempting to create a 4^3 level from 1 x 4^3 boxes distributed among 2 tasks...
  boundary condition = BC_DIRICHLET
  Decomposing level via Z-mort ordering... done
  Allocating vectors... done
  Calculating boxes per process... target=0.500, max=1

attempting to create a 2^3 level from 1 x 2^3 boxes distributed among 2 tasks...
  boundary condition = BC_DIRICHLET
  Decomposing level via Z-mort ordering... done
  Allocating vectors... done
  Calculating boxes per process... target=0.500, max=1

  Building restriction and interpolation lists... done

  Building MPI subcommunicator for level  1... done (0.000483 seconds)
  Building MPI subcommunicator for level  2... done (0.000326 seconds)
  Building MPI subcommunicator for level  3... done (0.000340 seconds)
  Building MPI subcommunicator for level  4... done (0.000065 seconds)
  Building MPI subcommunicator for level  5... done (0.000027 seconds)
  Building MPI subcommunicator for level  6... done (0.000029 seconds)
  Building MPI subcommunicator for level  7... done (0.000022 seconds)
  Building MPI subcommunicator for level  8... done (0.000021 seconds)

  calculating D^{-1} exactly for level h=3.906250e-03 using  64 colors...  done (0.872745 seconds)
  calculating D^{-1} exactly for level h=7.812500e-03 using  64 colors...  done (0.130121 seconds)
  calculating D^{-1} exactly for level h=1.562500e-02 using  64 colors...  done (0.023225 seconds)
  calculating D^{-1} exactly for level h=3.125000e-02 using  64 colors...  done (0.009729 seconds)
  calculating D^{-1} exactly for level h=6.250000e-02 using  64 colors...  done (0.007113 seconds)
  calculating D^{-1} exactly for level h=1.250000e-01 using  64 colors...  done (0.001933 seconds)
  calculating D^{-1} exactly for level h=2.500000e-01 using  64 colors...  done (0.001340 seconds)
  calculating D^{-1} exactly for level h=5.000000e-01 using   8 colors...  done (0.000148 seconds)



===== Warming up by running 1 solves ==========================================
FMGSolve... f-cycle     norm=4.151187824908527e-08  rel=4.153376389499612e-08  done (1.453939 seconds)


===== Running 10 solves ========================================================
FMGSolve... f-cycle     norm=4.151187824908527e-08  rel=4.153376389499612e-08  done (1.454478 seconds)
FMGSolve... f-cycle     norm=4.151187824908527e-08  rel=4.153376389499612e-08  done (1.452568 seconds)
FMGSolve... f-cycle     norm=4.151187824908527e-08  rel=4.153376389499612e-08  done (1.453569 seconds)
FMGSolve... f-cycle     norm=4.151187824908527e-08  rel=4.153376389499612e-08  done (1.455770 seconds)
FMGSolve... f-cycle     norm=4.151187824908527e-08  rel=4.153376389499612e-08  done (1.454113 seconds)
FMGSolve... f-cycle     norm=4.151187824908527e-08  rel=4.153376389499612e-08  done (1.452491 seconds)
FMGSolve... f-cycle     norm=4.151187824908527e-08  rel=4.153376389499612e-08  done (1.454860 seconds)
FMGSolve... f-cycle     norm=4.151187824908527e-08  rel=4.153376389499612e-08  done (1.452851 seconds)
FMGSolve... f-cycle     norm=4.151187824908527e-08  rel=4.153376389499612e-08  done (1.451817 seconds)
FMGSolve... f-cycle     norm=4.151187824908527e-08  rel=4.153376389499612e-08  done (1.452214 seconds)


===== Timing Breakdown =========================================================


level                                0            1            2            3            4            5            6            7            8 
level dimension                  512^3        256^3        128^3         64^3         32^3         16^3          8^3          4^3          2^3 
box dimension                    256^3        128^3         64^3         32^3         16^3          8^3          8^3          4^3          2^3        total
------------------        ------------ ------------ ------------ ------------ ------------ ------------ ------------ ------------ ------------ ------------ 
smooth                        0.779562     0.204158     0.039544     0.007028     0.002146     0.001232     0.000910     0.000188     0.000000     1.034768
  max                         0.782956     0.204158     0.039544     0.007087     0.002235     0.001266     0.000910     0.000188     0.000000     1.038344
  min                         0.779562     0.203949     0.039485     0.007028     0.002146     0.001232     0.000000     0.000000     0.000000     1.033402
residual                      0.147153     0.020130     0.004052     0.000737     0.000216     0.000101     0.000080     0.000019     0.000010     0.172498
applyOp                       0.000000     0.000000     0.000000     0.000000     0.000000     0.000000     0.000000     0.000000     0.000022     0.000022
BLAS1                         0.040741     0.001517     0.000308     0.000091     0.000077     0.000084     0.000012     0.000005     0.000042     0.042875
BLAS3                         0.000000     0.000000     0.000000     0.000000     0.000000     0.000000     0.000000     0.000000     0.000000     0.000000
Boundary Conditions           0.015486     0.007389     0.002850     0.001522     0.001183     0.001430     0.001586     0.001893     0.000706     0.034046
Restriction                   0.015233     0.002973     0.000397     0.000140     0.000107     0.000320     0.000010     0.000005     0.000000     0.019183
  local restriction           0.015230     0.002970     0.000394     0.000137     0.000105     0.000118     0.000007     0.000003     0.000000     0.018965
  pack MPI buffers            0.000000     0.000000     0.000000     0.000000     0.000000     0.000000     0.000000     0.000000     0.000000     0.000000
  unpack MPI buffers          0.000000     0.000000     0.000000     0.000000     0.000000     0.000117     0.000000     0.000000     0.000000     0.000117
  MPI_Isend                   0.000000     0.000000     0.000000     0.000000     0.000000     0.000000     0.000000     0.000000     0.000000     0.000000
  MPI_Irecv                   0.000000     0.000000     0.000000     0.000000     0.000000     0.000005     0.000000     0.000000     0.000000     0.000005
  MPI_Waitall                 0.000000     0.000000     0.000000     0.000000     0.000000     0.000076     0.000000     0.000000     0.000000     0.000076
Interpolation                 0.038570     0.006857     0.001027     0.000314     0.000132     0.000280     0.000028     0.000020     0.000000     0.047229
  local interpolation         0.038568     0.006855     0.001026     0.000314     0.000130     0.000124     0.000027     0.000017     0.000000     0.047060
  pack MPI buffers            0.000000     0.000000     0.000000     0.000000     0.000000     0.000119     0.000000     0.000000     0.000000     0.000119
  unpack MPI buffers          0.000000     0.000000     0.000000     0.000000     0.000000     0.000000     0.000000     0.000000     0.000000     0.000000
  MPI_Isend                   0.000000     0.000000     0.000000     0.000000     0.000000     0.000033     0.000000     0.000000     0.000000     0.000033
  MPI_Irecv                   0.000000     0.000000     0.000000     0.000000     0.000000     0.000000     0.000000     0.000000     0.000000     0.000000
  MPI_Waitall                 0.000000     0.000000     0.000000     0.000000     0.000000     0.000002     0.000000     0.000000     0.000000     0.000002
Ghost Zone Exchange           0.055793     0.030189     0.011996     0.005561     0.004603     0.004752     0.000008     0.000007     0.000004     0.112914
  local exchange              0.022583     0.011303     0.003507     0.001555     0.001203     0.001397     0.000000     0.000000     0.000000     0.041548
  pack MPI buffers            0.001858     0.001236     0.000701     0.000932     0.001197     0.001404     0.000000     0.000000     0.000000     0.007327
  unpack MPI buffers          0.001846     0.001418     0.001221     0.000936     0.001222     0.001440     0.000000     0.000000     0.000000     0.008083
  MPI_Isend                   0.015148     0.007641     0.003062     0.000617     0.000182     0.000072     0.000000     0.000000     0.000000     0.026722
  MPI_Irecv                   0.000035     0.000057     0.000048     0.000020     0.000010     0.000014     0.000000     0.000000     0.000000     0.000185
  MPI_Waitall                 0.014307     0.008511     0.003435     0.001480     0.000756     0.000388     0.000000     0.000000     0.000000     0.028878
MPI_collectives               0.001369     0.000000     0.000000     0.000000     0.000000     0.000000     0.000000     0.000000     0.000045     0.001413
------------------        ------------ ------------ ------------ ------------ ------------ ------------ ------------ ------------ ------------ ------------ 
Total by level                1.086268     0.270490     0.059465     0.015295     0.008527     0.007834     0.002663     0.002179     0.000708     1.453431

   Total time in MGBuild      1.115079 seconds
   Total time in MGSolve      1.453464 seconds
      number of v-cycles             1
Bottom solver iterations            16




===== Performance Summary ======================================================
  h=1.953125000000000e-03  DOF=1.342177280000000e+08  time=1.453464  DOF/s=9.234e+07  MPI=2  OMP=28


===== Richardson error analysis ================================================
FMGSolve... f-cycle     norm=4.151187824908527e-08  rel=4.153376389499612e-08  done (1.460278 seconds)
FMGSolve... f-cycle     norm=5.144231718379189e-07  rel=5.155086782761839e-07  done (0.223993 seconds)
FMGSolve... f-cycle     norm=7.454875268653183e-06  rel=7.517955872287669e-06  done (0.046558 seconds)
  h=1.953125000000000e-03  ||error||=9.221160354386249e-10
  order=4.011


===== Deallocating memory ======================================================
attempting to free the restriction and interpolation lists... done
attempting to free the     2^3 level... done
attempting to free the     4^3 level... done
attempting to free the     8^3 level... done
attempting to free the    16^3 level... done
attempting to free the    32^3 level... done
attempting to free the    64^3 level... done
attempting to free the   128^3 level... done
attempting to free the   256^3 level... done
attempting to free the   512^3 level... done


===== Done =====================================================================
