

********************************************************************************
***                            HPGMG-FV Benchmark                            ***
********************************************************************************
Requested MPI_THREAD_FUNNELED, got MPI_THREAD_FUNNELED
2 MPI Tasks of 28 threads


===== Benchmark setup ==========================================================

attempting to create a 512^3 level from 8 x 256^3 boxes distributed among 2 tasks...
  boundary condition = BC_DIRICHLET
  Decomposing level via Z-mort ordering... done
  Allocating vectors... done
  Calculating boxes per process... target=4.000, max=4
  Creating Poisson (a=0.000000, b=1.000000) test problem
  calculating D^{-1} exactly for level h=1.953125e-03 using  64 colors...  done (5.319126 seconds)

attempting to create a 256^3 level from 8 x 128^3 boxes distributed among 2 tasks...
  boundary condition = BC_DIRICHLET
  Decomposing level via Z-mort ordering... done
  Allocating vectors... done
  Calculating boxes per process... target=4.000, max=4

attempting to create a 128^3 level from 8 x 64^3 boxes distributed among 2 tasks...
  boundary condition = BC_DIRICHLET
  Decomposing level via Z-mort ordering... done
  Allocating vectors... done
  Calculating boxes per process... target=4.000, max=4

attempting to create a 64^3 level from 8 x 32^3 boxes distributed among 2 tasks...
  boundary condition = BC_DIRICHLET
  Decomposing level via Z-mort ordering... done
  Allocating vectors... done
  Calculating boxes per process... target=4.000, max=4

attempting to create a 32^3 level from 8 x 16^3 boxes distributed among 2 tasks...
  boundary condition = BC_DIRICHLET
  Decomposing level via Z-mort ordering... done
  Allocating vectors... done
  Calculating boxes per process... target=4.000, max=4

attempting to create a 16^3 level from 8 x 8^3 boxes distributed among 2 tasks...
  boundary condition = BC_DIRICHLET
  Decomposing level via Z-mort ordering... done
  Allocating vectors... done
  Calculating boxes per process... target=4.000, max=4

attempting to create a 8^3 level from 1 x 8^3 boxes distributed among 2 tasks...
  boundary condition = BC_DIRICHLET
  Decomposing level via Z-mort ordering... done
  Allocating vectors... done
  Calculating boxes per process... target=0.500, max=1

attempting to create a 4^3 level from 1 x 4^3 boxes distributed among 2 tasks...
  boundary condition = BC_DIRICHLET
  Decomposing level via Z-mort ordering... done
  Allocating vectors... done
  Calculating boxes per process... target=0.500, max=1

attempting to create a 2^3 level from 1 x 2^3 boxes distributed among 2 tasks...
  boundary condition = BC_DIRICHLET
  Decomposing level via Z-mort ordering... done
  Allocating vectors... done
  Calculating boxes per process... target=0.500, max=1

  Building restriction and interpolation lists... done

  Building MPI subcommunicator for level  1... done (0.000521 seconds)
  Building MPI subcommunicator for level  2... done (0.000088 seconds)
  Building MPI subcommunicator for level  3... done (0.000325 seconds)
  Building MPI subcommunicator for level  4... done (0.000363 seconds)
  Building MPI subcommunicator for level  5... done (0.000071 seconds)
  Building MPI subcommunicator for level  6... done (0.000030 seconds)
  Building MPI subcommunicator for level  7... done (0.000022 seconds)
  Building MPI subcommunicator for level  8... done (0.000021 seconds)

  calculating D^{-1} exactly for level h=3.906250e-03 using  64 colors...  done (0.808307 seconds)
  calculating D^{-1} exactly for level h=7.812500e-03 using  64 colors...  done (0.129154 seconds)
  calculating D^{-1} exactly for level h=1.562500e-02 using  64 colors...  done (0.022760 seconds)
  calculating D^{-1} exactly for level h=3.125000e-02 using  64 colors...  done (0.008425 seconds)
  calculating D^{-1} exactly for level h=6.250000e-02 using  64 colors...  done (0.006827 seconds)
  calculating D^{-1} exactly for level h=1.250000e-01 using  64 colors...  done (0.001960 seconds)
  calculating D^{-1} exactly for level h=2.500000e-01 using  64 colors...  done (0.001253 seconds)
  calculating D^{-1} exactly for level h=5.000000e-01 using   8 colors...  done (0.000156 seconds)



===== Warming up by running 1 solves ==========================================
FMGSolve... f-cycle     norm=4.151187824908527e-08  rel=4.153376389499612e-08  done (1.345920 seconds)


===== Running 10 solves ========================================================
FMGSolve... f-cycle     norm=4.151187824908527e-08  rel=4.153376389499612e-08  done (1.340674 seconds)
FMGSolve... f-cycle     norm=4.151187824908527e-08  rel=4.153376389499612e-08  done (1.347170 seconds)
FMGSolve... f-cycle     norm=4.151187824908527e-08  rel=4.153376389499612e-08  done (1.346665 seconds)
FMGSolve... f-cycle     norm=4.151187824908527e-08  rel=4.153376389499612e-08  done (1.340663 seconds)
FMGSolve... f-cycle     norm=4.151187824908527e-08  rel=4.153376389499612e-08  done (1.339279 seconds)
FMGSolve... f-cycle     norm=4.151187824908527e-08  rel=4.153376389499612e-08  done (1.339705 seconds)
FMGSolve... f-cycle     norm=4.151187824908527e-08  rel=4.153376389499612e-08  done (1.427106 seconds)
FMGSolve... f-cycle     norm=4.151187824908527e-08  rel=4.153376389499612e-08  done (1.343705 seconds)
FMGSolve... f-cycle     norm=4.151187824908527e-08  rel=4.153376389499612e-08  done (1.344902 seconds)
FMGSolve... f-cycle     norm=4.151187824908527e-08  rel=4.153376389499612e-08  done (1.343277 seconds)


===== Timing Breakdown =========================================================


level                                0            1            2            3            4            5            6            7            8 
level dimension                  512^3        256^3        128^3         64^3         32^3         16^3          8^3          4^3          2^3 
box dimension                    256^3        128^3         64^3         32^3         16^3          8^3          8^3          4^3          2^3        total
------------------        ------------ ------------ ------------ ------------ ------------ ------------ ------------ ------------ ------------ ------------ 
smooth                        0.717339     0.185605     0.038711     0.006855     0.001668     0.001243     0.000912     0.000198     0.000000     0.952532
  max                         0.717339     0.187148     0.039054     0.006856     0.001668     0.001262     0.000912     0.000198     0.000000     0.954438
  min                         0.717179     0.185605     0.038711     0.006855     0.001565     0.001243     0.000000     0.000000     0.000000     0.951158
residual                      0.130204     0.017936     0.003973     0.000721     0.000162     0.000108     0.000083     0.000019     0.000010     0.153216
applyOp                       0.000000     0.000000     0.000000     0.000000     0.000000     0.000000     0.000000     0.000000     0.000020     0.000020
BLAS1                         0.039469     0.001491     0.000305     0.000080     0.000070     0.000083     0.000012     0.000005     0.000041     0.041557
BLAS3                         0.000000     0.000000     0.000000     0.000000     0.000000     0.000000     0.000000     0.000000     0.000000     0.000000
Boundary Conditions           0.015190     0.007136     0.002800     0.001551     0.001254     0.001416     0.001587     0.001841     0.000698     0.033473
Restriction                   0.014478     0.002915     0.000406     0.000117     0.000104     0.000425     0.000010     0.000006     0.000000     0.018460
  local restriction           0.014476     0.002912     0.000402     0.000114     0.000101     0.000118     0.000008     0.000003     0.000000     0.018137
  pack MPI buffers            0.000000     0.000000     0.000000     0.000000     0.000000     0.000000     0.000000     0.000000     0.000000     0.000000
  unpack MPI buffers          0.000000     0.000000     0.000000     0.000000     0.000000     0.000113     0.000000     0.000000     0.000000     0.000113
  MPI_Isend                   0.000000     0.000000     0.000000     0.000000     0.000000     0.000000     0.000000     0.000000     0.000000     0.000000
  MPI_Irecv                   0.000000     0.000000     0.000000     0.000000     0.000000     0.000005     0.000000     0.000000     0.000000     0.000005
  MPI_Waitall                 0.000000     0.000000     0.000000     0.000000     0.000000     0.000185     0.000000     0.000000     0.000000     0.000185
Interpolation                 0.034868     0.006723     0.001021     0.000206     0.000137     0.000274     0.000029     0.000020     0.000000     0.043278
  local interpolation         0.034867     0.006721     0.001019     0.000205     0.000136     0.000121     0.000027     0.000018     0.000000     0.043115
  pack MPI buffers            0.000000     0.000000     0.000000     0.000000     0.000000     0.000116     0.000000     0.000000     0.000000     0.000116
  unpack MPI buffers          0.000000     0.000000     0.000000     0.000000     0.000000     0.000000     0.000000     0.000000     0.000000     0.000000
  MPI_Isend                   0.000000     0.000000     0.000000     0.000000     0.000000     0.000034     0.000000     0.000000     0.000000     0.000034
  MPI_Irecv                   0.000000     0.000000     0.000000     0.000000     0.000000     0.000000     0.000000     0.000000     0.000000     0.000000
  MPI_Waitall                 0.000000     0.000000     0.000000     0.000000     0.000000     0.000001     0.000000     0.000000     0.000000     0.000001
Ghost Zone Exchange           0.060416     0.032652     0.012350     0.005412     0.004362     0.004578     0.000011     0.000008     0.000004     0.119793
  local exchange              0.022429     0.011047     0.003231     0.001607     0.001247     0.001366     0.000000     0.000000     0.000000     0.040927
  pack MPI buffers            0.001759     0.001157     0.000851     0.000968     0.001182     0.001384     0.000000     0.000000     0.000000     0.007300
  unpack MPI buffers          0.001782     0.001369     0.001167     0.001017     0.001225     0.001422     0.000000     0.000000     0.000000     0.007982
  MPI_Isend                   0.015223     0.007992     0.003540     0.000676     0.000191     0.000073     0.000000     0.000000     0.000000     0.027695
  MPI_Irecv                   0.000032     0.000051     0.000045     0.000021     0.000010     0.000013     0.000000     0.000000     0.000000     0.000171
  MPI_Waitall                 0.019180     0.011016     0.003496     0.001104     0.000477     0.000284     0.000000     0.000000     0.000000     0.035557
MPI_collectives               0.000182     0.000000     0.000000     0.000000     0.000000     0.000000     0.000000     0.000000     0.000051     0.000232
------------------        ------------ ------------ ------------ ------------ ------------ ------------ ------------ ------------ ------------ ------------ 
Total by level                1.004907     0.251581     0.058833     0.014839     0.007831     0.007767     0.002681     0.002129     0.000707     1.351275

   Total time in MGBuild      1.046864 seconds
   Total time in MGSolve      1.351306 seconds
      number of v-cycles             1
Bottom solver iterations            16




===== Performance Summary ======================================================
  h=1.953125000000000e-03  DOF=1.342177280000000e+08  time=1.351306  DOF/s=9.932e+07  MPI=2  OMP=28


===== Richardson error analysis ================================================
FMGSolve... f-cycle     norm=4.151187824908527e-08  rel=4.153376389499612e-08  done (1.343979 seconds)
FMGSolve... f-cycle     norm=5.144231718379189e-07  rel=5.155086782761839e-07  done (0.211132 seconds)
FMGSolve... f-cycle     norm=7.454875268653183e-06  rel=7.517955872287669e-06  done (0.045175 seconds)
  h=1.953125000000000e-03  ||error||=9.221160354386249e-10
  order=4.011


===== Deallocating memory ======================================================
attempting to free the restriction and interpolation lists... done
attempting to free the     2^3 level... done
attempting to free the     4^3 level... done
attempting to free the     8^3 level... done
attempting to free the    16^3 level... done
attempting to free the    32^3 level... done
attempting to free the    64^3 level... done
attempting to free the   128^3 level... done
attempting to free the   256^3 level... done
attempting to free the   512^3 level... done


===== Done =====================================================================
