

********************************************************************************
***                            HPGMG-FV Benchmark                            ***
********************************************************************************
Requested MPI_THREAD_FUNNELED, got MPI_THREAD_FUNNELED
2 MPI Tasks of 28 threads


===== Benchmark setup ==========================================================

attempting to create a 512^3 level from 8 x 256^3 boxes distributed among 2 tasks...
  boundary condition = BC_DIRICHLET
  Decomposing level via Z-mort ordering... done
  Allocating vectors... done
  Calculating boxes per process... target=4.000, max=4
  Creating Poisson (a=0.000000, b=1.000000) test problem
  calculating D^{-1} exactly for level h=1.953125e-03 using  64 colors...  done (5.162880 seconds)

attempting to create a 256^3 level from 8 x 128^3 boxes distributed among 2 tasks...
  boundary condition = BC_DIRICHLET
  Decomposing level via Z-mort ordering... done
  Allocating vectors... done
  Calculating boxes per process... target=4.000, max=4

attempting to create a 128^3 level from 8 x 64^3 boxes distributed among 2 tasks...
  boundary condition = BC_DIRICHLET
  Decomposing level via Z-mort ordering... done
  Allocating vectors... done
  Calculating boxes per process... target=4.000, max=4

attempting to create a 64^3 level from 8 x 32^3 boxes distributed among 2 tasks...
  boundary condition = BC_DIRICHLET
  Decomposing level via Z-mort ordering... done
  Allocating vectors... done
  Calculating boxes per process... target=4.000, max=4

attempting to create a 32^3 level from 8 x 16^3 boxes distributed among 2 tasks...
  boundary condition = BC_DIRICHLET
  Decomposing level via Z-mort ordering... done
  Allocating vectors... done
  Calculating boxes per process... target=4.000, max=4

attempting to create a 16^3 level from 8 x 8^3 boxes distributed among 2 tasks...
  boundary condition = BC_DIRICHLET
  Decomposing level via Z-mort ordering... done
  Allocating vectors... done
  Calculating boxes per process... target=4.000, max=4

attempting to create a 8^3 level from 1 x 8^3 boxes distributed among 2 tasks...
  boundary condition = BC_DIRICHLET
  Decomposing level via Z-mort ordering... done
  Allocating vectors... done
  Calculating boxes per process... target=0.500, max=1

attempting to create a 4^3 level from 1 x 4^3 boxes distributed among 2 tasks...
  boundary condition = BC_DIRICHLET
  Decomposing level via Z-mort ordering... done
  Allocating vectors... done
  Calculating boxes per process... target=0.500, max=1

attempting to create a 2^3 level from 1 x 2^3 boxes distributed among 2 tasks...
  boundary condition = BC_DIRICHLET
  Decomposing level via Z-mort ordering... done
  Allocating vectors... done
  Calculating boxes per process... target=0.500, max=1

  Building restriction and interpolation lists... done

  Building MPI subcommunicator for level  1... done (0.000537 seconds)
  Building MPI subcommunicator for level  2... done (0.000085 seconds)
  Building MPI subcommunicator for level  3... done (0.000312 seconds)
  Building MPI subcommunicator for level  4... done (0.000336 seconds)
  Building MPI subcommunicator for level  5... done (0.000025 seconds)
  Building MPI subcommunicator for level  6... done (0.000045 seconds)
  Building MPI subcommunicator for level  7... done (0.000023 seconds)
  Building MPI subcommunicator for level  8... done (0.000021 seconds)

  calculating D^{-1} exactly for level h=3.906250e-03 using  64 colors...  done (0.775998 seconds)
  calculating D^{-1} exactly for level h=7.812500e-03 using  64 colors...  done (0.128299 seconds)
  calculating D^{-1} exactly for level h=1.562500e-02 using  64 colors...  done (0.021250 seconds)
  calculating D^{-1} exactly for level h=3.125000e-02 using  64 colors...  done (0.008041 seconds)
  calculating D^{-1} exactly for level h=6.250000e-02 using  64 colors...  done (0.006616 seconds)
  calculating D^{-1} exactly for level h=1.250000e-01 using  64 colors...  done (0.001904 seconds)
  calculating D^{-1} exactly for level h=2.500000e-01 using  64 colors...  done (0.001135 seconds)
  calculating D^{-1} exactly for level h=5.000000e-01 using   8 colors...  done (0.000160 seconds)



===== Warming up by running 1 solves ==========================================
FMGSolve... f-cycle     norm=4.151187824908527e-08  rel=4.153376389499612e-08  done (1.295903 seconds)


===== Running 10 solves ========================================================
FMGSolve... f-cycle     norm=4.151187824908527e-08  rel=4.153376389499612e-08  done (1.296923 seconds)
FMGSolve... f-cycle     norm=4.151187824908527e-08  rel=4.153376389499612e-08  done (1.292154 seconds)
FMGSolve... f-cycle     norm=4.151187824908527e-08  rel=4.153376389499612e-08  done (1.293593 seconds)
FMGSolve... f-cycle     norm=4.151187824908527e-08  rel=4.153376389499612e-08  done (1.292950 seconds)
FMGSolve... f-cycle     norm=4.151187824908527e-08  rel=4.153376389499612e-08  done (1.297539 seconds)
FMGSolve... f-cycle     norm=4.151187824908527e-08  rel=4.153376389499612e-08  done (1.292667 seconds)
FMGSolve... f-cycle     norm=4.151187824908527e-08  rel=4.153376389499612e-08  done (1.298529 seconds)
FMGSolve... f-cycle     norm=4.151187824908527e-08  rel=4.153376389499612e-08  done (1.292274 seconds)
FMGSolve... f-cycle     norm=4.151187824908527e-08  rel=4.153376389499612e-08  done (1.290935 seconds)
FMGSolve... f-cycle     norm=4.151187824908527e-08  rel=4.153376389499612e-08  done (1.293559 seconds)


===== Timing Breakdown =========================================================


level                                0            1            2            3            4            5            6            7            8 
level dimension                  512^3        256^3        128^3         64^3         32^3         16^3          8^3          4^3          2^3 
box dimension                    256^3        128^3         64^3         32^3         16^3          8^3          8^3          4^3          2^3        total
------------------        ------------ ------------ ------------ ------------ ------------ ------------ ------------ ------------ ------------ ------------ 
smooth                        0.680526     0.184255     0.038903     0.006297     0.001723     0.001241     0.000917     0.000192     0.000000     0.914054
  max                         0.682393     0.184758     0.038903     0.006306     0.001723     0.001259     0.000917     0.000192     0.000000     0.916451
  min                         0.680526     0.184255     0.038848     0.006297     0.001607     0.001241     0.000000     0.000000     0.000000     0.912773
residual                      0.123931     0.016517     0.004019     0.000637     0.000161     0.000102     0.000081     0.000018     0.000009     0.145474
applyOp                       0.000000     0.000000     0.000000     0.000000     0.000000     0.000000     0.000000     0.000000     0.000021     0.000021
BLAS1                         0.039203     0.001486     0.000322     0.000088     0.000060     0.000072     0.000011     0.000005     0.000042     0.041290
BLAS3                         0.000000     0.000000     0.000000     0.000000     0.000000     0.000000     0.000000     0.000000     0.000000     0.000000
Boundary Conditions           0.015012     0.006965     0.002802     0.001517     0.001170     0.001369     0.001599     0.001678     0.000658     0.032771
Restriction                   0.014504     0.002891     0.000370     0.000118     0.000095     0.000378     0.000010     0.000007     0.000000     0.018373
  local restriction           0.014502     0.002888     0.000366     0.000116     0.000093     0.000106     0.000008     0.000005     0.000000     0.018083
  pack MPI buffers            0.000000     0.000000     0.000000     0.000000     0.000000     0.000000     0.000000     0.000000     0.000000     0.000000
  unpack MPI buffers          0.000000     0.000000     0.000000     0.000000     0.000000     0.000110     0.000000     0.000000     0.000000     0.000110
  MPI_Isend                   0.000000     0.000000     0.000000     0.000000     0.000000     0.000000     0.000000     0.000000     0.000000     0.000000
  MPI_Irecv                   0.000000     0.000000     0.000000     0.000000     0.000000     0.000007     0.000000     0.000000     0.000000     0.000007
  MPI_Waitall                 0.000000     0.000000     0.000000     0.000000     0.000000     0.000151     0.000000     0.000000     0.000000     0.000151
Interpolation                 0.033741     0.006619     0.000939     0.000204     0.000138     0.000266     0.000029     0.000020     0.000000     0.041955
  local interpolation         0.033739     0.006616     0.000938     0.000202     0.000137     0.000119     0.000028     0.000017     0.000000     0.041795
  pack MPI buffers            0.000000     0.000000     0.000000     0.000000     0.000000     0.000110     0.000000     0.000000     0.000000     0.000110
  unpack MPI buffers          0.000000     0.000000     0.000000     0.000000     0.000000     0.000000     0.000000     0.000000     0.000000     0.000000
  MPI_Isend                   0.000000     0.000000     0.000000     0.000000     0.000000     0.000033     0.000000     0.000000     0.000000     0.000033
  MPI_Irecv                   0.000000     0.000000     0.000000     0.000000     0.000000     0.000000     0.000000     0.000000     0.000000     0.000000
  MPI_Waitall                 0.000000     0.000000     0.000000     0.000000     0.000000     0.000001     0.000000     0.000000     0.000000     0.000001
Ghost Zone Exchange           0.055140     0.029529     0.011601     0.005253     0.004230     0.004430     0.000008     0.000007     0.000005     0.110204
  local exchange              0.022264     0.011119     0.003053     0.001629     0.001253     0.001320     0.000000     0.000000     0.000000     0.040637
  pack MPI buffers            0.001767     0.001089     0.000651     0.000905     0.001111     0.001330     0.000000     0.000000     0.000000     0.006852
  unpack MPI buffers          0.001717     0.001313     0.001182     0.000888     0.001136     0.001344     0.000000     0.000000     0.000000     0.007580
  MPI_Isend                   0.015044     0.007641     0.003044     0.000623     0.000178     0.000069     0.000000     0.000000     0.000000     0.026599
  MPI_Irecv                   0.000035     0.000052     0.000040     0.000019     0.000010     0.000013     0.000000     0.000000     0.000000     0.000168
  MPI_Waitall                 0.014298     0.008292     0.003607     0.001168     0.000516     0.000320     0.000000     0.000000     0.000000     0.028201
MPI_collectives               0.001050     0.000000     0.000000     0.000000     0.000000     0.000000     0.000000     0.000000     0.000053     0.001103
------------------        ------------ ------------ ------------ ------------ ------------ ------------ ------------ ------------ ------------ ------------ 
Total by level                0.955750     0.245555     0.058309     0.013967     0.007648     0.007521     0.002692     0.001961     0.000672     1.294074

   Total time in MGBuild      1.011032 seconds
   Total time in MGSolve      1.294105 seconds
      number of v-cycles             1
Bottom solver iterations            16




===== Performance Summary ======================================================
  h=1.953125000000000e-03  DOF=1.342177280000000e+08  time=1.294105  DOF/s=1.037e+08  MPI=2  OMP=28


===== Richardson error analysis ================================================
FMGSolve... f-cycle     norm=4.151187824908527e-08  rel=4.153376389499612e-08  done (1.292810 seconds)
FMGSolve... f-cycle     norm=5.144231718379189e-07  rel=5.155086782761839e-07  done (0.206473 seconds)
FMGSolve... f-cycle     norm=7.454875268653183e-06  rel=7.517955872287669e-06  done (0.044303 seconds)
  h=1.953125000000000e-03  ||error||=9.221160354386249e-10
  order=4.011


===== Deallocating memory ======================================================
attempting to free the restriction and interpolation lists... done
attempting to free the     2^3 level... done
attempting to free the     4^3 level... done
attempting to free the     8^3 level... done
attempting to free the    16^3 level... done
attempting to free the    32^3 level... done
attempting to free the    64^3 level... done
attempting to free the   128^3 level... done
attempting to free the   256^3 level... done
attempting to free the   512^3 level... done


===== Done =====================================================================
