

********************************************************************************
***                            HPGMG-FV Benchmark                            ***
********************************************************************************
Requested MPI_THREAD_FUNNELED, got MPI_THREAD_FUNNELED
2 MPI Tasks of 28 threads


===== Benchmark setup ==========================================================

attempting to create a 512^3 level from 8 x 256^3 boxes distributed among 2 tasks...
  boundary condition = BC_DIRICHLET
  Decomposing level via Z-mort ordering... done
  Allocating vectors... done
  Calculating boxes per process... target=4.000, max=4
  Creating Poisson (a=0.000000, b=1.000000) test problem
  calculating D^{-1} exactly for level h=1.953125e-03 using  64 colors...  done (4.728869 seconds)

attempting to create a 256^3 level from 8 x 128^3 boxes distributed among 2 tasks...
  boundary condition = BC_DIRICHLET
  Decomposing level via Z-mort ordering... done
  Allocating vectors... done
  Calculating boxes per process... target=4.000, max=4

attempting to create a 128^3 level from 8 x 64^3 boxes distributed among 2 tasks...
  boundary condition = BC_DIRICHLET
  Decomposing level via Z-mort ordering... done
  Allocating vectors... done
  Calculating boxes per process... target=4.000, max=4

attempting to create a 64^3 level from 8 x 32^3 boxes distributed among 2 tasks...
  boundary condition = BC_DIRICHLET
  Decomposing level via Z-mort ordering... done
  Allocating vectors... done
  Calculating boxes per process... target=4.000, max=4

attempting to create a 32^3 level from 8 x 16^3 boxes distributed among 2 tasks...
  boundary condition = BC_DIRICHLET
  Decomposing level via Z-mort ordering... done
  Allocating vectors... done
  Calculating boxes per process... target=4.000, max=4

attempting to create a 16^3 level from 8 x 8^3 boxes distributed among 2 tasks...
  boundary condition = BC_DIRICHLET
  Decomposing level via Z-mort ordering... done
  Allocating vectors... done
  Calculating boxes per process... target=4.000, max=4

attempting to create a 8^3 level from 1 x 8^3 boxes distributed among 2 tasks...
  boundary condition = BC_DIRICHLET
  Decomposing level via Z-mort ordering... done
  Allocating vectors... done
  Calculating boxes per process... target=0.500, max=1

attempting to create a 4^3 level from 1 x 4^3 boxes distributed among 2 tasks...
  boundary condition = BC_DIRICHLET
  Decomposing level via Z-mort ordering... done
  Allocating vectors... done
  Calculating boxes per process... target=0.500, max=1

attempting to create a 2^3 level from 1 x 2^3 boxes distributed among 2 tasks...
  boundary condition = BC_DIRICHLET
  Decomposing level via Z-mort ordering... done
  Allocating vectors... done
  Calculating boxes per process... target=0.500, max=1

  Building restriction and interpolation lists... done

  Building MPI subcommunicator for level  1... done (0.000637 seconds)
  Building MPI subcommunicator for level  2... done (0.000093 seconds)
  Building MPI subcommunicator for level  3... done (0.000327 seconds)
  Building MPI subcommunicator for level  4... done (0.000056 seconds)
  Building MPI subcommunicator for level  5... done (0.000025 seconds)
  Building MPI subcommunicator for level  6... done (0.000028 seconds)
  Building MPI subcommunicator for level  7... done (0.000021 seconds)
  Building MPI subcommunicator for level  8... done (0.000021 seconds)

  calculating D^{-1} exactly for level h=3.906250e-03 using  64 colors...  done (0.710353 seconds)
  calculating D^{-1} exactly for level h=7.812500e-03 using  64 colors...  done (0.128824 seconds)
  calculating D^{-1} exactly for level h=1.562500e-02 using  64 colors...  done (0.021341 seconds)
  calculating D^{-1} exactly for level h=3.125000e-02 using  64 colors...  done (0.007928 seconds)
  calculating D^{-1} exactly for level h=6.250000e-02 using  64 colors...  done (0.006353 seconds)
  calculating D^{-1} exactly for level h=1.250000e-01 using  64 colors...  done (0.001886 seconds)
  calculating D^{-1} exactly for level h=2.500000e-01 using  64 colors...  done (0.001109 seconds)
  calculating D^{-1} exactly for level h=5.000000e-01 using   8 colors...  done (0.000123 seconds)



===== Warming up by running 1 solves ==========================================
FMGSolve... f-cycle     norm=4.151187824908527e-08  rel=4.153376389499612e-08  done (1.199903 seconds)


===== Running 10 solves ========================================================
FMGSolve... f-cycle     norm=4.151187824908527e-08  rel=4.153376389499612e-08  done (1.199023 seconds)
FMGSolve... f-cycle     norm=4.151187824908527e-08  rel=4.153376389499612e-08  done (1.196156 seconds)
FMGSolve... f-cycle     norm=4.151187824908527e-08  rel=4.153376389499612e-08  done (1.200838 seconds)
FMGSolve... f-cycle     norm=4.151187824908527e-08  rel=4.153376389499612e-08  done (1.195739 seconds)
FMGSolve... f-cycle     norm=4.151187824908527e-08  rel=4.153376389499612e-08  done (1.196801 seconds)
FMGSolve... f-cycle     norm=4.151187824908527e-08  rel=4.153376389499612e-08  done (1.195055 seconds)
FMGSolve... f-cycle     norm=4.151187824908527e-08  rel=4.153376389499612e-08  done (1.202718 seconds)
FMGSolve... f-cycle     norm=4.151187824908527e-08  rel=4.153376389499612e-08  done (1.199393 seconds)
FMGSolve... f-cycle     norm=4.151187824908527e-08  rel=4.153376389499612e-08  done (1.199758 seconds)
FMGSolve... f-cycle     norm=4.151187824908527e-08  rel=4.153376389499612e-08  done (1.194012 seconds)


===== Timing Breakdown =========================================================


level                                0            1            2            3            4            5            6            7            8 
level dimension                  512^3        256^3        128^3         64^3         32^3         16^3          8^3          4^3          2^3 
box dimension                    256^3        128^3         64^3         32^3         16^3          8^3          8^3          4^3          2^3        total
------------------        ------------ ------------ ------------ ------------ ------------ ------------ ------------ ------------ ------------ ------------ 
smooth                        0.622238     0.166402     0.038947     0.006363     0.001709     0.001274     0.000909     0.000198     0.000000     0.838040
  max                         0.626487     0.166883     0.039013     0.006378     0.001709     0.001274     0.000909     0.000198     0.000000     0.842851
  min                         0.622238     0.166402     0.038947     0.006363     0.001549     0.001258     0.000000     0.000000     0.000000     0.836757
residual                      0.108489     0.014575     0.003959     0.000633     0.000167     0.000111     0.000085     0.000020     0.000011     0.128050
applyOp                       0.000000     0.000000     0.000000     0.000000     0.000000     0.000000     0.000000     0.000000     0.000023     0.000023
BLAS1                         0.039088     0.001461     0.000328     0.000084     0.000060     0.000070     0.000012     0.000005     0.000047     0.041155
BLAS3                         0.000000     0.000000     0.000000     0.000000     0.000000     0.000000     0.000000     0.000000     0.000000     0.000000
Boundary Conditions           0.014979     0.006899     0.002760     0.001339     0.001086     0.001290     0.001482     0.001598     0.000625     0.032057
Restriction                   0.013970     0.002909     0.000388     0.000109     0.000085     0.000270     0.000010     0.000006     0.000000     0.017747
  local restriction           0.013968     0.002906     0.000385     0.000107     0.000083     0.000097     0.000008     0.000003     0.000000     0.017558
  pack MPI buffers            0.000000     0.000000     0.000000     0.000000     0.000000     0.000000     0.000000     0.000000     0.000000     0.000000
  unpack MPI buffers          0.000000     0.000000     0.000000     0.000000     0.000000     0.000107     0.000000     0.000000     0.000000     0.000107
  MPI_Isend                   0.000000     0.000000     0.000000     0.000000     0.000000     0.000000     0.000000     0.000000     0.000000     0.000000
  MPI_Irecv                   0.000000     0.000000     0.000000     0.000000     0.000000     0.000005     0.000000     0.000000     0.000000     0.000005
  MPI_Waitall                 0.000000     0.000000     0.000000     0.000000     0.000000     0.000057     0.000000     0.000000     0.000000     0.000057
Interpolation                 0.030485     0.006090     0.000952     0.000205     0.000147     0.000246     0.000031     0.000021     0.000000     0.038178
  local interpolation         0.030483     0.006089     0.000951     0.000204     0.000145     0.000103     0.000029     0.000018     0.000000     0.038022
  pack MPI buffers            0.000000     0.000000     0.000000     0.000000     0.000000     0.000105     0.000000     0.000000     0.000000     0.000105
  unpack MPI buffers          0.000000     0.000000     0.000000     0.000000     0.000000     0.000000     0.000000     0.000000     0.000000     0.000000
  MPI_Isend                   0.000000     0.000000     0.000000     0.000000     0.000000     0.000034     0.000000     0.000000     0.000000     0.000034
  MPI_Irecv                   0.000000     0.000000     0.000000     0.000000     0.000000     0.000000     0.000000     0.000000     0.000000     0.000000
  MPI_Waitall                 0.000000     0.000000     0.000000     0.000000     0.000000     0.000002     0.000000     0.000000     0.000000     0.000002
Ghost Zone Exchange           0.055584     0.030920     0.011951     0.005353     0.004103     0.004080     0.000007     0.000006     0.000004     0.112008
  local exchange              0.021934     0.010779     0.002831     0.001651     0.001281     0.001155     0.000000     0.000000     0.000000     0.039631
  pack MPI buffers            0.001782     0.001060     0.000638     0.000871     0.000996     0.001229     0.000000     0.000000     0.000000     0.006576
  unpack MPI buffers          0.001696     0.001273     0.001111     0.000924     0.001093     0.001252     0.000000     0.000000     0.000000     0.007350
  MPI_Isend                   0.015380     0.007840     0.003357     0.000703     0.000189     0.000076     0.000000     0.000000     0.000000     0.027545
  MPI_Irecv                   0.000041     0.000054     0.000043     0.000019     0.000011     0.000013     0.000000     0.000000     0.000000     0.000182
  MPI_Waitall                 0.014736     0.009887     0.003947     0.001164     0.000501     0.000318     0.000000     0.000000     0.000000     0.030554
MPI_collectives               0.001637     0.000000     0.000000     0.000000     0.000000     0.000000     0.000000     0.000000     0.000049     0.001686
------------------        ------------ ------------ ------------ ------------ ------------ ------------ ------------ ------------ ------------ ------------ 
Total by level                0.879251     0.226571     0.058589     0.013946     0.007404     0.007042     0.002564     0.001892     0.000654     1.197913

   Total time in MGBuild      0.943181 seconds
   Total time in MGSolve      1.197941 seconds
      number of v-cycles             1
Bottom solver iterations            16




===== Performance Summary ======================================================
  h=1.953125000000000e-03  DOF=1.342177280000000e+08  time=1.197941  DOF/s=1.120e+08  MPI=2  OMP=28


===== Richardson error analysis ================================================
FMGSolve... f-cycle     norm=4.151187824908527e-08  rel=4.153376389499612e-08  done (1.193783 seconds)
FMGSolve... f-cycle     norm=5.144231718379189e-07  rel=5.155086782761839e-07  done (0.195930 seconds)
FMGSolve... f-cycle     norm=7.454875268653183e-06  rel=7.517955872287669e-06  done (0.043748 seconds)
  h=1.953125000000000e-03  ||error||=9.221160354386249e-10
  order=4.011


===== Deallocating memory ======================================================
attempting to free the restriction and interpolation lists... done
attempting to free the     2^3 level... done
attempting to free the     4^3 level... done
attempting to free the     8^3 level... done
attempting to free the    16^3 level... done
attempting to free the    32^3 level... done
attempting to free the    64^3 level... done
attempting to free the   128^3 level... done
attempting to free the   256^3 level... done
attempting to free the   512^3 level... done


===== Done =====================================================================
