

********************************************************************************
***                            HPGMG-FV Benchmark                            ***
********************************************************************************
Requested MPI_THREAD_FUNNELED, got MPI_THREAD_FUNNELED
2 MPI Tasks of 28 threads


===== Benchmark setup ==========================================================

attempting to create a 512^3 level from 8 x 256^3 boxes distributed among 2 tasks...
  boundary condition = BC_DIRICHLET
  Decomposing level via Z-mort ordering... done
  Allocating vectors... done
  Calculating boxes per process... target=4.000, max=4
  Creating Poisson (a=0.000000, b=1.000000) test problem
  calculating D^{-1} exactly for level h=1.953125e-03 using  64 colors...  done (4.549791 seconds)

attempting to create a 256^3 level from 8 x 128^3 boxes distributed among 2 tasks...
  boundary condition = BC_DIRICHLET
  Decomposing level via Z-mort ordering... done
  Allocating vectors... done
  Calculating boxes per process... target=4.000, max=4

attempting to create a 128^3 level from 8 x 64^3 boxes distributed among 2 tasks...
  boundary condition = BC_DIRICHLET
  Decomposing level via Z-mort ordering... done
  Allocating vectors... done
  Calculating boxes per process... target=4.000, max=4

attempting to create a 64^3 level from 8 x 32^3 boxes distributed among 2 tasks...
  boundary condition = BC_DIRICHLET
  Decomposing level via Z-mort ordering... done
  Allocating vectors... done
  Calculating boxes per process... target=4.000, max=4

attempting to create a 32^3 level from 8 x 16^3 boxes distributed among 2 tasks...
  boundary condition = BC_DIRICHLET
  Decomposing level via Z-mort ordering... done
  Allocating vectors... done
  Calculating boxes per process... target=4.000, max=4

attempting to create a 16^3 level from 8 x 8^3 boxes distributed among 2 tasks...
  boundary condition = BC_DIRICHLET
  Decomposing level via Z-mort ordering... done
  Allocating vectors... done
  Calculating boxes per process... target=4.000, max=4

attempting to create a 8^3 level from 1 x 8^3 boxes distributed among 2 tasks...
  boundary condition = BC_DIRICHLET
  Decomposing level via Z-mort ordering... done
  Allocating vectors... done
  Calculating boxes per process... target=0.500, max=1

attempting to create a 4^3 level from 1 x 4^3 boxes distributed among 2 tasks...
  boundary condition = BC_DIRICHLET
  Decomposing level via Z-mort ordering... done
  Allocating vectors... done
  Calculating boxes per process... target=0.500, max=1

attempting to create a 2^3 level from 1 x 2^3 boxes distributed among 2 tasks...
  boundary condition = BC_DIRICHLET
  Decomposing level via Z-mort ordering... done
  Allocating vectors... done
  Calculating boxes per process... target=0.500, max=1

  Building restriction and interpolation lists... done

  Building MPI subcommunicator for level  1... done (0.000517 seconds)
  Building MPI subcommunicator for level  2... done (0.000398 seconds)
  Building MPI subcommunicator for level  3... done (0.000369 seconds)
  Building MPI subcommunicator for level  4... done (0.000405 seconds)
  Building MPI subcommunicator for level  5... done (0.000025 seconds)
  Building MPI subcommunicator for level  6... done (0.000029 seconds)
  Building MPI subcommunicator for level  7... done (0.000022 seconds)
  Building MPI subcommunicator for level  8... done (0.000021 seconds)

  calculating D^{-1} exactly for level h=3.906250e-03 using  64 colors...  done (0.708445 seconds)
  calculating D^{-1} exactly for level h=7.812500e-03 using  64 colors...  done (0.128809 seconds)
  calculating D^{-1} exactly for level h=1.562500e-02 using  64 colors...  done (0.020992 seconds)
  calculating D^{-1} exactly for level h=3.125000e-02 using  64 colors...  done (0.007603 seconds)
  calculating D^{-1} exactly for level h=6.250000e-02 using  64 colors...  done (0.006174 seconds)
  calculating D^{-1} exactly for level h=1.250000e-01 using  64 colors...  done (0.001795 seconds)
  calculating D^{-1} exactly for level h=2.500000e-01 using  64 colors...  done (0.001062 seconds)
  calculating D^{-1} exactly for level h=5.000000e-01 using   8 colors...  done (0.000159 seconds)



===== Warming up by running 1 solves ==========================================
FMGSolve... f-cycle     norm=4.151187824908527e-08  rel=4.153376389499612e-08  done (1.169676 seconds)


===== Running 10 solves ========================================================
FMGSolve... f-cycle     norm=4.151187824908527e-08  rel=4.153376389499612e-08  done (1.161742 seconds)
FMGSolve... f-cycle     norm=4.151187824908527e-08  rel=4.153376389499612e-08  done (1.158248 seconds)
FMGSolve... f-cycle     norm=4.151187824908527e-08  rel=4.153376389499612e-08  done (1.158374 seconds)
FMGSolve... f-cycle     norm=4.151187824908527e-08  rel=4.153376389499612e-08  done (1.179038 seconds)
FMGSolve... f-cycle     norm=4.151187824908527e-08  rel=4.153376389499612e-08  done (1.162421 seconds)
FMGSolve... f-cycle     norm=4.151187824908527e-08  rel=4.153376389499612e-08  done (1.158526 seconds)
FMGSolve... f-cycle     norm=4.151187824908527e-08  rel=4.153376389499612e-08  done (1.167046 seconds)
FMGSolve... f-cycle     norm=4.151187824908527e-08  rel=4.153376389499612e-08  done (1.158268 seconds)
FMGSolve... f-cycle     norm=4.151187824908527e-08  rel=4.153376389499612e-08  done (1.168294 seconds)
FMGSolve... f-cycle     norm=4.151187824908527e-08  rel=4.153376389499612e-08  done (1.157816 seconds)


===== Timing Breakdown =========================================================


level                                0            1            2            3            4            5            6            7            8 
level dimension                  512^3        256^3        128^3         64^3         32^3         16^3          8^3          4^3          2^3 
box dimension                    256^3        128^3         64^3         32^3         16^3          8^3          8^3          4^3          2^3        total
------------------        ------------ ------------ ------------ ------------ ------------ ------------ ------------ ------------ ------------ ------------ 
smooth                        0.599872     0.170115     0.039155     0.006404     0.001635     0.001279     0.000911     0.000190     0.000000     0.819561
  max                         0.599872     0.170115     0.039155     0.006491     0.001635     0.001279     0.000911     0.000190     0.000000     0.819648
  min                         0.593773     0.169472     0.039140     0.006404     0.001513     0.001274     0.000000     0.000000     0.000000     0.811577
residual                      0.101239     0.014544     0.003928     0.000652     0.000159     0.000115     0.000083     0.000019     0.000009     0.120748
applyOp                       0.000000     0.000000     0.000000     0.000000     0.000000     0.000000     0.000000     0.000000     0.000020     0.000020
BLAS1                         0.038912     0.001453     0.000327     0.000076     0.000055     0.000061     0.000013     0.000005     0.000041     0.040941
BLAS3                         0.000000     0.000000     0.000000     0.000000     0.000000     0.000000     0.000000     0.000000     0.000000     0.000000
Boundary Conditions           0.015208     0.007063     0.002675     0.001339     0.001073     0.001245     0.001420     0.001543     0.000580     0.032145
Restriction                   0.014098     0.002998     0.000399     0.000108     0.000083     0.000282     0.000011     0.000006     0.000000     0.017984
  local restriction           0.014096     0.002994     0.000397     0.000106     0.000081     0.000089     0.000008     0.000004     0.000000     0.017773
  pack MPI buffers            0.000000     0.000000     0.000000     0.000000     0.000000     0.000000     0.000000     0.000000     0.000000     0.000000
  unpack MPI buffers          0.000000     0.000000     0.000000     0.000000     0.000000     0.000094     0.000000     0.000000     0.000000     0.000094
  MPI_Isend                   0.000000     0.000000     0.000000     0.000000     0.000000     0.000000     0.000000     0.000000     0.000000     0.000000
  MPI_Irecv                   0.000000     0.000000     0.000000     0.000000     0.000000     0.000007     0.000000     0.000000     0.000000     0.000007
  MPI_Waitall                 0.000000     0.000000     0.000000     0.000000     0.000000     0.000087     0.000000     0.000000     0.000000     0.000087
Interpolation                 0.028607     0.006087     0.000924     0.000205     0.000142     0.000224     0.000030     0.000020     0.000000     0.036240
  local interpolation         0.028606     0.006087     0.000923     0.000203     0.000140     0.000090     0.000029     0.000017     0.000000     0.036095
  pack MPI buffers            0.000000     0.000000     0.000000     0.000000     0.000000     0.000097     0.000000     0.000000     0.000000     0.000097
  unpack MPI buffers          0.000000     0.000000     0.000000     0.000000     0.000000     0.000000     0.000000     0.000000     0.000000     0.000000
  MPI_Isend                   0.000000     0.000000     0.000000     0.000000     0.000000     0.000033     0.000000     0.000000     0.000000     0.000033
  MPI_Irecv                   0.000000     0.000000     0.000000     0.000000     0.000000     0.000000     0.000000     0.000000     0.000000     0.000000
  MPI_Waitall                 0.000000     0.000000     0.000000     0.000000     0.000000     0.000001     0.000000     0.000000     0.000000     0.000001
Ghost Zone Exchange           0.054341     0.027926     0.010589     0.005295     0.003985     0.003944     0.000007     0.000008     0.000003     0.106096
  local exchange              0.021897     0.010806     0.002599     0.001629     0.001279     0.001109     0.000000     0.000000     0.000000     0.039319
  pack MPI buffers            0.001788     0.001050     0.000641     0.000804     0.000922     0.001174     0.000000     0.000000     0.000000     0.006379
  unpack MPI buffers          0.001752     0.001306     0.001109     0.000966     0.001007     0.001165     0.000000     0.000000     0.000000     0.007306
  MPI_Isend                   0.014935     0.007503     0.003107     0.000641     0.000190     0.000069     0.000000     0.000000     0.000000     0.026446
  MPI_Irecv                   0.000031     0.000047     0.000042     0.000019     0.000009     0.000013     0.000000     0.000000     0.000000     0.000160
  MPI_Waitall                 0.013925     0.007192     0.003068     0.001213     0.000552     0.000380     0.000000     0.000000     0.000000     0.026330
MPI_collectives               0.000160     0.000000     0.000000     0.000000     0.000000     0.000000     0.000000     0.000000     0.000046     0.000206
------------------        ------------ ------------ ------------ ------------ ------------ ------------ ------------ ------------ ------------ ------------ 
Total by level                0.845133     0.227586     0.057293     0.013962     0.007182     0.006854     0.002498     0.001823     0.000606     1.162938

   Total time in MGBuild      0.943599 seconds
   Total time in MGSolve      1.162969 seconds
      number of v-cycles             1
Bottom solver iterations            16




===== Performance Summary ======================================================
  h=1.953125000000000e-03  DOF=1.342177280000000e+08  time=1.162969  DOF/s=1.154e+08  MPI=2  OMP=28


===== Richardson error analysis ================================================
FMGSolve... f-cycle     norm=4.151187824908527e-08  rel=4.153376389499612e-08  done (1.166174 seconds)
FMGSolve... f-cycle     norm=5.144231718379189e-07  rel=5.155086782761839e-07  done (0.194986 seconds)
FMGSolve... f-cycle     norm=7.454875268653183e-06  rel=7.517955872287669e-06  done (0.043301 seconds)
  h=1.953125000000000e-03  ||error||=9.221160354386249e-10
  order=4.011


===== Deallocating memory ======================================================
attempting to free the restriction and interpolation lists... done
attempting to free the     2^3 level... done
attempting to free the     4^3 level... done
attempting to free the     8^3 level... done
attempting to free the    16^3 level... done
attempting to free the    32^3 level... done
attempting to free the    64^3 level... done
attempting to free the   128^3 level... done
attempting to free the   256^3 level... done
attempting to free the   512^3 level... done


===== Done =====================================================================
