

********************************************************************************
***                            HPGMG-FV Benchmark                            ***
********************************************************************************
Requested MPI_THREAD_FUNNELED, got MPI_THREAD_FUNNELED
2 MPI Tasks of 28 threads


===== Benchmark setup ==========================================================

attempting to create a 512^3 level from 8 x 256^3 boxes distributed among 2 tasks...
  boundary condition = BC_DIRICHLET
  Decomposing level via Z-mort ordering... done
  Allocating vectors... done
  Calculating boxes per process... target=4.000, max=4
  Creating Poisson (a=0.000000, b=1.000000) test problem
  calculating D^{-1} exactly for level h=1.953125e-03 using  64 colors...  done (4.475911 seconds)

attempting to create a 256^3 level from 8 x 128^3 boxes distributed among 2 tasks...
  boundary condition = BC_DIRICHLET
  Decomposing level via Z-mort ordering... done
  Allocating vectors... done
  Calculating boxes per process... target=4.000, max=4

attempting to create a 128^3 level from 8 x 64^3 boxes distributed among 2 tasks...
  boundary condition = BC_DIRICHLET
  Decomposing level via Z-mort ordering... done
  Allocating vectors... done
  Calculating boxes per process... target=4.000, max=4

attempting to create a 64^3 level from 8 x 32^3 boxes distributed among 2 tasks...
  boundary condition = BC_DIRICHLET
  Decomposing level via Z-mort ordering... done
  Allocating vectors... done
  Calculating boxes per process... target=4.000, max=4

attempting to create a 32^3 level from 8 x 16^3 boxes distributed among 2 tasks...
  boundary condition = BC_DIRICHLET
  Decomposing level via Z-mort ordering... done
  Allocating vectors... done
  Calculating boxes per process... target=4.000, max=4

attempting to create a 16^3 level from 8 x 8^3 boxes distributed among 2 tasks...
  boundary condition = BC_DIRICHLET
  Decomposing level via Z-mort ordering... done
  Allocating vectors... done
  Calculating boxes per process... target=4.000, max=4

attempting to create a 8^3 level from 1 x 8^3 boxes distributed among 2 tasks...
  boundary condition = BC_DIRICHLET
  Decomposing level via Z-mort ordering... done
  Allocating vectors... done
  Calculating boxes per process... target=0.500, max=1

attempting to create a 4^3 level from 1 x 4^3 boxes distributed among 2 tasks...
  boundary condition = BC_DIRICHLET
  Decomposing level via Z-mort ordering... done
  Allocating vectors... done
  Calculating boxes per process... target=0.500, max=1

attempting to create a 2^3 level from 1 x 2^3 boxes distributed among 2 tasks...
  boundary condition = BC_DIRICHLET
  Decomposing level via Z-mort ordering... done
  Allocating vectors... done
  Calculating boxes per process... target=0.500, max=1

  Building restriction and interpolation lists... done

  Building MPI subcommunicator for level  1... done (0.000553 seconds)
  Building MPI subcommunicator for level  2... done (0.000084 seconds)
  Building MPI subcommunicator for level  3... done (0.000348 seconds)
  Building MPI subcommunicator for level  4... done (0.000377 seconds)
  Building MPI subcommunicator for level  5... done (0.000025 seconds)
  Building MPI subcommunicator for level  6... done (0.000026 seconds)
  Building MPI subcommunicator for level  7... done (0.000022 seconds)
  Building MPI subcommunicator for level  8... done (0.000021 seconds)

  calculating D^{-1} exactly for level h=3.906250e-03 using  64 colors...  done (0.646853 seconds)
  calculating D^{-1} exactly for level h=7.812500e-03 using  64 colors...  done (0.128771 seconds)
  calculating D^{-1} exactly for level h=1.562500e-02 using  64 colors...  done (0.020919 seconds)
  calculating D^{-1} exactly for level h=3.125000e-02 using  64 colors...  done (0.007610 seconds)
  calculating D^{-1} exactly for level h=6.250000e-02 using  64 colors...  done (0.005997 seconds)
  calculating D^{-1} exactly for level h=1.250000e-01 using  64 colors...  done (0.001777 seconds)
  calculating D^{-1} exactly for level h=2.500000e-01 using  64 colors...  done (0.000995 seconds)
  calculating D^{-1} exactly for level h=5.000000e-01 using   8 colors...  done (0.000114 seconds)



===== Warming up by running 1 solves ==========================================
FMGSolve... f-cycle     norm=4.151187824908527e-08  rel=4.153376389499612e-08  done (1.133530 seconds)


===== Running 10 solves ========================================================
FMGSolve... f-cycle     norm=4.151187824908527e-08  rel=4.153376389499612e-08  done (1.140769 seconds)
FMGSolve... f-cycle     norm=4.151187824908527e-08  rel=4.153376389499612e-08  done (1.143138 seconds)
FMGSolve... f-cycle     norm=4.151187824908527e-08  rel=4.153376389499612e-08  done (1.132119 seconds)
FMGSolve... f-cycle     norm=4.151187824908527e-08  rel=4.153376389499612e-08  done (1.132537 seconds)
FMGSolve... f-cycle     norm=4.151187824908527e-08  rel=4.153376389499612e-08  done (1.135824 seconds)
FMGSolve... f-cycle     norm=4.151187824908527e-08  rel=4.153376389499612e-08  done (1.129222 seconds)
FMGSolve... f-cycle     norm=4.151187824908527e-08  rel=4.153376389499612e-08  done (1.129768 seconds)
FMGSolve... f-cycle     norm=4.151187824908527e-08  rel=4.153376389499612e-08  done (1.134549 seconds)
FMGSolve... f-cycle     norm=4.151187824908527e-08  rel=4.153376389499612e-08  done (1.134822 seconds)
FMGSolve... f-cycle     norm=4.151187824908527e-08  rel=4.153376389499612e-08  done (1.133267 seconds)


===== Timing Breakdown =========================================================


level                                0            1            2            3            4            5            6            7            8 
level dimension                  512^3        256^3        128^3         64^3         32^3         16^3          8^3          4^3          2^3 
box dimension                    256^3        128^3         64^3         32^3         16^3          8^3          8^3          4^3          2^3        total
------------------        ------------ ------------ ------------ ------------ ------------ ------------ ------------ ------------ ------------ ------------ 
smooth                        0.584544     0.154419     0.039178     0.006383     0.001571     0.001285     0.000908     0.000197     0.000000     0.788484
  max                         0.593144     0.154419     0.039542     0.006453     0.001571     0.001291     0.000908     0.000197     0.000000     0.797526
  min                         0.584544     0.153594     0.039178     0.006383     0.001517     0.001285     0.000000     0.000000     0.000000     0.786500
residual                      0.097715     0.012975     0.003878     0.000643     0.000154     0.000116     0.000083     0.000019     0.000010     0.115594
applyOp                       0.000000     0.000000     0.000000     0.000000     0.000000     0.000000     0.000000     0.000000     0.000021     0.000021
BLAS1                         0.038366     0.001460     0.000331     0.000084     0.000053     0.000070     0.000013     0.000006     0.000040     0.040423
BLAS3                         0.000000     0.000000     0.000000     0.000000     0.000000     0.000000     0.000000     0.000000     0.000000     0.000000
Boundary Conditions           0.015390     0.007197     0.002621     0.001330     0.001064     0.001235     0.001356     0.001462     0.000563     0.032218
Restriction                   0.013635     0.003107     0.000390     0.000102     0.000088     0.000254     0.000012     0.000006     0.000000     0.017595
  local restriction           0.013633     0.003105     0.000387     0.000100     0.000084     0.000088     0.000009     0.000004     0.000000     0.017410
  pack MPI buffers            0.000000     0.000000     0.000000     0.000000     0.000000     0.000000     0.000000     0.000000     0.000000     0.000000
  unpack MPI buffers          0.000000     0.000000     0.000000     0.000000     0.000000     0.000097     0.000000     0.000000     0.000000     0.000097
  MPI_Isend                   0.000000     0.000000     0.000000     0.000000     0.000000     0.000000     0.000000     0.000000     0.000000     0.000000
  MPI_Irecv                   0.000000     0.000000     0.000000     0.000000     0.000000     0.000006     0.000000     0.000000     0.000000     0.000006
  MPI_Waitall                 0.000000     0.000000     0.000000     0.000000     0.000000     0.000061     0.000000     0.000000     0.000000     0.000061
Interpolation                 0.028400     0.006058     0.000942     0.000221     0.000143     0.000221     0.000030     0.000020     0.000000     0.036036
  local interpolation         0.028399     0.006057     0.000941     0.000220     0.000142     0.000093     0.000027     0.000018     0.000000     0.035897
  pack MPI buffers            0.000000     0.000000     0.000000     0.000000     0.000000     0.000090     0.000000     0.000000     0.000000     0.000090
  unpack MPI buffers          0.000000     0.000000     0.000000     0.000000     0.000000     0.000000     0.000000     0.000000     0.000000     0.000000
  MPI_Isend                   0.000000     0.000000     0.000000     0.000000     0.000000     0.000034     0.000000     0.000000     0.000000     0.000034
  MPI_Irecv                   0.000000     0.000000     0.000000     0.000000     0.000000     0.000000     0.000000     0.000000     0.000000     0.000000
  MPI_Waitall                 0.000000     0.000000     0.000000     0.000000     0.000000     0.000001     0.000000     0.000000     0.000000     0.000001
Ghost Zone Exchange           0.059370     0.030183     0.010721     0.005130     0.003917     0.003870     0.000009     0.000008     0.000004     0.113212
  local exchange              0.021755     0.010763     0.002615     0.001676     0.001323     0.001098     0.000000     0.000000     0.000000     0.039229
  pack MPI buffers            0.001802     0.001058     0.000636     0.000731     0.000868     0.001123     0.000000     0.000000     0.000000     0.006218
  unpack MPI buffers          0.001818     0.001275     0.001102     0.000768     0.000941     0.001142     0.000000     0.000000     0.000000     0.007047
  MPI_Isend                   0.015801     0.007778     0.003167     0.000638     0.000193     0.000074     0.000000     0.000000     0.000000     0.027650
  MPI_Irecv                   0.000040     0.000062     0.000040     0.000021     0.000013     0.000013     0.000000     0.000000     0.000000     0.000189
  MPI_Waitall                 0.018140     0.009222     0.003137     0.001273     0.000554     0.000387     0.000000     0.000000     0.000000     0.032714
MPI_collectives               0.001928     0.000000     0.000000     0.000000     0.000000     0.000000     0.000000     0.000000     0.000048     0.001976
------------------        ------------ ------------ ------------ ------------ ------------ ------------ ------------ ------------ ------------ ------------ 
Total by level                0.832098     0.212766     0.057358     0.013777     0.007011     0.006771     0.002424     0.001764     0.000593     1.134562

   Total time in MGBuild      0.881644 seconds
   Total time in MGSolve      1.134593 seconds
      number of v-cycles             1
Bottom solver iterations            16




===== Performance Summary ======================================================
  h=1.953125000000000e-03  DOF=1.342177280000000e+08  time=1.134593  DOF/s=1.183e+08  MPI=2  OMP=28


===== Richardson error analysis ================================================
FMGSolve... f-cycle     norm=4.151187824908527e-08  rel=4.153376389499612e-08  done (1.139304 seconds)
FMGSolve... f-cycle     norm=5.144231718379189e-07  rel=5.155086782761839e-07  done (0.186909 seconds)
FMGSolve... f-cycle     norm=7.454875268653183e-06  rel=7.517955872287669e-06  done (0.042760 seconds)
  h=1.953125000000000e-03  ||error||=9.221160354386249e-10
  order=4.011


===== Deallocating memory ======================================================
attempting to free the restriction and interpolation lists... done
attempting to free the     2^3 level... done
attempting to free the     4^3 level... done
attempting to free the     8^3 level... done
attempting to free the    16^3 level... done
attempting to free the    32^3 level... done
attempting to free the    64^3 level... done
attempting to free the   128^3 level... done
attempting to free the   256^3 level... done
attempting to free the   512^3 level... done


===== Done =====================================================================
