

********************************************************************************
***                            HPGMG-FV Benchmark                            ***
********************************************************************************
Requested MPI_THREAD_FUNNELED, got MPI_THREAD_FUNNELED
2 MPI Tasks of 28 threads


===== Benchmark setup ==========================================================

attempting to create a 512^3 level from 8 x 256^3 boxes distributed among 2 tasks...
  boundary condition = BC_DIRICHLET
  Decomposing level via Z-mort ordering... done
  Allocating vectors... done
  Calculating boxes per process... target=4.000, max=4
  Creating Poisson (a=0.000000, b=1.000000) test problem
  calculating D^{-1} exactly for level h=1.953125e-03 using  64 colors...  done (4.350962 seconds)

attempting to create a 256^3 level from 8 x 128^3 boxes distributed among 2 tasks...
  boundary condition = BC_DIRICHLET
  Decomposing level via Z-mort ordering... done
  Allocating vectors... done
  Calculating boxes per process... target=4.000, max=4

attempting to create a 128^3 level from 8 x 64^3 boxes distributed among 2 tasks...
  boundary condition = BC_DIRICHLET
  Decomposing level via Z-mort ordering... done
  Allocating vectors... done
  Calculating boxes per process... target=4.000, max=4

attempting to create a 64^3 level from 8 x 32^3 boxes distributed among 2 tasks...
  boundary condition = BC_DIRICHLET
  Decomposing level via Z-mort ordering... done
  Allocating vectors... done
  Calculating boxes per process... target=4.000, max=4

attempting to create a 32^3 level from 8 x 16^3 boxes distributed among 2 tasks...
  boundary condition = BC_DIRICHLET
  Decomposing level via Z-mort ordering... done
  Allocating vectors... done
  Calculating boxes per process... target=4.000, max=4

attempting to create a 16^3 level from 8 x 8^3 boxes distributed among 2 tasks...
  boundary condition = BC_DIRICHLET
  Decomposing level via Z-mort ordering... done
  Allocating vectors... done
  Calculating boxes per process... target=4.000, max=4

attempting to create a 8^3 level from 1 x 8^3 boxes distributed among 2 tasks...
  boundary condition = BC_DIRICHLET
  Decomposing level via Z-mort ordering... done
  Allocating vectors... done
  Calculating boxes per process... target=0.500, max=1

attempting to create a 4^3 level from 1 x 4^3 boxes distributed among 2 tasks...
  boundary condition = BC_DIRICHLET
  Decomposing level via Z-mort ordering... done
  Allocating vectors... done
  Calculating boxes per process... target=0.500, max=1

attempting to create a 2^3 level from 1 x 2^3 boxes distributed among 2 tasks...
  boundary condition = BC_DIRICHLET
  Decomposing level via Z-mort ordering... done
  Allocating vectors... done
  Calculating boxes per process... target=0.500, max=1

  Building restriction and interpolation lists... done

  Building MPI subcommunicator for level  1... done (0.000526 seconds)
  Building MPI subcommunicator for level  2... done (0.000422 seconds)
  Building MPI subcommunicator for level  3... done (0.000358 seconds)
  Building MPI subcommunicator for level  4... done (0.000381 seconds)
  Building MPI subcommunicator for level  5... done (0.000039 seconds)
  Building MPI subcommunicator for level  6... done (0.000028 seconds)
  Building MPI subcommunicator for level  7... done (0.000022 seconds)
  Building MPI subcommunicator for level  8... done (0.000021 seconds)

  calculating D^{-1} exactly for level h=3.906250e-03 using  64 colors...  done (0.647610 seconds)
  calculating D^{-1} exactly for level h=7.812500e-03 using  64 colors...  done (0.127755 seconds)
  calculating D^{-1} exactly for level h=1.562500e-02 using  64 colors...  done (0.020586 seconds)
  calculating D^{-1} exactly for level h=3.125000e-02 using  64 colors...  done (0.007340 seconds)
  calculating D^{-1} exactly for level h=6.250000e-02 using  64 colors...  done (0.005815 seconds)
  calculating D^{-1} exactly for level h=1.250000e-01 using  64 colors...  done (0.001648 seconds)
  calculating D^{-1} exactly for level h=2.500000e-01 using  64 colors...  done (0.001007 seconds)
  calculating D^{-1} exactly for level h=5.000000e-01 using   8 colors...  done (0.000143 seconds)



===== Warming up by running 1 solves ==========================================
FMGSolve... f-cycle     norm=4.151187824908527e-08  rel=4.153376389499612e-08  done (1.113706 seconds)


===== Running 10 solves ========================================================
FMGSolve... f-cycle     norm=4.151187824908527e-08  rel=4.153376389499612e-08  done (1.112649 seconds)
FMGSolve... f-cycle     norm=4.151187824908527e-08  rel=4.153376389499612e-08  done (1.113870 seconds)
FMGSolve... f-cycle     norm=4.151187824908527e-08  rel=4.153376389499612e-08  done (1.113841 seconds)
FMGSolve... f-cycle     norm=4.151187824908527e-08  rel=4.153376389499612e-08  done (1.112537 seconds)
FMGSolve... f-cycle     norm=4.151187824908527e-08  rel=4.153376389499612e-08  done (1.112230 seconds)
FMGSolve... f-cycle     norm=4.151187824908527e-08  rel=4.153376389499612e-08  done (1.112696 seconds)
FMGSolve... f-cycle     norm=4.151187824908527e-08  rel=4.153376389499612e-08  done (1.108021 seconds)
FMGSolve... f-cycle     norm=4.151187824908527e-08  rel=4.153376389499612e-08  done (1.117530 seconds)
FMGSolve... f-cycle     norm=4.151187824908527e-08  rel=4.153376389499612e-08  done (1.118117 seconds)
FMGSolve... f-cycle     norm=4.151187824908527e-08  rel=4.153376389499612e-08  done (1.116351 seconds)


===== Timing Breakdown =========================================================


level                                0            1            2            3            4            5            6            7            8 
level dimension                  512^3        256^3        128^3         64^3         32^3         16^3          8^3          4^3          2^3 
box dimension                    256^3        128^3         64^3         32^3         16^3          8^3          8^3          4^3          2^3        total
------------------        ------------ ------------ ------------ ------------ ------------ ------------ ------------ ------------ ------------ ------------ 
smooth                        0.578076     0.155749     0.038902     0.006445     0.001524     0.001267     0.000908     0.000209     0.000000     0.783078
  max                         0.578076     0.155749     0.039366     0.006505     0.001524     0.001267     0.000908     0.000209     0.000000     0.783603
  min                         0.575042     0.155468     0.038902     0.006445     0.001473     0.001257     0.000000     0.000000     0.000000     0.778587
residual                      0.092717     0.012822     0.003839     0.000657     0.000151     0.000108     0.000080     0.000020     0.000011     0.110405
applyOp                       0.000000     0.000000     0.000000     0.000000     0.000000     0.000000     0.000000     0.000000     0.000026     0.000026
BLAS1                         0.038646     0.001485     0.000338     0.000076     0.000055     0.000059     0.000015     0.000006     0.000041     0.040720
BLAS3                         0.000000     0.000000     0.000000     0.000000     0.000000     0.000000     0.000000     0.000000     0.000000     0.000000
Boundary Conditions           0.015365     0.007276     0.002589     0.001286     0.001014     0.001136     0.001171     0.001357     0.000497     0.031691
Restriction                   0.013766     0.003237     0.000400     0.000096     0.000088     0.000244     0.000012     0.000006     0.000000     0.017849
  local restriction           0.013763     0.003235     0.000397     0.000094     0.000086     0.000080     0.000009     0.000004     0.000000     0.017667
  pack MPI buffers            0.000000     0.000000     0.000000     0.000000     0.000000     0.000000     0.000000     0.000000     0.000000     0.000000
  unpack MPI buffers          0.000000     0.000000     0.000000     0.000000     0.000000     0.000084     0.000000     0.000000     0.000000     0.000084
  MPI_Isend                   0.000000     0.000000     0.000000     0.000000     0.000000     0.000000     0.000000     0.000000     0.000000     0.000000
  MPI_Irecv                   0.000000     0.000000     0.000000     0.000000     0.000000     0.000004     0.000000     0.000000     0.000000     0.000004
  MPI_Waitall                 0.000000     0.000000     0.000000     0.000000     0.000000     0.000071     0.000000     0.000000     0.000000     0.000071
Interpolation                 0.027216     0.006136     0.000919     0.000207     0.000141     0.000221     0.000034     0.000024     0.000000     0.034898
  local interpolation         0.027215     0.006134     0.000918     0.000206     0.000138     0.000091     0.000032     0.000020     0.000000     0.034754
  pack MPI buffers            0.000000     0.000000     0.000000     0.000000     0.000000     0.000088     0.000000     0.000000     0.000000     0.000088
  unpack MPI buffers          0.000000     0.000000     0.000000     0.000000     0.000000     0.000000     0.000000     0.000000     0.000000     0.000000
  MPI_Isend                   0.000000     0.000000     0.000000     0.000000     0.000000     0.000037     0.000000     0.000000     0.000000     0.000037
  MPI_Irecv                   0.000000     0.000000     0.000000     0.000000     0.000000     0.000000     0.000000     0.000000     0.000000     0.000000
  MPI_Waitall                 0.000000     0.000000     0.000000     0.000000     0.000000     0.000002     0.000000     0.000000     0.000000     0.000002
Ghost Zone Exchange           0.054774     0.027866     0.010270     0.005058     0.003721     0.003682     0.000009     0.000008     0.000004     0.105391
  local exchange              0.021809     0.010881     0.002589     0.001644     0.001292     0.001111     0.000000     0.000000     0.000000     0.039327
  pack MPI buffers            0.001778     0.001023     0.000576     0.000690     0.000755     0.001002     0.000000     0.000000     0.000000     0.005824
  unpack MPI buffers          0.001781     0.001265     0.001063     0.000694     0.000830     0.001017     0.000000     0.000000     0.000000     0.006650
  MPI_Isend                   0.014815     0.007510     0.002995     0.000685     0.000228     0.000092     0.000000     0.000000     0.000000     0.026326
  MPI_Irecv                   0.000032     0.000050     0.000039     0.000018     0.000011     0.000013     0.000000     0.000000     0.000000     0.000163
  MPI_Waitall                 0.014541     0.007115     0.002985     0.001303     0.000576     0.000411     0.000000     0.000000     0.000000     0.026932
MPI_collectives               0.000470     0.000000     0.000000     0.000000     0.000000     0.000000     0.000000     0.000000     0.000050     0.000520
------------------        ------------ ------------ ------------ ------------ ------------ ------------ ------------ ------------ ------------ ------------ 
Total by level                0.813889     0.211911     0.056577     0.013713     0.006731     0.006444     0.002258     0.001670     0.000550     1.113743

   Total time in MGBuild      0.884589 seconds
   Total time in MGSolve      1.113775 seconds
      number of v-cycles             1
Bottom solver iterations            16




===== Performance Summary ======================================================
  h=1.953125000000000e-03  DOF=1.342177280000000e+08  time=1.113775  DOF/s=1.205e+08  MPI=2  OMP=28


===== Richardson error analysis ================================================
FMGSolve... f-cycle     norm=4.151187824908527e-08  rel=4.153376389499612e-08  done (1.109213 seconds)
FMGSolve... f-cycle     norm=5.144231718379189e-07  rel=5.155086782761839e-07  done (0.185536 seconds)
FMGSolve... f-cycle     norm=7.454875268653183e-06  rel=7.517955872287669e-06  done (0.041985 seconds)
  h=1.953125000000000e-03  ||error||=9.221160354386249e-10
  order=4.011


===== Deallocating memory ======================================================
attempting to free the restriction and interpolation lists... done
attempting to free the     2^3 level... done
attempting to free the     4^3 level... done
attempting to free the     8^3 level... done
attempting to free the    16^3 level... done
attempting to free the    32^3 level... done
attempting to free the    64^3 level... done
attempting to free the   128^3 level... done
attempting to free the   256^3 level... done
attempting to free the   512^3 level... done


===== Done =====================================================================
