

********************************************************************************
***                            HPGMG-FV Benchmark                            ***
********************************************************************************
Requested MPI_THREAD_FUNNELED, got MPI_THREAD_FUNNELED
2 MPI Tasks of 28 threads


===== Benchmark setup ==========================================================

attempting to create a 512^3 level from 8 x 256^3 boxes distributed among 2 tasks...
  boundary condition = BC_DIRICHLET
  Decomposing level via Z-mort ordering... done
  Allocating vectors... done
  Calculating boxes per process... target=4.000, max=4
  Creating Poisson (a=0.000000, b=1.000000) test problem
  calculating D^{-1} exactly for level h=1.953125e-03 using  64 colors...  done (4.344749 seconds)

attempting to create a 256^3 level from 8 x 128^3 boxes distributed among 2 tasks...
  boundary condition = BC_DIRICHLET
  Decomposing level via Z-mort ordering... done
  Allocating vectors... done
  Calculating boxes per process... target=4.000, max=4

attempting to create a 128^3 level from 8 x 64^3 boxes distributed among 2 tasks...
  boundary condition = BC_DIRICHLET
  Decomposing level via Z-mort ordering... done
  Allocating vectors... done
  Calculating boxes per process... target=4.000, max=4

attempting to create a 64^3 level from 8 x 32^3 boxes distributed among 2 tasks...
  boundary condition = BC_DIRICHLET
  Decomposing level via Z-mort ordering... done
  Allocating vectors... done
  Calculating boxes per process... target=4.000, max=4

attempting to create a 32^3 level from 8 x 16^3 boxes distributed among 2 tasks...
  boundary condition = BC_DIRICHLET
  Decomposing level via Z-mort ordering... done
  Allocating vectors... done
  Calculating boxes per process... target=4.000, max=4

attempting to create a 16^3 level from 8 x 8^3 boxes distributed among 2 tasks...
  boundary condition = BC_DIRICHLET
  Decomposing level via Z-mort ordering... done
  Allocating vectors... done
  Calculating boxes per process... target=4.000, max=4

attempting to create a 8^3 level from 1 x 8^3 boxes distributed among 2 tasks...
  boundary condition = BC_DIRICHLET
  Decomposing level via Z-mort ordering... done
  Allocating vectors... done
  Calculating boxes per process... target=0.500, max=1

attempting to create a 4^3 level from 1 x 4^3 boxes distributed among 2 tasks...
  boundary condition = BC_DIRICHLET
  Decomposing level via Z-mort ordering... done
  Allocating vectors... done
  Calculating boxes per process... target=0.500, max=1

attempting to create a 2^3 level from 1 x 2^3 boxes distributed among 2 tasks...
  boundary condition = BC_DIRICHLET
  Decomposing level via Z-mort ordering... done
  Allocating vectors... done
  Calculating boxes per process... target=0.500, max=1

  Building restriction and interpolation lists... done

  Building MPI subcommunicator for level  1... done (0.000538 seconds)
  Building MPI subcommunicator for level  2... done (0.000412 seconds)
  Building MPI subcommunicator for level  3... done (0.000379 seconds)
  Building MPI subcommunicator for level  4... done (0.000379 seconds)
  Building MPI subcommunicator for level  5... done (0.000025 seconds)
  Building MPI subcommunicator for level  6... done (0.000028 seconds)
  Building MPI subcommunicator for level  7... done (0.000022 seconds)
  Building MPI subcommunicator for level  8... done (0.000021 seconds)

  calculating D^{-1} exactly for level h=3.906250e-03 using  64 colors...  done (0.653245 seconds)
  calculating D^{-1} exactly for level h=7.812500e-03 using  64 colors...  done (0.124073 seconds)
  calculating D^{-1} exactly for level h=1.562500e-02 using  64 colors...  done (0.020343 seconds)
  calculating D^{-1} exactly for level h=3.125000e-02 using  64 colors...  done (0.007898 seconds)
  calculating D^{-1} exactly for level h=6.250000e-02 using  64 colors...  done (0.006514 seconds)
  calculating D^{-1} exactly for level h=1.250000e-01 using  64 colors...  done (0.001779 seconds)
  calculating D^{-1} exactly for level h=2.500000e-01 using  64 colors...  done (0.000987 seconds)
  calculating D^{-1} exactly for level h=5.000000e-01 using   8 colors...  done (0.000142 seconds)



===== Warming up by running 1 solves ==========================================
FMGSolve... f-cycle     norm=4.151187824908527e-08  rel=4.153376389499612e-08  done (1.117749 seconds)


===== Running 10 solves ========================================================
FMGSolve... f-cycle     norm=4.151187824908527e-08  rel=4.153376389499612e-08  done (1.117819 seconds)
FMGSolve... f-cycle     norm=4.151187824908527e-08  rel=4.153376389499612e-08  done (1.117473 seconds)
FMGSolve... f-cycle     norm=4.151187824908527e-08  rel=4.153376389499612e-08  done (1.116178 seconds)
FMGSolve... f-cycle     norm=4.151187824908527e-08  rel=4.153376389499612e-08  done (1.114725 seconds)
FMGSolve... f-cycle     norm=4.151187824908527e-08  rel=4.153376389499612e-08  done (1.112616 seconds)
FMGSolve... f-cycle     norm=4.151187824908527e-08  rel=4.153376389499612e-08  done (1.116341 seconds)
FMGSolve... f-cycle     norm=4.151187824908527e-08  rel=4.153376389499612e-08  done (1.123534 seconds)
FMGSolve... f-cycle     norm=4.151187824908527e-08  rel=4.153376389499612e-08  done (1.115986 seconds)
FMGSolve... f-cycle     norm=4.151187824908527e-08  rel=4.153376389499612e-08  done (1.115583 seconds)
FMGSolve... f-cycle     norm=4.151187824908527e-08  rel=4.153376389499612e-08  done (1.114454 seconds)


===== Timing Breakdown =========================================================


level                                0            1            2            3            4            5            6            7            8 
level dimension                  512^3        256^3        128^3         64^3         32^3         16^3          8^3          4^3          2^3 
box dimension                    256^3        128^3         64^3         32^3         16^3          8^3          8^3          4^3          2^3        total
------------------        ------------ ------------ ------------ ------------ ------------ ------------ ------------ ------------ ------------ ------------ 
smooth                        0.575559     0.158688     0.037969     0.006049     0.001531     0.001375     0.000918     0.000215     0.000000     0.782304
  max                         0.581202     0.158688     0.038690     0.006133     0.001531     0.001375     0.000918     0.000215     0.000000     0.788752
  min                         0.575559     0.157797     0.037969     0.006049     0.001494     0.001355     0.000000     0.000000     0.000000     0.780223
residual                      0.090585     0.012857     0.003585     0.000605     0.000155     0.000118     0.000083     0.000020     0.000016     0.108024
applyOp                       0.000000     0.000000     0.000000     0.000000     0.000000     0.000000     0.000000     0.000000     0.000032     0.000032
BLAS1                         0.039167     0.001507     0.000337     0.000080     0.000062     0.000071     0.000018     0.000005     0.000042     0.041289
BLAS3                         0.000000     0.000000     0.000000     0.000000     0.000000     0.000000     0.000000     0.000000     0.000000     0.000000
Boundary Conditions           0.015269     0.006989     0.002312     0.001309     0.001067     0.001253     0.001280     0.001546     0.000599     0.031624
Restriction                   0.013846     0.003305     0.000379     0.000104     0.000106     0.000375     0.000011     0.000006     0.000000     0.018132
  local restriction           0.013844     0.003303     0.000374     0.000102     0.000103     0.000096     0.000009     0.000003     0.000000     0.017834
  pack MPI buffers            0.000000     0.000000     0.000000     0.000000     0.000000     0.000000     0.000000     0.000000     0.000000     0.000000
  unpack MPI buffers          0.000000     0.000000     0.000000     0.000000     0.000000     0.000100     0.000000     0.000000     0.000000     0.000100
  MPI_Isend                   0.000000     0.000000     0.000000     0.000000     0.000000     0.000000     0.000000     0.000000     0.000000     0.000000
  MPI_Irecv                   0.000000     0.000000     0.000000     0.000000     0.000000     0.000005     0.000000     0.000000     0.000000     0.000005
  MPI_Waitall                 0.000000     0.000000     0.000000     0.000000     0.000000     0.000169     0.000000     0.000000     0.000000     0.000169
Interpolation                 0.026727     0.006114     0.000864     0.000200     0.000150     0.000260     0.000036     0.000030     0.000000     0.034380
  local interpolation         0.026726     0.006111     0.000864     0.000199     0.000148     0.000115     0.000034     0.000025     0.000000     0.034222
  pack MPI buffers            0.000000     0.000000     0.000000     0.000000     0.000000     0.000103     0.000000     0.000000     0.000000     0.000103
  unpack MPI buffers          0.000000     0.000000     0.000000     0.000000     0.000000     0.000000     0.000000     0.000000     0.000000     0.000000
  MPI_Isend                   0.000000     0.000000     0.000000     0.000000     0.000000     0.000038     0.000000     0.000000     0.000000     0.000038
  MPI_Irecv                   0.000000     0.000000     0.000000     0.000000     0.000000     0.000000     0.000000     0.000000     0.000000     0.000000
  MPI_Waitall                 0.000000     0.000000     0.000000     0.000000     0.000000     0.000001     0.000000     0.000000     0.000000     0.000001
Ghost Zone Exchange           0.056221     0.028286     0.011038     0.005599     0.004422     0.004175     0.000009     0.000007     0.000004     0.109759
  local exchange              0.021588     0.010735     0.002577     0.001660     0.001457     0.001310     0.000000     0.000000     0.000000     0.039327
  pack MPI buffers            0.001648     0.001034     0.000619     0.000818     0.000924     0.001123     0.000000     0.000000     0.000000     0.006166
  unpack MPI buffers          0.001651     0.001316     0.001078     0.000826     0.001010     0.001159     0.000000     0.000000     0.000000     0.007040
  MPI_Isend                   0.015072     0.007479     0.003069     0.000691     0.000261     0.000125     0.000000     0.000000     0.000000     0.026697
  MPI_Irecv                   0.000038     0.000047     0.000039     0.000017     0.000008     0.000011     0.000000     0.000000     0.000000     0.000159
  MPI_Waitall                 0.016207     0.007654     0.003635     0.001563     0.000729     0.000406     0.000000     0.000000     0.000000     0.030195
MPI_collectives               0.001736     0.000000     0.000000     0.000000     0.000000     0.000000     0.000000     0.000000     0.000047     0.001783
------------------        ------------ ------------ ------------ ------------ ------------ ------------ ------------ ------------ ------------ ------------ 
Total by level                0.811902     0.215138     0.055779     0.013855     0.007530     0.007318     0.002388     0.001883     0.000637     1.116430

   Total time in MGBuild      0.888794 seconds
   Total time in MGSolve      1.116461 seconds
      number of v-cycles             1
Bottom solver iterations            16




===== Performance Summary ======================================================
  h=1.953125000000000e-03  DOF=1.342177280000000e+08  time=1.116461  DOF/s=1.202e+08  MPI=2  OMP=28


===== Richardson error analysis ================================================
FMGSolve... f-cycle     norm=4.151187824908527e-08  rel=4.153376389499612e-08  done (1.117755 seconds)
FMGSolve... f-cycle     norm=5.144231718379189e-07  rel=5.155086782761839e-07  done (0.187839 seconds)
FMGSolve... f-cycle     norm=7.454875268653183e-06  rel=7.517955872287669e-06  done (0.043047 seconds)
  h=1.953125000000000e-03  ||error||=9.221160354386249e-10
  order=4.011


===== Deallocating memory ======================================================
attempting to free the restriction and interpolation lists... done
attempting to free the     2^3 level... done
attempting to free the     4^3 level... done
attempting to free the     8^3 level... done
attempting to free the    16^3 level... done
attempting to free the    32^3 level... done
attempting to free the    64^3 level... done
attempting to free the   128^3 level... done
attempting to free the   256^3 level... done
attempting to free the   512^3 level... done


===== Done =====================================================================
