

********************************************************************************
***                            HPGMG-FV Benchmark                            ***
********************************************************************************
Requested MPI_THREAD_FUNNELED, got MPI_THREAD_FUNNELED
2 MPI Tasks of 28 threads


===== Benchmark setup ==========================================================

attempting to create a 512^3 level from 8 x 256^3 boxes distributed among 2 tasks...
  boundary condition = BC_DIRICHLET
  Decomposing level via Z-mort ordering... done
  Allocating vectors... done
  Calculating boxes per process... target=4.000, max=4
  Creating Poisson (a=0.000000, b=1.000000) test problem
  calculating D^{-1} exactly for level h=1.953125e-03 using  64 colors...  done (20.472255 seconds)

attempting to create a 256^3 level from 8 x 128^3 boxes distributed among 2 tasks...
  boundary condition = BC_DIRICHLET
  Decomposing level via Z-mort ordering... done
  Allocating vectors... done
  Calculating boxes per process... target=4.000, max=4

attempting to create a 128^3 level from 8 x 64^3 boxes distributed among 2 tasks...
  boundary condition = BC_DIRICHLET
  Decomposing level via Z-mort ordering... done
  Allocating vectors... done
  Calculating boxes per process... target=4.000, max=4

attempting to create a 64^3 level from 8 x 32^3 boxes distributed among 2 tasks...
  boundary condition = BC_DIRICHLET
  Decomposing level via Z-mort ordering... done
  Allocating vectors... done
  Calculating boxes per process... target=4.000, max=4

attempting to create a 32^3 level from 8 x 16^3 boxes distributed among 2 tasks...
  boundary condition = BC_DIRICHLET
  Decomposing level via Z-mort ordering... done
  Allocating vectors... done
  Calculating boxes per process... target=4.000, max=4

attempting to create a 16^3 level from 8 x 8^3 boxes distributed among 2 tasks...
  boundary condition = BC_DIRICHLET
  Decomposing level via Z-mort ordering... done
  Allocating vectors... done
  Calculating boxes per process... target=4.000, max=4

attempting to create a 8^3 level from 1 x 8^3 boxes distributed among 2 tasks...
  boundary condition = BC_DIRICHLET
  Decomposing level via Z-mort ordering... done
  Allocating vectors... done
  Calculating boxes per process... target=0.500, max=1

attempting to create a 4^3 level from 1 x 4^3 boxes distributed among 2 tasks...
  boundary condition = BC_DIRICHLET
  Decomposing level via Z-mort ordering... done
  Allocating vectors... done
  Calculating boxes per process... target=0.500, max=1

attempting to create a 2^3 level from 1 x 2^3 boxes distributed among 2 tasks...
  boundary condition = BC_DIRICHLET
  Decomposing level via Z-mort ordering... done
  Allocating vectors... done
  Calculating boxes per process... target=0.500, max=1

  Building restriction and interpolation lists... done

  Building MPI subcommunicator for level  1... done (0.000488 seconds)
  Building MPI subcommunicator for level  2... done (0.000324 seconds)
  Building MPI subcommunicator for level  3... done (0.000209 seconds)
  Building MPI subcommunicator for level  4... done (0.000052 seconds)
  Building MPI subcommunicator for level  5... done (0.000025 seconds)
  Building MPI subcommunicator for level  6... done (0.000027 seconds)
  Building MPI subcommunicator for level  7... done (0.000022 seconds)
  Building MPI subcommunicator for level  8... done (0.000021 seconds)

  calculating D^{-1} exactly for level h=3.906250e-03 using  64 colors...  done (2.935328 seconds)
  calculating D^{-1} exactly for level h=7.812500e-03 using  64 colors...  done (0.383755 seconds)
  calculating D^{-1} exactly for level h=1.562500e-02 using  64 colors...  done (0.058318 seconds)
  calculating D^{-1} exactly for level h=3.125000e-02 using  64 colors...  done (0.012283 seconds)
  calculating D^{-1} exactly for level h=6.250000e-02 using  64 colors...  done (0.004650 seconds)
  calculating D^{-1} exactly for level h=1.250000e-01 using  64 colors...  done (0.001580 seconds)
  calculating D^{-1} exactly for level h=2.500000e-01 using  64 colors...  done (0.000721 seconds)
  calculating D^{-1} exactly for level h=5.000000e-01 using   8 colors...  done (0.000079 seconds)



===== Warming up by running 1 solves ==========================================
FMGSolve... f-cycle     norm=4.151187824908527e-08  rel=4.153376389499612e-08  done (4.785592 seconds)


===== Running 10 solves ========================================================
FMGSolve... f-cycle     norm=4.151187824908527e-08  rel=4.153376389499612e-08  done (4.777786 seconds)
FMGSolve... f-cycle     norm=4.151187824908527e-08  rel=4.153376389499612e-08  done (4.774252 seconds)
FMGSolve... f-cycle     norm=4.151187824908527e-08  rel=4.153376389499612e-08  done (4.776370 seconds)
FMGSolve... f-cycle     norm=4.151187824908527e-08  rel=4.153376389499612e-08  done (4.773404 seconds)
FMGSolve... f-cycle     norm=4.151187824908527e-08  rel=4.153376389499612e-08  done (4.778690 seconds)
FMGSolve... f-cycle     norm=4.151187824908527e-08  rel=4.153376389499612e-08  done (4.773188 seconds)
FMGSolve... f-cycle     norm=4.151187824908527e-08  rel=4.153376389499612e-08  done (4.775715 seconds)
FMGSolve... f-cycle     norm=4.151187824908527e-08  rel=4.153376389499612e-08  done (4.796189 seconds)
FMGSolve... f-cycle     norm=4.151187824908527e-08  rel=4.153376389499612e-08  done (4.774333 seconds)
FMGSolve... f-cycle     norm=4.151187824908527e-08  rel=4.153376389499612e-08  done (4.775125 seconds)


===== Timing Breakdown =========================================================


level                                0            1            2            3            4            5            6            7            8 
level dimension                  512^3        256^3        128^3         64^3         32^3         16^3          8^3          4^3          2^3 
box dimension                    256^3        128^3         64^3         32^3         16^3          8^3          8^3          4^3          2^3        total
------------------        ------------ ------------ ------------ ------------ ------------ ------------ ------------ ------------ ------------ ------------ 
smooth                        2.758888     0.695730     0.129672     0.021396     0.003909     0.001121     0.000812     0.000166     0.000000     3.611693
  max                         2.760052     0.695984     0.129672     0.021396     0.003952     0.001129     0.000812     0.000166     0.000000     3.613163
  min                         2.758888     0.695730     0.129430     0.021391     0.003909     0.001121     0.000000     0.000000     0.000000     3.610470
residual                      0.548350     0.070711     0.013431     0.002267     0.000400     0.000101     0.000078     0.000016     0.000009     0.635364
applyOp                       0.000000     0.000000     0.000000     0.000000     0.000000     0.000000     0.000000     0.000000     0.000021     0.000021
BLAS1                         0.096964     0.002754     0.000846     0.000219     0.000095     0.000044     0.000011     0.000005     0.000041     0.100979
BLAS3                         0.000000     0.000000     0.000000     0.000000     0.000000     0.000000     0.000000     0.000000     0.000000     0.000000
Boundary Conditions           0.034573     0.019529     0.006065     0.002858     0.001865     0.001130     0.001069     0.000919     0.000297     0.068305
Restriction                   0.033079     0.006433     0.000960     0.000171     0.000072     0.000172     0.000010     0.000005     0.000000     0.040900
  local restriction           0.033076     0.006432     0.000957     0.000168     0.000070     0.000051     0.000007     0.000003     0.000000     0.040765
  pack MPI buffers            0.000000     0.000000     0.000000     0.000000     0.000000     0.000000     0.000000     0.000000     0.000000     0.000000
  unpack MPI buffers          0.000000     0.000000     0.000000     0.000000     0.000000     0.000051     0.000000     0.000000     0.000000     0.000051
  MPI_Isend                   0.000000     0.000000     0.000000     0.000000     0.000000     0.000000     0.000000     0.000000     0.000000     0.000000
  MPI_Irecv                   0.000000     0.000000     0.000000     0.000000     0.000000     0.000006     0.000000     0.000000     0.000000     0.000006
  MPI_Waitall                 0.000000     0.000000     0.000000     0.000000     0.000000     0.000059     0.000000     0.000000     0.000000     0.000059
Interpolation                 0.120411     0.019999     0.003069     0.000546     0.000130     0.000171     0.000028     0.000017     0.000000     0.144371
  local interpolation         0.120411     0.019998     0.003067     0.000544     0.000128     0.000068     0.000026     0.000014     0.000000     0.144257
  pack MPI buffers            0.000000     0.000000     0.000000     0.000000     0.000000     0.000066     0.000000     0.000000     0.000000     0.000066
  unpack MPI buffers          0.000000     0.000000     0.000000     0.000000     0.000000     0.000000     0.000000     0.000000     0.000000     0.000000
  MPI_Isend                   0.000000     0.000000     0.000000     0.000000     0.000000     0.000031     0.000000     0.000000     0.000000     0.000031
  MPI_Irecv                   0.000000     0.000000     0.000000     0.000000     0.000000     0.000000     0.000000     0.000000     0.000000     0.000000
  MPI_Waitall                 0.000000     0.000000     0.000000     0.000000     0.000000     0.000001     0.000000     0.000000     0.000000     0.000001
Ghost Zone Exchange           0.108385     0.057306     0.016625     0.005750     0.003827     0.002712     0.000010     0.000006     0.000003     0.194624
  local exchange              0.072823     0.035893     0.008614     0.002716     0.001899     0.001012     0.000000     0.000000     0.000000     0.122960
  pack MPI buffers            0.003833     0.002310     0.001214     0.000733     0.000628     0.000664     0.000000     0.000000     0.000000     0.009382
  unpack MPI buffers          0.003522     0.002240     0.001293     0.000740     0.000670     0.000643     0.000000     0.000000     0.000000     0.009107
  MPI_Isend                   0.015321     0.007299     0.002647     0.000495     0.000151     0.000061     0.000000     0.000000     0.000000     0.025974
  MPI_Irecv                   0.000030     0.000039     0.000034     0.000025     0.000012     0.000011     0.000000     0.000000     0.000000     0.000151
  MPI_Waitall                 0.012841     0.009507     0.002801     0.001010     0.000430     0.000275     0.000000     0.000000     0.000000     0.026862
MPI_collectives               0.000019     0.000000     0.000000     0.000000     0.000000     0.000000     0.000000     0.000000     0.000048     0.000068
------------------        ------------ ------------ ------------ ------------ ------------ ------------ ------------ ------------ ------------ ------------ 
Total by level                3.689748     0.866778     0.169056     0.032901     0.010159     0.005249     0.002027     0.001168     0.000377     4.777465

   Total time in MGBuild      3.522042 seconds
   Total time in MGSolve      4.777498 seconds
      number of v-cycles             1
Bottom solver iterations            16




===== Performance Summary ======================================================
  h=1.953125000000000e-03  DOF=1.342177280000000e+08  time=4.777498  DOF/s=2.809e+07  MPI=2  OMP=28


===== Richardson error analysis ================================================
FMGSolve... f-cycle     norm=4.151187824908527e-08  rel=4.153376389499612e-08  done (4.776116 seconds)
FMGSolve... f-cycle     norm=5.144231718379189e-07  rel=5.155086782761839e-07  done (0.644847 seconds)
FMGSolve... f-cycle     norm=7.454875268653183e-06  rel=7.517955872287669e-06  done (0.094761 seconds)
  h=1.953125000000000e-03  ||error||=9.221160354386249e-10
  order=4.011


===== Deallocating memory ======================================================
attempting to free the restriction and interpolation lists... done
attempting to free the     2^3 level... done
attempting to free the     4^3 level... done
attempting to free the     8^3 level... done
attempting to free the    16^3 level... done
attempting to free the    32^3 level... done
attempting to free the    64^3 level... done
attempting to free the   128^3 level... done
attempting to free the   256^3 level... done
attempting to free the   512^3 level... done


===== Done =====================================================================
