

********************************************************************************
***                            HPGMG-FV Benchmark                            ***
********************************************************************************
Requested MPI_THREAD_FUNNELED, got MPI_THREAD_FUNNELED
2 MPI Tasks of 28 threads


===== Benchmark setup ==========================================================

attempting to create a 512^3 level from 8 x 256^3 boxes distributed among 2 tasks...
  boundary condition = BC_DIRICHLET
  Decomposing level via Z-mort ordering... done
  Allocating vectors... done
  Calculating boxes per process... target=4.000, max=4
  Creating Poisson (a=0.000000, b=1.000000) test problem
  calculating D^{-1} exactly for level h=1.953125e-03 using  64 colors...  done (10.570393 seconds)

attempting to create a 256^3 level from 8 x 128^3 boxes distributed among 2 tasks...
  boundary condition = BC_DIRICHLET
  Decomposing level via Z-mort ordering... done
  Allocating vectors... done
  Calculating boxes per process... target=4.000, max=4

attempting to create a 128^3 level from 8 x 64^3 boxes distributed among 2 tasks...
  boundary condition = BC_DIRICHLET
  Decomposing level via Z-mort ordering... done
  Allocating vectors... done
  Calculating boxes per process... target=4.000, max=4

attempting to create a 64^3 level from 8 x 32^3 boxes distributed among 2 tasks...
  boundary condition = BC_DIRICHLET
  Decomposing level via Z-mort ordering... done
  Allocating vectors... done
  Calculating boxes per process... target=4.000, max=4

attempting to create a 32^3 level from 8 x 16^3 boxes distributed among 2 tasks...
  boundary condition = BC_DIRICHLET
  Decomposing level via Z-mort ordering... done
  Allocating vectors... done
  Calculating boxes per process... target=4.000, max=4

attempting to create a 16^3 level from 8 x 8^3 boxes distributed among 2 tasks...
  boundary condition = BC_DIRICHLET
  Decomposing level via Z-mort ordering... done
  Allocating vectors... done
  Calculating boxes per process... target=4.000, max=4

attempting to create a 8^3 level from 1 x 8^3 boxes distributed among 2 tasks...
  boundary condition = BC_DIRICHLET
  Decomposing level via Z-mort ordering... done
  Allocating vectors... done
  Calculating boxes per process... target=0.500, max=1

attempting to create a 4^3 level from 1 x 4^3 boxes distributed among 2 tasks...
  boundary condition = BC_DIRICHLET
  Decomposing level via Z-mort ordering... done
  Allocating vectors... done
  Calculating boxes per process... target=0.500, max=1

attempting to create a 2^3 level from 1 x 2^3 boxes distributed among 2 tasks...
  boundary condition = BC_DIRICHLET
  Decomposing level via Z-mort ordering... done
  Allocating vectors... done
  Calculating boxes per process... target=0.500, max=1

  Building restriction and interpolation lists... done

  Building MPI subcommunicator for level  1... done (0.000401 seconds)
  Building MPI subcommunicator for level  2... done (0.000083 seconds)
  Building MPI subcommunicator for level  3... done (0.000261 seconds)
  Building MPI subcommunicator for level  4... done (0.000053 seconds)
  Building MPI subcommunicator for level  5... done (0.000025 seconds)
  Building MPI subcommunicator for level  6... done (0.000028 seconds)
  Building MPI subcommunicator for level  7... done (0.000036 seconds)
  Building MPI subcommunicator for level  8... done (0.000022 seconds)

  calculating D^{-1} exactly for level h=3.906250e-03 using  64 colors...  done (1.709405 seconds)
  calculating D^{-1} exactly for level h=7.812500e-03 using  64 colors...  done (0.231092 seconds)
  calculating D^{-1} exactly for level h=1.562500e-02 using  64 colors...  done (0.037236 seconds)
  calculating D^{-1} exactly for level h=3.125000e-02 using  64 colors...  done (0.009264 seconds)
  calculating D^{-1} exactly for level h=6.250000e-02 using  64 colors...  done (0.004377 seconds)
  calculating D^{-1} exactly for level h=1.250000e-01 using  64 colors...  done (0.001551 seconds)
  calculating D^{-1} exactly for level h=2.500000e-01 using  64 colors...  done (0.000663 seconds)
  calculating D^{-1} exactly for level h=5.000000e-01 using   8 colors...  done (0.000095 seconds)



===== Warming up by running 1 solves ==========================================
FMGSolve... f-cycle     norm=4.151187824908527e-08  rel=4.153376389499612e-08  done (2.787815 seconds)


===== Running 10 solves ========================================================
FMGSolve... f-cycle     norm=4.151187824908527e-08  rel=4.153376389499612e-08  done (2.786744 seconds)
FMGSolve... f-cycle     norm=4.151187824908527e-08  rel=4.153376389499612e-08  done (2.786752 seconds)
FMGSolve... f-cycle     norm=4.151187824908527e-08  rel=4.153376389499612e-08  done (2.785057 seconds)
FMGSolve... f-cycle     norm=4.151187824908527e-08  rel=4.153376389499612e-08  done (2.785747 seconds)
FMGSolve... f-cycle     norm=4.151187824908527e-08  rel=4.153376389499612e-08  done (2.786882 seconds)
FMGSolve... f-cycle     norm=4.151187824908527e-08  rel=4.153376389499612e-08  done (2.786161 seconds)
FMGSolve... f-cycle     norm=4.151187824908527e-08  rel=4.153376389499612e-08  done (2.785402 seconds)
FMGSolve... f-cycle     norm=4.151187824908527e-08  rel=4.153376389499612e-08  done (2.785046 seconds)
FMGSolve... f-cycle     norm=4.151187824908527e-08  rel=4.153376389499612e-08  done (2.785082 seconds)
FMGSolve... f-cycle     norm=4.151187824908527e-08  rel=4.153376389499612e-08  done (2.785527 seconds)


===== Timing Breakdown =========================================================


level                                0            1            2            3            4            5            6            7            8 
level dimension                  512^3        256^3        128^3         64^3         32^3         16^3          8^3          4^3          2^3 
box dimension                    256^3        128^3         64^3         32^3         16^3          8^3          8^3          4^3          2^3        total
------------------        ------------ ------------ ------------ ------------ ------------ ------------ ------------ ------------ ------------ ------------ 
smooth                        1.583208     0.401282     0.075136     0.013385     0.002980     0.001193     0.000858     0.000168     0.000000     2.078210
  max                         1.583208     0.401282     0.075136     0.013385     0.002980     0.001193     0.000858     0.000168     0.000000     2.078210
  min                         1.574277     0.400117     0.075055     0.013354     0.002928     0.001162     0.000000     0.000000     0.000000     2.066894
residual                      0.313343     0.040551     0.007754     0.001412     0.000300     0.000100     0.000078     0.000017     0.000008     0.363563
applyOp                       0.000000     0.000000     0.000000     0.000000     0.000000     0.000000     0.000000     0.000000     0.000020     0.000020
BLAS1                         0.063040     0.002004     0.000493     0.000142     0.000065     0.000045     0.000011     0.000005     0.000043     0.065849
BLAS3                         0.000000     0.000000     0.000000     0.000000     0.000000     0.000000     0.000000     0.000000     0.000000     0.000000
Boundary Conditions           0.021562     0.011400     0.004146     0.002004     0.001217     0.000896     0.000942     0.000829     0.000341     0.043337
Restriction                   0.019678     0.003728     0.000603     0.000153     0.000070     0.000166     0.000010     0.000005     0.000000     0.024412
  local restriction           0.019677     0.003725     0.000600     0.000149     0.000069     0.000055     0.000008     0.000003     0.000000     0.024285
  pack MPI buffers            0.000000     0.000000     0.000000     0.000000     0.000000     0.000000     0.000000     0.000000     0.000000     0.000000
  unpack MPI buffers          0.000000     0.000000     0.000000     0.000000     0.000000     0.000057     0.000000     0.000000     0.000000     0.000057
  MPI_Isend                   0.000000     0.000000     0.000000     0.000000     0.000000     0.000000     0.000000     0.000000     0.000000     0.000000
  MPI_Irecv                   0.000000     0.000000     0.000000     0.000000     0.000000     0.000005     0.000000     0.000000     0.000000     0.000005
  MPI_Waitall                 0.000000     0.000000     0.000000     0.000000     0.000000     0.000045     0.000000     0.000000     0.000000     0.000045
Interpolation                 0.070960     0.011734     0.001939     0.000431     0.000128     0.000185     0.000027     0.000019     0.000000     0.085423
  local interpolation         0.070959     0.011733     0.001938     0.000429     0.000127     0.000074     0.000025     0.000015     0.000000     0.085301
  pack MPI buffers            0.000000     0.000000     0.000000     0.000000     0.000000     0.000074     0.000000     0.000000     0.000000     0.000074
  unpack MPI buffers          0.000000     0.000000     0.000000     0.000000     0.000000     0.000000     0.000000     0.000000     0.000000     0.000000
  MPI_Isend                   0.000000     0.000000     0.000000     0.000000     0.000000     0.000032     0.000000     0.000000     0.000000     0.000032
  MPI_Irecv                   0.000000     0.000000     0.000000     0.000000     0.000000     0.000000     0.000000     0.000000     0.000000     0.000000
  MPI_Waitall                 0.000000     0.000000     0.000000     0.000000     0.000000     0.000001     0.000000     0.000000     0.000000     0.000001
Ghost Zone Exchange           0.076772     0.038936     0.013130     0.005306     0.003023     0.002533     0.000008     0.000009     0.000005     0.139723
  local exchange              0.043238     0.021022     0.005673     0.002498     0.001255     0.000842     0.000000     0.000000     0.000000     0.074528
  pack MPI buffers            0.002566     0.001824     0.001011     0.000616     0.000552     0.000653     0.000000     0.000000     0.000000     0.007223
  unpack MPI buffers          0.002385     0.001652     0.001066     0.000615     0.000593     0.000653     0.000000     0.000000     0.000000     0.006963
  MPI_Isend                   0.014984     0.007247     0.002610     0.000539     0.000146     0.000068     0.000000     0.000000     0.000000     0.025593
  MPI_Irecv                   0.000034     0.000042     0.000032     0.000022     0.000010     0.000012     0.000000     0.000000     0.000000     0.000151
  MPI_Waitall                 0.013549     0.007131     0.002716     0.000985     0.000427     0.000253     0.000000     0.000000     0.000000     0.025060
MPI_collectives               0.000023     0.000000     0.000000     0.000000     0.000000     0.000000     0.000000     0.000000     0.000048     0.000071
------------------        ------------ ------------ ------------ ------------ ------------ ------------ ------------ ------------ ------------ ------------ 
Total by level                2.139203     0.505752     0.102170     0.022551     0.007730     0.004936     0.001947     0.001090     0.000423     2.785801

   Total time in MGBuild      2.080749 seconds
   Total time in MGSolve      2.785833 seconds
      number of v-cycles             1
Bottom solver iterations            16




===== Performance Summary ======================================================
  h=1.953125000000000e-03  DOF=1.342177280000000e+08  time=2.785833  DOF/s=4.818e+07  MPI=2  OMP=28


===== Richardson error analysis ================================================
FMGSolve... f-cycle     norm=4.151187824908527e-08  rel=4.153376389499612e-08  done (2.786367 seconds)
FMGSolve... f-cycle     norm=5.144231718379189e-07  rel=5.155086782761839e-07  done (0.388066 seconds)
FMGSolve... f-cycle     norm=7.454875268653183e-06  rel=7.517955872287669e-06  done (0.062718 seconds)
  h=1.953125000000000e-03  ||error||=9.221160354386249e-10
  order=4.011


===== Deallocating memory ======================================================
attempting to free the restriction and interpolation lists... done
attempting to free the     2^3 level... done
attempting to free the     4^3 level... done
attempting to free the     8^3 level... done
attempting to free the    16^3 level... done
attempting to free the    32^3 level... done
attempting to free the    64^3 level... done
attempting to free the   128^3 level... done
attempting to free the   256^3 level... done
attempting to free the   512^3 level... done


===== Done =====================================================================
