

********************************************************************************
***                            HPGMG-FV Benchmark                            ***
********************************************************************************
Requested MPI_THREAD_FUNNELED, got MPI_THREAD_FUNNELED
2 MPI Tasks of 28 threads


===== Benchmark setup ==========================================================

attempting to create a 512^3 level from 8 x 256^3 boxes distributed among 2 tasks...
  boundary condition = BC_DIRICHLET
  Decomposing level via Z-mort ordering... done
  Allocating vectors... done
  Calculating boxes per process... target=4.000, max=4
  Creating Poisson (a=0.000000, b=1.000000) test problem
  calculating D^{-1} exactly for level h=1.953125e-03 using  64 colors...  done (9.445588 seconds)

attempting to create a 256^3 level from 8 x 128^3 boxes distributed among 2 tasks...
  boundary condition = BC_DIRICHLET
  Decomposing level via Z-mort ordering... done
  Allocating vectors... done
  Calculating boxes per process... target=4.000, max=4

attempting to create a 128^3 level from 8 x 64^3 boxes distributed among 2 tasks...
  boundary condition = BC_DIRICHLET
  Decomposing level via Z-mort ordering... done
  Allocating vectors... done
  Calculating boxes per process... target=4.000, max=4

attempting to create a 64^3 level from 8 x 32^3 boxes distributed among 2 tasks...
  boundary condition = BC_DIRICHLET
  Decomposing level via Z-mort ordering... done
  Allocating vectors... done
  Calculating boxes per process... target=4.000, max=4

attempting to create a 32^3 level from 8 x 16^3 boxes distributed among 2 tasks...
  boundary condition = BC_DIRICHLET
  Decomposing level via Z-mort ordering... done
  Allocating vectors... done
  Calculating boxes per process... target=4.000, max=4

attempting to create a 16^3 level from 8 x 8^3 boxes distributed among 2 tasks...
  boundary condition = BC_DIRICHLET
  Decomposing level via Z-mort ordering... done
  Allocating vectors... done
  Calculating boxes per process... target=4.000, max=4

attempting to create a 8^3 level from 1 x 8^3 boxes distributed among 2 tasks...
  boundary condition = BC_DIRICHLET
  Decomposing level via Z-mort ordering... done
  Allocating vectors... done
  Calculating boxes per process... target=0.500, max=1

attempting to create a 4^3 level from 1 x 4^3 boxes distributed among 2 tasks...
  boundary condition = BC_DIRICHLET
  Decomposing level via Z-mort ordering... done
  Allocating vectors... done
  Calculating boxes per process... target=0.500, max=1

attempting to create a 2^3 level from 1 x 2^3 boxes distributed among 2 tasks...
  boundary condition = BC_DIRICHLET
  Decomposing level via Z-mort ordering... done
  Allocating vectors... done
  Calculating boxes per process... target=0.500, max=1

  Building restriction and interpolation lists... done

  Building MPI subcommunicator for level  1... done (0.000504 seconds)
  Building MPI subcommunicator for level  2... done (0.000308 seconds)
  Building MPI subcommunicator for level  3... done (0.000286 seconds)
  Building MPI subcommunicator for level  4... done (0.000053 seconds)
  Building MPI subcommunicator for level  5... done (0.000026 seconds)
  Building MPI subcommunicator for level  6... done (0.000054 seconds)
  Building MPI subcommunicator for level  7... done (0.000023 seconds)
  Building MPI subcommunicator for level  8... done (0.000021 seconds)

  calculating D^{-1} exactly for level h=3.906250e-03 using  64 colors...  done (1.549880 seconds)
  calculating D^{-1} exactly for level h=7.812500e-03 using  64 colors...  done (0.234664 seconds)
  calculating D^{-1} exactly for level h=1.562500e-02 using  64 colors...  done (0.033919 seconds)
  calculating D^{-1} exactly for level h=3.125000e-02 using  64 colors...  done (0.008818 seconds)
  calculating D^{-1} exactly for level h=6.250000e-02 using  64 colors...  done (0.005013 seconds)
  calculating D^{-1} exactly for level h=1.250000e-01 using  64 colors...  done (0.001556 seconds)
  calculating D^{-1} exactly for level h=2.500000e-01 using  64 colors...  done (0.000783 seconds)
  calculating D^{-1} exactly for level h=5.000000e-01 using   8 colors...  done (0.000096 seconds)



===== Warming up by running 1 solves ==========================================
FMGSolve... f-cycle     norm=4.151187824908527e-08  rel=4.153376389499612e-08  done (2.476670 seconds)


===== Running 10 solves ========================================================
FMGSolve... f-cycle     norm=4.151187824908527e-08  rel=4.153376389499612e-08  done (2.473489 seconds)
FMGSolve... f-cycle     norm=4.151187824908527e-08  rel=4.153376389499612e-08  done (2.473951 seconds)
FMGSolve... f-cycle     norm=4.151187824908527e-08  rel=4.153376389499612e-08  done (2.473988 seconds)
FMGSolve... f-cycle     norm=4.151187824908527e-08  rel=4.153376389499612e-08  done (2.474603 seconds)
FMGSolve... f-cycle     norm=4.151187824908527e-08  rel=4.153376389499612e-08  done (2.470913 seconds)
FMGSolve... f-cycle     norm=4.151187824908527e-08  rel=4.153376389499612e-08  done (2.471634 seconds)
FMGSolve... f-cycle     norm=4.151187824908527e-08  rel=4.153376389499612e-08  done (2.475362 seconds)
FMGSolve... f-cycle     norm=4.151187824908527e-08  rel=4.153376389499612e-08  done (2.471569 seconds)
FMGSolve... f-cycle     norm=4.151187824908527e-08  rel=4.153376389499612e-08  done (2.474378 seconds)
FMGSolve... f-cycle     norm=4.151187824908527e-08  rel=4.153376389499612e-08  done (2.472422 seconds)


===== Timing Breakdown =========================================================


level                                0            1            2            3            4            5            6            7            8 
level dimension                  512^3        256^3        128^3         64^3         32^3         16^3          8^3          4^3          2^3 
box dimension                    256^3        128^3         64^3         32^3         16^3          8^3          8^3          4^3          2^3        total
------------------        ------------ ------------ ------------ ------------ ------------ ------------ ------------ ------------ ------------ ------------ 
smooth                        1.382938     0.349317     0.073808     0.012155     0.002279     0.001211     0.000837     0.000179     0.000000     1.822724
  max                         1.382938     0.349317     0.073808     0.012173     0.002279     0.001211     0.000837     0.000179     0.000000     1.822742
  min                         1.374788     0.348998     0.073772     0.012155     0.002241     0.001208     0.000000     0.000000     0.000000     1.813162
residual                      0.274756     0.036366     0.007806     0.001263     0.000222     0.000107     0.000078     0.000017     0.000010     0.320626
applyOp                       0.000000     0.000000     0.000000     0.000000     0.000000     0.000000     0.000000     0.000000     0.000025     0.000025
BLAS1                         0.058525     0.002033     0.000463     0.000127     0.000064     0.000052     0.000013     0.000005     0.000044     0.061326
BLAS3                         0.000000     0.000000     0.000000     0.000000     0.000000     0.000000     0.000000     0.000000     0.000000     0.000000
Boundary Conditions           0.019989     0.011213     0.004134     0.001968     0.001232     0.000994     0.000988     0.001063     0.000398     0.041978
Restriction                   0.019087     0.003878     0.000550     0.000127     0.000080     0.000175     0.000011     0.000005     0.000000     0.023912
  local restriction           0.019086     0.003875     0.000547     0.000123     0.000078     0.000062     0.000008     0.000004     0.000000     0.023782
  pack MPI buffers            0.000000     0.000000     0.000000     0.000000     0.000000     0.000000     0.000000     0.000000     0.000000     0.000000
  unpack MPI buffers          0.000000     0.000000     0.000000     0.000000     0.000000     0.000069     0.000000     0.000000     0.000000     0.000069
  MPI_Isend                   0.000000     0.000000     0.000000     0.000000     0.000000     0.000000     0.000000     0.000000     0.000000     0.000000
  MPI_Irecv                   0.000000     0.000000     0.000000     0.000000     0.000000     0.000005     0.000000     0.000000     0.000000     0.000005
  MPI_Waitall                 0.000000     0.000000     0.000000     0.000000     0.000000     0.000034     0.000000     0.000000     0.000000     0.000034
Interpolation                 0.063627     0.011243     0.001752     0.000324     0.000137     0.000193     0.000026     0.000019     0.000000     0.077322
  local interpolation         0.063625     0.011241     0.001751     0.000322     0.000136     0.000078     0.000024     0.000017     0.000000     0.077193
  pack MPI buffers            0.000000     0.000000     0.000000     0.000000     0.000000     0.000075     0.000000     0.000000     0.000000     0.000075
  unpack MPI buffers          0.000000     0.000000     0.000000     0.000000     0.000000     0.000000     0.000000     0.000000     0.000000     0.000000
  MPI_Isend                   0.000000     0.000000     0.000000     0.000000     0.000000     0.000035     0.000000     0.000000     0.000000     0.000035
  MPI_Irecv                   0.000000     0.000000     0.000000     0.000000     0.000000     0.000000     0.000000     0.000000     0.000000     0.000000
  MPI_Waitall                 0.000000     0.000000     0.000000     0.000000     0.000000     0.000002     0.000000     0.000000     0.000000     0.000002
Ghost Zone Exchange           0.075432     0.038438     0.013315     0.005103     0.003955     0.003181     0.000008     0.000007     0.000004     0.139442
  local exchange              0.043207     0.020748     0.005538     0.002030     0.001892     0.001105     0.000000     0.000000     0.000000     0.074520
  pack MPI buffers            0.002444     0.001529     0.000895     0.000664     0.000698     0.000831     0.000000     0.000000     0.000000     0.007061
  unpack MPI buffers          0.002197     0.001479     0.001072     0.000627     0.000702     0.000835     0.000000     0.000000     0.000000     0.006912
  MPI_Isend                   0.014944     0.007489     0.002767     0.000583     0.000176     0.000070     0.000000     0.000000     0.000000     0.026029
  MPI_Irecv                   0.000033     0.000052     0.000040     0.000024     0.000011     0.000010     0.000000     0.000000     0.000000     0.000171
  MPI_Waitall                 0.012588     0.007119     0.002977     0.001147     0.000438     0.000248     0.000000     0.000000     0.000000     0.024518
MPI_collectives               0.000018     0.000000     0.000000     0.000000     0.000000     0.000000     0.000000     0.000000     0.000050     0.000068
------------------        ------------ ------------ ------------ ------------ ------------ ------------ ------------ ------------ ------------ ------------ 
Total by level                1.885582     0.448550     0.100788     0.020891     0.007898     0.005696     0.001979     0.001335     0.000474     2.473193

   Total time in MGBuild      1.919315 seconds
   Total time in MGSolve      2.473224 seconds
      number of v-cycles             1
Bottom solver iterations            16




===== Performance Summary ======================================================
  h=1.953125000000000e-03  DOF=1.342177280000000e+08  time=2.473224  DOF/s=5.427e+07  MPI=2  OMP=28


===== Richardson error analysis ================================================
FMGSolve... f-cycle     norm=4.151187824908527e-08  rel=4.153376389499612e-08  done (2.471867 seconds)
FMGSolve... f-cycle     norm=5.144231718379189e-07  rel=5.155086782761839e-07  done (0.354193 seconds)
FMGSolve... f-cycle     norm=7.454875268653183e-06  rel=7.517955872287669e-06  done (0.061762 seconds)
  h=1.953125000000000e-03  ||error||=9.221160354386249e-10
  order=4.011


===== Deallocating memory ======================================================
attempting to free the restriction and interpolation lists... done
attempting to free the     2^3 level... done
attempting to free the     4^3 level... done
attempting to free the     8^3 level... done
attempting to free the    16^3 level... done
attempting to free the    32^3 level... done
attempting to free the    64^3 level... done
attempting to free the   128^3 level... done
attempting to free the   256^3 level... done
attempting to free the   512^3 level... done


===== Done =====================================================================
