=============================================================
# of xstreams:             68
# of threads:              680
# of repeats:              11
Use pthread:               false
Preemption:                On
# of preemption groups:    68
Preemption timer interval: 1000 usec
Preemption type:           ABT_PREEMPTION_DISABLED
# of iterations:           5000000
=============================================================

Iteration 0 started...  [elapsed] 825248517 nsec
Iteration 1 started...  [elapsed] 825287244 nsec
Iteration 2 started...  [elapsed] 825366461 nsec
Iteration 3 started...  [elapsed] 825200237 nsec
Iteration 4 started...  [elapsed] 824272753 nsec
Iteration 5 started...  [elapsed] 822982994 nsec
Iteration 6 started...  [elapsed] 824188016 nsec
Iteration 7 started...  [elapsed] 823555528 nsec
Iteration 8 started...  [elapsed] 824448348 nsec
Iteration 9 started...  [elapsed] 824776388 nsec
Iteration 10 started...  [elapsed] 825395655 nsec
success!
