=============================================================
# of xstreams:             68
# of threads:              680
# of repeats:              11
Use pthread:               false
Preemption:                On
# of preemption groups:    68
Preemption timer interval: 10000 usec
Preemption type:           ABT_PREEMPTION_DISABLED
# of iterations:           5000000
=============================================================

Iteration 0 started...  [elapsed] 813177849 nsec
Iteration 1 started...  [elapsed] 812975992 nsec
Iteration 2 started...  [elapsed] 812540708 nsec
Iteration 3 started...  [elapsed] 812712717 nsec
Iteration 4 started...  [elapsed] 812813118 nsec
Iteration 5 started...  [elapsed] 810394134 nsec
Iteration 6 started...  [elapsed] 811079526 nsec
Iteration 7 started...  [elapsed] 811513557 nsec
Iteration 8 started...  [elapsed] 811704496 nsec
Iteration 9 started...  [elapsed] 812924490 nsec
Iteration 10 started...  [elapsed] 812667296 nsec
success!
