=============================================================
# of xstreams:             68
# of threads:              680
# of repeats:              11
Use pthread:               false
Preemption:                On
# of preemption groups:    68
Preemption timer interval: 10000 usec
Preemption type:           ABT_PREEMPTION_DISABLED
# of iterations:           5000000
=============================================================

Iteration 0 started...  [elapsed] 812927359 nsec
Iteration 1 started...  [elapsed] 812929811 nsec
Iteration 2 started...  [elapsed] 813034085 nsec
Iteration 3 started...  [elapsed] 812942479 nsec
Iteration 4 started...  [elapsed] 812730078 nsec
Iteration 5 started...  [elapsed] 810751189 nsec
Iteration 6 started...  [elapsed] 811256357 nsec
Iteration 7 started...  [elapsed] 811572322 nsec
Iteration 8 started...  [elapsed] 812102345 nsec
Iteration 9 started...  [elapsed] 812623266 nsec
Iteration 10 started...  [elapsed] 812605409 nsec
success!
