=============================================================
# of xstreams:             68
# of threads:              680
# of repeats:              11
Use pthread:               false
Preemption:                On
# of preemption groups:    68
Preemption timer interval: 10000 usec
Preemption type:           ABT_PREEMPTION_DISABLED
# of iterations:           5000000
=============================================================

Iteration 0 started...  [elapsed] 812675597 nsec
Iteration 1 started...  [elapsed] 812484934 nsec
Iteration 2 started...  [elapsed] 813016038 nsec
Iteration 3 started...  [elapsed] 812500983 nsec
Iteration 4 started...  [elapsed] 812679884 nsec
Iteration 5 started...  [elapsed] 810815904 nsec
Iteration 6 started...  [elapsed] 810682329 nsec
Iteration 7 started...  [elapsed] 811700209 nsec
Iteration 8 started...  [elapsed] 811697379 nsec
Iteration 9 started...  [elapsed] 812416596 nsec
Iteration 10 started...  [elapsed] 813479063 nsec
success!
