=============================================================
# of xstreams:             68
# of threads:              680
# of repeats:              11
Use pthread:               false
Preemption:                On
# of preemption groups:    68
Preemption timer interval: 10000 usec
Preemption type:           ABT_PREEMPTION_DISABLED
# of iterations:           5000000
=============================================================

Iteration 0 started...  [elapsed] 813124048 nsec
Iteration 1 started...  [elapsed] 812782359 nsec
Iteration 2 started...  [elapsed] 812527580 nsec
Iteration 3 started...  [elapsed] 812926765 nsec
Iteration 4 started...  [elapsed] 812591284 nsec
Iteration 5 started...  [elapsed] 810430199 nsec
Iteration 6 started...  [elapsed] 810903612 nsec
Iteration 7 started...  [elapsed] 811422561 nsec
Iteration 8 started...  [elapsed] 811541126 nsec
Iteration 9 started...  [elapsed] 812438450 nsec
Iteration 10 started...  [elapsed] 812619771 nsec
success!
