=============================================================
# of xstreams:             68
# of threads:              680
# of repeats:              11
Use pthread:               false
Preemption:                On
# of preemption groups:    68
Preemption timer interval: 1000 usec
Preemption type:           ABT_PREEMPTION_DISABLED
# of iterations:           5000000
=============================================================

Iteration 0 started...  [elapsed] 825440055 nsec
Iteration 1 started...  [elapsed] 825306537 nsec
Iteration 2 started...  [elapsed] 825303652 nsec
Iteration 3 started...  [elapsed] 825467253 nsec
Iteration 4 started...  [elapsed] 824841183 nsec
Iteration 5 started...  [elapsed] 822835089 nsec
Iteration 6 started...  [elapsed] 823836729 nsec
Iteration 7 started...  [elapsed] 823924533 nsec
Iteration 8 started...  [elapsed] 824034379 nsec
Iteration 9 started...  [elapsed] 825042599 nsec
Iteration 10 started...  [elapsed] 825271963 nsec
success!
