=============================================================
# of xstreams:             68
# of threads:              680
# of repeats:              11
Use pthread:               false
Preemption:                On
# of preemption groups:    68
Preemption timer interval: 10000 usec
Preemption type:           ABT_PREEMPTION_DISABLED
# of iterations:           5000000
=============================================================

Iteration 0 started...  [elapsed] 813198545 nsec
Iteration 1 started...  [elapsed] 812631404 nsec
Iteration 2 started...  [elapsed] 813057463 nsec
Iteration 3 started...  [elapsed] 812908563 nsec
Iteration 4 started...  [elapsed] 813073087 nsec
Iteration 5 started...  [elapsed] 810781356 nsec
Iteration 6 started...  [elapsed] 811422106 nsec
Iteration 7 started...  [elapsed] 811197716 nsec
Iteration 8 started...  [elapsed] 811565948 nsec
Iteration 9 started...  [elapsed] 812298280 nsec
Iteration 10 started...  [elapsed] 812394952 nsec
success!
