=============================================================
# of xstreams:             68
# of threads:              680
# of repeats:              11
Use pthread:               false
Preemption:                On
# of preemption groups:    68
Preemption timer interval: 10000 usec
Preemption type:           ABT_PREEMPTION_DISABLED
# of iterations:           5000000
=============================================================

Iteration 0 started...  [elapsed] 812548377 nsec
Iteration 1 started...  [elapsed] 813100727 nsec
Iteration 2 started...  [elapsed] 812602337 nsec
Iteration 3 started...  [elapsed] 812820996 nsec
Iteration 4 started...  [elapsed] 812878454 nsec
Iteration 5 started...  [elapsed] 810847096 nsec
Iteration 6 started...  [elapsed] 811372496 nsec
Iteration 7 started...  [elapsed] 811539896 nsec
Iteration 8 started...  [elapsed] 811512903 nsec
Iteration 9 started...  [elapsed] 812633732 nsec
Iteration 10 started...  [elapsed] 812636390 nsec
success!
