=============================================================
# of xstreams:             68
# of threads:              680
# of repeats:              11
Use pthread:               false
Preemption:                On
# of preemption groups:    68
Preemption timer interval: 1000 usec
Preemption type:           ABT_PREEMPTION_DISABLED
# of iterations:           5000000
=============================================================

Iteration 0 started...  [elapsed] 825568171 nsec
Iteration 1 started...  [elapsed] 825361977 nsec
Iteration 2 started...  [elapsed] 825258050 nsec
Iteration 3 started...  [elapsed] 825488622 nsec
Iteration 4 started...  [elapsed] 824838364 nsec
Iteration 5 started...  [elapsed] 822880078 nsec
Iteration 6 started...  [elapsed] 823706326 nsec
Iteration 7 started...  [elapsed] 824066991 nsec
Iteration 8 started...  [elapsed] 824049108 nsec
Iteration 9 started...  [elapsed] 824674063 nsec
Iteration 10 started...  [elapsed] 825396358 nsec
success!
