=============================================================
# of xstreams:             68
# of threads:              680
# of repeats:              11
Use pthread:               false
Preemption:                On
# of preemption groups:    68
Preemption timer interval: 1000 usec
Preemption type:           ABT_PREEMPTION_DISABLED
# of iterations:           5000000
=============================================================

Iteration 0 started...  [elapsed] 825434458 nsec
Iteration 1 started...  [elapsed] 825067782 nsec
Iteration 2 started...  [elapsed] 825140473 nsec
Iteration 3 started...  [elapsed] 825104804 nsec
Iteration 4 started...  [elapsed] 824781601 nsec
Iteration 5 started...  [elapsed] 822754919 nsec
Iteration 6 started...  [elapsed] 823820441 nsec
Iteration 7 started...  [elapsed] 824173889 nsec
Iteration 8 started...  [elapsed] 823803359 nsec
Iteration 9 started...  [elapsed] 824377523 nsec
Iteration 10 started...  [elapsed] 826256627 nsec
success!
