=============================================================
# of xstreams:             68
# of threads:              680
# of repeats:              11
Use pthread:               false
Preemption:                On
# of preemption groups:    68
Preemption timer interval: 10000 usec
Preemption type:           ABT_PREEMPTION_DISABLED
# of iterations:           5000000
=============================================================

Iteration 0 started...  [elapsed] 812666650 nsec
Iteration 1 started...  [elapsed] 812957478 nsec
Iteration 2 started...  [elapsed] 813042219 nsec
Iteration 3 started...  [elapsed] 812963858 nsec
Iteration 4 started...  [elapsed] 812532301 nsec
Iteration 5 started...  [elapsed] 810412683 nsec
Iteration 6 started...  [elapsed] 811315069 nsec
Iteration 7 started...  [elapsed] 811439128 nsec
Iteration 8 started...  [elapsed] 811191103 nsec
Iteration 9 started...  [elapsed] 812763700 nsec
Iteration 10 started...  [elapsed] 813129804 nsec
success!
