=============================================================
# of xstreams:             68
# of threads:              680
# of repeats:              11
Use pthread:               false
Preemption:                On
# of preemption groups:    68
Preemption timer interval: 1000 usec
Preemption type:           ABT_PREEMPTION_DISABLED
# of iterations:           5000000
=============================================================

Iteration 0 started...  [elapsed] 825242453 nsec
Iteration 1 started...  [elapsed] 825008516 nsec
Iteration 2 started...  [elapsed] 825604467 nsec
Iteration 3 started...  [elapsed] 825071248 nsec
Iteration 4 started...  [elapsed] 824794240 nsec
Iteration 5 started...  [elapsed] 823190803 nsec
Iteration 6 started...  [elapsed] 824168607 nsec
Iteration 7 started...  [elapsed] 823693202 nsec
Iteration 8 started...  [elapsed] 823869049 nsec
Iteration 9 started...  [elapsed] 825239404 nsec
Iteration 10 started...  [elapsed] 825145535 nsec
success!
