=============================================================
# of xstreams:             68
# of threads:              680
# of repeats:              11
Use pthread:               false
Preemption:                On
# of preemption groups:    68
Preemption timer interval: 1500 usec
Preemption type:           ABT_PREEMPTION_DISABLED
# of iterations:           5000000
=============================================================

Iteration 0 started...  [elapsed] 820114703 nsec
Iteration 1 started...  [elapsed] 820163585 nsec
Iteration 2 started...  [elapsed] 820059602 nsec
Iteration 3 started...  [elapsed] 820033442 nsec
Iteration 4 started...  [elapsed] 820512781 nsec
Iteration 5 started...  [elapsed] 817981230 nsec
Iteration 6 started...  [elapsed] 818304757 nsec
Iteration 7 started...  [elapsed] 818348499 nsec
Iteration 8 started...  [elapsed] 819156484 nsec
Iteration 9 started...  [elapsed] 819374681 nsec
Iteration 10 started...  [elapsed] 819755035 nsec
success!
