=============================================================
# of xstreams:             68
# of threads:              680
# of repeats:              11
Use pthread:               false
Preemption:                On
# of preemption groups:    68
Preemption timer interval: 1500 usec
Preemption type:           ABT_PREEMPTION_DISABLED
# of iterations:           5000000
=============================================================

Iteration 0 started...  [elapsed] 819794606 nsec
Iteration 1 started...  [elapsed] 819690760 nsec
Iteration 2 started...  [elapsed] 819945190 nsec
Iteration 3 started...  [elapsed] 819983701 nsec
Iteration 4 started...  [elapsed] 819661097 nsec
Iteration 5 started...  [elapsed] 817850533 nsec
Iteration 6 started...  [elapsed] 818464654 nsec
Iteration 7 started...  [elapsed] 818768621 nsec
Iteration 8 started...  [elapsed] 818284043 nsec
Iteration 9 started...  [elapsed] 819548398 nsec
Iteration 10 started...  [elapsed] 819938713 nsec
success!
