=============================================================
# of xstreams:             68
# of threads:              680
# of repeats:              11
Use pthread:               false
Preemption:                On
# of preemption groups:    68
Preemption timer interval: 1500 usec
Preemption type:           ABT_PREEMPTION_DISABLED
# of iterations:           5000000
=============================================================

Iteration 0 started...  [elapsed] 819910205 nsec
Iteration 1 started...  [elapsed] 820165281 nsec
Iteration 2 started...  [elapsed] 820359152 nsec
Iteration 3 started...  [elapsed] 820020373 nsec
Iteration 4 started...  [elapsed] 819545332 nsec
Iteration 5 started...  [elapsed] 817674245 nsec
Iteration 6 started...  [elapsed] 818747882 nsec
Iteration 7 started...  [elapsed] 818740921 nsec
Iteration 8 started...  [elapsed] 818848304 nsec
Iteration 9 started...  [elapsed] 819182821 nsec
Iteration 10 started...  [elapsed] 819684900 nsec
success!
