=============================================================
# of xstreams:             68
# of threads:              680
# of repeats:              11
Use pthread:               false
Preemption:                On
# of preemption groups:    68
Preemption timer interval: 1500 usec
Preemption type:           ABT_PREEMPTION_DISABLED
# of iterations:           5000000
=============================================================

Iteration 0 started...  [elapsed] 820218325 nsec
Iteration 1 started...  [elapsed] 821439709 nsec
Iteration 2 started...  [elapsed] 820174453 nsec
Iteration 3 started...  [elapsed] 820328994 nsec
Iteration 4 started...  [elapsed] 819062376 nsec
Iteration 5 started...  [elapsed] 817713634 nsec
Iteration 6 started...  [elapsed] 819059842 nsec
Iteration 7 started...  [elapsed] 818558607 nsec
Iteration 8 started...  [elapsed] 818999884 nsec
Iteration 9 started...  [elapsed] 819717369 nsec
Iteration 10 started...  [elapsed] 819462048 nsec
success!
