=============================================================
# of xstreams:             68
# of threads:              680
# of repeats:              11
Use pthread:               false
Preemption:                On
# of preemption groups:    68
Preemption timer interval: 1500 usec
Preemption type:           ABT_PREEMPTION_DISABLED
# of iterations:           5000000
=============================================================

Iteration 0 started...  [elapsed] 820166742 nsec
Iteration 1 started...  [elapsed] 820089757 nsec
Iteration 2 started...  [elapsed] 820091388 nsec
Iteration 3 started...  [elapsed] 820268189 nsec
Iteration 4 started...  [elapsed] 819657200 nsec
Iteration 5 started...  [elapsed] 817635183 nsec
Iteration 6 started...  [elapsed] 818528503 nsec
Iteration 7 started...  [elapsed] 818996017 nsec
Iteration 8 started...  [elapsed] 818771948 nsec
Iteration 9 started...  [elapsed] 819137065 nsec
Iteration 10 started...  [elapsed] 820067697 nsec
success!
