=============================================================
# of xstreams:             68
# of threads:              680
# of repeats:              11
Use pthread:               false
Preemption:                On
# of preemption groups:    68
Preemption timer interval: 1500 usec
Preemption type:           ABT_PREEMPTION_DISABLED
# of iterations:           5000000
=============================================================

Iteration 0 started...  [elapsed] 820169381 nsec
Iteration 1 started...  [elapsed] 820146786 nsec
Iteration 2 started...  [elapsed] 820216696 nsec
Iteration 3 started...  [elapsed] 820333653 nsec
Iteration 4 started...  [elapsed] 819661451 nsec
Iteration 5 started...  [elapsed] 817722489 nsec
Iteration 6 started...  [elapsed] 818450742 nsec
Iteration 7 started...  [elapsed] 819002204 nsec
Iteration 8 started...  [elapsed] 819154413 nsec
Iteration 9 started...  [elapsed] 820051507 nsec
Iteration 10 started...  [elapsed] 819754363 nsec
success!
