=============================================================
# of xstreams:             68
# of threads:              680
# of repeats:              11
Use pthread:               false
Preemption:                On
# of preemption groups:    68
Preemption timer interval: 1500 usec
Preemption type:           ABT_PREEMPTION_DISABLED
# of iterations:           5000000
=============================================================

Iteration 0 started...  [elapsed] 820230717 nsec
Iteration 1 started...  [elapsed] 820090609 nsec
Iteration 2 started...  [elapsed] 820189009 nsec
Iteration 3 started...  [elapsed] 819945517 nsec
Iteration 4 started...  [elapsed] 819306633 nsec
Iteration 5 started...  [elapsed] 817810563 nsec
Iteration 6 started...  [elapsed] 818744352 nsec
Iteration 7 started...  [elapsed] 818510316 nsec
Iteration 8 started...  [elapsed] 819176418 nsec
Iteration 9 started...  [elapsed] 819799451 nsec
Iteration 10 started...  [elapsed] 819368091 nsec
success!
