=============================================================
# of xstreams:             68
# of threads:              680
# of repeats:              11
Use pthread:               false
Preemption:                On
# of preemption groups:    68
Preemption timer interval: 2000 usec
Preemption type:           ABT_PREEMPTION_DISABLED
# of iterations:           5000000
=============================================================

Iteration 0 started...  [elapsed] 817652331 nsec
Iteration 1 started...  [elapsed] 817927433 nsec
Iteration 2 started...  [elapsed] 817515521 nsec
Iteration 3 started...  [elapsed] 817893727 nsec
Iteration 4 started...  [elapsed] 817620405 nsec
Iteration 5 started...  [elapsed] 815680135 nsec
Iteration 6 started...  [elapsed] 816400109 nsec
Iteration 7 started...  [elapsed] 816630170 nsec
Iteration 8 started...  [elapsed] 816493225 nsec
Iteration 9 started...  [elapsed] 817325174 nsec
Iteration 10 started...  [elapsed] 817971204 nsec
success!
