=============================================================
# of xstreams:             68
# of threads:              680
# of repeats:              11
Use pthread:               false
Preemption:                On
# of preemption groups:    68
Preemption timer interval: 2000 usec
Preemption type:           ABT_PREEMPTION_DISABLED
# of iterations:           5000000
=============================================================

Iteration 0 started...  [elapsed] 818098340 nsec
Iteration 1 started...  [elapsed] 817950271 nsec
Iteration 2 started...  [elapsed] 817610366 nsec
Iteration 3 started...  [elapsed] 817791190 nsec
Iteration 4 started...  [elapsed] 817274076 nsec
Iteration 5 started...  [elapsed] 815388942 nsec
Iteration 6 started...  [elapsed] 816468718 nsec
Iteration 7 started...  [elapsed] 816562994 nsec
Iteration 8 started...  [elapsed] 816644151 nsec
Iteration 9 started...  [elapsed] 816925961 nsec
Iteration 10 started...  [elapsed] 817794047 nsec
success!
