=============================================================
# of xstreams:             68
# of threads:              680
# of repeats:              11
Use pthread:               false
Preemption:                On
# of preemption groups:    68
Preemption timer interval: 2000 usec
Preemption type:           ABT_PREEMPTION_DISABLED
# of iterations:           5000000
=============================================================

Iteration 0 started...  [elapsed] 818237989 nsec
Iteration 1 started...  [elapsed] 817599132 nsec
Iteration 2 started...  [elapsed] 817817396 nsec
Iteration 3 started...  [elapsed] 817939224 nsec
Iteration 4 started...  [elapsed] 817781889 nsec
Iteration 5 started...  [elapsed] 815711566 nsec
Iteration 6 started...  [elapsed] 816194124 nsec
Iteration 7 started...  [elapsed] 816620047 nsec
Iteration 8 started...  [elapsed] 816436411 nsec
Iteration 9 started...  [elapsed] 817360235 nsec
Iteration 10 started...  [elapsed] 817555445 nsec
success!
