=============================================================
# of xstreams:             68
# of threads:              680
# of repeats:              11
Use pthread:               false
Preemption:                On
# of preemption groups:    68
Preemption timer interval: 2000 usec
Preemption type:           ABT_PREEMPTION_DISABLED
# of iterations:           5000000
=============================================================

Iteration 0 started...  [elapsed] 818048977 nsec
Iteration 1 started...  [elapsed] 817949274 nsec
Iteration 2 started...  [elapsed] 817895393 nsec
Iteration 3 started...  [elapsed] 817837837 nsec
Iteration 4 started...  [elapsed] 817801854 nsec
Iteration 5 started...  [elapsed] 815794776 nsec
Iteration 6 started...  [elapsed] 815940499 nsec
Iteration 7 started...  [elapsed] 816558790 nsec
Iteration 8 started...  [elapsed] 816626919 nsec
Iteration 9 started...  [elapsed] 817281068 nsec
Iteration 10 started...  [elapsed] 817417713 nsec
success!
