=============================================================
# of xstreams:             68
# of threads:              680
# of repeats:              11
Use pthread:               false
Preemption:                On
# of preemption groups:    68
Preemption timer interval: 2000 usec
Preemption type:           ABT_PREEMPTION_DISABLED
# of iterations:           5000000
=============================================================

Iteration 0 started...  [elapsed] 817776880 nsec
Iteration 1 started...  [elapsed] 817913470 nsec
Iteration 2 started...  [elapsed] 817972056 nsec
Iteration 3 started...  [elapsed] 818087805 nsec
Iteration 4 started...  [elapsed] 817202847 nsec
Iteration 5 started...  [elapsed] 815648743 nsec
Iteration 6 started...  [elapsed] 816428275 nsec
Iteration 7 started...  [elapsed] 816580352 nsec
Iteration 8 started...  [elapsed] 816672629 nsec
Iteration 9 started...  [elapsed] 817524311 nsec
Iteration 10 started...  [elapsed] 817216709 nsec
success!
