=============================================================
# of xstreams:             68
# of threads:              680
# of repeats:              11
Use pthread:               false
Preemption:                On
# of preemption groups:    68
Preemption timer interval: 2000 usec
Preemption type:           ABT_PREEMPTION_DISABLED
# of iterations:           5000000
=============================================================

Iteration 0 started...  [elapsed] 817830335 nsec
Iteration 1 started...  [elapsed] 818046508 nsec
Iteration 2 started...  [elapsed] 818141950 nsec
Iteration 3 started...  [elapsed] 817472180 nsec
Iteration 4 started...  [elapsed] 818079215 nsec
Iteration 5 started...  [elapsed] 815681187 nsec
Iteration 6 started...  [elapsed] 816145537 nsec
Iteration 7 started...  [elapsed] 816712884 nsec
Iteration 8 started...  [elapsed] 816300058 nsec
Iteration 9 started...  [elapsed] 817434600 nsec
Iteration 10 started...  [elapsed] 817502482 nsec
success!
