=============================================================
# of xstreams:             68
# of threads:              680
# of repeats:              11
Use pthread:               false
Preemption:                On
# of preemption groups:    68
Preemption timer interval: 2000 usec
Preemption type:           ABT_PREEMPTION_DISABLED
# of iterations:           5000000
=============================================================

Iteration 0 started...  [elapsed] 817604200 nsec
Iteration 1 started...  [elapsed] 818040979 nsec
Iteration 2 started...  [elapsed] 817726002 nsec
Iteration 3 started...  [elapsed] 817710092 nsec
Iteration 4 started...  [elapsed] 817360394 nsec
Iteration 5 started...  [elapsed] 815618272 nsec
Iteration 6 started...  [elapsed] 816850434 nsec
Iteration 7 started...  [elapsed] 816424789 nsec
Iteration 8 started...  [elapsed] 816776954 nsec
Iteration 9 started...  [elapsed] 817506071 nsec
Iteration 10 started...  [elapsed] 817651742 nsec
success!
