=============================================================
# of xstreams:             68
# of threads:              680
# of repeats:              11
Use pthread:               false
Preemption:                On
# of preemption groups:    68
Preemption timer interval: 2000 usec
Preemption type:           ABT_PREEMPTION_DISABLED
# of iterations:           5000000
=============================================================

Iteration 0 started...  [elapsed] 817929685 nsec
Iteration 1 started...  [elapsed] 817931982 nsec
Iteration 2 started...  [elapsed] 818017095 nsec
Iteration 3 started...  [elapsed] 817972913 nsec
Iteration 4 started...  [elapsed] 816890710 nsec
Iteration 5 started...  [elapsed] 815595816 nsec
Iteration 6 started...  [elapsed] 816659709 nsec
Iteration 7 started...  [elapsed] 816183221 nsec
Iteration 8 started...  [elapsed] 816550529 nsec
Iteration 9 started...  [elapsed] 818030387 nsec
Iteration 10 started...  [elapsed] 819344141 nsec
success!
