=============================================================
# of xstreams:             68
# of threads:              680
# of repeats:              11
Use pthread:               false
Preemption:                On
# of preemption groups:    68
Preemption timer interval: 3000 usec
Preemption type:           ABT_PREEMPTION_DISABLED
# of iterations:           5000000
=============================================================

Iteration 0 started...  [elapsed] 815793561 nsec
Iteration 1 started...  [elapsed] 815671056 nsec
Iteration 2 started...  [elapsed] 815400255 nsec
Iteration 3 started...  [elapsed] 815227175 nsec
Iteration 4 started...  [elapsed] 815181747 nsec
Iteration 5 started...  [elapsed] 813538119 nsec
Iteration 6 started...  [elapsed] 814049255 nsec
Iteration 7 started...  [elapsed] 814151556 nsec
Iteration 8 started...  [elapsed] 814439534 nsec
Iteration 9 started...  [elapsed] 815047243 nsec
Iteration 10 started...  [elapsed] 814909284 nsec
success!
