=============================================================
# of xstreams:             68
# of threads:              680
# of repeats:              11
Use pthread:               false
Preemption:                On
# of preemption groups:    68
Preemption timer interval: 300 usec
Preemption type:           ABT_PREEMPTION_DISABLED
# of iterations:           5000000
=============================================================

Iteration 0 started...  [elapsed] 864047600 nsec
Iteration 1 started...  [elapsed] 863502655 nsec
Iteration 2 started...  [elapsed] 865731915 nsec
Iteration 3 started...  [elapsed] 864370284 nsec
Iteration 4 started...  [elapsed] 858622120 nsec
Iteration 5 started...  [elapsed] 859031458 nsec
Iteration 6 started...  [elapsed] 860759654 nsec
Iteration 7 started...  [elapsed] 859990032 nsec
Iteration 8 started...  [elapsed] 860350191 nsec
Iteration 9 started...  [elapsed] 865283300 nsec
Iteration 10 started...  [elapsed] 862700234 nsec
success!
