=============================================================
# of xstreams:             68
# of threads:              680
# of repeats:              11
Use pthread:               false
Preemption:                On
# of preemption groups:    68
Preemption timer interval: 3000 usec
Preemption type:           ABT_PREEMPTION_DISABLED
# of iterations:           5000000
=============================================================

Iteration 0 started...  [elapsed] 815901018 nsec
Iteration 1 started...  [elapsed] 815795892 nsec
Iteration 2 started...  [elapsed] 815723784 nsec
Iteration 3 started...  [elapsed] 815695339 nsec
Iteration 4 started...  [elapsed] 815290128 nsec
Iteration 5 started...  [elapsed] 813490300 nsec
Iteration 6 started...  [elapsed] 814324875 nsec
Iteration 7 started...  [elapsed] 814479116 nsec
Iteration 8 started...  [elapsed] 814547387 nsec
Iteration 9 started...  [elapsed] 815144796 nsec
Iteration 10 started...  [elapsed] 815476348 nsec
success!
