=============================================================
# of xstreams:             68
# of threads:              680
# of repeats:              11
Use pthread:               false
Preemption:                On
# of preemption groups:    68
Preemption timer interval: 3000 usec
Preemption type:           ABT_PREEMPTION_DISABLED
# of iterations:           5000000
=============================================================

Iteration 0 started...  [elapsed] 815982578 nsec
Iteration 1 started...  [elapsed] 815437110 nsec
Iteration 2 started...  [elapsed] 815702970 nsec
Iteration 3 started...  [elapsed] 815714870 nsec
Iteration 4 started...  [elapsed] 815237910 nsec
Iteration 5 started...  [elapsed] 813515486 nsec
Iteration 6 started...  [elapsed] 814792375 nsec
Iteration 7 started...  [elapsed] 814361447 nsec
Iteration 8 started...  [elapsed] 814664850 nsec
Iteration 9 started...  [elapsed] 815361307 nsec
Iteration 10 started...  [elapsed] 815512838 nsec
success!
