=============================================================
# of xstreams:             68
# of threads:              680
# of repeats:              11
Use pthread:               false
Preemption:                On
# of preemption groups:    68
Preemption timer interval: 3000 usec
Preemption type:           ABT_PREEMPTION_DISABLED
# of iterations:           5000000
=============================================================

Iteration 0 started...  [elapsed] 815949556 nsec
Iteration 1 started...  [elapsed] 815819228 nsec
Iteration 2 started...  [elapsed] 815752537 nsec
Iteration 3 started...  [elapsed] 815340942 nsec
Iteration 4 started...  [elapsed] 815474696 nsec
Iteration 5 started...  [elapsed] 813616218 nsec
Iteration 6 started...  [elapsed] 814949172 nsec
Iteration 7 started...  [elapsed] 814398011 nsec
Iteration 8 started...  [elapsed] 814562692 nsec
Iteration 9 started...  [elapsed] 815250124 nsec
Iteration 10 started...  [elapsed] 814935002 nsec
success!
