=============================================================
# of xstreams:             68
# of threads:              680
# of repeats:              11
Use pthread:               false
Preemption:                On
# of preemption groups:    68
Preemption timer interval: 300 usec
Preemption type:           ABT_PREEMPTION_DISABLED
# of iterations:           5000000
=============================================================

Iteration 0 started...  [elapsed] 865969105 nsec
Iteration 1 started...  [elapsed] 863535600 nsec
Iteration 2 started...  [elapsed] 862404526 nsec
Iteration 3 started...  [elapsed] 863706909 nsec
Iteration 4 started...  [elapsed] 859548307 nsec
Iteration 5 started...  [elapsed] 857669356 nsec
Iteration 6 started...  [elapsed] 861046112 nsec
Iteration 7 started...  [elapsed] 862251137 nsec
Iteration 8 started...  [elapsed] 862688243 nsec
Iteration 9 started...  [elapsed] 864876525 nsec
Iteration 10 started...  [elapsed] 864543662 nsec
success!
