=============================================================
# of xstreams:             68
# of threads:              680
# of repeats:              11
Use pthread:               false
Preemption:                On
# of preemption groups:    68
Preemption timer interval: 300 usec
Preemption type:           ABT_PREEMPTION_DISABLED
# of iterations:           5000000
=============================================================

Iteration 0 started...  [elapsed] 863743438 nsec
Iteration 1 started...  [elapsed] 862241004 nsec
Iteration 2 started...  [elapsed] 862826713 nsec
Iteration 3 started...  [elapsed] 864609179 nsec
Iteration 4 started...  [elapsed] 861489370 nsec
Iteration 5 started...  [elapsed] 858644881 nsec
Iteration 6 started...  [elapsed] 858704923 nsec
Iteration 7 started...  [elapsed] 860111958 nsec
Iteration 8 started...  [elapsed] 861643985 nsec
Iteration 9 started...  [elapsed] 861826041 nsec
Iteration 10 started...  [elapsed] 863399421 nsec
success!
