=============================================================
# of xstreams:             68
# of threads:              680
# of repeats:              11
Use pthread:               false
Preemption:                On
# of preemption groups:    68
Preemption timer interval: 300 usec
Preemption type:           ABT_PREEMPTION_DISABLED
# of iterations:           5000000
=============================================================

Iteration 0 started...  [elapsed] 864793409 nsec
Iteration 1 started...  [elapsed] 863076786 nsec
Iteration 2 started...  [elapsed] 860954119 nsec
Iteration 3 started...  [elapsed] 863454178 nsec
Iteration 4 started...  [elapsed] 859450162 nsec
Iteration 5 started...  [elapsed] 856524222 nsec
Iteration 6 started...  [elapsed] 860182120 nsec
Iteration 7 started...  [elapsed] 859430662 nsec
Iteration 8 started...  [elapsed] 863491866 nsec
Iteration 9 started...  [elapsed] 863357054 nsec
Iteration 10 started...  [elapsed] 861694997 nsec
success!
