=============================================================
# of xstreams:             68
# of threads:              680
# of repeats:              11
Use pthread:               false
Preemption:                On
# of preemption groups:    68
Preemption timer interval: 3000 usec
Preemption type:           ABT_PREEMPTION_DISABLED
# of iterations:           5000000
=============================================================

Iteration 0 started...  [elapsed] 816060235 nsec
Iteration 1 started...  [elapsed] 815708208 nsec
Iteration 2 started...  [elapsed] 815718370 nsec
Iteration 3 started...  [elapsed] 815224709 nsec
Iteration 4 started...  [elapsed] 815458913 nsec
Iteration 5 started...  [elapsed] 813643266 nsec
Iteration 6 started...  [elapsed] 814236719 nsec
Iteration 7 started...  [elapsed] 813988093 nsec
Iteration 8 started...  [elapsed] 814600076 nsec
Iteration 9 started...  [elapsed] 815629588 nsec
Iteration 10 started...  [elapsed] 815469395 nsec
success!
