=============================================================
# of xstreams:             68
# of threads:              680
# of repeats:              11
Use pthread:               false
Preemption:                On
# of preemption groups:    68
Preemption timer interval: 3000 usec
Preemption type:           ABT_PREEMPTION_DISABLED
# of iterations:           5000000
=============================================================

Iteration 0 started...  [elapsed] 815770766 nsec
Iteration 1 started...  [elapsed] 815855144 nsec
Iteration 2 started...  [elapsed] 816709006 nsec
Iteration 3 started...  [elapsed] 815679933 nsec
Iteration 4 started...  [elapsed] 815023346 nsec
Iteration 5 started...  [elapsed] 813577003 nsec
Iteration 6 started...  [elapsed] 813959242 nsec
Iteration 7 started...  [elapsed] 814384018 nsec
Iteration 8 started...  [elapsed] 814738371 nsec
Iteration 9 started...  [elapsed] 815020918 nsec
Iteration 10 started...  [elapsed] 814865653 nsec
success!
