=============================================================
# of xstreams:             68
# of threads:              680
# of repeats:              11
Use pthread:               false
Preemption:                On
# of preemption groups:    68
Preemption timer interval: 300 usec
Preemption type:           ABT_PREEMPTION_DISABLED
# of iterations:           5000000
=============================================================

Iteration 0 started...  [elapsed] 865965048 nsec
Iteration 1 started...  [elapsed] 863103346 nsec
Iteration 2 started...  [elapsed] 867299367 nsec
Iteration 3 started...  [elapsed] 866554316 nsec
Iteration 4 started...  [elapsed] 859610369 nsec
Iteration 5 started...  [elapsed] 858529251 nsec
Iteration 6 started...  [elapsed] 861933363 nsec
Iteration 7 started...  [elapsed] 861154451 nsec
Iteration 8 started...  [elapsed] 862752398 nsec
Iteration 9 started...  [elapsed] 864040497 nsec
Iteration 10 started...  [elapsed] 864147464 nsec
success!
