=============================================================
# of xstreams:             68
# of threads:              680
# of repeats:              11
Use pthread:               false
Preemption:                On
# of preemption groups:    68
Preemption timer interval: 3000 usec
Preemption type:           ABT_PREEMPTION_DISABLED
# of iterations:           5000000
=============================================================

Iteration 0 started...  [elapsed] 815288697 nsec
Iteration 1 started...  [elapsed] 815760764 nsec
Iteration 2 started...  [elapsed] 815821353 nsec
Iteration 3 started...  [elapsed] 815218642 nsec
Iteration 4 started...  [elapsed] 815517873 nsec
Iteration 5 started...  [elapsed] 813497885 nsec
Iteration 6 started...  [elapsed] 814781114 nsec
Iteration 7 started...  [elapsed] 814462314 nsec
Iteration 8 started...  [elapsed] 814253752 nsec
Iteration 9 started...  [elapsed] 815415687 nsec
Iteration 10 started...  [elapsed] 815353939 nsec
success!
