=============================================================
# of xstreams:             68
# of threads:              680
# of repeats:              11
Use pthread:               false
Preemption:                On
# of preemption groups:    68
Preemption timer interval: 3000 usec
Preemption type:           ABT_PREEMPTION_DISABLED
# of iterations:           5000000
=============================================================

Iteration 0 started...  [elapsed] 815579264 nsec
Iteration 1 started...  [elapsed] 815290175 nsec
Iteration 2 started...  [elapsed] 815202122 nsec
Iteration 3 started...  [elapsed] 815920721 nsec
Iteration 4 started...  [elapsed] 816225608 nsec
Iteration 5 started...  [elapsed] 813871113 nsec
Iteration 6 started...  [elapsed] 813642421 nsec
Iteration 7 started...  [elapsed] 814457703 nsec
Iteration 8 started...  [elapsed] 814079557 nsec
Iteration 9 started...  [elapsed] 814870187 nsec
Iteration 10 started...  [elapsed] 815462871 nsec
success!
