=============================================================
# of xstreams:             68
# of threads:              680
# of repeats:              11
Use pthread:               false
Preemption:                On
# of preemption groups:    68
Preemption timer interval: 3000 usec
Preemption type:           ABT_PREEMPTION_DISABLED
# of iterations:           5000000
=============================================================

Iteration 0 started...  [elapsed] 815951536 nsec
Iteration 1 started...  [elapsed] 815889294 nsec
Iteration 2 started...  [elapsed] 815666064 nsec
Iteration 3 started...  [elapsed] 815295648 nsec
Iteration 4 started...  [elapsed] 815296171 nsec
Iteration 5 started...  [elapsed] 813494142 nsec
Iteration 6 started...  [elapsed] 814429764 nsec
Iteration 7 started...  [elapsed] 814212645 nsec
Iteration 8 started...  [elapsed] 813863956 nsec
Iteration 9 started...  [elapsed] 815714823 nsec
Iteration 10 started...  [elapsed] 815374031 nsec
success!
