=============================================================
# of xstreams:             68
# of threads:              680
# of repeats:              11
Use pthread:               false
Preemption:                On
# of preemption groups:    68
Preemption timer interval: 500 usec
Preemption type:           ABT_PREEMPTION_DISABLED
# of iterations:           5000000
=============================================================

Iteration 0 started...  [elapsed] 836931399 nsec
Iteration 1 started...  [elapsed] 836852638 nsec
Iteration 2 started...  [elapsed] 836508223 nsec
Iteration 3 started...  [elapsed] 836488534 nsec
Iteration 4 started...  [elapsed] 836270561 nsec
Iteration 5 started...  [elapsed] 834159889 nsec
Iteration 6 started...  [elapsed] 835573433 nsec
Iteration 7 started...  [elapsed] 836844279 nsec
Iteration 8 started...  [elapsed] 835918482 nsec
Iteration 9 started...  [elapsed] 836393358 nsec
Iteration 10 started...  [elapsed] 836751374 nsec
success!
