=============================================================
# of xstreams:             68
# of threads:              680
# of repeats:              11
Use pthread:               false
Preemption:                On
# of preemption groups:    68
Preemption timer interval: 500 usec
Preemption type:           ABT_PREEMPTION_DISABLED
# of iterations:           5000000
=============================================================

Iteration 0 started...  [elapsed] 836942735 nsec
Iteration 1 started...  [elapsed] 838263339 nsec
Iteration 2 started...  [elapsed] 836855048 nsec
Iteration 3 started...  [elapsed] 836772975 nsec
Iteration 4 started...  [elapsed] 836633480 nsec
Iteration 5 started...  [elapsed] 834229289 nsec
Iteration 6 started...  [elapsed] 834768960 nsec
Iteration 7 started...  [elapsed] 835211162 nsec
Iteration 8 started...  [elapsed] 835263325 nsec
Iteration 9 started...  [elapsed] 836433465 nsec
Iteration 10 started...  [elapsed] 836394816 nsec
success!
