=============================================================
# of xstreams:             68
# of threads:              680
# of repeats:              11
Use pthread:               false
Preemption:                On
# of preemption groups:    68
Preemption timer interval: 5000 usec
Preemption type:           ABT_PREEMPTION_DISABLED
# of iterations:           5000000
=============================================================

Iteration 0 started...  [elapsed] 814126011 nsec
Iteration 1 started...  [elapsed] 813781712 nsec
Iteration 2 started...  [elapsed] 813653281 nsec
Iteration 3 started...  [elapsed] 814129480 nsec
Iteration 4 started...  [elapsed] 813630594 nsec
Iteration 5 started...  [elapsed] 811964202 nsec
Iteration 6 started...  [elapsed] 812417285 nsec
Iteration 7 started...  [elapsed] 812728300 nsec
Iteration 8 started...  [elapsed] 812416694 nsec
Iteration 9 started...  [elapsed] 813490097 nsec
Iteration 10 started...  [elapsed] 813833170 nsec
success!
