=============================================================
# of xstreams:             68
# of threads:              680
# of repeats:              11
Use pthread:               false
Preemption:                On
# of preemption groups:    68
Preemption timer interval: 5000 usec
Preemption type:           ABT_PREEMPTION_DISABLED
# of iterations:           5000000
=============================================================

Iteration 0 started...  [elapsed] 813635514 nsec
Iteration 1 started...  [elapsed] 814292884 nsec
Iteration 2 started...  [elapsed] 814007679 nsec
Iteration 3 started...  [elapsed] 814168158 nsec
Iteration 4 started...  [elapsed] 813731178 nsec
Iteration 5 started...  [elapsed] 811997504 nsec
Iteration 6 started...  [elapsed] 812660336 nsec
Iteration 7 started...  [elapsed] 813804018 nsec
Iteration 8 started...  [elapsed] 812820469 nsec
Iteration 9 started...  [elapsed] 813186998 nsec
Iteration 10 started...  [elapsed] 814183062 nsec
success!
