=============================================================
# of xstreams:             68
# of threads:              680
# of repeats:              11
Use pthread:               false
Preemption:                On
# of preemption groups:    68
Preemption timer interval: 500 usec
Preemption type:           ABT_PREEMPTION_DISABLED
# of iterations:           5000000
=============================================================

Iteration 0 started...  [elapsed] 836624092 nsec
Iteration 1 started...  [elapsed] 836818344 nsec
Iteration 2 started...  [elapsed] 836777674 nsec
Iteration 3 started...  [elapsed] 836781641 nsec
Iteration 4 started...  [elapsed] 836369736 nsec
Iteration 5 started...  [elapsed] 834440596 nsec
Iteration 6 started...  [elapsed] 834949295 nsec
Iteration 7 started...  [elapsed] 835670864 nsec
Iteration 8 started...  [elapsed] 835534717 nsec
Iteration 9 started...  [elapsed] 836181850 nsec
Iteration 10 started...  [elapsed] 836916912 nsec
success!
