=============================================================
# of xstreams:             68
# of threads:              680
# of repeats:              11
Use pthread:               false
Preemption:                On
# of preemption groups:    68
Preemption timer interval: 500 usec
Preemption type:           ABT_PREEMPTION_DISABLED
# of iterations:           5000000
=============================================================

Iteration 0 started...  [elapsed] 836698327 nsec
Iteration 1 started...  [elapsed] 836805420 nsec
Iteration 2 started...  [elapsed] 836602873 nsec
Iteration 3 started...  [elapsed] 836826030 nsec
Iteration 4 started...  [elapsed] 836247569 nsec
Iteration 5 started...  [elapsed] 834231598 nsec
Iteration 6 started...  [elapsed] 835119469 nsec
Iteration 7 started...  [elapsed] 835673495 nsec
Iteration 8 started...  [elapsed] 835644304 nsec
Iteration 9 started...  [elapsed] 836312181 nsec
Iteration 10 started...  [elapsed] 836810474 nsec
success!
