=============================================================
# of xstreams:             68
# of threads:              680
# of repeats:              11
Use pthread:               false
Preemption:                On
# of preemption groups:    68
Preemption timer interval: 500 usec
Preemption type:           ABT_PREEMPTION_DISABLED
# of iterations:           5000000
=============================================================

Iteration 0 started...  [elapsed] 836520001 nsec
Iteration 1 started...  [elapsed] 837219788 nsec
Iteration 2 started...  [elapsed] 836772753 nsec
Iteration 3 started...  [elapsed] 836420355 nsec
Iteration 4 started...  [elapsed] 836174974 nsec
Iteration 5 started...  [elapsed] 834223124 nsec
Iteration 6 started...  [elapsed] 835284761 nsec
Iteration 7 started...  [elapsed] 835475001 nsec
Iteration 8 started...  [elapsed] 835360426 nsec
Iteration 9 started...  [elapsed] 836624350 nsec
Iteration 10 started...  [elapsed] 836665745 nsec
success!
