=============================================================
# of xstreams:             68
# of threads:              680
# of repeats:              11
Use pthread:               false
Preemption:                On
# of preemption groups:    68
Preemption timer interval: 5000 usec
Preemption type:           ABT_PREEMPTION_DISABLED
# of iterations:           5000000
=============================================================

Iteration 0 started...  [elapsed] 813820377 nsec
Iteration 1 started...  [elapsed] 814306339 nsec
Iteration 2 started...  [elapsed] 814343237 nsec
Iteration 3 started...  [elapsed] 814034821 nsec
Iteration 4 started...  [elapsed] 813562154 nsec
Iteration 5 started...  [elapsed] 811879000 nsec
Iteration 6 started...  [elapsed] 812559694 nsec
Iteration 7 started...  [elapsed] 812951548 nsec
Iteration 8 started...  [elapsed] 813073452 nsec
Iteration 9 started...  [elapsed] 813429085 nsec
Iteration 10 started...  [elapsed] 814155929 nsec
success!
