=============================================================
# of xstreams:             68
# of threads:              680
# of repeats:              11
Use pthread:               false
Preemption:                On
# of preemption groups:    68
Preemption timer interval: 500 usec
Preemption type:           ABT_PREEMPTION_DISABLED
# of iterations:           5000000
=============================================================

Iteration 0 started...  [elapsed] 836774677 nsec
Iteration 1 started...  [elapsed] 837110557 nsec
Iteration 2 started...  [elapsed] 836737578 nsec
Iteration 3 started...  [elapsed] 836693439 nsec
Iteration 4 started...  [elapsed] 836589626 nsec
Iteration 5 started...  [elapsed] 834192947 nsec
Iteration 6 started...  [elapsed] 835107971 nsec
Iteration 7 started...  [elapsed] 835468993 nsec
Iteration 8 started...  [elapsed] 835420836 nsec
Iteration 9 started...  [elapsed] 836233725 nsec
Iteration 10 started...  [elapsed] 836305659 nsec
success!
