=============================================================
# of xstreams:             68
# of threads:              680
# of repeats:              11
Use pthread:               false
Preemption:                On
# of preemption groups:    68
Preemption timer interval: 500 usec
Preemption type:           ABT_PREEMPTION_DISABLED
# of iterations:           5000000
=============================================================

Iteration 0 started...  [elapsed] 836671686 nsec
Iteration 1 started...  [elapsed] 836877530 nsec
Iteration 2 started...  [elapsed] 836983457 nsec
Iteration 3 started...  [elapsed] 836581038 nsec
Iteration 4 started...  [elapsed] 836385672 nsec
Iteration 5 started...  [elapsed] 834257999 nsec
Iteration 6 started...  [elapsed] 834905972 nsec
Iteration 7 started...  [elapsed] 835304835 nsec
Iteration 8 started...  [elapsed] 835357451 nsec
Iteration 9 started...  [elapsed] 836535976 nsec
Iteration 10 started...  [elapsed] 836553843 nsec
success!
