=============================================================
# of xstreams:             68
# of threads:              680
# of repeats:              11
Use pthread:               false
Preemption:                On
# of preemption groups:    68
Preemption timer interval: 500 usec
Preemption type:           ABT_PREEMPTION_DISABLED
# of iterations:           5000000
=============================================================

Iteration 0 started...  [elapsed] 836700161 nsec
Iteration 1 started...  [elapsed] 836864416 nsec
Iteration 2 started...  [elapsed] 836634903 nsec
Iteration 3 started...  [elapsed] 836764895 nsec
Iteration 4 started...  [elapsed] 836309914 nsec
Iteration 5 started...  [elapsed] 834229310 nsec
Iteration 6 started...  [elapsed] 835209864 nsec
Iteration 7 started...  [elapsed] 835438548 nsec
Iteration 8 started...  [elapsed] 835638628 nsec
Iteration 9 started...  [elapsed] 836178008 nsec
Iteration 10 started...  [elapsed] 836185868 nsec
success!
