=============================================================
# of xstreams:             68
# of threads:              680
# of repeats:              11
Use pthread:               false
Preemption:                On
# of preemption groups:    68
Preemption timer interval: 5000 usec
Preemption type:           ABT_PREEMPTION_DISABLED
# of iterations:           5000000
=============================================================

Iteration 0 started...  [elapsed] 814162686 nsec
Iteration 1 started...  [elapsed] 814077266 nsec
Iteration 2 started...  [elapsed] 814267113 nsec
Iteration 3 started...  [elapsed] 814058400 nsec
Iteration 4 started...  [elapsed] 813933076 nsec
Iteration 5 started...  [elapsed] 812048572 nsec
Iteration 6 started...  [elapsed] 812326289 nsec
Iteration 7 started...  [elapsed] 812634534 nsec
Iteration 8 started...  [elapsed] 812834766 nsec
Iteration 9 started...  [elapsed] 813139919 nsec
Iteration 10 started...  [elapsed] 814062511 nsec
success!
