=============================================================
# of xstreams:             68
# of threads:              680
# of repeats:              11
Use pthread:               false
Preemption:                On
# of preemption groups:    68
Preemption timer interval: 5000 usec
Preemption type:           ABT_PREEMPTION_DISABLED
# of iterations:           5000000
=============================================================

Iteration 0 started...  [elapsed] 814304067 nsec
Iteration 1 started...  [elapsed] 813809319 nsec
Iteration 2 started...  [elapsed] 813733647 nsec
Iteration 3 started...  [elapsed] 814147540 nsec
Iteration 4 started...  [elapsed] 813721570 nsec
Iteration 5 started...  [elapsed] 811457358 nsec
Iteration 6 started...  [elapsed] 812532744 nsec
Iteration 7 started...  [elapsed] 812465988 nsec
Iteration 8 started...  [elapsed] 812760933 nsec
Iteration 9 started...  [elapsed] 813939570 nsec
Iteration 10 started...  [elapsed] 813500239 nsec
success!
