=============================================================
# of xstreams:             68
# of threads:              680
# of repeats:              11
Use pthread:               false
Preemption:                On
# of preemption groups:    68
Preemption timer interval: 5000 usec
Preemption type:           ABT_PREEMPTION_DISABLED
# of iterations:           5000000
=============================================================

Iteration 0 started...  [elapsed] 814341751 nsec
Iteration 1 started...  [elapsed] 813920493 nsec
Iteration 2 started...  [elapsed] 814180081 nsec
Iteration 3 started...  [elapsed] 813623249 nsec
Iteration 4 started...  [elapsed] 813439474 nsec
Iteration 5 started...  [elapsed] 811630453 nsec
Iteration 6 started...  [elapsed] 812705413 nsec
Iteration 7 started...  [elapsed] 812900686 nsec
Iteration 8 started...  [elapsed] 812921816 nsec
Iteration 9 started...  [elapsed] 813454193 nsec
Iteration 10 started...  [elapsed] 814032022 nsec
success!
