=============================================================
# of xstreams:             68
# of threads:              680
# of repeats:              11
Use pthread:               false
Preemption:                On
# of preemption groups:    68
Preemption timer interval: 5000 usec
Preemption type:           ABT_PREEMPTION_DISABLED
# of iterations:           5000000
=============================================================

Iteration 0 started...  [elapsed] 814230180 nsec
Iteration 1 started...  [elapsed] 814042501 nsec
Iteration 2 started...  [elapsed] 814133721 nsec
Iteration 3 started...  [elapsed] 814233323 nsec
Iteration 4 started...  [elapsed] 813569062 nsec
Iteration 5 started...  [elapsed] 811896720 nsec
Iteration 6 started...  [elapsed] 812676718 nsec
Iteration 7 started...  [elapsed] 813150568 nsec
Iteration 8 started...  [elapsed] 812606554 nsec
Iteration 9 started...  [elapsed] 813389265 nsec
Iteration 10 started...  [elapsed] 812799099 nsec
success!
