=============================================================
# of xstreams:             68
# of threads:              680
# of repeats:              11
Use pthread:               false
Preemption:                On
# of preemption groups:    68
Preemption timer interval: 5000 usec
Preemption type:           ABT_PREEMPTION_DISABLED
# of iterations:           5000000
=============================================================

Iteration 0 started...  [elapsed] 814113775 nsec
Iteration 1 started...  [elapsed] 814108985 nsec
Iteration 2 started...  [elapsed] 814196637 nsec
Iteration 3 started...  [elapsed] 814185716 nsec
Iteration 4 started...  [elapsed] 813689934 nsec
Iteration 5 started...  [elapsed] 811492400 nsec
Iteration 6 started...  [elapsed] 812478587 nsec
Iteration 7 started...  [elapsed] 812960735 nsec
Iteration 8 started...  [elapsed] 812915281 nsec
Iteration 9 started...  [elapsed] 814084169 nsec
Iteration 10 started...  [elapsed] 814122354 nsec
success!
