=============================================================
# of xstreams:             68
# of threads:              680
# of repeats:              11
Use pthread:               false
Preemption:                On
# of preemption groups:    68
Preemption timer interval: 700 usec
Preemption type:           ABT_PREEMPTION_DISABLED
# of iterations:           5000000
=============================================================

Iteration 0 started...  [elapsed] 829952983 nsec
Iteration 1 started...  [elapsed] 829607605 nsec
Iteration 2 started...  [elapsed] 829723120 nsec
Iteration 3 started...  [elapsed] 829873522 nsec
Iteration 4 started...  [elapsed] 829370576 nsec
Iteration 5 started...  [elapsed] 827300965 nsec
Iteration 6 started...  [elapsed] 828357738 nsec
Iteration 7 started...  [elapsed] 828376298 nsec
Iteration 8 started...  [elapsed] 828306298 nsec
Iteration 9 started...  [elapsed] 829868044 nsec
Iteration 10 started...  [elapsed] 828805138 nsec
success!
