=============================================================
# of xstreams:             68
# of threads:              680
# of repeats:              11
Use pthread:               false
Preemption:                On
# of preemption groups:    68
Preemption timer interval: 7000 usec
Preemption type:           ABT_PREEMPTION_DISABLED
# of iterations:           5000000
=============================================================

Iteration 0 started...  [elapsed] 813499828 nsec
Iteration 1 started...  [elapsed] 813011662 nsec
Iteration 2 started...  [elapsed] 813487489 nsec
Iteration 3 started...  [elapsed] 813324090 nsec
Iteration 4 started...  [elapsed] 813306362 nsec
Iteration 5 started...  [elapsed] 811334658 nsec
Iteration 6 started...  [elapsed] 812126786 nsec
Iteration 7 started...  [elapsed] 811588430 nsec
Iteration 8 started...  [elapsed] 811963626 nsec
Iteration 9 started...  [elapsed] 813070755 nsec
Iteration 10 started...  [elapsed] 813336734 nsec
success!
