=============================================================
# of xstreams:             68
# of threads:              680
# of repeats:              11
Use pthread:               false
Preemption:                On
# of preemption groups:    68
Preemption timer interval: 700 usec
Preemption type:           ABT_PREEMPTION_DISABLED
# of iterations:           5000000
=============================================================

Iteration 0 started...  [elapsed] 829895711 nsec
Iteration 1 started...  [elapsed] 829799195 nsec
Iteration 2 started...  [elapsed] 829811328 nsec
Iteration 3 started...  [elapsed] 829676801 nsec
Iteration 4 started...  [elapsed] 829466974 nsec
Iteration 5 started...  [elapsed] 827392952 nsec
Iteration 6 started...  [elapsed] 828283403 nsec
Iteration 7 started...  [elapsed] 828267807 nsec
Iteration 8 started...  [elapsed] 828185796 nsec
Iteration 9 started...  [elapsed] 829389360 nsec
Iteration 10 started...  [elapsed] 829451543 nsec
success!
