=============================================================
# of xstreams:             68
# of threads:              680
# of repeats:              11
Use pthread:               false
Preemption:                On
# of preemption groups:    68
Preemption timer interval: 7000 usec
Preemption type:           ABT_PREEMPTION_DISABLED
# of iterations:           5000000
=============================================================

Iteration 0 started...  [elapsed] 813611561 nsec
Iteration 1 started...  [elapsed] 813113375 nsec
Iteration 2 started...  [elapsed] 812918042 nsec
Iteration 3 started...  [elapsed] 813415680 nsec
Iteration 4 started...  [elapsed] 812687459 nsec
Iteration 5 started...  [elapsed] 811241916 nsec
Iteration 6 started...  [elapsed] 811464573 nsec
Iteration 7 started...  [elapsed] 811701576 nsec
Iteration 8 started...  [elapsed] 812057398 nsec
Iteration 9 started...  [elapsed] 813218711 nsec
Iteration 10 started...  [elapsed] 812670410 nsec
success!
