=============================================================
# of xstreams:             68
# of threads:              680
# of repeats:              11
Use pthread:               false
Preemption:                On
# of preemption groups:    68
Preemption timer interval: 7000 usec
Preemption type:           ABT_PREEMPTION_DISABLED
# of iterations:           5000000
=============================================================

Iteration 0 started...  [elapsed] 813640431 nsec
Iteration 1 started...  [elapsed] 813583459 nsec
Iteration 2 started...  [elapsed] 813419788 nsec
Iteration 3 started...  [elapsed] 813024021 nsec
Iteration 4 started...  [elapsed] 813064050 nsec
Iteration 5 started...  [elapsed] 811329514 nsec
Iteration 6 started...  [elapsed] 811829644 nsec
Iteration 7 started...  [elapsed] 812042140 nsec
Iteration 8 started...  [elapsed] 812148763 nsec
Iteration 9 started...  [elapsed] 813385564 nsec
Iteration 10 started...  [elapsed] 813339232 nsec
success!
