=============================================================
# of xstreams:             68
# of threads:              680
# of repeats:              11
Use pthread:               false
Preemption:                On
# of preemption groups:    68
Preemption timer interval: 700 usec
Preemption type:           ABT_PREEMPTION_DISABLED
# of iterations:           5000000
=============================================================

Iteration 0 started...  [elapsed] 829797835 nsec
Iteration 1 started...  [elapsed] 830015483 nsec
Iteration 2 started...  [elapsed] 829951155 nsec
Iteration 3 started...  [elapsed] 831348159 nsec
Iteration 4 started...  [elapsed] 828981294 nsec
Iteration 5 started...  [elapsed] 827279203 nsec
Iteration 6 started...  [elapsed] 828087863 nsec
Iteration 7 started...  [elapsed] 828533919 nsec
Iteration 8 started...  [elapsed] 828902054 nsec
Iteration 9 started...  [elapsed] 829195478 nsec
Iteration 10 started...  [elapsed] 829291373 nsec
success!
