=============================================================
# of xstreams:             68
# of threads:              680
# of repeats:              11
Use pthread:               false
Preemption:                On
# of preemption groups:    68
Preemption timer interval: 7000 usec
Preemption type:           ABT_PREEMPTION_DISABLED
# of iterations:           5000000
=============================================================

Iteration 0 started...  [elapsed] 813611530 nsec
Iteration 1 started...  [elapsed] 813370029 nsec
Iteration 2 started...  [elapsed] 813541002 nsec
Iteration 3 started...  [elapsed] 813587444 nsec
Iteration 4 started...  [elapsed] 813204654 nsec
Iteration 5 started...  [elapsed] 811406037 nsec
Iteration 6 started...  [elapsed] 811426250 nsec
Iteration 7 started...  [elapsed] 812341640 nsec
Iteration 8 started...  [elapsed] 811765974 nsec
Iteration 9 started...  [elapsed] 812727564 nsec
Iteration 10 started...  [elapsed] 812943487 nsec
success!
