=============================================================
# of xstreams:             68
# of threads:              680
# of repeats:              11
Use pthread:               false
Preemption:                On
# of preemption groups:    68
Preemption timer interval: 700 usec
Preemption type:           ABT_PREEMPTION_DISABLED
# of iterations:           5000000
=============================================================

Iteration 0 started...  [elapsed] 829858603 nsec
Iteration 1 started...  [elapsed] 829824437 nsec
Iteration 2 started...  [elapsed] 830092119 nsec
Iteration 3 started...  [elapsed] 829626562 nsec
Iteration 4 started...  [elapsed] 829244451 nsec
Iteration 5 started...  [elapsed] 827272967 nsec
Iteration 6 started...  [elapsed] 828593812 nsec
Iteration 7 started...  [elapsed] 829678475 nsec
Iteration 8 started...  [elapsed] 828763439 nsec
Iteration 9 started...  [elapsed] 829118148 nsec
Iteration 10 started...  [elapsed] 829846666 nsec
success!
