=============================================================
# of threads:                    14
# of timers:                     1
# of preemption for each thread: 1000
Interval time of preemption:     1000000 nsec
Managed timer:                   false
Sync timer:                      false
Chain wake-up:                   false
Thread timer:                    false
Use timerfd:                     false
=============================================================

[rank 0]
  # of preemption:                            1000
  Average interval time of preemption:        999984 nsec
  Average time to call a signal handler:      27483 nsec
  Average time to return to a normal context: 2103 nsec

[rank 1]
  # of preemption:                            1000
  Average interval time of preemption:        999991 nsec
  Average time to call a signal handler:      3411 nsec
  Average time to return to a normal context: 2363 nsec

[rank 2]
  # of preemption:                            1000
  Average interval time of preemption:        999990 nsec
  Average time to call a signal handler:      4324 nsec
  Average time to return to a normal context: 2889 nsec

[rank 3]
  # of preemption:                            1000
  Average interval time of preemption:        999990 nsec
  Average time to call a signal handler:      5024 nsec
  Average time to return to a normal context: 2669 nsec

[rank 4]
  # of preemption:                            1000
  Average interval time of preemption:        999990 nsec
  Average time to call a signal handler:      5227 nsec
  Average time to return to a normal context: 2735 nsec

[rank 5]
  # of preemption:                            1000
  Average interval time of preemption:        999991 nsec
  Average time to call a signal handler:      5275 nsec
  Average time to return to a normal context: 2791 nsec

[rank 6]
  # of preemption:                            1000
  Average interval time of preemption:        999991 nsec
  Average time to call a signal handler:      5178 nsec
  Average time to return to a normal context: 2825 nsec

[rank 7]
  # of preemption:                            1000
  Average interval time of preemption:        999990 nsec
  Average time to call a signal handler:      5354 nsec
  Average time to return to a normal context: 2741 nsec

[rank 8]
  # of preemption:                            1000
  Average interval time of preemption:        999989 nsec
  Average time to call a signal handler:      5261 nsec
  Average time to return to a normal context: 2671 nsec

[rank 9]
  # of preemption:                            1000
  Average interval time of preemption:        999988 nsec
  Average time to call a signal handler:      5178 nsec
  Average time to return to a normal context: 2759 nsec

[rank 10]
  # of preemption:                            1000
  Average interval time of preemption:        999988 nsec
  Average time to call a signal handler:      5206 nsec
  Average time to return to a normal context: 2830 nsec

[rank 11]
  # of preemption:                            1000
  Average interval time of preemption:        999987 nsec
  Average time to call a signal handler:      5321 nsec
  Average time to return to a normal context: 2244 nsec

[rank 12]
  # of preemption:                            1000
  Average interval time of preemption:        999984 nsec
  Average time to call a signal handler:      4785 nsec
  Average time to return to a normal context: 1247 nsec

[rank 13]
  # of preemption:                            1000
  Average interval time of preemption:        999983 nsec
  Average time to call a signal handler:      3349 nsec
  Average time to return to a normal context: 896 nsec

[Total]
  # of preemption:                            14000
  Average interval time of preemption:        999988 nsec
  Average time to call a signal handler:      6455 nsec
  Average time to return to a normal context: 2411 nsec

