=============================================================
# of threads:                    28
# of timers:                     1
# of preemption for each thread: 1000
Interval time of preemption:     1000000 nsec
Managed timer:                   false
Sync timer:                      false
Chain wake-up:                   false
Thread timer:                    false
Use timerfd:                     false
=============================================================

[rank 0]
  # of preemption:                            1000
  Average interval time of preemption:        998959 nsec
  Average time to call a signal handler:      57948 nsec
  Average time to return to a normal context: 2215 nsec

[rank 1]
  # of preemption:                            1000
  Average interval time of preemption:        998985 nsec
  Average time to call a signal handler:      3369 nsec
  Average time to return to a normal context: 2426 nsec

[rank 2]
  # of preemption:                            1000
  Average interval time of preemption:        998984 nsec
  Average time to call a signal handler:      4226 nsec
  Average time to return to a normal context: 2716 nsec

[rank 3]
  # of preemption:                            1000
  Average interval time of preemption:        998985 nsec
  Average time to call a signal handler:      4865 nsec
  Average time to return to a normal context: 2902 nsec

[rank 4]
  # of preemption:                            1000
  Average interval time of preemption:        998981 nsec
  Average time to call a signal handler:      5336 nsec
  Average time to return to a normal context: 2860 nsec

[rank 5]
  # of preemption:                            1000
  Average interval time of preemption:        998983 nsec
  Average time to call a signal handler:      5394 nsec
  Average time to return to a normal context: 2872 nsec

[rank 6]
  # of preemption:                            1000
  Average interval time of preemption:        998980 nsec
  Average time to call a signal handler:      5448 nsec
  Average time to return to a normal context: 2875 nsec

[rank 7]
  # of preemption:                            1000
  Average interval time of preemption:        998981 nsec
  Average time to call a signal handler:      5452 nsec
  Average time to return to a normal context: 2896 nsec

[rank 8]
  # of preemption:                            1000
  Average interval time of preemption:        998978 nsec
  Average time to call a signal handler:      5446 nsec
  Average time to return to a normal context: 2740 nsec

[rank 9]
  # of preemption:                            1000
  Average interval time of preemption:        998977 nsec
  Average time to call a signal handler:      5381 nsec
  Average time to return to a normal context: 2773 nsec

[rank 10]
  # of preemption:                            1000
  Average interval time of preemption:        998979 nsec
  Average time to call a signal handler:      5293 nsec
  Average time to return to a normal context: 2837 nsec

[rank 11]
  # of preemption:                            1000
  Average interval time of preemption:        998975 nsec
  Average time to call a signal handler:      5255 nsec
  Average time to return to a normal context: 2876 nsec

[rank 12]
  # of preemption:                            1000
  Average interval time of preemption:        998977 nsec
  Average time to call a signal handler:      5423 nsec
  Average time to return to a normal context: 2824 nsec

[rank 13]
  # of preemption:                            1000
  Average interval time of preemption:        998975 nsec
  Average time to call a signal handler:      5238 nsec
  Average time to return to a normal context: 2833 nsec

[rank 14]
  # of preemption:                            1000
  Average interval time of preemption:        998971 nsec
  Average time to call a signal handler:      5380 nsec
  Average time to return to a normal context: 2682 nsec

[rank 15]
  # of preemption:                            1000
  Average interval time of preemption:        998970 nsec
  Average time to call a signal handler:      5318 nsec
  Average time to return to a normal context: 2739 nsec

[rank 16]
  # of preemption:                            1000
  Average interval time of preemption:        998972 nsec
  Average time to call a signal handler:      5279 nsec
  Average time to return to a normal context: 2741 nsec

[rank 17]
  # of preemption:                            1000
  Average interval time of preemption:        998970 nsec
  Average time to call a signal handler:      5199 nsec
  Average time to return to a normal context: 2772 nsec

[rank 18]
  # of preemption:                            1000
  Average interval time of preemption:        998968 nsec
  Average time to call a signal handler:      5208 nsec
  Average time to return to a normal context: 2770 nsec

[rank 19]
  # of preemption:                            1000
  Average interval time of preemption:        998967 nsec
  Average time to call a signal handler:      5315 nsec
  Average time to return to a normal context: 2825 nsec

[rank 20]
  # of preemption:                            1000
  Average interval time of preemption:        998966 nsec
  Average time to call a signal handler:      5353 nsec
  Average time to return to a normal context: 2909 nsec

[rank 21]
  # of preemption:                            1000
  Average interval time of preemption:        998965 nsec
  Average time to call a signal handler:      5453 nsec
  Average time to return to a normal context: 2724 nsec

[rank 22]
  # of preemption:                            1000
  Average interval time of preemption:        998964 nsec
  Average time to call a signal handler:      5342 nsec
  Average time to return to a normal context: 2751 nsec

[rank 23]
  # of preemption:                            1000
  Average interval time of preemption:        998965 nsec
  Average time to call a signal handler:      5287 nsec
  Average time to return to a normal context: 2853 nsec

[rank 24]
  # of preemption:                            1000
  Average interval time of preemption:        998964 nsec
  Average time to call a signal handler:      5310 nsec
  Average time to return to a normal context: 2932 nsec

[rank 25]
  # of preemption:                            1000
  Average interval time of preemption:        998960 nsec
  Average time to call a signal handler:      5398 nsec
  Average time to return to a normal context: 2359 nsec

[rank 26]
  # of preemption:                            1000
  Average interval time of preemption:        998961 nsec
  Average time to call a signal handler:      4922 nsec
  Average time to return to a normal context: 1425 nsec

[rank 27]
  # of preemption:                            1000
  Average interval time of preemption:        998959 nsec
  Average time to call a signal handler:      3605 nsec
  Average time to return to a normal context: 884 nsec

[Total]
  # of preemption:                            28000
  Average interval time of preemption:        998972 nsec
  Average time to call a signal handler:      7015 nsec
  Average time to return to a normal context: 2643 nsec

