=============================================================
# of threads:                    28
# of timers:                     1
# of preemption for each thread: 1000
Interval time of preemption:     1000000 nsec
Managed timer:                   false
Sync timer:                      false
Chain wake-up:                   false
Thread timer:                    false
Use timerfd:                     false
=============================================================

[rank 0]
  # of preemption:                            1000
  Average interval time of preemption:        998981 nsec
  Average time to call a signal handler:      57501 nsec
  Average time to return to a normal context: 2157 nsec

[rank 1]
  # of preemption:                            1000
  Average interval time of preemption:        998992 nsec
  Average time to call a signal handler:      3433 nsec
  Average time to return to a normal context: 2398 nsec

[rank 2]
  # of preemption:                            1000
  Average interval time of preemption:        998992 nsec
  Average time to call a signal handler:      4263 nsec
  Average time to return to a normal context: 2750 nsec

[rank 3]
  # of preemption:                            1000
  Average interval time of preemption:        998989 nsec
  Average time to call a signal handler:      4928 nsec
  Average time to return to a normal context: 2681 nsec

[rank 4]
  # of preemption:                            1000
  Average interval time of preemption:        998989 nsec
  Average time to call a signal handler:      5197 nsec
  Average time to return to a normal context: 2641 nsec

[rank 5]
  # of preemption:                            1000
  Average interval time of preemption:        998989 nsec
  Average time to call a signal handler:      5102 nsec
  Average time to return to a normal context: 2859 nsec

[rank 6]
  # of preemption:                            1000
  Average interval time of preemption:        998990 nsec
  Average time to call a signal handler:      5164 nsec
  Average time to return to a normal context: 2863 nsec

[rank 7]
  # of preemption:                            1000
  Average interval time of preemption:        998988 nsec
  Average time to call a signal handler:      5354 nsec
  Average time to return to a normal context: 2779 nsec

[rank 8]
  # of preemption:                            1000
  Average interval time of preemption:        998990 nsec
  Average time to call a signal handler:      5308 nsec
  Average time to return to a normal context: 2658 nsec

[rank 9]
  # of preemption:                            1000
  Average interval time of preemption:        998989 nsec
  Average time to call a signal handler:      5233 nsec
  Average time to return to a normal context: 2759 nsec

[rank 10]
  # of preemption:                            1000
  Average interval time of preemption:        998989 nsec
  Average time to call a signal handler:      5237 nsec
  Average time to return to a normal context: 2844 nsec

[rank 11]
  # of preemption:                            1000
  Average interval time of preemption:        998987 nsec
  Average time to call a signal handler:      5271 nsec
  Average time to return to a normal context: 2873 nsec

[rank 12]
  # of preemption:                            1000
  Average interval time of preemption:        998987 nsec
  Average time to call a signal handler:      5462 nsec
  Average time to return to a normal context: 2758 nsec

[rank 13]
  # of preemption:                            1000
  Average interval time of preemption:        998989 nsec
  Average time to call a signal handler:      5319 nsec
  Average time to return to a normal context: 2804 nsec

[rank 14]
  # of preemption:                            1000
  Average interval time of preemption:        998985 nsec
  Average time to call a signal handler:      5285 nsec
  Average time to return to a normal context: 2730 nsec

[rank 15]
  # of preemption:                            1000
  Average interval time of preemption:        998986 nsec
  Average time to call a signal handler:      5292 nsec
  Average time to return to a normal context: 2701 nsec

[rank 16]
  # of preemption:                            1000
  Average interval time of preemption:        998988 nsec
  Average time to call a signal handler:      5236 nsec
  Average time to return to a normal context: 2820 nsec

[rank 17]
  # of preemption:                            1000
  Average interval time of preemption:        998987 nsec
  Average time to call a signal handler:      5255 nsec
  Average time to return to a normal context: 2711 nsec

[rank 18]
  # of preemption:                            1000
  Average interval time of preemption:        998987 nsec
  Average time to call a signal handler:      5285 nsec
  Average time to return to a normal context: 2897 nsec

[rank 19]
  # of preemption:                            1000
  Average interval time of preemption:        998988 nsec
  Average time to call a signal handler:      5398 nsec
  Average time to return to a normal context: 2805 nsec

[rank 20]
  # of preemption:                            1000
  Average interval time of preemption:        998987 nsec
  Average time to call a signal handler:      5315 nsec
  Average time to return to a normal context: 2731 nsec

[rank 21]
  # of preemption:                            1000
  Average interval time of preemption:        998986 nsec
  Average time to call a signal handler:      5176 nsec
  Average time to return to a normal context: 2847 nsec

[rank 22]
  # of preemption:                            1000
  Average interval time of preemption:        998987 nsec
  Average time to call a signal handler:      5288 nsec
  Average time to return to a normal context: 2732 nsec

[rank 23]
  # of preemption:                            1000
  Average interval time of preemption:        998986 nsec
  Average time to call a signal handler:      5318 nsec
  Average time to return to a normal context: 2816 nsec

[rank 24]
  # of preemption:                            1000
  Average interval time of preemption:        998986 nsec
  Average time to call a signal handler:      5365 nsec
  Average time to return to a normal context: 2864 nsec

[rank 25]
  # of preemption:                            1000
  Average interval time of preemption:        998985 nsec
  Average time to call a signal handler:      5385 nsec
  Average time to return to a normal context: 2219 nsec

[rank 26]
  # of preemption:                            1000
  Average interval time of preemption:        998984 nsec
  Average time to call a signal handler:      4751 nsec
  Average time to return to a normal context: 1313 nsec

[rank 27]
  # of preemption:                            1000
  Average interval time of preemption:        998982 nsec
  Average time to call a signal handler:      3452 nsec
  Average time to return to a normal context: 894 nsec

[Total]
  # of preemption:                            28000
  Average interval time of preemption:        998987 nsec
  Average time to call a signal handler:      6949 nsec
  Average time to return to a normal context: 2603 nsec

