=============================================================
# of threads:                    28
# of timers:                     1
# of preemption for each thread: 1000
Interval time of preemption:     1000000 nsec
Managed timer:                   false
Sync timer:                      false
Chain wake-up:                   false
Thread timer:                    false
Use timerfd:                     false
=============================================================

[rank 0]
  # of preemption:                            1000
  Average interval time of preemption:        998965 nsec
  Average time to call a signal handler:      57985 nsec
  Average time to return to a normal context: 2144 nsec

[rank 1]
  # of preemption:                            1000
  Average interval time of preemption:        998986 nsec
  Average time to call a signal handler:      3532 nsec
  Average time to return to a normal context: 2570 nsec

[rank 2]
  # of preemption:                            1000
  Average interval time of preemption:        998988 nsec
  Average time to call a signal handler:      4442 nsec
  Average time to return to a normal context: 2862 nsec

[rank 3]
  # of preemption:                            1000
  Average interval time of preemption:        998989 nsec
  Average time to call a signal handler:      5205 nsec
  Average time to return to a normal context: 2655 nsec

[rank 4]
  # of preemption:                            1000
  Average interval time of preemption:        998985 nsec
  Average time to call a signal handler:      5316 nsec
  Average time to return to a normal context: 2814 nsec

[rank 5]
  # of preemption:                            1000
  Average interval time of preemption:        998984 nsec
  Average time to call a signal handler:      5265 nsec
  Average time to return to a normal context: 2801 nsec

[rank 6]
  # of preemption:                            1000
  Average interval time of preemption:        998986 nsec
  Average time to call a signal handler:      5226 nsec
  Average time to return to a normal context: 2746 nsec

[rank 7]
  # of preemption:                            1000
  Average interval time of preemption:        998982 nsec
  Average time to call a signal handler:      5349 nsec
  Average time to return to a normal context: 2718 nsec

[rank 8]
  # of preemption:                            1000
  Average interval time of preemption:        998981 nsec
  Average time to call a signal handler:      5250 nsec
  Average time to return to a normal context: 2926 nsec

[rank 9]
  # of preemption:                            1000
  Average interval time of preemption:        998979 nsec
  Average time to call a signal handler:      5283 nsec
  Average time to return to a normal context: 2640 nsec

[rank 10]
  # of preemption:                            1000
  Average interval time of preemption:        998983 nsec
  Average time to call a signal handler:      5269 nsec
  Average time to return to a normal context: 2817 nsec

[rank 11]
  # of preemption:                            1000
  Average interval time of preemption:        998979 nsec
  Average time to call a signal handler:      5326 nsec
  Average time to return to a normal context: 2786 nsec

[rank 12]
  # of preemption:                            1000
  Average interval time of preemption:        998978 nsec
  Average time to call a signal handler:      5292 nsec
  Average time to return to a normal context: 2833 nsec

[rank 13]
  # of preemption:                            1000
  Average interval time of preemption:        998976 nsec
  Average time to call a signal handler:      5423 nsec
  Average time to return to a normal context: 2963 nsec

[rank 14]
  # of preemption:                            1000
  Average interval time of preemption:        998977 nsec
  Average time to call a signal handler:      5525 nsec
  Average time to return to a normal context: 2744 nsec

[rank 15]
  # of preemption:                            1000
  Average interval time of preemption:        998976 nsec
  Average time to call a signal handler:      5395 nsec
  Average time to return to a normal context: 2630 nsec

[rank 16]
  # of preemption:                            1000
  Average interval time of preemption:        998977 nsec
  Average time to call a signal handler:      5252 nsec
  Average time to return to a normal context: 2766 nsec

[rank 17]
  # of preemption:                            1000
  Average interval time of preemption:        998973 nsec
  Average time to call a signal handler:      5141 nsec
  Average time to return to a normal context: 2816 nsec

[rank 18]
  # of preemption:                            1000
  Average interval time of preemption:        998973 nsec
  Average time to call a signal handler:      5210 nsec
  Average time to return to a normal context: 2870 nsec

[rank 19]
  # of preemption:                            1000
  Average interval time of preemption:        998971 nsec
  Average time to call a signal handler:      5463 nsec
  Average time to return to a normal context: 2826 nsec

[rank 20]
  # of preemption:                            1000
  Average interval time of preemption:        998971 nsec
  Average time to call a signal handler:      5379 nsec
  Average time to return to a normal context: 2746 nsec

[rank 21]
  # of preemption:                            1000
  Average interval time of preemption:        998969 nsec
  Average time to call a signal handler:      5310 nsec
  Average time to return to a normal context: 2683 nsec

[rank 22]
  # of preemption:                            1000
  Average interval time of preemption:        998971 nsec
  Average time to call a signal handler:      5193 nsec
  Average time to return to a normal context: 2904 nsec

[rank 23]
  # of preemption:                            1000
  Average interval time of preemption:        998970 nsec
  Average time to call a signal handler:      5325 nsec
  Average time to return to a normal context: 2823 nsec

[rank 24]
  # of preemption:                            1000
  Average interval time of preemption:        998969 nsec
  Average time to call a signal handler:      5414 nsec
  Average time to return to a normal context: 2756 nsec

[rank 25]
  # of preemption:                            1000
  Average interval time of preemption:        998968 nsec
  Average time to call a signal handler:      5417 nsec
  Average time to return to a normal context: 2285 nsec

[rank 26]
  # of preemption:                            1000
  Average interval time of preemption:        998966 nsec
  Average time to call a signal handler:      4702 nsec
  Average time to return to a normal context: 1389 nsec

[rank 27]
  # of preemption:                            1000
  Average interval time of preemption:        998964 nsec
  Average time to call a signal handler:      3461 nsec
  Average time to return to a normal context: 904 nsec

[Total]
  # of preemption:                            28000
  Average interval time of preemption:        998976 nsec
  Average time to call a signal handler:      7012 nsec
  Average time to return to a normal context: 2622 nsec

