=============================================================
# of threads:                    28
# of timers:                     1
# of preemption for each thread: 1000
Interval time of preemption:     1000000 nsec
Managed timer:                   false
Sync timer:                      false
Chain wake-up:                   false
Thread timer:                    false
Use timerfd:                     false
=============================================================

[rank 0]
  # of preemption:                            1000
  Average interval time of preemption:        998965 nsec
  Average time to call a signal handler:      58043 nsec
  Average time to return to a normal context: 2149 nsec

[rank 1]
  # of preemption:                            1000
  Average interval time of preemption:        998987 nsec
  Average time to call a signal handler:      3447 nsec
  Average time to return to a normal context: 2435 nsec

[rank 2]
  # of preemption:                            1000
  Average interval time of preemption:        998988 nsec
  Average time to call a signal handler:      4276 nsec
  Average time to return to a normal context: 2763 nsec

[rank 3]
  # of preemption:                            1000
  Average interval time of preemption:        998988 nsec
  Average time to call a signal handler:      4981 nsec
  Average time to return to a normal context: 2798 nsec

[rank 4]
  # of preemption:                            1000
  Average interval time of preemption:        998986 nsec
  Average time to call a signal handler:      5362 nsec
  Average time to return to a normal context: 2682 nsec

[rank 5]
  # of preemption:                            1000
  Average interval time of preemption:        998986 nsec
  Average time to call a signal handler:      5247 nsec
  Average time to return to a normal context: 2920 nsec

[rank 6]
  # of preemption:                            1000
  Average interval time of preemption:        998987 nsec
  Average time to call a signal handler:      5292 nsec
  Average time to return to a normal context: 2896 nsec

[rank 7]
  # of preemption:                            1000
  Average interval time of preemption:        998987 nsec
  Average time to call a signal handler:      5499 nsec
  Average time to return to a normal context: 2799 nsec

[rank 8]
  # of preemption:                            1000
  Average interval time of preemption:        998983 nsec
  Average time to call a signal handler:      5463 nsec
  Average time to return to a normal context: 2794 nsec

[rank 9]
  # of preemption:                            1000
  Average interval time of preemption:        998985 nsec
  Average time to call a signal handler:      5340 nsec
  Average time to return to a normal context: 2738 nsec

[rank 10]
  # of preemption:                            1000
  Average interval time of preemption:        998984 nsec
  Average time to call a signal handler:      5255 nsec
  Average time to return to a normal context: 2936 nsec

[rank 11]
  # of preemption:                            1000
  Average interval time of preemption:        998981 nsec
  Average time to call a signal handler:      5330 nsec
  Average time to return to a normal context: 2858 nsec

[rank 12]
  # of preemption:                            1000
  Average interval time of preemption:        998980 nsec
  Average time to call a signal handler:      5485 nsec
  Average time to return to a normal context: 2726 nsec

[rank 13]
  # of preemption:                            1000
  Average interval time of preemption:        998979 nsec
  Average time to call a signal handler:      5408 nsec
  Average time to return to a normal context: 2845 nsec

[rank 14]
  # of preemption:                            1000
  Average interval time of preemption:        998978 nsec
  Average time to call a signal handler:      5274 nsec
  Average time to return to a normal context: 2775 nsec

[rank 15]
  # of preemption:                            1000
  Average interval time of preemption:        998979 nsec
  Average time to call a signal handler:      5333 nsec
  Average time to return to a normal context: 2706 nsec

[rank 16]
  # of preemption:                            1000
  Average interval time of preemption:        998978 nsec
  Average time to call a signal handler:      5239 nsec
  Average time to return to a normal context: 2814 nsec

[rank 17]
  # of preemption:                            1000
  Average interval time of preemption:        998977 nsec
  Average time to call a signal handler:      5296 nsec
  Average time to return to a normal context: 2896 nsec

[rank 18]
  # of preemption:                            1000
  Average interval time of preemption:        998976 nsec
  Average time to call a signal handler:      5458 nsec
  Average time to return to a normal context: 2785 nsec

[rank 19]
  # of preemption:                            1000
  Average interval time of preemption:        998974 nsec
  Average time to call a signal handler:      5377 nsec
  Average time to return to a normal context: 2798 nsec

[rank 20]
  # of preemption:                            1000
  Average interval time of preemption:        998975 nsec
  Average time to call a signal handler:      5344 nsec
  Average time to return to a normal context: 2890 nsec

[rank 21]
  # of preemption:                            1000
  Average interval time of preemption:        998973 nsec
  Average time to call a signal handler:      5115 nsec
  Average time to return to a normal context: 2760 nsec

[rank 22]
  # of preemption:                            1000
  Average interval time of preemption:        998973 nsec
  Average time to call a signal handler:      5332 nsec
  Average time to return to a normal context: 2636 nsec

[rank 23]
  # of preemption:                            1000
  Average interval time of preemption:        998969 nsec
  Average time to call a signal handler:      5254 nsec
  Average time to return to a normal context: 2951 nsec

[rank 24]
  # of preemption:                            1000
  Average interval time of preemption:        998971 nsec
  Average time to call a signal handler:      5327 nsec
  Average time to return to a normal context: 2897 nsec

[rank 25]
  # of preemption:                            1000
  Average interval time of preemption:        998969 nsec
  Average time to call a signal handler:      5508 nsec
  Average time to return to a normal context: 2243 nsec

[rank 26]
  # of preemption:                            1000
  Average interval time of preemption:        998968 nsec
  Average time to call a signal handler:      4911 nsec
  Average time to return to a normal context: 1403 nsec

[rank 27]
  # of preemption:                            1000
  Average interval time of preemption:        998965 nsec
  Average time to call a signal handler:      3513 nsec
  Average time to return to a normal context: 881 nsec

[Total]
  # of preemption:                            28000
  Average interval time of preemption:        998978 nsec
  Average time to call a signal handler:      7025 nsec
  Average time to return to a normal context: 2634 nsec

