=============================================================
# of threads:                    28
# of timers:                     1
# of preemption for each thread: 1000
Interval time of preemption:     1000000 nsec
Managed timer:                   false
Sync timer:                      false
Chain wake-up:                   false
Thread timer:                    false
Use timerfd:                     false
=============================================================

[rank 0]
  # of preemption:                            1000
  Average interval time of preemption:        998967 nsec
  Average time to call a signal handler:      57763 nsec
  Average time to return to a normal context: 2145 nsec

[rank 1]
  # of preemption:                            1000
  Average interval time of preemption:        998988 nsec
  Average time to call a signal handler:      3568 nsec
  Average time to return to a normal context: 2408 nsec

[rank 2]
  # of preemption:                            1000
  Average interval time of preemption:        998987 nsec
  Average time to call a signal handler:      4292 nsec
  Average time to return to a normal context: 2790 nsec

[rank 3]
  # of preemption:                            1000
  Average interval time of preemption:        998989 nsec
  Average time to call a signal handler:      4986 nsec
  Average time to return to a normal context: 2863 nsec

[rank 4]
  # of preemption:                            1000
  Average interval time of preemption:        998988 nsec
  Average time to call a signal handler:      5314 nsec
  Average time to return to a normal context: 2753 nsec

[rank 5]
  # of preemption:                            1000
  Average interval time of preemption:        998987 nsec
  Average time to call a signal handler:      5394 nsec
  Average time to return to a normal context: 2903 nsec

[rank 6]
  # of preemption:                            1000
  Average interval time of preemption:        998987 nsec
  Average time to call a signal handler:      5441 nsec
  Average time to return to a normal context: 2795 nsec

[rank 7]
  # of preemption:                            1000
  Average interval time of preemption:        998985 nsec
  Average time to call a signal handler:      5409 nsec
  Average time to return to a normal context: 2816 nsec

[rank 8]
  # of preemption:                            1000
  Average interval time of preemption:        998985 nsec
  Average time to call a signal handler:      5435 nsec
  Average time to return to a normal context: 2695 nsec

[rank 9]
  # of preemption:                            1000
  Average interval time of preemption:        998981 nsec
  Average time to call a signal handler:      5307 nsec
  Average time to return to a normal context: 2671 nsec

[rank 10]
  # of preemption:                            1000
  Average interval time of preemption:        998980 nsec
  Average time to call a signal handler:      5143 nsec
  Average time to return to a normal context: 2773 nsec

[rank 11]
  # of preemption:                            1000
  Average interval time of preemption:        998982 nsec
  Average time to call a signal handler:      5156 nsec
  Average time to return to a normal context: 2761 nsec

[rank 12]
  # of preemption:                            1000
  Average interval time of preemption:        998979 nsec
  Average time to call a signal handler:      5229 nsec
  Average time to return to a normal context: 2783 nsec

[rank 13]
  # of preemption:                            1000
  Average interval time of preemption:        998978 nsec
  Average time to call a signal handler:      5291 nsec
  Average time to return to a normal context: 2903 nsec

[rank 14]
  # of preemption:                            1000
  Average interval time of preemption:        998976 nsec
  Average time to call a signal handler:      5353 nsec
  Average time to return to a normal context: 2751 nsec

[rank 15]
  # of preemption:                            1000
  Average interval time of preemption:        998976 nsec
  Average time to call a signal handler:      5429 nsec
  Average time to return to a normal context: 2632 nsec

[rank 16]
  # of preemption:                            1000
  Average interval time of preemption:        998975 nsec
  Average time to call a signal handler:      5241 nsec
  Average time to return to a normal context: 2750 nsec

[rank 17]
  # of preemption:                            1000
  Average interval time of preemption:        998975 nsec
  Average time to call a signal handler:      5190 nsec
  Average time to return to a normal context: 2921 nsec

[rank 18]
  # of preemption:                            1000
  Average interval time of preemption:        998972 nsec
  Average time to call a signal handler:      5336 nsec
  Average time to return to a normal context: 2754 nsec

[rank 19]
  # of preemption:                            1000
  Average interval time of preemption:        998976 nsec
  Average time to call a signal handler:      5349 nsec
  Average time to return to a normal context: 2842 nsec

[rank 20]
  # of preemption:                            1000
  Average interval time of preemption:        998972 nsec
  Average time to call a signal handler:      5335 nsec
  Average time to return to a normal context: 2802 nsec

[rank 21]
  # of preemption:                            1000
  Average interval time of preemption:        998972 nsec
  Average time to call a signal handler:      5313 nsec
  Average time to return to a normal context: 2670 nsec

[rank 22]
  # of preemption:                            1000
  Average interval time of preemption:        998973 nsec
  Average time to call a signal handler:      5230 nsec
  Average time to return to a normal context: 2697 nsec

[rank 23]
  # of preemption:                            1000
  Average interval time of preemption:        998969 nsec
  Average time to call a signal handler:      5164 nsec
  Average time to return to a normal context: 2947 nsec

[rank 24]
  # of preemption:                            1000
  Average interval time of preemption:        998971 nsec
  Average time to call a signal handler:      5307 nsec
  Average time to return to a normal context: 2969 nsec

[rank 25]
  # of preemption:                            1000
  Average interval time of preemption:        998969 nsec
  Average time to call a signal handler:      5535 nsec
  Average time to return to a normal context: 2230 nsec

[rank 26]
  # of preemption:                            1000
  Average interval time of preemption:        998967 nsec
  Average time to call a signal handler:      4898 nsec
  Average time to return to a normal context: 1400 nsec

[rank 27]
  # of preemption:                            1000
  Average interval time of preemption:        998966 nsec
  Average time to call a signal handler:      3506 nsec
  Average time to return to a normal context: 906 nsec

[Total]
  # of preemption:                            28000
  Average interval time of preemption:        998977 nsec
  Average time to call a signal handler:      6996 nsec
  Average time to return to a normal context: 2618 nsec

