=============================================================
# of threads:                    4
# of timers:                     1
# of preemption for each thread: 1000
Interval time of preemption:     1000000 nsec
Managed timer:                   false
Sync timer:                      false
Chain wake-up:                   false
Thread timer:                    false
Use timerfd:                     false
=============================================================

[rank 0]
  # of preemption:                            1000
  Average interval time of preemption:        998994 nsec
  Average time to call a signal handler:      5529 nsec
  Average time to return to a normal context: 2017 nsec

[rank 1]
  # of preemption:                            1000
  Average interval time of preemption:        998996 nsec
  Average time to call a signal handler:      3706 nsec
  Average time to return to a normal context: 2132 nsec

[rank 2]
  # of preemption:                            1000
  Average interval time of preemption:        998994 nsec
  Average time to call a signal handler:      4258 nsec
  Average time to return to a normal context: 1408 nsec

[rank 3]
  # of preemption:                            1000
  Average interval time of preemption:        998994 nsec
  Average time to call a signal handler:      3493 nsec
  Average time to return to a normal context: 1010 nsec

[Total]
  # of preemption:                            4000
  Average interval time of preemption:        998994 nsec
  Average time to call a signal handler:      4246 nsec
  Average time to return to a normal context: 1641 nsec

