=============================================================
# of threads:                    4
# of timers:                     1
# of preemption for each thread: 1000
Interval time of preemption:     1000000 nsec
Managed timer:                   false
Sync timer:                      false
Chain wake-up:                   false
Thread timer:                    false
Use timerfd:                     false
=============================================================

[rank 0]
  # of preemption:                            1000
  Average interval time of preemption:        998994 nsec
  Average time to call a signal handler:      5686 nsec
  Average time to return to a normal context: 1928 nsec

[rank 1]
  # of preemption:                            1000
  Average interval time of preemption:        998996 nsec
  Average time to call a signal handler:      3472 nsec
  Average time to return to a normal context: 2108 nsec

[rank 2]
  # of preemption:                            1000
  Average interval time of preemption:        998993 nsec
  Average time to call a signal handler:      4027 nsec
  Average time to return to a normal context: 1335 nsec

[rank 3]
  # of preemption:                            1000
  Average interval time of preemption:        998993 nsec
  Average time to call a signal handler:      3347 nsec
  Average time to return to a normal context: 983 nsec

[Total]
  # of preemption:                            4000
  Average interval time of preemption:        998994 nsec
  Average time to call a signal handler:      4133 nsec
  Average time to return to a normal context: 1588 nsec

