=============================================================
# of threads:                    4
# of timers:                     1
# of preemption for each thread: 1000
Interval time of preemption:     1000000 nsec
Managed timer:                   false
Sync timer:                      false
Chain wake-up:                   false
Thread timer:                    false
Use timerfd:                     false
=============================================================

[rank 0]
  # of preemption:                            1000
  Average interval time of preemption:        998995 nsec
  Average time to call a signal handler:      5338 nsec
  Average time to return to a normal context: 2010 nsec

[rank 1]
  # of preemption:                            1000
  Average interval time of preemption:        998994 nsec
  Average time to call a signal handler:      3605 nsec
  Average time to return to a normal context: 2164 nsec

[rank 2]
  # of preemption:                            1000
  Average interval time of preemption:        998994 nsec
  Average time to call a signal handler:      4326 nsec
  Average time to return to a normal context: 1405 nsec

[rank 3]
  # of preemption:                            1000
  Average interval time of preemption:        998994 nsec
  Average time to call a signal handler:      3465 nsec
  Average time to return to a normal context: 987 nsec

[Total]
  # of preemption:                            4000
  Average interval time of preemption:        998994 nsec
  Average time to call a signal handler:      4183 nsec
  Average time to return to a normal context: 1641 nsec

