=============================================================
# of threads:                    4
# of timers:                     1
# of preemption for each thread: 1000
Interval time of preemption:     1000000 nsec
Managed timer:                   false
Sync timer:                      false
Chain wake-up:                   false
Thread timer:                    false
Use timerfd:                     false
=============================================================

[rank 0]
  # of preemption:                            1000
  Average interval time of preemption:        998994 nsec
  Average time to call a signal handler:      5087 nsec
  Average time to return to a normal context: 2009 nsec

[rank 1]
  # of preemption:                            1000
  Average interval time of preemption:        998993 nsec
  Average time to call a signal handler:      3505 nsec
  Average time to return to a normal context: 2161 nsec

[rank 2]
  # of preemption:                            1000
  Average interval time of preemption:        998993 nsec
  Average time to call a signal handler:      4156 nsec
  Average time to return to a normal context: 1380 nsec

[rank 3]
  # of preemption:                            1000
  Average interval time of preemption:        998994 nsec
  Average time to call a signal handler:      3509 nsec
  Average time to return to a normal context: 950 nsec

[Total]
  # of preemption:                            4000
  Average interval time of preemption:        998993 nsec
  Average time to call a signal handler:      4064 nsec
  Average time to return to a normal context: 1625 nsec

