=============================================================
# of threads:                    4
# of timers:                     1
# of preemption for each thread: 1000
Interval time of preemption:     1000000 nsec
Managed timer:                   false
Sync timer:                      false
Chain wake-up:                   false
Thread timer:                    false
Use timerfd:                     false
=============================================================

[rank 0]
  # of preemption:                            1000
  Average interval time of preemption:        998995 nsec
  Average time to call a signal handler:      5753 nsec
  Average time to return to a normal context: 1884 nsec

[rank 1]
  # of preemption:                            1000
  Average interval time of preemption:        998994 nsec
  Average time to call a signal handler:      3395 nsec
  Average time to return to a normal context: 2113 nsec

[rank 2]
  # of preemption:                            1000
  Average interval time of preemption:        998994 nsec
  Average time to call a signal handler:      3998 nsec
  Average time to return to a normal context: 1322 nsec

[rank 3]
  # of preemption:                            1000
  Average interval time of preemption:        998994 nsec
  Average time to call a signal handler:      3344 nsec
  Average time to return to a normal context: 957 nsec

[Total]
  # of preemption:                            4000
  Average interval time of preemption:        998994 nsec
  Average time to call a signal handler:      4122 nsec
  Average time to return to a normal context: 1569 nsec

