=============================================================
# of threads:                    4
# of timers:                     1
# of preemption for each thread: 1000
Interval time of preemption:     1000000 nsec
Managed timer:                   false
Sync timer:                      false
Chain wake-up:                   false
Thread timer:                    false
Use timerfd:                     false
=============================================================

[rank 0]
  # of preemption:                            1000
  Average interval time of preemption:        998995 nsec
  Average time to call a signal handler:      5096 nsec
  Average time to return to a normal context: 1954 nsec

[rank 1]
  # of preemption:                            1000
  Average interval time of preemption:        998994 nsec
  Average time to call a signal handler:      3447 nsec
  Average time to return to a normal context: 2129 nsec

[rank 2]
  # of preemption:                            1000
  Average interval time of preemption:        998994 nsec
  Average time to call a signal handler:      4002 nsec
  Average time to return to a normal context: 1428 nsec

[rank 3]
  # of preemption:                            1000
  Average interval time of preemption:        998994 nsec
  Average time to call a signal handler:      3415 nsec
  Average time to return to a normal context: 957 nsec

[Total]
  # of preemption:                            4000
  Average interval time of preemption:        998994 nsec
  Average time to call a signal handler:      3990 nsec
  Average time to return to a normal context: 1617 nsec

