=============================================================
# of threads:                    56
# of timers:                     1
# of preemption for each thread: 1000
Interval time of preemption:     1000000 nsec
Managed timer:                   false
Sync timer:                      false
Chain wake-up:                   false
Thread timer:                    false
Use timerfd:                     false
=============================================================

[rank 0]
  # of preemption:                            1000
  Average interval time of preemption:        999938 nsec
  Average time to call a signal handler:      161049 nsec
  Average time to return to a normal context: 2992 nsec

[rank 1]
  # of preemption:                            1000
  Average interval time of preemption:        999987 nsec
  Average time to call a signal handler:      3657 nsec
  Average time to return to a normal context: 2580 nsec

[rank 2]
  # of preemption:                            1000
  Average interval time of preemption:        999986 nsec
  Average time to call a signal handler:      4620 nsec
  Average time to return to a normal context: 2830 nsec

[rank 3]
  # of preemption:                            1000
  Average interval time of preemption:        999982 nsec
  Average time to call a signal handler:      5215 nsec
  Average time to return to a normal context: 2676 nsec

[rank 4]
  # of preemption:                            1000
  Average interval time of preemption:        999981 nsec
  Average time to call a signal handler:      5328 nsec
  Average time to return to a normal context: 2722 nsec

[rank 5]
  # of preemption:                            1000
  Average interval time of preemption:        999980 nsec
  Average time to call a signal handler:      5018 nsec
  Average time to return to a normal context: 2845 nsec

[rank 6]
  # of preemption:                            1000
  Average interval time of preemption:        999977 nsec
  Average time to call a signal handler:      5254 nsec
  Average time to return to a normal context: 2667 nsec

[rank 7]
  # of preemption:                            1000
  Average interval time of preemption:        999978 nsec
  Average time to call a signal handler:      5326 nsec
  Average time to return to a normal context: 2918 nsec

[rank 8]
  # of preemption:                            1000
  Average interval time of preemption:        999977 nsec
  Average time to call a signal handler:      5399 nsec
  Average time to return to a normal context: 2879 nsec

[rank 9]
  # of preemption:                            1000
  Average interval time of preemption:        999977 nsec
  Average time to call a signal handler:      5467 nsec
  Average time to return to a normal context: 2821 nsec

[rank 10]
  # of preemption:                            1000
  Average interval time of preemption:        999976 nsec
  Average time to call a signal handler:      5519 nsec
  Average time to return to a normal context: 2856 nsec

[rank 11]
  # of preemption:                            1000
  Average interval time of preemption:        999976 nsec
  Average time to call a signal handler:      5357 nsec
  Average time to return to a normal context: 2820 nsec

[rank 12]
  # of preemption:                            1000
  Average interval time of preemption:        999974 nsec
  Average time to call a signal handler:      5377 nsec
  Average time to return to a normal context: 2863 nsec

[rank 13]
  # of preemption:                            1000
  Average interval time of preemption:        999973 nsec
  Average time to call a signal handler:      5359 nsec
  Average time to return to a normal context: 2888 nsec

[rank 14]
  # of preemption:                            1000
  Average interval time of preemption:        999972 nsec
  Average time to call a signal handler:      5524 nsec
  Average time to return to a normal context: 2782 nsec

[rank 15]
  # of preemption:                            1000
  Average interval time of preemption:        999972 nsec
  Average time to call a signal handler:      5417 nsec
  Average time to return to a normal context: 2871 nsec

[rank 16]
  # of preemption:                            1000
  Average interval time of preemption:        999972 nsec
  Average time to call a signal handler:      5443 nsec
  Average time to return to a normal context: 2768 nsec

[rank 17]
  # of preemption:                            1000
  Average interval time of preemption:        999970 nsec
  Average time to call a signal handler:      5353 nsec
  Average time to return to a normal context: 2790 nsec

[rank 18]
  # of preemption:                            1000
  Average interval time of preemption:        999972 nsec
  Average time to call a signal handler:      5401 nsec
  Average time to return to a normal context: 2791 nsec

[rank 19]
  # of preemption:                            1000
  Average interval time of preemption:        999967 nsec
  Average time to call a signal handler:      5342 nsec
  Average time to return to a normal context: 2804 nsec

[rank 20]
  # of preemption:                            1000
  Average interval time of preemption:        999966 nsec
  Average time to call a signal handler:      5312 nsec
  Average time to return to a normal context: 2809 nsec

[rank 21]
  # of preemption:                            1000
  Average interval time of preemption:        999965 nsec
  Average time to call a signal handler:      5328 nsec
  Average time to return to a normal context: 2840 nsec

[rank 22]
  # of preemption:                            1000
  Average interval time of preemption:        999965 nsec
  Average time to call a signal handler:      5442 nsec
  Average time to return to a normal context: 2835 nsec

[rank 23]
  # of preemption:                            1000
  Average interval time of preemption:        999967 nsec
  Average time to call a signal handler:      5377 nsec
  Average time to return to a normal context: 2820 nsec

[rank 24]
  # of preemption:                            1000
  Average interval time of preemption:        999963 nsec
  Average time to call a signal handler:      5461 nsec
  Average time to return to a normal context: 2915 nsec

[rank 25]
  # of preemption:                            1000
  Average interval time of preemption:        999962 nsec
  Average time to call a signal handler:      5480 nsec
  Average time to return to a normal context: 3330 nsec

[rank 26]
  # of preemption:                            1000
  Average interval time of preemption:        999961 nsec
  Average time to call a signal handler:      5758 nsec
  Average time to return to a normal context: 4130 nsec

[rank 27]
  # of preemption:                            1000
  Average interval time of preemption:        999963 nsec
  Average time to call a signal handler:      6203 nsec
  Average time to return to a normal context: 4484 nsec

[rank 28]
  # of preemption:                            1000
  Average interval time of preemption:        999958 nsec
  Average time to call a signal handler:      8741 nsec
  Average time to return to a normal context: 4126 nsec

[rank 29]
  # of preemption:                            1000
  Average interval time of preemption:        999954 nsec
  Average time to call a signal handler:      8713 nsec
  Average time to return to a normal context: 4212 nsec

[rank 30]
  # of preemption:                            1000
  Average interval time of preemption:        999960 nsec
  Average time to call a signal handler:      8689 nsec
  Average time to return to a normal context: 4318 nsec

[rank 31]
  # of preemption:                            1000
  Average interval time of preemption:        999957 nsec
  Average time to call a signal handler:      7559 nsec
  Average time to return to a normal context: 4174 nsec

[rank 32]
  # of preemption:                            1000
  Average interval time of preemption:        999957 nsec
  Average time to call a signal handler:      6932 nsec
  Average time to return to a normal context: 3889 nsec

[rank 33]
  # of preemption:                            1000
  Average interval time of preemption:        999958 nsec
  Average time to call a signal handler:      8439 nsec
  Average time to return to a normal context: 3756 nsec

[rank 34]
  # of preemption:                            1000
  Average interval time of preemption:        999954 nsec
  Average time to call a signal handler:      7725 nsec
  Average time to return to a normal context: 4352 nsec

[rank 35]
  # of preemption:                            1000
  Average interval time of preemption:        999956 nsec
  Average time to call a signal handler:      7564 nsec
  Average time to return to a normal context: 4240 nsec

[rank 36]
  # of preemption:                            1000
  Average interval time of preemption:        999954 nsec
  Average time to call a signal handler:      7638 nsec
  Average time to return to a normal context: 4285 nsec

[rank 37]
  # of preemption:                            1000
  Average interval time of preemption:        999954 nsec
  Average time to call a signal handler:      7974 nsec
  Average time to return to a normal context: 4119 nsec

[rank 38]
  # of preemption:                            1000
  Average interval time of preemption:        999953 nsec
  Average time to call a signal handler:      8540 nsec
  Average time to return to a normal context: 4253 nsec

[rank 39]
  # of preemption:                            1000
  Average interval time of preemption:        999952 nsec
  Average time to call a signal handler:      7840 nsec
  Average time to return to a normal context: 4377 nsec

[rank 40]
  # of preemption:                            1000
  Average interval time of preemption:        999949 nsec
  Average time to call a signal handler:      7417 nsec
  Average time to return to a normal context: 4102 nsec

[rank 41]
  # of preemption:                            1000
  Average interval time of preemption:        999948 nsec
  Average time to call a signal handler:      7792 nsec
  Average time to return to a normal context: 3861 nsec

[rank 42]
  # of preemption:                            1000
  Average interval time of preemption:        999948 nsec
  Average time to call a signal handler:      7217 nsec
  Average time to return to a normal context: 3893 nsec

[rank 43]
  # of preemption:                            1000
  Average interval time of preemption:        999947 nsec
  Average time to call a signal handler:      7377 nsec
  Average time to return to a normal context: 4051 nsec

[rank 44]
  # of preemption:                            1000
  Average interval time of preemption:        999949 nsec
  Average time to call a signal handler:      7411 nsec
  Average time to return to a normal context: 4112 nsec

[rank 45]
  # of preemption:                            1000
  Average interval time of preemption:        999946 nsec
  Average time to call a signal handler:      8031 nsec
  Average time to return to a normal context: 4165 nsec

[rank 46]
  # of preemption:                            1000
  Average interval time of preemption:        999943 nsec
  Average time to call a signal handler:      8021 nsec
  Average time to return to a normal context: 4297 nsec

[rank 47]
  # of preemption:                            1000
  Average interval time of preemption:        999943 nsec
  Average time to call a signal handler:      7230 nsec
  Average time to return to a normal context: 4153 nsec

[rank 48]
  # of preemption:                            1000
  Average interval time of preemption:        999943 nsec
  Average time to call a signal handler:      7505 nsec
  Average time to return to a normal context: 3944 nsec

[rank 49]
  # of preemption:                            1000
  Average interval time of preemption:        999942 nsec
  Average time to call a signal handler:      8266 nsec
  Average time to return to a normal context: 3833 nsec

[rank 50]
  # of preemption:                            1000
  Average interval time of preemption:        999944 nsec
  Average time to call a signal handler:      7773 nsec
  Average time to return to a normal context: 4516 nsec

[rank 51]
  # of preemption:                            1000
  Average interval time of preemption:        999940 nsec
  Average time to call a signal handler:      7557 nsec
  Average time to return to a normal context: 4391 nsec

[rank 52]
  # of preemption:                            1000
  Average interval time of preemption:        999940 nsec
  Average time to call a signal handler:      7524 nsec
  Average time to return to a normal context: 4297 nsec

[rank 53]
  # of preemption:                            1000
  Average interval time of preemption:        999942 nsec
  Average time to call a signal handler:      8404 nsec
  Average time to return to a normal context: 2981 nsec

[rank 54]
  # of preemption:                            1000
  Average interval time of preemption:        999939 nsec
  Average time to call a signal handler:      7395 nsec
  Average time to return to a normal context: 1205 nsec

[rank 55]
  # of preemption:                            1000
  Average interval time of preemption:        999938 nsec
  Average time to call a signal handler:      4419 nsec
  Average time to return to a normal context: 856 nsec

[Total]
  # of preemption:                            56000
  Average interval time of preemption:        999960 nsec
  Average time to call a signal handler:      9294 nsec
  Average time to return to a normal context: 3412 nsec

