=============================================================
# of threads:                    56
# of timers:                     1
# of preemption for each thread: 1000
Interval time of preemption:     1000000 nsec
Managed timer:                   false
Sync timer:                      false
Chain wake-up:                   false
Thread timer:                    false
Use timerfd:                     false
=============================================================

[rank 0]
  # of preemption:                            1000
  Average interval time of preemption:        999974 nsec
  Average time to call a signal handler:      157505 nsec
  Average time to return to a normal context: 2904 nsec

[rank 1]
  # of preemption:                            1000
  Average interval time of preemption:        999990 nsec
  Average time to call a signal handler:      3672 nsec
  Average time to return to a normal context: 2430 nsec

[rank 2]
  # of preemption:                            1000
  Average interval time of preemption:        999989 nsec
  Average time to call a signal handler:      4400 nsec
  Average time to return to a normal context: 2724 nsec

[rank 3]
  # of preemption:                            1000
  Average interval time of preemption:        999989 nsec
  Average time to call a signal handler:      4920 nsec
  Average time to return to a normal context: 2951 nsec

[rank 4]
  # of preemption:                            1000
  Average interval time of preemption:        999985 nsec
  Average time to call a signal handler:      5370 nsec
  Average time to return to a normal context: 2869 nsec

[rank 5]
  # of preemption:                            1000
  Average interval time of preemption:        999988 nsec
  Average time to call a signal handler:      5386 nsec
  Average time to return to a normal context: 2813 nsec

[rank 6]
  # of preemption:                            1000
  Average interval time of preemption:        999987 nsec
  Average time to call a signal handler:      5435 nsec
  Average time to return to a normal context: 2805 nsec

[rank 7]
  # of preemption:                            1000
  Average interval time of preemption:        999985 nsec
  Average time to call a signal handler:      5412 nsec
  Average time to return to a normal context: 2778 nsec

[rank 8]
  # of preemption:                            1000
  Average interval time of preemption:        999986 nsec
  Average time to call a signal handler:      5330 nsec
  Average time to return to a normal context: 2837 nsec

[rank 9]
  # of preemption:                            1000
  Average interval time of preemption:        999987 nsec
  Average time to call a signal handler:      5334 nsec
  Average time to return to a normal context: 2797 nsec

[rank 10]
  # of preemption:                            1000
  Average interval time of preemption:        999986 nsec
  Average time to call a signal handler:      5346 nsec
  Average time to return to a normal context: 2871 nsec

[rank 11]
  # of preemption:                            1000
  Average interval time of preemption:        999983 nsec
  Average time to call a signal handler:      5422 nsec
  Average time to return to a normal context: 2893 nsec

[rank 12]
  # of preemption:                            1000
  Average interval time of preemption:        999985 nsec
  Average time to call a signal handler:      5487 nsec
  Average time to return to a normal context: 2759 nsec

[rank 13]
  # of preemption:                            1000
  Average interval time of preemption:        999984 nsec
  Average time to call a signal handler:      5352 nsec
  Average time to return to a normal context: 2869 nsec

[rank 14]
  # of preemption:                            1000
  Average interval time of preemption:        999984 nsec
  Average time to call a signal handler:      5399 nsec
  Average time to return to a normal context: 2765 nsec

[rank 15]
  # of preemption:                            1000
  Average interval time of preemption:        999983 nsec
  Average time to call a signal handler:      5324 nsec
  Average time to return to a normal context: 2692 nsec

[rank 16]
  # of preemption:                            1000
  Average interval time of preemption:        999983 nsec
  Average time to call a signal handler:      5221 nsec
  Average time to return to a normal context: 2771 nsec

[rank 17]
  # of preemption:                            1000
  Average interval time of preemption:        999983 nsec
  Average time to call a signal handler:      5257 nsec
  Average time to return to a normal context: 2762 nsec

[rank 18]
  # of preemption:                            1000
  Average interval time of preemption:        999980 nsec
  Average time to call a signal handler:      5279 nsec
  Average time to return to a normal context: 2801 nsec

[rank 19]
  # of preemption:                            1000
  Average interval time of preemption:        999982 nsec
  Average time to call a signal handler:      5331 nsec
  Average time to return to a normal context: 2757 nsec

[rank 20]
  # of preemption:                            1000
  Average interval time of preemption:        999980 nsec
  Average time to call a signal handler:      5235 nsec
  Average time to return to a normal context: 2771 nsec

[rank 21]
  # of preemption:                            1000
  Average interval time of preemption:        999981 nsec
  Average time to call a signal handler:      5096 nsec
  Average time to return to a normal context: 2711 nsec

[rank 22]
  # of preemption:                            1000
  Average interval time of preemption:        999981 nsec
  Average time to call a signal handler:      5228 nsec
  Average time to return to a normal context: 2756 nsec

[rank 23]
  # of preemption:                            1000
  Average interval time of preemption:        999979 nsec
  Average time to call a signal handler:      5288 nsec
  Average time to return to a normal context: 2668 nsec

[rank 24]
  # of preemption:                            1000
  Average interval time of preemption:        999978 nsec
  Average time to call a signal handler:      5216 nsec
  Average time to return to a normal context: 2924 nsec

[rank 25]
  # of preemption:                            1000
  Average interval time of preemption:        999978 nsec
  Average time to call a signal handler:      5389 nsec
  Average time to return to a normal context: 3527 nsec

[rank 26]
  # of preemption:                            1000
  Average interval time of preemption:        999978 nsec
  Average time to call a signal handler:      5965 nsec
  Average time to return to a normal context: 4086 nsec

[rank 27]
  # of preemption:                            1000
  Average interval time of preemption:        999980 nsec
  Average time to call a signal handler:      6799 nsec
  Average time to return to a normal context: 4393 nsec

[rank 28]
  # of preemption:                            1000
  Average interval time of preemption:        999978 nsec
  Average time to call a signal handler:      7897 nsec
  Average time to return to a normal context: 4189 nsec

[rank 29]
  # of preemption:                            1000
  Average interval time of preemption:        999978 nsec
  Average time to call a signal handler:      8400 nsec
  Average time to return to a normal context: 4020 nsec

[rank 30]
  # of preemption:                            1000
  Average interval time of preemption:        999981 nsec
  Average time to call a signal handler:      8081 nsec
  Average time to return to a normal context: 4154 nsec

[rank 31]
  # of preemption:                            1000
  Average interval time of preemption:        999980 nsec
  Average time to call a signal handler:      7726 nsec
  Average time to return to a normal context: 4122 nsec

[rank 32]
  # of preemption:                            1000
  Average interval time of preemption:        999978 nsec
  Average time to call a signal handler:      8024 nsec
  Average time to return to a normal context: 3952 nsec

[rank 33]
  # of preemption:                            1000
  Average interval time of preemption:        999979 nsec
  Average time to call a signal handler:      7312 nsec
  Average time to return to a normal context: 4052 nsec

[rank 34]
  # of preemption:                            1000
  Average interval time of preemption:        999980 nsec
  Average time to call a signal handler:      7076 nsec
  Average time to return to a normal context: 3860 nsec

[rank 35]
  # of preemption:                            1000
  Average interval time of preemption:        999978 nsec
  Average time to call a signal handler:      7064 nsec
  Average time to return to a normal context: 3654 nsec

[rank 36]
  # of preemption:                            1000
  Average interval time of preemption:        999981 nsec
  Average time to call a signal handler:      7306 nsec
  Average time to return to a normal context: 3762 nsec

[rank 37]
  # of preemption:                            1000
  Average interval time of preemption:        999980 nsec
  Average time to call a signal handler:      7473 nsec
  Average time to return to a normal context: 3957 nsec

[rank 38]
  # of preemption:                            1000
  Average interval time of preemption:        999978 nsec
  Average time to call a signal handler:      6040 nsec
  Average time to return to a normal context: 3877 nsec

[rank 39]
  # of preemption:                            1000
  Average interval time of preemption:        999980 nsec
  Average time to call a signal handler:      6431 nsec
  Average time to return to a normal context: 3455 nsec

[rank 40]
  # of preemption:                            1000
  Average interval time of preemption:        999980 nsec
  Average time to call a signal handler:      7926 nsec
  Average time to return to a normal context: 3743 nsec

[rank 41]
  # of preemption:                            1000
  Average interval time of preemption:        999979 nsec
  Average time to call a signal handler:      7627 nsec
  Average time to return to a normal context: 4013 nsec

[rank 42]
  # of preemption:                            1000
  Average interval time of preemption:        999979 nsec
  Average time to call a signal handler:      7429 nsec
  Average time to return to a normal context: 4179 nsec

[rank 43]
  # of preemption:                            1000
  Average interval time of preemption:        999979 nsec
  Average time to call a signal handler:      7460 nsec
  Average time to return to a normal context: 4109 nsec

[rank 44]
  # of preemption:                            1000
  Average interval time of preemption:        999976 nsec
  Average time to call a signal handler:      7973 nsec
  Average time to return to a normal context: 4183 nsec

[rank 45]
  # of preemption:                            1000
  Average interval time of preemption:        999977 nsec
  Average time to call a signal handler:      7911 nsec
  Average time to return to a normal context: 4072 nsec

[rank 46]
  # of preemption:                            1000
  Average interval time of preemption:        999980 nsec
  Average time to call a signal handler:      7567 nsec
  Average time to return to a normal context: 3972 nsec

[rank 47]
  # of preemption:                            1000
  Average interval time of preemption:        999977 nsec
  Average time to call a signal handler:      7066 nsec
  Average time to return to a normal context: 4121 nsec

[rank 48]
  # of preemption:                            1000
  Average interval time of preemption:        999980 nsec
  Average time to call a signal handler:      7922 nsec
  Average time to return to a normal context: 3922 nsec

[rank 49]
  # of preemption:                            1000
  Average interval time of preemption:        999977 nsec
  Average time to call a signal handler:      6671 nsec
  Average time to return to a normal context: 3659 nsec

[rank 50]
  # of preemption:                            1000
  Average interval time of preemption:        999979 nsec
  Average time to call a signal handler:      7617 nsec
  Average time to return to a normal context: 3889 nsec

[rank 51]
  # of preemption:                            1000
  Average interval time of preemption:        999976 nsec
  Average time to call a signal handler:      6931 nsec
  Average time to return to a normal context: 3993 nsec

[rank 52]
  # of preemption:                            1000
  Average interval time of preemption:        999979 nsec
  Average time to call a signal handler:      7617 nsec
  Average time to return to a normal context: 4143 nsec

[rank 53]
  # of preemption:                            1000
  Average interval time of preemption:        999979 nsec
  Average time to call a signal handler:      8064 nsec
  Average time to return to a normal context: 2953 nsec

[rank 54]
  # of preemption:                            1000
  Average interval time of preemption:        999977 nsec
  Average time to call a signal handler:      7029 nsec
  Average time to return to a normal context: 1334 nsec

[rank 55]
  # of preemption:                            1000
  Average interval time of preemption:        999975 nsec
  Average time to call a signal handler:      4451 nsec
  Average time to return to a normal context: 841 nsec

[Total]
  # of preemption:                            56000
  Average interval time of preemption:        999980 nsec
  Average time to call a signal handler:      9044 nsec
  Average time to return to a normal context: 3319 nsec

