=============================================================
# of threads:                    8
# of timers:                     1
# of preemption for each thread: 1000
Interval time of preemption:     1000000 nsec
Managed timer:                   false
Sync timer:                      false
Chain wake-up:                   false
Thread timer:                    false
Use timerfd:                     false
=============================================================

[rank 0]
  # of preemption:                            1000
  Average interval time of preemption:        998990 nsec
  Average time to call a signal handler:      14007 nsec
  Average time to return to a normal context: 2192 nsec

[rank 1]
  # of preemption:                            1000
  Average interval time of preemption:        998995 nsec
  Average time to call a signal handler:      3448 nsec
  Average time to return to a normal context: 2520 nsec

[rank 2]
  # of preemption:                            1000
  Average interval time of preemption:        998994 nsec
  Average time to call a signal handler:      4233 nsec
  Average time to return to a normal context: 2857 nsec

[rank 3]
  # of preemption:                            1000
  Average interval time of preemption:        998991 nsec
  Average time to call a signal handler:      5018 nsec
  Average time to return to a normal context: 2867 nsec

[rank 4]
  # of preemption:                            1000
  Average interval time of preemption:        998991 nsec
  Average time to call a signal handler:      5414 nsec
  Average time to return to a normal context: 2936 nsec

[rank 5]
  # of preemption:                            1000
  Average interval time of preemption:        998990 nsec
  Average time to call a signal handler:      5414 nsec
  Average time to return to a normal context: 2242 nsec

[rank 6]
  # of preemption:                            1000
  Average interval time of preemption:        998991 nsec
  Average time to call a signal handler:      4891 nsec
  Average time to return to a normal context: 1189 nsec

[rank 7]
  # of preemption:                            1000
  Average interval time of preemption:        998988 nsec
  Average time to call a signal handler:      3430 nsec
  Average time to return to a normal context: 1071 nsec

[Total]
  # of preemption:                            8000
  Average interval time of preemption:        998991 nsec
  Average time to call a signal handler:      5731 nsec
  Average time to return to a normal context: 2234 nsec

