=============================================================
# of threads:                    8
# of timers:                     1
# of preemption for each thread: 1000
Interval time of preemption:     1000000 nsec
Managed timer:                   false
Sync timer:                      false
Chain wake-up:                   false
Thread timer:                    false
Use timerfd:                     false
=============================================================

[rank 0]
  # of preemption:                            1000
  Average interval time of preemption:        998989 nsec
  Average time to call a signal handler:      14472 nsec
  Average time to return to a normal context: 2282 nsec

[rank 1]
  # of preemption:                            1000
  Average interval time of preemption:        998993 nsec
  Average time to call a signal handler:      3421 nsec
  Average time to return to a normal context: 2575 nsec

[rank 2]
  # of preemption:                            1000
  Average interval time of preemption:        998994 nsec
  Average time to call a signal handler:      4457 nsec
  Average time to return to a normal context: 2881 nsec

[rank 3]
  # of preemption:                            1000
  Average interval time of preemption:        998993 nsec
  Average time to call a signal handler:      5150 nsec
  Average time to return to a normal context: 2936 nsec

[rank 4]
  # of preemption:                            1000
  Average interval time of preemption:        998993 nsec
  Average time to call a signal handler:      5490 nsec
  Average time to return to a normal context: 2830 nsec

[rank 5]
  # of preemption:                            1000
  Average interval time of preemption:        998988 nsec
  Average time to call a signal handler:      5415 nsec
  Average time to return to a normal context: 2249 nsec

[rank 6]
  # of preemption:                            1000
  Average interval time of preemption:        998989 nsec
  Average time to call a signal handler:      4864 nsec
  Average time to return to a normal context: 1203 nsec

[rank 7]
  # of preemption:                            1000
  Average interval time of preemption:        998988 nsec
  Average time to call a signal handler:      3498 nsec
  Average time to return to a normal context: 1064 nsec

[Total]
  # of preemption:                            8000
  Average interval time of preemption:        998990 nsec
  Average time to call a signal handler:      5845 nsec
  Average time to return to a normal context: 2252 nsec

