=============================================================
# of threads:                    8
# of timers:                     1
# of preemption for each thread: 1000
Interval time of preemption:     1000000 nsec
Managed timer:                   false
Sync timer:                      false
Chain wake-up:                   false
Thread timer:                    false
Use timerfd:                     false
=============================================================

[rank 0]
  # of preemption:                            1000
  Average interval time of preemption:        998988 nsec
  Average time to call a signal handler:      14179 nsec
  Average time to return to a normal context: 2297 nsec

[rank 1]
  # of preemption:                            1000
  Average interval time of preemption:        998993 nsec
  Average time to call a signal handler:      3230 nsec
  Average time to return to a normal context: 2388 nsec

[rank 2]
  # of preemption:                            1000
  Average interval time of preemption:        998992 nsec
  Average time to call a signal handler:      3825 nsec
  Average time to return to a normal context: 2678 nsec

[rank 3]
  # of preemption:                            1000
  Average interval time of preemption:        998992 nsec
  Average time to call a signal handler:      4640 nsec
  Average time to return to a normal context: 2843 nsec

[rank 4]
  # of preemption:                            1000
  Average interval time of preemption:        998992 nsec
  Average time to call a signal handler:      5185 nsec
  Average time to return to a normal context: 2821 nsec

[rank 5]
  # of preemption:                            1000
  Average interval time of preemption:        998988 nsec
  Average time to call a signal handler:      5390 nsec
  Average time to return to a normal context: 2314 nsec

[rank 6]
  # of preemption:                            1000
  Average interval time of preemption:        998988 nsec
  Average time to call a signal handler:      4996 nsec
  Average time to return to a normal context: 1265 nsec

[rank 7]
  # of preemption:                            1000
  Average interval time of preemption:        998988 nsec
  Average time to call a signal handler:      3521 nsec
  Average time to return to a normal context: 1086 nsec

[Total]
  # of preemption:                            8000
  Average interval time of preemption:        998990 nsec
  Average time to call a signal handler:      5620 nsec
  Average time to return to a normal context: 2211 nsec

