=============================================================
# of threads:                    8
# of timers:                     1
# of preemption for each thread: 1000
Interval time of preemption:     1000000 nsec
Managed timer:                   false
Sync timer:                      false
Chain wake-up:                   false
Thread timer:                    false
Use timerfd:                     false
=============================================================

[rank 0]
  # of preemption:                            1000
  Average interval time of preemption:        998990 nsec
  Average time to call a signal handler:      13547 nsec
  Average time to return to a normal context: 2357 nsec

[rank 1]
  # of preemption:                            1000
  Average interval time of preemption:        998995 nsec
  Average time to call a signal handler:      3426 nsec
  Average time to return to a normal context: 2518 nsec

[rank 2]
  # of preemption:                            1000
  Average interval time of preemption:        998994 nsec
  Average time to call a signal handler:      4471 nsec
  Average time to return to a normal context: 2806 nsec

[rank 3]
  # of preemption:                            1000
  Average interval time of preemption:        998991 nsec
  Average time to call a signal handler:      5086 nsec
  Average time to return to a normal context: 2779 nsec

[rank 4]
  # of preemption:                            1000
  Average interval time of preemption:        998990 nsec
  Average time to call a signal handler:      5222 nsec
  Average time to return to a normal context: 2864 nsec

[rank 5]
  # of preemption:                            1000
  Average interval time of preemption:        998988 nsec
  Average time to call a signal handler:      5315 nsec
  Average time to return to a normal context: 2309 nsec

[rank 6]
  # of preemption:                            1000
  Average interval time of preemption:        998988 nsec
  Average time to call a signal handler:      4927 nsec
  Average time to return to a normal context: 1184 nsec

[rank 7]
  # of preemption:                            1000
  Average interval time of preemption:        998988 nsec
  Average time to call a signal handler:      3496 nsec
  Average time to return to a normal context: 1070 nsec

[Total]
  # of preemption:                            8000
  Average interval time of preemption:        998990 nsec
  Average time to call a signal handler:      5686 nsec
  Average time to return to a normal context: 2235 nsec

