=============================================================
# of threads:                    8
# of timers:                     1
# of preemption for each thread: 1000
Interval time of preemption:     1000000 nsec
Managed timer:                   false
Sync timer:                      false
Chain wake-up:                   false
Thread timer:                    false
Use timerfd:                     false
=============================================================

[rank 0]
  # of preemption:                            1000
  Average interval time of preemption:        998989 nsec
  Average time to call a signal handler:      14510 nsec
  Average time to return to a normal context: 2246 nsec

[rank 1]
  # of preemption:                            1000
  Average interval time of preemption:        998995 nsec
  Average time to call a signal handler:      3388 nsec
  Average time to return to a normal context: 2584 nsec

[rank 2]
  # of preemption:                            1000
  Average interval time of preemption:        998992 nsec
  Average time to call a signal handler:      4528 nsec
  Average time to return to a normal context: 2842 nsec

[rank 3]
  # of preemption:                            1000
  Average interval time of preemption:        998994 nsec
  Average time to call a signal handler:      4978 nsec
  Average time to return to a normal context: 2802 nsec

[rank 4]
  # of preemption:                            1000
  Average interval time of preemption:        998993 nsec
  Average time to call a signal handler:      5405 nsec
  Average time to return to a normal context: 2928 nsec

[rank 5]
  # of preemption:                            1000
  Average interval time of preemption:        998992 nsec
  Average time to call a signal handler:      5514 nsec
  Average time to return to a normal context: 2228 nsec

[rank 6]
  # of preemption:                            1000
  Average interval time of preemption:        998989 nsec
  Average time to call a signal handler:      4902 nsec
  Average time to return to a normal context: 1169 nsec

[rank 7]
  # of preemption:                            1000
  Average interval time of preemption:        998987 nsec
  Average time to call a signal handler:      3476 nsec
  Average time to return to a normal context: 1085 nsec

[Total]
  # of preemption:                            8000
  Average interval time of preemption:        998991 nsec
  Average time to call a signal handler:      5837 nsec
  Average time to return to a normal context: 2235 nsec

