=============================================================
# of xstreams:             68
# of threads:              680
# of repeats:              11
Use pthread:               false
Preemption:                On
# of preemption groups:    68
Preemption timer interval: 10000 usec
Preemption type:           ABT_PREEMPTION_NEW_ES
# of iterations:           5000000
=============================================================

Iteration 0 started...  [elapsed] 819752681 nsec
Iteration 1 started...  [elapsed] 818404822 nsec
Iteration 2 started...  [elapsed] 818426966 nsec
Iteration 3 started...  [elapsed] 818977635 nsec
Iteration 4 started...  [elapsed] 818869192 nsec
Iteration 5 started...  [elapsed] 818632396 nsec
Iteration 6 started...  [elapsed] 818629632 nsec
Iteration 7 started...  [elapsed] 818799813 nsec
Iteration 8 started...  [elapsed] 818509431 nsec
Iteration 9 started...  [elapsed] 818726273 nsec
Iteration 10 started...  [elapsed] 818929311 nsec
success!
