=============================================================
# of xstreams:             68
# of threads:              680
# of repeats:              11
Use pthread:               false
Preemption:                On
# of preemption groups:    68
Preemption timer interval: 10000 usec
Preemption type:           ABT_PREEMPTION_NEW_ES
# of iterations:           5000000
=============================================================

Iteration 0 started...  [elapsed] 819900605 nsec
Iteration 1 started...  [elapsed] 818565016 nsec
Iteration 2 started...  [elapsed] 818666168 nsec
Iteration 3 started...  [elapsed] 818644115 nsec
Iteration 4 started...  [elapsed] 818758508 nsec
Iteration 5 started...  [elapsed] 818420045 nsec
Iteration 6 started...  [elapsed] 818365930 nsec
Iteration 7 started...  [elapsed] 818743582 nsec
Iteration 8 started...  [elapsed] 818323380 nsec
Iteration 9 started...  [elapsed] 819013608 nsec
Iteration 10 started...  [elapsed] 819168967 nsec
success!
