=============================================================
# of xstreams:             68
# of threads:              680
# of repeats:              11
Use pthread:               false
Preemption:                On
# of preemption groups:    68
Preemption timer interval: 10000 usec
Preemption type:           ABT_PREEMPTION_NEW_ES
# of iterations:           5000000
=============================================================

Iteration 0 started...  [elapsed] 820171280 nsec
Iteration 1 started...  [elapsed] 818695350 nsec
Iteration 2 started...  [elapsed] 819103888 nsec
Iteration 3 started...  [elapsed] 818762980 nsec
Iteration 4 started...  [elapsed] 818514901 nsec
Iteration 5 started...  [elapsed] 818501912 nsec
Iteration 6 started...  [elapsed] 818652704 nsec
Iteration 7 started...  [elapsed] 818754645 nsec
Iteration 8 started...  [elapsed] 818520574 nsec
Iteration 9 started...  [elapsed] 818475175 nsec
Iteration 10 started...  [elapsed] 819152740 nsec
success!
