=============================================================
# of xstreams:             68
# of threads:              680
# of repeats:              11
Use pthread:               false
Preemption:                On
# of preemption groups:    68
Preemption timer interval: 10000 usec
Preemption type:           ABT_PREEMPTION_NEW_ES
# of iterations:           5000000
=============================================================

Iteration 0 started...  [elapsed] 819712558 nsec
Iteration 1 started...  [elapsed] 818414287 nsec
Iteration 2 started...  [elapsed] 817857609 nsec
Iteration 3 started...  [elapsed] 818965133 nsec
Iteration 4 started...  [elapsed] 818158170 nsec
Iteration 5 started...  [elapsed] 818538877 nsec
Iteration 6 started...  [elapsed] 818583900 nsec
Iteration 7 started...  [elapsed] 818603469 nsec
Iteration 8 started...  [elapsed] 819148653 nsec
Iteration 9 started...  [elapsed] 818527169 nsec
Iteration 10 started...  [elapsed] 818423237 nsec
success!
