=============================================================
# of xstreams:             68
# of threads:              680
# of repeats:              11
Use pthread:               false
Preemption:                On
# of preemption groups:    68
Preemption timer interval: 10000 usec
Preemption type:           ABT_PREEMPTION_NEW_ES
# of iterations:           5000000
=============================================================

Iteration 0 started...  [elapsed] 819727543 nsec
Iteration 1 started...  [elapsed] 818596802 nsec
Iteration 2 started...  [elapsed] 818473760 nsec
Iteration 3 started...  [elapsed] 818568152 nsec
Iteration 4 started...  [elapsed] 818857677 nsec
Iteration 5 started...  [elapsed] 818034649 nsec
Iteration 6 started...  [elapsed] 818409018 nsec
Iteration 7 started...  [elapsed] 818450401 nsec
Iteration 8 started...  [elapsed] 818571394 nsec
Iteration 9 started...  [elapsed] 819020854 nsec
Iteration 10 started...  [elapsed] 818900986 nsec
success!
