=============================================================
# of xstreams:             68
# of threads:              680
# of repeats:              11
Use pthread:               false
Preemption:                On
# of preemption groups:    68
Preemption timer interval: 10000 usec
Preemption type:           ABT_PREEMPTION_NEW_ES
# of iterations:           5000000
=============================================================

Iteration 0 started...  [elapsed] 819863522 nsec
Iteration 1 started...  [elapsed] 818438637 nsec
Iteration 2 started...  [elapsed] 818503093 nsec
Iteration 3 started...  [elapsed] 818358546 nsec
Iteration 4 started...  [elapsed] 818775606 nsec
Iteration 5 started...  [elapsed] 818694443 nsec
Iteration 6 started...  [elapsed] 818261975 nsec
Iteration 7 started...  [elapsed] 818290670 nsec
Iteration 8 started...  [elapsed] 818487827 nsec
Iteration 9 started...  [elapsed] 818612544 nsec
Iteration 10 started...  [elapsed] 818604711 nsec
success!
