=============================================================
# of xstreams:             68
# of threads:              680
# of repeats:              11
Use pthread:               false
Preemption:                On
# of preemption groups:    68
Preemption timer interval: 2100 usec
Preemption type:           ABT_PREEMPTION_NEW_ES
# of iterations:           5000000
=============================================================

Iteration 0 started...  [elapsed] 886165724 nsec
Iteration 1 started...  [elapsed] 883140400 nsec
Iteration 2 started...  [elapsed] 882317718 nsec
Iteration 3 started...  [elapsed] 882863319 nsec
Iteration 4 started...  [elapsed] 885276010 nsec
Iteration 5 started...  [elapsed] 882505347 nsec
Iteration 6 started...  [elapsed] 882335908 nsec
Iteration 7 started...  [elapsed] 882355385 nsec
Iteration 8 started...  [elapsed] 885282870 nsec
Iteration 9 started...  [elapsed] 883569647 nsec
Iteration 10 started...  [elapsed] 883401616 nsec
success!
