=============================================================
# of xstreams:             68
# of threads:              680
# of repeats:              11
Use pthread:               false
Preemption:                On
# of preemption groups:    68
Preemption timer interval: 2100 usec
Preemption type:           ABT_PREEMPTION_NEW_ES
# of iterations:           5000000
=============================================================

Iteration 0 started...  [elapsed] 885744120 nsec
Iteration 1 started...  [elapsed] 882750240 nsec
Iteration 2 started...  [elapsed] 883695575 nsec
Iteration 3 started...  [elapsed] 883817148 nsec
Iteration 4 started...  [elapsed] 882881784 nsec
Iteration 5 started...  [elapsed] 885730495 nsec
Iteration 6 started...  [elapsed] 883665609 nsec
Iteration 7 started...  [elapsed] 883372357 nsec
Iteration 8 started...  [elapsed] 884320641 nsec
Iteration 9 started...  [elapsed] 884251150 nsec
Iteration 10 started...  [elapsed] 886156865 nsec
success!
