=============================================================
# of xstreams:             68
# of threads:              680
# of repeats:              11
Use pthread:               false
Preemption:                On
# of preemption groups:    68
Preemption timer interval: 2100 usec
Preemption type:           ABT_PREEMPTION_NEW_ES
# of iterations:           5000000
=============================================================

Iteration 0 started...  [elapsed] 885726509 nsec
Iteration 1 started...  [elapsed] 884034716 nsec
Iteration 2 started...  [elapsed] 882439775 nsec
Iteration 3 started...  [elapsed] 883677610 nsec
Iteration 4 started...  [elapsed] 882895510 nsec
Iteration 5 started...  [elapsed] 882910674 nsec
Iteration 6 started...  [elapsed] 882349301 nsec
Iteration 7 started...  [elapsed] 883983871 nsec
Iteration 8 started...  [elapsed] 883451830 nsec
Iteration 9 started...  [elapsed] 884536263 nsec
Iteration 10 started...  [elapsed] 883434054 nsec
success!
