=============================================================
# of xstreams:             68
# of threads:              680
# of repeats:              11
Use pthread:               false
Preemption:                On
# of preemption groups:    68
Preemption timer interval: 2100 usec
Preemption type:           ABT_PREEMPTION_NEW_ES
# of iterations:           5000000
=============================================================

Iteration 0 started...  [elapsed] 885564098 nsec
Iteration 1 started...  [elapsed] 882800354 nsec
Iteration 2 started...  [elapsed] 882949363 nsec
Iteration 3 started...  [elapsed] 883265859 nsec
Iteration 4 started...  [elapsed] 882621270 nsec
Iteration 5 started...  [elapsed] 881885323 nsec
Iteration 6 started...  [elapsed] 883782511 nsec
Iteration 7 started...  [elapsed] 883297909 nsec
Iteration 8 started...  [elapsed] 883165597 nsec
Iteration 9 started...  [elapsed] 885735052 nsec
Iteration 10 started...  [elapsed] 884204809 nsec
success!
