=============================================================
# of xstreams:             68
# of threads:              680
# of repeats:              11
Use pthread:               false
Preemption:                On
# of preemption groups:    68
Preemption timer interval: 2100 usec
Preemption type:           ABT_PREEMPTION_NEW_ES
# of iterations:           5000000
=============================================================

Iteration 0 started...  [elapsed] 885454001 nsec
Iteration 1 started...  [elapsed] 883699180 nsec
Iteration 2 started...  [elapsed] 882741419 nsec
Iteration 3 started...  [elapsed] 881583752 nsec
Iteration 4 started...  [elapsed] 882849656 nsec
Iteration 5 started...  [elapsed] 882690363 nsec
Iteration 6 started...  [elapsed] 883051559 nsec
Iteration 7 started...  [elapsed] 883034200 nsec
Iteration 8 started...  [elapsed] 884425920 nsec
Iteration 9 started...  [elapsed] 885170640 nsec
Iteration 10 started...  [elapsed] 885116775 nsec
success!
