=============================================================
# of xstreams:             68
# of threads:              680
# of repeats:              11
Use pthread:               false
Preemption:                On
# of preemption groups:    68
Preemption timer interval: 2100 usec
Preemption type:           ABT_PREEMPTION_NEW_ES
# of iterations:           5000000
=============================================================

Iteration 0 started...  [elapsed] 887163536 nsec
Iteration 1 started...  [elapsed] 882900913 nsec
Iteration 2 started...  [elapsed] 883414096 nsec
Iteration 3 started...  [elapsed] 882371495 nsec
Iteration 4 started...  [elapsed] 882504362 nsec
Iteration 5 started...  [elapsed] 884083881 nsec
Iteration 6 started...  [elapsed] 885520508 nsec
Iteration 7 started...  [elapsed] 884065016 nsec
Iteration 8 started...  [elapsed] 884419102 nsec
Iteration 9 started...  [elapsed] 884449294 nsec
Iteration 10 started...  [elapsed] 884768666 nsec
success!
