=============================================================
# of xstreams:             68
# of threads:              680
# of repeats:              11
Use pthread:               false
Preemption:                On
# of preemption groups:    68
Preemption timer interval: 2100 usec
Preemption type:           ABT_PREEMPTION_NEW_ES
# of iterations:           5000000
=============================================================

Iteration 0 started...  [elapsed] 885157722 nsec
Iteration 1 started...  [elapsed] 883542200 nsec
Iteration 2 started...  [elapsed] 882096898 nsec
Iteration 3 started...  [elapsed] 882056318 nsec
Iteration 4 started...  [elapsed] 883227563 nsec
Iteration 5 started...  [elapsed] 884393784 nsec
Iteration 6 started...  [elapsed] 882728898 nsec
Iteration 7 started...  [elapsed] 884456463 nsec
Iteration 8 started...  [elapsed] 883986322 nsec
Iteration 9 started...  [elapsed] 883814008 nsec
Iteration 10 started...  [elapsed] 884207418 nsec
success!
