=============================================================
# of xstreams:             68
# of threads:              680
# of repeats:              11
Use pthread:               false
Preemption:                On
# of preemption groups:    68
Preemption timer interval: 2100 usec
Preemption type:           ABT_PREEMPTION_NEW_ES
# of iterations:           5000000
=============================================================

Iteration 0 started...  [elapsed] 885976521 nsec
Iteration 1 started...  [elapsed] 882922757 nsec
Iteration 2 started...  [elapsed] 882450728 nsec
Iteration 3 started...  [elapsed] 882362523 nsec
Iteration 4 started...  [elapsed] 882821814 nsec
Iteration 5 started...  [elapsed] 883611723 nsec
Iteration 6 started...  [elapsed] 883506585 nsec
Iteration 7 started...  [elapsed] 884095469 nsec
Iteration 8 started...  [elapsed] 883034785 nsec
Iteration 9 started...  [elapsed] 883449225 nsec
Iteration 10 started...  [elapsed] 884942777 nsec
success!
