=============================================================
# of xstreams:             68
# of threads:              680
# of repeats:              11
Use pthread:               false
Preemption:                On
# of preemption groups:    68
Preemption timer interval: 3000 usec
Preemption type:           ABT_PREEMPTION_NEW_ES
# of iterations:           5000000
=============================================================

Iteration 0 started...  [elapsed] 843317369 nsec
Iteration 1 started...  [elapsed] 840843033 nsec
Iteration 2 started...  [elapsed] 840314193 nsec
Iteration 3 started...  [elapsed] 840419511 nsec
Iteration 4 started...  [elapsed] 840393993 nsec
Iteration 5 started...  [elapsed] 840254342 nsec
Iteration 6 started...  [elapsed] 840853428 nsec
Iteration 7 started...  [elapsed] 840509647 nsec
Iteration 8 started...  [elapsed] 840698800 nsec
Iteration 9 started...  [elapsed] 841025955 nsec
Iteration 10 started...  [elapsed] 841499151 nsec
success!
