=============================================================
# of xstreams:             68
# of threads:              680
# of repeats:              11
Use pthread:               false
Preemption:                On
# of preemption groups:    68
Preemption timer interval: 5000 usec
Preemption type:           ABT_PREEMPTION_NEW_ES
# of iterations:           5000000
=============================================================

Iteration 0 started...  [elapsed] 828778076 nsec
Iteration 1 started...  [elapsed] 826772211 nsec
Iteration 2 started...  [elapsed] 825808914 nsec
Iteration 3 started...  [elapsed] 825824555 nsec
Iteration 4 started...  [elapsed] 825942024 nsec
Iteration 5 started...  [elapsed] 825892637 nsec
Iteration 6 started...  [elapsed] 825697838 nsec
Iteration 7 started...  [elapsed] 826266551 nsec
Iteration 8 started...  [elapsed] 825689249 nsec
Iteration 9 started...  [elapsed] 825708219 nsec
Iteration 10 started...  [elapsed] 827569082 nsec
success!
