=============================================================
# of xstreams:             68
# of threads:              680
# of repeats:              11
Use pthread:               false
Preemption:                On
# of preemption groups:    68
Preemption timer interval: 5000 usec
Preemption type:           ABT_PREEMPTION_NEW_ES
# of iterations:           5000000
=============================================================

Iteration 0 started...  [elapsed] 828064764 nsec
Iteration 1 started...  [elapsed] 826447008 nsec
Iteration 2 started...  [elapsed] 825991472 nsec
Iteration 3 started...  [elapsed] 826354199 nsec
Iteration 4 started...  [elapsed] 826374555 nsec
Iteration 5 started...  [elapsed] 825787195 nsec
Iteration 6 started...  [elapsed] 826579706 nsec
Iteration 7 started...  [elapsed] 825884692 nsec
Iteration 8 started...  [elapsed] 825934729 nsec
Iteration 9 started...  [elapsed] 825684358 nsec
Iteration 10 started...  [elapsed] 826507209 nsec
success!
