=============================================================
# of xstreams:             68
# of threads:              680
# of repeats:              11
Use pthread:               false
Preemption:                On
# of preemption groups:    68
Preemption timer interval: 5000 usec
Preemption type:           ABT_PREEMPTION_NEW_ES
# of iterations:           5000000
=============================================================

Iteration 0 started...  [elapsed] 828291559 nsec
Iteration 1 started...  [elapsed] 826669667 nsec
Iteration 2 started...  [elapsed] 826092485 nsec
Iteration 3 started...  [elapsed] 826229067 nsec
Iteration 4 started...  [elapsed] 825881121 nsec
Iteration 5 started...  [elapsed] 825768089 nsec
Iteration 6 started...  [elapsed] 825871156 nsec
Iteration 7 started...  [elapsed] 825846540 nsec
Iteration 8 started...  [elapsed] 827041196 nsec
Iteration 9 started...  [elapsed] 826779131 nsec
Iteration 10 started...  [elapsed] 827254434 nsec
success!
