=============================================================
# of xstreams:             68
# of threads:              680
# of repeats:              11
Use pthread:               false
Preemption:                On
# of preemption groups:    68
Preemption timer interval: 5000 usec
Preemption type:           ABT_PREEMPTION_NEW_ES
# of iterations:           5000000
=============================================================

Iteration 0 started...  [elapsed] 827903714 nsec
Iteration 1 started...  [elapsed] 826956522 nsec
Iteration 2 started...  [elapsed] 825678863 nsec
Iteration 3 started...  [elapsed] 825719073 nsec
Iteration 4 started...  [elapsed] 825746590 nsec
Iteration 5 started...  [elapsed] 827995969 nsec
Iteration 6 started...  [elapsed] 826117366 nsec
Iteration 7 started...  [elapsed] 825637179 nsec
Iteration 8 started...  [elapsed] 825790080 nsec
Iteration 9 started...  [elapsed] 825735779 nsec
Iteration 10 started...  [elapsed] 826192869 nsec
success!
