=============================================================
# of xstreams:             68
# of threads:              680
# of repeats:              11
Use pthread:               false
Preemption:                On
# of preemption groups:    68
Preemption timer interval: 5000 usec
Preemption type:           ABT_PREEMPTION_NEW_ES
# of iterations:           5000000
=============================================================

Iteration 0 started...  [elapsed] 827579497 nsec
Iteration 1 started...  [elapsed] 826594940 nsec
Iteration 2 started...  [elapsed] 825979314 nsec
Iteration 3 started...  [elapsed] 825616973 nsec
Iteration 4 started...  [elapsed] 825796576 nsec
Iteration 5 started...  [elapsed] 825828201 nsec
Iteration 6 started...  [elapsed] 825744156 nsec
Iteration 7 started...  [elapsed] 825955218 nsec
Iteration 8 started...  [elapsed] 825723368 nsec
Iteration 9 started...  [elapsed] 826072426 nsec
Iteration 10 started...  [elapsed] 826908406 nsec
success!
