=============================================================
# of xstreams:             68
# of threads:              680
# of repeats:              11
Use pthread:               false
Preemption:                On
# of preemption groups:    68
Preemption timer interval: 5000 usec
Preemption type:           ABT_PREEMPTION_NEW_ES
# of iterations:           5000000
=============================================================

Iteration 0 started...  [elapsed] 827482424 nsec
Iteration 1 started...  [elapsed] 826828445 nsec
Iteration 2 started...  [elapsed] 826812629 nsec
Iteration 3 started...  [elapsed] 826406974 nsec
Iteration 4 started...  [elapsed] 826013460 nsec
Iteration 5 started...  [elapsed] 825800991 nsec
Iteration 6 started...  [elapsed] 826500694 nsec
Iteration 7 started...  [elapsed] 825700587 nsec
Iteration 8 started...  [elapsed] 826303295 nsec
Iteration 9 started...  [elapsed] 825935377 nsec
Iteration 10 started...  [elapsed] 826627007 nsec
success!
