=============================================================
# of xstreams:             68
# of threads:              680
# of repeats:              11
Use pthread:               false
Preemption:                On
# of preemption groups:    68
Preemption timer interval: 7000 usec
Preemption type:           ABT_PREEMPTION_NEW_ES
# of iterations:           5000000
=============================================================

Iteration 0 started...  [elapsed] 822963298 nsec
Iteration 1 started...  [elapsed] 821904794 nsec
Iteration 2 started...  [elapsed] 821142424 nsec
Iteration 3 started...  [elapsed] 821137275 nsec
Iteration 4 started...  [elapsed] 820889611 nsec
Iteration 5 started...  [elapsed] 821127246 nsec
Iteration 6 started...  [elapsed] 821189501 nsec
Iteration 7 started...  [elapsed] 821157141 nsec
Iteration 8 started...  [elapsed] 821097193 nsec
Iteration 9 started...  [elapsed] 821383035 nsec
Iteration 10 started...  [elapsed] 821245887 nsec
success!
