=============================================================
# of xstreams:             68
# of threads:              680
# of repeats:              11
Use pthread:               false
Preemption:                On
# of preemption groups:    68
Preemption timer interval: 7000 usec
Preemption type:           ABT_PREEMPTION_NEW_ES
# of iterations:           5000000
=============================================================

Iteration 0 started...  [elapsed] 822790385 nsec
Iteration 1 started...  [elapsed] 821403840 nsec
Iteration 2 started...  [elapsed] 821419419 nsec
Iteration 3 started...  [elapsed] 821041167 nsec
Iteration 4 started...  [elapsed] 821232669 nsec
Iteration 5 started...  [elapsed] 821100165 nsec
Iteration 6 started...  [elapsed] 821126243 nsec
Iteration 7 started...  [elapsed] 821151021 nsec
Iteration 8 started...  [elapsed] 821085139 nsec
Iteration 9 started...  [elapsed] 821454536 nsec
Iteration 10 started...  [elapsed] 821511163 nsec
success!
