=============================================================
# of xstreams:             68
# of threads:              680
# of repeats:              11
Use pthread:               false
Preemption:                On
# of preemption groups:    68
Preemption timer interval: 7000 usec
Preemption type:           ABT_PREEMPTION_NEW_ES
# of iterations:           5000000
=============================================================

Iteration 0 started...  [elapsed] 822893080 nsec
Iteration 1 started...  [elapsed] 821691598 nsec
Iteration 2 started...  [elapsed] 821885287 nsec
Iteration 3 started...  [elapsed] 821105726 nsec
Iteration 4 started...  [elapsed] 820929420 nsec
Iteration 5 started...  [elapsed] 821001259 nsec
Iteration 6 started...  [elapsed] 821143837 nsec
Iteration 7 started...  [elapsed] 821241218 nsec
Iteration 8 started...  [elapsed] 821037587 nsec
Iteration 9 started...  [elapsed] 821348102 nsec
Iteration 10 started...  [elapsed] 820986253 nsec
success!
