=============================================================
# of xstreams:             68
# of threads:              680
# of repeats:              11
Use pthread:               false
Preemption:                On
# of preemption groups:    68
Preemption timer interval: 7000 usec
Preemption type:           ABT_PREEMPTION_NEW_ES
# of iterations:           5000000
=============================================================

Iteration 0 started...  [elapsed] 824222667 nsec
Iteration 1 started...  [elapsed] 821313008 nsec
Iteration 2 started...  [elapsed] 821159644 nsec
Iteration 3 started...  [elapsed] 821126797 nsec
Iteration 4 started...  [elapsed] 821125525 nsec
Iteration 5 started...  [elapsed] 821281947 nsec
Iteration 6 started...  [elapsed] 821090467 nsec
Iteration 7 started...  [elapsed] 821117182 nsec
Iteration 8 started...  [elapsed] 821038044 nsec
Iteration 9 started...  [elapsed] 821162119 nsec
Iteration 10 started...  [elapsed] 821570339 nsec
success!
