=============================================================
# of xstreams:             68
# of threads:              680
# of repeats:              11
Use pthread:               false
Preemption:                On
# of preemption groups:    68
Preemption timer interval: 7000 usec
Preemption type:           ABT_PREEMPTION_NEW_ES
# of iterations:           5000000
=============================================================

Iteration 0 started...  [elapsed] 822902695 nsec
Iteration 1 started...  [elapsed] 821876636 nsec
Iteration 2 started...  [elapsed] 821143053 nsec
Iteration 3 started...  [elapsed] 820990561 nsec
Iteration 4 started...  [elapsed] 821086708 nsec
Iteration 5 started...  [elapsed] 821157764 nsec
Iteration 6 started...  [elapsed] 821315719 nsec
Iteration 7 started...  [elapsed] 821162576 nsec
Iteration 8 started...  [elapsed] 821154523 nsec
Iteration 9 started...  [elapsed] 821096455 nsec
Iteration 10 started...  [elapsed] 821568661 nsec
success!
