=============================================================
# of xstreams:             68
# of threads:              680
# of repeats:              11
Use pthread:               false
Preemption:                On
# of preemption groups:    68
Preemption timer interval: 7000 usec
Preemption type:           ABT_PREEMPTION_NEW_ES
# of iterations:           5000000
=============================================================

Iteration 0 started...  [elapsed] 822897129 nsec
Iteration 1 started...  [elapsed] 822626064 nsec
Iteration 2 started...  [elapsed] 821796278 nsec
Iteration 3 started...  [elapsed] 821187580 nsec
Iteration 4 started...  [elapsed] 821157658 nsec
Iteration 5 started...  [elapsed] 821134979 nsec
Iteration 6 started...  [elapsed] 821152741 nsec
Iteration 7 started...  [elapsed] 821163681 nsec
Iteration 8 started...  [elapsed] 821097532 nsec
Iteration 9 started...  [elapsed] 821134597 nsec
Iteration 10 started...  [elapsed] 821316269 nsec
success!
