=============================================================
# of xstreams:             68
# of threads:              680
# of repeats:              11
Use pthread:               false
Preemption:                On
# of preemption groups:    68
Preemption timer interval: 7000 usec
Preemption type:           ABT_PREEMPTION_NEW_ES
# of iterations:           5000000
=============================================================

Iteration 0 started...  [elapsed] 822981187 nsec
Iteration 1 started...  [elapsed] 822148984 nsec
Iteration 2 started...  [elapsed] 821224594 nsec
Iteration 3 started...  [elapsed] 821031275 nsec
Iteration 4 started...  [elapsed] 821182035 nsec
Iteration 5 started...  [elapsed] 821130301 nsec
Iteration 6 started...  [elapsed] 821127204 nsec
Iteration 7 started...  [elapsed] 820832944 nsec
Iteration 8 started...  [elapsed] 821148866 nsec
Iteration 9 started...  [elapsed] 821398270 nsec
Iteration 10 started...  [elapsed] 821481613 nsec
success!
