=============================================================
# of xstreams:             68
# of threads:              680
# of repeats:              11
Use pthread:               false
Preemption:                On
# of preemption groups:    68
Preemption timer interval: 7000 usec
Preemption type:           ABT_PREEMPTION_NEW_ES
# of iterations:           5000000
=============================================================

Iteration 0 started...  [elapsed] 822940282 nsec
Iteration 1 started...  [elapsed] 822080825 nsec
Iteration 2 started...  [elapsed] 820774130 nsec
Iteration 3 started...  [elapsed] 821093200 nsec
Iteration 4 started...  [elapsed] 821125615 nsec
Iteration 5 started...  [elapsed] 821155155 nsec
Iteration 6 started...  [elapsed] 821204987 nsec
Iteration 7 started...  [elapsed] 821034730 nsec
Iteration 8 started...  [elapsed] 821187023 nsec
Iteration 9 started...  [elapsed] 821058404 nsec
Iteration 10 started...  [elapsed] 821436020 nsec
success!
