=============================================================
# of xstreams:             68
# of threads:              680
# of repeats:              11
Use pthread:               false
Preemption:                On
# of preemption groups:    68
Preemption timer interval: 7000 usec
Preemption type:           ABT_PREEMPTION_NEW_ES
# of iterations:           5000000
=============================================================

Iteration 0 started...  [elapsed] 822760367 nsec
Iteration 1 started...  [elapsed] 821322461 nsec
Iteration 2 started...  [elapsed] 821029567 nsec
Iteration 3 started...  [elapsed] 821051148 nsec
Iteration 4 started...  [elapsed] 821105599 nsec
Iteration 5 started...  [elapsed] 821110483 nsec
Iteration 6 started...  [elapsed] 821019169 nsec
Iteration 7 started...  [elapsed] 821081138 nsec
Iteration 8 started...  [elapsed] 820962905 nsec
Iteration 9 started...  [elapsed] 821022829 nsec
Iteration 10 started...  [elapsed] 821574681 nsec
success!
