

********************************************************************************
***                            HPGMG-FV Benchmark                            ***
********************************************************************************
Requested MPI_THREAD_FUNNELED, got MPI_THREAD_FUNNELED
2 MPI Tasks of 28 threads


===== Benchmark setup ==========================================================

attempting to create a 512^3 level from 8 x 256^3 boxes distributed among 2 tasks...
  boundary condition = BC_DIRICHLET
  Decomposing level via Z-mort ordering... done
  Allocating vectors... done
  Calculating boxes per process... target=4.000, max=4
  Creating Poisson (a=0.000000, b=1.000000) test problem
  calculating D^{-1} exactly for level h=1.953125e-03 using  64 colors...  done (5.920539 seconds)

attempting to create a 256^3 level from 8 x 128^3 boxes distributed among 2 tasks...
  boundary condition = BC_DIRICHLET
  Decomposing level via Z-mort ordering... done
  Allocating vectors... done
  Calculating boxes per process... target=4.000, max=4

attempting to create a 128^3 level from 8 x 64^3 boxes distributed among 2 tasks...
  boundary condition = BC_DIRICHLET
  Decomposing level via Z-mort ordering... done
  Allocating vectors... done
  Calculating boxes per process... target=4.000, max=4

attempting to create a 64^3 level from 8 x 32^3 boxes distributed among 2 tasks...
  boundary condition = BC_DIRICHLET
  Decomposing level via Z-mort ordering... done
  Allocating vectors... done
  Calculating boxes per process... target=4.000, max=4

attempting to create a 32^3 level from 8 x 16^3 boxes distributed among 2 tasks...
  boundary condition = BC_DIRICHLET
  Decomposing level via Z-mort ordering... done
  Allocating vectors... done
  Calculating boxes per process... target=4.000, max=4

attempting to create a 16^3 level from 8 x 8^3 boxes distributed among 2 tasks...
  boundary condition = BC_DIRICHLET
  Decomposing level via Z-mort ordering... done
  Allocating vectors... done
  Calculating boxes per process... target=4.000, max=4

attempting to create a 8^3 level from 1 x 8^3 boxes distributed among 2 tasks...
  boundary condition = BC_DIRICHLET
  Decomposing level via Z-mort ordering... done
  Allocating vectors... done
  Calculating boxes per process... target=0.500, max=1

attempting to create a 4^3 level from 1 x 4^3 boxes distributed among 2 tasks...
  boundary condition = BC_DIRICHLET
  Decomposing level via Z-mort ordering... done
  Allocating vectors... done
  Calculating boxes per process... target=0.500, max=1

attempting to create a 2^3 level from 1 x 2^3 boxes distributed among 2 tasks...
  boundary condition = BC_DIRICHLET
  Decomposing level via Z-mort ordering... done
  Allocating vectors... done
  Calculating boxes per process... target=0.500, max=1

  Building restriction and interpolation lists... done

  Building MPI subcommunicator for level  1... done (0.000482 seconds)
  Building MPI subcommunicator for level  2... done (0.000321 seconds)
  Building MPI subcommunicator for level  3... done (0.000294 seconds)
  Building MPI subcommunicator for level  4... done (0.000054 seconds)
  Building MPI subcommunicator for level  5... done (0.000029 seconds)
  Building MPI subcommunicator for level  6... done (0.000029 seconds)
  Building MPI subcommunicator for level  7... done (0.000027 seconds)
  Building MPI subcommunicator for level  8... done (0.000025 seconds)

  calculating D^{-1} exactly for level h=3.906250e-03 using  64 colors...  done (0.875264 seconds)
  calculating D^{-1} exactly for level h=7.812500e-03 using  64 colors...  done (0.126374 seconds)
  calculating D^{-1} exactly for level h=1.562500e-02 using  64 colors...  done (0.021900 seconds)
  calculating D^{-1} exactly for level h=3.125000e-02 using  64 colors...  done (0.009159 seconds)
  calculating D^{-1} exactly for level h=6.250000e-02 using  64 colors...  done (0.006881 seconds)
  calculating D^{-1} exactly for level h=1.250000e-01 using  64 colors...  done (0.001881 seconds)
  calculating D^{-1} exactly for level h=2.500000e-01 using  64 colors...  done (0.001228 seconds)
  calculating D^{-1} exactly for level h=5.000000e-01 using   8 colors...  done (0.000172 seconds)



===== Warming up by running 1 solves ==========================================
FMGSolve... f-cycle     norm=4.151187824908527e-08  rel=4.153376389499612e-08  done (1.490746 seconds)


===== Running 10 solves ========================================================
FMGSolve... f-cycle     norm=4.151187824908527e-08  rel=4.153376389499612e-08  done (1.486820 seconds)
FMGSolve... f-cycle     norm=4.151187824908527e-08  rel=4.153376389499612e-08  done (1.486061 seconds)
FMGSolve... f-cycle     norm=4.151187824908527e-08  rel=4.153376389499612e-08  done (1.489469 seconds)
FMGSolve... f-cycle     norm=4.151187824908527e-08  rel=4.153376389499612e-08  done (1.490336 seconds)
FMGSolve... f-cycle     norm=4.151187824908527e-08  rel=4.153376389499612e-08  done (1.488091 seconds)
FMGSolve... f-cycle     norm=4.151187824908527e-08  rel=4.153376389499612e-08  done (1.487414 seconds)
FMGSolve... f-cycle     norm=4.151187824908527e-08  rel=4.153376389499612e-08  done (1.487008 seconds)
FMGSolve... f-cycle     norm=4.151187824908527e-08  rel=4.153376389499612e-08  done (1.486872 seconds)
FMGSolve... f-cycle     norm=4.151187824908527e-08  rel=4.153376389499612e-08  done (1.486203 seconds)
FMGSolve... f-cycle     norm=4.151187824908527e-08  rel=4.153376389499612e-08  done (1.488367 seconds)


===== Timing Breakdown =========================================================


level                                0            1            2            3            4            5            6            7            8 
level dimension                  512^3        256^3        128^3         64^3         32^3         16^3          8^3          4^3          2^3 
box dimension                    256^3        128^3         64^3         32^3         16^3          8^3          8^3          4^3          2^3        total
------------------        ------------ ------------ ------------ ------------ ------------ ------------ ------------ ------------ ------------ ------------ 
smooth                        0.817029     0.205389     0.038138     0.006671     0.002052     0.001207     0.000886     0.000185     0.000000     1.071557
  max                         0.817029     0.205862     0.038254     0.006690     0.002053     0.001207     0.000886     0.000185     0.000000     1.072167
  min                         0.801552     0.205389     0.038138     0.006671     0.002052     0.001197     0.000000     0.000000     0.000000     1.054998
residual                      0.154726     0.019811     0.003921     0.000693     0.000201     0.000100     0.000080     0.000019     0.000010     0.179560
applyOp                       0.000000     0.000000     0.000000     0.000000     0.000000     0.000000     0.000000     0.000000     0.000025     0.000025
BLAS1                         0.040393     0.001484     0.000287     0.000076     0.000076     0.000087     0.000013     0.000005     0.000038     0.042459
BLAS3                         0.000000     0.000000     0.000000     0.000000     0.000000     0.000000     0.000000     0.000000     0.000000     0.000000
Boundary Conditions           0.014959     0.007194     0.002568     0.001401     0.001146     0.001395     0.001543     0.001824     0.000719     0.032750
Restriction                   0.015254     0.002946     0.000357     0.000130     0.000105     0.000304     0.000009     0.000005     0.000000     0.019111
  local restriction           0.015253     0.002945     0.000354     0.000127     0.000103     0.000118     0.000007     0.000003     0.000000     0.018911
  pack MPI buffers            0.000000     0.000000     0.000000     0.000000     0.000000     0.000000     0.000000     0.000000     0.000000     0.000000
  unpack MPI buffers          0.000000     0.000000     0.000000     0.000000     0.000000     0.000122     0.000000     0.000000     0.000000     0.000122
  MPI_Isend                   0.000000     0.000000     0.000000     0.000000     0.000000     0.000000     0.000000     0.000000     0.000000     0.000000
  MPI_Irecv                   0.000000     0.000000     0.000000     0.000000     0.000000     0.000005     0.000000     0.000000     0.000000     0.000005
  MPI_Waitall                 0.000000     0.000000     0.000000     0.000000     0.000000     0.000056     0.000000     0.000000     0.000000     0.000056
Interpolation                 0.038964     0.006739     0.000986     0.000289     0.000128     0.000276     0.000028     0.000020     0.000000     0.047429
  local interpolation         0.038963     0.006738     0.000985     0.000287     0.000126     0.000120     0.000027     0.000017     0.000000     0.047263
  pack MPI buffers            0.000000     0.000000     0.000000     0.000000     0.000000     0.000120     0.000000     0.000000     0.000000     0.000120
  unpack MPI buffers          0.000000     0.000000     0.000000     0.000000     0.000000     0.000000     0.000000     0.000000     0.000000     0.000000
  MPI_Isend                   0.000000     0.000000     0.000000     0.000000     0.000000     0.000033     0.000000     0.000000     0.000000     0.000033
  MPI_Irecv                   0.000000     0.000000     0.000000     0.000000     0.000000     0.000000     0.000000     0.000000     0.000000     0.000000
  MPI_Waitall                 0.000000     0.000000     0.000000     0.000000     0.000000     0.000002     0.000000     0.000000     0.000000     0.000002
Ghost Zone Exchange           0.052859     0.028183     0.011144     0.005085     0.004258     0.004658     0.000007     0.000007     0.000003     0.106205
  local exchange              0.021814     0.010949     0.003304     0.001474     0.001165     0.001400     0.000000     0.000000     0.000000     0.040106
  pack MPI buffers            0.001675     0.001090     0.000635     0.000938     0.001200     0.001415     0.000000     0.000000     0.000000     0.006953
  unpack MPI buffers          0.001730     0.001335     0.001011     0.000968     0.001226     0.001443     0.000000     0.000000     0.000000     0.007713
  MPI_Isend                   0.014506     0.007609     0.003270     0.000625     0.000182     0.000072     0.000000     0.000000     0.000000     0.026264
  MPI_Irecv                   0.000026     0.000041     0.000039     0.000016     0.000011     0.000016     0.000000     0.000000     0.000000     0.000148
  MPI_Waitall                 0.013094     0.007134     0.002864     0.001043     0.000448     0.000281     0.000000     0.000000     0.000000     0.024865
MPI_collectives               0.000018     0.000000     0.000000     0.000000     0.000000     0.000000     0.000000     0.000000     0.000043     0.000061
------------------        ------------ ------------ ------------ ------------ ------------ ------------ ------------ ------------ ------------ ------------ 
Total by level                1.126571     0.268942     0.056712     0.014274     0.008044     0.007658     0.002596     0.002110     0.000717     1.487624

   Total time in MGBuild      1.106893 seconds
   Total time in MGSolve      1.487657 seconds
      number of v-cycles             1
Bottom solver iterations            16




===== Performance Summary ======================================================
  h=1.953125000000000e-03  DOF=1.342177280000000e+08  time=1.487657  DOF/s=9.022e+07  MPI=2  OMP=28


===== Richardson error analysis ================================================
FMGSolve... f-cycle     norm=4.151187824908527e-08  rel=4.153376389499612e-08  done (1.489258 seconds)
FMGSolve... f-cycle     norm=5.144231718379189e-07  rel=5.155086782761839e-07  done (0.221612 seconds)
FMGSolve... f-cycle     norm=7.454875268653183e-06  rel=7.517955872287669e-06  done (0.044655 seconds)
  h=1.953125000000000e-03  ||error||=9.221160354386249e-10
  order=4.011


===== Deallocating memory ======================================================
attempting to free the restriction and interpolation lists... done
attempting to free the     2^3 level... done
attempting to free the     4^3 level... done
attempting to free the     8^3 level... done
attempting to free the    16^3 level... done
attempting to free the    32^3 level... done
attempting to free the    64^3 level... done
attempting to free the   128^3 level... done
attempting to free the   256^3 level... done
attempting to free the   512^3 level... done


===== Done =====================================================================
