

********************************************************************************
***                            HPGMG-FV Benchmark                            ***
********************************************************************************
Requested MPI_THREAD_FUNNELED, got MPI_THREAD_FUNNELED
2 MPI Tasks of 28 threads


===== Benchmark setup ==========================================================

attempting to create a 512^3 level from 8 x 256^3 boxes distributed among 2 tasks...
  boundary condition = BC_DIRICHLET
  Decomposing level via Z-mort ordering... done
  Allocating vectors... done
  Calculating boxes per process... target=4.000, max=4
  Creating Poisson (a=0.000000, b=1.000000) test problem
  calculating D^{-1} exactly for level h=1.953125e-03 using  64 colors...  done (5.914360 seconds)

attempting to create a 256^3 level from 8 x 128^3 boxes distributed among 2 tasks...
  boundary condition = BC_DIRICHLET
  Decomposing level via Z-mort ordering... done
  Allocating vectors... done
  Calculating boxes per process... target=4.000, max=4

attempting to create a 128^3 level from 8 x 64^3 boxes distributed among 2 tasks...
  boundary condition = BC_DIRICHLET
  Decomposing level via Z-mort ordering... done
  Allocating vectors... done
  Calculating boxes per process... target=4.000, max=4

attempting to create a 64^3 level from 8 x 32^3 boxes distributed among 2 tasks...
  boundary condition = BC_DIRICHLET
  Decomposing level via Z-mort ordering... done
  Allocating vectors... done
  Calculating boxes per process... target=4.000, max=4

attempting to create a 32^3 level from 8 x 16^3 boxes distributed among 2 tasks...
  boundary condition = BC_DIRICHLET
  Decomposing level via Z-mort ordering... done
  Allocating vectors... done
  Calculating boxes per process... target=4.000, max=4

attempting to create a 16^3 level from 8 x 8^3 boxes distributed among 2 tasks...
  boundary condition = BC_DIRICHLET
  Decomposing level via Z-mort ordering... done
  Allocating vectors... done
  Calculating boxes per process... target=4.000, max=4

attempting to create a 8^3 level from 1 x 8^3 boxes distributed among 2 tasks...
  boundary condition = BC_DIRICHLET
  Decomposing level via Z-mort ordering... done
  Allocating vectors... done
  Calculating boxes per process... target=0.500, max=1

attempting to create a 4^3 level from 1 x 4^3 boxes distributed among 2 tasks...
  boundary condition = BC_DIRICHLET
  Decomposing level via Z-mort ordering... done
  Allocating vectors... done
  Calculating boxes per process... target=0.500, max=1

attempting to create a 2^3 level from 1 x 2^3 boxes distributed among 2 tasks...
  boundary condition = BC_DIRICHLET
  Decomposing level via Z-mort ordering... done
  Allocating vectors... done
  Calculating boxes per process... target=0.500, max=1

  Building restriction and interpolation lists... done

  Building MPI subcommunicator for level  1... done (0.000712 seconds)
  Building MPI subcommunicator for level  2... done (0.000086 seconds)
  Building MPI subcommunicator for level  3... done (0.000297 seconds)
  Building MPI subcommunicator for level  4... done (0.000311 seconds)
  Building MPI subcommunicator for level  5... done (0.000030 seconds)
  Building MPI subcommunicator for level  6... done (0.000029 seconds)
  Building MPI subcommunicator for level  7... done (0.000027 seconds)
  Building MPI subcommunicator for level  8... done (0.000026 seconds)

  calculating D^{-1} exactly for level h=3.906250e-03 using  64 colors...  done (0.874427 seconds)
  calculating D^{-1} exactly for level h=7.812500e-03 using  64 colors...  done (0.121931 seconds)
  calculating D^{-1} exactly for level h=1.562500e-02 using  64 colors...  done (0.021724 seconds)
  calculating D^{-1} exactly for level h=3.125000e-02 using  64 colors...  done (0.008432 seconds)
  calculating D^{-1} exactly for level h=6.250000e-02 using  64 colors...  done (0.006831 seconds)
  calculating D^{-1} exactly for level h=1.250000e-01 using  64 colors...  done (0.001888 seconds)
  calculating D^{-1} exactly for level h=2.500000e-01 using  64 colors...  done (0.001243 seconds)
  calculating D^{-1} exactly for level h=5.000000e-01 using   8 colors...  done (0.000148 seconds)



===== Warming up by running 1 solves ==========================================
FMGSolve... f-cycle     norm=4.151187824908527e-08  rel=4.153376389499612e-08  done (1.482677 seconds)


===== Running 10 solves ========================================================
FMGSolve... f-cycle     norm=4.151187824908527e-08  rel=4.153376389499612e-08  done (1.480699 seconds)
FMGSolve... f-cycle     norm=4.151187824908527e-08  rel=4.153376389499612e-08  done (1.481634 seconds)
FMGSolve... f-cycle     norm=4.151187824908527e-08  rel=4.153376389499612e-08  done (1.480677 seconds)
FMGSolve... f-cycle     norm=4.151187824908527e-08  rel=4.153376389499612e-08  done (1.482143 seconds)
FMGSolve... f-cycle     norm=4.151187824908527e-08  rel=4.153376389499612e-08  done (1.482185 seconds)
FMGSolve... f-cycle     norm=4.151187824908527e-08  rel=4.153376389499612e-08  done (1.481309 seconds)
FMGSolve... f-cycle     norm=4.151187824908527e-08  rel=4.153376389499612e-08  done (1.481179 seconds)
FMGSolve... f-cycle     norm=4.151187824908527e-08  rel=4.153376389499612e-08  done (1.483166 seconds)
FMGSolve... f-cycle     norm=4.151187824908527e-08  rel=4.153376389499612e-08  done (1.481172 seconds)
FMGSolve... f-cycle     norm=4.151187824908527e-08  rel=4.153376389499612e-08  done (1.481210 seconds)


===== Timing Breakdown =========================================================


level                                0            1            2            3            4            5            6            7            8 
level dimension                  512^3        256^3        128^3         64^3         32^3         16^3          8^3          4^3          2^3 
box dimension                    256^3        128^3         64^3         32^3         16^3          8^3          8^3          4^3          2^3        total
------------------        ------------ ------------ ------------ ------------ ------------ ------------ ------------ ------------ ------------ ------------ 
smooth                        0.815044     0.204270     0.036719     0.006656     0.001734     0.001216     0.000890     0.000191     0.000000     1.066720
  max                         0.815044     0.206237     0.036887     0.006656     0.001734     0.001216     0.000890     0.000191     0.000000     1.068855
  min                         0.806497     0.204270     0.036719     0.006634     0.001734     0.001198     0.000000     0.000000     0.000000     1.057052
residual                      0.154624     0.019757     0.003749     0.000694     0.000163     0.000102     0.000081     0.000020     0.000010     0.179199
applyOp                       0.000000     0.000000     0.000000     0.000000     0.000000     0.000000     0.000000     0.000000     0.000023     0.000023
BLAS1                         0.040560     0.001463     0.000284     0.000073     0.000074     0.000083     0.000012     0.000005     0.000041     0.042595
BLAS3                         0.000000     0.000000     0.000000     0.000000     0.000000     0.000000     0.000000     0.000000     0.000000     0.000000
Boundary Conditions           0.014482     0.007005     0.002558     0.001408     0.001155     0.001379     0.001519     0.001797     0.000694     0.031997
Restriction                   0.015162     0.002861     0.000358     0.000125     0.000103     0.000304     0.000009     0.000005     0.000000     0.018927
  local restriction           0.015161     0.002859     0.000355     0.000124     0.000102     0.000117     0.000007     0.000003     0.000000     0.018728
  pack MPI buffers            0.000000     0.000000     0.000000     0.000000     0.000000     0.000000     0.000000     0.000000     0.000000     0.000000
  unpack MPI buffers          0.000000     0.000000     0.000000     0.000000     0.000000     0.000114     0.000000     0.000000     0.000000     0.000114
  MPI_Isend                   0.000000     0.000000     0.000000     0.000000     0.000000     0.000000     0.000000     0.000000     0.000000     0.000000
  MPI_Irecv                   0.000000     0.000000     0.000000     0.000000     0.000000     0.000005     0.000000     0.000000     0.000000     0.000005
  MPI_Waitall                 0.000000     0.000000     0.000000     0.000000     0.000000     0.000065     0.000000     0.000000     0.000000     0.000065
Interpolation                 0.038887     0.006458     0.000978     0.000204     0.000131     0.000279     0.000029     0.000019     0.000000     0.046984
  local interpolation         0.038886     0.006456     0.000977     0.000203     0.000129     0.000124     0.000027     0.000016     0.000000     0.046818
  pack MPI buffers            0.000000     0.000000     0.000000     0.000000     0.000000     0.000118     0.000000     0.000000     0.000000     0.000118
  unpack MPI buffers          0.000000     0.000000     0.000000     0.000000     0.000000     0.000000     0.000000     0.000000     0.000000     0.000000
  MPI_Isend                   0.000000     0.000000     0.000000     0.000000     0.000000     0.000034     0.000000     0.000000     0.000000     0.000034
  MPI_Irecv                   0.000000     0.000000     0.000000     0.000000     0.000000     0.000000     0.000000     0.000000     0.000000     0.000000
  MPI_Waitall                 0.000000     0.000000     0.000000     0.000000     0.000000     0.000001     0.000000     0.000000     0.000000     0.000001
Ghost Zone Exchange           0.052871     0.028224     0.011337     0.005208     0.004245     0.004616     0.000008     0.000007     0.000004     0.106519
  local exchange              0.021557     0.010814     0.003199     0.001511     0.001182     0.001382     0.000000     0.000000     0.000000     0.039644
  pack MPI buffers            0.001657     0.001074     0.000611     0.000953     0.001160     0.001403     0.000000     0.000000     0.000000     0.006857
  unpack MPI buffers          0.001677     0.001273     0.000995     0.000976     0.001218     0.001442     0.000000     0.000000     0.000000     0.007580
  MPI_Isend                   0.014638     0.007937     0.003388     0.000634     0.000183     0.000073     0.000000     0.000000     0.000000     0.026854
  MPI_Irecv                   0.000030     0.000050     0.000045     0.000026     0.000013     0.000014     0.000000     0.000000     0.000000     0.000179
  MPI_Waitall                 0.013300     0.007055     0.003079     0.001089     0.000468     0.000271     0.000000     0.000000     0.000000     0.025262
MPI_collectives               0.000032     0.000000     0.000000     0.000000     0.000000     0.000000     0.000000     0.000000     0.000044     0.000076
------------------        ------------ ------------ ------------ ------------ ------------ ------------ ------------ ------------ ------------ ------------ 
Total by level                1.123961     0.267279     0.055329     0.014273     0.007684     0.007618     0.002578     0.002084     0.000694     1.481499

   Total time in MGBuild      1.102517 seconds
   Total time in MGSolve      1.481531 seconds
      number of v-cycles             1
Bottom solver iterations            16




===== Performance Summary ======================================================
  h=1.953125000000000e-03  DOF=1.342177280000000e+08  time=1.481531  DOF/s=9.059e+07  MPI=2  OMP=28


===== Richardson error analysis ================================================
FMGSolve... f-cycle     norm=4.151187824908527e-08  rel=4.153376389499612e-08  done (1.484676 seconds)
FMGSolve... f-cycle     norm=5.144231718379189e-07  rel=5.155086782761839e-07  done (0.218840 seconds)
FMGSolve... f-cycle     norm=7.454875268653183e-06  rel=7.517955872287669e-06  done (0.044137 seconds)
  h=1.953125000000000e-03  ||error||=9.221160354386249e-10
  order=4.011


===== Deallocating memory ======================================================
attempting to free the restriction and interpolation lists... done
attempting to free the     2^3 level... done
attempting to free the     4^3 level... done
attempting to free the     8^3 level... done
attempting to free the    16^3 level... done
attempting to free the    32^3 level... done
attempting to free the    64^3 level... done
attempting to free the   128^3 level... done
attempting to free the   256^3 level... done
attempting to free the   512^3 level... done


===== Done =====================================================================
