

********************************************************************************
***                            HPGMG-FV Benchmark                            ***
********************************************************************************
Requested MPI_THREAD_FUNNELED, got MPI_THREAD_FUNNELED
2 MPI Tasks of 28 threads


===== Benchmark setup ==========================================================

attempting to create a 512^3 level from 8 x 256^3 boxes distributed among 2 tasks...
  boundary condition = BC_DIRICHLET
  Decomposing level via Z-mort ordering... done
  Allocating vectors... done
  Calculating boxes per process... target=4.000, max=4
  Creating Poisson (a=0.000000, b=1.000000) test problem
  calculating D^{-1} exactly for level h=1.953125e-03 using  64 colors...  done (5.934098 seconds)

attempting to create a 256^3 level from 8 x 128^3 boxes distributed among 2 tasks...
  boundary condition = BC_DIRICHLET
  Decomposing level via Z-mort ordering... done
  Allocating vectors... done
  Calculating boxes per process... target=4.000, max=4

attempting to create a 128^3 level from 8 x 64^3 boxes distributed among 2 tasks...
  boundary condition = BC_DIRICHLET
  Decomposing level via Z-mort ordering... done
  Allocating vectors... done
  Calculating boxes per process... target=4.000, max=4

attempting to create a 64^3 level from 8 x 32^3 boxes distributed among 2 tasks...
  boundary condition = BC_DIRICHLET
  Decomposing level via Z-mort ordering... done
  Allocating vectors... done
  Calculating boxes per process... target=4.000, max=4

attempting to create a 32^3 level from 8 x 16^3 boxes distributed among 2 tasks...
  boundary condition = BC_DIRICHLET
  Decomposing level via Z-mort ordering... done
  Allocating vectors... done
  Calculating boxes per process... target=4.000, max=4

attempting to create a 16^3 level from 8 x 8^3 boxes distributed among 2 tasks...
  boundary condition = BC_DIRICHLET
  Decomposing level via Z-mort ordering... done
  Allocating vectors... done
  Calculating boxes per process... target=4.000, max=4

attempting to create a 8^3 level from 1 x 8^3 boxes distributed among 2 tasks...
  boundary condition = BC_DIRICHLET
  Decomposing level via Z-mort ordering... done
  Allocating vectors... done
  Calculating boxes per process... target=0.500, max=1

attempting to create a 4^3 level from 1 x 4^3 boxes distributed among 2 tasks...
  boundary condition = BC_DIRICHLET
  Decomposing level via Z-mort ordering... done
  Allocating vectors... done
  Calculating boxes per process... target=0.500, max=1

attempting to create a 2^3 level from 1 x 2^3 boxes distributed among 2 tasks...
  boundary condition = BC_DIRICHLET
  Decomposing level via Z-mort ordering... done
  Allocating vectors... done
  Calculating boxes per process... target=0.500, max=1

  Building restriction and interpolation lists... done

  Building MPI subcommunicator for level  1... done (0.000458 seconds)
  Building MPI subcommunicator for level  2... done (0.000325 seconds)
  Building MPI subcommunicator for level  3... done (0.000369 seconds)
  Building MPI subcommunicator for level  4... done (0.000378 seconds)
  Building MPI subcommunicator for level  5... done (0.000032 seconds)
  Building MPI subcommunicator for level  6... done (0.000031 seconds)
  Building MPI subcommunicator for level  7... done (0.000027 seconds)
  Building MPI subcommunicator for level  8... done (0.000025 seconds)

  calculating D^{-1} exactly for level h=3.906250e-03 using  64 colors...  done (0.873722 seconds)
  calculating D^{-1} exactly for level h=7.812500e-03 using  64 colors...  done (0.121048 seconds)
  calculating D^{-1} exactly for level h=1.562500e-02 using  64 colors...  done (0.021393 seconds)
  calculating D^{-1} exactly for level h=3.125000e-02 using  64 colors...  done (0.008082 seconds)
  calculating D^{-1} exactly for level h=6.250000e-02 using  64 colors...  done (0.006713 seconds)
  calculating D^{-1} exactly for level h=1.250000e-01 using  64 colors...  done (0.001890 seconds)
  calculating D^{-1} exactly for level h=2.500000e-01 using  64 colors...  done (0.001128 seconds)
  calculating D^{-1} exactly for level h=5.000000e-01 using   8 colors...  done (0.000153 seconds)



===== Warming up by running 1 solves ==========================================
FMGSolve... f-cycle     norm=4.151187824908527e-08  rel=4.153376389499612e-08  done (1.476518 seconds)


===== Running 10 solves ========================================================
FMGSolve... f-cycle     norm=4.151187824908527e-08  rel=4.153376389499612e-08  done (1.474776 seconds)
FMGSolve... f-cycle     norm=4.151187824908527e-08  rel=4.153376389499612e-08  done (1.476636 seconds)
FMGSolve... f-cycle     norm=4.151187824908527e-08  rel=4.153376389499612e-08  done (1.474771 seconds)
FMGSolve... f-cycle     norm=4.151187824908527e-08  rel=4.153376389499612e-08  done (1.475363 seconds)
FMGSolve... f-cycle     norm=4.151187824908527e-08  rel=4.153376389499612e-08  done (1.473956 seconds)
FMGSolve... f-cycle     norm=4.151187824908527e-08  rel=4.153376389499612e-08  done (1.474825 seconds)
FMGSolve... f-cycle     norm=4.151187824908527e-08  rel=4.153376389499612e-08  done (1.477478 seconds)
FMGSolve... f-cycle     norm=4.151187824908527e-08  rel=4.153376389499612e-08  done (1.474186 seconds)
FMGSolve... f-cycle     norm=4.151187824908527e-08  rel=4.153376389499612e-08  done (1.473261 seconds)
FMGSolve... f-cycle     norm=4.151187824908527e-08  rel=4.153376389499612e-08  done (1.474093 seconds)


===== Timing Breakdown =========================================================


level                                0            1            2            3            4            5            6            7            8 
level dimension                  512^3        256^3        128^3         64^3         32^3         16^3          8^3          4^3          2^3 
box dimension                    256^3        128^3         64^3         32^3         16^3          8^3          8^3          4^3          2^3        total
------------------        ------------ ------------ ------------ ------------ ------------ ------------ ------------ ------------ ------------ ------------ 
smooth                        0.806996     0.205006     0.036694     0.006570     0.001505     0.001199     0.000898     0.000189     0.000000     1.059056
  max                         0.807637     0.205675     0.036856     0.006570     0.001505     0.001217     0.000898     0.000189     0.000000     1.060546
  min                         0.806996     0.205006     0.036694     0.006566     0.001365     0.001199     0.000000     0.000000     0.000000     1.057825
residual                      0.155471     0.019745     0.003747     0.000686     0.000150     0.000103     0.000080     0.000020     0.000009     0.180011
applyOp                       0.000000     0.000000     0.000000     0.000000     0.000000     0.000000     0.000000     0.000000     0.000024     0.000024
BLAS1                         0.041020     0.001465     0.000280     0.000072     0.000061     0.000080     0.000012     0.000005     0.000039     0.043033
BLAS3                         0.000000     0.000000     0.000000     0.000000     0.000000     0.000000     0.000000     0.000000     0.000000     0.000000
Boundary Conditions           0.014635     0.006993     0.002518     0.001412     0.001154     0.001336     0.001492     0.001727     0.000681     0.031949
Restriction                   0.015162     0.002851     0.000347     0.000099     0.000100     0.000340     0.000009     0.000005     0.000000     0.018913
  local restriction           0.015160     0.002850     0.000344     0.000097     0.000098     0.000114     0.000008     0.000003     0.000000     0.018673
  pack MPI buffers            0.000000     0.000000     0.000000     0.000000     0.000000     0.000000     0.000000     0.000000     0.000000     0.000000
  unpack MPI buffers          0.000000     0.000000     0.000000     0.000000     0.000000     0.000116     0.000000     0.000000     0.000000     0.000116
  MPI_Isend                   0.000000     0.000000     0.000000     0.000000     0.000000     0.000000     0.000000     0.000000     0.000000     0.000000
  MPI_Irecv                   0.000000     0.000000     0.000000     0.000000     0.000000     0.000005     0.000000     0.000000     0.000000     0.000005
  MPI_Waitall                 0.000000     0.000000     0.000000     0.000000     0.000000     0.000103     0.000000     0.000000     0.000000     0.000103
Interpolation                 0.038939     0.006437     0.000976     0.000177     0.000130     0.000267     0.000028     0.000019     0.000000     0.046973
  local interpolation         0.038937     0.006436     0.000975     0.000176     0.000128     0.000118     0.000027     0.000016     0.000000     0.046813
  pack MPI buffers            0.000000     0.000000     0.000000     0.000000     0.000000     0.000115     0.000000     0.000000     0.000000     0.000115
  unpack MPI buffers          0.000000     0.000000     0.000000     0.000000     0.000000     0.000000     0.000000     0.000000     0.000000     0.000000
  MPI_Isend                   0.000000     0.000000     0.000000     0.000000     0.000000     0.000032     0.000000     0.000000     0.000000     0.000032
  MPI_Irecv                   0.000000     0.000000     0.000000     0.000000     0.000000     0.000000     0.000000     0.000000     0.000000     0.000000
  MPI_Waitall                 0.000000     0.000000     0.000000     0.000000     0.000000     0.000001     0.000000     0.000000     0.000000     0.000001
Ghost Zone Exchange           0.053139     0.027983     0.010850     0.005247     0.004199     0.004483     0.000008     0.000007     0.000003     0.105919
  local exchange              0.021571     0.010791     0.002931     0.001495     0.001197     0.001337     0.000000     0.000000     0.000000     0.039322
  pack MPI buffers            0.001646     0.001026     0.000562     0.000934     0.001143     0.001346     0.000000     0.000000     0.000000     0.006657
  unpack MPI buffers          0.001649     0.001242     0.001011     0.000899     0.001121     0.001355     0.000000     0.000000     0.000000     0.007278
  MPI_Isend                   0.014606     0.007648     0.003038     0.000592     0.000177     0.000070     0.000000     0.000000     0.000000     0.026132
  MPI_Irecv                   0.000032     0.000048     0.000043     0.000019     0.000014     0.000016     0.000000     0.000000     0.000000     0.000171
  MPI_Waitall                 0.013620     0.007201     0.003244     0.001292     0.000524     0.000328     0.000000     0.000000     0.000000     0.026209
MPI_collectives               0.000595     0.000000     0.000000     0.000000     0.000000     0.000000     0.000000     0.000000     0.000042     0.000637
------------------        ------------ ------------ ------------ ------------ ------------ ------------ ------------ ------------ ------------ ------------ 
Total by level                1.118114     0.267744     0.054790     0.014156     0.007382     0.007464     0.002552     0.002010     0.000681     1.474895

   Total time in MGBuild      1.098708 seconds
   Total time in MGSolve      1.474928 seconds
      number of v-cycles             1
Bottom solver iterations            16




===== Performance Summary ======================================================
  h=1.953125000000000e-03  DOF=1.342177280000000e+08  time=1.474928  DOF/s=9.100e+07  MPI=2  OMP=28


===== Richardson error analysis ================================================
FMGSolve... f-cycle     norm=4.151187824908527e-08  rel=4.153376389499612e-08  done (1.475429 seconds)
FMGSolve... f-cycle     norm=5.144231718379189e-07  rel=5.155086782761839e-07  done (0.217805 seconds)
FMGSolve... f-cycle     norm=7.454875268653183e-06  rel=7.517955872287669e-06  done (0.043067 seconds)
  h=1.953125000000000e-03  ||error||=9.221160354386249e-10
  order=4.011


===== Deallocating memory ======================================================
attempting to free the restriction and interpolation lists... done
attempting to free the     2^3 level... done
attempting to free the     4^3 level... done
attempting to free the     8^3 level... done
attempting to free the    16^3 level... done
attempting to free the    32^3 level... done
attempting to free the    64^3 level... done
attempting to free the   128^3 level... done
attempting to free the   256^3 level... done
attempting to free the   512^3 level... done


===== Done =====================================================================
