

********************************************************************************
***                            HPGMG-FV Benchmark                            ***
********************************************************************************
Requested MPI_THREAD_FUNNELED, got MPI_THREAD_FUNNELED
2 MPI Tasks of 28 threads


===== Benchmark setup ==========================================================

attempting to create a 512^3 level from 8 x 256^3 boxes distributed among 2 tasks...
  boundary condition = BC_DIRICHLET
  Decomposing level via Z-mort ordering... done
  Allocating vectors... done
  Calculating boxes per process... target=4.000, max=4
  Creating Poisson (a=0.000000, b=1.000000) test problem
  calculating D^{-1} exactly for level h=1.953125e-03 using  64 colors...  done (5.894121 seconds)

attempting to create a 256^3 level from 8 x 128^3 boxes distributed among 2 tasks...
  boundary condition = BC_DIRICHLET
  Decomposing level via Z-mort ordering... done
  Allocating vectors... done
  Calculating boxes per process... target=4.000, max=4

attempting to create a 128^3 level from 8 x 64^3 boxes distributed among 2 tasks...
  boundary condition = BC_DIRICHLET
  Decomposing level via Z-mort ordering... done
  Allocating vectors... done
  Calculating boxes per process... target=4.000, max=4

attempting to create a 64^3 level from 8 x 32^3 boxes distributed among 2 tasks...
  boundary condition = BC_DIRICHLET
  Decomposing level via Z-mort ordering... done
  Allocating vectors... done
  Calculating boxes per process... target=4.000, max=4

attempting to create a 32^3 level from 8 x 16^3 boxes distributed among 2 tasks...
  boundary condition = BC_DIRICHLET
  Decomposing level via Z-mort ordering... done
  Allocating vectors... done
  Calculating boxes per process... target=4.000, max=4

attempting to create a 16^3 level from 8 x 8^3 boxes distributed among 2 tasks...
  boundary condition = BC_DIRICHLET
  Decomposing level via Z-mort ordering... done
  Allocating vectors... done
  Calculating boxes per process... target=4.000, max=4

attempting to create a 8^3 level from 1 x 8^3 boxes distributed among 2 tasks...
  boundary condition = BC_DIRICHLET
  Decomposing level via Z-mort ordering... done
  Allocating vectors... done
  Calculating boxes per process... target=0.500, max=1

attempting to create a 4^3 level from 1 x 4^3 boxes distributed among 2 tasks...
  boundary condition = BC_DIRICHLET
  Decomposing level via Z-mort ordering... done
  Allocating vectors... done
  Calculating boxes per process... target=0.500, max=1

attempting to create a 2^3 level from 1 x 2^3 boxes distributed among 2 tasks...
  boundary condition = BC_DIRICHLET
  Decomposing level via Z-mort ordering... done
  Allocating vectors... done
  Calculating boxes per process... target=0.500, max=1

  Building restriction and interpolation lists... done

  Building MPI subcommunicator for level  1... done (0.000506 seconds)
  Building MPI subcommunicator for level  2... done (0.000088 seconds)
  Building MPI subcommunicator for level  3... done (0.000322 seconds)
  Building MPI subcommunicator for level  4... done (0.000353 seconds)
  Building MPI subcommunicator for level  5... done (0.000026 seconds)
  Building MPI subcommunicator for level  6... done (0.000027 seconds)
  Building MPI subcommunicator for level  7... done (0.000022 seconds)
  Building MPI subcommunicator for level  8... done (0.000021 seconds)

  calculating D^{-1} exactly for level h=3.906250e-03 using  64 colors...  done (0.874156 seconds)
  calculating D^{-1} exactly for level h=7.812500e-03 using  64 colors...  done (0.120108 seconds)
  calculating D^{-1} exactly for level h=1.562500e-02 using  64 colors...  done (0.019146 seconds)
  calculating D^{-1} exactly for level h=3.125000e-02 using  64 colors...  done (0.008009 seconds)
  calculating D^{-1} exactly for level h=6.250000e-02 using  64 colors...  done (0.006521 seconds)
  calculating D^{-1} exactly for level h=1.250000e-01 using  64 colors...  done (0.001839 seconds)
  calculating D^{-1} exactly for level h=2.500000e-01 using  64 colors...  done (0.001102 seconds)
  calculating D^{-1} exactly for level h=5.000000e-01 using   8 colors...  done (0.000150 seconds)



===== Warming up by running 1 solves ==========================================
FMGSolve... f-cycle     norm=4.151187824908527e-08  rel=4.153376389499612e-08  done (1.486444 seconds)


===== Running 10 solves ========================================================
FMGSolve... f-cycle     norm=4.151187824908527e-08  rel=4.153376389499612e-08  done (1.485252 seconds)
FMGSolve... f-cycle     norm=4.151187824908527e-08  rel=4.153376389499612e-08  done (1.485183 seconds)
FMGSolve... f-cycle     norm=4.151187824908527e-08  rel=4.153376389499612e-08  done (1.485379 seconds)
FMGSolve... f-cycle     norm=4.151187824908527e-08  rel=4.153376389499612e-08  done (1.485894 seconds)
FMGSolve... f-cycle     norm=4.151187824908527e-08  rel=4.153376389499612e-08  done (1.484682 seconds)
FMGSolve... f-cycle     norm=4.151187824908527e-08  rel=4.153376389499612e-08  done (1.484889 seconds)
FMGSolve... f-cycle     norm=4.151187824908527e-08  rel=4.153376389499612e-08  done (1.482775 seconds)
FMGSolve... f-cycle     norm=4.151187824908527e-08  rel=4.153376389499612e-08  done (1.483524 seconds)
FMGSolve... f-cycle     norm=4.151187824908527e-08  rel=4.153376389499612e-08  done (1.482046 seconds)
FMGSolve... f-cycle     norm=4.151187824908527e-08  rel=4.153376389499612e-08  done (1.480742 seconds)


===== Timing Breakdown =========================================================


level                                0            1            2            3            4            5            6            7            8 
level dimension                  512^3        256^3        128^3         64^3         32^3         16^3          8^3          4^3          2^3 
box dimension                    256^3        128^3         64^3         32^3         16^3          8^3          8^3          4^3          2^3        total
------------------        ------------ ------------ ------------ ------------ ------------ ------------ ------------ ------------ ------------ ------------ 
smooth                        0.809360     0.207001     0.035653     0.005422     0.001552     0.001239     0.000900     0.000189     0.000000     1.061316
  max                         0.817083     0.208189     0.036981     0.005433     0.001552     0.001239     0.000900     0.000189     0.000000     1.071566
  min                         0.809360     0.207001     0.035653     0.005422     0.001344     0.001207     0.000000     0.000000     0.000000     1.059987
residual                      0.147897     0.019501     0.003587     0.000559     0.000150     0.000107     0.000080     0.000020     0.000010     0.171911
applyOp                       0.000000     0.000000     0.000000     0.000000     0.000000     0.000000     0.000000     0.000000     0.000022     0.000022
BLAS1                         0.042219     0.001457     0.000280     0.000070     0.000062     0.000074     0.000012     0.000005     0.000039     0.044219
BLAS3                         0.000000     0.000000     0.000000     0.000000     0.000000     0.000000     0.000000     0.000000     0.000000     0.000000
Boundary Conditions           0.014558     0.006853     0.002423     0.001356     0.001164     0.001355     0.001487     0.001625     0.000673     0.031493
Restriction                   0.014970     0.002826     0.000331     0.000101     0.000094     0.000422     0.000010     0.000005     0.000000     0.018758
  local restriction           0.014967     0.002824     0.000328     0.000098     0.000092     0.000110     0.000008     0.000003     0.000000     0.018430
  pack MPI buffers            0.000000     0.000000     0.000000     0.000000     0.000000     0.000000     0.000000     0.000000     0.000000     0.000000
  unpack MPI buffers          0.000000     0.000000     0.000000     0.000000     0.000000     0.000109     0.000000     0.000000     0.000000     0.000109
  MPI_Isend                   0.000000     0.000000     0.000000     0.000000     0.000000     0.000000     0.000000     0.000000     0.000000     0.000000
  MPI_Irecv                   0.000000     0.000000     0.000000     0.000000     0.000000     0.000007     0.000000     0.000000     0.000000     0.000007
  MPI_Waitall                 0.000000     0.000000     0.000000     0.000000     0.000000     0.000192     0.000000     0.000000     0.000000     0.000192
Interpolation                 0.038695     0.006399     0.000795     0.000185     0.000135     0.000255     0.000028     0.000019     0.000000     0.046511
  local interpolation         0.038693     0.006398     0.000794     0.000185     0.000134     0.000112     0.000026     0.000015     0.000000     0.046358
  pack MPI buffers            0.000000     0.000000     0.000000     0.000000     0.000000     0.000108     0.000000     0.000000     0.000000     0.000108
  unpack MPI buffers          0.000000     0.000000     0.000000     0.000000     0.000000     0.000000     0.000000     0.000000     0.000000     0.000000
  MPI_Isend                   0.000000     0.000000     0.000000     0.000000     0.000000     0.000033     0.000000     0.000000     0.000000     0.000033
  MPI_Irecv                   0.000000     0.000000     0.000000     0.000000     0.000000     0.000000     0.000000     0.000000     0.000000     0.000000
  MPI_Waitall                 0.000000     0.000000     0.000000     0.000000     0.000000     0.000001     0.000000     0.000000     0.000000     0.000001
Ghost Zone Exchange           0.057816     0.032737     0.011711     0.005471     0.004113     0.004321     0.000009     0.000006     0.000004     0.116189
  local exchange              0.021339     0.010617     0.002379     0.001560     0.001237     0.001302     0.000000     0.000000     0.000000     0.038434
  pack MPI buffers            0.001543     0.000934     0.000568     0.000920     0.001101     0.001323     0.000000     0.000000     0.000000     0.006390
  unpack MPI buffers          0.001597     0.001238     0.001009     0.000928     0.001140     0.001344     0.000000     0.000000     0.000000     0.007255
  MPI_Isend                   0.014708     0.007598     0.003045     0.000606     0.000185     0.000074     0.000000     0.000000     0.000000     0.026216
  MPI_Irecv                   0.000031     0.000048     0.000042     0.000020     0.000011     0.000015     0.000000     0.000000     0.000000     0.000169
  MPI_Waitall                 0.018584     0.012273     0.004645     0.001416     0.000416     0.000234     0.000000     0.000000     0.000000     0.037567
MPI_collectives               0.005312     0.000000     0.000000     0.000000     0.000000     0.000000     0.000000     0.000000     0.000037     0.005349
------------------        ------------ ------------ ------------ ------------ ------------ ------------ ------------ ------------ ------------ ------------ 
Total by level                1.122739     0.274223     0.054068     0.013059     0.007329     0.007448     0.002546     0.001912     0.000672     1.483994

   Total time in MGBuild      1.096684 seconds
   Total time in MGSolve      1.484029 seconds
      number of v-cycles             1
Bottom solver iterations            16




===== Performance Summary ======================================================
  h=1.953125000000000e-03  DOF=1.342177280000000e+08  time=1.484029  DOF/s=9.044e+07  MPI=2  OMP=28


===== Richardson error analysis ================================================
FMGSolve... f-cycle     norm=4.151187824908527e-08  rel=4.153376389499612e-08  done (1.484320 seconds)
FMGSolve... f-cycle     norm=5.144231718379189e-07  rel=5.155086782761839e-07  done (0.216752 seconds)
FMGSolve... f-cycle     norm=7.454875268653183e-06  rel=7.517955872287669e-06  done (0.042001 seconds)
  h=1.953125000000000e-03  ||error||=9.221160354386249e-10
  order=4.011


===== Deallocating memory ======================================================
attempting to free the restriction and interpolation lists... done
attempting to free the     2^3 level... done
attempting to free the     4^3 level... done
attempting to free the     8^3 level... done
attempting to free the    16^3 level... done
attempting to free the    32^3 level... done
attempting to free the    64^3 level... done
attempting to free the   128^3 level... done
attempting to free the   256^3 level... done
attempting to free the   512^3 level... done


===== Done =====================================================================
