

********************************************************************************
***                            HPGMG-FV Benchmark                            ***
********************************************************************************
Requested MPI_THREAD_FUNNELED, got MPI_THREAD_FUNNELED
2 MPI Tasks of 28 threads


===== Benchmark setup ==========================================================

attempting to create a 512^3 level from 8 x 256^3 boxes distributed among 2 tasks...
  boundary condition = BC_DIRICHLET
  Decomposing level via Z-mort ordering... done
  Allocating vectors... done
  Calculating boxes per process... target=4.000, max=4
  Creating Poisson (a=0.000000, b=1.000000) test problem
  calculating D^{-1} exactly for level h=1.953125e-03 using  64 colors...  done (5.882175 seconds)

attempting to create a 256^3 level from 8 x 128^3 boxes distributed among 2 tasks...
  boundary condition = BC_DIRICHLET
  Decomposing level via Z-mort ordering... done
  Allocating vectors... done
  Calculating boxes per process... target=4.000, max=4

attempting to create a 128^3 level from 8 x 64^3 boxes distributed among 2 tasks...
  boundary condition = BC_DIRICHLET
  Decomposing level via Z-mort ordering... done
  Allocating vectors... done
  Calculating boxes per process... target=4.000, max=4

attempting to create a 64^3 level from 8 x 32^3 boxes distributed among 2 tasks...
  boundary condition = BC_DIRICHLET
  Decomposing level via Z-mort ordering... done
  Allocating vectors... done
  Calculating boxes per process... target=4.000, max=4

attempting to create a 32^3 level from 8 x 16^3 boxes distributed among 2 tasks...
  boundary condition = BC_DIRICHLET
  Decomposing level via Z-mort ordering... done
  Allocating vectors... done
  Calculating boxes per process... target=4.000, max=4

attempting to create a 16^3 level from 8 x 8^3 boxes distributed among 2 tasks...
  boundary condition = BC_DIRICHLET
  Decomposing level via Z-mort ordering... done
  Allocating vectors... done
  Calculating boxes per process... target=4.000, max=4

attempting to create a 8^3 level from 1 x 8^3 boxes distributed among 2 tasks...
  boundary condition = BC_DIRICHLET
  Decomposing level via Z-mort ordering... done
  Allocating vectors... done
  Calculating boxes per process... target=0.500, max=1

attempting to create a 4^3 level from 1 x 4^3 boxes distributed among 2 tasks...
  boundary condition = BC_DIRICHLET
  Decomposing level via Z-mort ordering... done
  Allocating vectors... done
  Calculating boxes per process... target=0.500, max=1

attempting to create a 2^3 level from 1 x 2^3 boxes distributed among 2 tasks...
  boundary condition = BC_DIRICHLET
  Decomposing level via Z-mort ordering... done
  Allocating vectors... done
  Calculating boxes per process... target=0.500, max=1

  Building restriction and interpolation lists... done

  Building MPI subcommunicator for level  1... done (0.000542 seconds)
  Building MPI subcommunicator for level  2... done (0.000397 seconds)
  Building MPI subcommunicator for level  3... done (0.000342 seconds)
  Building MPI subcommunicator for level  4... done (0.000062 seconds)
  Building MPI subcommunicator for level  5... done (0.000027 seconds)
  Building MPI subcommunicator for level  6... done (0.000029 seconds)
  Building MPI subcommunicator for level  7... done (0.000022 seconds)
  Building MPI subcommunicator for level  8... done (0.000021 seconds)

  calculating D^{-1} exactly for level h=3.906250e-03 using  64 colors...  done (0.871743 seconds)
  calculating D^{-1} exactly for level h=7.812500e-03 using  64 colors...  done (0.119298 seconds)
  calculating D^{-1} exactly for level h=1.562500e-02 using  64 colors...  done (0.019150 seconds)
  calculating D^{-1} exactly for level h=3.125000e-02 using  64 colors...  done (0.007581 seconds)
  calculating D^{-1} exactly for level h=6.250000e-02 using  64 colors...  done (0.006269 seconds)
  calculating D^{-1} exactly for level h=1.250000e-01 using  64 colors...  done (0.001808 seconds)
  calculating D^{-1} exactly for level h=2.500000e-01 using  64 colors...  done (0.001027 seconds)
  calculating D^{-1} exactly for level h=5.000000e-01 using   8 colors...  done (0.000140 seconds)



===== Warming up by running 1 solves ==========================================
FMGSolve... f-cycle     norm=4.151187824908527e-08  rel=4.153376389499612e-08  done (1.493097 seconds)


===== Running 10 solves ========================================================
FMGSolve... f-cycle     norm=4.151187824908527e-08  rel=4.153376389499612e-08  done (1.491835 seconds)
FMGSolve... f-cycle     norm=4.151187824908527e-08  rel=4.153376389499612e-08  done (1.494142 seconds)
FMGSolve... f-cycle     norm=4.151187824908527e-08  rel=4.153376389499612e-08  done (1.494738 seconds)
FMGSolve... f-cycle     norm=4.151187824908527e-08  rel=4.153376389499612e-08  done (1.497988 seconds)
FMGSolve... f-cycle     norm=4.151187824908527e-08  rel=4.153376389499612e-08  done (1.494261 seconds)
FMGSolve... f-cycle     norm=4.151187824908527e-08  rel=4.153376389499612e-08  done (1.495849 seconds)
FMGSolve... f-cycle     norm=4.151187824908527e-08  rel=4.153376389499612e-08  done (1.494214 seconds)
FMGSolve... f-cycle     norm=4.151187824908527e-08  rel=4.153376389499612e-08  done (1.493177 seconds)
FMGSolve... f-cycle     norm=4.151187824908527e-08  rel=4.153376389499612e-08  done (1.494871 seconds)
FMGSolve... f-cycle     norm=4.151187824908527e-08  rel=4.153376389499612e-08  done (1.493362 seconds)


===== Timing Breakdown =========================================================


level                                0            1            2            3            4            5            6            7            8 
level dimension                  512^3        256^3        128^3         64^3         32^3         16^3          8^3          4^3          2^3 
box dimension                    256^3        128^3         64^3         32^3         16^3          8^3          8^3          4^3          2^3        total
------------------        ------------ ------------ ------------ ------------ ------------ ------------ ------------ ------------ ------------ ------------ 
smooth                        0.825047     0.210378     0.035859     0.005222     0.001516     0.001218     0.000883     0.000194     0.000000     1.080318
  max                         0.826505     0.210378     0.036801     0.005412     0.001516     0.001228     0.000883     0.000194     0.000000     1.082916
  min                         0.825047     0.210152     0.035859     0.005222     0.001363     0.001218     0.000000     0.000000     0.000000     1.078862
residual                      0.147429     0.019489     0.003557     0.000529     0.000143     0.000106     0.000080     0.000019     0.000011     0.171363
applyOp                       0.000000     0.000000     0.000000     0.000000     0.000000     0.000000     0.000000     0.000000     0.000022     0.000022
BLAS1                         0.043225     0.001434     0.000286     0.000068     0.000055     0.000069     0.000012     0.000005     0.000042     0.045197
BLAS3                         0.000000     0.000000     0.000000     0.000000     0.000000     0.000000     0.000000     0.000000     0.000000     0.000000
Boundary Conditions           0.014149     0.006597     0.002391     0.001209     0.001054     0.001235     0.001455     0.001566     0.000615     0.030271
Restriction                   0.014936     0.002814     0.000335     0.000101     0.000082     0.000435     0.000009     0.000005     0.000000     0.018719
  local restriction           0.014935     0.002811     0.000333     0.000100     0.000081     0.000098     0.000008     0.000003     0.000000     0.018369
  pack MPI buffers            0.000000     0.000000     0.000000     0.000000     0.000000     0.000000     0.000000     0.000000     0.000000     0.000000
  unpack MPI buffers          0.000000     0.000000     0.000000     0.000000     0.000000     0.000104     0.000000     0.000000     0.000000     0.000104
  MPI_Isend                   0.000000     0.000000     0.000000     0.000000     0.000000     0.000000     0.000000     0.000000     0.000000     0.000000
  MPI_Irecv                   0.000000     0.000000     0.000000     0.000000     0.000000     0.000006     0.000000     0.000000     0.000000     0.000006
  MPI_Waitall                 0.000000     0.000000     0.000000     0.000000     0.000000     0.000223     0.000000     0.000000     0.000000     0.000223
Interpolation                 0.038879     0.006364     0.000794     0.000187     0.000137     0.000240     0.000029     0.000022     0.000000     0.046651
  local interpolation         0.038878     0.006363     0.000793     0.000185     0.000135     0.000102     0.000028     0.000018     0.000000     0.046501
  pack MPI buffers            0.000000     0.000000     0.000000     0.000000     0.000000     0.000100     0.000000     0.000000     0.000000     0.000100
  unpack MPI buffers          0.000000     0.000000     0.000000     0.000000     0.000000     0.000000     0.000000     0.000000     0.000000     0.000000
  MPI_Isend                   0.000000     0.000000     0.000000     0.000000     0.000000     0.000034     0.000000     0.000000     0.000000     0.000034
  MPI_Irecv                   0.000000     0.000000     0.000000     0.000000     0.000000     0.000000     0.000000     0.000000     0.000000     0.000000
  MPI_Waitall                 0.000000     0.000000     0.000000     0.000000     0.000000     0.000002     0.000000     0.000000     0.000000     0.000002
Ghost Zone Exchange           0.052639     0.031720     0.010840     0.005595     0.004088     0.004120     0.000008     0.000007     0.000003     0.109021
  local exchange              0.021222     0.010464     0.002327     0.001555     0.001225     0.001163     0.000000     0.000000     0.000000     0.037957
  pack MPI buffers            0.001525     0.000905     0.000554     0.000847     0.000982     0.001213     0.000000     0.000000     0.000000     0.006025
  unpack MPI buffers          0.001567     0.001204     0.000984     0.000894     0.001049     0.001241     0.000000     0.000000     0.000000     0.006939
  MPI_Isend                   0.014486     0.007631     0.003435     0.000695     0.000193     0.000076     0.000000     0.000000     0.000000     0.026515
  MPI_Irecv                   0.000029     0.000044     0.000037     0.000016     0.000013     0.000016     0.000000     0.000000     0.000000     0.000155
  MPI_Waitall                 0.013797     0.011453     0.003478     0.001571     0.000602     0.000379     0.000000     0.000000     0.000000     0.031280
MPI_collectives               0.004602     0.000000     0.000000     0.000000     0.000000     0.000000     0.000000     0.000000     0.000045     0.004646
------------------        ------------ ------------ ------------ ------------ ------------ ------------ ------------ ------------ ------------ ------------ 
Total by level                1.132672     0.276230     0.053474     0.012808     0.007112     0.007114     0.002501     0.001853     0.000637     1.494402

   Total time in MGBuild      1.093587 seconds
   Total time in MGSolve      1.494436 seconds
      number of v-cycles             1
Bottom solver iterations            16




===== Performance Summary ======================================================
  h=1.953125000000000e-03  DOF=1.342177280000000e+08  time=1.494436  DOF/s=8.981e+07  MPI=2  OMP=28


===== Richardson error analysis ================================================
FMGSolve... f-cycle     norm=4.151187824908527e-08  rel=4.153376389499612e-08  done (1.495629 seconds)
FMGSolve... f-cycle     norm=5.144231718379189e-07  rel=5.155086782761839e-07  done (0.216368 seconds)
FMGSolve... f-cycle     norm=7.454875268653183e-06  rel=7.517955872287669e-06  done (0.041581 seconds)
  h=1.953125000000000e-03  ||error||=9.221160354386249e-10
  order=4.011


===== Deallocating memory ======================================================
attempting to free the restriction and interpolation lists... done
attempting to free the     2^3 level... done
attempting to free the     4^3 level... done
attempting to free the     8^3 level... done
attempting to free the    16^3 level... done
attempting to free the    32^3 level... done
attempting to free the    64^3 level... done
attempting to free the   128^3 level... done
attempting to free the   256^3 level... done
attempting to free the   512^3 level... done


===== Done =====================================================================
