

********************************************************************************
***                            HPGMG-FV Benchmark                            ***
********************************************************************************
Requested MPI_THREAD_FUNNELED, got MPI_THREAD_FUNNELED
2 MPI Tasks of 28 threads


===== Benchmark setup ==========================================================

attempting to create a 512^3 level from 8 x 256^3 boxes distributed among 2 tasks...
  boundary condition = BC_DIRICHLET
  Decomposing level via Z-mort ordering... done
  Allocating vectors... done
  Calculating boxes per process... target=4.000, max=4
  Creating Poisson (a=0.000000, b=1.000000) test problem
  calculating D^{-1} exactly for level h=1.953125e-03 using  64 colors...  done (5.920734 seconds)

attempting to create a 256^3 level from 8 x 128^3 boxes distributed among 2 tasks...
  boundary condition = BC_DIRICHLET
  Decomposing level via Z-mort ordering... done
  Allocating vectors... done
  Calculating boxes per process... target=4.000, max=4

attempting to create a 128^3 level from 8 x 64^3 boxes distributed among 2 tasks...
  boundary condition = BC_DIRICHLET
  Decomposing level via Z-mort ordering... done
  Allocating vectors... done
  Calculating boxes per process... target=4.000, max=4

attempting to create a 64^3 level from 8 x 32^3 boxes distributed among 2 tasks...
  boundary condition = BC_DIRICHLET
  Decomposing level via Z-mort ordering... done
  Allocating vectors... done
  Calculating boxes per process... target=4.000, max=4

attempting to create a 32^3 level from 8 x 16^3 boxes distributed among 2 tasks...
  boundary condition = BC_DIRICHLET
  Decomposing level via Z-mort ordering... done
  Allocating vectors... done
  Calculating boxes per process... target=4.000, max=4

attempting to create a 16^3 level from 8 x 8^3 boxes distributed among 2 tasks...
  boundary condition = BC_DIRICHLET
  Decomposing level via Z-mort ordering... done
  Allocating vectors... done
  Calculating boxes per process... target=4.000, max=4

attempting to create a 8^3 level from 1 x 8^3 boxes distributed among 2 tasks...
  boundary condition = BC_DIRICHLET
  Decomposing level via Z-mort ordering... done
  Allocating vectors... done
  Calculating boxes per process... target=0.500, max=1

attempting to create a 4^3 level from 1 x 4^3 boxes distributed among 2 tasks...
  boundary condition = BC_DIRICHLET
  Decomposing level via Z-mort ordering... done
  Allocating vectors... done
  Calculating boxes per process... target=0.500, max=1

attempting to create a 2^3 level from 1 x 2^3 boxes distributed among 2 tasks...
  boundary condition = BC_DIRICHLET
  Decomposing level via Z-mort ordering... done
  Allocating vectors... done
  Calculating boxes per process... target=0.500, max=1

  Building restriction and interpolation lists... done

  Building MPI subcommunicator for level  1... done (0.000534 seconds)
  Building MPI subcommunicator for level  2... done (0.000086 seconds)
  Building MPI subcommunicator for level  3... done (0.000344 seconds)
  Building MPI subcommunicator for level  4... done (0.000383 seconds)
  Building MPI subcommunicator for level  5... done (0.000030 seconds)
  Building MPI subcommunicator for level  6... done (0.000029 seconds)
  Building MPI subcommunicator for level  7... done (0.000027 seconds)
  Building MPI subcommunicator for level  8... done (0.000032 seconds)

  calculating D^{-1} exactly for level h=3.906250e-03 using  64 colors...  done (0.871849 seconds)
  calculating D^{-1} exactly for level h=7.812500e-03 using  64 colors...  done (0.118671 seconds)
  calculating D^{-1} exactly for level h=1.562500e-02 using  64 colors...  done (0.018768 seconds)
  calculating D^{-1} exactly for level h=3.125000e-02 using  64 colors...  done (0.007353 seconds)
  calculating D^{-1} exactly for level h=6.250000e-02 using  64 colors...  done (0.006042 seconds)
  calculating D^{-1} exactly for level h=1.250000e-01 using  64 colors...  done (0.001774 seconds)
  calculating D^{-1} exactly for level h=2.500000e-01 using  64 colors...  done (0.001079 seconds)
  calculating D^{-1} exactly for level h=5.000000e-01 using   8 colors...  done (0.000144 seconds)



===== Warming up by running 1 solves ==========================================
FMGSolve... f-cycle     norm=4.151187824908527e-08  rel=4.153376389499612e-08  done (1.503282 seconds)


===== Running 10 solves ========================================================
FMGSolve... f-cycle     norm=4.151187824908527e-08  rel=4.153376389499612e-08  done (1.503074 seconds)
FMGSolve... f-cycle     norm=4.151187824908527e-08  rel=4.153376389499612e-08  done (1.501682 seconds)
FMGSolve... f-cycle     norm=4.151187824908527e-08  rel=4.153376389499612e-08  done (1.504710 seconds)
FMGSolve... f-cycle     norm=4.151187824908527e-08  rel=4.153376389499612e-08  done (1.505167 seconds)
FMGSolve... f-cycle     norm=4.151187824908527e-08  rel=4.153376389499612e-08  done (1.503455 seconds)
FMGSolve... f-cycle     norm=4.151187824908527e-08  rel=4.153376389499612e-08  done (1.505495 seconds)
FMGSolve... f-cycle     norm=4.151187824908527e-08  rel=4.153376389499612e-08  done (1.503621 seconds)
FMGSolve... f-cycle     norm=4.151187824908527e-08  rel=4.153376389499612e-08  done (1.503292 seconds)
FMGSolve... f-cycle     norm=4.151187824908527e-08  rel=4.153376389499612e-08  done (1.503750 seconds)
FMGSolve... f-cycle     norm=4.151187824908527e-08  rel=4.153376389499612e-08  done (1.504017 seconds)


===== Timing Breakdown =========================================================


level                                0            1            2            3            4            5            6            7            8 
level dimension                  512^3        256^3        128^3         64^3         32^3         16^3          8^3          4^3          2^3 
box dimension                    256^3        128^3         64^3         32^3         16^3          8^3          8^3          4^3          2^3        total
------------------        ------------ ------------ ------------ ------------ ------------ ------------ ------------ ------------ ------------ ------------ 
smooth                        0.833110     0.211418     0.035938     0.005189     0.001478     0.001225     0.000883     0.000185     0.000000     1.089426
  max                         0.835923     0.211918     0.036928     0.005381     0.001478     0.001226     0.000883     0.000185     0.000000     1.093922
  min                         0.833110     0.211418     0.035938     0.005189     0.001344     0.001225     0.000000     0.000000     0.000000     1.088224
residual                      0.148547     0.019565     0.003546     0.000525     0.000138     0.000106     0.000079     0.000019     0.000009     0.172535
applyOp                       0.000000     0.000000     0.000000     0.000000     0.000000     0.000000     0.000000     0.000000     0.000022     0.000022
BLAS1                         0.043807     0.001426     0.000287     0.000067     0.000053     0.000066     0.000011     0.000005     0.000039     0.045761
BLAS3                         0.000000     0.000000     0.000000     0.000000     0.000000     0.000000     0.000000     0.000000     0.000000     0.000000
Boundary Conditions           0.014226     0.006570     0.002390     0.001170     0.001036     0.001234     0.001387     0.001525     0.000600     0.030139
Restriction                   0.015133     0.002858     0.000327     0.000098     0.000081     0.000282     0.000010     0.000005     0.000000     0.018794
  local restriction           0.015130     0.002856     0.000325     0.000097     0.000079     0.000095     0.000008     0.000002     0.000000     0.018591
  pack MPI buffers            0.000000     0.000000     0.000000     0.000000     0.000000     0.000000     0.000000     0.000000     0.000000     0.000000
  unpack MPI buffers          0.000000     0.000000     0.000000     0.000000     0.000000     0.000100     0.000000     0.000000     0.000000     0.000100
  MPI_Isend                   0.000000     0.000000     0.000000     0.000000     0.000000     0.000000     0.000000     0.000000     0.000000     0.000000
  MPI_Irecv                   0.000000     0.000000     0.000000     0.000000     0.000000     0.000006     0.000000     0.000000     0.000000     0.000006
  MPI_Waitall                 0.000000     0.000000     0.000000     0.000000     0.000000     0.000079     0.000000     0.000000     0.000000     0.000079
Interpolation                 0.039047     0.006369     0.000783     0.000189     0.000135     0.000227     0.000028     0.000019     0.000000     0.046797
  local interpolation         0.039045     0.006368     0.000782     0.000187     0.000133     0.000095     0.000027     0.000016     0.000000     0.046653
  pack MPI buffers            0.000000     0.000000     0.000000     0.000000     0.000000     0.000095     0.000000     0.000000     0.000000     0.000095
  unpack MPI buffers          0.000000     0.000000     0.000000     0.000000     0.000000     0.000000     0.000000     0.000000     0.000000     0.000000
  MPI_Isend                   0.000000     0.000000     0.000000     0.000000     0.000000     0.000033     0.000000     0.000000     0.000000     0.000033
  MPI_Irecv                   0.000000     0.000000     0.000000     0.000000     0.000000     0.000000     0.000000     0.000000     0.000000     0.000000
  MPI_Waitall                 0.000000     0.000000     0.000000     0.000000     0.000000     0.000002     0.000000     0.000000     0.000000     0.000002
Ghost Zone Exchange           0.052667     0.030903     0.010949     0.005481     0.003982     0.003901     0.000007     0.000007     0.000004     0.107902
  local exchange              0.021119     0.010252     0.002278     0.001556     0.001219     0.001120     0.000000     0.000000     0.000000     0.037544
  pack MPI buffers            0.001515     0.000901     0.000551     0.000802     0.000967     0.001171     0.000000     0.000000     0.000000     0.005907
  unpack MPI buffers          0.001595     0.001213     0.000997     0.000871     0.001034     0.001202     0.000000     0.000000     0.000000     0.006912
  MPI_Isend                   0.014478     0.007581     0.003401     0.000666     0.000184     0.000074     0.000000     0.000000     0.000000     0.026385
  MPI_Irecv                   0.000029     0.000045     0.000040     0.000017     0.000013     0.000016     0.000000     0.000000     0.000000     0.000159
  MPI_Waitall                 0.013918     0.010885     0.003659     0.001547     0.000544     0.000288     0.000000     0.000000     0.000000     0.030842
MPI_collectives               0.004201     0.000000     0.000000     0.000000     0.000000     0.000000     0.000000     0.000000     0.000042     0.004243
------------------        ------------ ------------ ------------ ------------ ------------ ------------ ------------ ------------ ------------ ------------ 
Total by level                1.142453     0.276580     0.053594     0.012622     0.006950     0.006740     0.002421     0.001810     0.000617     1.503787

   Total time in MGBuild      1.094828 seconds
   Total time in MGSolve      1.503819 seconds
      number of v-cycles             1
Bottom solver iterations            16




===== Performance Summary ======================================================
  h=1.953125000000000e-03  DOF=1.342177280000000e+08  time=1.503819  DOF/s=8.925e+07  MPI=2  OMP=28


===== Richardson error analysis ================================================
FMGSolve... f-cycle     norm=4.151187824908527e-08  rel=4.153376389499612e-08  done (1.503332 seconds)
FMGSolve... f-cycle     norm=5.144231718379189e-07  rel=5.155086782761839e-07  done (0.216953 seconds)
FMGSolve... f-cycle     norm=7.454875268653183e-06  rel=7.517955872287669e-06  done (0.040667 seconds)
  h=1.953125000000000e-03  ||error||=9.221160354386249e-10
  order=4.011


===== Deallocating memory ======================================================
attempting to free the restriction and interpolation lists... done
attempting to free the     2^3 level... done
attempting to free the     4^3 level... done
attempting to free the     8^3 level... done
attempting to free the    16^3 level... done
attempting to free the    32^3 level... done
attempting to free the    64^3 level... done
attempting to free the   128^3 level... done
attempting to free the   256^3 level... done
attempting to free the   512^3 level... done


===== Done =====================================================================
