

********************************************************************************
***                            HPGMG-FV Benchmark                            ***
********************************************************************************
Requested MPI_THREAD_FUNNELED, got MPI_THREAD_FUNNELED
2 MPI Tasks of 28 threads


===== Benchmark setup ==========================================================

attempting to create a 512^3 level from 8 x 256^3 boxes distributed among 2 tasks...
  boundary condition = BC_DIRICHLET
  Decomposing level via Z-mort ordering... done
  Allocating vectors... done
  Calculating boxes per process... target=4.000, max=4
  Creating Poisson (a=0.000000, b=1.000000) test problem
  calculating D^{-1} exactly for level h=1.953125e-03 using  64 colors...  done (6.015170 seconds)

attempting to create a 256^3 level from 8 x 128^3 boxes distributed among 2 tasks...
  boundary condition = BC_DIRICHLET
  Decomposing level via Z-mort ordering... done
  Allocating vectors... done
  Calculating boxes per process... target=4.000, max=4

attempting to create a 128^3 level from 8 x 64^3 boxes distributed among 2 tasks...
  boundary condition = BC_DIRICHLET
  Decomposing level via Z-mort ordering... done
  Allocating vectors... done
  Calculating boxes per process... target=4.000, max=4

attempting to create a 64^3 level from 8 x 32^3 boxes distributed among 2 tasks...
  boundary condition = BC_DIRICHLET
  Decomposing level via Z-mort ordering... done
  Allocating vectors... done
  Calculating boxes per process... target=4.000, max=4

attempting to create a 32^3 level from 8 x 16^3 boxes distributed among 2 tasks...
  boundary condition = BC_DIRICHLET
  Decomposing level via Z-mort ordering... done
  Allocating vectors... done
  Calculating boxes per process... target=4.000, max=4

attempting to create a 16^3 level from 8 x 8^3 boxes distributed among 2 tasks...
  boundary condition = BC_DIRICHLET
  Decomposing level via Z-mort ordering... done
  Allocating vectors... done
  Calculating boxes per process... target=4.000, max=4

attempting to create a 8^3 level from 1 x 8^3 boxes distributed among 2 tasks...
  boundary condition = BC_DIRICHLET
  Decomposing level via Z-mort ordering... done
  Allocating vectors... done
  Calculating boxes per process... target=0.500, max=1

attempting to create a 4^3 level from 1 x 4^3 boxes distributed among 2 tasks...
  boundary condition = BC_DIRICHLET
  Decomposing level via Z-mort ordering... done
  Allocating vectors... done
  Calculating boxes per process... target=0.500, max=1

attempting to create a 2^3 level from 1 x 2^3 boxes distributed among 2 tasks...
  boundary condition = BC_DIRICHLET
  Decomposing level via Z-mort ordering... done
  Allocating vectors... done
  Calculating boxes per process... target=0.500, max=1

  Building restriction and interpolation lists... done

  Building MPI subcommunicator for level  1... done (0.000547 seconds)
  Building MPI subcommunicator for level  2... done (0.000089 seconds)
  Building MPI subcommunicator for level  3... done (0.000353 seconds)
  Building MPI subcommunicator for level  4... done (0.000365 seconds)
  Building MPI subcommunicator for level  5... done (0.000031 seconds)
  Building MPI subcommunicator for level  6... done (0.000030 seconds)
  Building MPI subcommunicator for level  7... done (0.000027 seconds)
  Building MPI subcommunicator for level  8... done (0.000025 seconds)

  calculating D^{-1} exactly for level h=3.906250e-03 using  64 colors...  done (0.889625 seconds)
  calculating D^{-1} exactly for level h=7.812500e-03 using  64 colors...  done (0.113449 seconds)
  calculating D^{-1} exactly for level h=1.562500e-02 using  64 colors...  done (0.017728 seconds)
  calculating D^{-1} exactly for level h=3.125000e-02 using  64 colors...  done (0.006973 seconds)
  calculating D^{-1} exactly for level h=6.250000e-02 using  64 colors...  done (0.005553 seconds)
  calculating D^{-1} exactly for level h=1.250000e-01 using  64 colors...  done (0.001577 seconds)
  calculating D^{-1} exactly for level h=2.500000e-01 using  64 colors...  done (0.000873 seconds)
  calculating D^{-1} exactly for level h=5.000000e-01 using   8 colors...  done (0.000149 seconds)



===== Warming up by running 1 solves ==========================================
FMGSolve... f-cycle     norm=4.151187824908527e-08  rel=4.153376389499612e-08  done (1.557159 seconds)


===== Running 10 solves ========================================================
FMGSolve... f-cycle     norm=4.151187824908527e-08  rel=4.153376389499612e-08  done (1.554104 seconds)
FMGSolve... f-cycle     norm=4.151187824908527e-08  rel=4.153376389499612e-08  done (1.554565 seconds)
FMGSolve... f-cycle     norm=4.151187824908527e-08  rel=4.153376389499612e-08  done (1.554268 seconds)
FMGSolve... f-cycle     norm=4.151187824908527e-08  rel=4.153376389499612e-08  done (1.555005 seconds)
FMGSolve... f-cycle     norm=4.151187824908527e-08  rel=4.153376389499612e-08  done (1.554342 seconds)
FMGSolve... f-cycle     norm=4.151187824908527e-08  rel=4.153376389499612e-08  done (1.553934 seconds)
FMGSolve... f-cycle     norm=4.151187824908527e-08  rel=4.153376389499612e-08  done (1.553060 seconds)
FMGSolve... f-cycle     norm=4.151187824908527e-08  rel=4.153376389499612e-08  done (1.557234 seconds)
FMGSolve... f-cycle     norm=4.151187824908527e-08  rel=4.153376389499612e-08  done (1.555020 seconds)
FMGSolve... f-cycle     norm=4.151187824908527e-08  rel=4.153376389499612e-08  done (1.554498 seconds)


===== Timing Breakdown =========================================================


level                                0            1            2            3            4            5            6            7            8 
level dimension                  512^3        256^3        128^3         64^3         32^3         16^3          8^3          4^3          2^3 
box dimension                    256^3        128^3         64^3         32^3         16^3          8^3          8^3          4^3          2^3        total
------------------        ------------ ------------ ------------ ------------ ------------ ------------ ------------ ------------ ------------ ------------ 
smooth                        0.872730     0.222521     0.036337     0.005086     0.001369     0.001226     0.000927     0.000215     0.000000     1.140410
  max                         0.878463     0.222521     0.036479     0.005156     0.001369     0.001231     0.000927     0.000215     0.000000     1.146362
  min                         0.872730     0.219909     0.036337     0.005086     0.001278     0.001226     0.000000     0.000000     0.000000     1.136565
residual                      0.153054     0.019580     0.003542     0.000522     0.000129     0.000106     0.000082     0.000019     0.000013     0.177046
applyOp                       0.000000     0.000000     0.000000     0.000000     0.000000     0.000000     0.000000     0.000000     0.000028     0.000028
BLAS1                         0.047459     0.001486     0.000302     0.000069     0.000051     0.000060     0.000015     0.000005     0.000040     0.049487
BLAS3                         0.000000     0.000000     0.000000     0.000000     0.000000     0.000000     0.000000     0.000000     0.000000     0.000000
Boundary Conditions           0.014451     0.006296     0.002171     0.001137     0.000947     0.001030     0.001100     0.001240     0.000472     0.028844
Restriction                   0.016647     0.003133     0.000313     0.000092     0.000083     0.000247     0.000010     0.000005     0.000000     0.020531
  local restriction           0.016645     0.003131     0.000311     0.000091     0.000082     0.000073     0.000008     0.000003     0.000000     0.020343
  pack MPI buffers            0.000000     0.000000     0.000000     0.000000     0.000000     0.000000     0.000000     0.000000     0.000000     0.000000
  unpack MPI buffers          0.000000     0.000000     0.000000     0.000000     0.000000     0.000076     0.000000     0.000000     0.000000     0.000076
  MPI_Isend                   0.000000     0.000000     0.000000     0.000000     0.000000     0.000000     0.000000     0.000000     0.000000     0.000000
  MPI_Irecv                   0.000000     0.000000     0.000000     0.000000     0.000000     0.000005     0.000000     0.000000     0.000000     0.000005
  MPI_Waitall                 0.000000     0.000000     0.000000     0.000000     0.000000     0.000091     0.000000     0.000000     0.000000     0.000091
Interpolation                 0.040212     0.006601     0.000772     0.000183     0.000136     0.000212     0.000031     0.000023     0.000000     0.048171
  local interpolation         0.040211     0.006600     0.000771     0.000181     0.000134     0.000086     0.000029     0.000020     0.000000     0.048033
  pack MPI buffers            0.000000     0.000000     0.000000     0.000000     0.000000     0.000087     0.000000     0.000000     0.000000     0.000087
  unpack MPI buffers          0.000000     0.000000     0.000000     0.000000     0.000000     0.000000     0.000000     0.000000     0.000000     0.000000
  MPI_Isend                   0.000000     0.000000     0.000000     0.000000     0.000000     0.000034     0.000000     0.000000     0.000000     0.000034
  MPI_Irecv                   0.000000     0.000000     0.000000     0.000000     0.000000     0.000000     0.000000     0.000000     0.000000     0.000000
  MPI_Waitall                 0.000000     0.000000     0.000000     0.000000     0.000000     0.000001     0.000000     0.000000     0.000000     0.000001
Ghost Zone Exchange           0.053630     0.026574     0.009649     0.004805     0.003599     0.003597     0.000007     0.000007     0.000005     0.101873
  local exchange              0.020893     0.009761     0.002283     0.001580     0.001265     0.001026     0.000000     0.000000     0.000000     0.036808
  pack MPI buffers            0.001469     0.000915     0.000536     0.000648     0.000742     0.000962     0.000000     0.000000     0.000000     0.005271
  unpack MPI buffers          0.001664     0.001208     0.000951     0.000705     0.000805     0.000970     0.000000     0.000000     0.000000     0.006303
  MPI_Isend                   0.014489     0.007318     0.003066     0.000676     0.000224     0.000099     0.000000     0.000000     0.000000     0.025872
  MPI_Irecv                   0.000028     0.000035     0.000037     0.000015     0.000014     0.000017     0.000000     0.000000     0.000000     0.000146
  MPI_Waitall                 0.015073     0.007316     0.002756     0.001160     0.000524     0.000487     0.000000     0.000000     0.000000     0.027315
MPI_collectives               0.000678     0.000000     0.000000     0.000000     0.000000     0.000000     0.000000     0.000000     0.000045     0.000723
------------------        ------------ ------------ ------------ ------------ ------------ ------------ ------------ ------------ ------------ ------------ 
Total by level                1.189825     0.283610     0.052497     0.011787     0.006348     0.006217     0.002195     0.001549     0.000530     1.554559

   Total time in MGBuild      1.108735 seconds
   Total time in MGSolve      1.554594 seconds
      number of v-cycles             1
Bottom solver iterations            16




===== Performance Summary ======================================================
  h=1.953125000000000e-03  DOF=1.342177280000000e+08  time=1.554594  DOF/s=8.634e+07  MPI=2  OMP=28


===== Richardson error analysis ================================================
FMGSolve... f-cycle     norm=4.151187824908527e-08  rel=4.153376389499612e-08  done (1.569153 seconds)
FMGSolve... f-cycle     norm=5.144231718379189e-07  rel=5.155086782761839e-07  done (0.220309 seconds)
FMGSolve... f-cycle     norm=7.454875268653183e-06  rel=7.517955872287669e-06  done (0.039085 seconds)
  h=1.953125000000000e-03  ||error||=9.221160354386249e-10
  order=4.011


===== Deallocating memory ======================================================
attempting to free the restriction and interpolation lists... done
attempting to free the     2^3 level... done
attempting to free the     4^3 level... done
attempting to free the     8^3 level... done
attempting to free the    16^3 level... done
attempting to free the    32^3 level... done
attempting to free the    64^3 level... done
attempting to free the   128^3 level... done
attempting to free the   256^3 level... done
attempting to free the   512^3 level... done


===== Done =====================================================================
