

********************************************************************************
***                            HPGMG-FV Benchmark                            ***
********************************************************************************
Requested MPI_THREAD_FUNNELED, got MPI_THREAD_FUNNELED
2 MPI Tasks of 28 threads


===== Benchmark setup ==========================================================

attempting to create a 512^3 level from 8 x 256^3 boxes distributed among 2 tasks...
  boundary condition = BC_DIRICHLET
  Decomposing level via Z-mort ordering... done
  Allocating vectors... done
  Calculating boxes per process... target=4.000, max=4
  Creating Poisson (a=0.000000, b=1.000000) test problem
  calculating D^{-1} exactly for level h=1.953125e-03 using  64 colors...  done (4.190794 seconds)

attempting to create a 256^3 level from 8 x 128^3 boxes distributed among 2 tasks...
  boundary condition = BC_DIRICHLET
  Decomposing level via Z-mort ordering... done
  Allocating vectors... done
  Calculating boxes per process... target=4.000, max=4

attempting to create a 128^3 level from 8 x 64^3 boxes distributed among 2 tasks...
  boundary condition = BC_DIRICHLET
  Decomposing level via Z-mort ordering... done
  Allocating vectors... done
  Calculating boxes per process... target=4.000, max=4

attempting to create a 64^3 level from 8 x 32^3 boxes distributed among 2 tasks...
  boundary condition = BC_DIRICHLET
  Decomposing level via Z-mort ordering... done
  Allocating vectors... done
  Calculating boxes per process... target=4.000, max=4

attempting to create a 32^3 level from 8 x 16^3 boxes distributed among 2 tasks...
  boundary condition = BC_DIRICHLET
  Decomposing level via Z-mort ordering... done
  Allocating vectors... done
  Calculating boxes per process... target=4.000, max=4

attempting to create a 16^3 level from 8 x 8^3 boxes distributed among 2 tasks...
  boundary condition = BC_DIRICHLET
  Decomposing level via Z-mort ordering... done
  Allocating vectors... done
  Calculating boxes per process... target=4.000, max=4

attempting to create a 8^3 level from 1 x 8^3 boxes distributed among 2 tasks...
  boundary condition = BC_DIRICHLET
  Decomposing level via Z-mort ordering... done
  Allocating vectors... done
  Calculating boxes per process... target=0.500, max=1

attempting to create a 4^3 level from 1 x 4^3 boxes distributed among 2 tasks...
  boundary condition = BC_DIRICHLET
  Decomposing level via Z-mort ordering... done
  Allocating vectors... done
  Calculating boxes per process... target=0.500, max=1

attempting to create a 2^3 level from 1 x 2^3 boxes distributed among 2 tasks...
  boundary condition = BC_DIRICHLET
  Decomposing level via Z-mort ordering... done
  Allocating vectors... done
  Calculating boxes per process... target=0.500, max=1

  Building restriction and interpolation lists... done

  Building MPI subcommunicator for level  1... done (0.000542 seconds)
  Building MPI subcommunicator for level  2... done (0.000393 seconds)
  Building MPI subcommunicator for level  3... done (0.000329 seconds)
  Building MPI subcommunicator for level  4... done (0.000051 seconds)
  Building MPI subcommunicator for level  5... done (0.000029 seconds)
  Building MPI subcommunicator for level  6... done (0.000030 seconds)
  Building MPI subcommunicator for level  7... done (0.000027 seconds)
  Building MPI subcommunicator for level  8... done (0.000025 seconds)

  calculating D^{-1} exactly for level h=3.906250e-03 using  64 colors...  done (0.531476 seconds)
  calculating D^{-1} exactly for level h=7.812500e-03 using  64 colors...  done (0.076716 seconds)
  calculating D^{-1} exactly for level h=1.562500e-02 using  64 colors...  done (0.015516 seconds)
  calculating D^{-1} exactly for level h=3.125000e-02 using  64 colors...  done (0.006615 seconds)
  calculating D^{-1} exactly for level h=6.250000e-02 using  64 colors...  done (0.004762 seconds)
  calculating D^{-1} exactly for level h=1.250000e-01 using  64 colors...  done (0.001466 seconds)
  calculating D^{-1} exactly for level h=2.500000e-01 using  64 colors...  done (0.000731 seconds)
  calculating D^{-1} exactly for level h=5.000000e-01 using   8 colors...  done (0.000085 seconds)



===== Warming up by running 1 solves ==========================================
FMGSolve... f-cycle     norm=4.151187824908527e-08  rel=4.153376389499612e-08  done (1.040981 seconds)


===== Running 10 solves ========================================================
FMGSolve... f-cycle     norm=4.151187824908527e-08  rel=4.153376389499612e-08  done (1.039178 seconds)
FMGSolve... f-cycle     norm=4.151187824908527e-08  rel=4.153376389499612e-08  done (1.037765 seconds)
FMGSolve... f-cycle     norm=4.151187824908527e-08  rel=4.153376389499612e-08  done (1.038013 seconds)
FMGSolve... f-cycle     norm=4.151187824908527e-08  rel=4.153376389499612e-08  done (1.037563 seconds)
FMGSolve... f-cycle     norm=4.151187824908527e-08  rel=4.153376389499612e-08  done (1.036882 seconds)
FMGSolve... f-cycle     norm=4.151187824908527e-08  rel=4.153376389499612e-08  done (1.037425 seconds)
FMGSolve... f-cycle     norm=4.151187824908527e-08  rel=4.153376389499612e-08  done (1.038354 seconds)
FMGSolve... f-cycle     norm=4.151187824908527e-08  rel=4.153376389499612e-08  done (1.038441 seconds)
FMGSolve... f-cycle     norm=4.151187824908527e-08  rel=4.153376389499612e-08  done (1.038185 seconds)
FMGSolve... f-cycle     norm=4.151187824908527e-08  rel=4.153376389499612e-08  done (1.038427 seconds)


===== Timing Breakdown =========================================================


level                                0            1            2            3            4            5            6            7            8 
level dimension                  512^3        256^3        128^3         64^3         32^3         16^3          8^3          4^3          2^3 
box dimension                    256^3        128^3         64^3         32^3         16^3          8^3          8^3          4^3          2^3        total
------------------        ------------ ------------ ------------ ------------ ------------ ------------ ------------ ------------ ------------ ------------ 
smooth                        0.581225     0.138771     0.023023     0.004290     0.001377     0.001273     0.000889     0.000190     0.000000     0.751038
  max                         0.581225     0.138771     0.023023     0.004290     0.001377     0.001273     0.000889     0.000190     0.000000     0.751038
  min                         0.563729     0.137971     0.022766     0.004230     0.001308     0.001251     0.000000     0.000000     0.000000     0.731255
residual                      0.086620     0.010726     0.002133     0.000434     0.000134     0.000107     0.000082     0.000019     0.000008     0.100265
applyOp                       0.000000     0.000000     0.000000     0.000000     0.000000     0.000000     0.000000     0.000000     0.000022     0.000022
BLAS1                         0.037755     0.001206     0.000234     0.000073     0.000046     0.000053     0.000012     0.000006     0.000038     0.039422
BLAS3                         0.000000     0.000000     0.000000     0.000000     0.000000     0.000000     0.000000     0.000000     0.000000     0.000000
Boundary Conditions           0.011519     0.004732     0.001766     0.001084     0.000858     0.000787     0.000887     0.000974     0.000394     0.023002
Restriction                   0.013493     0.002585     0.000304     0.000091     0.000075     0.000179     0.000009     0.000006     0.000000     0.016741
  local restriction           0.013491     0.002582     0.000301     0.000089     0.000073     0.000064     0.000007     0.000004     0.000000     0.016611
  pack MPI buffers            0.000000     0.000000     0.000000     0.000000     0.000000     0.000000     0.000000     0.000000     0.000000     0.000000
  unpack MPI buffers          0.000000     0.000000     0.000000     0.000000     0.000000     0.000066     0.000000     0.000000     0.000000     0.000066
  MPI_Isend                   0.000000     0.000000     0.000000     0.000000     0.000000     0.000000     0.000000     0.000000     0.000000     0.000000
  MPI_Irecv                   0.000000     0.000000     0.000000     0.000000     0.000000     0.000006     0.000000     0.000000     0.000000     0.000006
  MPI_Waitall                 0.000000     0.000000     0.000000     0.000000     0.000000     0.000040     0.000000     0.000000     0.000000     0.000040
Interpolation                 0.025572     0.004484     0.000632     0.000188     0.000138     0.000194     0.000027     0.000021     0.000000     0.031256
  local interpolation         0.025571     0.004482     0.000631     0.000187     0.000136     0.000083     0.000025     0.000018     0.000000     0.031134
  pack MPI buffers            0.000000     0.000000     0.000000     0.000000     0.000000     0.000074     0.000000     0.000000     0.000000     0.000074
  unpack MPI buffers          0.000000     0.000000     0.000000     0.000000     0.000000     0.000000     0.000000     0.000000     0.000000     0.000000
  MPI_Isend                   0.000000     0.000000     0.000000     0.000000     0.000000     0.000032     0.000000     0.000000     0.000000     0.000032
  MPI_Irecv                   0.000000     0.000000     0.000000     0.000000     0.000000     0.000000     0.000000     0.000000     0.000000     0.000000
  MPI_Waitall                 0.000000     0.000000     0.000000     0.000000     0.000000     0.000003     0.000000     0.000000     0.000000     0.000003
Ghost Zone Exchange           0.043841     0.022992     0.009593     0.004386     0.003271     0.002813     0.000009     0.000009     0.000004     0.086919
  local exchange              0.012383     0.006116     0.002367     0.001623     0.001262     0.000888     0.000000     0.000000     0.000000     0.024639
  pack MPI buffers            0.001416     0.000960     0.000552     0.000499     0.000628     0.000744     0.000000     0.000000     0.000000     0.004798
  unpack MPI buffers          0.001565     0.001226     0.000953     0.000601     0.000729     0.000808     0.000000     0.000000     0.000000     0.005881
  MPI_Isend                   0.014444     0.007437     0.002849     0.000573     0.000177     0.000070     0.000000     0.000000     0.000000     0.025549
  MPI_Irecv                   0.000035     0.000044     0.000040     0.000020     0.000013     0.000016     0.000000     0.000000     0.000000     0.000168
  MPI_Waitall                 0.013987     0.007186     0.002806     0.001043     0.000434     0.000255     0.000000     0.000000     0.000000     0.025711
MPI_collectives               0.000019     0.000000     0.000000     0.000000     0.000000     0.000000     0.000000     0.000000     0.000043     0.000063
------------------        ------------ ------------ ------------ ------------ ------------ ------------ ------------ ------------ ------------ ------------ 
Total by level                0.792304     0.183383     0.037144     0.010418     0.005885     0.005197     0.001937     0.001256     0.000453     1.037976

   Total time in MGBuild      0.705128 seconds
   Total time in MGSolve      1.038013 seconds
      number of v-cycles             1
Bottom solver iterations            16




===== Performance Summary ======================================================
  h=1.953125000000000e-03  DOF=1.342177280000000e+08  time=1.038013  DOF/s=1.293e+08  MPI=2  OMP=28


===== Richardson error analysis ================================================
FMGSolve... f-cycle     norm=4.151187824908527e-08  rel=4.153376389499612e-08  done (1.037303 seconds)
FMGSolve... f-cycle     norm=5.144231718379189e-07  rel=5.155086782761839e-07  done (0.150715 seconds)
FMGSolve... f-cycle     norm=7.454875268653183e-06  rel=7.517955872287669e-06  done (0.031105 seconds)
  h=1.953125000000000e-03  ||error||=9.221160354386249e-10
  order=4.011


===== Deallocating memory ======================================================
attempting to free the restriction and interpolation lists... done
attempting to free the     2^3 level... done
attempting to free the     4^3 level... done
attempting to free the     8^3 level... done
attempting to free the    16^3 level... done
attempting to free the    32^3 level... done
attempting to free the    64^3 level... done
attempting to free the   128^3 level... done
attempting to free the   256^3 level... done
attempting to free the   512^3 level... done


===== Done =====================================================================
