

********************************************************************************
***                            HPGMG-FV Benchmark                            ***
********************************************************************************
Requested MPI_THREAD_FUNNELED, got MPI_THREAD_FUNNELED
2 MPI Tasks of 28 threads


===== Benchmark setup ==========================================================

attempting to create a 512^3 level from 8 x 256^3 boxes distributed among 2 tasks...
  boundary condition = BC_DIRICHLET
  Decomposing level via Z-mort ordering... done
  Allocating vectors... done
  Calculating boxes per process... target=4.000, max=4
  Creating Poisson (a=0.000000, b=1.000000) test problem
  calculating D^{-1} exactly for level h=1.953125e-03 using  64 colors...  done (19.148541 seconds)

attempting to create a 256^3 level from 8 x 128^3 boxes distributed among 2 tasks...
  boundary condition = BC_DIRICHLET
  Decomposing level via Z-mort ordering... done
  Allocating vectors... done
  Calculating boxes per process... target=4.000, max=4

attempting to create a 128^3 level from 8 x 64^3 boxes distributed among 2 tasks...
  boundary condition = BC_DIRICHLET
  Decomposing level via Z-mort ordering... done
  Allocating vectors... done
  Calculating boxes per process... target=4.000, max=4

attempting to create a 64^3 level from 8 x 32^3 boxes distributed among 2 tasks...
  boundary condition = BC_DIRICHLET
  Decomposing level via Z-mort ordering... done
  Allocating vectors... done
  Calculating boxes per process... target=4.000, max=4

attempting to create a 32^3 level from 8 x 16^3 boxes distributed among 2 tasks...
  boundary condition = BC_DIRICHLET
  Decomposing level via Z-mort ordering... done
  Allocating vectors... done
  Calculating boxes per process... target=4.000, max=4

attempting to create a 16^3 level from 8 x 8^3 boxes distributed among 2 tasks...
  boundary condition = BC_DIRICHLET
  Decomposing level via Z-mort ordering... done
  Allocating vectors... done
  Calculating boxes per process... target=4.000, max=4

attempting to create a 8^3 level from 1 x 8^3 boxes distributed among 2 tasks...
  boundary condition = BC_DIRICHLET
  Decomposing level via Z-mort ordering... done
  Allocating vectors... done
  Calculating boxes per process... target=0.500, max=1

attempting to create a 4^3 level from 1 x 4^3 boxes distributed among 2 tasks...
  boundary condition = BC_DIRICHLET
  Decomposing level via Z-mort ordering... done
  Allocating vectors... done
  Calculating boxes per process... target=0.500, max=1

attempting to create a 2^3 level from 1 x 2^3 boxes distributed among 2 tasks...
  boundary condition = BC_DIRICHLET
  Decomposing level via Z-mort ordering... done
  Allocating vectors... done
  Calculating boxes per process... target=0.500, max=1

  Building restriction and interpolation lists... done

  Building MPI subcommunicator for level  1... done (0.000463 seconds)
  Building MPI subcommunicator for level  2... done (0.000330 seconds)
  Building MPI subcommunicator for level  3... done (0.000288 seconds)
  Building MPI subcommunicator for level  4... done (0.000284 seconds)
  Building MPI subcommunicator for level  5... done (0.000031 seconds)
  Building MPI subcommunicator for level  6... done (0.000029 seconds)
  Building MPI subcommunicator for level  7... done (0.000026 seconds)
  Building MPI subcommunicator for level  8... done (0.000025 seconds)

  calculating D^{-1} exactly for level h=3.906250e-03 using  64 colors...  done (2.884127 seconds)
  calculating D^{-1} exactly for level h=7.812500e-03 using  64 colors...  done (0.377299 seconds)
  calculating D^{-1} exactly for level h=1.562500e-02 using  64 colors...  done (0.057059 seconds)
  calculating D^{-1} exactly for level h=3.125000e-02 using  64 colors...  done (0.011913 seconds)
  calculating D^{-1} exactly for level h=6.250000e-02 using  64 colors...  done (0.004541 seconds)
  calculating D^{-1} exactly for level h=1.250000e-01 using  64 colors...  done (0.001544 seconds)
  calculating D^{-1} exactly for level h=2.500000e-01 using  64 colors...  done (0.000696 seconds)
  calculating D^{-1} exactly for level h=5.000000e-01 using   8 colors...  done (0.000077 seconds)



===== Warming up by running 1 solves ==========================================
FMGSolve... f-cycle     norm=4.151187824908527e-08  rel=4.153376389499612e-08  done (4.693247 seconds)


===== Running 10 solves ========================================================
FMGSolve... f-cycle     norm=4.151187824908527e-08  rel=4.153376389499612e-08  done (4.689281 seconds)
FMGSolve... f-cycle     norm=4.151187824908527e-08  rel=4.153376389499612e-08  done (4.686388 seconds)
FMGSolve... f-cycle     norm=4.151187824908527e-08  rel=4.153376389499612e-08  done (4.688119 seconds)
FMGSolve... f-cycle     norm=4.151187824908527e-08  rel=4.153376389499612e-08  done (4.692830 seconds)
FMGSolve... f-cycle     norm=4.151187824908527e-08  rel=4.153376389499612e-08  done (4.688041 seconds)
FMGSolve... f-cycle     norm=4.151187824908527e-08  rel=4.153376389499612e-08  done (4.685243 seconds)
FMGSolve... f-cycle     norm=4.151187824908527e-08  rel=4.153376389499612e-08  done (4.688698 seconds)
FMGSolve... f-cycle     norm=4.151187824908527e-08  rel=4.153376389499612e-08  done (4.691165 seconds)
FMGSolve... f-cycle     norm=4.151187824908527e-08  rel=4.153376389499612e-08  done (4.688445 seconds)
FMGSolve... f-cycle     norm=4.151187824908527e-08  rel=4.153376389499612e-08  done (4.688537 seconds)


===== Timing Breakdown =========================================================


level                                0            1            2            3            4            5            6            7            8 
level dimension                  512^3        256^3        128^3         64^3         32^3         16^3          8^3          4^3          2^3 
box dimension                    256^3        128^3         64^3         32^3         16^3          8^3          8^3          4^3          2^3        total
------------------        ------------ ------------ ------------ ------------ ------------ ------------ ------------ ------------ ------------ ------------ 
smooth                        2.713579     0.681533     0.127132     0.021018     0.003759     0.001081     0.000799     0.000163     0.000000     3.549064
  max                         2.713579     0.681580     0.127132     0.021018     0.003822     0.001082     0.000799     0.000163     0.000000     3.549175
  min                         2.693170     0.681533     0.127072     0.020978     0.003759     0.001081     0.000000     0.000000     0.000000     3.527594
residual                      0.538254     0.069411     0.013240     0.002203     0.000386     0.000095     0.000076     0.000016     0.000009     0.623691
applyOp                       0.000000     0.000000     0.000000     0.000000     0.000000     0.000000     0.000000     0.000000     0.000020     0.000020
BLAS1                         0.094259     0.002690     0.000815     0.000218     0.000088     0.000043     0.000012     0.000004     0.000038     0.098167
BLAS3                         0.000000     0.000000     0.000000     0.000000     0.000000     0.000000     0.000000     0.000000     0.000000     0.000000
Boundary Conditions           0.033728     0.019051     0.005956     0.002779     0.001859     0.001103     0.001033     0.000896     0.000300     0.066705
Restriction                   0.032390     0.006299     0.000945     0.000160     0.000065     0.000187     0.000010     0.000005     0.000000     0.040062
  local restriction           0.032389     0.006298     0.000942     0.000157     0.000064     0.000051     0.000008     0.000003     0.000000     0.039913
  pack MPI buffers            0.000000     0.000000     0.000000     0.000000     0.000000     0.000000     0.000000     0.000000     0.000000     0.000000
  unpack MPI buffers          0.000000     0.000000     0.000000     0.000000     0.000000     0.000052     0.000000     0.000000     0.000000     0.000052
  MPI_Isend                   0.000000     0.000000     0.000000     0.000000     0.000000     0.000000     0.000000     0.000000     0.000000     0.000000
  MPI_Irecv                   0.000000     0.000000     0.000000     0.000000     0.000000     0.000006     0.000000     0.000000     0.000000     0.000006
  MPI_Waitall                 0.000000     0.000000     0.000000     0.000000     0.000000     0.000075     0.000000     0.000000     0.000000     0.000075
Interpolation                 0.118259     0.019635     0.003014     0.000528     0.000123     0.000166     0.000025     0.000017     0.000000     0.141766
  local interpolation         0.118258     0.019633     0.003012     0.000526     0.000122     0.000066     0.000023     0.000014     0.000000     0.141655
  pack MPI buffers            0.000000     0.000000     0.000000     0.000000     0.000000     0.000064     0.000000     0.000000     0.000000     0.000064
  unpack MPI buffers          0.000000     0.000000     0.000000     0.000000     0.000000     0.000000     0.000000     0.000000     0.000000     0.000000
  MPI_Isend                   0.000000     0.000000     0.000000     0.000000     0.000000     0.000031     0.000000     0.000000     0.000000     0.000031
  MPI_Irecv                   0.000000     0.000000     0.000000     0.000000     0.000000     0.000000     0.000000     0.000000     0.000000     0.000000
  MPI_Waitall                 0.000000     0.000000     0.000000     0.000000     0.000000     0.000001     0.000000     0.000000     0.000000     0.000001
Ghost Zone Exchange           0.105723     0.053780     0.016130     0.005523     0.003682     0.002593     0.000008     0.000007     0.000004     0.187450
  local exchange              0.071529     0.035156     0.008379     0.002642     0.001840     0.000984     0.000000     0.000000     0.000000     0.120529
  pack MPI buffers            0.003756     0.002215     0.001170     0.000697     0.000620     0.000641     0.000000     0.000000     0.000000     0.009099
  unpack MPI buffers          0.003467     0.002150     0.001265     0.000715     0.000647     0.000618     0.000000     0.000000     0.000000     0.008862
  MPI_Isend                   0.015097     0.007162     0.002576     0.000475     0.000146     0.000056     0.000000     0.000000     0.000000     0.025512
  MPI_Irecv                   0.000034     0.000047     0.000037     0.000029     0.000012     0.000014     0.000000     0.000000     0.000000     0.000173
  MPI_Waitall                 0.011831     0.007027     0.002683     0.000937     0.000375     0.000236     0.000000     0.000000     0.000000     0.023089
MPI_collectives               0.000113     0.000000     0.000000     0.000000     0.000000     0.000000     0.000000     0.000000     0.000047     0.000161
------------------        ------------ ------------ ------------ ------------ ------------ ------------ ------------ ------------ ------------ ------------ 
Total by level                3.625664     0.846791     0.165670     0.032125     0.009833     0.005068     0.001969     0.001138     0.000379     4.688637

   Total time in MGBuild      3.462001 seconds
   Total time in MGSolve      4.688668 seconds
      number of v-cycles             1
Bottom solver iterations            16




===== Performance Summary ======================================================
  h=1.953125000000000e-03  DOF=1.342177280000000e+08  time=4.688668  DOF/s=2.863e+07  MPI=2  OMP=28


===== Richardson error analysis ================================================
FMGSolve... f-cycle     norm=4.151187824908527e-08  rel=4.153376389499612e-08  done (4.691306 seconds)
FMGSolve... f-cycle     norm=5.144231718379189e-07  rel=5.155086782761839e-07  done (0.630451 seconds)
FMGSolve... f-cycle     norm=7.454875268653183e-06  rel=7.517955872287669e-06  done (0.092896 seconds)
  h=1.953125000000000e-03  ||error||=9.221160354386249e-10
  order=4.011


===== Deallocating memory ======================================================
attempting to free the restriction and interpolation lists... done
attempting to free the     2^3 level... done
attempting to free the     4^3 level... done
attempting to free the     8^3 level... done
attempting to free the    16^3 level... done
attempting to free the    32^3 level... done
attempting to free the    64^3 level... done
attempting to free the   128^3 level... done
attempting to free the   256^3 level... done
attempting to free the   512^3 level... done


===== Done =====================================================================
