

********************************************************************************
***                            HPGMG-FV Benchmark                            ***
********************************************************************************
Requested MPI_THREAD_FUNNELED, got MPI_THREAD_FUNNELED
2 MPI Tasks of 28 threads


===== Benchmark setup ==========================================================

attempting to create a 512^3 level from 8 x 256^3 boxes distributed among 2 tasks...
  boundary condition = BC_DIRICHLET
  Decomposing level via Z-mort ordering... done
  Allocating vectors... done
  Calculating boxes per process... target=4.000, max=4
  Creating Poisson (a=0.000000, b=1.000000) test problem
  calculating D^{-1} exactly for level h=1.953125e-03 using  64 colors...  done (14.508481 seconds)

attempting to create a 256^3 level from 8 x 128^3 boxes distributed among 2 tasks...
  boundary condition = BC_DIRICHLET
  Decomposing level via Z-mort ordering... done
  Allocating vectors... done
  Calculating boxes per process... target=4.000, max=4

attempting to create a 128^3 level from 8 x 64^3 boxes distributed among 2 tasks...
  boundary condition = BC_DIRICHLET
  Decomposing level via Z-mort ordering... done
  Allocating vectors... done
  Calculating boxes per process... target=4.000, max=4

attempting to create a 64^3 level from 8 x 32^3 boxes distributed among 2 tasks...
  boundary condition = BC_DIRICHLET
  Decomposing level via Z-mort ordering... done
  Allocating vectors... done
  Calculating boxes per process... target=4.000, max=4

attempting to create a 32^3 level from 8 x 16^3 boxes distributed among 2 tasks...
  boundary condition = BC_DIRICHLET
  Decomposing level via Z-mort ordering... done
  Allocating vectors... done
  Calculating boxes per process... target=4.000, max=4

attempting to create a 16^3 level from 8 x 8^3 boxes distributed among 2 tasks...
  boundary condition = BC_DIRICHLET
  Decomposing level via Z-mort ordering... done
  Allocating vectors... done
  Calculating boxes per process... target=4.000, max=4

attempting to create a 8^3 level from 1 x 8^3 boxes distributed among 2 tasks...
  boundary condition = BC_DIRICHLET
  Decomposing level via Z-mort ordering... done
  Allocating vectors... done
  Calculating boxes per process... target=0.500, max=1

attempting to create a 4^3 level from 1 x 4^3 boxes distributed among 2 tasks...
  boundary condition = BC_DIRICHLET
  Decomposing level via Z-mort ordering... done
  Allocating vectors... done
  Calculating boxes per process... target=0.500, max=1

attempting to create a 2^3 level from 1 x 2^3 boxes distributed among 2 tasks...
  boundary condition = BC_DIRICHLET
  Decomposing level via Z-mort ordering... done
  Allocating vectors... done
  Calculating boxes per process... target=0.500, max=1

  Building restriction and interpolation lists... done

  Building MPI subcommunicator for level  1... done (0.000465 seconds)
  Building MPI subcommunicator for level  2... done (0.000084 seconds)
  Building MPI subcommunicator for level  3... done (0.000283 seconds)
  Building MPI subcommunicator for level  4... done (0.000304 seconds)
  Building MPI subcommunicator for level  5... done (0.000025 seconds)
  Building MPI subcommunicator for level  6... done (0.000028 seconds)
  Building MPI subcommunicator for level  7... done (0.000022 seconds)
  Building MPI subcommunicator for level  8... done (0.000021 seconds)

  calculating D^{-1} exactly for level h=3.906250e-03 using  64 colors...  done (2.461548 seconds)
  calculating D^{-1} exactly for level h=7.812500e-03 using  64 colors...  done (0.324552 seconds)
  calculating D^{-1} exactly for level h=1.562500e-02 using  64 colors...  done (0.049693 seconds)
  calculating D^{-1} exactly for level h=3.125000e-02 using  64 colors...  done (0.011246 seconds)
  calculating D^{-1} exactly for level h=6.250000e-02 using  64 colors...  done (0.004481 seconds)
  calculating D^{-1} exactly for level h=1.250000e-01 using  64 colors...  done (0.001541 seconds)
  calculating D^{-1} exactly for level h=2.500000e-01 using  64 colors...  done (0.000735 seconds)
  calculating D^{-1} exactly for level h=5.000000e-01 using   8 colors...  done (0.000084 seconds)



===== Warming up by running 1 solves ==========================================
FMGSolve... f-cycle     norm=4.151187824908527e-08  rel=4.153376389499612e-08  done (4.024712 seconds)


===== Running 10 solves ========================================================
FMGSolve... f-cycle     norm=4.151187824908527e-08  rel=4.153376389499612e-08  done (4.026012 seconds)
FMGSolve... f-cycle     norm=4.151187824908527e-08  rel=4.153376389499612e-08  done (4.024466 seconds)
FMGSolve... f-cycle     norm=4.151187824908527e-08  rel=4.153376389499612e-08  done (4.023770 seconds)
FMGSolve... f-cycle     norm=4.151187824908527e-08  rel=4.153376389499612e-08  done (4.023880 seconds)
FMGSolve... f-cycle     norm=4.151187824908527e-08  rel=4.153376389499612e-08  done (4.024907 seconds)
FMGSolve... f-cycle     norm=4.151187824908527e-08  rel=4.153376389499612e-08  done (4.026793 seconds)
FMGSolve... f-cycle     norm=4.151187824908527e-08  rel=4.153376389499612e-08  done (4.026327 seconds)
FMGSolve... f-cycle     norm=4.151187824908527e-08  rel=4.153376389499612e-08  done (4.024154 seconds)
FMGSolve... f-cycle     norm=4.151187824908527e-08  rel=4.153376389499612e-08  done (4.023059 seconds)
FMGSolve... f-cycle     norm=4.151187824908527e-08  rel=4.153376389499612e-08  done (4.024612 seconds)


===== Timing Breakdown =========================================================


level                                0            1            2            3            4            5            6            7            8 
level dimension                  512^3        256^3        128^3         64^3         32^3         16^3          8^3          4^3          2^3 
box dimension                    256^3        128^3         64^3         32^3         16^3          8^3          8^3          4^3          2^3        total
------------------        ------------ ------------ ------------ ------------ ------------ ------------ ------------ ------------ ------------ ------------ 
smooth                        2.315309     0.581725     0.108540     0.018177     0.003758     0.001125     0.000827     0.000183     0.000000     3.029645
  max                         2.316728     0.581872     0.108540     0.018191     0.003758     0.001125     0.000827     0.000183     0.000000     3.031225
  min                         2.315309     0.581725     0.108531     0.018177     0.003708     0.001083     0.000000     0.000000     0.000000     3.028532
residual                      0.461848     0.059172     0.011288     0.001915     0.000384     0.000098     0.000077     0.000017     0.000008     0.534807
applyOp                       0.000000     0.000000     0.000000     0.000000     0.000000     0.000000     0.000000     0.000000     0.000021     0.000021
BLAS1                         0.083472     0.002363     0.000647     0.000182     0.000088     0.000048     0.000013     0.000005     0.000043     0.086862
BLAS3                         0.000000     0.000000     0.000000     0.000000     0.000000     0.000000     0.000000     0.000000     0.000000     0.000000
Boundary Conditions           0.030623     0.016523     0.005176     0.002679     0.001446     0.001063     0.001021     0.000934     0.000327     0.059792
Restriction                   0.027413     0.005285     0.000782     0.000179     0.000071     0.000346     0.000010     0.000004     0.000000     0.034091
  local restriction           0.027411     0.005283     0.000779     0.000177     0.000069     0.000056     0.000008     0.000003     0.000000     0.033787
  pack MPI buffers            0.000000     0.000000     0.000000     0.000000     0.000000     0.000000     0.000000     0.000000     0.000000     0.000000
  unpack MPI buffers          0.000000     0.000000     0.000000     0.000000     0.000000     0.000058     0.000000     0.000000     0.000000     0.000058
  MPI_Isend                   0.000000     0.000000     0.000000     0.000000     0.000000     0.000000     0.000000     0.000000     0.000000     0.000000
  MPI_Irecv                   0.000000     0.000000     0.000000     0.000000     0.000000     0.000005     0.000000     0.000000     0.000000     0.000005
  MPI_Waitall                 0.000000     0.000000     0.000000     0.000000     0.000000     0.000225     0.000000     0.000000     0.000000     0.000225
Interpolation                 0.101539     0.016788     0.002621     0.000535     0.000127     0.000169     0.000026     0.000020     0.000000     0.121824
  local interpolation         0.101538     0.016787     0.002619     0.000534     0.000125     0.000068     0.000025     0.000018     0.000000     0.121714
  pack MPI buffers            0.000000     0.000000     0.000000     0.000000     0.000000     0.000065     0.000000     0.000000     0.000000     0.000065
  unpack MPI buffers          0.000000     0.000000     0.000000     0.000000     0.000000     0.000000     0.000000     0.000000     0.000000     0.000000
  MPI_Isend                   0.000000     0.000000     0.000000     0.000000     0.000000     0.000031     0.000000     0.000000     0.000000     0.000031
  MPI_Irecv                   0.000000     0.000000     0.000000     0.000000     0.000000     0.000000     0.000000     0.000000     0.000000     0.000000
  MPI_Waitall                 0.000000     0.000000     0.000000     0.000000     0.000000     0.000002     0.000000     0.000000     0.000000     0.000002
Ghost Zone Exchange           0.096978     0.049111     0.015450     0.005918     0.003580     0.002595     0.000009     0.000007     0.000004     0.173653
  local exchange              0.062423     0.030913     0.007618     0.002565     0.001671     0.000891     0.000000     0.000000     0.000000     0.106082
  pack MPI buffers            0.003249     0.002024     0.001103     0.000645     0.000624     0.000682     0.000000     0.000000     0.000000     0.008328
  unpack MPI buffers          0.002844     0.001889     0.001131     0.000770     0.000649     0.000656     0.000000     0.000000     0.000000     0.007938
  MPI_Isend                   0.014853     0.007206     0.002556     0.000564     0.000161     0.000060     0.000000     0.000000     0.000000     0.025400
  MPI_Irecv                   0.000033     0.000046     0.000035     0.000028     0.000013     0.000014     0.000000     0.000000     0.000000     0.000169
  MPI_Waitall                 0.013561     0.007010     0.002987     0.001320     0.000430     0.000261     0.000000     0.000000     0.000000     0.025569
MPI_collectives               0.000893     0.000000     0.000000     0.000000     0.000000     0.000000     0.000000     0.000000     0.000046     0.000940
------------------        ------------ ------------ ------------ ------------ ------------ ------------ ------------ ------------ ------------ ------------ 
Total by level                3.108211     0.725881     0.143152     0.029345     0.009334     0.005241     0.001992     0.001202     0.000401     4.024759

   Total time in MGBuild      2.960428 seconds
   Total time in MGSolve      4.024792 seconds
      number of v-cycles             1
Bottom solver iterations            16




===== Performance Summary ======================================================
  h=1.953125000000000e-03  DOF=1.342177280000000e+08  time=4.024792  DOF/s=3.335e+07  MPI=2  OMP=28


===== Richardson error analysis ================================================
FMGSolve... f-cycle     norm=4.151187824908527e-08  rel=4.153376389499612e-08  done (4.023962 seconds)
FMGSolve... f-cycle     norm=5.144231718379189e-07  rel=5.155086782761839e-07  done (0.544346 seconds)
FMGSolve... f-cycle     norm=7.454875268653183e-06  rel=7.517955872287669e-06  done (0.082322 seconds)
  h=1.953125000000000e-03  ||error||=9.221160354386249e-10
  order=4.011


===== Deallocating memory ======================================================
attempting to free the restriction and interpolation lists... done
attempting to free the     2^3 level... done
attempting to free the     4^3 level... done
attempting to free the     8^3 level... done
attempting to free the    16^3 level... done
attempting to free the    32^3 level... done
attempting to free the    64^3 level... done
attempting to free the   128^3 level... done
attempting to free the   256^3 level... done
attempting to free the   512^3 level... done


===== Done =====================================================================
