

********************************************************************************
***                            HPGMG-FV Benchmark                            ***
********************************************************************************
Requested MPI_THREAD_FUNNELED, got MPI_THREAD_FUNNELED
2 MPI Tasks of 28 threads


===== Benchmark setup ==========================================================

attempting to create a 512^3 level from 8 x 256^3 boxes distributed among 2 tasks...
  boundary condition = BC_DIRICHLET
  Decomposing level via Z-mort ordering... done
  Allocating vectors... done
  Calculating boxes per process... target=4.000, max=4
  Creating Poisson (a=0.000000, b=1.000000) test problem
  calculating D^{-1} exactly for level h=1.953125e-03 using  64 colors...  done (10.277442 seconds)

attempting to create a 256^3 level from 8 x 128^3 boxes distributed among 2 tasks...
  boundary condition = BC_DIRICHLET
  Decomposing level via Z-mort ordering... done
  Allocating vectors... done
  Calculating boxes per process... target=4.000, max=4

attempting to create a 128^3 level from 8 x 64^3 boxes distributed among 2 tasks...
  boundary condition = BC_DIRICHLET
  Decomposing level via Z-mort ordering... done
  Allocating vectors... done
  Calculating boxes per process... target=4.000, max=4

attempting to create a 64^3 level from 8 x 32^3 boxes distributed among 2 tasks...
  boundary condition = BC_DIRICHLET
  Decomposing level via Z-mort ordering... done
  Allocating vectors... done
  Calculating boxes per process... target=4.000, max=4

attempting to create a 32^3 level from 8 x 16^3 boxes distributed among 2 tasks...
  boundary condition = BC_DIRICHLET
  Decomposing level via Z-mort ordering... done
  Allocating vectors... done
  Calculating boxes per process... target=4.000, max=4

attempting to create a 16^3 level from 8 x 8^3 boxes distributed among 2 tasks...
  boundary condition = BC_DIRICHLET
  Decomposing level via Z-mort ordering... done
  Allocating vectors... done
  Calculating boxes per process... target=4.000, max=4

attempting to create a 8^3 level from 1 x 8^3 boxes distributed among 2 tasks...
  boundary condition = BC_DIRICHLET
  Decomposing level via Z-mort ordering... done
  Allocating vectors... done
  Calculating boxes per process... target=0.500, max=1

attempting to create a 4^3 level from 1 x 4^3 boxes distributed among 2 tasks...
  boundary condition = BC_DIRICHLET
  Decomposing level via Z-mort ordering... done
  Allocating vectors... done
  Calculating boxes per process... target=0.500, max=1

attempting to create a 2^3 level from 1 x 2^3 boxes distributed among 2 tasks...
  boundary condition = BC_DIRICHLET
  Decomposing level via Z-mort ordering... done
  Allocating vectors... done
  Calculating boxes per process... target=0.500, max=1

  Building restriction and interpolation lists... done

  Building MPI subcommunicator for level  1... done (0.000452 seconds)
  Building MPI subcommunicator for level  2... done (0.000085 seconds)
  Building MPI subcommunicator for level  3... done (0.000261 seconds)
  Building MPI subcommunicator for level  4... done (0.000282 seconds)
  Building MPI subcommunicator for level  5... done (0.000029 seconds)
  Building MPI subcommunicator for level  6... done (0.000029 seconds)
  Building MPI subcommunicator for level  7... done (0.000028 seconds)
  Building MPI subcommunicator for level  8... done (0.000025 seconds)

  calculating D^{-1} exactly for level h=3.906250e-03 using  64 colors...  done (1.685154 seconds)
  calculating D^{-1} exactly for level h=7.812500e-03 using  64 colors...  done (0.227673 seconds)
  calculating D^{-1} exactly for level h=1.562500e-02 using  64 colors...  done (0.036418 seconds)
  calculating D^{-1} exactly for level h=3.125000e-02 using  64 colors...  done (0.009067 seconds)
  calculating D^{-1} exactly for level h=6.250000e-02 using  64 colors...  done (0.004255 seconds)
  calculating D^{-1} exactly for level h=1.250000e-01 using  64 colors...  done (0.001504 seconds)
  calculating D^{-1} exactly for level h=2.500000e-01 using  64 colors...  done (0.000630 seconds)
  calculating D^{-1} exactly for level h=5.000000e-01 using   8 colors...  done (0.000096 seconds)



===== Warming up by running 1 solves ==========================================
FMGSolve... f-cycle     norm=4.151187824908527e-08  rel=4.153376389499612e-08  done (2.741336 seconds)


===== Running 10 solves ========================================================
FMGSolve... f-cycle     norm=4.151187824908527e-08  rel=4.153376389499612e-08  done (2.738596 seconds)
FMGSolve... f-cycle     norm=4.151187824908527e-08  rel=4.153376389499612e-08  done (2.738422 seconds)
FMGSolve... f-cycle     norm=4.151187824908527e-08  rel=4.153376389499612e-08  done (2.739125 seconds)
FMGSolve... f-cycle     norm=4.151187824908527e-08  rel=4.153376389499612e-08  done (2.741576 seconds)
FMGSolve... f-cycle     norm=4.151187824908527e-08  rel=4.153376389499612e-08  done (2.738879 seconds)
FMGSolve... f-cycle     norm=4.151187824908527e-08  rel=4.153376389499612e-08  done (2.955581 seconds)
FMGSolve... f-cycle     norm=4.151187824908527e-08  rel=4.153376389499612e-08  done (2.738864 seconds)
FMGSolve... f-cycle     norm=4.151187824908527e-08  rel=4.153376389499612e-08  done (2.738335 seconds)
FMGSolve... f-cycle     norm=4.151187824908527e-08  rel=4.153376389499612e-08  done (2.739637 seconds)
FMGSolve... f-cycle     norm=4.151187824908527e-08  rel=4.153376389499612e-08  done (2.739255 seconds)


===== Timing Breakdown =========================================================


level                                0            1            2            3            4            5            6            7            8 
level dimension                  512^3        256^3        128^3         64^3         32^3         16^3          8^3          4^3          2^3 
box dimension                    256^3        128^3         64^3         32^3         16^3          8^3          8^3          4^3          2^3        total
------------------        ------------ ------------ ------------ ------------ ------------ ------------ ------------ ------------ ------------ ------------ 
smooth                        1.556416     0.393487     0.073925     0.013158     0.002842     0.001140     0.000855     0.000170     0.000000     2.041992
  max                         1.569351     0.393487     0.073925     0.013158     0.002854     0.001140     0.000855     0.000170     0.000000     2.054939
  min                         1.556416     0.393237     0.073857     0.013132     0.002842     0.001130     0.000000     0.000000     0.000000     2.040614
residual                      0.308298     0.039907     0.007633     0.001384     0.000294     0.000097     0.000078     0.000016     0.000009     0.357716
applyOp                       0.000000     0.000000     0.000000     0.000000     0.000000     0.000000     0.000000     0.000000     0.000022     0.000022
BLAS1                         0.062482     0.001986     0.000478     0.000139     0.000063     0.000045     0.000012     0.000005     0.000041     0.065251
BLAS3                         0.000000     0.000000     0.000000     0.000000     0.000000     0.000000     0.000000     0.000000     0.000000     0.000000
Boundary Conditions           0.021251     0.011228     0.004037     0.001932     0.001180     0.000848     0.000917     0.000807     0.000323     0.042523
Restriction                   0.019464     0.003682     0.000588     0.000142     0.000068     0.000176     0.000010     0.000006     0.000000     0.024135
  local restriction           0.019463     0.003680     0.000586     0.000141     0.000066     0.000056     0.000007     0.000003     0.000000     0.024002
  pack MPI buffers            0.000000     0.000000     0.000000     0.000000     0.000000     0.000000     0.000000     0.000000     0.000000     0.000000
  unpack MPI buffers          0.000000     0.000000     0.000000     0.000000     0.000000     0.000057     0.000000     0.000000     0.000000     0.000057
  MPI_Isend                   0.000000     0.000000     0.000000     0.000000     0.000000     0.000000     0.000000     0.000000     0.000000     0.000000
  MPI_Irecv                   0.000000     0.000000     0.000000     0.000000     0.000000     0.000005     0.000000     0.000000     0.000000     0.000005
  MPI_Waitall                 0.000000     0.000000     0.000000     0.000000     0.000000     0.000054     0.000000     0.000000     0.000000     0.000054
Interpolation                 0.069979     0.011695     0.001903     0.000418     0.000126     0.000172     0.000026     0.000017     0.000000     0.084335
  local interpolation         0.069978     0.011694     0.001902     0.000416     0.000124     0.000069     0.000024     0.000014     0.000000     0.084220
  pack MPI buffers            0.000000     0.000000     0.000000     0.000000     0.000000     0.000067     0.000000     0.000000     0.000000     0.000067
  unpack MPI buffers          0.000000     0.000000     0.000000     0.000000     0.000000     0.000000     0.000000     0.000000     0.000000     0.000000
  MPI_Isend                   0.000000     0.000000     0.000000     0.000000     0.000000     0.000031     0.000000     0.000000     0.000000     0.000031
  MPI_Irecv                   0.000000     0.000000     0.000000     0.000000     0.000000     0.000000     0.000000     0.000000     0.000000     0.000000
  MPI_Waitall                 0.000000     0.000000     0.000000     0.000000     0.000000     0.000002     0.000000     0.000000     0.000000     0.000002
Ghost Zone Exchange           0.097222     0.038734     0.012929     0.005166     0.002980     0.002422     0.000008     0.000006     0.000003     0.159471
  local exchange              0.042802     0.020805     0.005597     0.002425     0.001230     0.000811     0.000000     0.000000     0.000000     0.073669
  pack MPI buffers            0.002526     0.001748     0.000971     0.000581     0.000529     0.000625     0.000000     0.000000     0.000000     0.006980
  unpack MPI buffers          0.002367     0.001672     0.001024     0.000584     0.000578     0.000625     0.000000     0.000000     0.000000     0.006851
  MPI_Isend                   0.014710     0.007148     0.002574     0.000536     0.000142     0.000063     0.000000     0.000000     0.000000     0.025173
  MPI_Irecv                   0.000031     0.000050     0.000037     0.000030     0.000013     0.000013     0.000000     0.000000     0.000000     0.000174
  MPI_Waitall                 0.034772     0.007289     0.002704     0.000986     0.000457     0.000246     0.000000     0.000000     0.000000     0.046454
MPI_collectives               0.000020     0.000000     0.000000     0.000000     0.000000     0.000000     0.000000     0.000000     0.000045     0.000066
------------------        ------------ ------------ ------------ ------------ ------------ ------------ ------------ ------------ ------------ ------------ 
Total by level                2.125795     0.496818     0.100507     0.022059     0.007499     0.004727     0.001913     0.001063     0.000404     2.760786

   Total time in MGBuild      2.050561 seconds
   Total time in MGSolve      2.760820 seconds
      number of v-cycles             1
Bottom solver iterations            16




===== Performance Summary ======================================================
  h=1.953125000000000e-03  DOF=1.342177280000000e+08  time=2.760820  DOF/s=4.862e+07  MPI=2  OMP=28


===== Richardson error analysis ================================================
FMGSolve... f-cycle     norm=4.151187824908527e-08  rel=4.153376389499612e-08  done (2.741063 seconds)
FMGSolve... f-cycle     norm=5.144231718379189e-07  rel=5.155086782761839e-07  done (0.379663 seconds)
FMGSolve... f-cycle     norm=7.454875268653183e-06  rel=7.517955872287669e-06  done (0.061372 seconds)
  h=1.953125000000000e-03  ||error||=9.221160354386249e-10
  order=4.011


===== Deallocating memory ======================================================
attempting to free the restriction and interpolation lists... done
attempting to free the     2^3 level... done
attempting to free the     4^3 level... done
attempting to free the     8^3 level... done
attempting to free the    16^3 level... done
attempting to free the    32^3 level... done
attempting to free the    64^3 level... done
attempting to free the   128^3 level... done
attempting to free the   256^3 level... done
attempting to free the   512^3 level... done


===== Done =====================================================================
