

********************************************************************************
***                            HPGMG-FV Benchmark                            ***
********************************************************************************
Requested MPI_THREAD_FUNNELED, got MPI_THREAD_FUNNELED
2 MPI Tasks of 28 threads


===== Benchmark setup ==========================================================

attempting to create a 512^3 level from 8 x 256^3 boxes distributed among 2 tasks...
  boundary condition = BC_DIRICHLET
  Decomposing level via Z-mort ordering... done
  Allocating vectors... done
  Calculating boxes per process... target=4.000, max=4
  Creating Poisson (a=0.000000, b=1.000000) test problem
  calculating D^{-1} exactly for level h=1.953125e-03 using  64 colors...  done (10.089928 seconds)

attempting to create a 256^3 level from 8 x 128^3 boxes distributed among 2 tasks...
  boundary condition = BC_DIRICHLET
  Decomposing level via Z-mort ordering... done
  Allocating vectors... done
  Calculating boxes per process... target=4.000, max=4

attempting to create a 128^3 level from 8 x 64^3 boxes distributed among 2 tasks...
  boundary condition = BC_DIRICHLET
  Decomposing level via Z-mort ordering... done
  Allocating vectors... done
  Calculating boxes per process... target=4.000, max=4

attempting to create a 64^3 level from 8 x 32^3 boxes distributed among 2 tasks...
  boundary condition = BC_DIRICHLET
  Decomposing level via Z-mort ordering... done
  Allocating vectors... done
  Calculating boxes per process... target=4.000, max=4

attempting to create a 32^3 level from 8 x 16^3 boxes distributed among 2 tasks...
  boundary condition = BC_DIRICHLET
  Decomposing level via Z-mort ordering... done
  Allocating vectors... done
  Calculating boxes per process... target=4.000, max=4

attempting to create a 16^3 level from 8 x 8^3 boxes distributed among 2 tasks...
  boundary condition = BC_DIRICHLET
  Decomposing level via Z-mort ordering... done
  Allocating vectors... done
  Calculating boxes per process... target=4.000, max=4

attempting to create a 8^3 level from 1 x 8^3 boxes distributed among 2 tasks...
  boundary condition = BC_DIRICHLET
  Decomposing level via Z-mort ordering... done
  Allocating vectors... done
  Calculating boxes per process... target=0.500, max=1

attempting to create a 4^3 level from 1 x 4^3 boxes distributed among 2 tasks...
  boundary condition = BC_DIRICHLET
  Decomposing level via Z-mort ordering... done
  Allocating vectors... done
  Calculating boxes per process... target=0.500, max=1

attempting to create a 2^3 level from 1 x 2^3 boxes distributed among 2 tasks...
  boundary condition = BC_DIRICHLET
  Decomposing level via Z-mort ordering... done
  Allocating vectors... done
  Calculating boxes per process... target=0.500, max=1

  Building restriction and interpolation lists... done

  Building MPI subcommunicator for level  1... done (0.000456 seconds)
  Building MPI subcommunicator for level  2... done (0.000082 seconds)
  Building MPI subcommunicator for level  3... done (0.000266 seconds)
  Building MPI subcommunicator for level  4... done (0.000289 seconds)
  Building MPI subcommunicator for level  5... done (0.000025 seconds)
  Building MPI subcommunicator for level  6... done (0.000037 seconds)
  Building MPI subcommunicator for level  7... done (0.000022 seconds)
  Building MPI subcommunicator for level  8... done (0.000021 seconds)

  calculating D^{-1} exactly for level h=3.906250e-03 using  64 colors...  done (1.643968 seconds)
  calculating D^{-1} exactly for level h=7.812500e-03 using  64 colors...  done (0.217133 seconds)
  calculating D^{-1} exactly for level h=1.562500e-02 using  64 colors...  done (0.030078 seconds)
  calculating D^{-1} exactly for level h=3.125000e-02 using  64 colors...  done (0.007533 seconds)
  calculating D^{-1} exactly for level h=6.250000e-02 using  64 colors...  done (0.004448 seconds)
  calculating D^{-1} exactly for level h=1.250000e-01 using  64 colors...  done (0.001483 seconds)
  calculating D^{-1} exactly for level h=2.500000e-01 using  64 colors...  done (0.000678 seconds)
  calculating D^{-1} exactly for level h=5.000000e-01 using   8 colors...  done (0.000086 seconds)



===== Warming up by running 1 solves ==========================================
FMGSolve... f-cycle     norm=4.151187824908527e-08  rel=4.153376389499612e-08  done (2.709645 seconds)


===== Running 10 solves ========================================================
FMGSolve... f-cycle     norm=4.151187824908527e-08  rel=4.153376389499612e-08  done (2.705472 seconds)
FMGSolve... f-cycle     norm=4.151187824908527e-08  rel=4.153376389499612e-08  done (2.704388 seconds)
FMGSolve... f-cycle     norm=4.151187824908527e-08  rel=4.153376389499612e-08  done (2.704972 seconds)
FMGSolve... f-cycle     norm=4.151187824908527e-08  rel=4.153376389499612e-08  done (2.705665 seconds)
FMGSolve... f-cycle     norm=4.151187824908527e-08  rel=4.153376389499612e-08  done (2.705194 seconds)
FMGSolve... f-cycle     norm=4.151187824908527e-08  rel=4.153376389499612e-08  done (2.704010 seconds)
FMGSolve... f-cycle     norm=4.151187824908527e-08  rel=4.153376389499612e-08  done (2.704007 seconds)
FMGSolve... f-cycle     norm=4.151187824908527e-08  rel=4.153376389499612e-08  done (2.704777 seconds)
FMGSolve... f-cycle     norm=4.151187824908527e-08  rel=4.153376389499612e-08  done (2.704476 seconds)
FMGSolve... f-cycle     norm=4.151187824908527e-08  rel=4.153376389499612e-08  done (2.703990 seconds)


===== Timing Breakdown =========================================================


level                                0            1            2            3            4            5            6            7            8 
level dimension                  512^3        256^3        128^3         64^3         32^3         16^3          8^3          4^3          2^3 
box dimension                    256^3        128^3         64^3         32^3         16^3          8^3          8^3          4^3          2^3        total
------------------        ------------ ------------ ------------ ------------ ------------ ------------ ------------ ------------ ------------ ------------ 
smooth                        1.474920     0.373378     0.067106     0.010011     0.002003     0.001154     0.000860     0.000176     0.000000     1.929607
  max                         1.541354     0.389979     0.070993     0.010573     0.002045     0.001154     0.000860     0.000176     0.000000     2.017133
  min                         1.474920     0.373378     0.067106     0.010011     0.002003     0.001135     0.000000     0.000000     0.000000     1.928553
residual                      0.289277     0.036906     0.006887     0.001034     0.000206     0.000100     0.000078     0.000017     0.000009     0.334515
applyOp                       0.000000     0.000000     0.000000     0.000000     0.000000     0.000000     0.000000     0.000000     0.000020     0.000020
BLAS1                         0.063127     0.002123     0.000443     0.000104     0.000050     0.000046     0.000012     0.000005     0.000037     0.065948
BLAS3                         0.000000     0.000000     0.000000     0.000000     0.000000     0.000000     0.000000     0.000000     0.000000     0.000000
Boundary Conditions           0.022697     0.010386     0.003403     0.001608     0.001062     0.000834     0.000903     0.000873     0.000345     0.042111
Restriction                   0.021031     0.003980     0.000449     0.000113     0.000066     0.000191     0.000010     0.000006     0.000000     0.025844
  local restriction           0.021028     0.003977     0.000446     0.000111     0.000065     0.000058     0.000007     0.000004     0.000000     0.025696
  pack MPI buffers            0.000000     0.000000     0.000000     0.000000     0.000000     0.000000     0.000000     0.000000     0.000000     0.000000
  unpack MPI buffers          0.000000     0.000000     0.000000     0.000000     0.000000     0.000061     0.000000     0.000000     0.000000     0.000061
  MPI_Isend                   0.000000     0.000000     0.000000     0.000000     0.000000     0.000000     0.000000     0.000000     0.000000     0.000000
  MPI_Irecv                   0.000000     0.000000     0.000000     0.000000     0.000000     0.000005     0.000000     0.000000     0.000000     0.000005
  MPI_Waitall                 0.000000     0.000000     0.000000     0.000000     0.000000     0.000063     0.000000     0.000000     0.000000     0.000063
Interpolation                 0.068950     0.011240     0.001477     0.000296     0.000126     0.000174     0.000027     0.000017     0.000000     0.082306
  local interpolation         0.068948     0.011238     0.001476     0.000295     0.000124     0.000072     0.000025     0.000015     0.000000     0.082193
  pack MPI buffers            0.000000     0.000000     0.000000     0.000000     0.000000     0.000068     0.000000     0.000000     0.000000     0.000068
  unpack MPI buffers          0.000000     0.000000     0.000000     0.000000     0.000000     0.000000     0.000000     0.000000     0.000000     0.000000
  MPI_Isend                   0.000000     0.000000     0.000000     0.000000     0.000000     0.000031     0.000000     0.000000     0.000000     0.000031
  MPI_Irecv                   0.000000     0.000000     0.000000     0.000000     0.000000     0.000000     0.000000     0.000000     0.000000     0.000000
  MPI_Waitall                 0.000000     0.000000     0.000000     0.000000     0.000000     0.000001     0.000000     0.000000     0.000000     0.000001
Ghost Zone Exchange           0.133290     0.062484     0.019609     0.006246     0.003186     0.002658     0.000008     0.000007     0.000003     0.227491
  local exchange              0.040801     0.019372     0.004691     0.002325     0.001205     0.000876     0.000000     0.000000     0.000000     0.069268
  pack MPI buffers            0.002077     0.001353     0.000694     0.000504     0.000540     0.000682     0.000000     0.000000     0.000000     0.005849
  unpack MPI buffers          0.002150     0.001366     0.000955     0.000558     0.000589     0.000708     0.000000     0.000000     0.000000     0.006327
  MPI_Isend                   0.014433     0.007122     0.002661     0.000532     0.000169     0.000065     0.000000     0.000000     0.000000     0.024982
  MPI_Irecv                   0.000034     0.000043     0.000034     0.000028     0.000013     0.000016     0.000000     0.000000     0.000000     0.000168
  MPI_Waitall                 0.073781     0.033203     0.010552     0.002279     0.000641     0.000280     0.000000     0.000000     0.000000     0.120737
MPI_collectives               0.012586     0.000000     0.000000     0.000000     0.000000     0.000000     0.000000     0.000000     0.000040     0.012625
------------------        ------------ ------------ ------------ ------------ ------------ ------------ ------------ ------------ ------------ ------------ 
Total by level                2.076834     0.495468     0.098129     0.019139     0.006664     0.004972     0.001908     0.001131     0.000411     2.704655

   Total time in MGBuild      1.990911 seconds
   Total time in MGSolve      2.704688 seconds
      number of v-cycles             1
Bottom solver iterations            16




===== Performance Summary ======================================================
  h=1.953125000000000e-03  DOF=1.342177280000000e+08  time=2.704688  DOF/s=4.962e+07  MPI=2  OMP=28


===== Richardson error analysis ================================================
FMGSolve... f-cycle     norm=4.151187824908527e-08  rel=4.153376389499612e-08  done (2.705977 seconds)
FMGSolve... f-cycle     norm=5.144231718379189e-07  rel=5.155086782761839e-07  done (0.369558 seconds)
FMGSolve... f-cycle     norm=7.454875268653183e-06  rel=7.517955872287669e-06  done (0.057144 seconds)
  h=1.953125000000000e-03  ||error||=9.221160354386249e-10
  order=4.011


===== Deallocating memory ======================================================
attempting to free the restriction and interpolation lists... done
attempting to free the     2^3 level... done
attempting to free the     4^3 level... done
attempting to free the     8^3 level... done
attempting to free the    16^3 level... done
attempting to free the    32^3 level... done
attempting to free the    64^3 level... done
attempting to free the   128^3 level... done
attempting to free the   256^3 level... done
attempting to free the   512^3 level... done


===== Done =====================================================================
