=============================================================
# of xstreams:             56
# of threads:              560
# of repeats:              11
Use pthread:               false
Preemption:                On
# of preemption groups:    56
Preemption timer interval: 10000 usec
Preemption type:           ABT_PREEMPTION_YIELD
# of iterations:           30000000
=============================================================

Iteration 0 started...  [elapsed] 1087903537 nsec
Iteration 1 started...  [elapsed] 1088456889 nsec
Iteration 2 started...  [elapsed] 1088619916 nsec
Iteration 3 started...  [elapsed] 1088821001 nsec
Iteration 4 started...  [elapsed] 1088851814 nsec
Iteration 5 started...  [elapsed] 1089795874 nsec
Iteration 6 started...  [elapsed] 1088574065 nsec
Iteration 7 started...  [elapsed] 1087847497 nsec
Iteration 8 started...  [elapsed] 1087785947 nsec
Iteration 9 started...  [elapsed] 1088035586 nsec
Iteration 10 started...  [elapsed] 1088071430 nsec
success!
