=============================================================
# of xstreams:             56
# of threads:              560
# of repeats:              11
Use pthread:               false
Preemption:                On
# of preemption groups:    56
Preemption timer interval: 1000 usec
Preemption type:           ABT_PREEMPTION_YIELD
# of iterations:           30000000
=============================================================

Iteration 0 started...  [elapsed] 1093060615 nsec
Iteration 1 started...  [elapsed] 1092849407 nsec
Iteration 2 started...  [elapsed] 1092964607 nsec
Iteration 3 started...  [elapsed] 1091928600 nsec
Iteration 4 started...  [elapsed] 1093431836 nsec
Iteration 5 started...  [elapsed] 1093683933 nsec
Iteration 6 started...  [elapsed] 1093953409 nsec
Iteration 7 started...  [elapsed] 1092486809 nsec
Iteration 8 started...  [elapsed] 1091074437 nsec
Iteration 9 started...  [elapsed] 1091445903 nsec
Iteration 10 started...  [elapsed] 1092877505 nsec
success!
