=============================================================
# of xstreams:             56
# of threads:              560
# of repeats:              11
Use pthread:               false
Preemption:                On
# of preemption groups:    56
Preemption timer interval: 10000 usec
Preemption type:           ABT_PREEMPTION_YIELD
# of iterations:           30000000
=============================================================

Iteration 0 started...  [elapsed] 1088592886 nsec
Iteration 1 started...  [elapsed] 1087985998 nsec
Iteration 2 started...  [elapsed] 1087875029 nsec
Iteration 3 started...  [elapsed] 1087883592 nsec
Iteration 4 started...  [elapsed] 1089201336 nsec
Iteration 5 started...  [elapsed] 1089339995 nsec
Iteration 6 started...  [elapsed] 1089811472 nsec
Iteration 7 started...  [elapsed] 1088122256 nsec
Iteration 8 started...  [elapsed] 1088679422 nsec
Iteration 9 started...  [elapsed] 1088285674 nsec
Iteration 10 started...  [elapsed] 1088624154 nsec
success!
