=============================================================
# of xstreams:             56
# of threads:              560
# of repeats:              11
Use pthread:               false
Preemption:                On
# of preemption groups:    56
Preemption timer interval: 10000 usec
Preemption type:           ABT_PREEMPTION_YIELD
# of iterations:           30000000
=============================================================

Iteration 0 started...  [elapsed] 1089216655 nsec
Iteration 1 started...  [elapsed] 1088295350 nsec
Iteration 2 started...  [elapsed] 1088240654 nsec
Iteration 3 started...  [elapsed] 1088380055 nsec
Iteration 4 started...  [elapsed] 1088146887 nsec
Iteration 5 started...  [elapsed] 1088851008 nsec
Iteration 6 started...  [elapsed] 1089339792 nsec
Iteration 7 started...  [elapsed] 1087761441 nsec
Iteration 8 started...  [elapsed] 1088230090 nsec
Iteration 9 started...  [elapsed] 1088384946 nsec
Iteration 10 started...  [elapsed] 1088595161 nsec
success!
