=============================================================
# of xstreams:             56
# of threads:              560
# of repeats:              11
Use pthread:               false
Preemption:                On
# of preemption groups:    56
Preemption timer interval: 1000 usec
Preemption type:           ABT_PREEMPTION_YIELD
# of iterations:           30000000
=============================================================

Iteration 0 started...  [elapsed] 1094406972 nsec
Iteration 1 started...  [elapsed] 1092190084 nsec
Iteration 2 started...  [elapsed] 1092149393 nsec
Iteration 3 started...  [elapsed] 1093280290 nsec
Iteration 4 started...  [elapsed] 1093709887 nsec
Iteration 5 started...  [elapsed] 1093907566 nsec
Iteration 6 started...  [elapsed] 1093968710 nsec
Iteration 7 started...  [elapsed] 1089532590 nsec
Iteration 8 started...  [elapsed] 1093575219 nsec
Iteration 9 started...  [elapsed] 1092721863 nsec
Iteration 10 started...  [elapsed] 1092863514 nsec
success!
