=============================================================
# of xstreams:             56
# of threads:              560
# of repeats:              11
Use pthread:               false
Preemption:                On
# of preemption groups:    56
Preemption timer interval: 1000 usec
Preemption type:           ABT_PREEMPTION_YIELD
# of iterations:           30000000
=============================================================

Iteration 0 started...  [elapsed] 1092319727 nsec
Iteration 1 started...  [elapsed] 1093230400 nsec
Iteration 2 started...  [elapsed] 1092145464 nsec
Iteration 3 started...  [elapsed] 1093153885 nsec
Iteration 4 started...  [elapsed] 1093503512 nsec
Iteration 5 started...  [elapsed] 1093763636 nsec
Iteration 6 started...  [elapsed] 1094143436 nsec
Iteration 7 started...  [elapsed] 1092346999 nsec
Iteration 8 started...  [elapsed] 1091773936 nsec
Iteration 9 started...  [elapsed] 1092921313 nsec
Iteration 10 started...  [elapsed] 1092791295 nsec
success!
