=============================================================
# of xstreams:             56
# of threads:              560
# of repeats:              11
Use pthread:               false
Preemption:                On
# of preemption groups:    56
Preemption timer interval: 1000 usec
Preemption type:           ABT_PREEMPTION_YIELD
# of iterations:           30000000
=============================================================

Iteration 0 started...  [elapsed] 1091763268 nsec
Iteration 1 started...  [elapsed] 1092900014 nsec
Iteration 2 started...  [elapsed] 1092086613 nsec
Iteration 3 started...  [elapsed] 1093067644 nsec
Iteration 4 started...  [elapsed] 1093421191 nsec
Iteration 5 started...  [elapsed] 1092693952 nsec
Iteration 6 started...  [elapsed] 1093794931 nsec
Iteration 7 started...  [elapsed] 1091389826 nsec
Iteration 8 started...  [elapsed] 1091761944 nsec
Iteration 9 started...  [elapsed] 1091533695 nsec
Iteration 10 started...  [elapsed] 1092680250 nsec
success!
