=============================================================
# of xstreams:             56
# of threads:              560
# of repeats:              11
Use pthread:               false
Preemption:                On
# of preemption groups:    56
Preemption timer interval: 1000 usec
Preemption type:           ABT_PREEMPTION_YIELD
# of iterations:           30000000
=============================================================

Iteration 0 started...  [elapsed] 1092374072 nsec
Iteration 1 started...  [elapsed] 1093156203 nsec
Iteration 2 started...  [elapsed] 1092932768 nsec
Iteration 3 started...  [elapsed] 1093226340 nsec
Iteration 4 started...  [elapsed] 1093463373 nsec
Iteration 5 started...  [elapsed] 1091420218 nsec
Iteration 6 started...  [elapsed] 1092788531 nsec
Iteration 7 started...  [elapsed] 1092483029 nsec
Iteration 8 started...  [elapsed] 1092050541 nsec
Iteration 9 started...  [elapsed] 1091659946 nsec
Iteration 10 started...  [elapsed] 1092795262 nsec
success!
