=============================================================
# of xstreams:             56
# of threads:              560
# of repeats:              11
Use pthread:               false
Preemption:                On
# of preemption groups:    56
Preemption timer interval: 10000 usec
Preemption type:           ABT_PREEMPTION_YIELD
# of iterations:           30000000
=============================================================

Iteration 0 started...  [elapsed] 1088204835 nsec
Iteration 1 started...  [elapsed] 1088341737 nsec
Iteration 2 started...  [elapsed] 1088749782 nsec
Iteration 3 started...  [elapsed] 1088658552 nsec
Iteration 4 started...  [elapsed] 1089058482 nsec
Iteration 5 started...  [elapsed] 1089300537 nsec
Iteration 6 started...  [elapsed] 1089713782 nsec
Iteration 7 started...  [elapsed] 1088244374 nsec
Iteration 8 started...  [elapsed] 1087931791 nsec
Iteration 9 started...  [elapsed] 1088422353 nsec
Iteration 10 started...  [elapsed] 1088387163 nsec
success!
