=============================================================
# of xstreams:             56
# of threads:              560
# of repeats:              11
Use pthread:               false
Preemption:                On
# of preemption groups:    56
Preemption timer interval: 10000 usec
Preemption type:           ABT_PREEMPTION_YIELD
# of iterations:           30000000
=============================================================

Iteration 0 started...  [elapsed] 1088166814 nsec
Iteration 1 started...  [elapsed] 1088579923 nsec
Iteration 2 started...  [elapsed] 1087765484 nsec
Iteration 3 started...  [elapsed] 1087789556 nsec
Iteration 4 started...  [elapsed] 1088061253 nsec
Iteration 5 started...  [elapsed] 1088858051 nsec
Iteration 6 started...  [elapsed] 1089063140 nsec
Iteration 7 started...  [elapsed] 1087579460 nsec
Iteration 8 started...  [elapsed] 1087594362 nsec
Iteration 9 started...  [elapsed] 1087929028 nsec
Iteration 10 started...  [elapsed] 1088225732 nsec
success!
