=============================================================
# of xstreams:             56
# of threads:              560
# of repeats:              11
Use pthread:               false
Preemption:                On
# of preemption groups:    56
Preemption timer interval: 10000 usec
Preemption type:           ABT_PREEMPTION_YIELD
# of iterations:           30000000
=============================================================

Iteration 0 started...  [elapsed] 1088254712 nsec
Iteration 1 started...  [elapsed] 1088721648 nsec
Iteration 2 started...  [elapsed] 1088736799 nsec
Iteration 3 started...  [elapsed] 1088533288 nsec
Iteration 4 started...  [elapsed] 1088874542 nsec
Iteration 5 started...  [elapsed] 1088870552 nsec
Iteration 6 started...  [elapsed] 1089383769 nsec
Iteration 7 started...  [elapsed] 1088353880 nsec
Iteration 8 started...  [elapsed] 1088539980 nsec
Iteration 9 started...  [elapsed] 1088124784 nsec
Iteration 10 started...  [elapsed] 1087670007 nsec
success!
