=============================================================
# of xstreams:             56
# of threads:              560
# of repeats:              11
Use pthread:               false
Preemption:                On
# of preemption groups:    56
Preemption timer interval: 1000 usec
Preemption type:           ABT_PREEMPTION_YIELD
# of iterations:           30000000
=============================================================

Iteration 0 started...  [elapsed] 1091652829 nsec
Iteration 1 started...  [elapsed] 1091879851 nsec
Iteration 2 started...  [elapsed] 1092880863 nsec
Iteration 3 started...  [elapsed] 1092895243 nsec
Iteration 4 started...  [elapsed] 1092326236 nsec
Iteration 5 started...  [elapsed] 1093539458 nsec
Iteration 6 started...  [elapsed] 1093788476 nsec
Iteration 7 started...  [elapsed] 1091432347 nsec
Iteration 8 started...  [elapsed] 1092919906 nsec
Iteration 9 started...  [elapsed] 1092555721 nsec
Iteration 10 started...  [elapsed] 1092645412 nsec
success!
