=============================================================
# of xstreams:             56
# of threads:              560
# of repeats:              11
Use pthread:               false
Preemption:                On
# of preemption groups:    56
Preemption timer interval: 1000 usec
Preemption type:           ABT_PREEMPTION_YIELD
# of iterations:           30000000
=============================================================

Iteration 0 started...  [elapsed] 1091586030 nsec
Iteration 1 started...  [elapsed] 1091852765 nsec
Iteration 2 started...  [elapsed] 1093106081 nsec
Iteration 3 started...  [elapsed] 1093059078 nsec
Iteration 4 started...  [elapsed] 1093524583 nsec
Iteration 5 started...  [elapsed] 1092401385 nsec
Iteration 6 started...  [elapsed] 1093983844 nsec
Iteration 7 started...  [elapsed] 1092632800 nsec
Iteration 8 started...  [elapsed] 1093049983 nsec
Iteration 9 started...  [elapsed] 1091670531 nsec
Iteration 10 started...  [elapsed] 1091667980 nsec
success!
