=============================================================
# of xstreams:             56
# of threads:              560
# of repeats:              11
Use pthread:               false
Preemption:                On
# of preemption groups:    56
Preemption timer interval: 150 usec
Preemption type:           ABT_PREEMPTION_YIELD
# of iterations:           30000000
=============================================================

Iteration 0 started...  [elapsed] 1117394634 nsec
Iteration 1 started...  [elapsed] 1116510511 nsec
Iteration 2 started...  [elapsed] 1116825541 nsec
Iteration 3 started...  [elapsed] 1116832085 nsec
Iteration 4 started...  [elapsed] 1117176054 nsec
Iteration 5 started...  [elapsed] 1117585551 nsec
Iteration 6 started...  [elapsed] 1117814266 nsec
Iteration 7 started...  [elapsed] 1116437105 nsec
Iteration 8 started...  [elapsed] 1116767404 nsec
Iteration 9 started...  [elapsed] 1116473165 nsec
Iteration 10 started...  [elapsed] 1116634731 nsec
success!
