=============================================================
# of xstreams:             56
# of threads:              560
# of repeats:              11
Use pthread:               false
Preemption:                On
# of preemption groups:    56
Preemption timer interval: 1500 usec
Preemption type:           ABT_PREEMPTION_YIELD
# of iterations:           30000000
=============================================================

Iteration 0 started...  [elapsed] 1090603679 nsec
Iteration 1 started...  [elapsed] 1090002793 nsec
Iteration 2 started...  [elapsed] 1091567325 nsec
Iteration 3 started...  [elapsed] 1090151214 nsec
Iteration 4 started...  [elapsed] 1090402853 nsec
Iteration 5 started...  [elapsed] 1090807303 nsec
Iteration 6 started...  [elapsed] 1090711642 nsec
Iteration 7 started...  [elapsed] 1089378322 nsec
Iteration 8 started...  [elapsed] 1089641033 nsec
Iteration 9 started...  [elapsed] 1089419978 nsec
Iteration 10 started...  [elapsed] 1090012541 nsec
success!
