=============================================================
# of xstreams:             56
# of threads:              560
# of repeats:              11
Use pthread:               false
Preemption:                On
# of preemption groups:    56
Preemption timer interval: 1500 usec
Preemption type:           ABT_PREEMPTION_YIELD
# of iterations:           30000000
=============================================================

Iteration 0 started...  [elapsed] 1089769591 nsec
Iteration 1 started...  [elapsed] 1091925169 nsec
Iteration 2 started...  [elapsed] 1090029400 nsec
Iteration 3 started...  [elapsed] 1090407354 nsec
Iteration 4 started...  [elapsed] 1090323910 nsec
Iteration 5 started...  [elapsed] 1090937917 nsec
Iteration 6 started...  [elapsed] 1090913574 nsec
Iteration 7 started...  [elapsed] 1089419471 nsec
Iteration 8 started...  [elapsed] 1089739503 nsec
Iteration 9 started...  [elapsed] 1089839618 nsec
Iteration 10 started...  [elapsed] 1089787415 nsec
success!
