=============================================================
# of xstreams:             56
# of threads:              560
# of repeats:              11
Use pthread:               false
Preemption:                On
# of preemption groups:    56
Preemption timer interval: 1500 usec
Preemption type:           ABT_PREEMPTION_YIELD
# of iterations:           30000000
=============================================================

Iteration 0 started...  [elapsed] 1089820036 nsec
Iteration 1 started...  [elapsed] 1089939392 nsec
Iteration 2 started...  [elapsed] 1090975337 nsec
Iteration 3 started...  [elapsed] 1092074824 nsec
Iteration 4 started...  [elapsed] 1092993632 nsec
Iteration 5 started...  [elapsed] 1092791910 nsec
Iteration 6 started...  [elapsed] 1093962951 nsec
Iteration 7 started...  [elapsed] 1092143878 nsec
Iteration 8 started...  [elapsed] 1089939341 nsec
Iteration 9 started...  [elapsed] 1089398747 nsec
Iteration 10 started...  [elapsed] 1089915574 nsec
success!
