=============================================================
# of xstreams:             56
# of threads:              560
# of repeats:              11
Use pthread:               false
Preemption:                On
# of preemption groups:    56
Preemption timer interval: 150 usec
Preemption type:           ABT_PREEMPTION_YIELD
# of iterations:           30000000
=============================================================

Iteration 0 started...  [elapsed] 1117215627 nsec
Iteration 1 started...  [elapsed] 1116825720 nsec
Iteration 2 started...  [elapsed] 1116969921 nsec
Iteration 3 started...  [elapsed] 1116974334 nsec
Iteration 4 started...  [elapsed] 1119344065 nsec
Iteration 5 started...  [elapsed] 1117664606 nsec
Iteration 6 started...  [elapsed] 1117781824 nsec
Iteration 7 started...  [elapsed] 1116477106 nsec
Iteration 8 started...  [elapsed] 1116843102 nsec
Iteration 9 started...  [elapsed] 1116719316 nsec
Iteration 10 started...  [elapsed] 1119170061 nsec
success!
