=============================================================
# of xstreams:             56
# of threads:              560
# of repeats:              11
Use pthread:               false
Preemption:                On
# of preemption groups:    56
Preemption timer interval: 1500 usec
Preemption type:           ABT_PREEMPTION_YIELD
# of iterations:           30000000
=============================================================

Iteration 0 started...  [elapsed] 1089758808 nsec
Iteration 1 started...  [elapsed] 1089861169 nsec
Iteration 2 started...  [elapsed] 1089967314 nsec
Iteration 3 started...  [elapsed] 1090125129 nsec
Iteration 4 started...  [elapsed] 1091570646 nsec
Iteration 5 started...  [elapsed] 1090425641 nsec
Iteration 6 started...  [elapsed] 1090713923 nsec
Iteration 7 started...  [elapsed] 1089816402 nsec
Iteration 8 started...  [elapsed] 1090190524 nsec
Iteration 9 started...  [elapsed] 1089405227 nsec
Iteration 10 started...  [elapsed] 1089509365 nsec
success!
