=============================================================
# of xstreams:             56
# of threads:              560
# of repeats:              11
Use pthread:               false
Preemption:                On
# of preemption groups:    56
Preemption timer interval: 1500 usec
Preemption type:           ABT_PREEMPTION_YIELD
# of iterations:           30000000
=============================================================

Iteration 0 started...  [elapsed] 1089781831 nsec
Iteration 1 started...  [elapsed] 1090176762 nsec
Iteration 2 started...  [elapsed] 1090465737 nsec
Iteration 3 started...  [elapsed] 1089954700 nsec
Iteration 4 started...  [elapsed] 1090849608 nsec
Iteration 5 started...  [elapsed] 1091067718 nsec
Iteration 6 started...  [elapsed] 1090870971 nsec
Iteration 7 started...  [elapsed] 1089849630 nsec
Iteration 8 started...  [elapsed] 1090176851 nsec
Iteration 9 started...  [elapsed] 1089828374 nsec
Iteration 10 started...  [elapsed] 1089975428 nsec
success!
