=============================================================
# of xstreams:             56
# of threads:              560
# of repeats:              11
Use pthread:               false
Preemption:                On
# of preemption groups:    56
Preemption timer interval: 2000 usec
Preemption type:           ABT_PREEMPTION_YIELD
# of iterations:           30000000
=============================================================

Iteration 0 started...  [elapsed] 1089464481 nsec
Iteration 1 started...  [elapsed] 1089683355 nsec
Iteration 2 started...  [elapsed] 1089738309 nsec
Iteration 3 started...  [elapsed] 1089783037 nsec
Iteration 4 started...  [elapsed] 1089939228 nsec
Iteration 5 started...  [elapsed] 1090323781 nsec
Iteration 6 started...  [elapsed] 1090702579 nsec
Iteration 7 started...  [elapsed] 1090577966 nsec
Iteration 8 started...  [elapsed] 1089821034 nsec
Iteration 9 started...  [elapsed] 1089538069 nsec
Iteration 10 started...  [elapsed] 1088588301 nsec
success!
