=============================================================
# of xstreams:             56
# of threads:              560
# of repeats:              11
Use pthread:               false
Preemption:                On
# of preemption groups:    56
Preemption timer interval: 200 usec
Preemption type:           ABT_PREEMPTION_YIELD
# of iterations:           30000000
=============================================================

Iteration 0 started...  [elapsed] 1110312390 nsec
Iteration 1 started...  [elapsed] 1109476330 nsec
Iteration 2 started...  [elapsed] 1109864132 nsec
Iteration 3 started...  [elapsed] 1109633081 nsec
Iteration 4 started...  [elapsed] 1110243317 nsec
Iteration 5 started...  [elapsed] 1110369235 nsec
Iteration 6 started...  [elapsed] 1111194255 nsec
Iteration 7 started...  [elapsed] 1109681719 nsec
Iteration 8 started...  [elapsed] 1109999453 nsec
Iteration 9 started...  [elapsed] 1109136952 nsec
Iteration 10 started...  [elapsed] 1109608104 nsec
success!
