=============================================================
# of xstreams:             56
# of threads:              560
# of repeats:              11
Use pthread:               false
Preemption:                On
# of preemption groups:    56
Preemption timer interval: 200 usec
Preemption type:           ABT_PREEMPTION_YIELD
# of iterations:           30000000
=============================================================

Iteration 0 started...  [elapsed] 1109170768 nsec
Iteration 1 started...  [elapsed] 1109757614 nsec
Iteration 2 started...  [elapsed] 1109626005 nsec
Iteration 3 started...  [elapsed] 1109788725 nsec
Iteration 4 started...  [elapsed] 1110485559 nsec
Iteration 5 started...  [elapsed] 1110151192 nsec
Iteration 6 started...  [elapsed] 1110357151 nsec
Iteration 7 started...  [elapsed] 1109410384 nsec
Iteration 8 started...  [elapsed] 1109729473 nsec
Iteration 9 started...  [elapsed] 1109151010 nsec
Iteration 10 started...  [elapsed] 1109766635 nsec
success!
