=============================================================
# of xstreams:             56
# of threads:              560
# of repeats:              11
Use pthread:               false
Preemption:                On
# of preemption groups:    56
Preemption timer interval: 2000 usec
Preemption type:           ABT_PREEMPTION_YIELD
# of iterations:           30000000
=============================================================

Iteration 0 started...  [elapsed] 1089608047 nsec
Iteration 1 started...  [elapsed] 1089822218 nsec
Iteration 2 started...  [elapsed] 1089780438 nsec
Iteration 3 started...  [elapsed] 1089976457 nsec
Iteration 4 started...  [elapsed] 1090473778 nsec
Iteration 5 started...  [elapsed] 1091552593 nsec
Iteration 6 started...  [elapsed] 1090986948 nsec
Iteration 7 started...  [elapsed] 1089200393 nsec
Iteration 8 started...  [elapsed] 1089653867 nsec
Iteration 9 started...  [elapsed] 1089295427 nsec
Iteration 10 started...  [elapsed] 1089502065 nsec
success!
