=============================================================
# of xstreams:             56
# of threads:              560
# of repeats:              11
Use pthread:               false
Preemption:                On
# of preemption groups:    56
Preemption timer interval: 200 usec
Preemption type:           ABT_PREEMPTION_YIELD
# of iterations:           30000000
=============================================================

Iteration 0 started...  [elapsed] 1109622701 nsec
Iteration 1 started...  [elapsed] 1109707463 nsec
Iteration 2 started...  [elapsed] 1109676453 nsec
Iteration 3 started...  [elapsed] 1109427401 nsec
Iteration 4 started...  [elapsed] 1110661194 nsec
Iteration 5 started...  [elapsed] 1110120423 nsec
Iteration 6 started...  [elapsed] 1110298632 nsec
Iteration 7 started...  [elapsed] 1108758862 nsec
Iteration 8 started...  [elapsed] 1109477977 nsec
Iteration 9 started...  [elapsed] 1109466247 nsec
Iteration 10 started...  [elapsed] 1108913916 nsec
success!
