=============================================================
# of xstreams:             56
# of threads:              560
# of repeats:              11
Use pthread:               false
Preemption:                On
# of preemption groups:    56
Preemption timer interval: 200 usec
Preemption type:           ABT_PREEMPTION_YIELD
# of iterations:           30000000
=============================================================

Iteration 0 started...  [elapsed] 1109236157 nsec
Iteration 1 started...  [elapsed] 1109527855 nsec
Iteration 2 started...  [elapsed] 1109649561 nsec
Iteration 3 started...  [elapsed] 1109706793 nsec
Iteration 4 started...  [elapsed] 1110240578 nsec
Iteration 5 started...  [elapsed] 1111942775 nsec
Iteration 6 started...  [elapsed] 1110992165 nsec
Iteration 7 started...  [elapsed] 1108749485 nsec
Iteration 8 started...  [elapsed] 1109752117 nsec
Iteration 9 started...  [elapsed] 1108810485 nsec
Iteration 10 started...  [elapsed] 1109434308 nsec
success!
