=============================================================
# of xstreams:             56
# of threads:              560
# of repeats:              11
Use pthread:               false
Preemption:                On
# of preemption groups:    56
Preemption timer interval: 2000 usec
Preemption type:           ABT_PREEMPTION_YIELD
# of iterations:           30000000
=============================================================

Iteration 0 started...  [elapsed] 1089378451 nsec
Iteration 1 started...  [elapsed] 1089243107 nsec
Iteration 2 started...  [elapsed] 1089387316 nsec
Iteration 3 started...  [elapsed] 1089707753 nsec
Iteration 4 started...  [elapsed] 1089697372 nsec
Iteration 5 started...  [elapsed] 1089647409 nsec
Iteration 6 started...  [elapsed] 1089857612 nsec
Iteration 7 started...  [elapsed] 1089255035 nsec
Iteration 8 started...  [elapsed] 1089035138 nsec
Iteration 9 started...  [elapsed] 1089380628 nsec
Iteration 10 started...  [elapsed] 1088908994 nsec
success!
