=============================================================
# of xstreams:             56
# of threads:              560
# of repeats:              11
Use pthread:               false
Preemption:                On
# of preemption groups:    56
Preemption timer interval: 2000 usec
Preemption type:           ABT_PREEMPTION_YIELD
# of iterations:           30000000
=============================================================

Iteration 0 started...  [elapsed] 1089234576 nsec
Iteration 1 started...  [elapsed] 1089744870 nsec
Iteration 2 started...  [elapsed] 1089790936 nsec
Iteration 3 started...  [elapsed] 1089979586 nsec
Iteration 4 started...  [elapsed] 1090054790 nsec
Iteration 5 started...  [elapsed] 1090379164 nsec
Iteration 6 started...  [elapsed] 1090775290 nsec
Iteration 7 started...  [elapsed] 1089301690 nsec
Iteration 8 started...  [elapsed] 1089281724 nsec
Iteration 9 started...  [elapsed] 1089335676 nsec
Iteration 10 started...  [elapsed] 1089735884 nsec
success!
