=============================================================
# of xstreams:             56
# of threads:              560
# of repeats:              11
Use pthread:               false
Preemption:                On
# of preemption groups:    56
Preemption timer interval: 2000 usec
Preemption type:           ABT_PREEMPTION_YIELD
# of iterations:           30000000
=============================================================

Iteration 0 started...  [elapsed] 1089671338 nsec
Iteration 1 started...  [elapsed] 1089979268 nsec
Iteration 2 started...  [elapsed] 1090022931 nsec
Iteration 3 started...  [elapsed] 1089843628 nsec
Iteration 4 started...  [elapsed] 1089959497 nsec
Iteration 5 started...  [elapsed] 1089968285 nsec
Iteration 6 started...  [elapsed] 1090588113 nsec
Iteration 7 started...  [elapsed] 1089417688 nsec
Iteration 8 started...  [elapsed] 1090932140 nsec
Iteration 9 started...  [elapsed] 1089840267 nsec
Iteration 10 started...  [elapsed] 1089664868 nsec
success!
