=============================================================
# of xstreams:             56
# of threads:              560
# of repeats:              11
Use pthread:               false
Preemption:                On
# of preemption groups:    56
Preemption timer interval: 300 usec
Preemption type:           ABT_PREEMPTION_YIELD
# of iterations:           30000000
=============================================================

Iteration 0 started...  [elapsed] 1102058091 nsec
Iteration 1 started...  [elapsed] 1102057471 nsec
Iteration 2 started...  [elapsed] 1102734157 nsec
Iteration 3 started...  [elapsed] 1102227868 nsec
Iteration 4 started...  [elapsed] 1102305630 nsec
Iteration 5 started...  [elapsed] 1102846009 nsec
Iteration 6 started...  [elapsed] 1103241867 nsec
Iteration 7 started...  [elapsed] 1102185458 nsec
Iteration 8 started...  [elapsed] 1102129793 nsec
Iteration 9 started...  [elapsed] 1101635885 nsec
Iteration 10 started...  [elapsed] 1101782726 nsec
success!
