=============================================================
# of xstreams:             56
# of threads:              560
# of repeats:              11
Use pthread:               false
Preemption:                On
# of preemption groups:    56
Preemption timer interval: 3000 usec
Preemption type:           ABT_PREEMPTION_YIELD
# of iterations:           30000000
=============================================================

Iteration 0 started...  [elapsed] 1089180950 nsec
Iteration 1 started...  [elapsed] 1089383784 nsec
Iteration 2 started...  [elapsed] 1089411459 nsec
Iteration 3 started...  [elapsed] 1089445941 nsec
Iteration 4 started...  [elapsed] 1088655422 nsec
Iteration 5 started...  [elapsed] 1089966213 nsec
Iteration 6 started...  [elapsed] 1090104450 nsec
Iteration 7 started...  [elapsed] 1088734874 nsec
Iteration 8 started...  [elapsed] 1087832091 nsec
Iteration 9 started...  [elapsed] 1088320363 nsec
Iteration 10 started...  [elapsed] 1089100380 nsec
success!
