=============================================================
# of xstreams:             56
# of threads:              560
# of repeats:              11
Use pthread:               false
Preemption:                On
# of preemption groups:    56
Preemption timer interval: 300 usec
Preemption type:           ABT_PREEMPTION_YIELD
# of iterations:           30000000
=============================================================

Iteration 0 started...  [elapsed] 1103275741 nsec
Iteration 1 started...  [elapsed] 1102973668 nsec
Iteration 2 started...  [elapsed] 1101914593 nsec
Iteration 3 started...  [elapsed] 1102933762 nsec
Iteration 4 started...  [elapsed] 1102105762 nsec
Iteration 5 started...  [elapsed] 1102321012 nsec
Iteration 6 started...  [elapsed] 1102867197 nsec
Iteration 7 started...  [elapsed] 1101361706 nsec
Iteration 8 started...  [elapsed] 1102313251 nsec
Iteration 9 started...  [elapsed] 1101339398 nsec
Iteration 10 started...  [elapsed] 1101546621 nsec
success!
