=============================================================
# of xstreams:             56
# of threads:              560
# of repeats:              11
Use pthread:               false
Preemption:                On
# of preemption groups:    56
Preemption timer interval: 300 usec
Preemption type:           ABT_PREEMPTION_YIELD
# of iterations:           30000000
=============================================================

Iteration 0 started...  [elapsed] 1102175306 nsec
Iteration 1 started...  [elapsed] 1102800557 nsec
Iteration 2 started...  [elapsed] 1101877089 nsec
Iteration 3 started...  [elapsed] 1102150299 nsec
Iteration 4 started...  [elapsed] 1102289403 nsec
Iteration 5 started...  [elapsed] 1103188261 nsec
Iteration 6 started...  [elapsed] 1102968864 nsec
Iteration 7 started...  [elapsed] 1101667018 nsec
Iteration 8 started...  [elapsed] 1102048631 nsec
Iteration 9 started...  [elapsed] 1102167182 nsec
Iteration 10 started...  [elapsed] 1101851544 nsec
success!
