=============================================================
# of xstreams:             56
# of threads:              560
# of repeats:              11
Use pthread:               false
Preemption:                On
# of preemption groups:    56
Preemption timer interval: 3000 usec
Preemption type:           ABT_PREEMPTION_YIELD
# of iterations:           30000000
=============================================================

Iteration 0 started...  [elapsed] 1089270127 nsec
Iteration 1 started...  [elapsed] 1089616001 nsec
Iteration 2 started...  [elapsed] 1089521019 nsec
Iteration 3 started...  [elapsed] 1089612109 nsec
Iteration 4 started...  [elapsed] 1089743554 nsec
Iteration 5 started...  [elapsed] 1089284728 nsec
Iteration 6 started...  [elapsed] 1090519888 nsec
Iteration 7 started...  [elapsed] 1088136252 nsec
Iteration 8 started...  [elapsed] 1089167970 nsec
Iteration 9 started...  [elapsed] 1089321943 nsec
Iteration 10 started...  [elapsed] 1088289238 nsec
success!
