=============================================================
# of xstreams:             56
# of threads:              560
# of repeats:              11
Use pthread:               false
Preemption:                On
# of preemption groups:    56
Preemption timer interval: 300 usec
Preemption type:           ABT_PREEMPTION_YIELD
# of iterations:           30000000
=============================================================

Iteration 0 started...  [elapsed] 1101771891 nsec
Iteration 1 started...  [elapsed] 1101914298 nsec
Iteration 2 started...  [elapsed] 1102494581 nsec
Iteration 3 started...  [elapsed] 1101910111 nsec
Iteration 4 started...  [elapsed] 1102477127 nsec
Iteration 5 started...  [elapsed] 1102566714 nsec
Iteration 6 started...  [elapsed] 1102868757 nsec
Iteration 7 started...  [elapsed] 1102220281 nsec
Iteration 8 started...  [elapsed] 1102706870 nsec
Iteration 9 started...  [elapsed] 1101501419 nsec
Iteration 10 started...  [elapsed] 1102009916 nsec
success!
