=============================================================
# of xstreams:             56
# of threads:              560
# of repeats:              11
Use pthread:               false
Preemption:                On
# of preemption groups:    56
Preemption timer interval: 3000 usec
Preemption type:           ABT_PREEMPTION_YIELD
# of iterations:           30000000
=============================================================

Iteration 0 started...  [elapsed] 1089305508 nsec
Iteration 1 started...  [elapsed] 1088701451 nsec
Iteration 2 started...  [elapsed] 1089609723 nsec
Iteration 3 started...  [elapsed] 1089444578 nsec
Iteration 4 started...  [elapsed] 1088606035 nsec
Iteration 5 started...  [elapsed] 1089964815 nsec
Iteration 6 started...  [elapsed] 1089480785 nsec
Iteration 7 started...  [elapsed] 1087673414 nsec
Iteration 8 started...  [elapsed] 1088672157 nsec
Iteration 9 started...  [elapsed] 1088781895 nsec
Iteration 10 started...  [elapsed] 1089334043 nsec
success!
