=============================================================
# of xstreams:             56
# of threads:              560
# of repeats:              11
Use pthread:               false
Preemption:                On
# of preemption groups:    56
Preemption timer interval: 3000 usec
Preemption type:           ABT_PREEMPTION_YIELD
# of iterations:           30000000
=============================================================

Iteration 0 started...  [elapsed] 1089269076 nsec
Iteration 1 started...  [elapsed] 1088402578 nsec
Iteration 2 started...  [elapsed] 1089358340 nsec
Iteration 3 started...  [elapsed] 1089413723 nsec
Iteration 4 started...  [elapsed] 1089880155 nsec
Iteration 5 started...  [elapsed] 1090075946 nsec
Iteration 6 started...  [elapsed] 1090786560 nsec
Iteration 7 started...  [elapsed] 1089306105 nsec
Iteration 8 started...  [elapsed] 1089186923 nsec
Iteration 9 started...  [elapsed] 1089006524 nsec
Iteration 10 started...  [elapsed] 1089055714 nsec
success!
