=============================================================
# of xstreams:             56
# of threads:              560
# of repeats:              11
Use pthread:               false
Preemption:                On
# of preemption groups:    56
Preemption timer interval: 3000 usec
Preemption type:           ABT_PREEMPTION_YIELD
# of iterations:           30000000
=============================================================

Iteration 0 started...  [elapsed] 1089907735 nsec
Iteration 1 started...  [elapsed] 1088084117 nsec
Iteration 2 started...  [elapsed] 1088623697 nsec
Iteration 3 started...  [elapsed] 1088719782 nsec
Iteration 4 started...  [elapsed] 1089652423 nsec
Iteration 5 started...  [elapsed] 1089508307 nsec
Iteration 6 started...  [elapsed] 1090347303 nsec
Iteration 7 started...  [elapsed] 1088091078 nsec
Iteration 8 started...  [elapsed] 1089184673 nsec
Iteration 9 started...  [elapsed] 1089273505 nsec
Iteration 10 started...  [elapsed] 1089107071 nsec
success!
