=============================================================
# of xstreams:             56
# of threads:              560
# of repeats:              11
Use pthread:               false
Preemption:                On
# of preemption groups:    56
Preemption timer interval: 3000 usec
Preemption type:           ABT_PREEMPTION_YIELD
# of iterations:           30000000
=============================================================

Iteration 0 started...  [elapsed] 1089146603 nsec
Iteration 1 started...  [elapsed] 1089336271 nsec
Iteration 2 started...  [elapsed] 1089258985 nsec
Iteration 3 started...  [elapsed] 1089426522 nsec
Iteration 4 started...  [elapsed] 1090054448 nsec
Iteration 5 started...  [elapsed] 1088726018 nsec
Iteration 6 started...  [elapsed] 1089413270 nsec
Iteration 7 started...  [elapsed] 1088839236 nsec
Iteration 8 started...  [elapsed] 1089203808 nsec
Iteration 9 started...  [elapsed] 1089191305 nsec
Iteration 10 started...  [elapsed] 1089311269 nsec
success!
