=============================================================
# of xstreams:             56
# of threads:              560
# of repeats:              11
Use pthread:               false
Preemption:                On
# of preemption groups:    56
Preemption timer interval: 300 usec
Preemption type:           ABT_PREEMPTION_YIELD
# of iterations:           30000000
=============================================================

Iteration 0 started...  [elapsed] 1101773645 nsec
Iteration 1 started...  [elapsed] 1102584332 nsec
Iteration 2 started...  [elapsed] 1101862213 nsec
Iteration 3 started...  [elapsed] 1101901477 nsec
Iteration 4 started...  [elapsed] 1102370349 nsec
Iteration 5 started...  [elapsed] 1102452221 nsec
Iteration 6 started...  [elapsed] 1102959449 nsec
Iteration 7 started...  [elapsed] 1101079255 nsec
Iteration 8 started...  [elapsed] 1101614531 nsec
Iteration 9 started...  [elapsed] 1102106820 nsec
Iteration 10 started...  [elapsed] 1101398663 nsec
success!
