=============================================================
# of xstreams:             56
# of threads:              560
# of repeats:              11
Use pthread:               false
Preemption:                On
# of preemption groups:    56
Preemption timer interval: 3000 usec
Preemption type:           ABT_PREEMPTION_YIELD
# of iterations:           30000000
=============================================================

Iteration 0 started...  [elapsed] 1088596199 nsec
Iteration 1 started...  [elapsed] 1088675868 nsec
Iteration 2 started...  [elapsed] 1089663399 nsec
Iteration 3 started...  [elapsed] 1089858922 nsec
Iteration 4 started...  [elapsed] 1091061105 nsec
Iteration 5 started...  [elapsed] 1089924479 nsec
Iteration 6 started...  [elapsed] 1090278510 nsec
Iteration 7 started...  [elapsed] 1089029479 nsec
Iteration 8 started...  [elapsed] 1089403677 nsec
Iteration 9 started...  [elapsed] 1088974547 nsec
Iteration 10 started...  [elapsed] 1088170956 nsec
success!
