=============================================================
# of xstreams:             56
# of threads:              560
# of repeats:              11
Use pthread:               false
Preemption:                On
# of preemption groups:    56
Preemption timer interval: 3000 usec
Preemption type:           ABT_PREEMPTION_YIELD
# of iterations:           30000000
=============================================================

Iteration 0 started...  [elapsed] 1089094200 nsec
Iteration 1 started...  [elapsed] 1089245196 nsec
Iteration 2 started...  [elapsed] 1088395766 nsec
Iteration 3 started...  [elapsed] 1088532309 nsec
Iteration 4 started...  [elapsed] 1089845723 nsec
Iteration 5 started...  [elapsed] 1089951107 nsec
Iteration 6 started...  [elapsed] 1089930489 nsec
Iteration 7 started...  [elapsed] 1088123528 nsec
Iteration 8 started...  [elapsed] 1088996708 nsec
Iteration 9 started...  [elapsed] 1088354575 nsec
Iteration 10 started...  [elapsed] 1088420456 nsec
success!
