=============================================================
# of xstreams:             56
# of threads:              560
# of repeats:              11
Use pthread:               false
Preemption:                On
# of preemption groups:    56
Preemption timer interval: 300 usec
Preemption type:           ABT_PREEMPTION_YIELD
# of iterations:           30000000
=============================================================

Iteration 0 started...  [elapsed] 1101828845 nsec
Iteration 1 started...  [elapsed] 1102791380 nsec
Iteration 2 started...  [elapsed] 1102406978 nsec
Iteration 3 started...  [elapsed] 1102463344 nsec
Iteration 4 started...  [elapsed] 1103051545 nsec
Iteration 5 started...  [elapsed] 1102669639 nsec
Iteration 6 started...  [elapsed] 1102941248 nsec
Iteration 7 started...  [elapsed] 1101462211 nsec
Iteration 8 started...  [elapsed] 1101732239 nsec
Iteration 9 started...  [elapsed] 1102251434 nsec
Iteration 10 started...  [elapsed] 1103935569 nsec
success!
