=============================================================
# of xstreams:             56
# of threads:              560
# of repeats:              11
Use pthread:               false
Preemption:                On
# of preemption groups:    56
Preemption timer interval: 3000 usec
Preemption type:           ABT_PREEMPTION_YIELD
# of iterations:           30000000
=============================================================

Iteration 0 started...  [elapsed] 1089261849 nsec
Iteration 1 started...  [elapsed] 1088722778 nsec
Iteration 2 started...  [elapsed] 1089396097 nsec
Iteration 3 started...  [elapsed] 1088162827 nsec
Iteration 4 started...  [elapsed] 1088696821 nsec
Iteration 5 started...  [elapsed] 1088941981 nsec
Iteration 6 started...  [elapsed] 1089217303 nsec
Iteration 7 started...  [elapsed] 1087839286 nsec
Iteration 8 started...  [elapsed] 1089064895 nsec
Iteration 9 started...  [elapsed] 1089236737 nsec
Iteration 10 started...  [elapsed] 1089090429 nsec
success!
