=============================================================
# of xstreams:             56
# of threads:              560
# of repeats:              11
Use pthread:               false
Preemption:                On
# of preemption groups:    56
Preemption timer interval: 300 usec
Preemption type:           ABT_PREEMPTION_YIELD
# of iterations:           30000000
=============================================================

Iteration 0 started...  [elapsed] 1102201159 nsec
Iteration 1 started...  [elapsed] 1102829758 nsec
Iteration 2 started...  [elapsed] 1102940588 nsec
Iteration 3 started...  [elapsed] 1103085204 nsec
Iteration 4 started...  [elapsed] 1102907605 nsec
Iteration 5 started...  [elapsed] 1102822758 nsec
Iteration 6 started...  [elapsed] 1103463718 nsec
Iteration 7 started...  [elapsed] 1101412237 nsec
Iteration 8 started...  [elapsed] 1101731223 nsec
Iteration 9 started...  [elapsed] 1102261510 nsec
Iteration 10 started...  [elapsed] 1101719228 nsec
success!
