=============================================================
# of xstreams:             56
# of threads:              560
# of repeats:              11
Use pthread:               false
Preemption:                On
# of preemption groups:    56
Preemption timer interval: 5000 usec
Preemption type:           ABT_PREEMPTION_YIELD
# of iterations:           30000000
=============================================================

Iteration 0 started...  [elapsed] 1088995408 nsec
Iteration 1 started...  [elapsed] 1088320915 nsec
Iteration 2 started...  [elapsed] 1088979399 nsec
Iteration 3 started...  [elapsed] 1089171124 nsec
Iteration 4 started...  [elapsed] 1089524485 nsec
Iteration 5 started...  [elapsed] 1089608539 nsec
Iteration 6 started...  [elapsed] 1090063557 nsec
Iteration 7 started...  [elapsed] 1088447322 nsec
Iteration 8 started...  [elapsed] 1087987700 nsec
Iteration 9 started...  [elapsed] 1088720163 nsec
Iteration 10 started...  [elapsed] 1088088698 nsec
success!
