=============================================================
# of xstreams:             56
# of threads:              560
# of repeats:              11
Use pthread:               false
Preemption:                On
# of preemption groups:    56
Preemption timer interval: 5000 usec
Preemption type:           ABT_PREEMPTION_YIELD
# of iterations:           30000000
=============================================================

Iteration 0 started...  [elapsed] 1088810521 nsec
Iteration 1 started...  [elapsed] 1089002003 nsec
Iteration 2 started...  [elapsed] 1089098230 nsec
Iteration 3 started...  [elapsed] 1089036381 nsec
Iteration 4 started...  [elapsed] 1089304806 nsec
Iteration 5 started...  [elapsed] 1089630950 nsec
Iteration 6 started...  [elapsed] 1089652674 nsec
Iteration 7 started...  [elapsed] 1087671751 nsec
Iteration 8 started...  [elapsed] 1088997774 nsec
Iteration 9 started...  [elapsed] 1088711804 nsec
Iteration 10 started...  [elapsed] 1088912798 nsec
success!
