=============================================================
# of xstreams:             56
# of threads:              560
# of repeats:              11
Use pthread:               false
Preemption:                On
# of preemption groups:    56
Preemption timer interval: 500 usec
Preemption type:           ABT_PREEMPTION_YIELD
# of iterations:           30000000
=============================================================

Iteration 0 started...  [elapsed] 1096555039 nsec
Iteration 1 started...  [elapsed] 1096821875 nsec
Iteration 2 started...  [elapsed] 1095382954 nsec
Iteration 3 started...  [elapsed] 1097398837 nsec
Iteration 4 started...  [elapsed] 1098596141 nsec
Iteration 5 started...  [elapsed] 1098078492 nsec
Iteration 6 started...  [elapsed] 1097896747 nsec
Iteration 7 started...  [elapsed] 1096425539 nsec
Iteration 8 started...  [elapsed] 1096921386 nsec
Iteration 9 started...  [elapsed] 1096462975 nsec
Iteration 10 started...  [elapsed] 1097556164 nsec
success!
