=============================================================
# of xstreams:             56
# of threads:              560
# of repeats:              11
Use pthread:               false
Preemption:                On
# of preemption groups:    56
Preemption timer interval: 500 usec
Preemption type:           ABT_PREEMPTION_YIELD
# of iterations:           30000000
=============================================================

Iteration 0 started...  [elapsed] 1096463927 nsec
Iteration 1 started...  [elapsed] 1096623483 nsec
Iteration 2 started...  [elapsed] 1097076271 nsec
Iteration 3 started...  [elapsed] 1096661294 nsec
Iteration 4 started...  [elapsed] 1097111242 nsec
Iteration 5 started...  [elapsed] 1097773240 nsec
Iteration 6 started...  [elapsed] 1097754713 nsec
Iteration 7 started...  [elapsed] 1096205803 nsec
Iteration 8 started...  [elapsed] 1096524613 nsec
Iteration 9 started...  [elapsed] 1094978352 nsec
Iteration 10 started...  [elapsed] 1095149050 nsec
success!
