=============================================================
# of xstreams:             56
# of threads:              560
# of repeats:              11
Use pthread:               false
Preemption:                On
# of preemption groups:    56
Preemption timer interval: 5000 usec
Preemption type:           ABT_PREEMPTION_YIELD
# of iterations:           30000000
=============================================================

Iteration 0 started...  [elapsed] 1089011254 nsec
Iteration 1 started...  [elapsed] 1088253428 nsec
Iteration 2 started...  [elapsed] 1088055716 nsec
Iteration 3 started...  [elapsed] 1088021736 nsec
Iteration 4 started...  [elapsed] 1089418267 nsec
Iteration 5 started...  [elapsed] 1088661487 nsec
Iteration 6 started...  [elapsed] 1089451507 nsec
Iteration 7 started...  [elapsed] 1087302392 nsec
Iteration 8 started...  [elapsed] 1087955983 nsec
Iteration 9 started...  [elapsed] 1088764102 nsec
Iteration 10 started...  [elapsed] 1088386011 nsec
success!
