=============================================================
# of xstreams:             56
# of threads:              560
# of repeats:              11
Use pthread:               false
Preemption:                On
# of preemption groups:    56
Preemption timer interval: 5000 usec
Preemption type:           ABT_PREEMPTION_YIELD
# of iterations:           30000000
=============================================================

Iteration 0 started...  [elapsed] 1088975571 nsec
Iteration 1 started...  [elapsed] 1088183078 nsec
Iteration 2 started...  [elapsed] 1089039401 nsec
Iteration 3 started...  [elapsed] 1089047543 nsec
Iteration 4 started...  [elapsed] 1088619249 nsec
Iteration 5 started...  [elapsed] 1089582247 nsec
Iteration 6 started...  [elapsed] 1090177183 nsec
Iteration 7 started...  [elapsed] 1087816147 nsec
Iteration 8 started...  [elapsed] 1088875079 nsec
Iteration 9 started...  [elapsed] 1088962895 nsec
Iteration 10 started...  [elapsed] 1089219322 nsec
success!
