=============================================================
# of xstreams:             56
# of threads:              560
# of repeats:              11
Use pthread:               false
Preemption:                On
# of preemption groups:    56
Preemption timer interval: 500 usec
Preemption type:           ABT_PREEMPTION_YIELD
# of iterations:           30000000
=============================================================

Iteration 0 started...  [elapsed] 1094798263 nsec
Iteration 1 started...  [elapsed] 1096843146 nsec
Iteration 2 started...  [elapsed] 1096912088 nsec
Iteration 3 started...  [elapsed] 1096909983 nsec
Iteration 4 started...  [elapsed] 1095755099 nsec
Iteration 5 started...  [elapsed] 1097133149 nsec
Iteration 6 started...  [elapsed] 1097712261 nsec
Iteration 7 started...  [elapsed] 1096258682 nsec
Iteration 8 started...  [elapsed] 1095470468 nsec
Iteration 9 started...  [elapsed] 1096447198 nsec
Iteration 10 started...  [elapsed] 1096569234 nsec
success!
