=============================================================
# of xstreams:             56
# of threads:              560
# of repeats:              11
Use pthread:               false
Preemption:                On
# of preemption groups:    56
Preemption timer interval: 5000 usec
Preemption type:           ABT_PREEMPTION_YIELD
# of iterations:           30000000
=============================================================

Iteration 0 started...  [elapsed] 1088829450 nsec
Iteration 1 started...  [elapsed] 1088227615 nsec
Iteration 2 started...  [elapsed] 1088940450 nsec
Iteration 3 started...  [elapsed] 1089072086 nsec
Iteration 4 started...  [elapsed] 1089596249 nsec
Iteration 5 started...  [elapsed] 1089611205 nsec
Iteration 6 started...  [elapsed] 1090047720 nsec
Iteration 7 started...  [elapsed] 1088423401 nsec
Iteration 8 started...  [elapsed] 1088795652 nsec
Iteration 9 started...  [elapsed] 1088004272 nsec
Iteration 10 started...  [elapsed] 1088752793 nsec
success!
