=============================================================
# of xstreams:             56
# of threads:              560
# of repeats:              11
Use pthread:               false
Preemption:                On
# of preemption groups:    56
Preemption timer interval: 7000 usec
Preemption type:           ABT_PREEMPTION_YIELD
# of iterations:           30000000
=============================================================

Iteration 0 started...  [elapsed] 1088660955 nsec
Iteration 1 started...  [elapsed] 1088897065 nsec
Iteration 2 started...  [elapsed] 1088369452 nsec
Iteration 3 started...  [elapsed] 1088783283 nsec
Iteration 4 started...  [elapsed] 1089137427 nsec
Iteration 5 started...  [elapsed] 1089234805 nsec
Iteration 6 started...  [elapsed] 1088984406 nsec
Iteration 7 started...  [elapsed] 1087620761 nsec
Iteration 8 started...  [elapsed] 1088722952 nsec
Iteration 9 started...  [elapsed] 1088263108 nsec
Iteration 10 started...  [elapsed] 1087866422 nsec
success!
