=============================================================
# of xstreams:             56
# of threads:              560
# of repeats:              11
Use pthread:               false
Preemption:                On
# of preemption groups:    56
Preemption timer interval: 7000 usec
Preemption type:           ABT_PREEMPTION_YIELD
# of iterations:           30000000
=============================================================

Iteration 0 started...  [elapsed] 1088584497 nsec
Iteration 1 started...  [elapsed] 1088326120 nsec
Iteration 2 started...  [elapsed] 1088494596 nsec
Iteration 3 started...  [elapsed] 1088606823 nsec
Iteration 4 started...  [elapsed] 1089164360 nsec
Iteration 5 started...  [elapsed] 1088420438 nsec
Iteration 6 started...  [elapsed] 1088863016 nsec
Iteration 7 started...  [elapsed] 1089719728 nsec
Iteration 8 started...  [elapsed] 1088318022 nsec
Iteration 9 started...  [elapsed] 1088447988 nsec
Iteration 10 started...  [elapsed] 1088496827 nsec
success!
