=============================================================
# of xstreams:             56
# of threads:              560
# of repeats:              11
Use pthread:               false
Preemption:                On
# of preemption groups:    56
Preemption timer interval: 700 usec
Preemption type:           ABT_PREEMPTION_YIELD
# of iterations:           30000000
=============================================================

Iteration 0 started...  [elapsed] 1093204177 nsec
Iteration 1 started...  [elapsed] 1093738803 nsec
Iteration 2 started...  [elapsed] 1093695743 nsec
Iteration 3 started...  [elapsed] 1093467039 nsec
Iteration 4 started...  [elapsed] 1094270953 nsec
Iteration 5 started...  [elapsed] 1094637127 nsec
Iteration 6 started...  [elapsed] 1095283028 nsec
Iteration 7 started...  [elapsed] 1094988536 nsec
Iteration 8 started...  [elapsed] 1095424926 nsec
Iteration 9 started...  [elapsed] 1094932268 nsec
Iteration 10 started...  [elapsed] 1095448198 nsec
success!
