=============================================================
# of xstreams:             56
# of threads:              560
# of repeats:              11
Use pthread:               false
Preemption:                On
# of preemption groups:    56
Preemption timer interval: 700 usec
Preemption type:           ABT_PREEMPTION_YIELD
# of iterations:           30000000
=============================================================

Iteration 0 started...  [elapsed] 1093337174 nsec
Iteration 1 started...  [elapsed] 1094531458 nsec
Iteration 2 started...  [elapsed] 1093912463 nsec
Iteration 3 started...  [elapsed] 1093853117 nsec
Iteration 4 started...  [elapsed] 1093923060 nsec
Iteration 5 started...  [elapsed] 1095584454 nsec
Iteration 6 started...  [elapsed] 1094088231 nsec
Iteration 7 started...  [elapsed] 1093007019 nsec
Iteration 8 started...  [elapsed] 1093469857 nsec
Iteration 9 started...  [elapsed] 1093334598 nsec
Iteration 10 started...  [elapsed] 1093616277 nsec
success!
