=============================================================
# of xstreams:             56
# of threads:              560
# of repeats:              11
Use pthread:               false
Preemption:                On
# of preemption groups:    56
Preemption timer interval: 7000 usec
Preemption type:           ABT_PREEMPTION_YIELD
# of iterations:           30000000
=============================================================

Iteration 0 started...  [elapsed] 1088584066 nsec
Iteration 1 started...  [elapsed] 1088081298 nsec
Iteration 2 started...  [elapsed] 1088513210 nsec
Iteration 3 started...  [elapsed] 1088391479 nsec
Iteration 4 started...  [elapsed] 1088596998 nsec
Iteration 5 started...  [elapsed] 1089263274 nsec
Iteration 6 started...  [elapsed] 1088715862 nsec
Iteration 7 started...  [elapsed] 1087822967 nsec
Iteration 8 started...  [elapsed] 1088626265 nsec
Iteration 9 started...  [elapsed] 1088330383 nsec
Iteration 10 started...  [elapsed] 1088286030 nsec
success!
