=============================================================
# of xstreams:             56
# of threads:              560
# of repeats:              11
Use pthread:               false
Preemption:                On
# of preemption groups:    56
Preemption timer interval: 700 usec
Preemption type:           ABT_PREEMPTION_YIELD
# of iterations:           30000000
=============================================================

Iteration 0 started...  [elapsed] 1093470017 nsec
Iteration 1 started...  [elapsed] 1093560051 nsec
Iteration 2 started...  [elapsed] 1093303129 nsec
Iteration 3 started...  [elapsed] 1093491262 nsec
Iteration 4 started...  [elapsed] 1093906798 nsec
Iteration 5 started...  [elapsed] 1094297673 nsec
Iteration 6 started...  [elapsed] 1094262594 nsec
Iteration 7 started...  [elapsed] 1093458907 nsec
Iteration 8 started...  [elapsed] 1093631241 nsec
Iteration 9 started...  [elapsed] 1092916900 nsec
Iteration 10 started...  [elapsed] 1093853511 nsec
success!
