=============================================================
# of xstreams:             56
# of threads:              560
# of repeats:              11
Use pthread:               false
Preemption:                On
# of preemption groups:    56
Preemption timer interval: 7000 usec
Preemption type:           ABT_PREEMPTION_YIELD
# of iterations:           30000000
=============================================================

Iteration 0 started...  [elapsed] 1088579006 nsec
Iteration 1 started...  [elapsed] 1088836892 nsec
Iteration 2 started...  [elapsed] 1088691763 nsec
Iteration 3 started...  [elapsed] 1088237909 nsec
Iteration 4 started...  [elapsed] 1089231632 nsec
Iteration 5 started...  [elapsed] 1089559537 nsec
Iteration 6 started...  [elapsed] 1088574422 nsec
Iteration 7 started...  [elapsed] 1087347705 nsec
Iteration 8 started...  [elapsed] 1088697484 nsec
Iteration 9 started...  [elapsed] 1088449715 nsec
Iteration 10 started...  [elapsed] 1088707782 nsec
success!
