=============================================================
# of xstreams:             56
# of threads:              560
# of repeats:              11
Use pthread:               false
Preemption:                On
# of preemption groups:    56
Preemption timer interval: 7000 usec
Preemption type:           ABT_PREEMPTION_YIELD
# of iterations:           30000000
=============================================================

Iteration 0 started...  [elapsed] 1088394414 nsec
Iteration 1 started...  [elapsed] 1089304246 nsec
Iteration 2 started...  [elapsed] 1088819980 nsec
Iteration 3 started...  [elapsed] 1088669013 nsec
Iteration 4 started...  [elapsed] 1088434596 nsec
Iteration 5 started...  [elapsed] 1089518643 nsec
Iteration 6 started...  [elapsed] 1089114621 nsec
Iteration 7 started...  [elapsed] 1088118206 nsec
Iteration 8 started...  [elapsed] 1088598814 nsec
Iteration 9 started...  [elapsed] 1089011690 nsec
Iteration 10 started...  [elapsed] 1089214509 nsec
success!
