=============================================================
# of xstreams:             56
# of threads:              560
# of repeats:              11
Use pthread:               false
Preemption:                On
# of preemption groups:    56
Preemption timer interval: 700 usec
Preemption type:           ABT_PREEMPTION_YIELD
# of iterations:           30000000
=============================================================

Iteration 0 started...  [elapsed] 1093252233 nsec
Iteration 1 started...  [elapsed] 1093728912 nsec
Iteration 2 started...  [elapsed] 1093672284 nsec
Iteration 3 started...  [elapsed] 1093449234 nsec
Iteration 4 started...  [elapsed] 1094350417 nsec
Iteration 5 started...  [elapsed] 1094083844 nsec
Iteration 6 started...  [elapsed] 1094630978 nsec
Iteration 7 started...  [elapsed] 1092926703 nsec
Iteration 8 started...  [elapsed] 1093041815 nsec
Iteration 9 started...  [elapsed] 1092888519 nsec
Iteration 10 started...  [elapsed] 1093597155 nsec
success!
