=============================================================
# of xstreams:             56
# of threads:              560
# of repeats:              11
Use pthread:               false
Preemption:                On
# of preemption groups:    56
Preemption timer interval: 700 usec
Preemption type:           ABT_PREEMPTION_YIELD
# of iterations:           30000000
=============================================================

Iteration 0 started...  [elapsed] 1093068928 nsec
Iteration 1 started...  [elapsed] 1093882644 nsec
Iteration 2 started...  [elapsed] 1093326706 nsec
Iteration 3 started...  [elapsed] 1093783391 nsec
Iteration 4 started...  [elapsed] 1093565577 nsec
Iteration 5 started...  [elapsed] 1093648794 nsec
Iteration 6 started...  [elapsed] 1094252672 nsec
Iteration 7 started...  [elapsed] 1092826901 nsec
Iteration 8 started...  [elapsed] 1093566506 nsec
Iteration 9 started...  [elapsed] 1092690562 nsec
Iteration 10 started...  [elapsed] 1093350528 nsec
success!
