=============================================================
# of xstreams:             56
# of threads:              560
# of repeats:              11
Use pthread:               false
Preemption:                On
# of preemption groups:    56
Preemption timer interval: 7000 usec
Preemption type:           ABT_PREEMPTION_YIELD
# of iterations:           30000000
=============================================================

Iteration 0 started...  [elapsed] 1088637724 nsec
Iteration 1 started...  [elapsed] 1088167114 nsec
Iteration 2 started...  [elapsed] 1088629666 nsec
Iteration 3 started...  [elapsed] 1088106608 nsec
Iteration 4 started...  [elapsed] 1089314100 nsec
Iteration 5 started...  [elapsed] 1089523493 nsec
Iteration 6 started...  [elapsed] 1089675215 nsec
Iteration 7 started...  [elapsed] 1088478725 nsec
Iteration 8 started...  [elapsed] 1088706536 nsec
Iteration 9 started...  [elapsed] 1088481514 nsec
Iteration 10 started...  [elapsed] 1087955279 nsec
success!
