=============================================================
# of threads:                    14
# of timers:                     14
# of preemption for each thread: 1000
Interval time of preemption:     1000000 nsec
Managed timer:                   true
Sync timer:                      false
Chain wake-up:                   false
Thread timer:                    false
Use timerfd:                     false
=============================================================

[rank 0]
  # of preemption:                            1000
  Average interval time of preemption:        998145 nsec
  Average time to call a signal handler:      3350 nsec
  Average time to return to a normal context: 817 nsec

[rank 1]
  # of preemption:                            1000
  Average interval time of preemption:        998225 nsec
  Average time to call a signal handler:      1927 nsec
  Average time to return to a normal context: 813 nsec

[rank 2]
  # of preemption:                            1000
  Average interval time of preemption:        998299 nsec
  Average time to call a signal handler:      1946 nsec
  Average time to return to a normal context: 819 nsec

[rank 3]
  # of preemption:                            1000
  Average interval time of preemption:        998375 nsec
  Average time to call a signal handler:      1922 nsec
  Average time to return to a normal context: 803 nsec

[rank 4]
  # of preemption:                            1000
  Average interval time of preemption:        998438 nsec
  Average time to call a signal handler:      1926 nsec
  Average time to return to a normal context: 819 nsec

[rank 5]
  # of preemption:                            1000
  Average interval time of preemption:        998513 nsec
  Average time to call a signal handler:      1911 nsec
  Average time to return to a normal context: 849 nsec

[rank 6]
  # of preemption:                            1000
  Average interval time of preemption:        998592 nsec
  Average time to call a signal handler:      1936 nsec
  Average time to return to a normal context: 841 nsec

[rank 7]
  # of preemption:                            1000
  Average interval time of preemption:        998653 nsec
  Average time to call a signal handler:      3266 nsec
  Average time to return to a normal context: 1314 nsec

[rank 8]
  # of preemption:                            1000
  Average interval time of preemption:        998718 nsec
  Average time to call a signal handler:      1893 nsec
  Average time to return to a normal context: 822 nsec

[rank 9]
  # of preemption:                            1000
  Average interval time of preemption:        998790 nsec
  Average time to call a signal handler:      1881 nsec
  Average time to return to a normal context: 837 nsec

[rank 10]
  # of preemption:                            1000
  Average interval time of preemption:        998864 nsec
  Average time to call a signal handler:      1906 nsec
  Average time to return to a normal context: 816 nsec

[rank 11]
  # of preemption:                            1000
  Average interval time of preemption:        998931 nsec
  Average time to call a signal handler:      1875 nsec
  Average time to return to a normal context: 807 nsec

[rank 12]
  # of preemption:                            1000
  Average interval time of preemption:        998003 nsec
  Average time to call a signal handler:      1879 nsec
  Average time to return to a normal context: 796 nsec

[rank 13]
  # of preemption:                            1000
  Average interval time of preemption:        998075 nsec
  Average time to call a signal handler:      1902 nsec
  Average time to return to a normal context: 828 nsec

[Total]
  # of preemption:                            14000
  Average interval time of preemption:        998472 nsec
  Average time to call a signal handler:      2108 nsec
  Average time to return to a normal context: 855 nsec

