=============================================================
# of threads:                    14
# of timers:                     14
# of preemption for each thread: 1000
Interval time of preemption:     1000000 nsec
Managed timer:                   true
Sync timer:                      false
Chain wake-up:                   false
Thread timer:                    false
Use timerfd:                     false
=============================================================

[rank 0]
  # of preemption:                            1000
  Average interval time of preemption:        998099 nsec
  Average time to call a signal handler:      3249 nsec
  Average time to return to a normal context: 802 nsec

[rank 1]
  # of preemption:                            1000
  Average interval time of preemption:        998179 nsec
  Average time to call a signal handler:      1946 nsec
  Average time to return to a normal context: 802 nsec

[rank 2]
  # of preemption:                            1000
  Average interval time of preemption:        998245 nsec
  Average time to call a signal handler:      1905 nsec
  Average time to return to a normal context: 797 nsec

[rank 3]
  # of preemption:                            1000
  Average interval time of preemption:        998320 nsec
  Average time to call a signal handler:      1943 nsec
  Average time to return to a normal context: 813 nsec

[rank 4]
  # of preemption:                            1000
  Average interval time of preemption:        998396 nsec
  Average time to call a signal handler:      1934 nsec
  Average time to return to a normal context: 785 nsec

[rank 5]
  # of preemption:                            1000
  Average interval time of preemption:        998463 nsec
  Average time to call a signal handler:      1943 nsec
  Average time to return to a normal context: 842 nsec

[rank 6]
  # of preemption:                            1000
  Average interval time of preemption:        998539 nsec
  Average time to call a signal handler:      1979 nsec
  Average time to return to a normal context: 835 nsec

[rank 7]
  # of preemption:                            1000
  Average interval time of preemption:        998612 nsec
  Average time to call a signal handler:      1947 nsec
  Average time to return to a normal context: 835 nsec

[rank 8]
  # of preemption:                            1000
  Average interval time of preemption:        998670 nsec
  Average time to call a signal handler:      1844 nsec
  Average time to return to a normal context: 804 nsec

[rank 9]
  # of preemption:                            1000
  Average interval time of preemption:        998743 nsec
  Average time to call a signal handler:      1874 nsec
  Average time to return to a normal context: 822 nsec

[rank 10]
  # of preemption:                            1000
  Average interval time of preemption:        998812 nsec
  Average time to call a signal handler:      1884 nsec
  Average time to return to a normal context: 809 nsec

[rank 11]
  # of preemption:                            1000
  Average interval time of preemption:        998885 nsec
  Average time to call a signal handler:      1876 nsec
  Average time to return to a normal context: 839 nsec

[rank 12]
  # of preemption:                            1000
  Average interval time of preemption:        998955 nsec
  Average time to call a signal handler:      1889 nsec
  Average time to return to a normal context: 816 nsec

[rank 13]
  # of preemption:                            1000
  Average interval time of preemption:        998027 nsec
  Average time to call a signal handler:      1931 nsec
  Average time to return to a normal context: 865 nsec

[Total]
  # of preemption:                            14000
  Average interval time of preemption:        998496 nsec
  Average time to call a signal handler:      2010 nsec
  Average time to return to a normal context: 819 nsec

