=============================================================
# of threads:                    14
# of timers:                     14
# of preemption for each thread: 1000
Interval time of preemption:     1000000 nsec
Managed timer:                   true
Sync timer:                      false
Chain wake-up:                   false
Thread timer:                    false
Use timerfd:                     false
=============================================================

[rank 0]
  # of preemption:                            1000
  Average interval time of preemption:        999256 nsec
  Average time to call a signal handler:      3600 nsec
  Average time to return to a normal context: 840 nsec

[rank 1]
  # of preemption:                            1000
  Average interval time of preemption:        998343 nsec
  Average time to call a signal handler:      1913 nsec
  Average time to return to a normal context: 808 nsec

[rank 2]
  # of preemption:                            1000
  Average interval time of preemption:        998404 nsec
  Average time to call a signal handler:      1949 nsec
  Average time to return to a normal context: 802 nsec

[rank 3]
  # of preemption:                            1000
  Average interval time of preemption:        998488 nsec
  Average time to call a signal handler:      1928 nsec
  Average time to return to a normal context: 832 nsec

[rank 4]
  # of preemption:                            1000
  Average interval time of preemption:        998555 nsec
  Average time to call a signal handler:      1958 nsec
  Average time to return to a normal context: 821 nsec

[rank 5]
  # of preemption:                            1000
  Average interval time of preemption:        998625 nsec
  Average time to call a signal handler:      1956 nsec
  Average time to return to a normal context: 843 nsec

[rank 6]
  # of preemption:                            1000
  Average interval time of preemption:        998694 nsec
  Average time to call a signal handler:      1970 nsec
  Average time to return to a normal context: 843 nsec

[rank 7]
  # of preemption:                            1000
  Average interval time of preemption:        998762 nsec
  Average time to call a signal handler:      1939 nsec
  Average time to return to a normal context: 847 nsec

[rank 8]
  # of preemption:                            1000
  Average interval time of preemption:        998828 nsec
  Average time to call a signal handler:      1963 nsec
  Average time to return to a normal context: 794 nsec

[rank 9]
  # of preemption:                            1000
  Average interval time of preemption:        998903 nsec
  Average time to call a signal handler:      1934 nsec
  Average time to return to a normal context: 819 nsec

[rank 10]
  # of preemption:                            1000
  Average interval time of preemption:        998974 nsec
  Average time to call a signal handler:      1933 nsec
  Average time to return to a normal context: 821 nsec

[rank 11]
  # of preemption:                            1000
  Average interval time of preemption:        998041 nsec
  Average time to call a signal handler:      1850 nsec
  Average time to return to a normal context: 819 nsec

[rank 12]
  # of preemption:                            1000
  Average interval time of preemption:        998114 nsec
  Average time to call a signal handler:      1877 nsec
  Average time to return to a normal context: 822 nsec

[rank 13]
  # of preemption:                            1000
  Average interval time of preemption:        998183 nsec
  Average time to call a signal handler:      1878 nsec
  Average time to return to a normal context: 852 nsec

[Total]
  # of preemption:                            14000
  Average interval time of preemption:        998583 nsec
  Average time to call a signal handler:      2046 nsec
  Average time to return to a normal context: 825 nsec

