=============================================================
# of threads:                    28
# of timers:                     28
# of preemption for each thread: 1000
Interval time of preemption:     1000000 nsec
Managed timer:                   true
Sync timer:                      false
Chain wake-up:                   false
Thread timer:                    false
Use timerfd:                     false
=============================================================

[rank 0]
  # of preemption:                            1000
  Average interval time of preemption:        998855 nsec
  Average time to call a signal handler:      3368 nsec
  Average time to return to a normal context: 814 nsec

[rank 1]
  # of preemption:                            1000
  Average interval time of preemption:        998932 nsec
  Average time to call a signal handler:      1880 nsec
  Average time to return to a normal context: 817 nsec

[rank 2]
  # of preemption:                            1000
  Average interval time of preemption:        998950 nsec
  Average time to call a signal handler:      1902 nsec
  Average time to return to a normal context: 806 nsec

[rank 3]
  # of preemption:                            1000
  Average interval time of preemption:        998005 nsec
  Average time to call a signal handler:      1876 nsec
  Average time to return to a normal context: 786 nsec

[rank 4]
  # of preemption:                            1000
  Average interval time of preemption:        998037 nsec
  Average time to call a signal handler:      1904 nsec
  Average time to return to a normal context: 790 nsec

[rank 5]
  # of preemption:                            1000
  Average interval time of preemption:        998066 nsec
  Average time to call a signal handler:      1920 nsec
  Average time to return to a normal context: 804 nsec

[rank 6]
  # of preemption:                            1000
  Average interval time of preemption:        998093 nsec
  Average time to call a signal handler:      1955 nsec
  Average time to return to a normal context: 826 nsec

[rank 7]
  # of preemption:                            1000
  Average interval time of preemption:        998144 nsec
  Average time to call a signal handler:      1915 nsec
  Average time to return to a normal context: 832 nsec

[rank 8]
  # of preemption:                            1000
  Average interval time of preemption:        998170 nsec
  Average time to call a signal handler:      1938 nsec
  Average time to return to a normal context: 823 nsec

[rank 9]
  # of preemption:                            1000
  Average interval time of preemption:        998196 nsec
  Average time to call a signal handler:      1951 nsec
  Average time to return to a normal context: 828 nsec

[rank 10]
  # of preemption:                            1000
  Average interval time of preemption:        998226 nsec
  Average time to call a signal handler:      1915 nsec
  Average time to return to a normal context: 825 nsec

[rank 11]
  # of preemption:                            1000
  Average interval time of preemption:        998260 nsec
  Average time to call a signal handler:      1925 nsec
  Average time to return to a normal context: 811 nsec

[rank 12]
  # of preemption:                            1000
  Average interval time of preemption:        998301 nsec
  Average time to call a signal handler:      1946 nsec
  Average time to return to a normal context: 845 nsec

[rank 13]
  # of preemption:                            1000
  Average interval time of preemption:        998332 nsec
  Average time to call a signal handler:      6613 nsec
  Average time to return to a normal context: 830 nsec

[rank 14]
  # of preemption:                            1000
  Average interval time of preemption:        998359 nsec
  Average time to call a signal handler:      1884 nsec
  Average time to return to a normal context: 806 nsec

[rank 15]
  # of preemption:                            1000
  Average interval time of preemption:        998396 nsec
  Average time to call a signal handler:      2006 nsec
  Average time to return to a normal context: 804 nsec

[rank 16]
  # of preemption:                            1000
  Average interval time of preemption:        998428 nsec
  Average time to call a signal handler:      1923 nsec
  Average time to return to a normal context: 804 nsec

[rank 17]
  # of preemption:                            1000
  Average interval time of preemption:        998465 nsec
  Average time to call a signal handler:      1907 nsec
  Average time to return to a normal context: 816 nsec

[rank 18]
  # of preemption:                            1000
  Average interval time of preemption:        998505 nsec
  Average time to call a signal handler:      1878 nsec
  Average time to return to a normal context: 818 nsec

[rank 19]
  # of preemption:                            1000
  Average interval time of preemption:        998535 nsec
  Average time to call a signal handler:      1921 nsec
  Average time to return to a normal context: 822 nsec

[rank 20]
  # of preemption:                            1000
  Average interval time of preemption:        998570 nsec
  Average time to call a signal handler:      1918 nsec
  Average time to return to a normal context: 844 nsec

[rank 21]
  # of preemption:                            1000
  Average interval time of preemption:        998603 nsec
  Average time to call a signal handler:      1871 nsec
  Average time to return to a normal context: 800 nsec

[rank 22]
  # of preemption:                            1000
  Average interval time of preemption:        998641 nsec
  Average time to call a signal handler:      1865 nsec
  Average time to return to a normal context: 783 nsec

[rank 23]
  # of preemption:                            1000
  Average interval time of preemption:        998675 nsec
  Average time to call a signal handler:      1910 nsec
  Average time to return to a normal context: 805 nsec

[rank 24]
  # of preemption:                            1000
  Average interval time of preemption:        998709 nsec
  Average time to call a signal handler:      1935 nsec
  Average time to return to a normal context: 803 nsec

[rank 25]
  # of preemption:                            1000
  Average interval time of preemption:        998747 nsec
  Average time to call a signal handler:      1930 nsec
  Average time to return to a normal context: 830 nsec

[rank 26]
  # of preemption:                            1000
  Average interval time of preemption:        998780 nsec
  Average time to call a signal handler:      1929 nsec
  Average time to return to a normal context: 818 nsec

[rank 27]
  # of preemption:                            1000
  Average interval time of preemption:        998818 nsec
  Average time to call a signal handler:      1944 nsec
  Average time to return to a normal context: 778 nsec

[Total]
  # of preemption:                            28000
  Average interval time of preemption:        998457 nsec
  Average time to call a signal handler:      2136 nsec
  Average time to return to a normal context: 813 nsec

