=============================================================
# of threads:                    28
# of timers:                     28
# of preemption for each thread: 1000
Interval time of preemption:     1000000 nsec
Managed timer:                   true
Sync timer:                      false
Chain wake-up:                   false
Thread timer:                    false
Use timerfd:                     false
=============================================================

[rank 0]
  # of preemption:                            1000
  Average interval time of preemption:        998176 nsec
  Average time to call a signal handler:      3354 nsec
  Average time to return to a normal context: 792 nsec

[rank 1]
  # of preemption:                            1000
  Average interval time of preemption:        998256 nsec
  Average time to call a signal handler:      1938 nsec
  Average time to return to a normal context: 821 nsec

[rank 2]
  # of preemption:                            1000
  Average interval time of preemption:        998289 nsec
  Average time to call a signal handler:      1931 nsec
  Average time to return to a normal context: 831 nsec

[rank 3]
  # of preemption:                            1000
  Average interval time of preemption:        998327 nsec
  Average time to call a signal handler:      1923 nsec
  Average time to return to a normal context: 812 nsec

[rank 4]
  # of preemption:                            1000
  Average interval time of preemption:        998361 nsec
  Average time to call a signal handler:      1902 nsec
  Average time to return to a normal context: 788 nsec

[rank 5]
  # of preemption:                            1000
  Average interval time of preemption:        998391 nsec
  Average time to call a signal handler:      1926 nsec
  Average time to return to a normal context: 799 nsec

[rank 6]
  # of preemption:                            1000
  Average interval time of preemption:        998416 nsec
  Average time to call a signal handler:      1922 nsec
  Average time to return to a normal context: 807 nsec

[rank 7]
  # of preemption:                            1000
  Average interval time of preemption:        998449 nsec
  Average time to call a signal handler:      1914 nsec
  Average time to return to a normal context: 835 nsec

[rank 8]
  # of preemption:                            1000
  Average interval time of preemption:        998497 nsec
  Average time to call a signal handler:      6480 nsec
  Average time to return to a normal context: 813 nsec

[rank 9]
  # of preemption:                            1000
  Average interval time of preemption:        998517 nsec
  Average time to call a signal handler:      1867 nsec
  Average time to return to a normal context: 795 nsec

[rank 10]
  # of preemption:                            1000
  Average interval time of preemption:        998550 nsec
  Average time to call a signal handler:      2203 nsec
  Average time to return to a normal context: 774 nsec

[rank 11]
  # of preemption:                            1000
  Average interval time of preemption:        998584 nsec
  Average time to call a signal handler:      1971 nsec
  Average time to return to a normal context: 799 nsec

[rank 12]
  # of preemption:                            1000
  Average interval time of preemption:        998616 nsec
  Average time to call a signal handler:      1926 nsec
  Average time to return to a normal context: 801 nsec

[rank 13]
  # of preemption:                            1000
  Average interval time of preemption:        998649 nsec
  Average time to call a signal handler:      1923 nsec
  Average time to return to a normal context: 827 nsec

[rank 14]
  # of preemption:                            1000
  Average interval time of preemption:        998688 nsec
  Average time to call a signal handler:      1931 nsec
  Average time to return to a normal context: 815 nsec

[rank 15]
  # of preemption:                            1000
  Average interval time of preemption:        998717 nsec
  Average time to call a signal handler:      1950 nsec
  Average time to return to a normal context: 793 nsec

[rank 16]
  # of preemption:                            1000
  Average interval time of preemption:        998756 nsec
  Average time to call a signal handler:      1946 nsec
  Average time to return to a normal context: 786 nsec

[rank 17]
  # of preemption:                            1000
  Average interval time of preemption:        998793 nsec
  Average time to call a signal handler:      1890 nsec
  Average time to return to a normal context: 811 nsec

[rank 18]
  # of preemption:                            1000
  Average interval time of preemption:        998824 nsec
  Average time to call a signal handler:      1911 nsec
  Average time to return to a normal context: 796 nsec

[rank 19]
  # of preemption:                            1000
  Average interval time of preemption:        998859 nsec
  Average time to call a signal handler:      1934 nsec
  Average time to return to a normal context: 801 nsec

[rank 20]
  # of preemption:                            1000
  Average interval time of preemption:        998894 nsec
  Average time to call a signal handler:      1904 nsec
  Average time to return to a normal context: 802 nsec

[rank 21]
  # of preemption:                            1000
  Average interval time of preemption:        998928 nsec
  Average time to call a signal handler:      1904 nsec
  Average time to return to a normal context: 800 nsec

[rank 22]
  # of preemption:                            1000
  Average interval time of preemption:        998965 nsec
  Average time to call a signal handler:      1945 nsec
  Average time to return to a normal context: 788 nsec

[rank 23]
  # of preemption:                            1000
  Average interval time of preemption:        997996 nsec
  Average time to call a signal handler:      1954 nsec
  Average time to return to a normal context: 789 nsec

[rank 24]
  # of preemption:                            1000
  Average interval time of preemption:        998035 nsec
  Average time to call a signal handler:      1931 nsec
  Average time to return to a normal context: 788 nsec

[rank 25]
  # of preemption:                            1000
  Average interval time of preemption:        998070 nsec
  Average time to call a signal handler:      1918 nsec
  Average time to return to a normal context: 821 nsec

[rank 26]
  # of preemption:                            1000
  Average interval time of preemption:        998105 nsec
  Average time to call a signal handler:      1918 nsec
  Average time to return to a normal context: 821 nsec

[rank 27]
  # of preemption:                            1000
  Average interval time of preemption:        998142 nsec
  Average time to call a signal handler:      1885 nsec
  Average time to return to a normal context: 790 nsec

[Total]
  # of preemption:                            28000
  Average interval time of preemption:        998494 nsec
  Average time to call a signal handler:      2146 nsec
  Average time to return to a normal context: 803 nsec

