=============================================================
# of threads:                    28
# of timers:                     28
# of preemption for each thread: 1000
Interval time of preemption:     1000000 nsec
Managed timer:                   true
Sync timer:                      false
Chain wake-up:                   false
Thread timer:                    false
Use timerfd:                     false
=============================================================

[rank 0]
  # of preemption:                            1000
  Average interval time of preemption:        999032 nsec
  Average time to call a signal handler:      3720 nsec
  Average time to return to a normal context: 832 nsec

[rank 1]
  # of preemption:                            1000
  Average interval time of preemption:        998113 nsec
  Average time to call a signal handler:      1962 nsec
  Average time to return to a normal context: 836 nsec

[rank 2]
  # of preemption:                            1000
  Average interval time of preemption:        998149 nsec
  Average time to call a signal handler:      1943 nsec
  Average time to return to a normal context: 823 nsec

[rank 3]
  # of preemption:                            1000
  Average interval time of preemption:        998185 nsec
  Average time to call a signal handler:      1931 nsec
  Average time to return to a normal context: 821 nsec

[rank 4]
  # of preemption:                            1000
  Average interval time of preemption:        998220 nsec
  Average time to call a signal handler:      1944 nsec
  Average time to return to a normal context: 805 nsec

[rank 5]
  # of preemption:                            1000
  Average interval time of preemption:        998255 nsec
  Average time to call a signal handler:      1924 nsec
  Average time to return to a normal context: 865 nsec

[rank 6]
  # of preemption:                            1000
  Average interval time of preemption:        998276 nsec
  Average time to call a signal handler:      1990 nsec
  Average time to return to a normal context: 847 nsec

[rank 7]
  # of preemption:                            1000
  Average interval time of preemption:        998303 nsec
  Average time to call a signal handler:      1928 nsec
  Average time to return to a normal context: 833 nsec

[rank 8]
  # of preemption:                            1000
  Average interval time of preemption:        998344 nsec
  Average time to call a signal handler:      1953 nsec
  Average time to return to a normal context: 836 nsec

[rank 9]
  # of preemption:                            1000
  Average interval time of preemption:        998373 nsec
  Average time to call a signal handler:      1971 nsec
  Average time to return to a normal context: 820 nsec

[rank 10]
  # of preemption:                            1000
  Average interval time of preemption:        998402 nsec
  Average time to call a signal handler:      1966 nsec
  Average time to return to a normal context: 811 nsec

[rank 11]
  # of preemption:                            1000
  Average interval time of preemption:        998443 nsec
  Average time to call a signal handler:      1960 nsec
  Average time to return to a normal context: 821 nsec

[rank 12]
  # of preemption:                            1000
  Average interval time of preemption:        998471 nsec
  Average time to call a signal handler:      1980 nsec
  Average time to return to a normal context: 795 nsec

[rank 13]
  # of preemption:                            1000
  Average interval time of preemption:        998505 nsec
  Average time to call a signal handler:      1967 nsec
  Average time to return to a normal context: 859 nsec

[rank 14]
  # of preemption:                            1000
  Average interval time of preemption:        998544 nsec
  Average time to call a signal handler:      1934 nsec
  Average time to return to a normal context: 812 nsec

[rank 15]
  # of preemption:                            1000
  Average interval time of preemption:        998574 nsec
  Average time to call a signal handler:      2002 nsec
  Average time to return to a normal context: 808 nsec

[rank 16]
  # of preemption:                            1000
  Average interval time of preemption:        998613 nsec
  Average time to call a signal handler:      2008 nsec
  Average time to return to a normal context: 805 nsec

[rank 17]
  # of preemption:                            1000
  Average interval time of preemption:        998644 nsec
  Average time to call a signal handler:      1962 nsec
  Average time to return to a normal context: 788 nsec

[rank 18]
  # of preemption:                            1000
  Average interval time of preemption:        998679 nsec
  Average time to call a signal handler:      1966 nsec
  Average time to return to a normal context: 800 nsec

[rank 19]
  # of preemption:                            1000
  Average interval time of preemption:        998718 nsec
  Average time to call a signal handler:      1969 nsec
  Average time to return to a normal context: 788 nsec

[rank 20]
  # of preemption:                            1000
  Average interval time of preemption:        998751 nsec
  Average time to call a signal handler:      1964 nsec
  Average time to return to a normal context: 782 nsec

[rank 21]
  # of preemption:                            1000
  Average interval time of preemption:        998786 nsec
  Average time to call a signal handler:      1942 nsec
  Average time to return to a normal context: 773 nsec

[rank 22]
  # of preemption:                            1000
  Average interval time of preemption:        998822 nsec
  Average time to call a signal handler:      1989 nsec
  Average time to return to a normal context: 773 nsec

[rank 23]
  # of preemption:                            1000
  Average interval time of preemption:        998856 nsec
  Average time to call a signal handler:      1978 nsec
  Average time to return to a normal context: 762 nsec

[rank 24]
  # of preemption:                            1000
  Average interval time of preemption:        998892 nsec
  Average time to call a signal handler:      1951 nsec
  Average time to return to a normal context: 769 nsec

[rank 25]
  # of preemption:                            1000
  Average interval time of preemption:        998926 nsec
  Average time to call a signal handler:      1969 nsec
  Average time to return to a normal context: 803 nsec

[rank 26]
  # of preemption:                            1000
  Average interval time of preemption:        998960 nsec
  Average time to call a signal handler:      1972 nsec
  Average time to return to a normal context: 772 nsec

[rank 27]
  # of preemption:                            1000
  Average interval time of preemption:        997992 nsec
  Average time to call a signal handler:      2199 nsec
  Average time to return to a normal context: 767 nsec

[Total]
  # of preemption:                            28000
  Average interval time of preemption:        998529 nsec
  Average time to call a signal handler:      2033 nsec
  Average time to return to a normal context: 807 nsec

