=============================================================
# of threads:                    28
# of timers:                     28
# of preemption for each thread: 1000
Interval time of preemption:     1000000 nsec
Managed timer:                   true
Sync timer:                      false
Chain wake-up:                   false
Thread timer:                    false
Use timerfd:                     false
=============================================================

[rank 0]
  # of preemption:                            1000
  Average interval time of preemption:        999689 nsec
  Average time to call a signal handler:      3686 nsec
  Average time to return to a normal context: 816 nsec

[rank 1]
  # of preemption:                            1000
  Average interval time of preemption:        998772 nsec
  Average time to call a signal handler:      1933 nsec
  Average time to return to a normal context: 852 nsec

[rank 2]
  # of preemption:                            1000
  Average interval time of preemption:        998791 nsec
  Average time to call a signal handler:      1951 nsec
  Average time to return to a normal context: 869 nsec

[rank 3]
  # of preemption:                            1000
  Average interval time of preemption:        998837 nsec
  Average time to call a signal handler:      1948 nsec
  Average time to return to a normal context: 831 nsec

[rank 4]
  # of preemption:                            1000
  Average interval time of preemption:        998879 nsec
  Average time to call a signal handler:      1925 nsec
  Average time to return to a normal context: 820 nsec

[rank 5]
  # of preemption:                            1000
  Average interval time of preemption:        998890 nsec
  Average time to call a signal handler:      1945 nsec
  Average time to return to a normal context: 809 nsec

[rank 6]
  # of preemption:                            1000
  Average interval time of preemption:        998947 nsec
  Average time to call a signal handler:      1934 nsec
  Average time to return to a normal context: 812 nsec

[rank 7]
  # of preemption:                            1000
  Average interval time of preemption:        998987 nsec
  Average time to call a signal handler:      1962 nsec
  Average time to return to a normal context: 841 nsec

[rank 8]
  # of preemption:                            1000
  Average interval time of preemption:        998009 nsec
  Average time to call a signal handler:      1957 nsec
  Average time to return to a normal context: 828 nsec

[rank 9]
  # of preemption:                            1000
  Average interval time of preemption:        998036 nsec
  Average time to call a signal handler:      1973 nsec
  Average time to return to a normal context: 819 nsec

[rank 10]
  # of preemption:                            1000
  Average interval time of preemption:        998058 nsec
  Average time to call a signal handler:      1970 nsec
  Average time to return to a normal context: 811 nsec

[rank 11]
  # of preemption:                            1000
  Average interval time of preemption:        998097 nsec
  Average time to call a signal handler:      1944 nsec
  Average time to return to a normal context: 838 nsec

[rank 12]
  # of preemption:                            1000
  Average interval time of preemption:        998139 nsec
  Average time to call a signal handler:      1953 nsec
  Average time to return to a normal context: 833 nsec

[rank 13]
  # of preemption:                            1000
  Average interval time of preemption:        998167 nsec
  Average time to call a signal handler:      2022 nsec
  Average time to return to a normal context: 855 nsec

[rank 14]
  # of preemption:                            1000
  Average interval time of preemption:        998204 nsec
  Average time to call a signal handler:      1861 nsec
  Average time to return to a normal context: 815 nsec

[rank 15]
  # of preemption:                            1000
  Average interval time of preemption:        998232 nsec
  Average time to call a signal handler:      2117 nsec
  Average time to return to a normal context: 923 nsec

[rank 16]
  # of preemption:                            1000
  Average interval time of preemption:        998268 nsec
  Average time to call a signal handler:      2045 nsec
  Average time to return to a normal context: 888 nsec

[rank 17]
  # of preemption:                            1000
  Average interval time of preemption:        998306 nsec
  Average time to call a signal handler:      1977 nsec
  Average time to return to a normal context: 848 nsec

[rank 18]
  # of preemption:                            1000
  Average interval time of preemption:        998340 nsec
  Average time to call a signal handler:      1879 nsec
  Average time to return to a normal context: 839 nsec

[rank 19]
  # of preemption:                            1000
  Average interval time of preemption:        998373 nsec
  Average time to call a signal handler:      1916 nsec
  Average time to return to a normal context: 821 nsec

[rank 20]
  # of preemption:                            1000
  Average interval time of preemption:        998407 nsec
  Average time to call a signal handler:      1930 nsec
  Average time to return to a normal context: 825 nsec

[rank 21]
  # of preemption:                            1000
  Average interval time of preemption:        998443 nsec
  Average time to call a signal handler:      1950 nsec
  Average time to return to a normal context: 809 nsec

[rank 22]
  # of preemption:                            1000
  Average interval time of preemption:        998481 nsec
  Average time to call a signal handler:      1931 nsec
  Average time to return to a normal context: 783 nsec

[rank 23]
  # of preemption:                            1000
  Average interval time of preemption:        998515 nsec
  Average time to call a signal handler:      1938 nsec
  Average time to return to a normal context: 820 nsec

[rank 24]
  # of preemption:                            1000
  Average interval time of preemption:        998549 nsec
  Average time to call a signal handler:      1927 nsec
  Average time to return to a normal context: 794 nsec

[rank 25]
  # of preemption:                            1000
  Average interval time of preemption:        998584 nsec
  Average time to call a signal handler:      1965 nsec
  Average time to return to a normal context: 827 nsec

[rank 26]
  # of preemption:                            1000
  Average interval time of preemption:        998620 nsec
  Average time to call a signal handler:      1909 nsec
  Average time to return to a normal context: 811 nsec

[rank 27]
  # of preemption:                            1000
  Average interval time of preemption:        998655 nsec
  Average time to call a signal handler:      1958 nsec
  Average time to return to a normal context: 787 nsec

[Total]
  # of preemption:                            28000
  Average interval time of preemption:        998509 nsec
  Average time to call a signal handler:      2014 nsec
  Average time to return to a normal context: 829 nsec

