=============================================================
# of threads:                    28
# of timers:                     28
# of preemption for each thread: 1000
Interval time of preemption:     1000000 nsec
Managed timer:                   true
Sync timer:                      false
Chain wake-up:                   false
Thread timer:                    false
Use timerfd:                     false
=============================================================

[rank 0]
  # of preemption:                            1000
  Average interval time of preemption:        999338 nsec
  Average time to call a signal handler:      3762 nsec
  Average time to return to a normal context: 822 nsec

[rank 1]
  # of preemption:                            1000
  Average interval time of preemption:        998415 nsec
  Average time to call a signal handler:      1898 nsec
  Average time to return to a normal context: 851 nsec

[rank 2]
  # of preemption:                            1000
  Average interval time of preemption:        998443 nsec
  Average time to call a signal handler:      1916 nsec
  Average time to return to a normal context: 830 nsec

[rank 3]
  # of preemption:                            1000
  Average interval time of preemption:        998488 nsec
  Average time to call a signal handler:      1912 nsec
  Average time to return to a normal context: 821 nsec

[rank 4]
  # of preemption:                            1000
  Average interval time of preemption:        998520 nsec
  Average time to call a signal handler:      1902 nsec
  Average time to return to a normal context: 844 nsec

[rank 5]
  # of preemption:                            1000
  Average interval time of preemption:        998554 nsec
  Average time to call a signal handler:      1968 nsec
  Average time to return to a normal context: 824 nsec

[rank 6]
  # of preemption:                            1000
  Average interval time of preemption:        998574 nsec
  Average time to call a signal handler:      1925 nsec
  Average time to return to a normal context: 816 nsec

[rank 7]
  # of preemption:                            1000
  Average interval time of preemption:        998614 nsec
  Average time to call a signal handler:      1954 nsec
  Average time to return to a normal context: 821 nsec

[rank 8]
  # of preemption:                            1000
  Average interval time of preemption:        998643 nsec
  Average time to call a signal handler:      1956 nsec
  Average time to return to a normal context: 799 nsec

[rank 9]
  # of preemption:                            1000
  Average interval time of preemption:        998690 nsec
  Average time to call a signal handler:      1947 nsec
  Average time to return to a normal context: 812 nsec

[rank 10]
  # of preemption:                            1000
  Average interval time of preemption:        998710 nsec
  Average time to call a signal handler:      1964 nsec
  Average time to return to a normal context: 813 nsec

[rank 11]
  # of preemption:                            1000
  Average interval time of preemption:        998748 nsec
  Average time to call a signal handler:      1974 nsec
  Average time to return to a normal context: 797 nsec

[rank 12]
  # of preemption:                            1000
  Average interval time of preemption:        998780 nsec
  Average time to call a signal handler:      1966 nsec
  Average time to return to a normal context: 815 nsec

[rank 13]
  # of preemption:                            1000
  Average interval time of preemption:        998809 nsec
  Average time to call a signal handler:      1928 nsec
  Average time to return to a normal context: 830 nsec

[rank 14]
  # of preemption:                            1000
  Average interval time of preemption:        998851 nsec
  Average time to call a signal handler:      1939 nsec
  Average time to return to a normal context: 815 nsec

[rank 15]
  # of preemption:                            1000
  Average interval time of preemption:        998881 nsec
  Average time to call a signal handler:      1959 nsec
  Average time to return to a normal context: 826 nsec

[rank 16]
  # of preemption:                            1000
  Average interval time of preemption:        998920 nsec
  Average time to call a signal handler:      1982 nsec
  Average time to return to a normal context: 827 nsec

[rank 17]
  # of preemption:                            1000
  Average interval time of preemption:        998955 nsec
  Average time to call a signal handler:      1979 nsec
  Average time to return to a normal context: 813 nsec

[rank 18]
  # of preemption:                            1000
  Average interval time of preemption:        998986 nsec
  Average time to call a signal handler:      1959 nsec
  Average time to return to a normal context: 806 nsec

[rank 19]
  # of preemption:                            1000
  Average interval time of preemption:        998021 nsec
  Average time to call a signal handler:      1948 nsec
  Average time to return to a normal context: 850 nsec

[rank 20]
  # of preemption:                            1000
  Average interval time of preemption:        998058 nsec
  Average time to call a signal handler:      1981 nsec
  Average time to return to a normal context: 834 nsec

[rank 21]
  # of preemption:                            1000
  Average interval time of preemption:        998092 nsec
  Average time to call a signal handler:      1975 nsec
  Average time to return to a normal context: 829 nsec

[rank 22]
  # of preemption:                            1000
  Average interval time of preemption:        998129 nsec
  Average time to call a signal handler:      1903 nsec
  Average time to return to a normal context: 812 nsec

[rank 23]
  # of preemption:                            1000
  Average interval time of preemption:        998166 nsec
  Average time to call a signal handler:      1952 nsec
  Average time to return to a normal context: 797 nsec

[rank 24]
  # of preemption:                            1000
  Average interval time of preemption:        998201 nsec
  Average time to call a signal handler:      1941 nsec
  Average time to return to a normal context: 825 nsec

[rank 25]
  # of preemption:                            1000
  Average interval time of preemption:        998234 nsec
  Average time to call a signal handler:      1991 nsec
  Average time to return to a normal context: 801 nsec

[rank 26]
  # of preemption:                            1000
  Average interval time of preemption:        998272 nsec
  Average time to call a signal handler:      5735 nsec
  Average time to return to a normal context: 798 nsec

[rank 27]
  # of preemption:                            1000
  Average interval time of preemption:        998304 nsec
  Average time to call a signal handler:      1904 nsec
  Average time to return to a normal context: 785 nsec

[Total]
  # of preemption:                            28000
  Average interval time of preemption:        998549 nsec
  Average time to call a signal handler:      2147 nsec
  Average time to return to a normal context: 818 nsec

