=============================================================
# of threads:                    2
# of timers:                     2
# of preemption for each thread: 1000
Interval time of preemption:     1000000 nsec
Managed timer:                   true
Sync timer:                      false
Chain wake-up:                   false
Thread timer:                    false
Use timerfd:                     false
=============================================================

[rank 0]
  # of preemption:                            1000
  Average interval time of preemption:        998114 nsec
  Average time to call a signal handler:      1897 nsec
  Average time to return to a normal context: 727 nsec

[rank 1]
  # of preemption:                            1000
  Average interval time of preemption:        998612 nsec
  Average time to call a signal handler:      1897 nsec
  Average time to return to a normal context: 690 nsec

[Total]
  # of preemption:                            2000
  Average interval time of preemption:        998363 nsec
  Average time to call a signal handler:      1897 nsec
  Average time to return to a normal context: 708 nsec

