=============================================================
# of threads:                    2
# of timers:                     2
# of preemption for each thread: 1000
Interval time of preemption:     1000000 nsec
Managed timer:                   true
Sync timer:                      false
Chain wake-up:                   false
Thread timer:                    false
Use timerfd:                     false
=============================================================

[rank 0]
  # of preemption:                            1000
  Average interval time of preemption:        998304 nsec
  Average time to call a signal handler:      2041 nsec
  Average time to return to a normal context: 840 nsec

[rank 1]
  # of preemption:                            1000
  Average interval time of preemption:        998804 nsec
  Average time to call a signal handler:      1874 nsec
  Average time to return to a normal context: 706 nsec

[Total]
  # of preemption:                            2000
  Average interval time of preemption:        998554 nsec
  Average time to call a signal handler:      1957 nsec
  Average time to return to a normal context: 773 nsec

