=============================================================
# of threads:                    2
# of timers:                     2
# of preemption for each thread: 1000
Interval time of preemption:     1000000 nsec
Managed timer:                   true
Sync timer:                      false
Chain wake-up:                   false
Thread timer:                    false
Use timerfd:                     false
=============================================================

[rank 0]
  # of preemption:                            1000
  Average interval time of preemption:        998895 nsec
  Average time to call a signal handler:      1889 nsec
  Average time to return to a normal context: 760 nsec

[rank 1]
  # of preemption:                            1000
  Average interval time of preemption:        998394 nsec
  Average time to call a signal handler:      1852 nsec
  Average time to return to a normal context: 685 nsec

[Total]
  # of preemption:                            2000
  Average interval time of preemption:        998644 nsec
  Average time to call a signal handler:      1870 nsec
  Average time to return to a normal context: 722 nsec

