=============================================================
# of threads:                    2
# of timers:                     2
# of preemption for each thread: 1000
Interval time of preemption:     1000000 nsec
Managed timer:                   true
Sync timer:                      false
Chain wake-up:                   false
Thread timer:                    false
Use timerfd:                     false
=============================================================

[rank 0]
  # of preemption:                            1000
  Average interval time of preemption:        998108 nsec
  Average time to call a signal handler:      1878 nsec
  Average time to return to a normal context: 839 nsec

[rank 1]
  # of preemption:                            1000
  Average interval time of preemption:        998607 nsec
  Average time to call a signal handler:      1867 nsec
  Average time to return to a normal context: 694 nsec

[Total]
  # of preemption:                            2000
  Average interval time of preemption:        998357 nsec
  Average time to call a signal handler:      1872 nsec
  Average time to return to a normal context: 766 nsec

