=============================================================
# of threads:                    2
# of timers:                     2
# of preemption for each thread: 1000
Interval time of preemption:     1000000 nsec
Managed timer:                   true
Sync timer:                      false
Chain wake-up:                   false
Thread timer:                    false
Use timerfd:                     false
=============================================================

[rank 0]
  # of preemption:                            1000
  Average interval time of preemption:        998475 nsec
  Average time to call a signal handler:      1884 nsec
  Average time to return to a normal context: 775 nsec

[rank 1]
  # of preemption:                            1000
  Average interval time of preemption:        998980 nsec
  Average time to call a signal handler:      3304 nsec
  Average time to return to a normal context: 738 nsec

[Total]
  # of preemption:                            2000
  Average interval time of preemption:        998727 nsec
  Average time to call a signal handler:      2594 nsec
  Average time to return to a normal context: 756 nsec

