=============================================================
# of threads:                    4
# of timers:                     4
# of preemption for each thread: 1000
Interval time of preemption:     1000000 nsec
Managed timer:                   true
Sync timer:                      false
Chain wake-up:                   false
Thread timer:                    false
Use timerfd:                     false
=============================================================

[rank 0]
  # of preemption:                            1000
  Average interval time of preemption:        998006 nsec
  Average time to call a signal handler:      1969 nsec
  Average time to return to a normal context: 962 nsec

[rank 1]
  # of preemption:                            1000
  Average interval time of preemption:        998255 nsec
  Average time to call a signal handler:      1963 nsec
  Average time to return to a normal context: 983 nsec

[rank 2]
  # of preemption:                            1000
  Average interval time of preemption:        998503 nsec
  Average time to call a signal handler:      1876 nsec
  Average time to return to a normal context: 971 nsec

[rank 3]
  # of preemption:                            1000
  Average interval time of preemption:        998754 nsec
  Average time to call a signal handler:      1860 nsec
  Average time to return to a normal context: 988 nsec

[Total]
  # of preemption:                            4000
  Average interval time of preemption:        998379 nsec
  Average time to call a signal handler:      1917 nsec
  Average time to return to a normal context: 976 nsec

