=============================================================
# of threads:                    4
# of timers:                     4
# of preemption for each thread: 1000
Interval time of preemption:     1000000 nsec
Managed timer:                   true
Sync timer:                      false
Chain wake-up:                   false
Thread timer:                    false
Use timerfd:                     false
=============================================================

[rank 0]
  # of preemption:                            1000
  Average interval time of preemption:        998812 nsec
  Average time to call a signal handler:      2575 nsec
  Average time to return to a normal context: 935 nsec

[rank 1]
  # of preemption:                            1000
  Average interval time of preemption:        998063 nsec
  Average time to call a signal handler:      1839 nsec
  Average time to return to a normal context: 953 nsec

[rank 2]
  # of preemption:                            1000
  Average interval time of preemption:        998317 nsec
  Average time to call a signal handler:      1893 nsec
  Average time to return to a normal context: 959 nsec

[rank 3]
  # of preemption:                            1000
  Average interval time of preemption:        998563 nsec
  Average time to call a signal handler:      1910 nsec
  Average time to return to a normal context: 944 nsec

[Total]
  # of preemption:                            4000
  Average interval time of preemption:        998438 nsec
  Average time to call a signal handler:      2054 nsec
  Average time to return to a normal context: 947 nsec

