=============================================================
# of threads:                    56
# of timers:                     56
# of preemption for each thread: 1000
Interval time of preemption:     1000000 nsec
Managed timer:                   true
Sync timer:                      false
Chain wake-up:                   false
Thread timer:                    false
Use timerfd:                     false
=============================================================

[rank 0]
  # of preemption:                            1000
  Average interval time of preemption:        1002874 nsec
  Average time to call a signal handler:      7120 nsec
  Average time to return to a normal context: 864 nsec

[rank 1]
  # of preemption:                            1000
  Average interval time of preemption:        998884 nsec
  Average time to call a signal handler:      1951 nsec
  Average time to return to a normal context: 810 nsec

[rank 2]
  # of preemption:                            1000
  Average interval time of preemption:        998034 nsec
  Average time to call a signal handler:      1998 nsec
  Average time to return to a normal context: 764 nsec

[rank 3]
  # of preemption:                            1000
  Average interval time of preemption:        998908 nsec
  Average time to call a signal handler:      1997 nsec
  Average time to return to a normal context: 742 nsec

[rank 4]
  # of preemption:                            1000
  Average interval time of preemption:        998047 nsec
  Average time to call a signal handler:      1966 nsec
  Average time to return to a normal context: 769 nsec

[rank 5]
  # of preemption:                            1000
  Average interval time of preemption:        998944 nsec
  Average time to call a signal handler:      1916 nsec
  Average time to return to a normal context: 763 nsec

[rank 6]
  # of preemption:                            1000
  Average interval time of preemption:        998959 nsec
  Average time to call a signal handler:      1907 nsec
  Average time to return to a normal context: 731 nsec

[rank 7]
  # of preemption:                            1000
  Average interval time of preemption:        998100 nsec
  Average time to call a signal handler:      1921 nsec
  Average time to return to a normal context: 853 nsec

[rank 8]
  # of preemption:                            1000
  Average interval time of preemption:        998108 nsec
  Average time to call a signal handler:      1883 nsec
  Average time to return to a normal context: 853 nsec

[rank 9]
  # of preemption:                            1000
  Average interval time of preemption:        998127 nsec
  Average time to call a signal handler:      1899 nsec
  Average time to return to a normal context: 851 nsec

[rank 10]
  # of preemption:                            1000
  Average interval time of preemption:        998138 nsec
  Average time to call a signal handler:      1953 nsec
  Average time to return to a normal context: 815 nsec

[rank 11]
  # of preemption:                            1000
  Average interval time of preemption:        998153 nsec
  Average time to call a signal handler:      1909 nsec
  Average time to return to a normal context: 837 nsec

[rank 12]
  # of preemption:                            1000
  Average interval time of preemption:        998163 nsec
  Average time to call a signal handler:      1941 nsec
  Average time to return to a normal context: 822 nsec

[rank 13]
  # of preemption:                            1000
  Average interval time of preemption:        998161 nsec
  Average time to call a signal handler:      2000 nsec
  Average time to return to a normal context: 881 nsec

[rank 14]
  # of preemption:                            1000
  Average interval time of preemption:        998177 nsec
  Average time to call a signal handler:      1994 nsec
  Average time to return to a normal context: 840 nsec

[rank 15]
  # of preemption:                            1000
  Average interval time of preemption:        998203 nsec
  Average time to call a signal handler:      1873 nsec
  Average time to return to a normal context: 841 nsec

[rank 16]
  # of preemption:                            1000
  Average interval time of preemption:        998215 nsec
  Average time to call a signal handler:      1957 nsec
  Average time to return to a normal context: 823 nsec

[rank 17]
  # of preemption:                            1000
  Average interval time of preemption:        998249 nsec
  Average time to call a signal handler:      1953 nsec
  Average time to return to a normal context: 848 nsec

[rank 18]
  # of preemption:                            1000
  Average interval time of preemption:        998240 nsec
  Average time to call a signal handler:      1968 nsec
  Average time to return to a normal context: 833 nsec

[rank 19]
  # of preemption:                            1000
  Average interval time of preemption:        998267 nsec
  Average time to call a signal handler:      1989 nsec
  Average time to return to a normal context: 838 nsec

[rank 20]
  # of preemption:                            1000
  Average interval time of preemption:        998274 nsec
  Average time to call a signal handler:      2010 nsec
  Average time to return to a normal context: 848 nsec

[rank 21]
  # of preemption:                            1000
  Average interval time of preemption:        998290 nsec
  Average time to call a signal handler:      1899 nsec
  Average time to return to a normal context: 807 nsec

[rank 22]
  # of preemption:                            1000
  Average interval time of preemption:        998296 nsec
  Average time to call a signal handler:      1974 nsec
  Average time to return to a normal context: 805 nsec

[rank 23]
  # of preemption:                            1000
  Average interval time of preemption:        998312 nsec
  Average time to call a signal handler:      1995 nsec
  Average time to return to a normal context: 811 nsec

[rank 24]
  # of preemption:                            1000
  Average interval time of preemption:        998329 nsec
  Average time to call a signal handler:      2015 nsec
  Average time to return to a normal context: 818 nsec

[rank 25]
  # of preemption:                            1000
  Average interval time of preemption:        998342 nsec
  Average time to call a signal handler:      2009 nsec
  Average time to return to a normal context: 808 nsec

[rank 26]
  # of preemption:                            1000
  Average interval time of preemption:        998359 nsec
  Average time to call a signal handler:      1976 nsec
  Average time to return to a normal context: 780 nsec

[rank 27]
  # of preemption:                            1000
  Average interval time of preemption:        998367 nsec
  Average time to call a signal handler:      1920 nsec
  Average time to return to a normal context: 863 nsec

[rank 28]
  # of preemption:                            1000
  Average interval time of preemption:        998377 nsec
  Average time to call a signal handler:      2076 nsec
  Average time to return to a normal context: 1269 nsec

[rank 29]
  # of preemption:                            1000
  Average interval time of preemption:        998538 nsec
  Average time to call a signal handler:      12006 nsec
  Average time to return to a normal context: 843 nsec

[rank 30]
  # of preemption:                            1000
  Average interval time of preemption:        998391 nsec
  Average time to call a signal handler:      1861 nsec
  Average time to return to a normal context: 817 nsec

[rank 31]
  # of preemption:                            1000
  Average interval time of preemption:        998561 nsec
  Average time to call a signal handler:      1983 nsec
  Average time to return to a normal context: 812 nsec

[rank 32]
  # of preemption:                            1000
  Average interval time of preemption:        998583 nsec
  Average time to call a signal handler:      1884 nsec
  Average time to return to a normal context: 813 nsec

[rank 33]
  # of preemption:                            1000
  Average interval time of preemption:        998593 nsec
  Average time to call a signal handler:      2783 nsec
  Average time to return to a normal context: 864 nsec

[rank 34]
  # of preemption:                            1000
  Average interval time of preemption:        998488 nsec
  Average time to call a signal handler:      2780 nsec
  Average time to return to a normal context: 828 nsec

[rank 35]
  # of preemption:                            1000
  Average interval time of preemption:        998509 nsec
  Average time to call a signal handler:      1900 nsec
  Average time to return to a normal context: 829 nsec

[rank 36]
  # of preemption:                            1000
  Average interval time of preemption:        998522 nsec
  Average time to call a signal handler:      1941 nsec
  Average time to return to a normal context: 802 nsec

[rank 37]
  # of preemption:                            1000
  Average interval time of preemption:        998537 nsec
  Average time to call a signal handler:      1868 nsec
  Average time to return to a normal context: 809 nsec

[rank 38]
  # of preemption:                            1000
  Average interval time of preemption:        998556 nsec
  Average time to call a signal handler:      2001 nsec
  Average time to return to a normal context: 810 nsec

[rank 39]
  # of preemption:                            1000
  Average interval time of preemption:        998572 nsec
  Average time to call a signal handler:      1980 nsec
  Average time to return to a normal context: 792 nsec

[rank 40]
  # of preemption:                            1000
  Average interval time of preemption:        998588 nsec
  Average time to call a signal handler:      1903 nsec
  Average time to return to a normal context: 822 nsec

[rank 41]
  # of preemption:                            1000
  Average interval time of preemption:        998605 nsec
  Average time to call a signal handler:      2020 nsec
  Average time to return to a normal context: 804 nsec

[rank 42]
  # of preemption:                            1000
  Average interval time of preemption:        998622 nsec
  Average time to call a signal handler:      2000 nsec
  Average time to return to a normal context: 831 nsec

[rank 43]
  # of preemption:                            1000
  Average interval time of preemption:        998637 nsec
  Average time to call a signal handler:      1964 nsec
  Average time to return to a normal context: 818 nsec

[rank 44]
  # of preemption:                            1000
  Average interval time of preemption:        998655 nsec
  Average time to call a signal handler:      1892 nsec
  Average time to return to a normal context: 814 nsec

[rank 45]
  # of preemption:                            1000
  Average interval time of preemption:        998671 nsec
  Average time to call a signal handler:      1863 nsec
  Average time to return to a normal context: 795 nsec

[rank 46]
  # of preemption:                            1000
  Average interval time of preemption:        998689 nsec
  Average time to call a signal handler:      1905 nsec
  Average time to return to a normal context: 804 nsec

[rank 47]
  # of preemption:                            1000
  Average interval time of preemption:        998707 nsec
  Average time to call a signal handler:      1893 nsec
  Average time to return to a normal context: 791 nsec

[rank 48]
  # of preemption:                            1000
  Average interval time of preemption:        998721 nsec
  Average time to call a signal handler:      1903 nsec
  Average time to return to a normal context: 782 nsec

[rank 49]
  # of preemption:                            1000
  Average interval time of preemption:        998741 nsec
  Average time to call a signal handler:      1992 nsec
  Average time to return to a normal context: 820 nsec

[rank 50]
  # of preemption:                            1000
  Average interval time of preemption:        998758 nsec
  Average time to call a signal handler:      1965 nsec
  Average time to return to a normal context: 842 nsec

[rank 51]
  # of preemption:                            1000
  Average interval time of preemption:        998776 nsec
  Average time to call a signal handler:      1970 nsec
  Average time to return to a normal context: 823 nsec

[rank 52]
  # of preemption:                            1000
  Average interval time of preemption:        998791 nsec
  Average time to call a signal handler:      2083 nsec
  Average time to return to a normal context: 795 nsec

[rank 53]
  # of preemption:                            1000
  Average interval time of preemption:        998809 nsec
  Average time to call a signal handler:      2014 nsec
  Average time to return to a normal context: 801 nsec

[rank 54]
  # of preemption:                            1000
  Average interval time of preemption:        998826 nsec
  Average time to call a signal handler:      2005 nsec
  Average time to return to a normal context: 802 nsec

[rank 55]
  # of preemption:                            1000
  Average interval time of preemption:        998845 nsec
  Average time to call a signal handler:      2048 nsec
  Average time to return to a normal context: 779 nsec

[Total]
  # of preemption:                            56000
  Average interval time of preemption:        998556 nsec
  Average time to call a signal handler:      2256 nsec
  Average time to return to a normal context: 823 nsec

