=============================================================
# of threads:                    56
# of timers:                     56
# of preemption for each thread: 1000
Interval time of preemption:     1000000 nsec
Managed timer:                   true
Sync timer:                      false
Chain wake-up:                   false
Thread timer:                    false
Use timerfd:                     false
=============================================================

[rank 0]
  # of preemption:                            1000
  Average interval time of preemption:        1001171 nsec
  Average time to call a signal handler:      6822 nsec
  Average time to return to a normal context: 886 nsec

[rank 1]
  # of preemption:                            1000
  Average interval time of preemption:        998330 nsec
  Average time to call a signal handler:      1878 nsec
  Average time to return to a normal context: 825 nsec

[rank 2]
  # of preemption:                            1000
  Average interval time of preemption:        998211 nsec
  Average time to call a signal handler:      1882 nsec
  Average time to return to a normal context: 793 nsec

[rank 3]
  # of preemption:                            1000
  Average interval time of preemption:        998326 nsec
  Average time to call a signal handler:      1897 nsec
  Average time to return to a normal context: 810 nsec

[rank 4]
  # of preemption:                            1000
  Average interval time of preemption:        998361 nsec
  Average time to call a signal handler:      1867 nsec
  Average time to return to a normal context: 793 nsec

[rank 5]
  # of preemption:                            1000
  Average interval time of preemption:        998411 nsec
  Average time to call a signal handler:      1857 nsec
  Average time to return to a normal context: 807 nsec

[rank 6]
  # of preemption:                            1000
  Average interval time of preemption:        998363 nsec
  Average time to call a signal handler:      1884 nsec
  Average time to return to a normal context: 819 nsec

[rank 7]
  # of preemption:                            1000
  Average interval time of preemption:        998384 nsec
  Average time to call a signal handler:      1899 nsec
  Average time to return to a normal context: 855 nsec

[rank 8]
  # of preemption:                            1000
  Average interval time of preemption:        998371 nsec
  Average time to call a signal handler:      1874 nsec
  Average time to return to a normal context: 835 nsec

[rank 9]
  # of preemption:                            1000
  Average interval time of preemption:        998406 nsec
  Average time to call a signal handler:      11573 nsec
  Average time to return to a normal context: 849 nsec

[rank 10]
  # of preemption:                            1000
  Average interval time of preemption:        998407 nsec
  Average time to call a signal handler:      1940 nsec
  Average time to return to a normal context: 834 nsec

[rank 11]
  # of preemption:                            1000
  Average interval time of preemption:        998415 nsec
  Average time to call a signal handler:      1918 nsec
  Average time to return to a normal context: 815 nsec

[rank 12]
  # of preemption:                            1000
  Average interval time of preemption:        998420 nsec
  Average time to call a signal handler:      1866 nsec
  Average time to return to a normal context: 817 nsec

[rank 13]
  # of preemption:                            1000
  Average interval time of preemption:        998445 nsec
  Average time to call a signal handler:      1889 nsec
  Average time to return to a normal context: 834 nsec

[rank 14]
  # of preemption:                            1000
  Average interval time of preemption:        998444 nsec
  Average time to call a signal handler:      2000 nsec
  Average time to return to a normal context: 819 nsec

[rank 15]
  # of preemption:                            1000
  Average interval time of preemption:        998471 nsec
  Average time to call a signal handler:      1958 nsec
  Average time to return to a normal context: 849 nsec

[rank 16]
  # of preemption:                            1000
  Average interval time of preemption:        998484 nsec
  Average time to call a signal handler:      1968 nsec
  Average time to return to a normal context: 825 nsec

[rank 17]
  # of preemption:                            1000
  Average interval time of preemption:        998499 nsec
  Average time to call a signal handler:      1978 nsec
  Average time to return to a normal context: 841 nsec

[rank 18]
  # of preemption:                            1000
  Average interval time of preemption:        998510 nsec
  Average time to call a signal handler:      1854 nsec
  Average time to return to a normal context: 830 nsec

[rank 19]
  # of preemption:                            1000
  Average interval time of preemption:        998524 nsec
  Average time to call a signal handler:      1851 nsec
  Average time to return to a normal context: 834 nsec

[rank 20]
  # of preemption:                            1000
  Average interval time of preemption:        998541 nsec
  Average time to call a signal handler:      1977 nsec
  Average time to return to a normal context: 836 nsec

[rank 21]
  # of preemption:                            1000
  Average interval time of preemption:        998556 nsec
  Average time to call a signal handler:      1871 nsec
  Average time to return to a normal context: 815 nsec

[rank 22]
  # of preemption:                            1000
  Average interval time of preemption:        998576 nsec
  Average time to call a signal handler:      2022 nsec
  Average time to return to a normal context: 810 nsec

[rank 23]
  # of preemption:                            1000
  Average interval time of preemption:        998590 nsec
  Average time to call a signal handler:      1998 nsec
  Average time to return to a normal context: 816 nsec

[rank 24]
  # of preemption:                            1000
  Average interval time of preemption:        998606 nsec
  Average time to call a signal handler:      1989 nsec
  Average time to return to a normal context: 834 nsec

[rank 25]
  # of preemption:                            1000
  Average interval time of preemption:        998625 nsec
  Average time to call a signal handler:      1971 nsec
  Average time to return to a normal context: 778 nsec

[rank 26]
  # of preemption:                            1000
  Average interval time of preemption:        998639 nsec
  Average time to call a signal handler:      1984 nsec
  Average time to return to a normal context: 801 nsec

[rank 27]
  # of preemption:                            1000
  Average interval time of preemption:        998658 nsec
  Average time to call a signal handler:      1868 nsec
  Average time to return to a normal context: 839 nsec

[rank 28]
  # of preemption:                            1000
  Average interval time of preemption:        998842 nsec
  Average time to call a signal handler:      2116 nsec
  Average time to return to a normal context: 1259 nsec

[rank 29]
  # of preemption:                            1000
  Average interval time of preemption:        998696 nsec
  Average time to call a signal handler:      1892 nsec
  Average time to return to a normal context: 813 nsec

[rank 30]
  # of preemption:                            1000
  Average interval time of preemption:        998696 nsec
  Average time to call a signal handler:      1877 nsec
  Average time to return to a normal context: 809 nsec

[rank 31]
  # of preemption:                            1000
  Average interval time of preemption:        998895 nsec
  Average time to call a signal handler:      1882 nsec
  Average time to return to a normal context: 809 nsec

[rank 32]
  # of preemption:                            1000
  Average interval time of preemption:        998880 nsec
  Average time to call a signal handler:      1899 nsec
  Average time to return to a normal context: 805 nsec

[rank 33]
  # of preemption:                            1000
  Average interval time of preemption:        998885 nsec
  Average time to call a signal handler:      1884 nsec
  Average time to return to a normal context: 815 nsec

[rank 34]
  # of preemption:                            1000
  Average interval time of preemption:        998770 nsec
  Average time to call a signal handler:      1978 nsec
  Average time to return to a normal context: 794 nsec

[rank 35]
  # of preemption:                            1000
  Average interval time of preemption:        998866 nsec
  Average time to call a signal handler:      1966 nsec
  Average time to return to a normal context: 874 nsec

[rank 36]
  # of preemption:                            1000
  Average interval time of preemption:        998883 nsec
  Average time to call a signal handler:      1976 nsec
  Average time to return to a normal context: 849 nsec

[rank 37]
  # of preemption:                            1000
  Average interval time of preemption:        998911 nsec
  Average time to call a signal handler:      1963 nsec
  Average time to return to a normal context: 839 nsec

[rank 38]
  # of preemption:                            1000
  Average interval time of preemption:        998888 nsec
  Average time to call a signal handler:      1861 nsec
  Average time to return to a normal context: 818 nsec

[rank 39]
  # of preemption:                            1000
  Average interval time of preemption:        998898 nsec
  Average time to call a signal handler:      1971 nsec
  Average time to return to a normal context: 823 nsec

[rank 40]
  # of preemption:                            1000
  Average interval time of preemption:        998925 nsec
  Average time to call a signal handler:      1978 nsec
  Average time to return to a normal context: 794 nsec

[rank 41]
  # of preemption:                            1000
  Average interval time of preemption:        998920 nsec
  Average time to call a signal handler:      1971 nsec
  Average time to return to a normal context: 822 nsec

[rank 42]
  # of preemption:                            1000
  Average interval time of preemption:        998942 nsec
  Average time to call a signal handler:      1897 nsec
  Average time to return to a normal context: 809 nsec

[rank 43]
  # of preemption:                            1000
  Average interval time of preemption:        997931 nsec
  Average time to call a signal handler:      2024 nsec
  Average time to return to a normal context: 783 nsec

[rank 44]
  # of preemption:                            1000
  Average interval time of preemption:        997943 nsec
  Average time to call a signal handler:      2896 nsec
  Average time to return to a normal context: 765 nsec

[rank 45]
  # of preemption:                            1000
  Average interval time of preemption:        997960 nsec
  Average time to call a signal handler:      2773 nsec
  Average time to return to a normal context: 807 nsec

[rank 46]
  # of preemption:                            1000
  Average interval time of preemption:        997979 nsec
  Average time to call a signal handler:      2029 nsec
  Average time to return to a normal context: 766 nsec

[rank 47]
  # of preemption:                            1000
  Average interval time of preemption:        998013 nsec
  Average time to call a signal handler:      2002 nsec
  Average time to return to a normal context: 803 nsec

[rank 48]
  # of preemption:                            1000
  Average interval time of preemption:        998027 nsec
  Average time to call a signal handler:      1961 nsec
  Average time to return to a normal context: 811 nsec

[rank 49]
  # of preemption:                            1000
  Average interval time of preemption:        998045 nsec
  Average time to call a signal handler:      1992 nsec
  Average time to return to a normal context: 790 nsec

[rank 50]
  # of preemption:                            1000
  Average interval time of preemption:        998060 nsec
  Average time to call a signal handler:      1879 nsec
  Average time to return to a normal context: 832 nsec

[rank 51]
  # of preemption:                            1000
  Average interval time of preemption:        998080 nsec
  Average time to call a signal handler:      1968 nsec
  Average time to return to a normal context: 788 nsec

[rank 52]
  # of preemption:                            1000
  Average interval time of preemption:        998101 nsec
  Average time to call a signal handler:      1983 nsec
  Average time to return to a normal context: 816 nsec

[rank 53]
  # of preemption:                            1000
  Average interval time of preemption:        998113 nsec
  Average time to call a signal handler:      1956 nsec
  Average time to return to a normal context: 809 nsec

[rank 54]
  # of preemption:                            1000
  Average interval time of preemption:        998133 nsec
  Average time to call a signal handler:      1968 nsec
  Average time to return to a normal context: 830 nsec

[rank 55]
  # of preemption:                            1000
  Average interval time of preemption:        998153 nsec
  Average time to call a signal handler:      1979 nsec
  Average time to return to a normal context: 828 nsec

[Total]
  # of preemption:                            56000
  Average interval time of preemption:        998521 nsec
  Average time to call a signal handler:      2229 nsec
  Average time to return to a normal context: 826 nsec

