=============================================================
# of threads:                    56
# of timers:                     56
# of preemption for each thread: 1000
Interval time of preemption:     1000000 nsec
Managed timer:                   true
Sync timer:                      false
Chain wake-up:                   false
Thread timer:                    false
Use timerfd:                     false
=============================================================

[rank 0]
  # of preemption:                            1000
  Average interval time of preemption:        1001010 nsec
  Average time to call a signal handler:      6485 nsec
  Average time to return to a normal context: 869 nsec

[rank 1]
  # of preemption:                            1000
  Average interval time of preemption:        998120 nsec
  Average time to call a signal handler:      1875 nsec
  Average time to return to a normal context: 839 nsec

[rank 2]
  # of preemption:                            1000
  Average interval time of preemption:        998150 nsec
  Average time to call a signal handler:      1860 nsec
  Average time to return to a normal context: 768 nsec

[rank 3]
  # of preemption:                            1000
  Average interval time of preemption:        998175 nsec
  Average time to call a signal handler:      1878 nsec
  Average time to return to a normal context: 760 nsec

[rank 4]
  # of preemption:                            1000
  Average interval time of preemption:        998188 nsec
  Average time to call a signal handler:      1859 nsec
  Average time to return to a normal context: 754 nsec

[rank 5]
  # of preemption:                            1000
  Average interval time of preemption:        998185 nsec
  Average time to call a signal handler:      1879 nsec
  Average time to return to a normal context: 782 nsec

[rank 6]
  # of preemption:                            1000
  Average interval time of preemption:        998199 nsec
  Average time to call a signal handler:      1940 nsec
  Average time to return to a normal context: 752 nsec

[rank 7]
  # of preemption:                            1000
  Average interval time of preemption:        998205 nsec
  Average time to call a signal handler:      1892 nsec
  Average time to return to a normal context: 870 nsec

[rank 8]
  # of preemption:                            1000
  Average interval time of preemption:        998225 nsec
  Average time to call a signal handler:      1863 nsec
  Average time to return to a normal context: 879 nsec

[rank 9]
  # of preemption:                            1000
  Average interval time of preemption:        998261 nsec
  Average time to call a signal handler:      1952 nsec
  Average time to return to a normal context: 848 nsec

[rank 10]
  # of preemption:                            1000
  Average interval time of preemption:        998265 nsec
  Average time to call a signal handler:      1970 nsec
  Average time to return to a normal context: 828 nsec

[rank 11]
  # of preemption:                            1000
  Average interval time of preemption:        998244 nsec
  Average time to call a signal handler:      1871 nsec
  Average time to return to a normal context: 811 nsec

[rank 12]
  # of preemption:                            1000
  Average interval time of preemption:        998285 nsec
  Average time to call a signal handler:      1867 nsec
  Average time to return to a normal context: 829 nsec

[rank 13]
  # of preemption:                            1000
  Average interval time of preemption:        998292 nsec
  Average time to call a signal handler:      1988 nsec
  Average time to return to a normal context: 846 nsec

[rank 14]
  # of preemption:                            1000
  Average interval time of preemption:        998291 nsec
  Average time to call a signal handler:      1888 nsec
  Average time to return to a normal context: 856 nsec

[rank 15]
  # of preemption:                            1000
  Average interval time of preemption:        998321 nsec
  Average time to call a signal handler:      1975 nsec
  Average time to return to a normal context: 835 nsec

[rank 16]
  # of preemption:                            1000
  Average interval time of preemption:        998343 nsec
  Average time to call a signal handler:      1946 nsec
  Average time to return to a normal context: 844 nsec

[rank 17]
  # of preemption:                            1000
  Average interval time of preemption:        998341 nsec
  Average time to call a signal handler:      1982 nsec
  Average time to return to a normal context: 818 nsec

[rank 18]
  # of preemption:                            1000
  Average interval time of preemption:        998362 nsec
  Average time to call a signal handler:      2005 nsec
  Average time to return to a normal context: 801 nsec

[rank 19]
  # of preemption:                            1000
  Average interval time of preemption:        998391 nsec
  Average time to call a signal handler:      1984 nsec
  Average time to return to a normal context: 793 nsec

[rank 20]
  # of preemption:                            1000
  Average interval time of preemption:        998356 nsec
  Average time to call a signal handler:      2000 nsec
  Average time to return to a normal context: 769 nsec

[rank 21]
  # of preemption:                            1000
  Average interval time of preemption:        998404 nsec
  Average time to call a signal handler:      1911 nsec
  Average time to return to a normal context: 816 nsec

[rank 22]
  # of preemption:                            1000
  Average interval time of preemption:        998429 nsec
  Average time to call a signal handler:      1977 nsec
  Average time to return to a normal context: 829 nsec

[rank 23]
  # of preemption:                            1000
  Average interval time of preemption:        998440 nsec
  Average time to call a signal handler:      1877 nsec
  Average time to return to a normal context: 789 nsec

[rank 24]
  # of preemption:                            1000
  Average interval time of preemption:        998457 nsec
  Average time to call a signal handler:      2678 nsec
  Average time to return to a normal context: 1411 nsec

[rank 25]
  # of preemption:                            1000
  Average interval time of preemption:        998468 nsec
  Average time to call a signal handler:      7454 nsec
  Average time to return to a normal context: 767 nsec

[rank 26]
  # of preemption:                            1000
  Average interval time of preemption:        998488 nsec
  Average time to call a signal handler:      1954 nsec
  Average time to return to a normal context: 796 nsec

[rank 27]
  # of preemption:                            1000
  Average interval time of preemption:        998498 nsec
  Average time to call a signal handler:      1880 nsec
  Average time to return to a normal context: 824 nsec

[rank 28]
  # of preemption:                            1000
  Average interval time of preemption:        998645 nsec
  Average time to call a signal handler:      2038 nsec
  Average time to return to a normal context: 1195 nsec

[rank 29]
  # of preemption:                            1000
  Average interval time of preemption:        998682 nsec
  Average time to call a signal handler:      1887 nsec
  Average time to return to a normal context: 835 nsec

[rank 30]
  # of preemption:                            1000
  Average interval time of preemption:        998697 nsec
  Average time to call a signal handler:      1957 nsec
  Average time to return to a normal context: 865 nsec

[rank 31]
  # of preemption:                            1000
  Average interval time of preemption:        998713 nsec
  Average time to call a signal handler:      1893 nsec
  Average time to return to a normal context: 847 nsec

[rank 32]
  # of preemption:                            1000
  Average interval time of preemption:        998717 nsec
  Average time to call a signal handler:      1880 nsec
  Average time to return to a normal context: 817 nsec

[rank 33]
  # of preemption:                            1000
  Average interval time of preemption:        998654 nsec
  Average time to call a signal handler:      1966 nsec
  Average time to return to a normal context: 846 nsec

[rank 34]
  # of preemption:                            1000
  Average interval time of preemption:        998667 nsec
  Average time to call a signal handler:      1971 nsec
  Average time to return to a normal context: 809 nsec

[rank 35]
  # of preemption:                            1000
  Average interval time of preemption:        998666 nsec
  Average time to call a signal handler:      1996 nsec
  Average time to return to a normal context: 811 nsec

[rank 36]
  # of preemption:                            1000
  Average interval time of preemption:        998674 nsec
  Average time to call a signal handler:      1974 nsec
  Average time to return to a normal context: 786 nsec

[rank 37]
  # of preemption:                            1000
  Average interval time of preemption:        998682 nsec
  Average time to call a signal handler:      1995 nsec
  Average time to return to a normal context: 804 nsec

[rank 38]
  # of preemption:                            1000
  Average interval time of preemption:        998697 nsec
  Average time to call a signal handler:      1956 nsec
  Average time to return to a normal context: 787 nsec

[rank 39]
  # of preemption:                            1000
  Average interval time of preemption:        998712 nsec
  Average time to call a signal handler:      1867 nsec
  Average time to return to a normal context: 801 nsec

[rank 40]
  # of preemption:                            1000
  Average interval time of preemption:        998729 nsec
  Average time to call a signal handler:      1997 nsec
  Average time to return to a normal context: 784 nsec

[rank 41]
  # of preemption:                            1000
  Average interval time of preemption:        998749 nsec
  Average time to call a signal handler:      2037 nsec
  Average time to return to a normal context: 808 nsec

[rank 42]
  # of preemption:                            1000
  Average interval time of preemption:        998764 nsec
  Average time to call a signal handler:      1924 nsec
  Average time to return to a normal context: 796 nsec

[rank 43]
  # of preemption:                            1000
  Average interval time of preemption:        998782 nsec
  Average time to call a signal handler:      1993 nsec
  Average time to return to a normal context: 808 nsec

[rank 44]
  # of preemption:                            1000
  Average interval time of preemption:        998798 nsec
  Average time to call a signal handler:      1875 nsec
  Average time to return to a normal context: 769 nsec

[rank 45]
  # of preemption:                            1000
  Average interval time of preemption:        998817 nsec
  Average time to call a signal handler:      1881 nsec
  Average time to return to a normal context: 796 nsec

[rank 46]
  # of preemption:                            1000
  Average interval time of preemption:        998834 nsec
  Average time to call a signal handler:      1973 nsec
  Average time to return to a normal context: 769 nsec

[rank 47]
  # of preemption:                            1000
  Average interval time of preemption:        998851 nsec
  Average time to call a signal handler:      1864 nsec
  Average time to return to a normal context: 827 nsec

[rank 48]
  # of preemption:                            1000
  Average interval time of preemption:        998868 nsec
  Average time to call a signal handler:      1991 nsec
  Average time to return to a normal context: 811 nsec

[rank 49]
  # of preemption:                            1000
  Average interval time of preemption:        998881 nsec
  Average time to call a signal handler:      1893 nsec
  Average time to return to a normal context: 793 nsec

[rank 50]
  # of preemption:                            1000
  Average interval time of preemption:        998901 nsec
  Average time to call a signal handler:      1863 nsec
  Average time to return to a normal context: 770 nsec

[rank 51]
  # of preemption:                            1000
  Average interval time of preemption:        998920 nsec
  Average time to call a signal handler:      2071 nsec
  Average time to return to a normal context: 782 nsec

[rank 52]
  # of preemption:                            1000
  Average interval time of preemption:        998934 nsec
  Average time to call a signal handler:      1983 nsec
  Average time to return to a normal context: 780 nsec

[rank 53]
  # of preemption:                            1000
  Average interval time of preemption:        998952 nsec
  Average time to call a signal handler:      1985 nsec
  Average time to return to a normal context: 819 nsec

[rank 54]
  # of preemption:                            1000
  Average interval time of preemption:        997959 nsec
  Average time to call a signal handler:      1997 nsec
  Average time to return to a normal context: 798 nsec

[rank 55]
  # of preemption:                            1000
  Average interval time of preemption:        997977 nsec
  Average time to call a signal handler:      1986 nsec
  Average time to return to a normal context: 778 nsec

[Total]
  # of preemption:                            56000
  Average interval time of preemption:        998559 nsec
  Average time to call a signal handler:      2131 nsec
  Average time to return to a normal context: 826 nsec

