=============================================================
# of threads:                    56
# of timers:                     56
# of preemption for each thread: 1000
Interval time of preemption:     1000000 nsec
Managed timer:                   true
Sync timer:                      false
Chain wake-up:                   false
Thread timer:                    false
Use timerfd:                     false
=============================================================

[rank 0]
  # of preemption:                            1000
  Average interval time of preemption:        1001883 nsec
  Average time to call a signal handler:      6301 nsec
  Average time to return to a normal context: 920 nsec

[rank 1]
  # of preemption:                            1000
  Average interval time of preemption:        998019 nsec
  Average time to call a signal handler:      2239 nsec
  Average time to return to a normal context: 1028 nsec

[rank 2]
  # of preemption:                            1000
  Average interval time of preemption:        998880 nsec
  Average time to call a signal handler:      2061 nsec
  Average time to return to a normal context: 832 nsec

[rank 3]
  # of preemption:                            1000
  Average interval time of preemption:        998060 nsec
  Average time to call a signal handler:      2326 nsec
  Average time to return to a normal context: 844 nsec

[rank 4]
  # of preemption:                            1000
  Average interval time of preemption:        998912 nsec
  Average time to call a signal handler:      2066 nsec
  Average time to return to a normal context: 826 nsec

[rank 5]
  # of preemption:                            1000
  Average interval time of preemption:        997927 nsec
  Average time to call a signal handler:      2083 nsec
  Average time to return to a normal context: 847 nsec

[rank 6]
  # of preemption:                            1000
  Average interval time of preemption:        998112 nsec
  Average time to call a signal handler:      2178 nsec
  Average time to return to a normal context: 768 nsec

[rank 7]
  # of preemption:                            1000
  Average interval time of preemption:        998132 nsec
  Average time to call a signal handler:      2150 nsec
  Average time to return to a normal context: 973 nsec

[rank 8]
  # of preemption:                            1000
  Average interval time of preemption:        997974 nsec
  Average time to call a signal handler:      2077 nsec
  Average time to return to a normal context: 955 nsec

[rank 9]
  # of preemption:                            1000
  Average interval time of preemption:        998004 nsec
  Average time to call a signal handler:      1906 nsec
  Average time to return to a normal context: 850 nsec

[rank 10]
  # of preemption:                            1000
  Average interval time of preemption:        998020 nsec
  Average time to call a signal handler:      1936 nsec
  Average time to return to a normal context: 884 nsec

[rank 11]
  # of preemption:                            1000
  Average interval time of preemption:        998202 nsec
  Average time to call a signal handler:      1912 nsec
  Average time to return to a normal context: 812 nsec

[rank 12]
  # of preemption:                            1000
  Average interval time of preemption:        998210 nsec
  Average time to call a signal handler:      1907 nsec
  Average time to return to a normal context: 822 nsec

[rank 13]
  # of preemption:                            1000
  Average interval time of preemption:        998200 nsec
  Average time to call a signal handler:      1964 nsec
  Average time to return to a normal context: 836 nsec

[rank 14]
  # of preemption:                            1000
  Average interval time of preemption:        998229 nsec
  Average time to call a signal handler:      1932 nsec
  Average time to return to a normal context: 888 nsec

[rank 15]
  # of preemption:                            1000
  Average interval time of preemption:        998245 nsec
  Average time to call a signal handler:      1960 nsec
  Average time to return to a normal context: 852 nsec

[rank 16]
  # of preemption:                            1000
  Average interval time of preemption:        998129 nsec
  Average time to call a signal handler:      1914 nsec
  Average time to return to a normal context: 839 nsec

[rank 17]
  # of preemption:                            1000
  Average interval time of preemption:        998291 nsec
  Average time to call a signal handler:      1917 nsec
  Average time to return to a normal context: 815 nsec

[rank 18]
  # of preemption:                            1000
  Average interval time of preemption:        998281 nsec
  Average time to call a signal handler:      1953 nsec
  Average time to return to a normal context: 826 nsec

[rank 19]
  # of preemption:                            1000
  Average interval time of preemption:        998273 nsec
  Average time to call a signal handler:      1989 nsec
  Average time to return to a normal context: 801 nsec

[rank 20]
  # of preemption:                            1000
  Average interval time of preemption:        998317 nsec
  Average time to call a signal handler:      1974 nsec
  Average time to return to a normal context: 807 nsec

[rank 21]
  # of preemption:                            1000
  Average interval time of preemption:        998330 nsec
  Average time to call a signal handler:      1975 nsec
  Average time to return to a normal context: 838 nsec

[rank 22]
  # of preemption:                            1000
  Average interval time of preemption:        998226 nsec
  Average time to call a signal handler:      1919 nsec
  Average time to return to a normal context: 811 nsec

[rank 23]
  # of preemption:                            1000
  Average interval time of preemption:        998354 nsec
  Average time to call a signal handler:      1898 nsec
  Average time to return to a normal context: 811 nsec

[rank 24]
  # of preemption:                            1000
  Average interval time of preemption:        998332 nsec
  Average time to call a signal handler:      2015 nsec
  Average time to return to a normal context: 832 nsec

[rank 25]
  # of preemption:                            1000
  Average interval time of preemption:        998357 nsec
  Average time to call a signal handler:      2019 nsec
  Average time to return to a normal context: 822 nsec

[rank 26]
  # of preemption:                            1000
  Average interval time of preemption:        998365 nsec
  Average time to call a signal handler:      1927 nsec
  Average time to return to a normal context: 797 nsec

[rank 27]
  # of preemption:                            1000
  Average interval time of preemption:        998380 nsec
  Average time to call a signal handler:      1966 nsec
  Average time to return to a normal context: 1001 nsec

[rank 28]
  # of preemption:                            1000
  Average interval time of preemption:        998408 nsec
  Average time to call a signal handler:      2241 nsec
  Average time to return to a normal context: 885 nsec

[rank 29]
  # of preemption:                            1000
  Average interval time of preemption:        998431 nsec
  Average time to call a signal handler:      1984 nsec
  Average time to return to a normal context: 838 nsec

[rank 30]
  # of preemption:                            1000
  Average interval time of preemption:        998464 nsec
  Average time to call a signal handler:      1912 nsec
  Average time to return to a normal context: 803 nsec

[rank 31]
  # of preemption:                            1000
  Average interval time of preemption:        998455 nsec
  Average time to call a signal handler:      1914 nsec
  Average time to return to a normal context: 818 nsec

[rank 32]
  # of preemption:                            1000
  Average interval time of preemption:        998464 nsec
  Average time to call a signal handler:      1910 nsec
  Average time to return to a normal context: 811 nsec

[rank 33]
  # of preemption:                            1000
  Average interval time of preemption:        998480 nsec
  Average time to call a signal handler:      2021 nsec
  Average time to return to a normal context: 833 nsec

[rank 34]
  # of preemption:                            1000
  Average interval time of preemption:        998497 nsec
  Average time to call a signal handler:      1946 nsec
  Average time to return to a normal context: 824 nsec

[rank 35]
  # of preemption:                            1000
  Average interval time of preemption:        998508 nsec
  Average time to call a signal handler:      2037 nsec
  Average time to return to a normal context: 818 nsec

[rank 36]
  # of preemption:                            1000
  Average interval time of preemption:        998526 nsec
  Average time to call a signal handler:      1896 nsec
  Average time to return to a normal context: 811 nsec

[rank 37]
  # of preemption:                            1000
  Average interval time of preemption:        998544 nsec
  Average time to call a signal handler:      1896 nsec
  Average time to return to a normal context: 844 nsec

[rank 38]
  # of preemption:                            1000
  Average interval time of preemption:        998561 nsec
  Average time to call a signal handler:      2010 nsec
  Average time to return to a normal context: 820 nsec

[rank 39]
  # of preemption:                            1000
  Average interval time of preemption:        998577 nsec
  Average time to call a signal handler:      1917 nsec
  Average time to return to a normal context: 822 nsec

[rank 40]
  # of preemption:                            1000
  Average interval time of preemption:        998592 nsec
  Average time to call a signal handler:      1945 nsec
  Average time to return to a normal context: 815 nsec

[rank 41]
  # of preemption:                            1000
  Average interval time of preemption:        998611 nsec
  Average time to call a signal handler:      2034 nsec
  Average time to return to a normal context: 840 nsec

[rank 42]
  # of preemption:                            1000
  Average interval time of preemption:        998631 nsec
  Average time to call a signal handler:      1927 nsec
  Average time to return to a normal context: 801 nsec

[rank 43]
  # of preemption:                            1000
  Average interval time of preemption:        998624 nsec
  Average time to call a signal handler:      1914 nsec
  Average time to return to a normal context: 785 nsec

[rank 44]
  # of preemption:                            1000
  Average interval time of preemption:        998641 nsec
  Average time to call a signal handler:      2048 nsec
  Average time to return to a normal context: 771 nsec

[rank 45]
  # of preemption:                            1000
  Average interval time of preemption:        998658 nsec
  Average time to call a signal handler:      2013 nsec
  Average time to return to a normal context: 803 nsec

[rank 46]
  # of preemption:                            1000
  Average interval time of preemption:        998678 nsec
  Average time to call a signal handler:      2014 nsec
  Average time to return to a normal context: 783 nsec

[rank 47]
  # of preemption:                            1000
  Average interval time of preemption:        998694 nsec
  Average time to call a signal handler:      2065 nsec
  Average time to return to a normal context: 812 nsec

[rank 48]
  # of preemption:                            1000
  Average interval time of preemption:        998711 nsec
  Average time to call a signal handler:      2059 nsec
  Average time to return to a normal context: 788 nsec

[rank 49]
  # of preemption:                            1000
  Average interval time of preemption:        998728 nsec
  Average time to call a signal handler:      1907 nsec
  Average time to return to a normal context: 801 nsec

[rank 50]
  # of preemption:                            1000
  Average interval time of preemption:        998743 nsec
  Average time to call a signal handler:      1995 nsec
  Average time to return to a normal context: 773 nsec

[rank 51]
  # of preemption:                            1000
  Average interval time of preemption:        998761 nsec
  Average time to call a signal handler:      2006 nsec
  Average time to return to a normal context: 793 nsec

[rank 52]
  # of preemption:                            1000
  Average interval time of preemption:        998779 nsec
  Average time to call a signal handler:      8538 nsec
  Average time to return to a normal context: 785 nsec

[rank 53]
  # of preemption:                            1000
  Average interval time of preemption:        998793 nsec
  Average time to call a signal handler:      1978 nsec
  Average time to return to a normal context: 782 nsec

[rank 54]
  # of preemption:                            1000
  Average interval time of preemption:        998810 nsec
  Average time to call a signal handler:      2021 nsec
  Average time to return to a normal context: 819 nsec

[rank 55]
  # of preemption:                            1000
  Average interval time of preemption:        998830 nsec
  Average time to call a signal handler:      2110 nsec
  Average time to return to a normal context: 891 nsec

[Total]
  # of preemption:                            56000
  Average interval time of preemption:        998497 nsec
  Average time to call a signal handler:      2191 nsec
  Average time to return to a normal context: 834 nsec

