=============================================================
# of threads:                    56
# of timers:                     56
# of preemption for each thread: 1000
Interval time of preemption:     1000000 nsec
Managed timer:                   true
Sync timer:                      false
Chain wake-up:                   false
Thread timer:                    false
Use timerfd:                     false
=============================================================

[rank 0]
  # of preemption:                            1000
  Average interval time of preemption:        1001357 nsec
  Average time to call a signal handler:      6661 nsec
  Average time to return to a normal context: 895 nsec

[rank 1]
  # of preemption:                            1000
  Average interval time of preemption:        998518 nsec
  Average time to call a signal handler:      1907 nsec
  Average time to return to a normal context: 804 nsec

[rank 2]
  # of preemption:                            1000
  Average interval time of preemption:        998534 nsec
  Average time to call a signal handler:      1910 nsec
  Average time to return to a normal context: 755 nsec

[rank 3]
  # of preemption:                            1000
  Average interval time of preemption:        998551 nsec
  Average time to call a signal handler:      1907 nsec
  Average time to return to a normal context: 763 nsec

[rank 4]
  # of preemption:                            1000
  Average interval time of preemption:        998572 nsec
  Average time to call a signal handler:      1921 nsec
  Average time to return to a normal context: 743 nsec

[rank 5]
  # of preemption:                            1000
  Average interval time of preemption:        998589 nsec
  Average time to call a signal handler:      1930 nsec
  Average time to return to a normal context: 774 nsec

[rank 6]
  # of preemption:                            1000
  Average interval time of preemption:        998601 nsec
  Average time to call a signal handler:      1934 nsec
  Average time to return to a normal context: 731 nsec

[rank 7]
  # of preemption:                            1000
  Average interval time of preemption:        998479 nsec
  Average time to call a signal handler:      1940 nsec
  Average time to return to a normal context: 844 nsec

[rank 8]
  # of preemption:                            1000
  Average interval time of preemption:        998637 nsec
  Average time to call a signal handler:      1958 nsec
  Average time to return to a normal context: 795 nsec

[rank 9]
  # of preemption:                            1000
  Average interval time of preemption:        998502 nsec
  Average time to call a signal handler:      1931 nsec
  Average time to return to a normal context: 831 nsec

[rank 10]
  # of preemption:                            1000
  Average interval time of preemption:        998519 nsec
  Average time to call a signal handler:      2017 nsec
  Average time to return to a normal context: 819 nsec

[rank 11]
  # of preemption:                            1000
  Average interval time of preemption:        998636 nsec
  Average time to call a signal handler:      1975 nsec
  Average time to return to a normal context: 810 nsec

[rank 12]
  # of preemption:                            1000
  Average interval time of preemption:        998683 nsec
  Average time to call a signal handler:      1913 nsec
  Average time to return to a normal context: 857 nsec

[rank 13]
  # of preemption:                            1000
  Average interval time of preemption:        998702 nsec
  Average time to call a signal handler:      1913 nsec
  Average time to return to a normal context: 864 nsec

[rank 14]
  # of preemption:                            1000
  Average interval time of preemption:        998592 nsec
  Average time to call a signal handler:      1923 nsec
  Average time to return to a normal context: 834 nsec

[rank 15]
  # of preemption:                            1000
  Average interval time of preemption:        998723 nsec
  Average time to call a signal handler:      1911 nsec
  Average time to return to a normal context: 846 nsec

[rank 16]
  # of preemption:                            1000
  Average interval time of preemption:        998626 nsec
  Average time to call a signal handler:      1998 nsec
  Average time to return to a normal context: 809 nsec

[rank 17]
  # of preemption:                            1000
  Average interval time of preemption:        998732 nsec
  Average time to call a signal handler:      1980 nsec
  Average time to return to a normal context: 830 nsec

[rank 18]
  # of preemption:                            1000
  Average interval time of preemption:        998738 nsec
  Average time to call a signal handler:      6351 nsec
  Average time to return to a normal context: 827 nsec

[rank 19]
  # of preemption:                            1000
  Average interval time of preemption:        998746 nsec
  Average time to call a signal handler:      1952 nsec
  Average time to return to a normal context: 784 nsec

[rank 20]
  # of preemption:                            1000
  Average interval time of preemption:        998744 nsec
  Average time to call a signal handler:      1993 nsec
  Average time to return to a normal context: 828 nsec

[rank 21]
  # of preemption:                            1000
  Average interval time of preemption:        998743 nsec
  Average time to call a signal handler:      1908 nsec
  Average time to return to a normal context: 768 nsec

[rank 22]
  # of preemption:                            1000
  Average interval time of preemption:        998778 nsec
  Average time to call a signal handler:      1872 nsec
  Average time to return to a normal context: 806 nsec

[rank 23]
  # of preemption:                            1000
  Average interval time of preemption:        998789 nsec
  Average time to call a signal handler:      1961 nsec
  Average time to return to a normal context: 800 nsec

[rank 24]
  # of preemption:                            1000
  Average interval time of preemption:        998798 nsec
  Average time to call a signal handler:      1985 nsec
  Average time to return to a normal context: 842 nsec

[rank 25]
  # of preemption:                            1000
  Average interval time of preemption:        998849 nsec
  Average time to call a signal handler:      1973 nsec
  Average time to return to a normal context: 812 nsec

[rank 26]
  # of preemption:                            1000
  Average interval time of preemption:        998855 nsec
  Average time to call a signal handler:      1976 nsec
  Average time to return to a normal context: 831 nsec

[rank 27]
  # of preemption:                            1000
  Average interval time of preemption:        998855 nsec
  Average time to call a signal handler:      2023 nsec
  Average time to return to a normal context: 869 nsec

[rank 28]
  # of preemption:                            1000
  Average interval time of preemption:        998835 nsec
  Average time to call a signal handler:      2129 nsec
  Average time to return to a normal context: 1235 nsec

[rank 29]
  # of preemption:                            1000
  Average interval time of preemption:        997987 nsec
  Average time to call a signal handler:      2020 nsec
  Average time to return to a normal context: 851 nsec

[rank 30]
  # of preemption:                            1000
  Average interval time of preemption:        997969 nsec
  Average time to call a signal handler:      1851 nsec
  Average time to return to a normal context: 812 nsec

[rank 31]
  # of preemption:                            1000
  Average interval time of preemption:        997963 nsec
  Average time to call a signal handler:      1872 nsec
  Average time to return to a normal context: 803 nsec

[rank 32]
  # of preemption:                            1000
  Average interval time of preemption:        997929 nsec
  Average time to call a signal handler:      1890 nsec
  Average time to return to a normal context: 794 nsec

[rank 33]
  # of preemption:                            1000
  Average interval time of preemption:        997934 nsec
  Average time to call a signal handler:      1868 nsec
  Average time to return to a normal context: 806 nsec

[rank 34]
  # of preemption:                            1000
  Average interval time of preemption:        997948 nsec
  Average time to call a signal handler:      1877 nsec
  Average time to return to a normal context: 775 nsec

[rank 35]
  # of preemption:                            1000
  Average interval time of preemption:        997969 nsec
  Average time to call a signal handler:      2031 nsec
  Average time to return to a normal context: 831 nsec

[rank 36]
  # of preemption:                            1000
  Average interval time of preemption:        998004 nsec
  Average time to call a signal handler:      2000 nsec
  Average time to return to a normal context: 809 nsec

[rank 37]
  # of preemption:                            1000
  Average interval time of preemption:        998021 nsec
  Average time to call a signal handler:      1895 nsec
  Average time to return to a normal context: 816 nsec

[rank 38]
  # of preemption:                            1000
  Average interval time of preemption:        998037 nsec
  Average time to call a signal handler:      1884 nsec
  Average time to return to a normal context: 814 nsec

[rank 39]
  # of preemption:                            1000
  Average interval time of preemption:        998055 nsec
  Average time to call a signal handler:      2082 nsec
  Average time to return to a normal context: 807 nsec

[rank 40]
  # of preemption:                            1000
  Average interval time of preemption:        998073 nsec
  Average time to call a signal handler:      2004 nsec
  Average time to return to a normal context: 775 nsec

[rank 41]
  # of preemption:                            1000
  Average interval time of preemption:        998084 nsec
  Average time to call a signal handler:      1877 nsec
  Average time to return to a normal context: 816 nsec

[rank 42]
  # of preemption:                            1000
  Average interval time of preemption:        998107 nsec
  Average time to call a signal handler:      1991 nsec
  Average time to return to a normal context: 809 nsec

[rank 43]
  # of preemption:                            1000
  Average interval time of preemption:        998116 nsec
  Average time to call a signal handler:      1991 nsec
  Average time to return to a normal context: 823 nsec

[rank 44]
  # of preemption:                            1000
  Average interval time of preemption:        998139 nsec
  Average time to call a signal handler:      1872 nsec
  Average time to return to a normal context: 792 nsec

[rank 45]
  # of preemption:                            1000
  Average interval time of preemption:        998156 nsec
  Average time to call a signal handler:      1978 nsec
  Average time to return to a normal context: 775 nsec

[rank 46]
  # of preemption:                            1000
  Average interval time of preemption:        998169 nsec
  Average time to call a signal handler:      2012 nsec
  Average time to return to a normal context: 803 nsec

[rank 47]
  # of preemption:                            1000
  Average interval time of preemption:        998188 nsec
  Average time to call a signal handler:      1996 nsec
  Average time to return to a normal context: 784 nsec

[rank 48]
  # of preemption:                            1000
  Average interval time of preemption:        998206 nsec
  Average time to call a signal handler:      1906 nsec
  Average time to return to a normal context: 816 nsec

[rank 49]
  # of preemption:                            1000
  Average interval time of preemption:        998223 nsec
  Average time to call a signal handler:      1916 nsec
  Average time to return to a normal context: 813 nsec

[rank 50]
  # of preemption:                            1000
  Average interval time of preemption:        998239 nsec
  Average time to call a signal handler:      2003 nsec
  Average time to return to a normal context: 788 nsec

[rank 51]
  # of preemption:                            1000
  Average interval time of preemption:        998258 nsec
  Average time to call a signal handler:      1885 nsec
  Average time to return to a normal context: 834 nsec

[rank 52]
  # of preemption:                            1000
  Average interval time of preemption:        998273 nsec
  Average time to call a signal handler:      2006 nsec
  Average time to return to a normal context: 795 nsec

[rank 53]
  # of preemption:                            1000
  Average interval time of preemption:        998296 nsec
  Average time to call a signal handler:      1927 nsec
  Average time to return to a normal context: 803 nsec

[rank 54]
  # of preemption:                            1000
  Average interval time of preemption:        998330 nsec
  Average time to call a signal handler:      2031 nsec
  Average time to return to a normal context: 788 nsec

[rank 55]
  # of preemption:                            1000
  Average interval time of preemption:        998329 nsec
  Average time to call a signal handler:      1910 nsec
  Average time to return to a normal context: 775 nsec

[Total]
  # of preemption:                            56000
  Average interval time of preemption:        998451 nsec
  Average time to call a signal handler:      2112 nsec
  Average time to return to a normal context: 816 nsec

