=============================================================
# of threads:                    8
# of timers:                     8
# of preemption for each thread: 1000
Interval time of preemption:     1000000 nsec
Managed timer:                   true
Sync timer:                      false
Chain wake-up:                   false
Thread timer:                    false
Use timerfd:                     false
=============================================================

[rank 0]
  # of preemption:                            1000
  Average interval time of preemption:        998115 nsec
  Average time to call a signal handler:      1913 nsec
  Average time to return to a normal context: 851 nsec

[rank 1]
  # of preemption:                            1000
  Average interval time of preemption:        998241 nsec
  Average time to call a signal handler:      1958 nsec
  Average time to return to a normal context: 861 nsec

[rank 2]
  # of preemption:                            1000
  Average interval time of preemption:        998363 nsec
  Average time to call a signal handler:      2957 nsec
  Average time to return to a normal context: 868 nsec

[rank 3]
  # of preemption:                            1000
  Average interval time of preemption:        998499 nsec
  Average time to call a signal handler:      1851 nsec
  Average time to return to a normal context: 872 nsec

[rank 4]
  # of preemption:                            1000
  Average interval time of preemption:        998620 nsec
  Average time to call a signal handler:      1884 nsec
  Average time to return to a normal context: 814 nsec

[rank 5]
  # of preemption:                            1000
  Average interval time of preemption:        998739 nsec
  Average time to call a signal handler:      1884 nsec
  Average time to return to a normal context: 837 nsec

[rank 6]
  # of preemption:                            1000
  Average interval time of preemption:        998869 nsec
  Average time to call a signal handler:      1909 nsec
  Average time to return to a normal context: 822 nsec

[rank 7]
  # of preemption:                            1000
  Average interval time of preemption:        998990 nsec
  Average time to call a signal handler:      1894 nsec
  Average time to return to a normal context: 815 nsec

[Total]
  # of preemption:                            8000
  Average interval time of preemption:        998554 nsec
  Average time to call a signal handler:      2031 nsec
  Average time to return to a normal context: 842 nsec

