=============================================================
# of threads:                    8
# of timers:                     8
# of preemption for each thread: 1000
Interval time of preemption:     1000000 nsec
Managed timer:                   true
Sync timer:                      false
Chain wake-up:                   false
Thread timer:                    false
Use timerfd:                     false
=============================================================

[rank 0]
  # of preemption:                            1000
  Average interval time of preemption:        998282 nsec
  Average time to call a signal handler:      1965 nsec
  Average time to return to a normal context: 840 nsec

[rank 1]
  # of preemption:                            1000
  Average interval time of preemption:        998412 nsec
  Average time to call a signal handler:      1952 nsec
  Average time to return to a normal context: 866 nsec

[rank 2]
  # of preemption:                            1000
  Average interval time of preemption:        998528 nsec
  Average time to call a signal handler:      1880 nsec
  Average time to return to a normal context: 852 nsec

[rank 3]
  # of preemption:                            1000
  Average interval time of preemption:        998657 nsec
  Average time to call a signal handler:      1882 nsec
  Average time to return to a normal context: 855 nsec

[rank 4]
  # of preemption:                            1000
  Average interval time of preemption:        998783 nsec
  Average time to call a signal handler:      1947 nsec
  Average time to return to a normal context: 866 nsec

[rank 5]
  # of preemption:                            1000
  Average interval time of preemption:        998905 nsec
  Average time to call a signal handler:      1916 nsec
  Average time to return to a normal context: 824 nsec

[rank 6]
  # of preemption:                            1000
  Average interval time of preemption:        998031 nsec
  Average time to call a signal handler:      1925 nsec
  Average time to return to a normal context: 823 nsec

[rank 7]
  # of preemption:                            1000
  Average interval time of preemption:        998161 nsec
  Average time to call a signal handler:      1924 nsec
  Average time to return to a normal context: 859 nsec

[Total]
  # of preemption:                            8000
  Average interval time of preemption:        998469 nsec
  Average time to call a signal handler:      1923 nsec
  Average time to return to a normal context: 848 nsec

