=============================================================
# of threads:                    8
# of timers:                     8
# of preemption for each thread: 1000
Interval time of preemption:     1000000 nsec
Managed timer:                   true
Sync timer:                      false
Chain wake-up:                   false
Thread timer:                    false
Use timerfd:                     false
=============================================================

[rank 0]
  # of preemption:                            1000
  Average interval time of preemption:        998154 nsec
  Average time to call a signal handler:      2808 nsec
  Average time to return to a normal context: 827 nsec

[rank 1]
  # of preemption:                            1000
  Average interval time of preemption:        998283 nsec
  Average time to call a signal handler:      1874 nsec
  Average time to return to a normal context: 847 nsec

[rank 2]
  # of preemption:                            1000
  Average interval time of preemption:        998405 nsec
  Average time to call a signal handler:      1872 nsec
  Average time to return to a normal context: 837 nsec

[rank 3]
  # of preemption:                            1000
  Average interval time of preemption:        998539 nsec
  Average time to call a signal handler:      1886 nsec
  Average time to return to a normal context: 833 nsec

[rank 4]
  # of preemption:                            1000
  Average interval time of preemption:        998669 nsec
  Average time to call a signal handler:      1866 nsec
  Average time to return to a normal context: 814 nsec

[rank 5]
  # of preemption:                            1000
  Average interval time of preemption:        998786 nsec
  Average time to call a signal handler:      1881 nsec
  Average time to return to a normal context: 826 nsec

[rank 6]
  # of preemption:                            1000
  Average interval time of preemption:        998907 nsec
  Average time to call a signal handler:      1888 nsec
  Average time to return to a normal context: 859 nsec

[rank 7]
  # of preemption:                            1000
  Average interval time of preemption:        998032 nsec
  Average time to call a signal handler:      1865 nsec
  Average time to return to a normal context: 826 nsec

[Total]
  # of preemption:                            8000
  Average interval time of preemption:        998471 nsec
  Average time to call a signal handler:      1992 nsec
  Average time to return to a normal context: 833 nsec

