=============================================================
# of threads:                    8
# of timers:                     8
# of preemption for each thread: 1000
Interval time of preemption:     1000000 nsec
Managed timer:                   true
Sync timer:                      false
Chain wake-up:                   false
Thread timer:                    false
Use timerfd:                     false
=============================================================

[rank 0]
  # of preemption:                            1000
  Average interval time of preemption:        998159 nsec
  Average time to call a signal handler:      2645 nsec
  Average time to return to a normal context: 825 nsec

[rank 1]
  # of preemption:                            1000
  Average interval time of preemption:        998281 nsec
  Average time to call a signal handler:      1948 nsec
  Average time to return to a normal context: 833 nsec

[rank 2]
  # of preemption:                            1000
  Average interval time of preemption:        998408 nsec
  Average time to call a signal handler:      1911 nsec
  Average time to return to a normal context: 851 nsec

[rank 3]
  # of preemption:                            1000
  Average interval time of preemption:        998533 nsec
  Average time to call a signal handler:      1915 nsec
  Average time to return to a normal context: 830 nsec

[rank 4]
  # of preemption:                            1000
  Average interval time of preemption:        998661 nsec
  Average time to call a signal handler:      1849 nsec
  Average time to return to a normal context: 838 nsec

[rank 5]
  # of preemption:                            1000
  Average interval time of preemption:        998789 nsec
  Average time to call a signal handler:      1847 nsec
  Average time to return to a normal context: 852 nsec

[rank 6]
  # of preemption:                            1000
  Average interval time of preemption:        998913 nsec
  Average time to call a signal handler:      1876 nsec
  Average time to return to a normal context: 859 nsec

[rank 7]
  # of preemption:                            1000
  Average interval time of preemption:        998032 nsec
  Average time to call a signal handler:      1888 nsec
  Average time to return to a normal context: 834 nsec

[Total]
  # of preemption:                            8000
  Average interval time of preemption:        998472 nsec
  Average time to call a signal handler:      1984 nsec
  Average time to return to a normal context: 840 nsec

