=============================================================
# of xstreams:             68
# of threads:              680
# of repeats:              11
Use pthread:               false
Preemption:                On
# of preemption groups:    68
Preemption timer interval: 10000 usec
Preemption type:           ABT_PREEMPTION_NEW_ES
# of iterations:           5000000
=============================================================

Iteration 0 started...  [elapsed] 816896675 nsec
Iteration 1 started...  [elapsed] 815140810 nsec
Iteration 2 started...  [elapsed] 815030677 nsec
Iteration 3 started...  [elapsed] 815123658 nsec
Iteration 4 started...  [elapsed] 815046673 nsec
Iteration 5 started...  [elapsed] 815036848 nsec
Iteration 6 started...  [elapsed] 814957055 nsec
Iteration 7 started...  [elapsed] 814981857 nsec
Iteration 8 started...  [elapsed] 815012420 nsec
Iteration 9 started...  [elapsed] 815124994 nsec
Iteration 10 started...  [elapsed] 815002089 nsec
success!
