=============================================================
# of xstreams:             68
# of threads:              680
# of repeats:              11
Use pthread:               false
Preemption:                On
# of preemption groups:    68
Preemption timer interval: 1000 usec
Preemption type:           ABT_PREEMPTION_NEW_ES
# of iterations:           5000000
=============================================================

Iteration 0 started...  [elapsed] 870777175 nsec
Iteration 1 started...  [elapsed] 868298465 nsec
Iteration 2 started...  [elapsed] 867567364 nsec
Iteration 3 started...  [elapsed] 867789879 nsec
Iteration 4 started...  [elapsed] 867731129 nsec
Iteration 5 started...  [elapsed] 867695088 nsec
Iteration 6 started...  [elapsed] 867629837 nsec
Iteration 7 started...  [elapsed] 867571156 nsec
Iteration 8 started...  [elapsed] 867784239 nsec
Iteration 9 started...  [elapsed] 867734899 nsec
Iteration 10 started...  [elapsed] 867625459 nsec
success!
