=============================================================
# of xstreams:             68
# of threads:              680
# of repeats:              11
Use pthread:               false
Preemption:                On
# of preemption groups:    68
Preemption timer interval: 1000 usec
Preemption type:           ABT_PREEMPTION_NEW_ES
# of iterations:           5000000
=============================================================

Iteration 0 started...  [elapsed] 870685482 nsec
Iteration 1 started...  [elapsed] 869384838 nsec
Iteration 2 started...  [elapsed] 867528171 nsec
Iteration 3 started...  [elapsed] 867634233 nsec
Iteration 4 started...  [elapsed] 867557998 nsec
Iteration 5 started...  [elapsed] 867757628 nsec
Iteration 6 started...  [elapsed] 869149217 nsec
Iteration 7 started...  [elapsed] 867602193 nsec
Iteration 8 started...  [elapsed] 867821278 nsec
Iteration 9 started...  [elapsed] 867519270 nsec
Iteration 10 started...  [elapsed] 867609911 nsec
success!
