=============================================================
# of xstreams:             68
# of threads:              680
# of repeats:              11
Use pthread:               false
Preemption:                On
# of preemption groups:    68
Preemption timer interval: 1000 usec
Preemption type:           ABT_PREEMPTION_NEW_ES
# of iterations:           5000000
=============================================================

Iteration 0 started...  [elapsed] 870460122 nsec
Iteration 1 started...  [elapsed] 868390300 nsec
Iteration 2 started...  [elapsed] 867845272 nsec
Iteration 3 started...  [elapsed] 867890463 nsec
Iteration 4 started...  [elapsed] 868063672 nsec
Iteration 5 started...  [elapsed] 867857659 nsec
Iteration 6 started...  [elapsed] 868042189 nsec
Iteration 7 started...  [elapsed] 867864369 nsec
Iteration 8 started...  [elapsed] 867862293 nsec
Iteration 9 started...  [elapsed] 867732538 nsec
Iteration 10 started...  [elapsed] 867899141 nsec
success!
