=============================================================
# of xstreams:             68
# of threads:              680
# of repeats:              11
Use pthread:               false
Preemption:                On
# of preemption groups:    68
Preemption timer interval: 10000 usec
Preemption type:           ABT_PREEMPTION_NEW_ES
# of iterations:           5000000
=============================================================

Iteration 0 started...  [elapsed] 817158127 nsec
Iteration 1 started...  [elapsed] 815096392 nsec
Iteration 2 started...  [elapsed] 814893539 nsec
Iteration 3 started...  [elapsed] 814998155 nsec
Iteration 4 started...  [elapsed] 815087627 nsec
Iteration 5 started...  [elapsed] 814923849 nsec
Iteration 6 started...  [elapsed] 815040295 nsec
Iteration 7 started...  [elapsed] 815155653 nsec
Iteration 8 started...  [elapsed] 815010008 nsec
Iteration 9 started...  [elapsed] 814809805 nsec
Iteration 10 started...  [elapsed] 814895481 nsec
success!
