=============================================================
# of xstreams:             68
# of threads:              680
# of repeats:              11
Use pthread:               false
Preemption:                On
# of preemption groups:    68
Preemption timer interval: 10000 usec
Preemption type:           ABT_PREEMPTION_NEW_ES
# of iterations:           5000000
=============================================================

Iteration 0 started...  [elapsed] 817341085 nsec
Iteration 1 started...  [elapsed] 814884681 nsec
Iteration 2 started...  [elapsed] 814869935 nsec
Iteration 3 started...  [elapsed] 814976727 nsec
Iteration 4 started...  [elapsed] 815059534 nsec
Iteration 5 started...  [elapsed] 814951211 nsec
Iteration 6 started...  [elapsed] 815103250 nsec
Iteration 7 started...  [elapsed] 815086072 nsec
Iteration 8 started...  [elapsed] 815117316 nsec
Iteration 9 started...  [elapsed] 815118955 nsec
Iteration 10 started...  [elapsed] 814967102 nsec
success!
