=============================================================
# of xstreams:             68
# of threads:              680
# of repeats:              11
Use pthread:               false
Preemption:                On
# of preemption groups:    68
Preemption timer interval: 10000 usec
Preemption type:           ABT_PREEMPTION_NEW_ES
# of iterations:           5000000
=============================================================

Iteration 0 started...  [elapsed] 817346276 nsec
Iteration 1 started...  [elapsed] 815204916 nsec
Iteration 2 started...  [elapsed] 815122723 nsec
Iteration 3 started...  [elapsed] 815098942 nsec
Iteration 4 started...  [elapsed] 815044105 nsec
Iteration 5 started...  [elapsed] 815117518 nsec
Iteration 6 started...  [elapsed] 815124139 nsec
Iteration 7 started...  [elapsed] 815223340 nsec
Iteration 8 started...  [elapsed] 815048505 nsec
Iteration 9 started...  [elapsed] 815264092 nsec
Iteration 10 started...  [elapsed] 815132424 nsec
success!
