=============================================================
# of xstreams:             68
# of threads:              680
# of repeats:              11
Use pthread:               false
Preemption:                On
# of preemption groups:    68
Preemption timer interval: 10000 usec
Preemption type:           ABT_PREEMPTION_NEW_ES
# of iterations:           5000000
=============================================================

Iteration 0 started...  [elapsed] 816912260 nsec
Iteration 1 started...  [elapsed] 815532102 nsec
Iteration 2 started...  [elapsed] 814970711 nsec
Iteration 3 started...  [elapsed] 815032403 nsec
Iteration 4 started...  [elapsed] 815069435 nsec
Iteration 5 started...  [elapsed] 815039613 nsec
Iteration 6 started...  [elapsed] 815114909 nsec
Iteration 7 started...  [elapsed] 815003798 nsec
Iteration 8 started...  [elapsed] 814985845 nsec
Iteration 9 started...  [elapsed] 814997863 nsec
Iteration 10 started...  [elapsed] 815031970 nsec
success!
