=============================================================
# of xstreams:             68
# of threads:              680
# of repeats:              11
Use pthread:               false
Preemption:                On
# of preemption groups:    68
Preemption timer interval: 10000 usec
Preemption type:           ABT_PREEMPTION_NEW_ES
# of iterations:           5000000
=============================================================

Iteration 0 started...  [elapsed] 817712027 nsec
Iteration 1 started...  [elapsed] 815414361 nsec
Iteration 2 started...  [elapsed] 815071927 nsec
Iteration 3 started...  [elapsed] 815105869 nsec
Iteration 4 started...  [elapsed] 815055294 nsec
Iteration 5 started...  [elapsed] 815015681 nsec
Iteration 6 started...  [elapsed] 815070795 nsec
Iteration 7 started...  [elapsed] 814984210 nsec
Iteration 8 started...  [elapsed] 815074824 nsec
Iteration 9 started...  [elapsed] 815061116 nsec
Iteration 10 started...  [elapsed] 815061896 nsec
success!
