=============================================================
# of xstreams:             68
# of threads:              680
# of repeats:              11
Use pthread:               false
Preemption:                On
# of preemption groups:    68
Preemption timer interval: 1000 usec
Preemption type:           ABT_PREEMPTION_NEW_ES
# of iterations:           5000000
=============================================================

Iteration 0 started...  [elapsed] 870833762 nsec
Iteration 1 started...  [elapsed] 870412877 nsec
Iteration 2 started...  [elapsed] 867456509 nsec
Iteration 3 started...  [elapsed] 867726766 nsec
Iteration 4 started...  [elapsed] 867786062 nsec
Iteration 5 started...  [elapsed] 867598987 nsec
Iteration 6 started...  [elapsed] 867741305 nsec
Iteration 7 started...  [elapsed] 867679471 nsec
Iteration 8 started...  [elapsed] 867723769 nsec
Iteration 9 started...  [elapsed] 867683292 nsec
Iteration 10 started...  [elapsed] 867754080 nsec
success!
