=============================================================
# of xstreams:             68
# of threads:              680
# of repeats:              11
Use pthread:               false
Preemption:                On
# of preemption groups:    68
Preemption timer interval: 1000 usec
Preemption type:           ABT_PREEMPTION_NEW_ES
# of iterations:           5000000
=============================================================

Iteration 0 started...  [elapsed] 870461405 nsec
Iteration 1 started...  [elapsed] 869404831 nsec
Iteration 2 started...  [elapsed] 868250863 nsec
Iteration 3 started...  [elapsed] 868070946 nsec
Iteration 4 started...  [elapsed] 868190171 nsec
Iteration 5 started...  [elapsed] 868177822 nsec
Iteration 6 started...  [elapsed] 868037773 nsec
Iteration 7 started...  [elapsed] 868179388 nsec
Iteration 8 started...  [elapsed] 868100425 nsec
Iteration 9 started...  [elapsed] 868060180 nsec
Iteration 10 started...  [elapsed] 869067478 nsec
success!
