=============================================================
# of xstreams:             68
# of threads:              680
# of repeats:              11
Use pthread:               false
Preemption:                On
# of preemption groups:    68
Preemption timer interval: 1500 usec
Preemption type:           ABT_PREEMPTION_NEW_ES
# of iterations:           5000000
=============================================================

Iteration 0 started...  [elapsed] 849756415 nsec
Iteration 1 started...  [elapsed] 847798341 nsec
Iteration 2 started...  [elapsed] 847186167 nsec
Iteration 3 started...  [elapsed] 847314271 nsec
Iteration 4 started...  [elapsed] 847192303 nsec
Iteration 5 started...  [elapsed] 847247064 nsec
Iteration 6 started...  [elapsed] 847611884 nsec
Iteration 7 started...  [elapsed] 847213687 nsec
Iteration 8 started...  [elapsed] 847219828 nsec
Iteration 9 started...  [elapsed] 847293897 nsec
Iteration 10 started...  [elapsed] 847372953 nsec
success!
