=============================================================
# of xstreams:             68
# of threads:              680
# of repeats:              11
Use pthread:               false
Preemption:                On
# of preemption groups:    68
Preemption timer interval: 1500 usec
Preemption type:           ABT_PREEMPTION_NEW_ES
# of iterations:           5000000
=============================================================

Iteration 0 started...  [elapsed] 851723079 nsec
Iteration 1 started...  [elapsed] 847316806 nsec
Iteration 2 started...  [elapsed] 847277974 nsec
Iteration 3 started...  [elapsed] 847291367 nsec
Iteration 4 started...  [elapsed] 847338167 nsec
Iteration 5 started...  [elapsed] 847240976 nsec
Iteration 6 started...  [elapsed] 847684240 nsec
Iteration 7 started...  [elapsed] 847289487 nsec
Iteration 8 started...  [elapsed] 847433006 nsec
Iteration 9 started...  [elapsed] 847264379 nsec
Iteration 10 started...  [elapsed] 847240171 nsec
success!
