=============================================================
# of xstreams:             68
# of threads:              680
# of repeats:              11
Use pthread:               false
Preemption:                On
# of preemption groups:    68
Preemption timer interval: 1500 usec
Preemption type:           ABT_PREEMPTION_NEW_ES
# of iterations:           5000000
=============================================================

Iteration 0 started...  [elapsed] 849982081 nsec
Iteration 1 started...  [elapsed] 847735815 nsec
Iteration 2 started...  [elapsed] 847681714 nsec
Iteration 3 started...  [elapsed] 847480071 nsec
Iteration 4 started...  [elapsed] 847188738 nsec
Iteration 5 started...  [elapsed] 847270036 nsec
Iteration 6 started...  [elapsed] 847442913 nsec
Iteration 7 started...  [elapsed] 847308922 nsec
Iteration 8 started...  [elapsed] 847694103 nsec
Iteration 9 started...  [elapsed] 847357309 nsec
Iteration 10 started...  [elapsed] 847237849 nsec
success!
