=============================================================
# of xstreams:             68
# of threads:              680
# of repeats:              11
Use pthread:               false
Preemption:                On
# of preemption groups:    68
Preemption timer interval: 1500 usec
Preemption type:           ABT_PREEMPTION_NEW_ES
# of iterations:           5000000
=============================================================

Iteration 0 started...  [elapsed] 849835394 nsec
Iteration 1 started...  [elapsed] 847380126 nsec
Iteration 2 started...  [elapsed] 847208575 nsec
Iteration 3 started...  [elapsed] 847223186 nsec
Iteration 4 started...  [elapsed] 847720632 nsec
Iteration 5 started...  [elapsed] 847317764 nsec
Iteration 6 started...  [elapsed] 847346098 nsec
Iteration 7 started...  [elapsed] 847259997 nsec
Iteration 8 started...  [elapsed] 847264936 nsec
Iteration 9 started...  [elapsed] 847208955 nsec
Iteration 10 started...  [elapsed] 847331695 nsec
success!
