=============================================================
# of xstreams:             68
# of threads:              680
# of repeats:              11
Use pthread:               false
Preemption:                On
# of preemption groups:    68
Preemption timer interval: 2000 usec
Preemption type:           ABT_PREEMPTION_NEW_ES
# of iterations:           5000000
=============================================================

Iteration 0 started...  [elapsed] 840247845 nsec
Iteration 1 started...  [elapsed] 837907234 nsec
Iteration 2 started...  [elapsed] 837572813 nsec
Iteration 3 started...  [elapsed] 837556279 nsec
Iteration 4 started...  [elapsed] 837510259 nsec
Iteration 5 started...  [elapsed] 837502827 nsec
Iteration 6 started...  [elapsed] 837433264 nsec
Iteration 7 started...  [elapsed] 837930115 nsec
Iteration 8 started...  [elapsed] 837765565 nsec
Iteration 9 started...  [elapsed] 837389175 nsec
Iteration 10 started...  [elapsed] 838026381 nsec
success!
