=============================================================
# of xstreams:             68
# of threads:              680
# of repeats:              11
Use pthread:               false
Preemption:                On
# of preemption groups:    68
Preemption timer interval: 2000 usec
Preemption type:           ABT_PREEMPTION_NEW_ES
# of iterations:           5000000
=============================================================

Iteration 0 started...  [elapsed] 840231697 nsec
Iteration 1 started...  [elapsed] 838105612 nsec
Iteration 2 started...  [elapsed] 837857616 nsec
Iteration 3 started...  [elapsed] 837498507 nsec
Iteration 4 started...  [elapsed] 838019292 nsec
Iteration 5 started...  [elapsed] 837571311 nsec
Iteration 6 started...  [elapsed] 837610447 nsec
Iteration 7 started...  [elapsed] 837274433 nsec
Iteration 8 started...  [elapsed] 837568262 nsec
Iteration 9 started...  [elapsed] 837614971 nsec
Iteration 10 started...  [elapsed] 838082412 nsec
success!
