=============================================================
# of xstreams:             68
# of threads:              680
# of repeats:              11
Use pthread:               false
Preemption:                On
# of preemption groups:    68
Preemption timer interval: 2000 usec
Preemption type:           ABT_PREEMPTION_NEW_ES
# of iterations:           5000000
=============================================================

Iteration 0 started...  [elapsed] 839913838 nsec
Iteration 1 started...  [elapsed] 837430931 nsec
Iteration 2 started...  [elapsed] 837403136 nsec
Iteration 3 started...  [elapsed] 837473889 nsec
Iteration 4 started...  [elapsed] 837443068 nsec
Iteration 5 started...  [elapsed] 837088771 nsec
Iteration 6 started...  [elapsed] 837399638 nsec
Iteration 7 started...  [elapsed] 837817035 nsec
Iteration 8 started...  [elapsed] 837485133 nsec
Iteration 9 started...  [elapsed] 837478715 nsec
Iteration 10 started...  [elapsed] 837408609 nsec
success!
