=============================================================
# of xstreams:             68
# of threads:              680
# of repeats:              11
Use pthread:               false
Preemption:                On
# of preemption groups:    68
Preemption timer interval: 2000 usec
Preemption type:           ABT_PREEMPTION_NEW_ES
# of iterations:           5000000
=============================================================

Iteration 0 started...  [elapsed] 839810923 nsec
Iteration 1 started...  [elapsed] 837532073 nsec
Iteration 2 started...  [elapsed] 837523097 nsec
Iteration 3 started...  [elapsed] 837232659 nsec
Iteration 4 started...  [elapsed] 837390366 nsec
Iteration 5 started...  [elapsed] 837631460 nsec
Iteration 6 started...  [elapsed] 837365082 nsec
Iteration 7 started...  [elapsed] 837517429 nsec
Iteration 8 started...  [elapsed] 837542234 nsec
Iteration 9 started...  [elapsed] 837495737 nsec
Iteration 10 started...  [elapsed] 837433593 nsec
success!
