=============================================================
# of xstreams:             68
# of threads:              680
# of repeats:              11
Use pthread:               false
Preemption:                On
# of preemption groups:    68
Preemption timer interval: 2000 usec
Preemption type:           ABT_PREEMPTION_NEW_ES
# of iterations:           5000000
=============================================================

Iteration 0 started...  [elapsed] 839991591 nsec
Iteration 1 started...  [elapsed] 838322470 nsec
Iteration 2 started...  [elapsed] 837442279 nsec
Iteration 3 started...  [elapsed] 837405281 nsec
Iteration 4 started...  [elapsed] 837415529 nsec
Iteration 5 started...  [elapsed] 837495987 nsec
Iteration 6 started...  [elapsed] 837530279 nsec
Iteration 7 started...  [elapsed] 837522931 nsec
Iteration 8 started...  [elapsed] 837451163 nsec
Iteration 9 started...  [elapsed] 837942478 nsec
Iteration 10 started...  [elapsed] 837585375 nsec
success!
