=============================================================
# of xstreams:             68
# of threads:              680
# of repeats:              11
Use pthread:               false
Preemption:                On
# of preemption groups:    68
Preemption timer interval: 300 usec
Preemption type:           ABT_PREEMPTION_NEW_ES
# of iterations:           5000000
=============================================================

Iteration 0 started...  [elapsed] 1128986340 nsec
Iteration 1 started...  [elapsed] 1115332548 nsec
Iteration 2 started...  [elapsed] 1118398166 nsec
Iteration 3 started...  [elapsed] 1112906688 nsec
Iteration 4 started...  [elapsed] 1122448881 nsec
Iteration 5 started...  [elapsed] 1115632736 nsec
Iteration 6 started...  [elapsed] 1119089247 nsec
Iteration 7 started...  [elapsed] 1138542720 nsec
Iteration 8 started...  [elapsed] 1133939694 nsec
Iteration 9 started...  [elapsed] 1115014016 nsec
Iteration 10 started...  [elapsed] 1128143984 nsec
success!
