=============================================================
# of xstreams:             68
# of threads:              680
# of repeats:              11
Use pthread:               false
Preemption:                On
# of preemption groups:    68
Preemption timer interval: 3000 usec
Preemption type:           ABT_PREEMPTION_NEW_ES
# of iterations:           5000000
=============================================================

Iteration 0 started...  [elapsed] 829721764 nsec
Iteration 1 started...  [elapsed] 829766712 nsec
Iteration 2 started...  [elapsed] 827771715 nsec
Iteration 3 started...  [elapsed] 827877760 nsec
Iteration 4 started...  [elapsed] 828376088 nsec
Iteration 5 started...  [elapsed] 827698519 nsec
Iteration 6 started...  [elapsed] 827856607 nsec
Iteration 7 started...  [elapsed] 828395114 nsec
Iteration 8 started...  [elapsed] 828313601 nsec
Iteration 9 started...  [elapsed] 828415432 nsec
Iteration 10 started...  [elapsed] 827849721 nsec
success!
