=============================================================
# of xstreams:             68
# of threads:              680
# of repeats:              11
Use pthread:               false
Preemption:                On
# of preemption groups:    68
Preemption timer interval: 3000 usec
Preemption type:           ABT_PREEMPTION_NEW_ES
# of iterations:           5000000
=============================================================

Iteration 0 started...  [elapsed] 830122130 nsec
Iteration 1 started...  [elapsed] 828274075 nsec
Iteration 2 started...  [elapsed] 827765083 nsec
Iteration 3 started...  [elapsed] 827785010 nsec
Iteration 4 started...  [elapsed] 827810025 nsec
Iteration 5 started...  [elapsed] 828488605 nsec
Iteration 6 started...  [elapsed] 827863223 nsec
Iteration 7 started...  [elapsed] 827834007 nsec
Iteration 8 started...  [elapsed] 827750621 nsec
Iteration 9 started...  [elapsed] 828340629 nsec
Iteration 10 started...  [elapsed] 827815651 nsec
success!
