=============================================================
# of xstreams:             68
# of threads:              680
# of repeats:              11
Use pthread:               false
Preemption:                On
# of preemption groups:    68
Preemption timer interval: 3000 usec
Preemption type:           ABT_PREEMPTION_NEW_ES
# of iterations:           5000000
=============================================================

Iteration 0 started...  [elapsed] 830130966 nsec
Iteration 1 started...  [elapsed] 827973672 nsec
Iteration 2 started...  [elapsed] 827776208 nsec
Iteration 3 started...  [elapsed] 827883862 nsec
Iteration 4 started...  [elapsed] 827826193 nsec
Iteration 5 started...  [elapsed] 827713752 nsec
Iteration 6 started...  [elapsed] 827712480 nsec
Iteration 7 started...  [elapsed] 827835186 nsec
Iteration 8 started...  [elapsed] 828284320 nsec
Iteration 9 started...  [elapsed] 828272413 nsec
Iteration 10 started...  [elapsed] 828302872 nsec
success!
