=============================================================
# of xstreams:             68
# of threads:              680
# of repeats:              11
Use pthread:               false
Preemption:                On
# of preemption groups:    68
Preemption timer interval: 3000 usec
Preemption type:           ABT_PREEMPTION_NEW_ES
# of iterations:           5000000
=============================================================

Iteration 0 started...  [elapsed] 830537968 nsec
Iteration 1 started...  [elapsed] 828282806 nsec
Iteration 2 started...  [elapsed] 827865242 nsec
Iteration 3 started...  [elapsed] 827790715 nsec
Iteration 4 started...  [elapsed] 827864053 nsec
Iteration 5 started...  [elapsed] 827946526 nsec
Iteration 6 started...  [elapsed] 827767448 nsec
Iteration 7 started...  [elapsed] 828452233 nsec
Iteration 8 started...  [elapsed] 828302002 nsec
Iteration 9 started...  [elapsed] 827803950 nsec
Iteration 10 started...  [elapsed] 828400449 nsec
success!
