=============================================================
# of xstreams:             68
# of threads:              680
# of repeats:              11
Use pthread:               false
Preemption:                On
# of preemption groups:    68
Preemption timer interval: 300 usec
Preemption type:           ABT_PREEMPTION_NEW_ES
# of iterations:           5000000
=============================================================

Iteration 0 started...  [elapsed] 1206710985 nsec
Iteration 1 started...  [elapsed] 1171743772 nsec
Iteration 2 started...  [elapsed] 1152585380 nsec
Iteration 3 started...  [elapsed] 1145010475 nsec
Iteration 4 started...  [elapsed] 1158988132 nsec
Iteration 5 started...  [elapsed] 1155728394 nsec
Iteration 6 started...  [elapsed] 1193070490 nsec
Iteration 7 started...  [elapsed] 1205272839 nsec
Iteration 8 started...  [elapsed] 1246093588 nsec
Iteration 9 started...  [elapsed] 1178366652 nsec
Iteration 10 started...  [elapsed] 1180115671 nsec
success!
