=============================================================
# of xstreams:             68
# of threads:              680
# of repeats:              11
Use pthread:               false
Preemption:                On
# of preemption groups:    68
Preemption timer interval: 300 usec
Preemption type:           ABT_PREEMPTION_NEW_ES
# of iterations:           5000000
=============================================================

Iteration 0 started...  [elapsed] 1277204285 nsec
Iteration 1 started...  [elapsed] 1173211558 nsec
Iteration 2 started...  [elapsed] 1189183361 nsec
Iteration 3 started...  [elapsed] 1174107859 nsec
Iteration 4 started...  [elapsed] 1173339934 nsec
Iteration 5 started...  [elapsed] 1228782262 nsec
Iteration 6 started...  [elapsed] 1319634231 nsec
Iteration 7 started...  [elapsed] 1242688264 nsec
Iteration 8 started...  [elapsed] 1203887507 nsec
Iteration 9 started...  [elapsed] 1225813798 nsec
Iteration 10 started...  [elapsed] 1189355994 nsec
success!
