=============================================================
# of xstreams:             68
# of threads:              680
# of repeats:              11
Use pthread:               false
Preemption:                On
# of preemption groups:    68
Preemption timer interval: 300 usec
Preemption type:           ABT_PREEMPTION_NEW_ES
# of iterations:           5000000
=============================================================

Iteration 0 started...  [elapsed] 1178543820 nsec
Iteration 1 started...  [elapsed] 1168619423 nsec
Iteration 2 started...  [elapsed] 1133230687 nsec
Iteration 3 started...  [elapsed] 1157954544 nsec
Iteration 4 started...  [elapsed] 1143938158 nsec
Iteration 5 started...  [elapsed] 1147033963 nsec
Iteration 6 started...  [elapsed] 1192391336 nsec
Iteration 7 started...  [elapsed] 1218675249 nsec
Iteration 8 started...  [elapsed] 1151590794 nsec
Iteration 9 started...  [elapsed] 1142519788 nsec
Iteration 10 started...  [elapsed] 1138750096 nsec
success!
