=============================================================
# of xstreams:             68
# of threads:              680
# of repeats:              11
Use pthread:               false
Preemption:                On
# of preemption groups:    68
Preemption timer interval: 300 usec
Preemption type:           ABT_PREEMPTION_NEW_ES
# of iterations:           5000000
=============================================================

Iteration 0 started...  [elapsed] 1127750933 nsec
Iteration 1 started...  [elapsed] 1118671658 nsec
Iteration 2 started...  [elapsed] 1107142243 nsec
Iteration 3 started...  [elapsed] 1109801219 nsec
Iteration 4 started...  [elapsed] 1111879193 nsec
Iteration 5 started...  [elapsed] 1109245675 nsec
Iteration 6 started...  [elapsed] 1112622965 nsec
Iteration 7 started...  [elapsed] 1121635703 nsec
Iteration 8 started...  [elapsed] 1128525183 nsec
Iteration 9 started...  [elapsed] 1107564238 nsec
Iteration 10 started...  [elapsed] 1116706960 nsec
success!
