=============================================================
# of xstreams:             68
# of threads:              680
# of repeats:              11
Use pthread:               false
Preemption:                On
# of preemption groups:    68
Preemption timer interval: 3000 usec
Preemption type:           ABT_PREEMPTION_NEW_ES
# of iterations:           5000000
=============================================================

Iteration 0 started...  [elapsed] 830131037 nsec
Iteration 1 started...  [elapsed] 828165269 nsec
Iteration 2 started...  [elapsed] 828010915 nsec
Iteration 3 started...  [elapsed] 827750555 nsec
Iteration 4 started...  [elapsed] 828303763 nsec
Iteration 5 started...  [elapsed] 828249611 nsec
Iteration 6 started...  [elapsed] 827725771 nsec
Iteration 7 started...  [elapsed] 827683583 nsec
Iteration 8 started...  [elapsed] 827698269 nsec
Iteration 9 started...  [elapsed] 827698994 nsec
Iteration 10 started...  [elapsed] 827777027 nsec
success!
