=============================================================
# of xstreams:             68
# of threads:              680
# of repeats:              11
Use pthread:               false
Preemption:                On
# of preemption groups:    68
Preemption timer interval: 3000 usec
Preemption type:           ABT_PREEMPTION_NEW_ES
# of iterations:           5000000
=============================================================

Iteration 0 started...  [elapsed] 830540008 nsec
Iteration 1 started...  [elapsed] 827833280 nsec
Iteration 2 started...  [elapsed] 827807942 nsec
Iteration 3 started...  [elapsed] 827793448 nsec
Iteration 4 started...  [elapsed] 828315191 nsec
Iteration 5 started...  [elapsed] 827859039 nsec
Iteration 6 started...  [elapsed] 827854702 nsec
Iteration 7 started...  [elapsed] 827788025 nsec
Iteration 8 started...  [elapsed] 827723638 nsec
Iteration 9 started...  [elapsed] 828094826 nsec
Iteration 10 started...  [elapsed] 827763976 nsec
success!
