=============================================================
# of xstreams:             68
# of threads:              680
# of repeats:              11
Use pthread:               false
Preemption:                On
# of preemption groups:    68
Preemption timer interval: 3000 usec
Preemption type:           ABT_PREEMPTION_NEW_ES
# of iterations:           5000000
=============================================================

Iteration 0 started...  [elapsed] 830531452 nsec
Iteration 1 started...  [elapsed] 828576175 nsec
Iteration 2 started...  [elapsed] 827954205 nsec
Iteration 3 started...  [elapsed] 827899127 nsec
Iteration 4 started...  [elapsed] 827783073 nsec
Iteration 5 started...  [elapsed] 828841590 nsec
Iteration 6 started...  [elapsed] 827815164 nsec
Iteration 7 started...  [elapsed] 828283793 nsec
Iteration 8 started...  [elapsed] 828085955 nsec
Iteration 9 started...  [elapsed] 827848964 nsec
Iteration 10 started...  [elapsed] 828314786 nsec
success!
