=============================================================
# of xstreams:             68
# of threads:              680
# of repeats:              11
Use pthread:               false
Preemption:                On
# of preemption groups:    68
Preemption timer interval: 300 usec
Preemption type:           ABT_PREEMPTION_NEW_ES
# of iterations:           5000000
=============================================================

Iteration 0 started...  [elapsed] 1120854723 nsec
Iteration 1 started...  [elapsed] 1128221384 nsec
Iteration 2 started...  [elapsed] 1121503013 nsec
Iteration 3 started...  [elapsed] 1114720969 nsec
Iteration 4 started...  [elapsed] 1119060823 nsec
Iteration 5 started...  [elapsed] 1121673966 nsec
Iteration 6 started...  [elapsed] 1127701658 nsec
Iteration 7 started...  [elapsed] 1127776280 nsec
Iteration 8 started...  [elapsed] 1140210442 nsec
Iteration 9 started...  [elapsed] 1118341714 nsec
Iteration 10 started...  [elapsed] 1119837945 nsec
success!
