=============================================================
# of xstreams:             68
# of threads:              680
# of repeats:              11
Use pthread:               false
Preemption:                On
# of preemption groups:    68
Preemption timer interval: 300 usec
Preemption type:           ABT_PREEMPTION_NEW_ES
# of iterations:           5000000
=============================================================

Iteration 0 started...  [elapsed] 1172548235 nsec
Iteration 1 started...  [elapsed] 1134564812 nsec
Iteration 2 started...  [elapsed] 1115571370 nsec
Iteration 3 started...  [elapsed] 1133844351 nsec
Iteration 4 started...  [elapsed] 1119204550 nsec
Iteration 5 started...  [elapsed] 1128937842 nsec
Iteration 6 started...  [elapsed] 1122648085 nsec
Iteration 7 started...  [elapsed] 1128224196 nsec
Iteration 8 started...  [elapsed] 1154712622 nsec
Iteration 9 started...  [elapsed] 1122787940 nsec
Iteration 10 started...  [elapsed] 1132915964 nsec
success!
