=============================================================
# of xstreams:             68
# of threads:              680
# of repeats:              11
Use pthread:               false
Preemption:                On
# of preemption groups:    68
Preemption timer interval: 500 usec
Preemption type:           ABT_PREEMPTION_NEW_ES
# of iterations:           5000000
=============================================================

Iteration 0 started...  [elapsed] 938456324 nsec
Iteration 1 started...  [elapsed] 936986028 nsec
Iteration 2 started...  [elapsed] 936106084 nsec
Iteration 3 started...  [elapsed] 936394949 nsec
Iteration 4 started...  [elapsed] 936301903 nsec
Iteration 5 started...  [elapsed] 936396140 nsec
Iteration 6 started...  [elapsed] 936365599 nsec
Iteration 7 started...  [elapsed] 936788231 nsec
Iteration 8 started...  [elapsed] 936273000 nsec
Iteration 9 started...  [elapsed] 936420083 nsec
Iteration 10 started...  [elapsed] 937602805 nsec
success!
