=============================================================
# of xstreams:             68
# of threads:              680
# of repeats:              11
Use pthread:               false
Preemption:                On
# of preemption groups:    68
Preemption timer interval: 5000 usec
Preemption type:           ABT_PREEMPTION_NEW_ES
# of iterations:           5000000
=============================================================

Iteration 0 started...  [elapsed] 822753378 nsec
Iteration 1 started...  [elapsed] 820674171 nsec
Iteration 2 started...  [elapsed] 820460201 nsec
Iteration 3 started...  [elapsed] 820445904 nsec
Iteration 4 started...  [elapsed] 820484973 nsec
Iteration 5 started...  [elapsed] 820509143 nsec
Iteration 6 started...  [elapsed] 820446371 nsec
Iteration 7 started...  [elapsed] 820560980 nsec
Iteration 8 started...  [elapsed] 820772181 nsec
Iteration 9 started...  [elapsed] 820418953 nsec
Iteration 10 started...  [elapsed] 820648936 nsec
success!
