=============================================================
# of xstreams:             68
# of threads:              680
# of repeats:              11
Use pthread:               false
Preemption:                On
# of preemption groups:    68
Preemption timer interval: 5000 usec
Preemption type:           ABT_PREEMPTION_NEW_ES
# of iterations:           5000000
=============================================================

Iteration 0 started...  [elapsed] 822720584 nsec
Iteration 1 started...  [elapsed] 820533384 nsec
Iteration 2 started...  [elapsed] 820482959 nsec
Iteration 3 started...  [elapsed] 820535525 nsec
Iteration 4 started...  [elapsed] 820472932 nsec
Iteration 5 started...  [elapsed] 820918586 nsec
Iteration 6 started...  [elapsed] 820518630 nsec
Iteration 7 started...  [elapsed] 820648272 nsec
Iteration 8 started...  [elapsed] 820883863 nsec
Iteration 9 started...  [elapsed] 820514902 nsec
Iteration 10 started...  [elapsed] 820445982 nsec
success!
