=============================================================
# of xstreams:             68
# of threads:              680
# of repeats:              11
Use pthread:               false
Preemption:                On
# of preemption groups:    68
Preemption timer interval: 500 usec
Preemption type:           ABT_PREEMPTION_NEW_ES
# of iterations:           5000000
=============================================================

Iteration 0 started...  [elapsed] 941263867 nsec
Iteration 1 started...  [elapsed] 937341230 nsec
Iteration 2 started...  [elapsed] 937762773 nsec
Iteration 3 started...  [elapsed] 937018543 nsec
Iteration 4 started...  [elapsed] 937066083 nsec
Iteration 5 started...  [elapsed] 937140493 nsec
Iteration 6 started...  [elapsed] 937172405 nsec
Iteration 7 started...  [elapsed] 937069516 nsec
Iteration 8 started...  [elapsed] 936922978 nsec
Iteration 9 started...  [elapsed] 937081877 nsec
Iteration 10 started...  [elapsed] 938338233 nsec
success!
