=============================================================
# of xstreams:             68
# of threads:              680
# of repeats:              11
Use pthread:               false
Preemption:                On
# of preemption groups:    68
Preemption timer interval: 5000 usec
Preemption type:           ABT_PREEMPTION_NEW_ES
# of iterations:           5000000
=============================================================

Iteration 0 started...  [elapsed] 822669801 nsec
Iteration 1 started...  [elapsed] 820915438 nsec
Iteration 2 started...  [elapsed] 821230787 nsec
Iteration 3 started...  [elapsed] 820621969 nsec
Iteration 4 started...  [elapsed] 820490938 nsec
Iteration 5 started...  [elapsed] 820433260 nsec
Iteration 6 started...  [elapsed] 820543660 nsec
Iteration 7 started...  [elapsed] 820451630 nsec
Iteration 8 started...  [elapsed] 820486542 nsec
Iteration 9 started...  [elapsed] 820472685 nsec
Iteration 10 started...  [elapsed] 820700511 nsec
success!
