=============================================================
# of xstreams:             68
# of threads:              680
# of repeats:              11
Use pthread:               false
Preemption:                On
# of preemption groups:    68
Preemption timer interval: 5000 usec
Preemption type:           ABT_PREEMPTION_NEW_ES
# of iterations:           5000000
=============================================================

Iteration 0 started...  [elapsed] 822864864 nsec
Iteration 1 started...  [elapsed] 820543892 nsec
Iteration 2 started...  [elapsed] 820740749 nsec
Iteration 3 started...  [elapsed] 820495704 nsec
Iteration 4 started...  [elapsed] 820405349 nsec
Iteration 5 started...  [elapsed] 820478721 nsec
Iteration 6 started...  [elapsed] 820529375 nsec
Iteration 7 started...  [elapsed] 820418294 nsec
Iteration 8 started...  [elapsed] 820542920 nsec
Iteration 9 started...  [elapsed] 820481923 nsec
Iteration 10 started...  [elapsed] 820457590 nsec
success!
