=============================================================
# of xstreams:             68
# of threads:              680
# of repeats:              11
Use pthread:               false
Preemption:                On
# of preemption groups:    68
Preemption timer interval: 500 usec
Preemption type:           ABT_PREEMPTION_NEW_ES
# of iterations:           5000000
=============================================================

Iteration 0 started...  [elapsed] 940283122 nsec
Iteration 1 started...  [elapsed] 938437953 nsec
Iteration 2 started...  [elapsed] 936495175 nsec
Iteration 3 started...  [elapsed] 936042421 nsec
Iteration 4 started...  [elapsed] 935869622 nsec
Iteration 5 started...  [elapsed] 936476580 nsec
Iteration 6 started...  [elapsed] 936434423 nsec
Iteration 7 started...  [elapsed] 935969888 nsec
Iteration 8 started...  [elapsed] 935990664 nsec
Iteration 9 started...  [elapsed] 936128952 nsec
Iteration 10 started...  [elapsed] 937395701 nsec
success!
