=============================================================
# of xstreams:             68
# of threads:              680
# of repeats:              11
Use pthread:               false
Preemption:                On
# of preemption groups:    68
Preemption timer interval: 5000 usec
Preemption type:           ABT_PREEMPTION_NEW_ES
# of iterations:           5000000
=============================================================

Iteration 0 started...  [elapsed] 822840567 nsec
Iteration 1 started...  [elapsed] 820522238 nsec
Iteration 2 started...  [elapsed] 820617874 nsec
Iteration 3 started...  [elapsed] 820569534 nsec
Iteration 4 started...  [elapsed] 820537351 nsec
Iteration 5 started...  [elapsed] 820556234 nsec
Iteration 6 started...  [elapsed] 820568965 nsec
Iteration 7 started...  [elapsed] 820584584 nsec
Iteration 8 started...  [elapsed] 820729437 nsec
Iteration 9 started...  [elapsed] 820822089 nsec
Iteration 10 started...  [elapsed] 820482822 nsec
success!
