=============================================================
# of xstreams:             68
# of threads:              680
# of repeats:              11
Use pthread:               false
Preemption:                On
# of preemption groups:    68
Preemption timer interval: 500 usec
Preemption type:           ABT_PREEMPTION_NEW_ES
# of iterations:           5000000
=============================================================

Iteration 0 started...  [elapsed] 939030913 nsec
Iteration 1 started...  [elapsed] 936468810 nsec
Iteration 2 started...  [elapsed] 936270788 nsec
Iteration 3 started...  [elapsed] 936358440 nsec
Iteration 4 started...  [elapsed] 936518913 nsec
Iteration 5 started...  [elapsed] 936251602 nsec
Iteration 6 started...  [elapsed] 936275462 nsec
Iteration 7 started...  [elapsed] 936327766 nsec
Iteration 8 started...  [elapsed] 936514739 nsec
Iteration 9 started...  [elapsed] 936203708 nsec
Iteration 10 started...  [elapsed] 937716419 nsec
success!
