=============================================================
# of xstreams:             68
# of threads:              680
# of repeats:              11
Use pthread:               false
Preemption:                On
# of preemption groups:    68
Preemption timer interval: 5000 usec
Preemption type:           ABT_PREEMPTION_NEW_ES
# of iterations:           5000000
=============================================================

Iteration 0 started...  [elapsed] 822973656 nsec
Iteration 1 started...  [elapsed] 821563794 nsec
Iteration 2 started...  [elapsed] 820544122 nsec
Iteration 3 started...  [elapsed] 820436821 nsec
Iteration 4 started...  [elapsed] 820519909 nsec
Iteration 5 started...  [elapsed] 820612376 nsec
Iteration 6 started...  [elapsed] 820576796 nsec
Iteration 7 started...  [elapsed] 820548932 nsec
Iteration 8 started...  [elapsed] 820814214 nsec
Iteration 9 started...  [elapsed] 820541000 nsec
Iteration 10 started...  [elapsed] 820561656 nsec
success!
