=============================================================
# of xstreams:             68
# of threads:              680
# of repeats:              11
Use pthread:               false
Preemption:                On
# of preemption groups:    68
Preemption timer interval: 5000 usec
Preemption type:           ABT_PREEMPTION_NEW_ES
# of iterations:           5000000
=============================================================

Iteration 0 started...  [elapsed] 822972475 nsec
Iteration 1 started...  [elapsed] 821093570 nsec
Iteration 2 started...  [elapsed] 820480347 nsec
Iteration 3 started...  [elapsed] 820527125 nsec
Iteration 4 started...  [elapsed] 820561598 nsec
Iteration 5 started...  [elapsed] 820454083 nsec
Iteration 6 started...  [elapsed] 820601829 nsec
Iteration 7 started...  [elapsed] 820499070 nsec
Iteration 8 started...  [elapsed] 820502414 nsec
Iteration 9 started...  [elapsed] 820565680 nsec
Iteration 10 started...  [elapsed] 820514681 nsec
success!
