=============================================================
# of xstreams:             68
# of threads:              680
# of repeats:              11
Use pthread:               false
Preemption:                On
# of preemption groups:    68
Preemption timer interval: 7000 usec
Preemption type:           ABT_PREEMPTION_NEW_ES
# of iterations:           5000000
=============================================================

Iteration 0 started...  [elapsed] 819624658 nsec
Iteration 1 started...  [elapsed] 817484824 nsec
Iteration 2 started...  [elapsed] 817416329 nsec
Iteration 3 started...  [elapsed] 817385235 nsec
Iteration 4 started...  [elapsed] 817336792 nsec
Iteration 5 started...  [elapsed] 817280004 nsec
Iteration 6 started...  [elapsed] 817271763 nsec
Iteration 7 started...  [elapsed] 817450050 nsec
Iteration 8 started...  [elapsed] 817282525 nsec
Iteration 9 started...  [elapsed] 817398316 nsec
Iteration 10 started...  [elapsed] 817517129 nsec
success!
