=============================================================
# of xstreams:             68
# of threads:              680
# of repeats:              11
Use pthread:               false
Preemption:                On
# of preemption groups:    68
Preemption timer interval: 7000 usec
Preemption type:           ABT_PREEMPTION_NEW_ES
# of iterations:           5000000
=============================================================

Iteration 0 started...  [elapsed] 819584669 nsec
Iteration 1 started...  [elapsed] 817535362 nsec
Iteration 2 started...  [elapsed] 817403649 nsec
Iteration 3 started...  [elapsed] 817336227 nsec
Iteration 4 started...  [elapsed] 817270624 nsec
Iteration 5 started...  [elapsed] 817476328 nsec
Iteration 6 started...  [elapsed] 817480570 nsec
Iteration 7 started...  [elapsed] 817358753 nsec
Iteration 8 started...  [elapsed] 817415640 nsec
Iteration 9 started...  [elapsed] 817503930 nsec
Iteration 10 started...  [elapsed] 817395940 nsec
success!
