=============================================================
# of xstreams:             68
# of threads:              680
# of repeats:              11
Use pthread:               false
Preemption:                On
# of preemption groups:    68
Preemption timer interval: 700 usec
Preemption type:           ABT_PREEMPTION_NEW_ES
# of iterations:           5000000
=============================================================

Iteration 0 started...  [elapsed] 897611225 nsec
Iteration 1 started...  [elapsed] 897103413 nsec
Iteration 2 started...  [elapsed] 895334179 nsec
Iteration 3 started...  [elapsed] 895333095 nsec
Iteration 4 started...  [elapsed] 895250612 nsec
Iteration 5 started...  [elapsed] 895130586 nsec
Iteration 6 started...  [elapsed] 895672211 nsec
Iteration 7 started...  [elapsed] 895332652 nsec
Iteration 8 started...  [elapsed] 895413590 nsec
Iteration 9 started...  [elapsed] 895371429 nsec
Iteration 10 started...  [elapsed] 895736853 nsec
success!
