=============================================================
# of xstreams:             68
# of threads:              680
# of repeats:              11
Use pthread:               false
Preemption:                On
# of preemption groups:    68
Preemption timer interval: 700 usec
Preemption type:           ABT_PREEMPTION_NEW_ES
# of iterations:           5000000
=============================================================

Iteration 0 started...  [elapsed] 897631309 nsec
Iteration 1 started...  [elapsed] 895589381 nsec
Iteration 2 started...  [elapsed] 895587440 nsec
Iteration 3 started...  [elapsed] 895490711 nsec
Iteration 4 started...  [elapsed] 895707259 nsec
Iteration 5 started...  [elapsed] 895426454 nsec
Iteration 6 started...  [elapsed] 895488022 nsec
Iteration 7 started...  [elapsed] 895517703 nsec
Iteration 8 started...  [elapsed] 895309919 nsec
Iteration 9 started...  [elapsed] 895352875 nsec
Iteration 10 started...  [elapsed] 895901057 nsec
success!
