=============================================================
# of xstreams:             68
# of threads:              680
# of repeats:              11
Use pthread:               false
Preemption:                On
# of preemption groups:    68
Preemption timer interval: 7000 usec
Preemption type:           ABT_PREEMPTION_NEW_ES
# of iterations:           5000000
=============================================================

Iteration 0 started...  [elapsed] 819174034 nsec
Iteration 1 started...  [elapsed] 817423613 nsec
Iteration 2 started...  [elapsed] 817501500 nsec
Iteration 3 started...  [elapsed] 817356588 nsec
Iteration 4 started...  [elapsed] 818387228 nsec
Iteration 5 started...  [elapsed] 817318232 nsec
Iteration 6 started...  [elapsed] 817394264 nsec
Iteration 7 started...  [elapsed] 817421022 nsec
Iteration 8 started...  [elapsed] 817375425 nsec
Iteration 9 started...  [elapsed] 817294350 nsec
Iteration 10 started...  [elapsed] 817491196 nsec
success!
