=============================================================
# of xstreams:             68
# of threads:              680
# of repeats:              11
Use pthread:               false
Preemption:                On
# of preemption groups:    68
Preemption timer interval: 7000 usec
Preemption type:           ABT_PREEMPTION_NEW_ES
# of iterations:           5000000
=============================================================

Iteration 0 started...  [elapsed] 818894968 nsec
Iteration 1 started...  [elapsed] 817434735 nsec
Iteration 2 started...  [elapsed] 817399330 nsec
Iteration 3 started...  [elapsed] 817360454 nsec
Iteration 4 started...  [elapsed] 817351878 nsec
Iteration 5 started...  [elapsed] 817261080 nsec
Iteration 6 started...  [elapsed] 817421385 nsec
Iteration 7 started...  [elapsed] 817457309 nsec
Iteration 8 started...  [elapsed] 817338182 nsec
Iteration 9 started...  [elapsed] 817285166 nsec
Iteration 10 started...  [elapsed] 817505405 nsec
success!
