=============================================================
# of xstreams:             68
# of threads:              680
# of repeats:              11
Use pthread:               false
Preemption:                On
# of preemption groups:    68
Preemption timer interval: 7000 usec
Preemption type:           ABT_PREEMPTION_NEW_ES
# of iterations:           5000000
=============================================================

Iteration 0 started...  [elapsed] 819214604 nsec
Iteration 1 started...  [elapsed] 817399804 nsec
Iteration 2 started...  [elapsed] 817386259 nsec
Iteration 3 started...  [elapsed] 817503504 nsec
Iteration 4 started...  [elapsed] 817526794 nsec
Iteration 5 started...  [elapsed] 817393343 nsec
Iteration 6 started...  [elapsed] 817330489 nsec
Iteration 7 started...  [elapsed] 817496539 nsec
Iteration 8 started...  [elapsed] 817526517 nsec
Iteration 9 started...  [elapsed] 817338205 nsec
Iteration 10 started...  [elapsed] 817374878 nsec
success!
