=============================================================
# of xstreams:             68
# of threads:              680
# of repeats:              11
Use pthread:               false
Preemption:                On
# of preemption groups:    68
Preemption timer interval: 700 usec
Preemption type:           ABT_PREEMPTION_NEW_ES
# of iterations:           5000000
=============================================================

Iteration 0 started...  [elapsed] 898279814 nsec
Iteration 1 started...  [elapsed] 897126032 nsec
Iteration 2 started...  [elapsed] 895383409 nsec
Iteration 3 started...  [elapsed] 895459967 nsec
Iteration 4 started...  [elapsed] 895143702 nsec
Iteration 5 started...  [elapsed] 895341997 nsec
Iteration 6 started...  [elapsed] 895440828 nsec
Iteration 7 started...  [elapsed] 895401997 nsec
Iteration 8 started...  [elapsed] 895404310 nsec
Iteration 9 started...  [elapsed] 895646508 nsec
Iteration 10 started...  [elapsed] 896018962 nsec
success!
