=============================================================
# of xstreams:             68
# of threads:              680
# of repeats:              11
Use pthread:               false
Preemption:                On
# of preemption groups:    68
Preemption timer interval: 7000 usec
Preemption type:           ABT_PREEMPTION_NEW_ES
# of iterations:           5000000
=============================================================

Iteration 0 started...  [elapsed] 819245067 nsec
Iteration 1 started...  [elapsed] 817477121 nsec
Iteration 2 started...  [elapsed] 817460432 nsec
Iteration 3 started...  [elapsed] 817203380 nsec
Iteration 4 started...  [elapsed] 817320300 nsec
Iteration 5 started...  [elapsed] 817391786 nsec
Iteration 6 started...  [elapsed] 817321058 nsec
Iteration 7 started...  [elapsed] 817427693 nsec
Iteration 8 started...  [elapsed] 817326204 nsec
Iteration 9 started...  [elapsed] 817347396 nsec
Iteration 10 started...  [elapsed] 817379134 nsec
success!
