=============================================================
# of xstreams:             68
# of threads:              680
# of repeats:              11
Use pthread:               false
Preemption:                On
# of preemption groups:    68
Preemption timer interval: 700 usec
Preemption type:           ABT_PREEMPTION_NEW_ES
# of iterations:           5000000
=============================================================

Iteration 0 started...  [elapsed] 898270665 nsec
Iteration 1 started...  [elapsed] 895558040 nsec
Iteration 2 started...  [elapsed] 895442368 nsec
Iteration 3 started...  [elapsed] 895405065 nsec
Iteration 4 started...  [elapsed] 895494180 nsec
Iteration 5 started...  [elapsed] 895437636 nsec
Iteration 6 started...  [elapsed] 895498280 nsec
Iteration 7 started...  [elapsed] 895358811 nsec
Iteration 8 started...  [elapsed] 895673048 nsec
Iteration 9 started...  [elapsed] 895629798 nsec
Iteration 10 started...  [elapsed] 895869635 nsec
success!
