=============================================================
# of xstreams:             56
# of threads:              560
# of repeats:              11
Use pthread:               false
Preemption:                On
# of preemption groups:    56
Preemption timer interval: 10000 usec
Preemption type:           ABT_PREEMPTION_NEW_ES
# of iterations:           30000000
=============================================================

Iteration 0 started...  [elapsed] 1088919645 nsec
Iteration 1 started...  [elapsed] 1088885564 nsec
Iteration 2 started...  [elapsed] 1088975527 nsec
Iteration 3 started...  [elapsed] 1088339361 nsec
Iteration 4 started...  [elapsed] 1088417988 nsec
Iteration 5 started...  [elapsed] 1088411468 nsec
Iteration 6 started...  [elapsed] 1088940423 nsec
Iteration 7 started...  [elapsed] 1089013256 nsec
Iteration 8 started...  [elapsed] 1088865175 nsec
Iteration 9 started...  [elapsed] 1088577840 nsec
Iteration 10 started...  [elapsed] 1089745880 nsec
success!
