=============================================================
# of xstreams:             56
# of threads:              560
# of repeats:              11
Use pthread:               false
Preemption:                On
# of preemption groups:    56
Preemption timer interval: 1000 usec
Preemption type:           ABT_PREEMPTION_NEW_ES
# of iterations:           30000000
=============================================================

Iteration 0 started...  [elapsed] 1098075053 nsec
Iteration 1 started...  [elapsed] 1099932803 nsec
Iteration 2 started...  [elapsed] 1099911326 nsec
Iteration 3 started...  [elapsed] 1099823372 nsec
Iteration 4 started...  [elapsed] 1098050436 nsec
Iteration 5 started...  [elapsed] 1099853423 nsec
Iteration 6 started...  [elapsed] 1098257260 nsec
Iteration 7 started...  [elapsed] 1099807557 nsec
Iteration 8 started...  [elapsed] 1099897357 nsec
Iteration 9 started...  [elapsed] 1100005822 nsec
Iteration 10 started...  [elapsed] 1100147207 nsec
success!
