=============================================================
# of xstreams:             56
# of threads:              560
# of repeats:              11
Use pthread:               false
Preemption:                On
# of preemption groups:    56
Preemption timer interval: 1000 usec
Preemption type:           ABT_PREEMPTION_NEW_ES
# of iterations:           30000000
=============================================================

Iteration 0 started...  [elapsed] 1098202891 nsec
Iteration 1 started...  [elapsed] 1099868607 nsec
Iteration 2 started...  [elapsed] 1099727739 nsec
Iteration 3 started...  [elapsed] 1099850999 nsec
Iteration 4 started...  [elapsed] 1099812852 nsec
Iteration 5 started...  [elapsed] 1098238034 nsec
Iteration 6 started...  [elapsed] 1098224808 nsec
Iteration 7 started...  [elapsed] 1100195858 nsec
Iteration 8 started...  [elapsed] 1098190096 nsec
Iteration 9 started...  [elapsed] 1099979058 nsec
Iteration 10 started...  [elapsed] 1098106783 nsec
success!
