=============================================================
# of xstreams:             56
# of threads:              560
# of repeats:              11
Use pthread:               false
Preemption:                On
# of preemption groups:    56
Preemption timer interval: 1000 usec
Preemption type:           ABT_PREEMPTION_NEW_ES
# of iterations:           30000000
=============================================================

Iteration 0 started...  [elapsed] 1098207415 nsec
Iteration 1 started...  [elapsed] 1098153088 nsec
Iteration 2 started...  [elapsed] 1098203035 nsec
Iteration 3 started...  [elapsed] 1099731336 nsec
Iteration 4 started...  [elapsed] 1099755138 nsec
Iteration 5 started...  [elapsed] 1097988086 nsec
Iteration 6 started...  [elapsed] 1099967891 nsec
Iteration 7 started...  [elapsed] 1099665163 nsec
Iteration 8 started...  [elapsed] 1097980438 nsec
Iteration 9 started...  [elapsed] 1100034866 nsec
Iteration 10 started...  [elapsed] 1100159281 nsec
success!
