=============================================================
# of xstreams:             56
# of threads:              560
# of repeats:              11
Use pthread:               false
Preemption:                On
# of preemption groups:    56
Preemption timer interval: 1000 usec
Preemption type:           ABT_PREEMPTION_NEW_ES
# of iterations:           30000000
=============================================================

Iteration 0 started...  [elapsed] 1098070236 nsec
Iteration 1 started...  [elapsed] 1099798961 nsec
Iteration 2 started...  [elapsed] 1098310605 nsec
Iteration 3 started...  [elapsed] 1099648193 nsec
Iteration 4 started...  [elapsed] 1099707980 nsec
Iteration 5 started...  [elapsed] 1098068349 nsec
Iteration 6 started...  [elapsed] 1099790627 nsec
Iteration 7 started...  [elapsed] 1098279929 nsec
Iteration 8 started...  [elapsed] 1099781034 nsec
Iteration 9 started...  [elapsed] 1098291225 nsec
Iteration 10 started...  [elapsed] 1100068851 nsec
success!
