=============================================================
# of xstreams:             56
# of threads:              560
# of repeats:              11
Use pthread:               false
Preemption:                On
# of preemption groups:    56
Preemption timer interval: 10000 usec
Preemption type:           ABT_PREEMPTION_NEW_ES
# of iterations:           30000000
=============================================================

Iteration 0 started...  [elapsed] 1089256345 nsec
Iteration 1 started...  [elapsed] 1089122136 nsec
Iteration 2 started...  [elapsed] 1089076083 nsec
Iteration 3 started...  [elapsed] 1088466819 nsec
Iteration 4 started...  [elapsed] 1088506037 nsec
Iteration 5 started...  [elapsed] 1088540605 nsec
Iteration 6 started...  [elapsed] 1089057261 nsec
Iteration 7 started...  [elapsed] 1089461001 nsec
Iteration 8 started...  [elapsed] 1090253884 nsec
Iteration 9 started...  [elapsed] 1088733639 nsec
Iteration 10 started...  [elapsed] 1089232915 nsec
success!
