=============================================================
# of xstreams:             56
# of threads:              560
# of repeats:              11
Use pthread:               false
Preemption:                On
# of preemption groups:    56
Preemption timer interval: 10000 usec
Preemption type:           ABT_PREEMPTION_NEW_ES
# of iterations:           30000000
=============================================================

Iteration 0 started...  [elapsed] 1088986571 nsec
Iteration 1 started...  [elapsed] 1088358201 nsec
Iteration 2 started...  [elapsed] 1088321679 nsec
Iteration 3 started...  [elapsed] 1088179202 nsec
Iteration 4 started...  [elapsed] 1088940879 nsec
Iteration 5 started...  [elapsed] 1088761480 nsec
Iteration 6 started...  [elapsed] 1088991119 nsec
Iteration 7 started...  [elapsed] 1090882191 nsec
Iteration 8 started...  [elapsed] 1090497126 nsec
Iteration 9 started...  [elapsed] 1089115034 nsec
Iteration 10 started...  [elapsed] 1088951607 nsec
success!
