=============================================================
# of xstreams:             56
# of threads:              560
# of repeats:              11
Use pthread:               false
Preemption:                On
# of preemption groups:    56
Preemption timer interval: 1000 usec
Preemption type:           ABT_PREEMPTION_NEW_ES
# of iterations:           30000000
=============================================================

Iteration 0 started...  [elapsed] 1098135104 nsec
Iteration 1 started...  [elapsed] 1099787060 nsec
Iteration 2 started...  [elapsed] 1099957434 nsec
Iteration 3 started...  [elapsed] 1099788204 nsec
Iteration 4 started...  [elapsed] 1099934894 nsec
Iteration 5 started...  [elapsed] 1099821559 nsec
Iteration 6 started...  [elapsed] 1100006764 nsec
Iteration 7 started...  [elapsed] 1099621869 nsec
Iteration 8 started...  [elapsed] 1100105061 nsec
Iteration 9 started...  [elapsed] 1100141628 nsec
Iteration 10 started...  [elapsed] 1100253090 nsec
success!
