=============================================================
# of xstreams:             56
# of threads:              560
# of repeats:              11
Use pthread:               false
Preemption:                On
# of preemption groups:    56
Preemption timer interval: 10000 usec
Preemption type:           ABT_PREEMPTION_NEW_ES
# of iterations:           30000000
=============================================================

Iteration 0 started...  [elapsed] 1089098406 nsec
Iteration 1 started...  [elapsed] 1088990976 nsec
Iteration 2 started...  [elapsed] 1088598351 nsec
Iteration 3 started...  [elapsed] 1088908383 nsec
Iteration 4 started...  [elapsed] 1089050622 nsec
Iteration 5 started...  [elapsed] 1088118298 nsec
Iteration 6 started...  [elapsed] 1088994338 nsec
Iteration 7 started...  [elapsed] 1088803289 nsec
Iteration 8 started...  [elapsed] 1089014808 nsec
Iteration 9 started...  [elapsed] 1088386423 nsec
Iteration 10 started...  [elapsed] 1088556463 nsec
success!
