=============================================================
# of xstreams:             56
# of threads:              560
# of repeats:              11
Use pthread:               false
Preemption:                On
# of preemption groups:    56
Preemption timer interval: 150 usec
Preemption type:           ABT_PREEMPTION_NEW_ES
# of iterations:           30000000
=============================================================

Iteration 0 started...  [elapsed] 1179059857 nsec
Iteration 1 started...  [elapsed] 1178623764 nsec
Iteration 2 started...  [elapsed] 1178736615 nsec
Iteration 3 started...  [elapsed] 1178559398 nsec
Iteration 4 started...  [elapsed] 1178241305 nsec
Iteration 5 started...  [elapsed] 1178826565 nsec
Iteration 6 started...  [elapsed] 1179249360 nsec
Iteration 7 started...  [elapsed] 1178997021 nsec
Iteration 8 started...  [elapsed] 1179411419 nsec
Iteration 9 started...  [elapsed] 1180237515 nsec
Iteration 10 started...  [elapsed] 1183018910 nsec
success!
