=============================================================
# of xstreams:             56
# of threads:              560
# of repeats:              11
Use pthread:               false
Preemption:                On
# of preemption groups:    56
Preemption timer interval: 150 usec
Preemption type:           ABT_PREEMPTION_NEW_ES
# of iterations:           30000000
=============================================================

Iteration 0 started...  [elapsed] 1178599450 nsec
Iteration 1 started...  [elapsed] 1179515443 nsec
Iteration 2 started...  [elapsed] 1179571931 nsec
Iteration 3 started...  [elapsed] 1179628898 nsec
Iteration 4 started...  [elapsed] 1179030484 nsec
Iteration 5 started...  [elapsed] 1178938717 nsec
Iteration 6 started...  [elapsed] 1178694839 nsec
Iteration 7 started...  [elapsed] 1179757726 nsec
Iteration 8 started...  [elapsed] 1180075273 nsec
Iteration 9 started...  [elapsed] 1179882074 nsec
Iteration 10 started...  [elapsed] 1179609832 nsec
success!
