=============================================================
# of xstreams:             56
# of threads:              560
# of repeats:              11
Use pthread:               false
Preemption:                On
# of preemption groups:    56
Preemption timer interval: 1500 usec
Preemption type:           ABT_PREEMPTION_NEW_ES
# of iterations:           30000000
=============================================================

Iteration 0 started...  [elapsed] 1095058105 nsec
Iteration 1 started...  [elapsed] 1094995553 nsec
Iteration 2 started...  [elapsed] 1095207734 nsec
Iteration 3 started...  [elapsed] 1094916531 nsec
Iteration 4 started...  [elapsed] 1094786125 nsec
Iteration 5 started...  [elapsed] 1094999404 nsec
Iteration 6 started...  [elapsed] 1095241876 nsec
Iteration 7 started...  [elapsed] 1095090648 nsec
Iteration 8 started...  [elapsed] 1094771047 nsec
Iteration 9 started...  [elapsed] 1095140858 nsec
Iteration 10 started...  [elapsed] 1095393432 nsec
success!
