=============================================================
# of xstreams:             56
# of threads:              560
# of repeats:              11
Use pthread:               false
Preemption:                On
# of preemption groups:    56
Preemption timer interval: 150 usec
Preemption type:           ABT_PREEMPTION_NEW_ES
# of iterations:           30000000
=============================================================

Iteration 0 started...  [elapsed] 1178790624 nsec
Iteration 1 started...  [elapsed] 1178932561 nsec
Iteration 2 started...  [elapsed] 1178935902 nsec
Iteration 3 started...  [elapsed] 1178914769 nsec
Iteration 4 started...  [elapsed] 1178064944 nsec
Iteration 5 started...  [elapsed] 1178650308 nsec
Iteration 6 started...  [elapsed] 1178782511 nsec
Iteration 7 started...  [elapsed] 1178068598 nsec
Iteration 8 started...  [elapsed] 1178747014 nsec
Iteration 9 started...  [elapsed] 1178657261 nsec
Iteration 10 started...  [elapsed] 1179695286 nsec
success!
