=============================================================
# of xstreams:             56
# of threads:              560
# of repeats:              11
Use pthread:               false
Preemption:                On
# of preemption groups:    56
Preemption timer interval: 1500 usec
Preemption type:           ABT_PREEMPTION_NEW_ES
# of iterations:           30000000
=============================================================

Iteration 0 started...  [elapsed] 1094953934 nsec
Iteration 1 started...  [elapsed] 1094616658 nsec
Iteration 2 started...  [elapsed] 1094936547 nsec
Iteration 3 started...  [elapsed] 1094918120 nsec
Iteration 4 started...  [elapsed] 1094807801 nsec
Iteration 5 started...  [elapsed] 1094907793 nsec
Iteration 6 started...  [elapsed] 1095199245 nsec
Iteration 7 started...  [elapsed] 1094954801 nsec
Iteration 8 started...  [elapsed] 1094957311 nsec
Iteration 9 started...  [elapsed] 1095098370 nsec
Iteration 10 started...  [elapsed] 1095186434 nsec
success!
