=============================================================
# of xstreams:             56
# of threads:              560
# of repeats:              11
Use pthread:               false
Preemption:                On
# of preemption groups:    56
Preemption timer interval: 150 usec
Preemption type:           ABT_PREEMPTION_NEW_ES
# of iterations:           30000000
=============================================================

Iteration 0 started...  [elapsed] 1179975937 nsec
Iteration 1 started...  [elapsed] 1180243177 nsec
Iteration 2 started...  [elapsed] 1180189171 nsec
Iteration 3 started...  [elapsed] 1179853714 nsec
Iteration 4 started...  [elapsed] 1180071065 nsec
Iteration 5 started...  [elapsed] 1179581823 nsec
Iteration 6 started...  [elapsed] 1179813763 nsec
Iteration 7 started...  [elapsed] 1179822562 nsec
Iteration 8 started...  [elapsed] 1180419753 nsec
Iteration 9 started...  [elapsed] 1180660956 nsec
Iteration 10 started...  [elapsed] 1180070358 nsec
success!
