=============================================================
# of xstreams:             56
# of threads:              560
# of repeats:              11
Use pthread:               false
Preemption:                On
# of preemption groups:    56
Preemption timer interval: 150 usec
Preemption type:           ABT_PREEMPTION_NEW_ES
# of iterations:           30000000
=============================================================

Iteration 0 started...  [elapsed] 1178006865 nsec
Iteration 1 started...  [elapsed] 1177351465 nsec
Iteration 2 started...  [elapsed] 1177506137 nsec
Iteration 3 started...  [elapsed] 1177729485 nsec
Iteration 4 started...  [elapsed] 1178080130 nsec
Iteration 5 started...  [elapsed] 1177617336 nsec
Iteration 6 started...  [elapsed] 1178683095 nsec
Iteration 7 started...  [elapsed] 1178524978 nsec
Iteration 8 started...  [elapsed] 1179236656 nsec
Iteration 9 started...  [elapsed] 1178725071 nsec
Iteration 10 started...  [elapsed] 1178770415 nsec
success!
