=============================================================
# of xstreams:             56
# of threads:              560
# of repeats:              11
Use pthread:               false
Preemption:                On
# of preemption groups:    56
Preemption timer interval: 150 usec
Preemption type:           ABT_PREEMPTION_NEW_ES
# of iterations:           30000000
=============================================================

Iteration 0 started...  [elapsed] 1178917788 nsec
Iteration 1 started...  [elapsed] 1180195310 nsec
Iteration 2 started...  [elapsed] 1180560858 nsec
Iteration 3 started...  [elapsed] 1180031628 nsec
Iteration 4 started...  [elapsed] 1179397370 nsec
Iteration 5 started...  [elapsed] 1179663898 nsec
Iteration 6 started...  [elapsed] 1179196759 nsec
Iteration 7 started...  [elapsed] 1180167427 nsec
Iteration 8 started...  [elapsed] 1180934081 nsec
Iteration 9 started...  [elapsed] 1179708978 nsec
Iteration 10 started...  [elapsed] 1181086787 nsec
success!
