=============================================================
# of xstreams:             56
# of threads:              560
# of repeats:              11
Use pthread:               false
Preemption:                On
# of preemption groups:    56
Preemption timer interval: 150 usec
Preemption type:           ABT_PREEMPTION_NEW_ES
# of iterations:           30000000
=============================================================

Iteration 0 started...  [elapsed] 1179757546 nsec
Iteration 1 started...  [elapsed] 1180427881 nsec
Iteration 2 started...  [elapsed] 1180328573 nsec
Iteration 3 started...  [elapsed] 1180140589 nsec
Iteration 4 started...  [elapsed] 1180255479 nsec
Iteration 5 started...  [elapsed] 1179823523 nsec
Iteration 6 started...  [elapsed] 1179858687 nsec
Iteration 7 started...  [elapsed] 1179466980 nsec
Iteration 8 started...  [elapsed] 1180707315 nsec
Iteration 9 started...  [elapsed] 1180869307 nsec
Iteration 10 started...  [elapsed] 1180703249 nsec
success!
