=============================================================
# of xstreams:             56
# of threads:              560
# of repeats:              11
Use pthread:               false
Preemption:                On
# of preemption groups:    56
Preemption timer interval: 150 usec
Preemption type:           ABT_PREEMPTION_NEW_ES
# of iterations:           30000000
=============================================================

Iteration 0 started...  [elapsed] 1179938163 nsec
Iteration 1 started...  [elapsed] 1179859267 nsec
Iteration 2 started...  [elapsed] 1180500486 nsec
Iteration 3 started...  [elapsed] 1179501745 nsec
Iteration 4 started...  [elapsed] 1180191596 nsec
Iteration 5 started...  [elapsed] 1180114656 nsec
Iteration 6 started...  [elapsed] 1181473619 nsec
Iteration 7 started...  [elapsed] 1179430839 nsec
Iteration 8 started...  [elapsed] 1181082124 nsec
Iteration 9 started...  [elapsed] 1180527999 nsec
Iteration 10 started...  [elapsed] 1181534496 nsec
success!
