=============================================================
# of xstreams:             56
# of threads:              560
# of repeats:              11
Use pthread:               false
Preemption:                On
# of preemption groups:    56
Preemption timer interval: 1500 usec
Preemption type:           ABT_PREEMPTION_NEW_ES
# of iterations:           30000000
=============================================================

Iteration 0 started...  [elapsed] 1095228151 nsec
Iteration 1 started...  [elapsed] 1094862381 nsec
Iteration 2 started...  [elapsed] 1095216068 nsec
Iteration 3 started...  [elapsed] 1095112195 nsec
Iteration 4 started...  [elapsed] 1094767297 nsec
Iteration 5 started...  [elapsed] 1095241085 nsec
Iteration 6 started...  [elapsed] 1094867169 nsec
Iteration 7 started...  [elapsed] 1095060148 nsec
Iteration 8 started...  [elapsed] 1095215442 nsec
Iteration 9 started...  [elapsed] 1095409582 nsec
Iteration 10 started...  [elapsed] 1095511671 nsec
success!
