=============================================================
# of xstreams:             56
# of threads:              560
# of repeats:              11
Use pthread:               false
Preemption:                On
# of preemption groups:    56
Preemption timer interval: 2000 usec
Preemption type:           ABT_PREEMPTION_NEW_ES
# of iterations:           30000000
=============================================================

Iteration 0 started...  [elapsed] 1092744324 nsec
Iteration 1 started...  [elapsed] 1092739415 nsec
Iteration 2 started...  [elapsed] 1092146532 nsec
Iteration 3 started...  [elapsed] 1092137457 nsec
Iteration 4 started...  [elapsed] 1092738910 nsec
Iteration 5 started...  [elapsed] 1091944813 nsec
Iteration 6 started...  [elapsed] 1094447324 nsec
Iteration 7 started...  [elapsed] 1091759814 nsec
Iteration 8 started...  [elapsed] 1091974647 nsec
Iteration 9 started...  [elapsed] 1092522006 nsec
Iteration 10 started...  [elapsed] 1093157959 nsec
success!
