=============================================================
# of xstreams:             56
# of threads:              560
# of repeats:              11
Use pthread:               false
Preemption:                On
# of preemption groups:    56
Preemption timer interval: 200 usec
Preemption type:           ABT_PREEMPTION_NEW_ES
# of iterations:           30000000
=============================================================

Iteration 0 started...  [elapsed] 1153694698 nsec
Iteration 1 started...  [elapsed] 1154055901 nsec
Iteration 2 started...  [elapsed] 1153532543 nsec
Iteration 3 started...  [elapsed] 1153621422 nsec
Iteration 4 started...  [elapsed] 1152809276 nsec
Iteration 5 started...  [elapsed] 1153079060 nsec
Iteration 6 started...  [elapsed] 1153814377 nsec
Iteration 7 started...  [elapsed] 1153442618 nsec
Iteration 8 started...  [elapsed] 1154256829 nsec
Iteration 9 started...  [elapsed] 1153333298 nsec
Iteration 10 started...  [elapsed] 1154535973 nsec
success!
