=============================================================
# of xstreams:             56
# of threads:              560
# of repeats:              11
Use pthread:               false
Preemption:                On
# of preemption groups:    56
Preemption timer interval: 2000 usec
Preemption type:           ABT_PREEMPTION_NEW_ES
# of iterations:           30000000
=============================================================

Iteration 0 started...  [elapsed] 1092715857 nsec
Iteration 1 started...  [elapsed] 1092711459 nsec
Iteration 2 started...  [elapsed] 1092689741 nsec
Iteration 3 started...  [elapsed] 1091779118 nsec
Iteration 4 started...  [elapsed] 1092647864 nsec
Iteration 5 started...  [elapsed] 1091983804 nsec
Iteration 6 started...  [elapsed] 1092145044 nsec
Iteration 7 started...  [elapsed] 1092744864 nsec
Iteration 8 started...  [elapsed] 1092101820 nsec
Iteration 9 started...  [elapsed] 1092815512 nsec
Iteration 10 started...  [elapsed] 1092928580 nsec
success!
