=============================================================
# of xstreams:             56
# of threads:              560
# of repeats:              11
Use pthread:               false
Preemption:                On
# of preemption groups:    56
Preemption timer interval: 2000 usec
Preemption type:           ABT_PREEMPTION_NEW_ES
# of iterations:           30000000
=============================================================

Iteration 0 started...  [elapsed] 1092883403 nsec
Iteration 1 started...  [elapsed] 1092832764 nsec
Iteration 2 started...  [elapsed] 1092904711 nsec
Iteration 3 started...  [elapsed] 1092865684 nsec
Iteration 4 started...  [elapsed] 1092178977 nsec
Iteration 5 started...  [elapsed] 1092983893 nsec
Iteration 6 started...  [elapsed] 1092096977 nsec
Iteration 7 started...  [elapsed] 1092589631 nsec
Iteration 8 started...  [elapsed] 1092848083 nsec
Iteration 9 started...  [elapsed] 1092727301 nsec
Iteration 10 started...  [elapsed] 1092988417 nsec
success!
