=============================================================
# of xstreams:             56
# of threads:              560
# of repeats:              11
Use pthread:               false
Preemption:                On
# of preemption groups:    56
Preemption timer interval: 200 usec
Preemption type:           ABT_PREEMPTION_NEW_ES
# of iterations:           30000000
=============================================================

Iteration 0 started...  [elapsed] 1156815963 nsec
Iteration 1 started...  [elapsed] 1154392941 nsec
Iteration 2 started...  [elapsed] 1154973293 nsec
Iteration 3 started...  [elapsed] 1154955982 nsec
Iteration 4 started...  [elapsed] 1155273020 nsec
Iteration 5 started...  [elapsed] 1155166270 nsec
Iteration 6 started...  [elapsed] 1153928901 nsec
Iteration 7 started...  [elapsed] 1153873860 nsec
Iteration 8 started...  [elapsed] 1155754300 nsec
Iteration 9 started...  [elapsed] 1155313289 nsec
Iteration 10 started...  [elapsed] 1155356799 nsec
success!
