=============================================================
# of xstreams:             56
# of threads:              560
# of repeats:              11
Use pthread:               false
Preemption:                On
# of preemption groups:    56
Preemption timer interval: 200 usec
Preemption type:           ABT_PREEMPTION_NEW_ES
# of iterations:           30000000
=============================================================

Iteration 0 started...  [elapsed] 1153588912 nsec
Iteration 1 started...  [elapsed] 1154080244 nsec
Iteration 2 started...  [elapsed] 1154266843 nsec
Iteration 3 started...  [elapsed] 1154280741 nsec
Iteration 4 started...  [elapsed] 1154397080 nsec
Iteration 5 started...  [elapsed] 1154014865 nsec
Iteration 6 started...  [elapsed] 1153460738 nsec
Iteration 7 started...  [elapsed] 1154434310 nsec
Iteration 8 started...  [elapsed] 1154380279 nsec
Iteration 9 started...  [elapsed] 1153668803 nsec
Iteration 10 started...  [elapsed] 1154118437 nsec
success!
