=============================================================
# of xstreams:             56
# of threads:              560
# of repeats:              11
Use pthread:               false
Preemption:                On
# of preemption groups:    56
Preemption timer interval: 200 usec
Preemption type:           ABT_PREEMPTION_NEW_ES
# of iterations:           30000000
=============================================================

Iteration 0 started...  [elapsed] 1153049176 nsec
Iteration 1 started...  [elapsed] 1153429999 nsec
Iteration 2 started...  [elapsed] 1153958957 nsec
Iteration 3 started...  [elapsed] 1153032910 nsec
Iteration 4 started...  [elapsed] 1152906981 nsec
Iteration 5 started...  [elapsed] 1152964786 nsec
Iteration 6 started...  [elapsed] 1153907304 nsec
Iteration 7 started...  [elapsed] 1153911049 nsec
Iteration 8 started...  [elapsed] 1154090372 nsec
Iteration 9 started...  [elapsed] 1153600598 nsec
Iteration 10 started...  [elapsed] 1153560769 nsec
success!
