=============================================================
# of xstreams:             56
# of threads:              560
# of repeats:              11
Use pthread:               false
Preemption:                On
# of preemption groups:    56
Preemption timer interval: 2000 usec
Preemption type:           ABT_PREEMPTION_NEW_ES
# of iterations:           30000000
=============================================================

Iteration 0 started...  [elapsed] 1092931369 nsec
Iteration 1 started...  [elapsed] 1092899704 nsec
Iteration 2 started...  [elapsed] 1093123928 nsec
Iteration 3 started...  [elapsed] 1092792221 nsec
Iteration 4 started...  [elapsed] 1092120805 nsec
Iteration 5 started...  [elapsed] 1092114062 nsec
Iteration 6 started...  [elapsed] 1092966496 nsec
Iteration 7 started...  [elapsed] 1092784515 nsec
Iteration 8 started...  [elapsed] 1092792024 nsec
Iteration 9 started...  [elapsed] 1093156852 nsec
Iteration 10 started...  [elapsed] 1093048411 nsec
success!
