=============================================================
# of xstreams:             56
# of threads:              560
# of repeats:              11
Use pthread:               false
Preemption:                On
# of preemption groups:    56
Preemption timer interval: 2000 usec
Preemption type:           ABT_PREEMPTION_NEW_ES
# of iterations:           30000000
=============================================================

Iteration 0 started...  [elapsed] 1092766329 nsec
Iteration 1 started...  [elapsed] 1095774520 nsec
Iteration 2 started...  [elapsed] 1092515321 nsec
Iteration 3 started...  [elapsed] 1092306976 nsec
Iteration 4 started...  [elapsed] 1092971733 nsec
Iteration 5 started...  [elapsed] 1091847740 nsec
Iteration 6 started...  [elapsed] 1092007636 nsec
Iteration 7 started...  [elapsed] 1092820430 nsec
Iteration 8 started...  [elapsed] 1092685234 nsec
Iteration 9 started...  [elapsed] 1093254483 nsec
Iteration 10 started...  [elapsed] 1093004337 nsec
success!
