=============================================================
# of xstreams:             56
# of threads:              560
# of repeats:              11
Use pthread:               false
Preemption:                On
# of preemption groups:    56
Preemption timer interval: 2000 usec
Preemption type:           ABT_PREEMPTION_NEW_ES
# of iterations:           30000000
=============================================================

Iteration 0 started...  [elapsed] 1092957674 nsec
Iteration 1 started...  [elapsed] 1092948754 nsec
Iteration 2 started...  [elapsed] 1095218730 nsec
Iteration 3 started...  [elapsed] 1095126748 nsec
Iteration 4 started...  [elapsed] 1095009837 nsec
Iteration 5 started...  [elapsed] 1094981590 nsec
Iteration 6 started...  [elapsed] 1092969179 nsec
Iteration 7 started...  [elapsed] 1091785124 nsec
Iteration 8 started...  [elapsed] 1091958697 nsec
Iteration 9 started...  [elapsed] 1092166367 nsec
Iteration 10 started...  [elapsed] 1093226965 nsec
success!
