=============================================================
# of xstreams:             56
# of threads:              560
# of repeats:              11
Use pthread:               false
Preemption:                On
# of preemption groups:    56
Preemption timer interval: 200 usec
Preemption type:           ABT_PREEMPTION_NEW_ES
# of iterations:           30000000
=============================================================

Iteration 0 started...  [elapsed] 1153825073 nsec
Iteration 1 started...  [elapsed] 1154719325 nsec
Iteration 2 started...  [elapsed] 1154787616 nsec
Iteration 3 started...  [elapsed] 1154237182 nsec
Iteration 4 started...  [elapsed] 1153402994 nsec
Iteration 5 started...  [elapsed] 1154251924 nsec
Iteration 6 started...  [elapsed] 1153542483 nsec
Iteration 7 started...  [elapsed] 1154428426 nsec
Iteration 8 started...  [elapsed] 1155116812 nsec
Iteration 9 started...  [elapsed] 1154896761 nsec
Iteration 10 started...  [elapsed] 1155406378 nsec
success!
