=============================================================
# of xstreams:             56
# of threads:              560
# of repeats:              11
Use pthread:               false
Preemption:                On
# of preemption groups:    56
Preemption timer interval: 200 usec
Preemption type:           ABT_PREEMPTION_NEW_ES
# of iterations:           30000000
=============================================================

Iteration 0 started...  [elapsed] 1153822266 nsec
Iteration 1 started...  [elapsed] 1154059432 nsec
Iteration 2 started...  [elapsed] 1153647937 nsec
Iteration 3 started...  [elapsed] 1153628209 nsec
Iteration 4 started...  [elapsed] 1154018096 nsec
Iteration 5 started...  [elapsed] 1152998772 nsec
Iteration 6 started...  [elapsed] 1153368818 nsec
Iteration 7 started...  [elapsed] 1153203183 nsec
Iteration 8 started...  [elapsed] 1153528287 nsec
Iteration 9 started...  [elapsed] 1153441162 nsec
Iteration 10 started...  [elapsed] 1154226117 nsec
success!
