=============================================================
# of xstreams:             56
# of threads:              560
# of repeats:              11
Use pthread:               false
Preemption:                On
# of preemption groups:    56
Preemption timer interval: 2000 usec
Preemption type:           ABT_PREEMPTION_NEW_ES
# of iterations:           30000000
=============================================================

Iteration 0 started...  [elapsed] 1092958781 nsec
Iteration 1 started...  [elapsed] 1091991718 nsec
Iteration 2 started...  [elapsed] 1092836335 nsec
Iteration 3 started...  [elapsed] 1092157365 nsec
Iteration 4 started...  [elapsed] 1092242408 nsec
Iteration 5 started...  [elapsed] 1092935130 nsec
Iteration 6 started...  [elapsed] 1092092295 nsec
Iteration 7 started...  [elapsed] 1092854589 nsec
Iteration 8 started...  [elapsed] 1092908932 nsec
Iteration 9 started...  [elapsed] 1093054407 nsec
Iteration 10 started...  [elapsed] 1093364602 nsec
success!
