=============================================================
# of xstreams:             56
# of threads:              560
# of repeats:              11
Use pthread:               false
Preemption:                On
# of preemption groups:    56
Preemption timer interval: 3000 usec
Preemption type:           ABT_PREEMPTION_NEW_ES
# of iterations:           30000000
=============================================================

Iteration 0 started...  [elapsed] 1091071571 nsec
Iteration 1 started...  [elapsed] 1090565735 nsec
Iteration 2 started...  [elapsed] 1089933682 nsec
Iteration 3 started...  [elapsed] 1091044630 nsec
Iteration 4 started...  [elapsed] 1091063026 nsec
Iteration 5 started...  [elapsed] 1090977351 nsec
Iteration 6 started...  [elapsed] 1089930654 nsec
Iteration 7 started...  [elapsed] 1089903193 nsec
Iteration 8 started...  [elapsed] 1090225215 nsec
Iteration 9 started...  [elapsed] 1090047917 nsec
Iteration 10 started...  [elapsed] 1090836400 nsec
success!
