=============================================================
# of xstreams:             56
# of threads:              560
# of repeats:              11
Use pthread:               false
Preemption:                On
# of preemption groups:    56
Preemption timer interval: 3000 usec
Preemption type:           ABT_PREEMPTION_NEW_ES
# of iterations:           30000000
=============================================================

Iteration 0 started...  [elapsed] 1091027371 nsec
Iteration 1 started...  [elapsed] 1091425417 nsec
Iteration 2 started...  [elapsed] 1090090271 nsec
Iteration 3 started...  [elapsed] 1090908396 nsec
Iteration 4 started...  [elapsed] 1090969765 nsec
Iteration 5 started...  [elapsed] 1091131467 nsec
Iteration 6 started...  [elapsed] 1090950061 nsec
Iteration 7 started...  [elapsed] 1090957697 nsec
Iteration 8 started...  [elapsed] 1091066086 nsec
Iteration 9 started...  [elapsed] 1090841462 nsec
Iteration 10 started...  [elapsed] 1091559431 nsec
success!
