=============================================================
# of xstreams:             56
# of threads:              560
# of repeats:              11
Use pthread:               false
Preemption:                On
# of preemption groups:    56
Preemption timer interval: 3000 usec
Preemption type:           ABT_PREEMPTION_NEW_ES
# of iterations:           30000000
=============================================================

Iteration 0 started...  [elapsed] 1091003790 nsec
Iteration 1 started...  [elapsed] 1090754791 nsec
Iteration 2 started...  [elapsed] 1090170894 nsec
Iteration 3 started...  [elapsed] 1091016624 nsec
Iteration 4 started...  [elapsed] 1091167932 nsec
Iteration 5 started...  [elapsed] 1090948385 nsec
Iteration 6 started...  [elapsed] 1090926544 nsec
Iteration 7 started...  [elapsed] 1091874375 nsec
Iteration 8 started...  [elapsed] 1090127313 nsec
Iteration 9 started...  [elapsed] 1090205191 nsec
Iteration 10 started...  [elapsed] 1090830277 nsec
success!
