=============================================================
# of xstreams:             56
# of threads:              560
# of repeats:              11
Use pthread:               false
Preemption:                On
# of preemption groups:    56
Preemption timer interval: 300 usec
Preemption type:           ABT_PREEMPTION_NEW_ES
# of iterations:           30000000
=============================================================

Iteration 0 started...  [elapsed] 1129143607 nsec
Iteration 1 started...  [elapsed] 1130120765 nsec
Iteration 2 started...  [elapsed] 1129949157 nsec
Iteration 3 started...  [elapsed] 1129794672 nsec
Iteration 4 started...  [elapsed] 1129735664 nsec
Iteration 5 started...  [elapsed] 1129474243 nsec
Iteration 6 started...  [elapsed] 1130122347 nsec
Iteration 7 started...  [elapsed] 1130227540 nsec
Iteration 8 started...  [elapsed] 1130476867 nsec
Iteration 9 started...  [elapsed] 1130229417 nsec
Iteration 10 started...  [elapsed] 1129532596 nsec
success!
