=============================================================
# of xstreams:             56
# of threads:              560
# of repeats:              11
Use pthread:               false
Preemption:                On
# of preemption groups:    56
Preemption timer interval: 3000 usec
Preemption type:           ABT_PREEMPTION_NEW_ES
# of iterations:           30000000
=============================================================

Iteration 0 started...  [elapsed] 1091167807 nsec
Iteration 1 started...  [elapsed] 1091066405 nsec
Iteration 2 started...  [elapsed] 1090911184 nsec
Iteration 3 started...  [elapsed] 1091203411 nsec
Iteration 4 started...  [elapsed] 1090264927 nsec
Iteration 5 started...  [elapsed] 1089857748 nsec
Iteration 6 started...  [elapsed] 1089809644 nsec
Iteration 7 started...  [elapsed] 1089720094 nsec
Iteration 8 started...  [elapsed] 1090892803 nsec
Iteration 9 started...  [elapsed] 1090727339 nsec
Iteration 10 started...  [elapsed] 1090314010 nsec
success!
