=============================================================
# of xstreams:             56
# of threads:              560
# of repeats:              11
Use pthread:               false
Preemption:                On
# of preemption groups:    56
Preemption timer interval: 3000 usec
Preemption type:           ABT_PREEMPTION_NEW_ES
# of iterations:           30000000
=============================================================

Iteration 0 started...  [elapsed] 1090937787 nsec
Iteration 1 started...  [elapsed] 1090900628 nsec
Iteration 2 started...  [elapsed] 1091135777 nsec
Iteration 3 started...  [elapsed] 1090870977 nsec
Iteration 4 started...  [elapsed] 1090938351 nsec
Iteration 5 started...  [elapsed] 1091000517 nsec
Iteration 6 started...  [elapsed] 1089988236 nsec
Iteration 7 started...  [elapsed] 1090947653 nsec
Iteration 8 started...  [elapsed] 1090922509 nsec
Iteration 9 started...  [elapsed] 1091380994 nsec
Iteration 10 started...  [elapsed] 1090805233 nsec
success!
