=============================================================
# of xstreams:             56
# of threads:              560
# of repeats:              11
Use pthread:               false
Preemption:                On
# of preemption groups:    56
Preemption timer interval: 3000 usec
Preemption type:           ABT_PREEMPTION_NEW_ES
# of iterations:           30000000
=============================================================

Iteration 0 started...  [elapsed] 1091101179 nsec
Iteration 1 started...  [elapsed] 1091007346 nsec
Iteration 2 started...  [elapsed] 1090118696 nsec
Iteration 3 started...  [elapsed] 1090276149 nsec
Iteration 4 started...  [elapsed] 1090035165 nsec
Iteration 5 started...  [elapsed] 1090088281 nsec
Iteration 6 started...  [elapsed] 1090995059 nsec
Iteration 7 started...  [elapsed] 1091241013 nsec
Iteration 8 started...  [elapsed] 1090824839 nsec
Iteration 9 started...  [elapsed] 1090510516 nsec
Iteration 10 started...  [elapsed] 1091231027 nsec
success!
