=============================================================
# of xstreams:             56
# of threads:              560
# of repeats:              11
Use pthread:               false
Preemption:                On
# of preemption groups:    56
Preemption timer interval: 500 usec
Preemption type:           ABT_PREEMPTION_NEW_ES
# of iterations:           30000000
=============================================================

Iteration 0 started...  [elapsed] 1112696921 nsec
Iteration 1 started...  [elapsed] 1113623745 nsec
Iteration 2 started...  [elapsed] 1113918446 nsec
Iteration 3 started...  [elapsed] 1113682195 nsec
Iteration 4 started...  [elapsed] 1113766585 nsec
Iteration 5 started...  [elapsed] 1113551574 nsec
Iteration 6 started...  [elapsed] 1112881670 nsec
Iteration 7 started...  [elapsed] 1113841457 nsec
Iteration 8 started...  [elapsed] 1113693437 nsec
Iteration 9 started...  [elapsed] 1113912167 nsec
Iteration 10 started...  [elapsed] 1114117071 nsec
success!
