=============================================================
# of xstreams:             56
# of threads:              560
# of repeats:              11
Use pthread:               false
Preemption:                On
# of preemption groups:    56
Preemption timer interval: 500 usec
Preemption type:           ABT_PREEMPTION_NEW_ES
# of iterations:           30000000
=============================================================

Iteration 0 started...  [elapsed] 1112781117 nsec
Iteration 1 started...  [elapsed] 1113764860 nsec
Iteration 2 started...  [elapsed] 1112476138 nsec
Iteration 3 started...  [elapsed] 1113572435 nsec
Iteration 4 started...  [elapsed] 1113611426 nsec
Iteration 5 started...  [elapsed] 1113668038 nsec
Iteration 6 started...  [elapsed] 1113569069 nsec
Iteration 7 started...  [elapsed] 1113756686 nsec
Iteration 8 started...  [elapsed] 1113684150 nsec
Iteration 9 started...  [elapsed] 1113945605 nsec
Iteration 10 started...  [elapsed] 1113769506 nsec
success!
