=============================================================
# of xstreams:             56
# of threads:              560
# of repeats:              11
Use pthread:               false
Preemption:                On
# of preemption groups:    56
Preemption timer interval: 5000 usec
Preemption type:           ABT_PREEMPTION_NEW_ES
# of iterations:           30000000
=============================================================

Iteration 0 started...  [elapsed] 1089876142 nsec
Iteration 1 started...  [elapsed] 1089849715 nsec
Iteration 2 started...  [elapsed] 1089423139 nsec
Iteration 3 started...  [elapsed] 1088945975 nsec
Iteration 4 started...  [elapsed] 1089642173 nsec
Iteration 5 started...  [elapsed] 1089739219 nsec
Iteration 6 started...  [elapsed] 1088984709 nsec
Iteration 7 started...  [elapsed] 1089684546 nsec
Iteration 8 started...  [elapsed] 1089082023 nsec
Iteration 9 started...  [elapsed] 1090124468 nsec
Iteration 10 started...  [elapsed] 1090200038 nsec
success!
