=============================================================
# of xstreams:             56
# of threads:              560
# of repeats:              11
Use pthread:               false
Preemption:                On
# of preemption groups:    56
Preemption timer interval: 5000 usec
Preemption type:           ABT_PREEMPTION_NEW_ES
# of iterations:           30000000
=============================================================

Iteration 0 started...  [elapsed] 1089697284 nsec
Iteration 1 started...  [elapsed] 1089486050 nsec
Iteration 2 started...  [elapsed] 1089013364 nsec
Iteration 3 started...  [elapsed] 1089264952 nsec
Iteration 4 started...  [elapsed] 1088951200 nsec
Iteration 5 started...  [elapsed] 1089617054 nsec
Iteration 6 started...  [elapsed] 1089647571 nsec
Iteration 7 started...  [elapsed] 1089679750 nsec
Iteration 8 started...  [elapsed] 1089590095 nsec
Iteration 9 started...  [elapsed] 1090083057 nsec
Iteration 10 started...  [elapsed] 1090004388 nsec
success!
