=============================================================
# of xstreams:             56
# of threads:              560
# of repeats:              11
Use pthread:               false
Preemption:                On
# of preemption groups:    56
Preemption timer interval: 500 usec
Preemption type:           ABT_PREEMPTION_NEW_ES
# of iterations:           30000000
=============================================================

Iteration 0 started...  [elapsed] 1113404427 nsec
Iteration 1 started...  [elapsed] 1112473256 nsec
Iteration 2 started...  [elapsed] 1113512738 nsec
Iteration 3 started...  [elapsed] 1113510782 nsec
Iteration 4 started...  [elapsed] 1113468066 nsec
Iteration 5 started...  [elapsed] 1113639261 nsec
Iteration 6 started...  [elapsed] 1113482096 nsec
Iteration 7 started...  [elapsed] 1113423724 nsec
Iteration 8 started...  [elapsed] 1113496728 nsec
Iteration 9 started...  [elapsed] 1112866313 nsec
Iteration 10 started...  [elapsed] 1112947485 nsec
success!
