=============================================================
# of xstreams:             56
# of threads:              560
# of repeats:              11
Use pthread:               false
Preemption:                On
# of preemption groups:    56
Preemption timer interval: 5000 usec
Preemption type:           ABT_PREEMPTION_NEW_ES
# of iterations:           30000000
=============================================================

Iteration 0 started...  [elapsed] 1089791190 nsec
Iteration 1 started...  [elapsed] 1089705674 nsec
Iteration 2 started...  [elapsed] 1089198976 nsec
Iteration 3 started...  [elapsed] 1089116891 nsec
Iteration 4 started...  [elapsed] 1089673051 nsec
Iteration 5 started...  [elapsed] 1089311620 nsec
Iteration 6 started...  [elapsed] 1089009749 nsec
Iteration 7 started...  [elapsed] 1089678144 nsec
Iteration 8 started...  [elapsed] 1089757746 nsec
Iteration 9 started...  [elapsed] 1089820843 nsec
Iteration 10 started...  [elapsed] 1089445460 nsec
success!
