=============================================================
# of xstreams:             56
# of threads:              560
# of repeats:              11
Use pthread:               false
Preemption:                On
# of preemption groups:    56
Preemption timer interval: 5000 usec
Preemption type:           ABT_PREEMPTION_NEW_ES
# of iterations:           30000000
=============================================================

Iteration 0 started...  [elapsed] 1089737832 nsec
Iteration 1 started...  [elapsed] 1089617169 nsec
Iteration 2 started...  [elapsed] 1089870536 nsec
Iteration 3 started...  [elapsed] 1089631611 nsec
Iteration 4 started...  [elapsed] 1089684451 nsec
Iteration 5 started...  [elapsed] 1089631536 nsec
Iteration 6 started...  [elapsed] 1089734687 nsec
Iteration 7 started...  [elapsed] 1089800603 nsec
Iteration 8 started...  [elapsed] 1089621362 nsec
Iteration 9 started...  [elapsed] 1089842579 nsec
Iteration 10 started...  [elapsed] 1090054556 nsec
success!
