=============================================================
# of xstreams:             56
# of threads:              560
# of repeats:              11
Use pthread:               false
Preemption:                On
# of preemption groups:    56
Preemption timer interval: 500 usec
Preemption type:           ABT_PREEMPTION_NEW_ES
# of iterations:           30000000
=============================================================

Iteration 0 started...  [elapsed] 1113470897 nsec
Iteration 1 started...  [elapsed] 1113395751 nsec
Iteration 2 started...  [elapsed] 1113459230 nsec
Iteration 3 started...  [elapsed] 1113679937 nsec
Iteration 4 started...  [elapsed] 1113760464 nsec
Iteration 5 started...  [elapsed] 1113591446 nsec
Iteration 6 started...  [elapsed] 1113648156 nsec
Iteration 7 started...  [elapsed] 1113803688 nsec
Iteration 8 started...  [elapsed] 1113801996 nsec
Iteration 9 started...  [elapsed] 1113748752 nsec
Iteration 10 started...  [elapsed] 1112729238 nsec
success!
