=============================================================
# of xstreams:             56
# of threads:              560
# of repeats:              11
Use pthread:               false
Preemption:                On
# of preemption groups:    56
Preemption timer interval: 500 usec
Preemption type:           ABT_PREEMPTION_NEW_ES
# of iterations:           30000000
=============================================================

Iteration 0 started...  [elapsed] 1112893832 nsec
Iteration 1 started...  [elapsed] 1113563871 nsec
Iteration 2 started...  [elapsed] 1113846312 nsec
Iteration 3 started...  [elapsed] 1113387064 nsec
Iteration 4 started...  [elapsed] 1113291390 nsec
Iteration 5 started...  [elapsed] 1113680254 nsec
Iteration 6 started...  [elapsed] 1112844355 nsec
Iteration 7 started...  [elapsed] 1113590353 nsec
Iteration 8 started...  [elapsed] 1114073799 nsec
Iteration 9 started...  [elapsed] 1113678573 nsec
Iteration 10 started...  [elapsed] 1113155598 nsec
success!
