=============================================================
# of xstreams:             56
# of threads:              560
# of repeats:              11
Use pthread:               false
Preemption:                On
# of preemption groups:    56
Preemption timer interval: 5000 usec
Preemption type:           ABT_PREEMPTION_NEW_ES
# of iterations:           30000000
=============================================================

Iteration 0 started...  [elapsed] 1089821344 nsec
Iteration 1 started...  [elapsed] 1089125734 nsec
Iteration 2 started...  [elapsed] 1089351023 nsec
Iteration 3 started...  [elapsed] 1089312410 nsec
Iteration 4 started...  [elapsed] 1089733858 nsec
Iteration 5 started...  [elapsed] 1090042960 nsec
Iteration 6 started...  [elapsed] 1088958917 nsec
Iteration 7 started...  [elapsed] 1089234692 nsec
Iteration 8 started...  [elapsed] 1089682178 nsec
Iteration 9 started...  [elapsed] 1089623979 nsec
Iteration 10 started...  [elapsed] 1089896300 nsec
success!
