=============================================================
# of xstreams:             56
# of threads:              560
# of repeats:              11
Use pthread:               false
Preemption:                On
# of preemption groups:    56
Preemption timer interval: 5000 usec
Preemption type:           ABT_PREEMPTION_NEW_ES
# of iterations:           30000000
=============================================================

Iteration 0 started...  [elapsed] 1089784702 nsec
Iteration 1 started...  [elapsed] 1089749078 nsec
Iteration 2 started...  [elapsed] 1089892838 nsec
Iteration 3 started...  [elapsed] 1089804961 nsec
Iteration 4 started...  [elapsed] 1089319112 nsec
Iteration 5 started...  [elapsed] 1089779441 nsec
Iteration 6 started...  [elapsed] 1088881414 nsec
Iteration 7 started...  [elapsed] 1089623910 nsec
Iteration 8 started...  [elapsed] 1089258613 nsec
Iteration 9 started...  [elapsed] 1090051761 nsec
Iteration 10 started...  [elapsed] 1089216172 nsec
success!
