=============================================================
# of xstreams:             56
# of threads:              560
# of repeats:              11
Use pthread:               false
Preemption:                On
# of preemption groups:    56
Preemption timer interval: 500 usec
Preemption type:           ABT_PREEMPTION_NEW_ES
# of iterations:           30000000
=============================================================

Iteration 0 started...  [elapsed] 1113506184 nsec
Iteration 1 started...  [elapsed] 1112588929 nsec
Iteration 2 started...  [elapsed] 1113315385 nsec
Iteration 3 started...  [elapsed] 1112319463 nsec
Iteration 4 started...  [elapsed] 1113463476 nsec
Iteration 5 started...  [elapsed] 1113425891 nsec
Iteration 6 started...  [elapsed] 1113566333 nsec
Iteration 7 started...  [elapsed] 1112731504 nsec
Iteration 8 started...  [elapsed] 1113535441 nsec
Iteration 9 started...  [elapsed] 1112574104 nsec
Iteration 10 started...  [elapsed] 1113751302 nsec
success!
