=============================================================
# of xstreams:             56
# of threads:              560
# of repeats:              11
Use pthread:               false
Preemption:                On
# of preemption groups:    56
Preemption timer interval: 5000 usec
Preemption type:           ABT_PREEMPTION_NEW_ES
# of iterations:           30000000
=============================================================

Iteration 0 started...  [elapsed] 1089737197 nsec
Iteration 1 started...  [elapsed] 1089237631 nsec
Iteration 2 started...  [elapsed] 1088938444 nsec
Iteration 3 started...  [elapsed] 1089043899 nsec
Iteration 4 started...  [elapsed] 1089810554 nsec
Iteration 5 started...  [elapsed] 1089709266 nsec
Iteration 6 started...  [elapsed] 1089690656 nsec
Iteration 7 started...  [elapsed] 1089705875 nsec
Iteration 8 started...  [elapsed] 1089293600 nsec
Iteration 9 started...  [elapsed] 1089780409 nsec
Iteration 10 started...  [elapsed] 1089897256 nsec
success!
