=============================================================
# of xstreams:             56
# of threads:              560
# of repeats:              11
Use pthread:               false
Preemption:                On
# of preemption groups:    56
Preemption timer interval: 7000 usec
Preemption type:           ABT_PREEMPTION_NEW_ES
# of iterations:           30000000
=============================================================

Iteration 0 started...  [elapsed] 1089153655 nsec
Iteration 1 started...  [elapsed] 1089543718 nsec
Iteration 2 started...  [elapsed] 1089127136 nsec
Iteration 3 started...  [elapsed] 1089099423 nsec
Iteration 4 started...  [elapsed] 1089184385 nsec
Iteration 5 started...  [elapsed] 1089355448 nsec
Iteration 6 started...  [elapsed] 1089637909 nsec
Iteration 7 started...  [elapsed] 1089520250 nsec
Iteration 8 started...  [elapsed] 1088831523 nsec
Iteration 9 started...  [elapsed] 1089196303 nsec
Iteration 10 started...  [elapsed] 1088867324 nsec
success!
