=============================================================
# of xstreams:             56
# of threads:              560
# of repeats:              11
Use pthread:               false
Preemption:                On
# of preemption groups:    56
Preemption timer interval: 7000 usec
Preemption type:           ABT_PREEMPTION_NEW_ES
# of iterations:           30000000
=============================================================

Iteration 0 started...  [elapsed] 1091558913 nsec
Iteration 1 started...  [elapsed] 1088716772 nsec
Iteration 2 started...  [elapsed] 1089296602 nsec
Iteration 3 started...  [elapsed] 1089034655 nsec
Iteration 4 started...  [elapsed] 1089115336 nsec
Iteration 5 started...  [elapsed] 1089467766 nsec
Iteration 6 started...  [elapsed] 1088789500 nsec
Iteration 7 started...  [elapsed] 1088896497 nsec
Iteration 8 started...  [elapsed] 1089430067 nsec
Iteration 9 started...  [elapsed] 1089605133 nsec
Iteration 10 started...  [elapsed] 1089683727 nsec
success!
