=============================================================
# of xstreams:             56
# of threads:              560
# of repeats:              11
Use pthread:               false
Preemption:                On
# of preemption groups:    56
Preemption timer interval: 700 usec
Preemption type:           ABT_PREEMPTION_NEW_ES
# of iterations:           30000000
=============================================================

Iteration 0 started...  [elapsed] 1104566964 nsec
Iteration 1 started...  [elapsed] 1104141727 nsec
Iteration 2 started...  [elapsed] 1104627257 nsec
Iteration 3 started...  [elapsed] 1104163035 nsec
Iteration 4 started...  [elapsed] 1104620717 nsec
Iteration 5 started...  [elapsed] 1104122497 nsec
Iteration 6 started...  [elapsed] 1104525869 nsec
Iteration 7 started...  [elapsed] 1104237260 nsec
Iteration 8 started...  [elapsed] 1104536250 nsec
Iteration 9 started...  [elapsed] 1104992928 nsec
Iteration 10 started...  [elapsed] 1104746746 nsec
success!
