=============================================================
# of xstreams:             56
# of threads:              560
# of repeats:              11
Use pthread:               false
Preemption:                On
# of preemption groups:    56
Preemption timer interval: 700 usec
Preemption type:           ABT_PREEMPTION_NEW_ES
# of iterations:           30000000
=============================================================

Iteration 0 started...  [elapsed] 1104492481 nsec
Iteration 1 started...  [elapsed] 1103942264 nsec
Iteration 2 started...  [elapsed] 1103921350 nsec
Iteration 3 started...  [elapsed] 1104644454 nsec
Iteration 4 started...  [elapsed] 1104762448 nsec
Iteration 5 started...  [elapsed] 1104492666 nsec
Iteration 6 started...  [elapsed] 1104019619 nsec
Iteration 7 started...  [elapsed] 1104594383 nsec
Iteration 8 started...  [elapsed] 1104281848 nsec
Iteration 9 started...  [elapsed] 1105220929 nsec
Iteration 10 started...  [elapsed] 1104791981 nsec
success!
