=============================================================
# of xstreams:             56
# of threads:              560
# of repeats:              11
Use pthread:               false
Preemption:                On
# of preemption groups:    56
Preemption timer interval: 7000 usec
Preemption type:           ABT_PREEMPTION_NEW_ES
# of iterations:           30000000
=============================================================

Iteration 0 started...  [elapsed] 1093778221 nsec
Iteration 1 started...  [elapsed] 1093773537 nsec
Iteration 2 started...  [elapsed] 1092030825 nsec
Iteration 3 started...  [elapsed] 1091339051 nsec
Iteration 4 started...  [elapsed] 1091201251 nsec
Iteration 5 started...  [elapsed] 1090491604 nsec
Iteration 6 started...  [elapsed] 1089105459 nsec
Iteration 7 started...  [elapsed] 1089109109 nsec
Iteration 8 started...  [elapsed] 1089647759 nsec
Iteration 9 started...  [elapsed] 1089787142 nsec
Iteration 10 started...  [elapsed] 1089873776 nsec
success!
