=============================================================
# of xstreams:             56
# of threads:              560
# of repeats:              11
Use pthread:               false
Preemption:                On
# of preemption groups:    56
Preemption timer interval: 7000 usec
Preemption type:           ABT_PREEMPTION_NEW_ES
# of iterations:           30000000
=============================================================

Iteration 0 started...  [elapsed] 1089493512 nsec
Iteration 1 started...  [elapsed] 1089730023 nsec
Iteration 2 started...  [elapsed] 1089512942 nsec
Iteration 3 started...  [elapsed] 1089501186 nsec
Iteration 4 started...  [elapsed] 1089659828 nsec
Iteration 5 started...  [elapsed] 1089481963 nsec
Iteration 6 started...  [elapsed] 1089586456 nsec
Iteration 7 started...  [elapsed] 1089139009 nsec
Iteration 8 started...  [elapsed] 1089536113 nsec
Iteration 9 started...  [elapsed] 1089766340 nsec
Iteration 10 started...  [elapsed] 1089347736 nsec
success!
