=============================================================
# of xstreams:             56
# of threads:              560
# of repeats:              11
Use pthread:               false
Preemption:                On
# of preemption groups:    56
Preemption timer interval: 700 usec
Preemption type:           ABT_PREEMPTION_NEW_ES
# of iterations:           30000000
=============================================================

Iteration 0 started...  [elapsed] 1104720906 nsec
Iteration 1 started...  [elapsed] 1104932457 nsec
Iteration 2 started...  [elapsed] 1104696331 nsec
Iteration 3 started...  [elapsed] 1104832725 nsec
Iteration 4 started...  [elapsed] 1104522232 nsec
Iteration 5 started...  [elapsed] 1105048243 nsec
Iteration 6 started...  [elapsed] 1104676749 nsec
Iteration 7 started...  [elapsed] 1104171570 nsec
Iteration 8 started...  [elapsed] 1104399398 nsec
Iteration 9 started...  [elapsed] 1104991302 nsec
Iteration 10 started...  [elapsed] 1104551719 nsec
success!
