=============================================================
# of xstreams:             56
# of threads:              560
# of repeats:              11
Use pthread:               false
Preemption:                On
# of preemption groups:    56
Preemption timer interval: 700 usec
Preemption type:           ABT_PREEMPTION_NEW_ES
# of iterations:           30000000
=============================================================

Iteration 0 started...  [elapsed] 1104508165 nsec
Iteration 1 started...  [elapsed] 1104440044 nsec
Iteration 2 started...  [elapsed] 1104490281 nsec
Iteration 3 started...  [elapsed] 1104688711 nsec
Iteration 4 started...  [elapsed] 1103880097 nsec
Iteration 5 started...  [elapsed] 1104084693 nsec
Iteration 6 started...  [elapsed] 1104442433 nsec
Iteration 7 started...  [elapsed] 1104647070 nsec
Iteration 8 started...  [elapsed] 1104660407 nsec
Iteration 9 started...  [elapsed] 1104838394 nsec
Iteration 10 started...  [elapsed] 1104847394 nsec
success!
