=============================================================
# of xstreams:             56
# of threads:              560
# of repeats:              11
Use pthread:               false
Preemption:                On
# of preemption groups:    56
Preemption timer interval: 7000 usec
Preemption type:           ABT_PREEMPTION_NEW_ES
# of iterations:           30000000
=============================================================

Iteration 0 started...  [elapsed] 1089655837 nsec
Iteration 1 started...  [elapsed] 1089536095 nsec
Iteration 2 started...  [elapsed] 1089546872 nsec
Iteration 3 started...  [elapsed] 1089569958 nsec
Iteration 4 started...  [elapsed] 1089424900 nsec
Iteration 5 started...  [elapsed] 1089414682 nsec
Iteration 6 started...  [elapsed] 1089434614 nsec
Iteration 7 started...  [elapsed] 1089074971 nsec
Iteration 8 started...  [elapsed] 1089384435 nsec
Iteration 9 started...  [elapsed] 1089925422 nsec
Iteration 10 started...  [elapsed] 1088897476 nsec
success!
