=============================================================
# of xstreams:             56
# of threads:              560
# of repeats:              11
Use pthread:               false
Preemption:                On
# of preemption groups:    56
Preemption timer interval: 700 usec
Preemption type:           ABT_PREEMPTION_NEW_ES
# of iterations:           30000000
=============================================================

Iteration 0 started...  [elapsed] 1104330504 nsec
Iteration 1 started...  [elapsed] 1104536896 nsec
Iteration 2 started...  [elapsed] 1104648205 nsec
Iteration 3 started...  [elapsed] 1104532109 nsec
Iteration 4 started...  [elapsed] 1104238655 nsec
Iteration 5 started...  [elapsed] 1104369341 nsec
Iteration 6 started...  [elapsed] 1104286577 nsec
Iteration 7 started...  [elapsed] 1104496314 nsec
Iteration 8 started...  [elapsed] 1104227855 nsec
Iteration 9 started...  [elapsed] 1104281302 nsec
Iteration 10 started...  [elapsed] 1104517783 nsec
success!
