=============================================================
# of xstreams:             68
# of threads:              680
# of repeats:              11
Use pthread:               false
Preemption:                On
# of preemption groups:    68
Preemption timer interval: 10000 usec
Preemption type:           ABT_PREEMPTION_YIELD
# of iterations:           5000000
=============================================================

Iteration 0 started...  [elapsed] 812980831 nsec
Iteration 1 started...  [elapsed] 813511801 nsec
Iteration 2 started...  [elapsed] 813022619 nsec
Iteration 3 started...  [elapsed] 813316662 nsec
Iteration 4 started...  [elapsed] 813139185 nsec
Iteration 5 started...  [elapsed] 811157094 nsec
Iteration 6 started...  [elapsed] 811844196 nsec
Iteration 7 started...  [elapsed] 812255847 nsec
Iteration 8 started...  [elapsed] 811866776 nsec
Iteration 9 started...  [elapsed] 812685072 nsec
Iteration 10 started...  [elapsed] 813273302 nsec
success!
