=============================================================
# of xstreams:             68
# of threads:              680
# of repeats:              11
Use pthread:               false
Preemption:                On
# of preemption groups:    68
Preemption timer interval: 10000 usec
Preemption type:           ABT_PREEMPTION_YIELD
# of iterations:           5000000
=============================================================

Iteration 0 started...  [elapsed] 813403360 nsec
Iteration 1 started...  [elapsed] 813305245 nsec
Iteration 2 started...  [elapsed] 813399874 nsec
Iteration 3 started...  [elapsed] 813395856 nsec
Iteration 4 started...  [elapsed] 813123742 nsec
Iteration 5 started...  [elapsed] 811297678 nsec
Iteration 6 started...  [elapsed] 811610035 nsec
Iteration 7 started...  [elapsed] 811837239 nsec
Iteration 8 started...  [elapsed] 812029582 nsec
Iteration 9 started...  [elapsed] 812825551 nsec
Iteration 10 started...  [elapsed] 813158622 nsec
success!
