=============================================================
# of xstreams:             68
# of threads:              680
# of repeats:              11
Use pthread:               false
Preemption:                On
# of preemption groups:    68
Preemption timer interval: 10000 usec
Preemption type:           ABT_PREEMPTION_YIELD
# of iterations:           5000000
=============================================================

Iteration 0 started...  [elapsed] 813641824 nsec
Iteration 1 started...  [elapsed] 813644057 nsec
Iteration 2 started...  [elapsed] 813428396 nsec
Iteration 3 started...  [elapsed] 813489682 nsec
Iteration 4 started...  [elapsed] 813107853 nsec
Iteration 5 started...  [elapsed] 811315532 nsec
Iteration 6 started...  [elapsed] 811984762 nsec
Iteration 7 started...  [elapsed] 812404422 nsec
Iteration 8 started...  [elapsed] 812441100 nsec
Iteration 9 started...  [elapsed] 813498507 nsec
Iteration 10 started...  [elapsed] 813063362 nsec
success!
