=============================================================
# of xstreams:             68
# of threads:              680
# of repeats:              11
Use pthread:               false
Preemption:                On
# of preemption groups:    68
Preemption timer interval: 10000 usec
Preemption type:           ABT_PREEMPTION_YIELD
# of iterations:           5000000
=============================================================

Iteration 0 started...  [elapsed] 813401717 nsec
Iteration 1 started...  [elapsed] 813510917 nsec
Iteration 2 started...  [elapsed] 813378343 nsec
Iteration 3 started...  [elapsed] 813262169 nsec
Iteration 4 started...  [elapsed] 813201096 nsec
Iteration 5 started...  [elapsed] 811111906 nsec
Iteration 6 started...  [elapsed] 811529418 nsec
Iteration 7 started...  [elapsed] 811845553 nsec
Iteration 8 started...  [elapsed] 812111012 nsec
Iteration 9 started...  [elapsed] 812648501 nsec
Iteration 10 started...  [elapsed] 812687646 nsec
success!
