=============================================================
# of xstreams:             68
# of threads:              680
# of repeats:              11
Use pthread:               false
Preemption:                On
# of preemption groups:    68
Preemption timer interval: 1000 usec
Preemption type:           ABT_PREEMPTION_YIELD
# of iterations:           5000000
=============================================================

Iteration 0 started...  [elapsed] 828352536 nsec
Iteration 1 started...  [elapsed] 828502530 nsec
Iteration 2 started...  [elapsed] 828496683 nsec
Iteration 3 started...  [elapsed] 828274422 nsec
Iteration 4 started...  [elapsed] 828200913 nsec
Iteration 5 started...  [elapsed] 826010494 nsec
Iteration 6 started...  [elapsed] 826696906 nsec
Iteration 7 started...  [elapsed] 827164980 nsec
Iteration 8 started...  [elapsed] 827306405 nsec
Iteration 9 started...  [elapsed] 827896297 nsec
Iteration 10 started...  [elapsed] 828405306 nsec
success!
