=============================================================
# of xstreams:             68
# of threads:              680
# of repeats:              11
Use pthread:               false
Preemption:                On
# of preemption groups:    68
Preemption timer interval: 10000 usec
Preemption type:           ABT_PREEMPTION_YIELD
# of iterations:           5000000
=============================================================

Iteration 0 started...  [elapsed] 813614165 nsec
Iteration 1 started...  [elapsed] 813595163 nsec
Iteration 2 started...  [elapsed] 813617522 nsec
Iteration 3 started...  [elapsed] 813530220 nsec
Iteration 4 started...  [elapsed] 813245020 nsec
Iteration 5 started...  [elapsed] 811326995 nsec
Iteration 6 started...  [elapsed] 811989964 nsec
Iteration 7 started...  [elapsed] 813215867 nsec
Iteration 8 started...  [elapsed] 812235764 nsec
Iteration 9 started...  [elapsed] 813132989 nsec
Iteration 10 started...  [elapsed] 813568405 nsec
success!
