=============================================================
# of xstreams:             68
# of threads:              680
# of repeats:              11
Use pthread:               false
Preemption:                On
# of preemption groups:    68
Preemption timer interval: 1000 usec
Preemption type:           ABT_PREEMPTION_YIELD
# of iterations:           5000000
=============================================================

Iteration 0 started...  [elapsed] 828472785 nsec
Iteration 1 started...  [elapsed] 828509929 nsec
Iteration 2 started...  [elapsed] 828478336 nsec
Iteration 3 started...  [elapsed] 828715436 nsec
Iteration 4 started...  [elapsed] 827703419 nsec
Iteration 5 started...  [elapsed] 825988537 nsec
Iteration 6 started...  [elapsed] 827050083 nsec
Iteration 7 started...  [elapsed] 827012706 nsec
Iteration 8 started...  [elapsed] 827399101 nsec
Iteration 9 started...  [elapsed] 828349004 nsec
Iteration 10 started...  [elapsed] 828284322 nsec
success!
