=============================================================
# of xstreams:             68
# of threads:              680
# of repeats:              11
Use pthread:               false
Preemption:                On
# of preemption groups:    68
Preemption timer interval: 1000 usec
Preemption type:           ABT_PREEMPTION_YIELD
# of iterations:           5000000
=============================================================

Iteration 0 started...  [elapsed] 828587544 nsec
Iteration 1 started...  [elapsed] 828374863 nsec
Iteration 2 started...  [elapsed] 828444003 nsec
Iteration 3 started...  [elapsed] 828509920 nsec
Iteration 4 started...  [elapsed] 827951426 nsec
Iteration 5 started...  [elapsed] 826202052 nsec
Iteration 6 started...  [elapsed] 826787577 nsec
Iteration 7 started...  [elapsed] 826998798 nsec
Iteration 8 started...  [elapsed] 827196006 nsec
Iteration 9 started...  [elapsed] 829639738 nsec
Iteration 10 started...  [elapsed] 828217743 nsec
success!
