=============================================================
# of xstreams:             68
# of threads:              680
# of repeats:              11
Use pthread:               false
Preemption:                On
# of preemption groups:    68
Preemption timer interval: 1000 usec
Preemption type:           ABT_PREEMPTION_YIELD
# of iterations:           5000000
=============================================================

Iteration 0 started...  [elapsed] 828751662 nsec
Iteration 1 started...  [elapsed] 828306100 nsec
Iteration 2 started...  [elapsed] 828239377 nsec
Iteration 3 started...  [elapsed] 828318076 nsec
Iteration 4 started...  [elapsed] 827817855 nsec
Iteration 5 started...  [elapsed] 826222703 nsec
Iteration 6 started...  [elapsed] 826960255 nsec
Iteration 7 started...  [elapsed] 827189180 nsec
Iteration 8 started...  [elapsed] 826899525 nsec
Iteration 9 started...  [elapsed] 828067413 nsec
Iteration 10 started...  [elapsed] 827586677 nsec
success!
