=============================================================
# of xstreams:             68
# of threads:              680
# of repeats:              11
Use pthread:               false
Preemption:                On
# of preemption groups:    68
Preemption timer interval: 1000 usec
Preemption type:           ABT_PREEMPTION_YIELD
# of iterations:           5000000
=============================================================

Iteration 0 started...  [elapsed] 828428928 nsec
Iteration 1 started...  [elapsed] 828276400 nsec
Iteration 2 started...  [elapsed] 828428538 nsec
Iteration 3 started...  [elapsed] 828318794 nsec
Iteration 4 started...  [elapsed] 827458088 nsec
Iteration 5 started...  [elapsed] 826157709 nsec
Iteration 6 started...  [elapsed] 826832623 nsec
Iteration 7 started...  [elapsed] 827221118 nsec
Iteration 8 started...  [elapsed] 827271901 nsec
Iteration 9 started...  [elapsed] 828197140 nsec
Iteration 10 started...  [elapsed] 828013418 nsec
success!
