=============================================================
# of xstreams:             68
# of threads:              680
# of repeats:              11
Use pthread:               false
Preemption:                On
# of preemption groups:    68
Preemption timer interval: 10000 usec
Preemption type:           ABT_PREEMPTION_YIELD
# of iterations:           5000000
=============================================================

Iteration 0 started...  [elapsed] 813288945 nsec
Iteration 1 started...  [elapsed] 813464399 nsec
Iteration 2 started...  [elapsed] 813232751 nsec
Iteration 3 started...  [elapsed] 813307213 nsec
Iteration 4 started...  [elapsed] 813079470 nsec
Iteration 5 started...  [elapsed] 811264065 nsec
Iteration 6 started...  [elapsed] 811890822 nsec
Iteration 7 started...  [elapsed] 811949312 nsec
Iteration 8 started...  [elapsed] 812030906 nsec
Iteration 9 started...  [elapsed] 813000858 nsec
Iteration 10 started...  [elapsed] 813318382 nsec
success!
