=============================================================
# of xstreams:             68
# of threads:              680
# of repeats:              11
Use pthread:               false
Preemption:                On
# of preemption groups:    68
Preemption timer interval: 10000 usec
Preemption type:           ABT_PREEMPTION_YIELD
# of iterations:           5000000
=============================================================

Iteration 0 started...  [elapsed] 813364202 nsec
Iteration 1 started...  [elapsed] 813266700 nsec
Iteration 2 started...  [elapsed] 813336796 nsec
Iteration 3 started...  [elapsed] 813309553 nsec
Iteration 4 started...  [elapsed] 814612305 nsec
Iteration 5 started...  [elapsed] 811220968 nsec
Iteration 6 started...  [elapsed] 811603648 nsec
Iteration 7 started...  [elapsed] 812128903 nsec
Iteration 8 started...  [elapsed] 811949914 nsec
Iteration 9 started...  [elapsed] 812754375 nsec
Iteration 10 started...  [elapsed] 813344044 nsec
success!
