=============================================================
# of xstreams:             68
# of threads:              680
# of repeats:              11
Use pthread:               false
Preemption:                On
# of preemption groups:    68
Preemption timer interval: 1000 usec
Preemption type:           ABT_PREEMPTION_YIELD
# of iterations:           5000000
=============================================================

Iteration 0 started...  [elapsed] 828400495 nsec
Iteration 1 started...  [elapsed] 828327522 nsec
Iteration 2 started...  [elapsed] 828298338 nsec
Iteration 3 started...  [elapsed] 828496072 nsec
Iteration 4 started...  [elapsed] 829356986 nsec
Iteration 5 started...  [elapsed] 826024062 nsec
Iteration 6 started...  [elapsed] 826809492 nsec
Iteration 7 started...  [elapsed] 826816319 nsec
Iteration 8 started...  [elapsed] 826996160 nsec
Iteration 9 started...  [elapsed] 828255374 nsec
Iteration 10 started...  [elapsed] 828354232 nsec
success!
