=============================================================
# of xstreams:             68
# of threads:              680
# of repeats:              11
Use pthread:               false
Preemption:                On
# of preemption groups:    68
Preemption timer interval: 10000 usec
Preemption type:           ABT_PREEMPTION_YIELD
# of iterations:           5000000
=============================================================

Iteration 0 started...  [elapsed] 813369306 nsec
Iteration 1 started...  [elapsed] 813290437 nsec
Iteration 2 started...  [elapsed] 813278113 nsec
Iteration 3 started...  [elapsed] 813193414 nsec
Iteration 4 started...  [elapsed] 812839518 nsec
Iteration 5 started...  [elapsed] 811189140 nsec
Iteration 6 started...  [elapsed] 811750985 nsec
Iteration 7 started...  [elapsed] 811679147 nsec
Iteration 8 started...  [elapsed] 812078367 nsec
Iteration 9 started...  [elapsed] 812705796 nsec
Iteration 10 started...  [elapsed] 813139652 nsec
success!
