=============================================================
# of xstreams:             68
# of threads:              680
# of repeats:              11
Use pthread:               false
Preemption:                On
# of preemption groups:    68
Preemption timer interval: 1500 usec
Preemption type:           ABT_PREEMPTION_YIELD
# of iterations:           5000000
=============================================================

Iteration 0 started...  [elapsed] 822835076 nsec
Iteration 1 started...  [elapsed] 822275805 nsec
Iteration 2 started...  [elapsed] 822402094 nsec
Iteration 3 started...  [elapsed] 822510312 nsec
Iteration 4 started...  [elapsed] 822253049 nsec
Iteration 5 started...  [elapsed] 820305358 nsec
Iteration 6 started...  [elapsed] 820556127 nsec
Iteration 7 started...  [elapsed] 820973927 nsec
Iteration 8 started...  [elapsed] 821202578 nsec
Iteration 9 started...  [elapsed] 822209202 nsec
Iteration 10 started...  [elapsed] 822310223 nsec
success!
