=============================================================
# of xstreams:             68
# of threads:              680
# of repeats:              11
Use pthread:               false
Preemption:                On
# of preemption groups:    68
Preemption timer interval: 1500 usec
Preemption type:           ABT_PREEMPTION_YIELD
# of iterations:           5000000
=============================================================

Iteration 0 started...  [elapsed] 822422524 nsec
Iteration 1 started...  [elapsed] 822408540 nsec
Iteration 2 started...  [elapsed] 822539101 nsec
Iteration 3 started...  [elapsed] 822043523 nsec
Iteration 4 started...  [elapsed] 822210876 nsec
Iteration 5 started...  [elapsed] 820048641 nsec
Iteration 6 started...  [elapsed] 820844341 nsec
Iteration 7 started...  [elapsed] 821179810 nsec
Iteration 8 started...  [elapsed] 821295565 nsec
Iteration 9 started...  [elapsed] 821991318 nsec
Iteration 10 started...  [elapsed] 822459223 nsec
success!
