=============================================================
# of xstreams:             68
# of threads:              680
# of repeats:              11
Use pthread:               false
Preemption:                On
# of preemption groups:    68
Preemption timer interval: 1500 usec
Preemption type:           ABT_PREEMPTION_YIELD
# of iterations:           5000000
=============================================================

Iteration 0 started...  [elapsed] 822553029 nsec
Iteration 1 started...  [elapsed] 822407754 nsec
Iteration 2 started...  [elapsed] 822379479 nsec
Iteration 3 started...  [elapsed] 822443161 nsec
Iteration 4 started...  [elapsed] 822190924 nsec
Iteration 5 started...  [elapsed] 820268918 nsec
Iteration 6 started...  [elapsed] 820812598 nsec
Iteration 7 started...  [elapsed] 820852140 nsec
Iteration 8 started...  [elapsed] 820990423 nsec
Iteration 9 started...  [elapsed] 822121321 nsec
Iteration 10 started...  [elapsed] 822472530 nsec
success!
