=============================================================
# of xstreams:             68
# of threads:              680
# of repeats:              11
Use pthread:               false
Preemption:                On
# of preemption groups:    68
Preemption timer interval: 1500 usec
Preemption type:           ABT_PREEMPTION_YIELD
# of iterations:           5000000
=============================================================

Iteration 0 started...  [elapsed] 822415232 nsec
Iteration 1 started...  [elapsed] 822413273 nsec
Iteration 2 started...  [elapsed] 822090020 nsec
Iteration 3 started...  [elapsed] 822397531 nsec
Iteration 4 started...  [elapsed] 822251820 nsec
Iteration 5 started...  [elapsed] 820284558 nsec
Iteration 6 started...  [elapsed] 820610314 nsec
Iteration 7 started...  [elapsed] 821357845 nsec
Iteration 8 started...  [elapsed] 821443806 nsec
Iteration 9 started...  [elapsed] 822306345 nsec
Iteration 10 started...  [elapsed] 822403517 nsec
success!
