=============================================================
# of xstreams:             68
# of threads:              680
# of repeats:              11
Use pthread:               false
Preemption:                On
# of preemption groups:    68
Preemption timer interval: 1500 usec
Preemption type:           ABT_PREEMPTION_YIELD
# of iterations:           5000000
=============================================================

Iteration 0 started...  [elapsed] 822440863 nsec
Iteration 1 started...  [elapsed] 822354760 nsec
Iteration 2 started...  [elapsed] 822364840 nsec
Iteration 3 started...  [elapsed] 822367251 nsec
Iteration 4 started...  [elapsed] 822553686 nsec
Iteration 5 started...  [elapsed] 820191288 nsec
Iteration 6 started...  [elapsed] 820758092 nsec
Iteration 7 started...  [elapsed] 821190377 nsec
Iteration 8 started...  [elapsed] 821050404 nsec
Iteration 9 started...  [elapsed] 821728435 nsec
Iteration 10 started...  [elapsed] 822406924 nsec
success!
