=============================================================
# of xstreams:             68
# of threads:              680
# of repeats:              11
Use pthread:               false
Preemption:                On
# of preemption groups:    68
Preemption timer interval: 1500 usec
Preemption type:           ABT_PREEMPTION_YIELD
# of iterations:           5000000
=============================================================

Iteration 0 started...  [elapsed] 822385679 nsec
Iteration 1 started...  [elapsed] 822097378 nsec
Iteration 2 started...  [elapsed] 822572345 nsec
Iteration 3 started...  [elapsed] 822325839 nsec
Iteration 4 started...  [elapsed] 822098327 nsec
Iteration 5 started...  [elapsed] 820189763 nsec
Iteration 6 started...  [elapsed] 820839565 nsec
Iteration 7 started...  [elapsed] 821265277 nsec
Iteration 8 started...  [elapsed] 822195158 nsec
Iteration 9 started...  [elapsed] 822443230 nsec
Iteration 10 started...  [elapsed] 822333061 nsec
success!
