=============================================================
# of xstreams:             68
# of threads:              680
# of repeats:              11
Use pthread:               false
Preemption:                On
# of preemption groups:    68
Preemption timer interval: 1500 usec
Preemption type:           ABT_PREEMPTION_YIELD
# of iterations:           5000000
=============================================================

Iteration 0 started...  [elapsed] 822428023 nsec
Iteration 1 started...  [elapsed] 822427793 nsec
Iteration 2 started...  [elapsed] 822252843 nsec
Iteration 3 started...  [elapsed] 822424464 nsec
Iteration 4 started...  [elapsed] 822170937 nsec
Iteration 5 started...  [elapsed] 820030905 nsec
Iteration 6 started...  [elapsed] 821178454 nsec
Iteration 7 started...  [elapsed] 821198039 nsec
Iteration 8 started...  [elapsed] 821106388 nsec
Iteration 9 started...  [elapsed] 822377660 nsec
Iteration 10 started...  [elapsed] 822084948 nsec
success!
