=============================================================
# of xstreams:             68
# of threads:              680
# of repeats:              11
Use pthread:               false
Preemption:                On
# of preemption groups:    68
Preemption timer interval: 2000 usec
Preemption type:           ABT_PREEMPTION_YIELD
# of iterations:           5000000
=============================================================

Iteration 0 started...  [elapsed] 820866448 nsec
Iteration 1 started...  [elapsed] 819658594 nsec
Iteration 2 started...  [elapsed] 819977105 nsec
Iteration 3 started...  [elapsed] 819614065 nsec
Iteration 4 started...  [elapsed] 819340313 nsec
Iteration 5 started...  [elapsed] 817600776 nsec
Iteration 6 started...  [elapsed] 818018588 nsec
Iteration 7 started...  [elapsed] 818577903 nsec
Iteration 8 started...  [elapsed] 818313504 nsec
Iteration 9 started...  [elapsed] 819372220 nsec
Iteration 10 started...  [elapsed] 819685113 nsec
success!
