=============================================================
# of xstreams:             68
# of threads:              680
# of repeats:              11
Use pthread:               false
Preemption:                On
# of preemption groups:    68
Preemption timer interval: 2000 usec
Preemption type:           ABT_PREEMPTION_YIELD
# of iterations:           5000000
=============================================================

Iteration 0 started...  [elapsed] 819693749 nsec
Iteration 1 started...  [elapsed] 819598577 nsec
Iteration 2 started...  [elapsed] 819674629 nsec
Iteration 3 started...  [elapsed] 820683022 nsec
Iteration 4 started...  [elapsed] 819284026 nsec
Iteration 5 started...  [elapsed] 817393815 nsec
Iteration 6 started...  [elapsed] 818184127 nsec
Iteration 7 started...  [elapsed] 818257434 nsec
Iteration 8 started...  [elapsed] 818241407 nsec
Iteration 9 started...  [elapsed] 819430349 nsec
Iteration 10 started...  [elapsed] 819393410 nsec
success!
