=============================================================
# of xstreams:             68
# of threads:              680
# of repeats:              11
Use pthread:               false
Preemption:                On
# of preemption groups:    68
Preemption timer interval: 2000 usec
Preemption type:           ABT_PREEMPTION_YIELD
# of iterations:           5000000
=============================================================

Iteration 0 started...  [elapsed] 819879462 nsec
Iteration 1 started...  [elapsed] 819892333 nsec
Iteration 2 started...  [elapsed] 819966430 nsec
Iteration 3 started...  [elapsed] 819758079 nsec
Iteration 4 started...  [elapsed] 819527802 nsec
Iteration 5 started...  [elapsed] 817603552 nsec
Iteration 6 started...  [elapsed] 818150476 nsec
Iteration 7 started...  [elapsed] 818654707 nsec
Iteration 8 started...  [elapsed] 818649642 nsec
Iteration 9 started...  [elapsed] 819666561 nsec
Iteration 10 started...  [elapsed] 819489700 nsec
success!
