=============================================================
# of xstreams:             68
# of threads:              680
# of repeats:              11
Use pthread:               false
Preemption:                On
# of preemption groups:    68
Preemption timer interval: 2000 usec
Preemption type:           ABT_PREEMPTION_YIELD
# of iterations:           5000000
=============================================================

Iteration 0 started...  [elapsed] 819805211 nsec
Iteration 1 started...  [elapsed] 819732419 nsec
Iteration 2 started...  [elapsed] 819652540 nsec
Iteration 3 started...  [elapsed] 819661847 nsec
Iteration 4 started...  [elapsed] 819257500 nsec
Iteration 5 started...  [elapsed] 817394476 nsec
Iteration 6 started...  [elapsed] 818269359 nsec
Iteration 7 started...  [elapsed] 818020871 nsec
Iteration 8 started...  [elapsed] 818265127 nsec
Iteration 9 started...  [elapsed] 819183976 nsec
Iteration 10 started...  [elapsed] 819510396 nsec
success!
