=============================================================
# of xstreams:             68
# of threads:              680
# of repeats:              11
Use pthread:               false
Preemption:                On
# of preemption groups:    68
Preemption timer interval: 2000 usec
Preemption type:           ABT_PREEMPTION_YIELD
# of iterations:           5000000
=============================================================

Iteration 0 started...  [elapsed] 819850631 nsec
Iteration 1 started...  [elapsed] 819681985 nsec
Iteration 2 started...  [elapsed] 819760248 nsec
Iteration 3 started...  [elapsed] 819750924 nsec
Iteration 4 started...  [elapsed] 819538980 nsec
Iteration 5 started...  [elapsed] 817638822 nsec
Iteration 6 started...  [elapsed] 818193231 nsec
Iteration 7 started...  [elapsed] 818452430 nsec
Iteration 8 started...  [elapsed] 818729336 nsec
Iteration 9 started...  [elapsed] 819467777 nsec
Iteration 10 started...  [elapsed] 819720740 nsec
success!
