=============================================================
# of xstreams:             68
# of threads:              680
# of repeats:              11
Use pthread:               false
Preemption:                On
# of preemption groups:    68
Preemption timer interval: 300 usec
Preemption type:           ABT_PREEMPTION_YIELD
# of iterations:           5000000
=============================================================

Iteration 0 started...  [elapsed] 879893948 nsec
Iteration 1 started...  [elapsed] 878858988 nsec
Iteration 2 started...  [elapsed] 880476126 nsec
Iteration 3 started...  [elapsed] 875738492 nsec
Iteration 4 started...  [elapsed] 872153262 nsec
Iteration 5 started...  [elapsed] 874210590 nsec
Iteration 6 started...  [elapsed] 875559876 nsec
Iteration 7 started...  [elapsed] 873506742 nsec
Iteration 8 started...  [elapsed] 875830524 nsec
Iteration 9 started...  [elapsed] 877299219 nsec
Iteration 10 started...  [elapsed] 876780674 nsec
success!
