=============================================================
# of xstreams:             68
# of threads:              680
# of repeats:              11
Use pthread:               false
Preemption:                On
# of preemption groups:    68
Preemption timer interval: 300 usec
Preemption type:           ABT_PREEMPTION_YIELD
# of iterations:           5000000
=============================================================

Iteration 0 started...  [elapsed] 878717972 nsec
Iteration 1 started...  [elapsed] 879353926 nsec
Iteration 2 started...  [elapsed] 878367962 nsec
Iteration 3 started...  [elapsed] 879025768 nsec
Iteration 4 started...  [elapsed] 873864080 nsec
Iteration 5 started...  [elapsed] 871703983 nsec
Iteration 6 started...  [elapsed] 877097214 nsec
Iteration 7 started...  [elapsed] 875042215 nsec
Iteration 8 started...  [elapsed] 876571289 nsec
Iteration 9 started...  [elapsed] 883433473 nsec
Iteration 10 started...  [elapsed] 877658598 nsec
success!
