=============================================================
# of xstreams:             68
# of threads:              680
# of repeats:              11
Use pthread:               false
Preemption:                On
# of preemption groups:    68
Preemption timer interval: 3000 usec
Preemption type:           ABT_PREEMPTION_YIELD
# of iterations:           5000000
=============================================================

Iteration 0 started...  [elapsed] 817063381 nsec
Iteration 1 started...  [elapsed] 817070052 nsec
Iteration 2 started...  [elapsed] 817483726 nsec
Iteration 3 started...  [elapsed] 817617421 nsec
Iteration 4 started...  [elapsed] 816966535 nsec
Iteration 5 started...  [elapsed] 817147950 nsec
Iteration 6 started...  [elapsed] 814900441 nsec
Iteration 7 started...  [elapsed] 815356294 nsec
Iteration 8 started...  [elapsed] 815661020 nsec
Iteration 9 started...  [elapsed] 816803865 nsec
Iteration 10 started...  [elapsed] 816059381 nsec
success!
