=============================================================
# of xstreams:             68
# of threads:              680
# of repeats:              11
Use pthread:               false
Preemption:                On
# of preemption groups:    68
Preemption timer interval: 300 usec
Preemption type:           ABT_PREEMPTION_YIELD
# of iterations:           5000000
=============================================================

Iteration 0 started...  [elapsed] 885009513 nsec
Iteration 1 started...  [elapsed] 883756804 nsec
Iteration 2 started...  [elapsed] 880317957 nsec
Iteration 3 started...  [elapsed] 880977086 nsec
Iteration 4 started...  [elapsed] 875828319 nsec
Iteration 5 started...  [elapsed] 872682036 nsec
Iteration 6 started...  [elapsed] 874426783 nsec
Iteration 7 started...  [elapsed] 879281441 nsec
Iteration 8 started...  [elapsed] 878778367 nsec
Iteration 9 started...  [elapsed] 878801711 nsec
Iteration 10 started...  [elapsed] 877117705 nsec
success!
