=============================================================
# of xstreams:             68
# of threads:              680
# of repeats:              11
Use pthread:               false
Preemption:                On
# of preemption groups:    68
Preemption timer interval: 3000 usec
Preemption type:           ABT_PREEMPTION_YIELD
# of iterations:           5000000
=============================================================

Iteration 0 started...  [elapsed] 817154559 nsec
Iteration 1 started...  [elapsed] 817267072 nsec
Iteration 2 started...  [elapsed] 817047709 nsec
Iteration 3 started...  [elapsed] 817028719 nsec
Iteration 4 started...  [elapsed] 816757992 nsec
Iteration 5 started...  [elapsed] 814960909 nsec
Iteration 6 started...  [elapsed] 815606489 nsec
Iteration 7 started...  [elapsed] 815929610 nsec
Iteration 8 started...  [elapsed] 815821846 nsec
Iteration 9 started...  [elapsed] 816888841 nsec
Iteration 10 started...  [elapsed] 816671921 nsec
success!
