=============================================================
# of xstreams:             68
# of threads:              680
# of repeats:              11
Use pthread:               false
Preemption:                On
# of preemption groups:    68
Preemption timer interval: 300 usec
Preemption type:           ABT_PREEMPTION_YIELD
# of iterations:           5000000
=============================================================

Iteration 0 started...  [elapsed] 877198730 nsec
Iteration 1 started...  [elapsed] 875103720 nsec
Iteration 2 started...  [elapsed] 877892459 nsec
Iteration 3 started...  [elapsed] 878914687 nsec
Iteration 4 started...  [elapsed] 874353185 nsec
Iteration 5 started...  [elapsed] 876517642 nsec
Iteration 6 started...  [elapsed] 874061844 nsec
Iteration 7 started...  [elapsed] 874704010 nsec
Iteration 8 started...  [elapsed] 876707763 nsec
Iteration 9 started...  [elapsed] 876769799 nsec
Iteration 10 started...  [elapsed] 877557647 nsec
success!
