=============================================================
# of xstreams:             68
# of threads:              680
# of repeats:              11
Use pthread:               false
Preemption:                On
# of preemption groups:    68
Preemption timer interval: 3000 usec
Preemption type:           ABT_PREEMPTION_YIELD
# of iterations:           5000000
=============================================================

Iteration 0 started...  [elapsed] 816969409 nsec
Iteration 1 started...  [elapsed] 816993482 nsec
Iteration 2 started...  [elapsed] 817043094 nsec
Iteration 3 started...  [elapsed] 816984635 nsec
Iteration 4 started...  [elapsed] 816990212 nsec
Iteration 5 started...  [elapsed] 814982879 nsec
Iteration 6 started...  [elapsed] 815375440 nsec
Iteration 7 started...  [elapsed] 815801970 nsec
Iteration 8 started...  [elapsed] 815694512 nsec
Iteration 9 started...  [elapsed] 816516115 nsec
Iteration 10 started...  [elapsed] 816135208 nsec
success!
