=============================================================
# of xstreams:             68
# of threads:              680
# of repeats:              11
Use pthread:               false
Preemption:                On
# of preemption groups:    68
Preemption timer interval: 3000 usec
Preemption type:           ABT_PREEMPTION_YIELD
# of iterations:           5000000
=============================================================

Iteration 0 started...  [elapsed] 817120029 nsec
Iteration 1 started...  [elapsed] 817178991 nsec
Iteration 2 started...  [elapsed] 817141073 nsec
Iteration 3 started...  [elapsed] 817146447 nsec
Iteration 4 started...  [elapsed] 816792018 nsec
Iteration 5 started...  [elapsed] 815087933 nsec
Iteration 6 started...  [elapsed] 815288592 nsec
Iteration 7 started...  [elapsed] 815803049 nsec
Iteration 8 started...  [elapsed] 815866157 nsec
Iteration 9 started...  [elapsed] 816359626 nsec
Iteration 10 started...  [elapsed] 817121131 nsec
success!
