=============================================================
# of xstreams:             68
# of threads:              680
# of repeats:              11
Use pthread:               false
Preemption:                On
# of preemption groups:    68
Preemption timer interval: 300 usec
Preemption type:           ABT_PREEMPTION_YIELD
# of iterations:           5000000
=============================================================

Iteration 0 started...  [elapsed] 876413530 nsec
Iteration 1 started...  [elapsed] 877689781 nsec
Iteration 2 started...  [elapsed] 879798588 nsec
Iteration 3 started...  [elapsed] 879016701 nsec
Iteration 4 started...  [elapsed] 872740751 nsec
Iteration 5 started...  [elapsed] 875142836 nsec
Iteration 6 started...  [elapsed] 874451863 nsec
Iteration 7 started...  [elapsed] 876240640 nsec
Iteration 8 started...  [elapsed] 880056250 nsec
Iteration 9 started...  [elapsed] 880604952 nsec
Iteration 10 started...  [elapsed] 876309679 nsec
success!
