=============================================================
# of xstreams:             68
# of threads:              680
# of repeats:              11
Use pthread:               false
Preemption:                On
# of preemption groups:    68
Preemption timer interval: 300 usec
Preemption type:           ABT_PREEMPTION_YIELD
# of iterations:           5000000
=============================================================

Iteration 0 started...  [elapsed] 877365926 nsec
Iteration 1 started...  [elapsed] 879029011 nsec
Iteration 2 started...  [elapsed] 881694883 nsec
Iteration 3 started...  [elapsed] 884756251 nsec
Iteration 4 started...  [elapsed] 874254996 nsec
Iteration 5 started...  [elapsed] 873720652 nsec
Iteration 6 started...  [elapsed] 874171136 nsec
Iteration 7 started...  [elapsed] 876157944 nsec
Iteration 8 started...  [elapsed] 882248258 nsec
Iteration 9 started...  [elapsed] 880082232 nsec
Iteration 10 started...  [elapsed] 876707693 nsec
success!
