=============================================================
# of xstreams:             68
# of threads:              680
# of repeats:              11
Use pthread:               false
Preemption:                On
# of preemption groups:    68
Preemption timer interval: 3000 usec
Preemption type:           ABT_PREEMPTION_YIELD
# of iterations:           5000000
=============================================================

Iteration 0 started...  [elapsed] 817181694 nsec
Iteration 1 started...  [elapsed] 817247774 nsec
Iteration 2 started...  [elapsed] 817126810 nsec
Iteration 3 started...  [elapsed] 817034909 nsec
Iteration 4 started...  [elapsed] 816869271 nsec
Iteration 5 started...  [elapsed] 815053732 nsec
Iteration 6 started...  [elapsed] 815562146 nsec
Iteration 7 started...  [elapsed] 816028656 nsec
Iteration 8 started...  [elapsed] 816160104 nsec
Iteration 9 started...  [elapsed] 816810620 nsec
Iteration 10 started...  [elapsed] 817100409 nsec
success!
