=============================================================
# of xstreams:             68
# of threads:              680
# of repeats:              11
Use pthread:               false
Preemption:                On
# of preemption groups:    68
Preemption timer interval: 300 usec
Preemption type:           ABT_PREEMPTION_YIELD
# of iterations:           5000000
=============================================================

Iteration 0 started...  [elapsed] 879641031 nsec
Iteration 1 started...  [elapsed] 877119314 nsec
Iteration 2 started...  [elapsed] 876814712 nsec
Iteration 3 started...  [elapsed] 878832969 nsec
Iteration 4 started...  [elapsed] 875099738 nsec
Iteration 5 started...  [elapsed] 871499892 nsec
Iteration 6 started...  [elapsed] 877634299 nsec
Iteration 7 started...  [elapsed] 873052621 nsec
Iteration 8 started...  [elapsed] 877093896 nsec
Iteration 9 started...  [elapsed] 880826336 nsec
Iteration 10 started...  [elapsed] 876186994 nsec
success!
