=============================================================
# of xstreams:             68
# of threads:              680
# of repeats:              11
Use pthread:               false
Preemption:                On
# of preemption groups:    68
Preemption timer interval: 3000 usec
Preemption type:           ABT_PREEMPTION_YIELD
# of iterations:           5000000
=============================================================

Iteration 0 started...  [elapsed] 817128030 nsec
Iteration 1 started...  [elapsed] 817225270 nsec
Iteration 2 started...  [elapsed] 817112484 nsec
Iteration 3 started...  [elapsed] 816926353 nsec
Iteration 4 started...  [elapsed] 817055386 nsec
Iteration 5 started...  [elapsed] 814979249 nsec
Iteration 6 started...  [elapsed] 815474772 nsec
Iteration 7 started...  [elapsed] 815613471 nsec
Iteration 8 started...  [elapsed] 815719504 nsec
Iteration 9 started...  [elapsed] 816289468 nsec
Iteration 10 started...  [elapsed] 817423969 nsec
success!
