=============================================================
# of xstreams:             68
# of threads:              680
# of repeats:              11
Use pthread:               false
Preemption:                On
# of preemption groups:    68
Preemption timer interval: 500 usec
Preemption type:           ABT_PREEMPTION_YIELD
# of iterations:           5000000
=============================================================

Iteration 0 started...  [elapsed] 843553455 nsec
Iteration 1 started...  [elapsed] 843389119 nsec
Iteration 2 started...  [elapsed] 845343995 nsec
Iteration 3 started...  [elapsed] 843574203 nsec
Iteration 4 started...  [elapsed] 843108715 nsec
Iteration 5 started...  [elapsed] 841278528 nsec
Iteration 6 started...  [elapsed] 841916304 nsec
Iteration 7 started...  [elapsed] 842177597 nsec
Iteration 8 started...  [elapsed] 842374825 nsec
Iteration 9 started...  [elapsed] 844929750 nsec
Iteration 10 started...  [elapsed] 842712863 nsec
success!
