=============================================================
# of xstreams:             68
# of threads:              680
# of repeats:              11
Use pthread:               false
Preemption:                On
# of preemption groups:    68
Preemption timer interval: 5000 usec
Preemption type:           ABT_PREEMPTION_YIELD
# of iterations:           5000000
=============================================================

Iteration 0 started...  [elapsed] 815025732 nsec
Iteration 1 started...  [elapsed] 815131932 nsec
Iteration 2 started...  [elapsed] 815020612 nsec
Iteration 3 started...  [elapsed] 814993059 nsec
Iteration 4 started...  [elapsed] 814877616 nsec
Iteration 5 started...  [elapsed] 813028912 nsec
Iteration 6 started...  [elapsed] 813343047 nsec
Iteration 7 started...  [elapsed] 813830292 nsec
Iteration 8 started...  [elapsed] 813935708 nsec
Iteration 9 started...  [elapsed] 814543758 nsec
Iteration 10 started...  [elapsed] 814506565 nsec
success!
