=============================================================
# of xstreams:             68
# of threads:              680
# of repeats:              11
Use pthread:               false
Preemption:                On
# of preemption groups:    68
Preemption timer interval: 5000 usec
Preemption type:           ABT_PREEMPTION_YIELD
# of iterations:           5000000
=============================================================

Iteration 0 started...  [elapsed] 815085371 nsec
Iteration 1 started...  [elapsed] 815141340 nsec
Iteration 2 started...  [elapsed] 814847495 nsec
Iteration 3 started...  [elapsed] 814997913 nsec
Iteration 4 started...  [elapsed] 814556839 nsec
Iteration 5 started...  [elapsed] 812838816 nsec
Iteration 6 started...  [elapsed] 813533107 nsec
Iteration 7 started...  [elapsed] 813870767 nsec
Iteration 8 started...  [elapsed] 813734980 nsec
Iteration 9 started...  [elapsed] 814650345 nsec
Iteration 10 started...  [elapsed] 814720962 nsec
success!
