=============================================================
# of xstreams:             68
# of threads:              680
# of repeats:              11
Use pthread:               false
Preemption:                On
# of preemption groups:    68
Preemption timer interval: 500 usec
Preemption type:           ABT_PREEMPTION_YIELD
# of iterations:           5000000
=============================================================

Iteration 0 started...  [elapsed] 843699738 nsec
Iteration 1 started...  [elapsed] 843922358 nsec
Iteration 2 started...  [elapsed] 843469630 nsec
Iteration 3 started...  [elapsed] 843211392 nsec
Iteration 4 started...  [elapsed] 843016430 nsec
Iteration 5 started...  [elapsed] 841083303 nsec
Iteration 6 started...  [elapsed] 841915032 nsec
Iteration 7 started...  [elapsed] 842309609 nsec
Iteration 8 started...  [elapsed] 842601592 nsec
Iteration 9 started...  [elapsed] 842783731 nsec
Iteration 10 started...  [elapsed] 843387374 nsec
success!
