=============================================================
# of xstreams:             68
# of threads:              680
# of repeats:              11
Use pthread:               false
Preemption:                On
# of preemption groups:    68
Preemption timer interval: 500 usec
Preemption type:           ABT_PREEMPTION_YIELD
# of iterations:           5000000
=============================================================

Iteration 0 started...  [elapsed] 843526942 nsec
Iteration 1 started...  [elapsed] 843851894 nsec
Iteration 2 started...  [elapsed] 843436325 nsec
Iteration 3 started...  [elapsed] 843312641 nsec
Iteration 4 started...  [elapsed] 843350444 nsec
Iteration 5 started...  [elapsed] 841152639 nsec
Iteration 6 started...  [elapsed] 841700596 nsec
Iteration 7 started...  [elapsed] 842387102 nsec
Iteration 8 started...  [elapsed] 842077352 nsec
Iteration 9 started...  [elapsed] 842845257 nsec
Iteration 10 started...  [elapsed] 843458319 nsec
success!
