=============================================================
# of xstreams:             68
# of threads:              680
# of repeats:              11
Use pthread:               false
Preemption:                On
# of preemption groups:    68
Preemption timer interval: 500 usec
Preemption type:           ABT_PREEMPTION_YIELD
# of iterations:           5000000
=============================================================

Iteration 0 started...  [elapsed] 843700537 nsec
Iteration 1 started...  [elapsed] 843544438 nsec
Iteration 2 started...  [elapsed] 844017984 nsec
Iteration 3 started...  [elapsed] 843451582 nsec
Iteration 4 started...  [elapsed] 842871957 nsec
Iteration 5 started...  [elapsed] 841141799 nsec
Iteration 6 started...  [elapsed] 841993643 nsec
Iteration 7 started...  [elapsed] 841973209 nsec
Iteration 8 started...  [elapsed] 842456351 nsec
Iteration 9 started...  [elapsed] 843236704 nsec
Iteration 10 started...  [elapsed] 843276627 nsec
success!
