=============================================================
# of xstreams:             68
# of threads:              680
# of repeats:              11
Use pthread:               false
Preemption:                On
# of preemption groups:    68
Preemption timer interval: 5000 usec
Preemption type:           ABT_PREEMPTION_YIELD
# of iterations:           5000000
=============================================================

Iteration 0 started...  [elapsed] 815201736 nsec
Iteration 1 started...  [elapsed] 815115562 nsec
Iteration 2 started...  [elapsed] 815025121 nsec
Iteration 3 started...  [elapsed] 814925771 nsec
Iteration 4 started...  [elapsed] 814792644 nsec
Iteration 5 started...  [elapsed] 813797719 nsec
Iteration 6 started...  [elapsed] 813213282 nsec
Iteration 7 started...  [elapsed] 813971038 nsec
Iteration 8 started...  [elapsed] 813725122 nsec
Iteration 9 started...  [elapsed] 814915080 nsec
Iteration 10 started...  [elapsed] 815079079 nsec
success!
