=============================================================
# of xstreams:             68
# of threads:              680
# of repeats:              11
Use pthread:               false
Preemption:                On
# of preemption groups:    68
Preemption timer interval: 5000 usec
Preemption type:           ABT_PREEMPTION_YIELD
# of iterations:           5000000
=============================================================

Iteration 0 started...  [elapsed] 814886011 nsec
Iteration 1 started...  [elapsed] 814981670 nsec
Iteration 2 started...  [elapsed] 815042591 nsec
Iteration 3 started...  [elapsed] 815091126 nsec
Iteration 4 started...  [elapsed] 814603273 nsec
Iteration 5 started...  [elapsed] 812802906 nsec
Iteration 6 started...  [elapsed] 813194340 nsec
Iteration 7 started...  [elapsed] 813673642 nsec
Iteration 8 started...  [elapsed] 813788898 nsec
Iteration 9 started...  [elapsed] 814882744 nsec
Iteration 10 started...  [elapsed] 814629078 nsec
success!
