=============================================================
# of xstreams:             68
# of threads:              680
# of repeats:              11
Use pthread:               false
Preemption:                On
# of preemption groups:    68
Preemption timer interval: 5000 usec
Preemption type:           ABT_PREEMPTION_YIELD
# of iterations:           5000000
=============================================================

Iteration 0 started...  [elapsed] 814879598 nsec
Iteration 1 started...  [elapsed] 815007491 nsec
Iteration 2 started...  [elapsed] 814577984 nsec
Iteration 3 started...  [elapsed] 815113561 nsec
Iteration 4 started...  [elapsed] 814616078 nsec
Iteration 5 started...  [elapsed] 812902290 nsec
Iteration 6 started...  [elapsed] 813440520 nsec
Iteration 7 started...  [elapsed] 813705901 nsec
Iteration 8 started...  [elapsed] 813834461 nsec
Iteration 9 started...  [elapsed] 814307072 nsec
Iteration 10 started...  [elapsed] 815036059 nsec
success!
