=============================================================
# of xstreams:             68
# of threads:              680
# of repeats:              11
Use pthread:               false
Preemption:                On
# of preemption groups:    68
Preemption timer interval: 5000 usec
Preemption type:           ABT_PREEMPTION_YIELD
# of iterations:           5000000
=============================================================

Iteration 0 started...  [elapsed] 815031788 nsec
Iteration 1 started...  [elapsed] 814768242 nsec
Iteration 2 started...  [elapsed] 815074752 nsec
Iteration 3 started...  [elapsed] 814945660 nsec
Iteration 4 started...  [elapsed] 814698362 nsec
Iteration 5 started...  [elapsed] 812855859 nsec
Iteration 6 started...  [elapsed] 813266882 nsec
Iteration 7 started...  [elapsed] 814021022 nsec
Iteration 8 started...  [elapsed] 813664486 nsec
Iteration 9 started...  [elapsed] 814409329 nsec
Iteration 10 started...  [elapsed] 814706220 nsec
success!
