=============================================================
# of xstreams:             68
# of threads:              680
# of repeats:              11
Use pthread:               false
Preemption:                On
# of preemption groups:    68
Preemption timer interval: 5000 usec
Preemption type:           ABT_PREEMPTION_YIELD
# of iterations:           5000000
=============================================================

Iteration 0 started...  [elapsed] 814931145 nsec
Iteration 1 started...  [elapsed] 815053678 nsec
Iteration 2 started...  [elapsed] 814798443 nsec
Iteration 3 started...  [elapsed] 814959517 nsec
Iteration 4 started...  [elapsed] 814934707 nsec
Iteration 5 started...  [elapsed] 812986458 nsec
Iteration 6 started...  [elapsed] 813534892 nsec
Iteration 7 started...  [elapsed] 813663954 nsec
Iteration 8 started...  [elapsed] 813713572 nsec
Iteration 9 started...  [elapsed] 814690768 nsec
Iteration 10 started...  [elapsed] 814631511 nsec
success!
