=============================================================
# of xstreams:             68
# of threads:              680
# of repeats:              11
Use pthread:               false
Preemption:                On
# of preemption groups:    68
Preemption timer interval: 7000 usec
Preemption type:           ABT_PREEMPTION_YIELD
# of iterations:           5000000
=============================================================

Iteration 0 started...  [elapsed] 814246622 nsec
Iteration 1 started...  [elapsed] 814043492 nsec
Iteration 2 started...  [elapsed] 813991706 nsec
Iteration 3 started...  [elapsed] 814099362 nsec
Iteration 4 started...  [elapsed] 813740140 nsec
Iteration 5 started...  [elapsed] 811895964 nsec
Iteration 6 started...  [elapsed] 812491059 nsec
Iteration 7 started...  [elapsed] 812334870 nsec
Iteration 8 started...  [elapsed] 812905726 nsec
Iteration 9 started...  [elapsed] 813719257 nsec
Iteration 10 started...  [elapsed] 813444983 nsec
success!
