=============================================================
# of xstreams:             68
# of threads:              680
# of repeats:              11
Use pthread:               false
Preemption:                On
# of preemption groups:    68
Preemption timer interval: 7000 usec
Preemption type:           ABT_PREEMPTION_YIELD
# of iterations:           5000000
=============================================================

Iteration 0 started...  [elapsed] 814140870 nsec
Iteration 1 started...  [elapsed] 814302751 nsec
Iteration 2 started...  [elapsed] 814213699 nsec
Iteration 3 started...  [elapsed] 814137522 nsec
Iteration 4 started...  [elapsed] 813779311 nsec
Iteration 5 started...  [elapsed] 812149623 nsec
Iteration 6 started...  [elapsed] 812660954 nsec
Iteration 7 started...  [elapsed] 812973128 nsec
Iteration 8 started...  [elapsed] 813043881 nsec
Iteration 9 started...  [elapsed] 814090083 nsec
Iteration 10 started...  [elapsed] 813489849 nsec
success!
