=============================================================
# of xstreams:             68
# of threads:              680
# of repeats:              11
Use pthread:               false
Preemption:                On
# of preemption groups:    68
Preemption timer interval: 700 usec
Preemption type:           ABT_PREEMPTION_YIELD
# of iterations:           5000000
=============================================================

Iteration 0 started...  [elapsed] 834352331 nsec
Iteration 1 started...  [elapsed] 834348683 nsec
Iteration 2 started...  [elapsed] 834426776 nsec
Iteration 3 started...  [elapsed] 834389586 nsec
Iteration 4 started...  [elapsed] 834210532 nsec
Iteration 5 started...  [elapsed] 831847337 nsec
Iteration 6 started...  [elapsed] 832452673 nsec
Iteration 7 started...  [elapsed] 832699515 nsec
Iteration 8 started...  [elapsed] 832799984 nsec
Iteration 9 started...  [elapsed] 834284744 nsec
Iteration 10 started...  [elapsed] 833684538 nsec
success!
