=============================================================
# of xstreams:             68
# of threads:              680
# of repeats:              11
Use pthread:               false
Preemption:                On
# of preemption groups:    68
Preemption timer interval: 700 usec
Preemption type:           ABT_PREEMPTION_YIELD
# of iterations:           5000000
=============================================================

Iteration 0 started...  [elapsed] 834389002 nsec
Iteration 1 started...  [elapsed] 834254371 nsec
Iteration 2 started...  [elapsed] 834499330 nsec
Iteration 3 started...  [elapsed] 834220541 nsec
Iteration 4 started...  [elapsed] 834265092 nsec
Iteration 5 started...  [elapsed] 831882311 nsec
Iteration 6 started...  [elapsed] 832486190 nsec
Iteration 7 started...  [elapsed] 832976294 nsec
Iteration 8 started...  [elapsed] 832894581 nsec
Iteration 9 started...  [elapsed] 833833228 nsec
Iteration 10 started...  [elapsed] 833929448 nsec
success!
