=============================================================
# of xstreams:             68
# of threads:              680
# of repeats:              11
Use pthread:               false
Preemption:                On
# of preemption groups:    68
Preemption timer interval: 7000 usec
Preemption type:           ABT_PREEMPTION_YIELD
# of iterations:           5000000
=============================================================

Iteration 0 started...  [elapsed] 814215964 nsec
Iteration 1 started...  [elapsed] 813939922 nsec
Iteration 2 started...  [elapsed] 814131332 nsec
Iteration 3 started...  [elapsed] 814156641 nsec
Iteration 4 started...  [elapsed] 813977871 nsec
Iteration 5 started...  [elapsed] 811954705 nsec
Iteration 6 started...  [elapsed] 812277560 nsec
Iteration 7 started...  [elapsed] 813021773 nsec
Iteration 8 started...  [elapsed] 812832300 nsec
Iteration 9 started...  [elapsed] 813941432 nsec
Iteration 10 started...  [elapsed] 814023724 nsec
success!
