=============================================================
# of xstreams:             68
# of threads:              680
# of repeats:              11
Use pthread:               false
Preemption:                On
# of preemption groups:    68
Preemption timer interval: 700 usec
Preemption type:           ABT_PREEMPTION_YIELD
# of iterations:           5000000
=============================================================

Iteration 0 started...  [elapsed] 834229323 nsec
Iteration 1 started...  [elapsed] 834379546 nsec
Iteration 2 started...  [elapsed] 834331638 nsec
Iteration 3 started...  [elapsed] 834505915 nsec
Iteration 4 started...  [elapsed] 833656338 nsec
Iteration 5 started...  [elapsed] 831818629 nsec
Iteration 6 started...  [elapsed] 832619243 nsec
Iteration 7 started...  [elapsed] 833092170 nsec
Iteration 8 started...  [elapsed] 833084758 nsec
Iteration 9 started...  [elapsed] 833546080 nsec
Iteration 10 started...  [elapsed] 833971034 nsec
success!
