=============================================================
# of xstreams:             68
# of threads:              680
# of repeats:              11
Use pthread:               false
Preemption:                On
# of preemption groups:    68
Preemption timer interval: 7000 usec
Preemption type:           ABT_PREEMPTION_YIELD
# of iterations:           5000000
=============================================================

Iteration 0 started...  [elapsed] 814092805 nsec
Iteration 1 started...  [elapsed] 814141144 nsec
Iteration 2 started...  [elapsed] 814044259 nsec
Iteration 3 started...  [elapsed] 814026565 nsec
Iteration 4 started...  [elapsed] 813809858 nsec
Iteration 5 started...  [elapsed] 811936256 nsec
Iteration 6 started...  [elapsed] 812496173 nsec
Iteration 7 started...  [elapsed] 812847364 nsec
Iteration 8 started...  [elapsed] 812660717 nsec
Iteration 9 started...  [elapsed] 814035569 nsec
Iteration 10 started...  [elapsed] 813581468 nsec
success!
