=============================================================
# of xstreams:             68
# of threads:              680
# of repeats:              11
Use pthread:               false
Preemption:                On
# of preemption groups:    68
Preemption timer interval: 7000 usec
Preemption type:           ABT_PREEMPTION_YIELD
# of iterations:           5000000
=============================================================

Iteration 0 started...  [elapsed] 814087310 nsec
Iteration 1 started...  [elapsed] 814001411 nsec
Iteration 2 started...  [elapsed] 813968003 nsec
Iteration 3 started...  [elapsed] 814087119 nsec
Iteration 4 started...  [elapsed] 813641262 nsec
Iteration 5 started...  [elapsed] 811969256 nsec
Iteration 6 started...  [elapsed] 812588323 nsec
Iteration 7 started...  [elapsed] 812573824 nsec
Iteration 8 started...  [elapsed] 812612349 nsec
Iteration 9 started...  [elapsed] 813719654 nsec
Iteration 10 started...  [elapsed] 813773280 nsec
success!
