=============================================================
# of xstreams:             68
# of threads:              680
# of repeats:              11
Use pthread:               false
Preemption:                On
# of preemption groups:    68
Preemption timer interval: 7000 usec
Preemption type:           ABT_PREEMPTION_YIELD
# of iterations:           5000000
=============================================================

Iteration 0 started...  [elapsed] 814226331 nsec
Iteration 1 started...  [elapsed] 814333525 nsec
Iteration 2 started...  [elapsed] 814177660 nsec
Iteration 3 started...  [elapsed] 814238923 nsec
Iteration 4 started...  [elapsed] 814120953 nsec
Iteration 5 started...  [elapsed] 812024742 nsec
Iteration 6 started...  [elapsed] 812522034 nsec
Iteration 7 started...  [elapsed] 813009644 nsec
Iteration 8 started...  [elapsed] 812708617 nsec
Iteration 9 started...  [elapsed] 813839114 nsec
Iteration 10 started...  [elapsed] 813576615 nsec
success!
