=============================================================
# of xstreams:             68
# of threads:              680
# of repeats:              11
Use pthread:               false
Preemption:                On
# of preemption groups:    68
Preemption timer interval: 7000 usec
Preemption type:           ABT_PREEMPTION_YIELD
# of iterations:           5000000
=============================================================

Iteration 0 started...  [elapsed] 814119119 nsec
Iteration 1 started...  [elapsed] 814127144 nsec
Iteration 2 started...  [elapsed] 814321115 nsec
Iteration 3 started...  [elapsed] 813882547 nsec
Iteration 4 started...  [elapsed] 813638619 nsec
Iteration 5 started...  [elapsed] 811834220 nsec
Iteration 6 started...  [elapsed] 812840693 nsec
Iteration 7 started...  [elapsed] 812777907 nsec
Iteration 8 started...  [elapsed] 812740155 nsec
Iteration 9 started...  [elapsed] 814004297 nsec
Iteration 10 started...  [elapsed] 813749849 nsec
success!
