=============================================================
# of xstreams:             68
# of threads:              680
# of repeats:              11
Use pthread:               false
Preemption:                On
# of preemption groups:    68
Preemption timer interval: 700 usec
Preemption type:           ABT_PREEMPTION_YIELD
# of iterations:           5000000
=============================================================

Iteration 0 started...  [elapsed] 834452835 nsec
Iteration 1 started...  [elapsed] 834772689 nsec
Iteration 2 started...  [elapsed] 834409540 nsec
Iteration 3 started...  [elapsed] 835530032 nsec
Iteration 4 started...  [elapsed] 833947412 nsec
Iteration 5 started...  [elapsed] 831832030 nsec
Iteration 6 started...  [elapsed] 832872970 nsec
Iteration 7 started...  [elapsed] 832848945 nsec
Iteration 8 started...  [elapsed] 832969499 nsec
Iteration 9 started...  [elapsed] 834218959 nsec
Iteration 10 started...  [elapsed] 833910494 nsec
success!
