=============================================================
# of xstreams:             68
# of threads:              680
# of repeats:              11
Use pthread:               false
Preemption:                On
# of preemption groups:    68
Preemption timer interval: 7000 usec
Preemption type:           ABT_PREEMPTION_YIELD
# of iterations:           5000000
=============================================================

Iteration 0 started...  [elapsed] 814197836 nsec
Iteration 1 started...  [elapsed] 814038491 nsec
Iteration 2 started...  [elapsed] 814022941 nsec
Iteration 3 started...  [elapsed] 814025008 nsec
Iteration 4 started...  [elapsed] 813842148 nsec
Iteration 5 started...  [elapsed] 811918018 nsec
Iteration 6 started...  [elapsed] 812350792 nsec
Iteration 7 started...  [elapsed] 812855100 nsec
Iteration 8 started...  [elapsed] 812703249 nsec
Iteration 9 started...  [elapsed] 813768960 nsec
Iteration 10 started...  [elapsed] 813556646 nsec
success!
