=============================================================
# of xstreams:             68
# of threads:              680
# of repeats:              11
Use pthread:               false
Preemption:                On
# of preemption groups:    68
Preemption timer interval: 700 usec
Preemption type:           ABT_PREEMPTION_YIELD
# of iterations:           5000000
=============================================================

Iteration 0 started...  [elapsed] 834453377 nsec
Iteration 1 started...  [elapsed] 834291826 nsec
Iteration 2 started...  [elapsed] 834280426 nsec
Iteration 3 started...  [elapsed] 834476117 nsec
Iteration 4 started...  [elapsed] 833954279 nsec
Iteration 5 started...  [elapsed] 831821109 nsec
Iteration 6 started...  [elapsed] 832649035 nsec
Iteration 7 started...  [elapsed] 832866641 nsec
Iteration 8 started...  [elapsed] 832648325 nsec
Iteration 9 started...  [elapsed] 834362194 nsec
Iteration 10 started...  [elapsed] 833362891 nsec
success!
