=============================================================
# of xstreams:             68
# of threads:              680
# of repeats:              11
Use pthread:               false
Preemption:                On
# of preemption groups:    68
Preemption timer interval: 700 usec
Preemption type:           ABT_PREEMPTION_YIELD
# of iterations:           5000000
=============================================================

Iteration 0 started...  [elapsed] 834138618 nsec
Iteration 1 started...  [elapsed] 834342079 nsec
Iteration 2 started...  [elapsed] 834574095 nsec
Iteration 3 started...  [elapsed] 834122528 nsec
Iteration 4 started...  [elapsed] 833612849 nsec
Iteration 5 started...  [elapsed] 831725467 nsec
Iteration 6 started...  [elapsed] 832746407 nsec
Iteration 7 started...  [elapsed] 832800346 nsec
Iteration 8 started...  [elapsed] 832917704 nsec
Iteration 9 started...  [elapsed] 833627841 nsec
Iteration 10 started...  [elapsed] 834347278 nsec
success!
