=============================================================
# of xstreams:             68
# of threads:              680
# of repeats:              11
Use pthread:               false
Preemption:                On
# of preemption groups:    68
Preemption timer interval: 700 usec
Preemption type:           ABT_PREEMPTION_YIELD
# of iterations:           5000000
=============================================================

Iteration 0 started...  [elapsed] 834428853 nsec
Iteration 1 started...  [elapsed] 834242148 nsec
Iteration 2 started...  [elapsed] 834295789 nsec
Iteration 3 started...  [elapsed] 834256684 nsec
Iteration 4 started...  [elapsed] 833649317 nsec
Iteration 5 started...  [elapsed] 831877390 nsec
Iteration 6 started...  [elapsed] 832952551 nsec
Iteration 7 started...  [elapsed] 832873120 nsec
Iteration 8 started...  [elapsed] 832756720 nsec
Iteration 9 started...  [elapsed] 834010139 nsec
Iteration 10 started...  [elapsed] 833890587 nsec
success!
