=============================================================
# of xstreams:             68
# of threads:              680
# of repeats:              11
Use pthread:               false
Preemption:                On
# of preemption groups:    68
Preemption timer interval: 700 usec
Preemption type:           ABT_PREEMPTION_YIELD
# of iterations:           5000000
=============================================================

Iteration 0 started...  [elapsed] 834360826 nsec
Iteration 1 started...  [elapsed] 834420975 nsec
Iteration 2 started...  [elapsed] 834474955 nsec
Iteration 3 started...  [elapsed] 834243800 nsec
Iteration 4 started...  [elapsed] 833631007 nsec
Iteration 5 started...  [elapsed] 831814222 nsec
Iteration 6 started...  [elapsed] 832825625 nsec
Iteration 7 started...  [elapsed] 832901158 nsec
Iteration 8 started...  [elapsed] 833071313 nsec
Iteration 9 started...  [elapsed] 834117888 nsec
Iteration 10 started...  [elapsed] 834482443 nsec
success!
