

********************************************************************************
***                            HPGMG-FV Benchmark                            ***
********************************************************************************
Requested MPI_THREAD_FUNNELED, got MPI_THREAD_FUNNELED
2 MPI Tasks of 28 threads


===== Benchmark setup ==========================================================

attempting to create a 512^3 level from 8 x 256^3 boxes distributed among 2 tasks...
  boundary condition = BC_DIRICHLET
  Decomposing level via Z-mort ordering... done
  Allocating vectors... done
  Calculating boxes per process... target=4.000, max=4
  Creating Poisson (a=0.000000, b=1.000000) test problem
  calculating D^{-1} exactly for level h=1.953125e-03 using  64 colors...  done (7.637285 seconds)

attempting to create a 256^3 level from 8 x 128^3 boxes distributed among 2 tasks...
  boundary condition = BC_DIRICHLET
  Decomposing level via Z-mort ordering... done
  Allocating vectors... done
  Calculating boxes per process... target=4.000, max=4

attempting to create a 128^3 level from 8 x 64^3 boxes distributed among 2 tasks...
  boundary condition = BC_DIRICHLET
  Decomposing level via Z-mort ordering... done
  Allocating vectors... done
  Calculating boxes per process... target=4.000, max=4

attempting to create a 64^3 level from 8 x 32^3 boxes distributed among 2 tasks...
  boundary condition = BC_DIRICHLET
  Decomposing level via Z-mort ordering... done
  Allocating vectors... done
  Calculating boxes per process... target=4.000, max=4

attempting to create a 32^3 level from 8 x 16^3 boxes distributed among 2 tasks...
  boundary condition = BC_DIRICHLET
  Decomposing level via Z-mort ordering... done
  Allocating vectors... done
  Calculating boxes per process... target=4.000, max=4

attempting to create a 16^3 level from 8 x 8^3 boxes distributed among 2 tasks...
  boundary condition = BC_DIRICHLET
  Decomposing level via Z-mort ordering... done
  Allocating vectors... done
  Calculating boxes per process... target=4.000, max=4

attempting to create a 8^3 level from 1 x 8^3 boxes distributed among 2 tasks...
  boundary condition = BC_DIRICHLET
  Decomposing level via Z-mort ordering... done
  Allocating vectors... done
  Calculating boxes per process... target=0.500, max=1

attempting to create a 4^3 level from 1 x 4^3 boxes distributed among 2 tasks...
  boundary condition = BC_DIRICHLET
  Decomposing level via Z-mort ordering... done
  Allocating vectors... done
  Calculating boxes per process... target=0.500, max=1

attempting to create a 2^3 level from 1 x 2^3 boxes distributed among 2 tasks...
  boundary condition = BC_DIRICHLET
  Decomposing level via Z-mort ordering... done
  Allocating vectors... done
  Calculating boxes per process... target=0.500, max=1

  Building restriction and interpolation lists... done

  Building MPI subcommunicator for level  1... done (0.000485 seconds)
  Building MPI subcommunicator for level  2... done (0.000085 seconds)
  Building MPI subcommunicator for level  3... done (0.000269 seconds)
  Building MPI subcommunicator for level  4... done (0.000052 seconds)
  Building MPI subcommunicator for level  5... done (0.000029 seconds)
  Building MPI subcommunicator for level  6... done (0.000031 seconds)
  Building MPI subcommunicator for level  7... done (0.000018 seconds)
  Building MPI subcommunicator for level  8... done (0.000030 seconds)

  calculating D^{-1} exactly for level h=3.906250e-03 using  64 colors...  done (1.283984 seconds)
  calculating D^{-1} exactly for level h=7.812500e-03 using  64 colors...  done (0.173799 seconds)
  calculating D^{-1} exactly for level h=1.562500e-02 using  64 colors...  done (0.026933 seconds)
  calculating D^{-1} exactly for level h=3.125000e-02 using  64 colors...  done (0.008607 seconds)
  calculating D^{-1} exactly for level h=6.250000e-02 using  64 colors...  done (0.004866 seconds)
  calculating D^{-1} exactly for level h=1.250000e-01 using  64 colors...  done (0.001648 seconds)
  calculating D^{-1} exactly for level h=2.500000e-01 using  64 colors...  done (0.000869 seconds)
  calculating D^{-1} exactly for level h=5.000000e-01 using   8 colors...  done (0.000102 seconds)



===== Warming up by running 1 solves ==========================================
FMGSolve... f-cycle     norm=4.151187824908527e-08  rel=4.153376389499612e-08  done (1.963951 seconds)


===== Running 10 solves ========================================================
FMGSolve... f-cycle     norm=4.151187824908527e-08  rel=4.153376389499612e-08  done (1.966339 seconds)
FMGSolve... f-cycle     norm=4.151187824908527e-08  rel=4.153376389499612e-08  done (1.967039 seconds)
FMGSolve... f-cycle     norm=4.151187824908527e-08  rel=4.153376389499612e-08  done (1.962270 seconds)
FMGSolve... f-cycle     norm=4.151187824908527e-08  rel=4.153376389499612e-08  done (1.952277 seconds)
FMGSolve... f-cycle     norm=4.151187824908527e-08  rel=4.153376389499612e-08  done (1.961911 seconds)
FMGSolve... f-cycle     norm=4.151187824908527e-08  rel=4.153376389499612e-08  done (1.961481 seconds)
FMGSolve... f-cycle     norm=4.151187824908527e-08  rel=4.153376389499612e-08  done (1.952594 seconds)
FMGSolve... f-cycle     norm=4.151187824908527e-08  rel=4.153376389499612e-08  done (1.956632 seconds)
FMGSolve... f-cycle     norm=4.151187824908527e-08  rel=4.153376389499612e-08  done (1.960079 seconds)
FMGSolve... f-cycle     norm=4.151187824908527e-08  rel=4.153376389499612e-08  done (1.956282 seconds)


===== Timing Breakdown =========================================================


level                                0            1            2            3            4            5            6            7            8 
level dimension                  512^3        256^3        128^3         64^3         32^3         16^3          8^3          4^3          2^3 
box dimension                    256^3        128^3         64^3         32^3         16^3          8^3          8^3          4^3          2^3        total
------------------        ------------ ------------ ------------ ------------ ------------ ------------ ------------ ------------ ------------ ------------ 
smooth                        1.055684     0.301225     0.054941     0.009263     0.002118     0.001192     0.000858     0.000189     0.000000     1.425470
  max                         1.055684     0.301225     0.054941     0.009263     0.002136     0.001193     0.000858     0.000189     0.000000     1.425488
  min                         1.053706     0.299112     0.054910     0.009197     0.002118     0.001192     0.000000     0.000000     0.000000     1.420235
residual                      0.212532     0.030104     0.005685     0.000969     0.000210     0.000103     0.000078     0.000018     0.000010     0.249709
applyOp                       0.000000     0.000000     0.000000     0.000000     0.000000     0.000000     0.000000     0.000000     0.000020     0.000020
BLAS1                         0.049718     0.001719     0.000365     0.000094     0.000055     0.000051     0.000011     0.000005     0.000040     0.052058
BLAS3                         0.000000     0.000000     0.000000     0.000000     0.000000     0.000000     0.000000     0.000000     0.000000     0.000000
Boundary Conditions           0.018257     0.009095     0.003206     0.001554     0.001096     0.000906     0.001095     0.001198     0.000398     0.036804
Restriction                   0.017752     0.003285     0.000420     0.000120     0.000074     0.000327     0.000011     0.000006     0.000000     0.021994
  local restriction           0.017750     0.003281     0.000416     0.000117     0.000071     0.000065     0.000009     0.000004     0.000000     0.021713
  pack MPI buffers            0.000000     0.000000     0.000000     0.000000     0.000000     0.000000     0.000000     0.000000     0.000000     0.000000
  unpack MPI buffers          0.000000     0.000000     0.000000     0.000000     0.000000     0.000067     0.000000     0.000000     0.000000     0.000067
  MPI_Isend                   0.000000     0.000000     0.000000     0.000000     0.000000     0.000000     0.000000     0.000000     0.000000     0.000000
  MPI_Irecv                   0.000000     0.000000     0.000000     0.000000     0.000000     0.000007     0.000000     0.000000     0.000000     0.000007
  MPI_Waitall                 0.000000     0.000000     0.000000     0.000000     0.000000     0.000185     0.000000     0.000000     0.000000     0.000185
Interpolation                 0.053350     0.008905     0.001340     0.000304     0.000132     0.000202     0.000028     0.000019     0.000000     0.064280
  local interpolation         0.053349     0.008904     0.001339     0.000303     0.000132     0.000082     0.000026     0.000016     0.000000     0.064150
  pack MPI buffers            0.000000     0.000000     0.000000     0.000000     0.000000     0.000084     0.000000     0.000000     0.000000     0.000084
  unpack MPI buffers          0.000000     0.000000     0.000000     0.000000     0.000000     0.000000     0.000000     0.000000     0.000000     0.000000
  MPI_Isend                   0.000000     0.000000     0.000000     0.000000     0.000000     0.000032     0.000000     0.000000     0.000000     0.000032
  MPI_Irecv                   0.000000     0.000000     0.000000     0.000000     0.000000     0.000000     0.000000     0.000000     0.000000     0.000000
  MPI_Waitall                 0.000000     0.000000     0.000000     0.000000     0.000000     0.000001     0.000000     0.000000     0.000000     0.000001
Ghost Zone Exchange           0.064954     0.032939     0.011897     0.004874     0.003958     0.003068     0.000009     0.000005     0.000003     0.121706
  local exchange              0.032324     0.015404     0.004166     0.002003     0.001888     0.001067     0.000000     0.000000     0.000000     0.056853
  pack MPI buffers            0.001993     0.001285     0.000658     0.000566     0.000693     0.000782     0.000000     0.000000     0.000000     0.005978
  unpack MPI buffers          0.001941     0.001412     0.000966     0.000596     0.000749     0.000828     0.000000     0.000000     0.000000     0.006492
  MPI_Isend                   0.014527     0.007239     0.002789     0.000579     0.000146     0.000060     0.000000     0.000000     0.000000     0.025340
  MPI_Irecv                   0.000042     0.000059     0.000045     0.000027     0.000010     0.000012     0.000000     0.000000     0.000000     0.000195
  MPI_Waitall                 0.014115     0.007523     0.003254     0.001080     0.000446     0.000287     0.000000     0.000000     0.000000     0.026705
MPI_collectives               0.000612     0.000000     0.000000     0.000000     0.000000     0.000000     0.000000     0.000000     0.000046     0.000658
------------------        ------------ ------------ ------------ ------------ ------------ ------------ ------------ ------------ ------------ ------------ 
Total by level                1.464333     0.383987     0.077038     0.017048     0.007582     0.005624     0.002111     0.001469     0.000460     1.959652

   Total time in MGBuild      1.573628 seconds
   Total time in MGSolve      1.959685 seconds
      number of v-cycles             1
Bottom solver iterations            16




===== Performance Summary ======================================================
  h=1.953125000000000e-03  DOF=1.342177280000000e+08  time=1.959685  DOF/s=6.849e+07  MPI=2  OMP=28


===== Richardson error analysis ================================================
FMGSolve... f-cycle     norm=4.151187824908527e-08  rel=4.153376389499612e-08  done (1.965493 seconds)
FMGSolve... f-cycle     norm=5.144231718379189e-07  rel=5.155086782761839e-07  done (0.298141 seconds)
FMGSolve... f-cycle     norm=7.454875268653183e-06  rel=7.517955872287669e-06  done (0.051149 seconds)
  h=1.953125000000000e-03  ||error||=9.221160354386249e-10
  order=4.011


===== Deallocating memory ======================================================
attempting to free the restriction and interpolation lists... done
attempting to free the     2^3 level... done
attempting to free the     4^3 level... done
attempting to free the     8^3 level... done
attempting to free the    16^3 level... done
attempting to free the    32^3 level... done
attempting to free the    64^3 level... done
attempting to free the   128^3 level... done
attempting to free the   256^3 level... done
attempting to free the   512^3 level... done


===== Done =====================================================================
