

********************************************************************************
***                            HPGMG-FV Benchmark                            ***
********************************************************************************
Requested MPI_THREAD_FUNNELED, got MPI_THREAD_FUNNELED
2 MPI Tasks of 28 threads


===== Benchmark setup ==========================================================

attempting to create a 512^3 level from 8 x 256^3 boxes distributed among 2 tasks...
  boundary condition = BC_DIRICHLET
  Decomposing level via Z-mort ordering... done
  Allocating vectors... done
  Calculating boxes per process... target=4.000, max=4
  Creating Poisson (a=0.000000, b=1.000000) test problem
  calculating D^{-1} exactly for level h=1.953125e-03 using  64 colors...  done (7.334622 seconds)

attempting to create a 256^3 level from 8 x 128^3 boxes distributed among 2 tasks...
  boundary condition = BC_DIRICHLET
  Decomposing level via Z-mort ordering... done
  Allocating vectors... done
  Calculating boxes per process... target=4.000, max=4

attempting to create a 128^3 level from 8 x 64^3 boxes distributed among 2 tasks...
  boundary condition = BC_DIRICHLET
  Decomposing level via Z-mort ordering... done
  Allocating vectors... done
  Calculating boxes per process... target=4.000, max=4

attempting to create a 64^3 level from 8 x 32^3 boxes distributed among 2 tasks...
  boundary condition = BC_DIRICHLET
  Decomposing level via Z-mort ordering... done
  Allocating vectors... done
  Calculating boxes per process... target=4.000, max=4

attempting to create a 32^3 level from 8 x 16^3 boxes distributed among 2 tasks...
  boundary condition = BC_DIRICHLET
  Decomposing level via Z-mort ordering... done
  Allocating vectors... done
  Calculating boxes per process... target=4.000, max=4

attempting to create a 16^3 level from 8 x 8^3 boxes distributed among 2 tasks...
  boundary condition = BC_DIRICHLET
  Decomposing level via Z-mort ordering... done
  Allocating vectors... done
  Calculating boxes per process... target=4.000, max=4

attempting to create a 8^3 level from 1 x 8^3 boxes distributed among 2 tasks...
  boundary condition = BC_DIRICHLET
  Decomposing level via Z-mort ordering... done
  Allocating vectors... done
  Calculating boxes per process... target=0.500, max=1

attempting to create a 4^3 level from 1 x 4^3 boxes distributed among 2 tasks...
  boundary condition = BC_DIRICHLET
  Decomposing level via Z-mort ordering... done
  Allocating vectors... done
  Calculating boxes per process... target=0.500, max=1

attempting to create a 2^3 level from 1 x 2^3 boxes distributed among 2 tasks...
  boundary condition = BC_DIRICHLET
  Decomposing level via Z-mort ordering... done
  Allocating vectors... done
  Calculating boxes per process... target=0.500, max=1

  Building restriction and interpolation lists... done

  Building MPI subcommunicator for level  1... done (0.000462 seconds)
  Building MPI subcommunicator for level  2... done (0.000083 seconds)
  Building MPI subcommunicator for level  3... done (0.000271 seconds)
  Building MPI subcommunicator for level  4... done (0.000053 seconds)
  Building MPI subcommunicator for level  5... done (0.000029 seconds)
  Building MPI subcommunicator for level  6... done (0.000028 seconds)
  Building MPI subcommunicator for level  7... done (0.000031 seconds)
  Building MPI subcommunicator for level  8... done (0.000025 seconds)

  calculating D^{-1} exactly for level h=3.906250e-03 using  64 colors...  done (1.267408 seconds)
  calculating D^{-1} exactly for level h=7.812500e-03 using  64 colors...  done (0.164994 seconds)
  calculating D^{-1} exactly for level h=1.562500e-02 using  64 colors...  done (0.022569 seconds)
  calculating D^{-1} exactly for level h=3.125000e-02 using  64 colors...  done (0.007338 seconds)
  calculating D^{-1} exactly for level h=6.250000e-02 using  64 colors...  done (0.004216 seconds)
  calculating D^{-1} exactly for level h=1.250000e-01 using  64 colors...  done (0.001536 seconds)
  calculating D^{-1} exactly for level h=2.500000e-01 using  64 colors...  done (0.000747 seconds)
  calculating D^{-1} exactly for level h=5.000000e-01 using   8 colors...  done (0.000088 seconds)



===== Warming up by running 1 solves ==========================================
FMGSolve... f-cycle     norm=4.151187824908527e-08  rel=4.153376389499612e-08  done (1.788740 seconds)


===== Running 10 solves ========================================================
FMGSolve... f-cycle     norm=4.151187824908527e-08  rel=4.153376389499612e-08  done (1.794443 seconds)
FMGSolve... f-cycle     norm=4.151187824908527e-08  rel=4.153376389499612e-08  done (1.787680 seconds)
FMGSolve... f-cycle     norm=4.151187824908527e-08  rel=4.153376389499612e-08  done (1.790168 seconds)
FMGSolve... f-cycle     norm=4.151187824908527e-08  rel=4.153376389499612e-08  done (1.788467 seconds)
FMGSolve... f-cycle     norm=4.151187824908527e-08  rel=4.153376389499612e-08  done (1.786175 seconds)
FMGSolve... f-cycle     norm=4.151187824908527e-08  rel=4.153376389499612e-08  done (1.786592 seconds)
FMGSolve... f-cycle     norm=4.151187824908527e-08  rel=4.153376389499612e-08  done (1.791767 seconds)
FMGSolve... f-cycle     norm=4.151187824908527e-08  rel=4.153376389499612e-08  done (1.786841 seconds)
FMGSolve... f-cycle     norm=4.151187824908527e-08  rel=4.153376389499612e-08  done (1.790229 seconds)
FMGSolve... f-cycle     norm=4.151187824908527e-08  rel=4.153376389499612e-08  done (1.787027 seconds)


===== Timing Breakdown =========================================================


level                                0            1            2            3            4            5            6            7            8 
level dimension                  512^3        256^3        128^3         64^3         32^3         16^3          8^3          4^3          2^3 
box dimension                    256^3        128^3         64^3         32^3         16^3          8^3          8^3          4^3          2^3        total
------------------        ------------ ------------ ------------ ------------ ------------ ------------ ------------ ------------ ------------ ------------ 
smooth                        0.935069     0.299664     0.053329     0.007684     0.002073     0.001157     0.000862     0.000184     0.000000     1.300023
  max                         0.935069     0.300206     0.053531     0.007729     0.002073     0.001157     0.000862     0.000184     0.000000     1.300811
  min                         0.928758     0.299664     0.053329     0.007684     0.002050     0.001155     0.000000     0.000000     0.000000     1.292642
residual                      0.174935     0.029277     0.005430     0.000802     0.000208     0.000098     0.000077     0.000018     0.000009     0.210855
applyOp                       0.000000     0.000000     0.000000     0.000000     0.000000     0.000000     0.000000     0.000000     0.000021     0.000021
BLAS1                         0.051249     0.001771     0.000372     0.000083     0.000051     0.000045     0.000011     0.000006     0.000042     0.053629
BLAS3                         0.000000     0.000000     0.000000     0.000000     0.000000     0.000000     0.000000     0.000000     0.000000     0.000000
Boundary Conditions           0.018877     0.008742     0.002953     0.001332     0.000916     0.000775     0.000948     0.000934     0.000332     0.035811
Restriction                   0.018634     0.003537     0.000384     0.000119     0.000066     0.000169     0.000010     0.000005     0.000000     0.022924
  local restriction           0.018633     0.003534     0.000381     0.000117     0.000063     0.000055     0.000008     0.000004     0.000000     0.022794
  pack MPI buffers            0.000000     0.000000     0.000000     0.000000     0.000000     0.000000     0.000000     0.000000     0.000000     0.000000
  unpack MPI buffers          0.000000     0.000000     0.000000     0.000000     0.000000     0.000056     0.000000     0.000000     0.000000     0.000056
  MPI_Isend                   0.000000     0.000000     0.000000     0.000000     0.000000     0.000000     0.000000     0.000000     0.000000     0.000000
  MPI_Irecv                   0.000000     0.000000     0.000000     0.000000     0.000000     0.000006     0.000000     0.000000     0.000000     0.000006
  MPI_Waitall                 0.000000     0.000000     0.000000     0.000000     0.000000     0.000047     0.000000     0.000000     0.000000     0.000047
Interpolation                 0.052524     0.009055     0.001177     0.000297     0.000127     0.000182     0.000027     0.000021     0.000000     0.063411
  local interpolation         0.052523     0.009053     0.001176     0.000296     0.000125     0.000074     0.000025     0.000017     0.000000     0.063288
  pack MPI buffers            0.000000     0.000000     0.000000     0.000000     0.000000     0.000069     0.000000     0.000000     0.000000     0.000069
  unpack MPI buffers          0.000000     0.000000     0.000000     0.000000     0.000000     0.000000     0.000000     0.000000     0.000000     0.000000
  MPI_Isend                   0.000000     0.000000     0.000000     0.000000     0.000000     0.000033     0.000000     0.000000     0.000000     0.000033
  MPI_Irecv                   0.000000     0.000000     0.000000     0.000000     0.000000     0.000000     0.000000     0.000000     0.000000     0.000000
  MPI_Waitall                 0.000000     0.000000     0.000000     0.000000     0.000000     0.000002     0.000000     0.000000     0.000000     0.000002
Ghost Zone Exchange           0.062662     0.031646     0.011115     0.004459     0.003019     0.002543     0.000006     0.000007     0.000004     0.115460
  local exchange              0.030723     0.014687     0.003579     0.001528     0.001142     0.000805     0.000000     0.000000     0.000000     0.052465
  pack MPI buffers            0.001952     0.001152     0.000617     0.000505     0.000541     0.000659     0.000000     0.000000     0.000000     0.005426
  unpack MPI buffers          0.001961     0.001295     0.000941     0.000568     0.000640     0.000694     0.000000     0.000000     0.000000     0.006099
  MPI_Isend                   0.014488     0.007207     0.002735     0.000603     0.000169     0.000060     0.000000     0.000000     0.000000     0.025261
  MPI_Irecv                   0.000036     0.000049     0.000033     0.000025     0.000011     0.000009     0.000000     0.000000     0.000000     0.000164
  MPI_Waitall                 0.013488     0.007240     0.003190     0.001207     0.000485     0.000275     0.000000     0.000000     0.000000     0.025884
MPI_collectives               0.000094     0.000000     0.000000     0.000000     0.000000     0.000000     0.000000     0.000000     0.000043     0.000137
------------------        ------------ ------------ ------------ ------------ ------------ ------------ ------------ ------------ ------------ ------------ 
Total by level                1.305101     0.380488     0.073890     0.014618     0.006435     0.004791     0.001959     0.001203     0.000410     1.788894

   Total time in MGBuild      1.541551 seconds
   Total time in MGSolve      1.788933 seconds
      number of v-cycles             1
Bottom solver iterations            16




===== Performance Summary ======================================================
  h=1.953125000000000e-03  DOF=1.342177280000000e+08  time=1.788933  DOF/s=7.503e+07  MPI=2  OMP=28


===== Richardson error analysis ================================================
FMGSolve... f-cycle     norm=4.151187824908527e-08  rel=4.153376389499612e-08  done (1.785296 seconds)
FMGSolve... f-cycle     norm=5.144231718379189e-07  rel=5.155086782761839e-07  done (0.290400 seconds)
FMGSolve... f-cycle     norm=7.454875268653183e-06  rel=7.517955872287669e-06  done (0.046721 seconds)
  h=1.953125000000000e-03  ||error||=9.221160354386249e-10
  order=4.011


===== Deallocating memory ======================================================
attempting to free the restriction and interpolation lists... done
attempting to free the     2^3 level... done
attempting to free the     4^3 level... done
attempting to free the     8^3 level... done
attempting to free the    16^3 level... done
attempting to free the    32^3 level... done
attempting to free the    64^3 level... done
attempting to free the   128^3 level... done
attempting to free the   256^3 level... done
attempting to free the   512^3 level... done


===== Done =====================================================================
