

********************************************************************************
***                            HPGMG-FV Benchmark                            ***
********************************************************************************
Requested MPI_THREAD_FUNNELED, got MPI_THREAD_FUNNELED
2 MPI Tasks of 28 threads


===== Benchmark setup ==========================================================

attempting to create a 512^3 level from 8 x 256^3 boxes distributed among 2 tasks...
  boundary condition = BC_DIRICHLET
  Decomposing level via Z-mort ordering... done
  Allocating vectors... done
  Calculating boxes per process... target=4.000, max=4
  Creating Poisson (a=0.000000, b=1.000000) test problem
  calculating D^{-1} exactly for level h=1.953125e-03 using  64 colors...  done (5.920566 seconds)

attempting to create a 256^3 level from 8 x 128^3 boxes distributed among 2 tasks...
  boundary condition = BC_DIRICHLET
  Decomposing level via Z-mort ordering... done
  Allocating vectors... done
  Calculating boxes per process... target=4.000, max=4

attempting to create a 128^3 level from 8 x 64^3 boxes distributed among 2 tasks...
  boundary condition = BC_DIRICHLET
  Decomposing level via Z-mort ordering... done
  Allocating vectors... done
  Calculating boxes per process... target=4.000, max=4

attempting to create a 64^3 level from 8 x 32^3 boxes distributed among 2 tasks...
  boundary condition = BC_DIRICHLET
  Decomposing level via Z-mort ordering... done
  Allocating vectors... done
  Calculating boxes per process... target=4.000, max=4

attempting to create a 32^3 level from 8 x 16^3 boxes distributed among 2 tasks...
  boundary condition = BC_DIRICHLET
  Decomposing level via Z-mort ordering... done
  Allocating vectors... done
  Calculating boxes per process... target=4.000, max=4

attempting to create a 16^3 level from 8 x 8^3 boxes distributed among 2 tasks...
  boundary condition = BC_DIRICHLET
  Decomposing level via Z-mort ordering... done
  Allocating vectors... done
  Calculating boxes per process... target=4.000, max=4

attempting to create a 8^3 level from 1 x 8^3 boxes distributed among 2 tasks...
  boundary condition = BC_DIRICHLET
  Decomposing level via Z-mort ordering... done
  Allocating vectors... done
  Calculating boxes per process... target=0.500, max=1

attempting to create a 4^3 level from 1 x 4^3 boxes distributed among 2 tasks...
  boundary condition = BC_DIRICHLET
  Decomposing level via Z-mort ordering... done
  Allocating vectors... done
  Calculating boxes per process... target=0.500, max=1

attempting to create a 2^3 level from 1 x 2^3 boxes distributed among 2 tasks...
  boundary condition = BC_DIRICHLET
  Decomposing level via Z-mort ordering... done
  Allocating vectors... done
  Calculating boxes per process... target=0.500, max=1

  Building restriction and interpolation lists... done

  Building MPI subcommunicator for level  1... done (0.000457 seconds)
  Building MPI subcommunicator for level  2... done (0.000329 seconds)
  Building MPI subcommunicator for level  3... done (0.000260 seconds)
  Building MPI subcommunicator for level  4... done (0.000285 seconds)
  Building MPI subcommunicator for level  5... done (0.000028 seconds)
  Building MPI subcommunicator for level  6... done (0.000031 seconds)
  Building MPI subcommunicator for level  7... done (0.000026 seconds)
  Building MPI subcommunicator for level  8... done (0.000025 seconds)

  calculating D^{-1} exactly for level h=3.906250e-03 using  64 colors...  done (0.890472 seconds)
  calculating D^{-1} exactly for level h=7.812500e-03 using  64 colors...  done (0.126419 seconds)
  calculating D^{-1} exactly for level h=1.562500e-02 using  64 colors...  done (0.021088 seconds)
  calculating D^{-1} exactly for level h=3.125000e-02 using  64 colors...  done (0.007416 seconds)
  calculating D^{-1} exactly for level h=6.250000e-02 using  64 colors...  done (0.004036 seconds)
  calculating D^{-1} exactly for level h=1.250000e-01 using  64 colors...  done (0.001499 seconds)
  calculating D^{-1} exactly for level h=2.500000e-01 using  64 colors...  done (0.000654 seconds)
  calculating D^{-1} exactly for level h=5.000000e-01 using   8 colors...  done (0.000077 seconds)



===== Warming up by running 1 solves ==========================================
FMGSolve... f-cycle     norm=4.151187824908527e-08  rel=4.153376389499612e-08  done (1.480425 seconds)


===== Running 10 solves ========================================================
FMGSolve... f-cycle     norm=4.151187824908527e-08  rel=4.153376389499612e-08  done (1.477374 seconds)
FMGSolve... f-cycle     norm=4.151187824908527e-08  rel=4.153376389499612e-08  done (1.477604 seconds)
FMGSolve... f-cycle     norm=4.151187824908527e-08  rel=4.153376389499612e-08  done (1.478468 seconds)
FMGSolve... f-cycle     norm=4.151187824908527e-08  rel=4.153376389499612e-08  done (1.480608 seconds)
FMGSolve... f-cycle     norm=4.151187824908527e-08  rel=4.153376389499612e-08  done (1.478755 seconds)
FMGSolve... f-cycle     norm=4.151187824908527e-08  rel=4.153376389499612e-08  done (1.477601 seconds)
FMGSolve... f-cycle     norm=4.151187824908527e-08  rel=4.153376389499612e-08  done (1.478216 seconds)
FMGSolve... f-cycle     norm=4.151187824908527e-08  rel=4.153376389499612e-08  done (1.477177 seconds)
FMGSolve... f-cycle     norm=4.151187824908527e-08  rel=4.153376389499612e-08  done (1.476426 seconds)
FMGSolve... f-cycle     norm=4.151187824908527e-08  rel=4.153376389499612e-08  done (1.478149 seconds)


===== Timing Breakdown =========================================================


level                                0            1            2            3            4            5            6            7            8 
level dimension                  512^3        256^3        128^3         64^3         32^3         16^3          8^3          4^3          2^3 
box dimension                    256^3        128^3         64^3         32^3         16^3          8^3          8^3          4^3          2^3        total
------------------        ------------ ------------ ------------ ------------ ------------ ------------ ------------ ------------ ------------ ------------ 
smooth                        0.810427     0.207683     0.038526     0.006773     0.002059     0.001138     0.000852     0.000175     0.000000     1.067633
  max                         0.812504     0.207683     0.038590     0.006773     0.002059     0.001138     0.000852     0.000175     0.000000     1.069775
  min                         0.810427     0.207630     0.038526     0.006763     0.002009     0.001127     0.000000     0.000000     0.000000     1.066481
residual                      0.154712     0.020118     0.003958     0.000706     0.000205     0.000097     0.000081     0.000017     0.000009     0.179903
applyOp                       0.000000     0.000000     0.000000     0.000000     0.000000     0.000000     0.000000     0.000000     0.000020     0.000020
BLAS1                         0.040322     0.001484     0.000307     0.000081     0.000050     0.000041     0.000012     0.000005     0.000039     0.042342
BLAS3                         0.000000     0.000000     0.000000     0.000000     0.000000     0.000000     0.000000     0.000000     0.000000     0.000000
Boundary Conditions           0.014983     0.007142     0.002483     0.001264     0.000951     0.000755     0.000880     0.000811     0.000296     0.029565
Restriction                   0.015048     0.002901     0.000375     0.000113     0.000062     0.000172     0.000010     0.000006     0.000000     0.018686
  local restriction           0.015046     0.002898     0.000373     0.000111     0.000061     0.000051     0.000008     0.000004     0.000000     0.018551
  pack MPI buffers            0.000000     0.000000     0.000000     0.000000     0.000000     0.000000     0.000000     0.000000     0.000000     0.000000
  unpack MPI buffers          0.000000     0.000000     0.000000     0.000000     0.000000     0.000053     0.000000     0.000000     0.000000     0.000053
  MPI_Isend                   0.000000     0.000000     0.000000     0.000000     0.000000     0.000000     0.000000     0.000000     0.000000     0.000000
  MPI_Irecv                   0.000000     0.000000     0.000000     0.000000     0.000000     0.000005     0.000000     0.000000     0.000000     0.000005
  MPI_Waitall                 0.000000     0.000000     0.000000     0.000000     0.000000     0.000061     0.000000     0.000000     0.000000     0.000061
Interpolation                 0.039186     0.006727     0.001004     0.000300     0.000125     0.000166     0.000027     0.000019     0.000000     0.047555
  local interpolation         0.039186     0.006726     0.001002     0.000299     0.000124     0.000067     0.000025     0.000016     0.000000     0.047445
  pack MPI buffers            0.000000     0.000000     0.000000     0.000000     0.000000     0.000062     0.000000     0.000000     0.000000     0.000062
  unpack MPI buffers          0.000000     0.000000     0.000000     0.000000     0.000000     0.000000     0.000000     0.000000     0.000000     0.000000
  MPI_Isend                   0.000000     0.000000     0.000000     0.000000     0.000000     0.000032     0.000000     0.000000     0.000000     0.000032
  MPI_Irecv                   0.000000     0.000000     0.000000     0.000000     0.000000     0.000000     0.000000     0.000000     0.000000     0.000000
  MPI_Waitall                 0.000000     0.000000     0.000000     0.000000     0.000000     0.000002     0.000000     0.000000     0.000000     0.000002
Ghost Zone Exchange           0.053905     0.028290     0.010668     0.004488     0.002882     0.002267     0.000010     0.000007     0.000004     0.102521
  local exchange              0.022245     0.010807     0.003267     0.001593     0.001149     0.000759     0.000000     0.000000     0.000000     0.039819
  pack MPI buffers            0.001732     0.001158     0.000612     0.000502     0.000483     0.000582     0.000000     0.000000     0.000000     0.005069
  unpack MPI buffers          0.001710     0.001313     0.000914     0.000587     0.000619     0.000604     0.000000     0.000000     0.000000     0.005747
  MPI_Isend                   0.014510     0.007369     0.002734     0.000603     0.000167     0.000063     0.000000     0.000000     0.000000     0.025447
  MPI_Irecv                   0.000033     0.000045     0.000029     0.000023     0.000009     0.000010     0.000000     0.000000     0.000000     0.000149
  MPI_Waitall                 0.013658     0.007576     0.003091     0.001163     0.000433     0.000223     0.000000     0.000000     0.000000     0.026144
MPI_collectives               0.001182     0.000000     0.000000     0.000000     0.000000     0.000000     0.000000     0.000000     0.000044     0.001226
------------------        ------------ ------------ ------------ ------------ ------------ ------------ ------------ ------------ ------------ ------------ 
Total by level                1.122120     0.271606     0.056623     0.013575     0.006286     0.004469     0.001872     0.001069     0.000374     1.477994

   Total time in MGBuild      1.116830 seconds
   Total time in MGSolve      1.478031 seconds
      number of v-cycles             1
Bottom solver iterations            16




===== Performance Summary ======================================================
  h=1.953125000000000e-03  DOF=1.342177280000000e+08  time=1.478031  DOF/s=9.081e+07  MPI=2  OMP=28


===== Richardson error analysis ================================================
FMGSolve... f-cycle     norm=4.151187824908527e-08  rel=4.153376389499612e-08  done (1.476749 seconds)
FMGSolve... f-cycle     norm=5.144231718379189e-07  rel=5.155086782761839e-07  done (0.214671 seconds)
FMGSolve... f-cycle     norm=7.454875268653183e-06  rel=7.517955872287669e-06  done (0.039514 seconds)
  h=1.953125000000000e-03  ||error||=9.221160354386249e-10
  order=4.011


===== Deallocating memory ======================================================
attempting to free the restriction and interpolation lists... done
attempting to free the     2^3 level... done
attempting to free the     4^3 level... done
attempting to free the     8^3 level... done
attempting to free the    16^3 level... done
attempting to free the    32^3 level... done
attempting to free the    64^3 level... done
attempting to free the   128^3 level... done
attempting to free the   256^3 level... done
attempting to free the   512^3 level... done


===== Done =====================================================================
