

********************************************************************************
***                            HPGMG-FV Benchmark                            ***
********************************************************************************
Requested MPI_THREAD_FUNNELED, got MPI_THREAD_FUNNELED
2 MPI Tasks of 28 threads


===== Benchmark setup ==========================================================

attempting to create a 512^3 level from 8 x 256^3 boxes distributed among 2 tasks...
  boundary condition = BC_DIRICHLET
  Decomposing level via Z-mort ordering... done
  Allocating vectors... done
  Calculating boxes per process... target=4.000, max=4
  Creating Poisson (a=0.000000, b=1.000000) test problem
  calculating D^{-1} exactly for level h=1.953125e-03 using  64 colors...  done (5.852769 seconds)

attempting to create a 256^3 level from 8 x 128^3 boxes distributed among 2 tasks...
  boundary condition = BC_DIRICHLET
  Decomposing level via Z-mort ordering... done
  Allocating vectors... done
  Calculating boxes per process... target=4.000, max=4

attempting to create a 128^3 level from 8 x 64^3 boxes distributed among 2 tasks...
  boundary condition = BC_DIRICHLET
  Decomposing level via Z-mort ordering... done
  Allocating vectors... done
  Calculating boxes per process... target=4.000, max=4

attempting to create a 64^3 level from 8 x 32^3 boxes distributed among 2 tasks...
  boundary condition = BC_DIRICHLET
  Decomposing level via Z-mort ordering... done
  Allocating vectors... done
  Calculating boxes per process... target=4.000, max=4

attempting to create a 32^3 level from 8 x 16^3 boxes distributed among 2 tasks...
  boundary condition = BC_DIRICHLET
  Decomposing level via Z-mort ordering... done
  Allocating vectors... done
  Calculating boxes per process... target=4.000, max=4

attempting to create a 16^3 level from 8 x 8^3 boxes distributed among 2 tasks...
  boundary condition = BC_DIRICHLET
  Decomposing level via Z-mort ordering... done
  Allocating vectors... done
  Calculating boxes per process... target=4.000, max=4

attempting to create a 8^3 level from 1 x 8^3 boxes distributed among 2 tasks...
  boundary condition = BC_DIRICHLET
  Decomposing level via Z-mort ordering... done
  Allocating vectors... done
  Calculating boxes per process... target=0.500, max=1

attempting to create a 4^3 level from 1 x 4^3 boxes distributed among 2 tasks...
  boundary condition = BC_DIRICHLET
  Decomposing level via Z-mort ordering... done
  Allocating vectors... done
  Calculating boxes per process... target=0.500, max=1

attempting to create a 2^3 level from 1 x 2^3 boxes distributed among 2 tasks...
  boundary condition = BC_DIRICHLET
  Decomposing level via Z-mort ordering... done
  Allocating vectors... done
  Calculating boxes per process... target=0.500, max=1

  Building restriction and interpolation lists... done

  Building MPI subcommunicator for level  1... done (0.000486 seconds)
  Building MPI subcommunicator for level  2... done (0.000345 seconds)
  Building MPI subcommunicator for level  3... done (0.000276 seconds)
  Building MPI subcommunicator for level  4... done (0.000053 seconds)
  Building MPI subcommunicator for level  5... done (0.000029 seconds)
  Building MPI subcommunicator for level  6... done (0.000028 seconds)
  Building MPI subcommunicator for level  7... done (0.000026 seconds)
  Building MPI subcommunicator for level  8... done (0.000024 seconds)

  calculating D^{-1} exactly for level h=3.906250e-03 using  64 colors...  done (0.883767 seconds)
  calculating D^{-1} exactly for level h=7.812500e-03 using  64 colors...  done (0.126782 seconds)
  calculating D^{-1} exactly for level h=1.562500e-02 using  64 colors...  done (0.021628 seconds)
  calculating D^{-1} exactly for level h=3.125000e-02 using  64 colors...  done (0.008661 seconds)
  calculating D^{-1} exactly for level h=6.250000e-02 using  64 colors...  done (0.006195 seconds)
  calculating D^{-1} exactly for level h=1.250000e-01 using  64 colors...  done (0.001774 seconds)
  calculating D^{-1} exactly for level h=2.500000e-01 using  64 colors...  done (0.001186 seconds)
  calculating D^{-1} exactly for level h=5.000000e-01 using   8 colors...  done (0.000159 seconds)



===== Warming up by running 1 solves ==========================================
FMGSolve... f-cycle     norm=4.151187824908527e-08  rel=4.153376389499612e-08  done (1.509133 seconds)


===== Running 10 solves ========================================================
FMGSolve... f-cycle     norm=4.151187824908527e-08  rel=4.153376389499612e-08  done (1.507995 seconds)
FMGSolve... f-cycle     norm=4.151187824908527e-08  rel=4.153376389499612e-08  done (1.506352 seconds)
FMGSolve... f-cycle     norm=4.151187824908527e-08  rel=4.153376389499612e-08  done (1.507543 seconds)
FMGSolve... f-cycle     norm=4.151187824908527e-08  rel=4.153376389499612e-08  done (1.507405 seconds)
FMGSolve... f-cycle     norm=4.151187824908527e-08  rel=4.153376389499612e-08  done (1.512138 seconds)
FMGSolve... f-cycle     norm=4.151187824908527e-08  rel=4.153376389499612e-08  done (1.524557 seconds)
FMGSolve... f-cycle     norm=4.151187824908527e-08  rel=4.153376389499612e-08  done (1.508681 seconds)
FMGSolve... f-cycle     norm=4.151187824908527e-08  rel=4.153376389499612e-08  done (1.505713 seconds)
FMGSolve... f-cycle     norm=4.151187824908527e-08  rel=4.153376389499612e-08  done (1.498004 seconds)
FMGSolve... f-cycle     norm=4.151187824908527e-08  rel=4.153376389499612e-08  done (1.501377 seconds)


===== Timing Breakdown =========================================================


level                                0            1            2            3            4            5            6            7            8 
level dimension                  512^3        256^3        128^3         64^3         32^3         16^3          8^3          4^3          2^3 
box dimension                    256^3        128^3         64^3         32^3         16^3          8^3          8^3          4^3          2^3        total
------------------        ------------ ------------ ------------ ------------ ------------ ------------ ------------ ------------ ------------ ------------ 
smooth                        0.817857     0.211132     0.038364     0.006765     0.002039     0.001132     0.000892     0.000186     0.000000     1.078367
  max                         0.828646     0.211259     0.038394     0.006767     0.002053     0.001136     0.000892     0.000186     0.000000     1.089332
  min                         0.817857     0.211132     0.038364     0.006765     0.002039     0.001132     0.000000     0.000000     0.000000     1.077289
residual                      0.155796     0.020138     0.003943     0.000705     0.000198     0.000097     0.000079     0.000020     0.000011     0.180986
applyOp                       0.000000     0.000000     0.000000     0.000000     0.000000     0.000000     0.000000     0.000000     0.000022     0.000022
BLAS1                         0.040711     0.001477     0.000303     0.000075     0.000068     0.000073     0.000011     0.000004     0.000044     0.042765
BLAS3                         0.000000     0.000000     0.000000     0.000000     0.000000     0.000000     0.000000     0.000000     0.000000     0.000000
Boundary Conditions           0.014925     0.007143     0.002606     0.001379     0.001023     0.001250     0.001378     0.001696     0.000626     0.032026
Restriction                   0.015125     0.002888     0.000372     0.000119     0.000095     0.000302     0.000010     0.000005     0.000000     0.018918
  local restriction           0.015124     0.002885     0.000369     0.000117     0.000093     0.000104     0.000008     0.000003     0.000000     0.018703
  pack MPI buffers            0.000000     0.000000     0.000000     0.000000     0.000000     0.000000     0.000000     0.000000     0.000000     0.000000
  unpack MPI buffers          0.000000     0.000000     0.000000     0.000000     0.000000     0.000105     0.000000     0.000000     0.000000     0.000105
  MPI_Isend                   0.000000     0.000000     0.000000     0.000000     0.000000     0.000000     0.000000     0.000000     0.000000     0.000000
  MPI_Irecv                   0.000000     0.000000     0.000000     0.000000     0.000000     0.000005     0.000000     0.000000     0.000000     0.000005
  MPI_Waitall                 0.000000     0.000000     0.000000     0.000000     0.000000     0.000083     0.000000     0.000000     0.000000     0.000083
Interpolation                 0.038931     0.006721     0.000998     0.000284     0.000128     0.000258     0.000029     0.000020     0.000000     0.047368
  local interpolation         0.038930     0.006719     0.000996     0.000283     0.000127     0.000116     0.000027     0.000017     0.000000     0.047214
  pack MPI buffers            0.000000     0.000000     0.000000     0.000000     0.000000     0.000106     0.000000     0.000000     0.000000     0.000106
  unpack MPI buffers          0.000000     0.000000     0.000000     0.000000     0.000000     0.000000     0.000000     0.000000     0.000000     0.000000
  MPI_Isend                   0.000000     0.000000     0.000000     0.000000     0.000000     0.000033     0.000000     0.000000     0.000000     0.000033
  MPI_Irecv                   0.000000     0.000000     0.000000     0.000000     0.000000     0.000000     0.000000     0.000000     0.000000     0.000000
  MPI_Waitall                 0.000000     0.000000     0.000000     0.000000     0.000000     0.000001     0.000000     0.000000     0.000000     0.000001
Ghost Zone Exchange           0.062356     0.030380     0.010947     0.004847     0.003994     0.004178     0.000007     0.000006     0.000004     0.116718
  local exchange              0.021877     0.010912     0.003277     0.001463     0.001134     0.001219     0.000000     0.000000     0.000000     0.039883
  pack MPI buffers            0.001686     0.001104     0.000601     0.000765     0.001039     0.001249     0.000000     0.000000     0.000000     0.006444
  unpack MPI buffers          0.001706     0.001346     0.001021     0.000742     0.001052     0.001276     0.000000     0.000000     0.000000     0.007143
  MPI_Isend                   0.014470     0.007513     0.002950     0.000595     0.000176     0.000069     0.000000     0.000000     0.000000     0.025774
  MPI_Irecv                   0.000031     0.000047     0.000034     0.000017     0.000010     0.000011     0.000000     0.000000     0.000000     0.000152
  MPI_Waitall                 0.022573     0.009438     0.003044     0.001242     0.000558     0.000322     0.000000     0.000000     0.000000     0.037176
MPI_collectives               0.002267     0.000000     0.000000     0.000000     0.000000     0.000000     0.000000     0.000000     0.000045     0.002313
------------------        ------------ ------------ ------------ ------------ ------------ ------------ ------------ ------------ ------------ ------------ 
Total by level                1.140225     0.277167     0.056832     0.014100     0.007580     0.006971     0.002438     0.001976     0.000646     1.507936

   Total time in MGBuild      1.114568 seconds
   Total time in MGSolve      1.507970 seconds
      number of v-cycles             1
Bottom solver iterations            16




===== Performance Summary ======================================================
  h=1.953125000000000e-03  DOF=1.342177280000000e+08  time=1.507970  DOF/s=8.901e+07  MPI=2  OMP=28


===== Richardson error analysis ================================================
FMGSolve... f-cycle     norm=4.151187824908527e-08  rel=4.153376389499612e-08  done (1.507147 seconds)
FMGSolve... f-cycle     norm=5.144231718379189e-07  rel=5.155086782761839e-07  done (0.222430 seconds)
FMGSolve... f-cycle     norm=7.454875268653183e-06  rel=7.517955872287669e-06  done (0.047189 seconds)
  h=1.953125000000000e-03  ||error||=9.221160354386249e-10
  order=4.011


===== Deallocating memory ======================================================
attempting to free the restriction and interpolation lists... done
attempting to free the     2^3 level... done
attempting to free the     4^3 level... done
attempting to free the     8^3 level... done
attempting to free the    16^3 level... done
attempting to free the    32^3 level... done
attempting to free the    64^3 level... done
attempting to free the   128^3 level... done
attempting to free the   256^3 level... done
attempting to free the   512^3 level... done


===== Done =====================================================================
