

********************************************************************************
***                            HPGMG-FV Benchmark                            ***
********************************************************************************
Requested MPI_THREAD_FUNNELED, got MPI_THREAD_FUNNELED
2 MPI Tasks of 28 threads


===== Benchmark setup ==========================================================

attempting to create a 512^3 level from 8 x 256^3 boxes distributed among 2 tasks...
  boundary condition = BC_DIRICHLET
  Decomposing level via Z-mort ordering... done
  Allocating vectors... done
  Calculating boxes per process... target=4.000, max=4
  Creating Poisson (a=0.000000, b=1.000000) test problem
  calculating D^{-1} exactly for level h=1.953125e-03 using  64 colors...  done (5.470748 seconds)

attempting to create a 256^3 level from 8 x 128^3 boxes distributed among 2 tasks...
  boundary condition = BC_DIRICHLET
  Decomposing level via Z-mort ordering... done
  Allocating vectors... done
  Calculating boxes per process... target=4.000, max=4

attempting to create a 128^3 level from 8 x 64^3 boxes distributed among 2 tasks...
  boundary condition = BC_DIRICHLET
  Decomposing level via Z-mort ordering... done
  Allocating vectors... done
  Calculating boxes per process... target=4.000, max=4

attempting to create a 64^3 level from 8 x 32^3 boxes distributed among 2 tasks...
  boundary condition = BC_DIRICHLET
  Decomposing level via Z-mort ordering... done
  Allocating vectors... done
  Calculating boxes per process... target=4.000, max=4

attempting to create a 32^3 level from 8 x 16^3 boxes distributed among 2 tasks...
  boundary condition = BC_DIRICHLET
  Decomposing level via Z-mort ordering... done
  Allocating vectors... done
  Calculating boxes per process... target=4.000, max=4

attempting to create a 16^3 level from 8 x 8^3 boxes distributed among 2 tasks...
  boundary condition = BC_DIRICHLET
  Decomposing level via Z-mort ordering... done
  Allocating vectors... done
  Calculating boxes per process... target=4.000, max=4

attempting to create a 8^3 level from 1 x 8^3 boxes distributed among 2 tasks...
  boundary condition = BC_DIRICHLET
  Decomposing level via Z-mort ordering... done
  Allocating vectors... done
  Calculating boxes per process... target=0.500, max=1

attempting to create a 4^3 level from 1 x 4^3 boxes distributed among 2 tasks...
  boundary condition = BC_DIRICHLET
  Decomposing level via Z-mort ordering... done
  Allocating vectors... done
  Calculating boxes per process... target=0.500, max=1

attempting to create a 2^3 level from 1 x 2^3 boxes distributed among 2 tasks...
  boundary condition = BC_DIRICHLET
  Decomposing level via Z-mort ordering... done
  Allocating vectors... done
  Calculating boxes per process... target=0.500, max=1

  Building restriction and interpolation lists... done

  Building MPI subcommunicator for level  1... done (0.000471 seconds)
  Building MPI subcommunicator for level  2... done (0.000340 seconds)
  Building MPI subcommunicator for level  3... done (0.000348 seconds)
  Building MPI subcommunicator for level  4... done (0.000350 seconds)
  Building MPI subcommunicator for level  5... done (0.000025 seconds)
  Building MPI subcommunicator for level  6... done (0.000029 seconds)
  Building MPI subcommunicator for level  7... done (0.000022 seconds)
  Building MPI subcommunicator for level  8... done (0.000021 seconds)

  calculating D^{-1} exactly for level h=3.906250e-03 using  64 colors...  done (0.878002 seconds)
  calculating D^{-1} exactly for level h=7.812500e-03 using  64 colors...  done (0.122924 seconds)
  calculating D^{-1} exactly for level h=1.562500e-02 using  64 colors...  done (0.021412 seconds)
  calculating D^{-1} exactly for level h=3.125000e-02 using  64 colors...  done (0.007483 seconds)
  calculating D^{-1} exactly for level h=6.250000e-02 using  64 colors...  done (0.006232 seconds)
  calculating D^{-1} exactly for level h=1.250000e-01 using  64 colors...  done (0.001801 seconds)
  calculating D^{-1} exactly for level h=2.500000e-01 using  64 colors...  done (0.001133 seconds)
  calculating D^{-1} exactly for level h=5.000000e-01 using   8 colors...  done (0.000148 seconds)



===== Warming up by running 1 solves ==========================================
FMGSolve... f-cycle     norm=4.151187824908527e-08  rel=4.153376389499612e-08  done (1.400051 seconds)


===== Running 10 solves ========================================================
FMGSolve... f-cycle     norm=4.151187824908527e-08  rel=4.153376389499612e-08  done (1.398575 seconds)
FMGSolve... f-cycle     norm=4.151187824908527e-08  rel=4.153376389499612e-08  done (1.397243 seconds)
FMGSolve... f-cycle     norm=4.151187824908527e-08  rel=4.153376389499612e-08  done (1.397307 seconds)
FMGSolve... f-cycle     norm=4.151187824908527e-08  rel=4.153376389499612e-08  done (1.400652 seconds)
FMGSolve... f-cycle     norm=4.151187824908527e-08  rel=4.153376389499612e-08  done (1.402204 seconds)
FMGSolve... f-cycle     norm=4.151187824908527e-08  rel=4.153376389499612e-08  done (1.394603 seconds)
FMGSolve... f-cycle     norm=4.151187824908527e-08  rel=4.153376389499612e-08  done (1.396373 seconds)
FMGSolve... f-cycle     norm=4.151187824908527e-08  rel=4.153376389499612e-08  done (1.396248 seconds)
FMGSolve... f-cycle     norm=4.151187824908527e-08  rel=4.153376389499612e-08  done (1.397254 seconds)
FMGSolve... f-cycle     norm=4.151187824908527e-08  rel=4.153376389499612e-08  done (1.398254 seconds)


===== Timing Breakdown =========================================================


level                                0            1            2            3            4            5            6            7            8 
level dimension                  512^3        256^3        128^3         64^3         32^3         16^3          8^3          4^3          2^3 
box dimension                    256^3        128^3         64^3         32^3         16^3          8^3          8^3          4^3          2^3        total
------------------        ------------ ------------ ------------ ------------ ------------ ------------ ------------ ------------ ------------ ------------ 
smooth                        0.741959     0.211324     0.037349     0.006639     0.001514     0.001159     0.000889     0.000189     0.000000     1.001021
  max                         0.745305     0.211324     0.037411     0.006639     0.001514     0.001174     0.000889     0.000189     0.000000     1.004445
  min                         0.741959     0.211321     0.037349     0.006606     0.001369     0.001159     0.000000     0.000000     0.000000     0.999762
residual                      0.137636     0.020025     0.003825     0.000689     0.000156     0.000097     0.000080     0.000019     0.000010     0.162538
applyOp                       0.000000     0.000000     0.000000     0.000000     0.000000     0.000000     0.000000     0.000000     0.000022     0.000022
BLAS1                         0.041281     0.001450     0.000288     0.000070     0.000057     0.000074     0.000010     0.000004     0.000041     0.043276
BLAS3                         0.000000     0.000000     0.000000     0.000000     0.000000     0.000000     0.000000     0.000000     0.000000     0.000000
Boundary Conditions           0.014700     0.006834     0.002515     0.001368     0.001058     0.001233     0.001368     0.001655     0.000608     0.031338
Restriction                   0.015020     0.002856     0.000357     0.000095     0.000091     0.000382     0.000010     0.000005     0.000000     0.018816
  local restriction           0.015018     0.002853     0.000354     0.000093     0.000089     0.000104     0.000007     0.000003     0.000000     0.018521
  pack MPI buffers            0.000000     0.000000     0.000000     0.000000     0.000000     0.000000     0.000000     0.000000     0.000000     0.000000
  unpack MPI buffers          0.000000     0.000000     0.000000     0.000000     0.000000     0.000104     0.000000     0.000000     0.000000     0.000104
  MPI_Isend                   0.000000     0.000000     0.000000     0.000000     0.000000     0.000000     0.000000     0.000000     0.000000     0.000000
  MPI_Irecv                   0.000000     0.000000     0.000000     0.000000     0.000000     0.000006     0.000000     0.000000     0.000000     0.000006
  MPI_Waitall                 0.000000     0.000000     0.000000     0.000000     0.000000     0.000165     0.000000     0.000000     0.000000     0.000165
Interpolation                 0.036479     0.006577     0.000987     0.000179     0.000131     0.000239     0.000028     0.000020     0.000000     0.044640
  local interpolation         0.036478     0.006575     0.000985     0.000177     0.000130     0.000104     0.000027     0.000017     0.000000     0.044492
  pack MPI buffers            0.000000     0.000000     0.000000     0.000000     0.000000     0.000099     0.000000     0.000000     0.000000     0.000099
  unpack MPI buffers          0.000000     0.000000     0.000000     0.000000     0.000000     0.000000     0.000000     0.000000     0.000000     0.000000
  MPI_Isend                   0.000000     0.000000     0.000000     0.000000     0.000000     0.000033     0.000000     0.000000     0.000000     0.000033
  MPI_Irecv                   0.000000     0.000000     0.000000     0.000000     0.000000     0.000000     0.000000     0.000000     0.000000     0.000000
  MPI_Waitall                 0.000000     0.000000     0.000000     0.000000     0.000000     0.000001     0.000000     0.000000     0.000000     0.000001
Ghost Zone Exchange           0.053884     0.028711     0.010682     0.004969     0.003939     0.004113     0.000007     0.000007     0.000003     0.106315
  local exchange              0.021662     0.010689     0.002929     0.001492     0.001154     0.001216     0.000000     0.000000     0.000000     0.039141
  pack MPI buffers            0.001665     0.001024     0.000552     0.000803     0.001032     0.001215     0.000000     0.000000     0.000000     0.006291
  unpack MPI buffers          0.001660     0.001240     0.000979     0.000805     0.001036     0.001255     0.000000     0.000000     0.000000     0.006976
  MPI_Isend                   0.014494     0.007553     0.003041     0.000596     0.000179     0.000070     0.000000     0.000000     0.000000     0.025933
  MPI_Irecv                   0.000034     0.000052     0.000043     0.000015     0.000009     0.000012     0.000000     0.000000     0.000000     0.000164
  MPI_Waitall                 0.014354     0.008134     0.003117     0.001237     0.000500     0.000312     0.000000     0.000000     0.000000     0.027655
MPI_collectives               0.001447     0.000000     0.000000     0.000000     0.000000     0.000000     0.000000     0.000000     0.000043     0.001490
------------------        ------------ ------------ ------------ ------------ ------------ ------------ ------------ ------------ ------------ ------------ 
Total by level                1.034473     0.275112     0.055358     0.013903     0.007008     0.006986     0.002419     0.001937     0.000629     1.397825

   Total time in MGBuild      1.104258 seconds
   Total time in MGSolve      1.397864 seconds
      number of v-cycles             1
Bottom solver iterations            16




===== Performance Summary ======================================================
  h=1.953125000000000e-03  DOF=1.342177280000000e+08  time=1.397864  DOF/s=9.602e+07  MPI=2  OMP=28


===== Richardson error analysis ================================================
FMGSolve... f-cycle     norm=4.151187824908527e-08  rel=4.153376389499612e-08  done (1.396953 seconds)
FMGSolve... f-cycle     norm=5.144231718379189e-07  rel=5.155086782761839e-07  done (0.220057 seconds)
FMGSolve... f-cycle     norm=7.454875268653183e-06  rel=7.517955872287669e-06  done (0.042424 seconds)
  h=1.953125000000000e-03  ||error||=9.221160354386249e-10
  order=4.011


===== Deallocating memory ======================================================
attempting to free the restriction and interpolation lists... done
attempting to free the     2^3 level... done
attempting to free the     4^3 level... done
attempting to free the     8^3 level... done
attempting to free the    16^3 level... done
attempting to free the    32^3 level... done
attempting to free the    64^3 level... done
attempting to free the   128^3 level... done
attempting to free the   256^3 level... done
attempting to free the   512^3 level... done


===== Done =====================================================================
