

********************************************************************************
***                            HPGMG-FV Benchmark                            ***
********************************************************************************
Requested MPI_THREAD_FUNNELED, got MPI_THREAD_FUNNELED
2 MPI Tasks of 28 threads


===== Benchmark setup ==========================================================

attempting to create a 512^3 level from 8 x 256^3 boxes distributed among 2 tasks...
  boundary condition = BC_DIRICHLET
  Decomposing level via Z-mort ordering... done
  Allocating vectors... done
  Calculating boxes per process... target=4.000, max=4
  Creating Poisson (a=0.000000, b=1.000000) test problem
  calculating D^{-1} exactly for level h=1.953125e-03 using  64 colors...  done (5.812859 seconds)

attempting to create a 256^3 level from 8 x 128^3 boxes distributed among 2 tasks...
  boundary condition = BC_DIRICHLET
  Decomposing level via Z-mort ordering... done
  Allocating vectors... done
  Calculating boxes per process... target=4.000, max=4

attempting to create a 128^3 level from 8 x 64^3 boxes distributed among 2 tasks...
  boundary condition = BC_DIRICHLET
  Decomposing level via Z-mort ordering... done
  Allocating vectors... done
  Calculating boxes per process... target=4.000, max=4

attempting to create a 64^3 level from 8 x 32^3 boxes distributed among 2 tasks...
  boundary condition = BC_DIRICHLET
  Decomposing level via Z-mort ordering... done
  Allocating vectors... done
  Calculating boxes per process... target=4.000, max=4

attempting to create a 32^3 level from 8 x 16^3 boxes distributed among 2 tasks...
  boundary condition = BC_DIRICHLET
  Decomposing level via Z-mort ordering... done
  Allocating vectors... done
  Calculating boxes per process... target=4.000, max=4

attempting to create a 16^3 level from 8 x 8^3 boxes distributed among 2 tasks...
  boundary condition = BC_DIRICHLET
  Decomposing level via Z-mort ordering... done
  Allocating vectors... done
  Calculating boxes per process... target=4.000, max=4

attempting to create a 8^3 level from 1 x 8^3 boxes distributed among 2 tasks...
  boundary condition = BC_DIRICHLET
  Decomposing level via Z-mort ordering... done
  Allocating vectors... done
  Calculating boxes per process... target=0.500, max=1

attempting to create a 4^3 level from 1 x 4^3 boxes distributed among 2 tasks...
  boundary condition = BC_DIRICHLET
  Decomposing level via Z-mort ordering... done
  Allocating vectors... done
  Calculating boxes per process... target=0.500, max=1

attempting to create a 2^3 level from 1 x 2^3 boxes distributed among 2 tasks...
  boundary condition = BC_DIRICHLET
  Decomposing level via Z-mort ordering... done
  Allocating vectors... done
  Calculating boxes per process... target=0.500, max=1

  Building restriction and interpolation lists... done

  Building MPI subcommunicator for level  1... done (0.000652 seconds)
  Building MPI subcommunicator for level  2... done (0.000107 seconds)
  Building MPI subcommunicator for level  3... done (0.000332 seconds)
  Building MPI subcommunicator for level  4... done (0.000369 seconds)
  Building MPI subcommunicator for level  5... done (0.000025 seconds)
  Building MPI subcommunicator for level  6... done (0.000029 seconds)
  Building MPI subcommunicator for level  7... done (0.000023 seconds)
  Building MPI subcommunicator for level  8... done (0.000021 seconds)

  calculating D^{-1} exactly for level h=3.906250e-03 using  64 colors...  done (0.881220 seconds)
  calculating D^{-1} exactly for level h=7.812500e-03 using  64 colors...  done (0.122826 seconds)
  calculating D^{-1} exactly for level h=1.562500e-02 using  64 colors...  done (0.019818 seconds)
  calculating D^{-1} exactly for level h=3.125000e-02 using  64 colors...  done (0.007697 seconds)
  calculating D^{-1} exactly for level h=6.250000e-02 using  64 colors...  done (0.006234 seconds)
  calculating D^{-1} exactly for level h=1.250000e-01 using  64 colors...  done (0.001792 seconds)
  calculating D^{-1} exactly for level h=2.500000e-01 using  64 colors...  done (0.001069 seconds)
  calculating D^{-1} exactly for level h=5.000000e-01 using   8 colors...  done (0.000126 seconds)



===== Warming up by running 1 solves ==========================================
FMGSolve... f-cycle     norm=4.151187824908527e-08  rel=4.153376389499612e-08  done (1.404146 seconds)


===== Running 10 solves ========================================================
FMGSolve... f-cycle     norm=4.151187824908527e-08  rel=4.153376389499612e-08  done (1.391022 seconds)
FMGSolve... f-cycle     norm=4.151187824908527e-08  rel=4.153376389499612e-08  done (1.394932 seconds)
FMGSolve... f-cycle     norm=4.151187824908527e-08  rel=4.153376389499612e-08  done (1.398539 seconds)
FMGSolve... f-cycle     norm=4.151187824908527e-08  rel=4.153376389499612e-08  done (1.393915 seconds)
FMGSolve... f-cycle     norm=4.151187824908527e-08  rel=4.153376389499612e-08  done (1.403709 seconds)
FMGSolve... f-cycle     norm=4.151187824908527e-08  rel=4.153376389499612e-08  done (1.405338 seconds)
FMGSolve... f-cycle     norm=4.151187824908527e-08  rel=4.153376389499612e-08  done (1.393607 seconds)
FMGSolve... f-cycle     norm=4.151187824908527e-08  rel=4.153376389499612e-08  done (1.404650 seconds)
FMGSolve... f-cycle     norm=4.151187824908527e-08  rel=4.153376389499612e-08  done (1.408202 seconds)
FMGSolve... f-cycle     norm=4.151187824908527e-08  rel=4.153376389499612e-08  done (1.401332 seconds)


===== Timing Breakdown =========================================================


level                                0            1            2            3            4            5            6            7            8 
level dimension                  512^3        256^3        128^3         64^3         32^3         16^3          8^3          4^3          2^3 
box dimension                    256^3        128^3         64^3         32^3         16^3          8^3          8^3          4^3          2^3        total
------------------        ------------ ------------ ------------ ------------ ------------ ------------ ------------ ------------ ------------ ------------ 
smooth                        0.736091     0.211350     0.037293     0.005617     0.001575     0.001186     0.000893     0.000192     0.000000     0.994197
  max                         0.746587     0.211350     0.037509     0.005643     0.001575     0.001186     0.000893     0.000192     0.000000     1.004935
  min                         0.736091     0.211118     0.037293     0.005617     0.001364     0.001176     0.000000     0.000000     0.000000     0.992660
residual                      0.136603     0.020082     0.003779     0.000580     0.000155     0.000105     0.000080     0.000020     0.000010     0.161414
applyOp                       0.000000     0.000000     0.000000     0.000000     0.000000     0.000000     0.000000     0.000000     0.000023     0.000023
BLAS1                         0.041804     0.001467     0.000293     0.000069     0.000052     0.000073     0.000012     0.000006     0.000038     0.043813
BLAS3                         0.000000     0.000000     0.000000     0.000000     0.000000     0.000000     0.000000     0.000000     0.000000     0.000000
Boundary Conditions           0.014444     0.006781     0.002463     0.001390     0.001087     0.001246     0.001365     0.001556     0.000614     0.030947
Restriction                   0.015040     0.002846     0.000328     0.000098     0.000082     0.000286     0.000010     0.000006     0.000000     0.018697
  local restriction           0.015037     0.002843     0.000324     0.000096     0.000080     0.000103     0.000008     0.000003     0.000000     0.018496
  pack MPI buffers            0.000000     0.000000     0.000000     0.000000     0.000000     0.000000     0.000000     0.000000     0.000000     0.000000
  unpack MPI buffers          0.000000     0.000000     0.000000     0.000000     0.000000     0.000101     0.000000     0.000000     0.000000     0.000101
  MPI_Isend                   0.000000     0.000000     0.000000     0.000000     0.000000     0.000000     0.000000     0.000000     0.000000     0.000000
  MPI_Irecv                   0.000000     0.000000     0.000000     0.000000     0.000000     0.000005     0.000000     0.000000     0.000000     0.000005
  MPI_Waitall                 0.000000     0.000000     0.000000     0.000000     0.000000     0.000074     0.000000     0.000000     0.000000     0.000074
Interpolation                 0.036477     0.006508     0.000838     0.000182     0.000134     0.000239     0.000029     0.000022     0.000000     0.044430
  local interpolation         0.036476     0.006506     0.000837     0.000181     0.000132     0.000099     0.000027     0.000018     0.000000     0.044277
  pack MPI buffers            0.000000     0.000000     0.000000     0.000000     0.000000     0.000103     0.000000     0.000000     0.000000     0.000103
  unpack MPI buffers          0.000000     0.000000     0.000000     0.000000     0.000000     0.000000     0.000000     0.000000     0.000000     0.000000
  MPI_Isend                   0.000000     0.000000     0.000000     0.000000     0.000000     0.000033     0.000000     0.000000     0.000000     0.000033
  MPI_Irecv                   0.000000     0.000000     0.000000     0.000000     0.000000     0.000000     0.000000     0.000000     0.000000     0.000000
  MPI_Waitall                 0.000000     0.000000     0.000000     0.000000     0.000000     0.000002     0.000000     0.000000     0.000000     0.000002
Ghost Zone Exchange           0.061959     0.028971     0.010842     0.005084     0.004042     0.004108     0.000007     0.000007     0.000003     0.115023
  local exchange              0.021616     0.010658     0.002703     0.001541     0.001246     0.001206     0.000000     0.000000     0.000000     0.038970
  pack MPI buffers            0.001654     0.001079     0.000546     0.000809     0.001020     0.001232     0.000000     0.000000     0.000000     0.006340
  unpack MPI buffers          0.001630     0.001201     0.000961     0.000861     0.001091     0.001276     0.000000     0.000000     0.000000     0.007020
  MPI_Isend                   0.014523     0.007627     0.003490     0.000694     0.000191     0.000076     0.000000     0.000000     0.000000     0.026601
  MPI_Irecv                   0.000033     0.000052     0.000039     0.000018     0.000013     0.000013     0.000000     0.000000     0.000000     0.000168
  MPI_Waitall                 0.022489     0.008334     0.003082     0.001136     0.000449     0.000268     0.000000     0.000000     0.000000     0.035758
MPI_collectives               0.002594     0.000000     0.000000     0.000000     0.000000     0.000000     0.000000     0.000000     0.000044     0.002639
------------------        ------------ ------------ ------------ ------------ ------------ ------------ ------------ ------------ ------------ ------------ 
Total by level                1.037039     0.275341     0.055158     0.012903     0.007191     0.006931     0.002425     0.001853     0.000636     1.399478

   Total time in MGBuild      1.106732 seconds
   Total time in MGSolve      1.399516 seconds
      number of v-cycles             1
Bottom solver iterations            16




===== Performance Summary ======================================================
  h=1.953125000000000e-03  DOF=1.342177280000000e+08  time=1.399516  DOF/s=9.590e+07  MPI=2  OMP=28


===== Richardson error analysis ================================================
FMGSolve... f-cycle     norm=4.151187824908527e-08  rel=4.153376389499612e-08  done (1.403636 seconds)
FMGSolve... f-cycle     norm=5.144231718379189e-07  rel=5.155086782761839e-07  done (0.219815 seconds)
FMGSolve... f-cycle     norm=7.454875268653183e-06  rel=7.517955872287669e-06  done (0.041999 seconds)
  h=1.953125000000000e-03  ||error||=9.221160354386249e-10
  order=4.011


===== Deallocating memory ======================================================
attempting to free the restriction and interpolation lists... done
attempting to free the     2^3 level... done
attempting to free the     4^3 level... done
attempting to free the     8^3 level... done
attempting to free the    16^3 level... done
attempting to free the    32^3 level... done
attempting to free the    64^3 level... done
attempting to free the   128^3 level... done
attempting to free the   256^3 level... done
attempting to free the   512^3 level... done


===== Done =====================================================================
