

********************************************************************************
***                            HPGMG-FV Benchmark                            ***
********************************************************************************
Requested MPI_THREAD_FUNNELED, got MPI_THREAD_FUNNELED
2 MPI Tasks of 28 threads


===== Benchmark setup ==========================================================

attempting to create a 512^3 level from 8 x 256^3 boxes distributed among 2 tasks...
  boundary condition = BC_DIRICHLET
  Decomposing level via Z-mort ordering... done
  Allocating vectors... done
  Calculating boxes per process... target=4.000, max=4
  Creating Poisson (a=0.000000, b=1.000000) test problem
  calculating D^{-1} exactly for level h=1.953125e-03 using  64 colors...  done (5.123157 seconds)

attempting to create a 256^3 level from 8 x 128^3 boxes distributed among 2 tasks...
  boundary condition = BC_DIRICHLET
  Decomposing level via Z-mort ordering... done
  Allocating vectors... done
  Calculating boxes per process... target=4.000, max=4

attempting to create a 128^3 level from 8 x 64^3 boxes distributed among 2 tasks...
  boundary condition = BC_DIRICHLET
  Decomposing level via Z-mort ordering... done
  Allocating vectors... done
  Calculating boxes per process... target=4.000, max=4

attempting to create a 64^3 level from 8 x 32^3 boxes distributed among 2 tasks...
  boundary condition = BC_DIRICHLET
  Decomposing level via Z-mort ordering... done
  Allocating vectors... done
  Calculating boxes per process... target=4.000, max=4

attempting to create a 32^3 level from 8 x 16^3 boxes distributed among 2 tasks...
  boundary condition = BC_DIRICHLET
  Decomposing level via Z-mort ordering... done
  Allocating vectors... done
  Calculating boxes per process... target=4.000, max=4

attempting to create a 16^3 level from 8 x 8^3 boxes distributed among 2 tasks...
  boundary condition = BC_DIRICHLET
  Decomposing level via Z-mort ordering... done
  Allocating vectors... done
  Calculating boxes per process... target=4.000, max=4

attempting to create a 8^3 level from 1 x 8^3 boxes distributed among 2 tasks...
  boundary condition = BC_DIRICHLET
  Decomposing level via Z-mort ordering... done
  Allocating vectors... done
  Calculating boxes per process... target=0.500, max=1

attempting to create a 4^3 level from 1 x 4^3 boxes distributed among 2 tasks...
  boundary condition = BC_DIRICHLET
  Decomposing level via Z-mort ordering... done
  Allocating vectors... done
  Calculating boxes per process... target=0.500, max=1

attempting to create a 2^3 level from 1 x 2^3 boxes distributed among 2 tasks...
  boundary condition = BC_DIRICHLET
  Decomposing level via Z-mort ordering... done
  Allocating vectors... done
  Calculating boxes per process... target=0.500, max=1

  Building restriction and interpolation lists... done

  Building MPI subcommunicator for level  1... done (0.000557 seconds)
  Building MPI subcommunicator for level  2... done (0.000394 seconds)
  Building MPI subcommunicator for level  3... done (0.000342 seconds)
  Building MPI subcommunicator for level  4... done (0.000376 seconds)
  Building MPI subcommunicator for level  5... done (0.000026 seconds)
  Building MPI subcommunicator for level  6... done (0.000028 seconds)
  Building MPI subcommunicator for level  7... done (0.000022 seconds)
  Building MPI subcommunicator for level  8... done (0.000021 seconds)

  calculating D^{-1} exactly for level h=3.906250e-03 using  64 colors...  done (0.892876 seconds)
  calculating D^{-1} exactly for level h=7.812500e-03 using  64 colors...  done (0.121236 seconds)
  calculating D^{-1} exactly for level h=1.562500e-02 using  64 colors...  done (0.019265 seconds)
  calculating D^{-1} exactly for level h=3.125000e-02 using  64 colors...  done (0.007174 seconds)
  calculating D^{-1} exactly for level h=6.250000e-02 using  64 colors...  done (0.005720 seconds)
  calculating D^{-1} exactly for level h=1.250000e-01 using  64 colors...  done (0.001650 seconds)
  calculating D^{-1} exactly for level h=2.500000e-01 using  64 colors...  done (0.000979 seconds)
  calculating D^{-1} exactly for level h=5.000000e-01 using   8 colors...  done (0.000126 seconds)



===== Warming up by running 1 solves ==========================================
FMGSolve... f-cycle     norm=4.151187824908527e-08  rel=4.153376389499612e-08  done (1.335933 seconds)


===== Running 10 solves ========================================================
FMGSolve... f-cycle     norm=4.151187824908527e-08  rel=4.153376389499612e-08  done (1.332733 seconds)
FMGSolve... f-cycle     norm=4.151187824908527e-08  rel=4.153376389499612e-08  done (1.332491 seconds)
FMGSolve... f-cycle     norm=4.151187824908527e-08  rel=4.153376389499612e-08  done (1.328782 seconds)
FMGSolve... f-cycle     norm=4.151187824908527e-08  rel=4.153376389499612e-08  done (1.331059 seconds)
FMGSolve... f-cycle     norm=4.151187824908527e-08  rel=4.153376389499612e-08  done (1.370149 seconds)
FMGSolve... f-cycle     norm=4.151187824908527e-08  rel=4.153376389499612e-08  done (1.331647 seconds)
FMGSolve... f-cycle     norm=4.151187824908527e-08  rel=4.153376389499612e-08  done (1.338270 seconds)
FMGSolve... f-cycle     norm=4.151187824908527e-08  rel=4.153376389499612e-08  done (1.331949 seconds)
FMGSolve... f-cycle     norm=4.151187824908527e-08  rel=4.153376389499612e-08  done (1.332167 seconds)
FMGSolve... f-cycle     norm=4.151187824908527e-08  rel=4.153376389499612e-08  done (1.330414 seconds)


===== Timing Breakdown =========================================================


level                                0            1            2            3            4            5            6            7            8 
level dimension                  512^3        256^3        128^3         64^3         32^3         16^3          8^3          4^3          2^3 
box dimension                    256^3        128^3         64^3         32^3         16^3          8^3          8^3          4^3          2^3        total
------------------        ------------ ------------ ------------ ------------ ------------ ------------ ------------ ------------ ------------ ------------ 
smooth                        0.689971     0.218805     0.037507     0.005507     0.001528     0.001202     0.000889     0.000191     0.000000     0.955600
  max                         0.692106     0.218805     0.037832     0.005580     0.001528     0.001202     0.000889     0.000191     0.000000     0.958134
  min                         0.689971     0.217850     0.037507     0.005507     0.001327     0.001184     0.000000     0.000000     0.000000     0.953346
residual                      0.120512     0.020276     0.003804     0.000577     0.000148     0.000101     0.000080     0.000019     0.000011     0.145526
applyOp                       0.000000     0.000000     0.000000     0.000000     0.000000     0.000000     0.000000     0.000000     0.000021     0.000021
BLAS1                         0.043682     0.001465     0.000296     0.000067     0.000048     0.000067     0.000011     0.000005     0.000042     0.045684
BLAS3                         0.000000     0.000000     0.000000     0.000000     0.000000     0.000000     0.000000     0.000000     0.000000     0.000000
Boundary Conditions           0.014582     0.006587     0.002403     0.001202     0.000981     0.001106     0.001223     0.001364     0.000551     0.029999
Restriction                   0.015166     0.002878     0.000328     0.000097     0.000074     0.000244     0.000010     0.000005     0.000000     0.018802
  local restriction           0.015165     0.002875     0.000324     0.000094     0.000072     0.000091     0.000008     0.000004     0.000000     0.018633
  pack MPI buffers            0.000000     0.000000     0.000000     0.000000     0.000000     0.000000     0.000000     0.000000     0.000000     0.000000
  unpack MPI buffers          0.000000     0.000000     0.000000     0.000000     0.000000     0.000092     0.000000     0.000000     0.000000     0.000092
  MPI_Isend                   0.000000     0.000000     0.000000     0.000000     0.000000     0.000000     0.000000     0.000000     0.000000     0.000000
  MPI_Irecv                   0.000000     0.000000     0.000000     0.000000     0.000000     0.000005     0.000000     0.000000     0.000000     0.000005
  MPI_Waitall                 0.000000     0.000000     0.000000     0.000000     0.000000     0.000052     0.000000     0.000000     0.000000     0.000052
Interpolation                 0.036640     0.006564     0.000841     0.000188     0.000138     0.000216     0.000028     0.000021     0.000000     0.044636
  local interpolation         0.036638     0.006563     0.000840     0.000187     0.000136     0.000092     0.000027     0.000018     0.000000     0.044500
  pack MPI buffers            0.000000     0.000000     0.000000     0.000000     0.000000     0.000089     0.000000     0.000000     0.000000     0.000089
  unpack MPI buffers          0.000000     0.000000     0.000000     0.000000     0.000000     0.000000     0.000000     0.000000     0.000000     0.000000
  MPI_Isend                   0.000000     0.000000     0.000000     0.000000     0.000000     0.000032     0.000000     0.000000     0.000000     0.000032
  MPI_Irecv                   0.000000     0.000000     0.000000     0.000000     0.000000     0.000000     0.000000     0.000000     0.000000     0.000000
  MPI_Waitall                 0.000000     0.000000     0.000000     0.000000     0.000000     0.000001     0.000000     0.000000     0.000000     0.000001
Ghost Zone Exchange           0.057012     0.027684     0.009818     0.005005     0.003759     0.003769     0.000009     0.000006     0.000003     0.107066
  local exchange              0.021611     0.010510     0.002320     0.001523     0.001178     0.001062     0.000000     0.000000     0.000000     0.038204
  pack MPI buffers            0.001569     0.000945     0.000506     0.000720     0.000891     0.001109     0.000000     0.000000     0.000000     0.005741
  unpack MPI buffers          0.001565     0.001204     0.001000     0.000849     0.000991     0.001128     0.000000     0.000000     0.000000     0.006737
  MPI_Isend                   0.014505     0.007359     0.002943     0.000600     0.000179     0.000065     0.000000     0.000000     0.000000     0.025651
  MPI_Irecv                   0.000029     0.000045     0.000033     0.000014     0.000013     0.000014     0.000000     0.000000     0.000000     0.000148
  MPI_Waitall                 0.017724     0.007602     0.002995     0.001277     0.000482     0.000360     0.000000     0.000000     0.000000     0.030439
MPI_collectives               0.000431     0.000000     0.000000     0.000000     0.000000     0.000000     0.000000     0.000000     0.000042     0.000473
------------------        ------------ ------------ ------------ ------------ ------------ ------------ ------------ ------------ ------------ ------------ 
Total by level                0.969759     0.281626     0.054395     0.012498     0.006720     0.006417     0.002275     0.001653     0.000577     1.335921

   Total time in MGBuild      1.117153 seconds
   Total time in MGSolve      1.335958 seconds
      number of v-cycles             1
Bottom solver iterations            16




===== Performance Summary ======================================================
  h=1.953125000000000e-03  DOF=1.342177280000000e+08  time=1.335958  DOF/s=1.005e+08  MPI=2  OMP=28


===== Richardson error analysis ================================================
FMGSolve... f-cycle     norm=4.151187824908527e-08  rel=4.153376389499612e-08  done (1.330320 seconds)
FMGSolve... f-cycle     norm=5.144231718379189e-07  rel=5.155086782761839e-07  done (0.220207 seconds)
FMGSolve... f-cycle     norm=7.454875268653183e-06  rel=7.517955872287669e-06  done (0.040513 seconds)
  h=1.953125000000000e-03  ||error||=9.221160354386249e-10
  order=4.011


===== Deallocating memory ======================================================
attempting to free the restriction and interpolation lists... done
attempting to free the     2^3 level... done
attempting to free the     4^3 level... done
attempting to free the     8^3 level... done
attempting to free the    16^3 level... done
attempting to free the    32^3 level... done
attempting to free the    64^3 level... done
attempting to free the   128^3 level... done
attempting to free the   256^3 level... done
attempting to free the   512^3 level... done


===== Done =====================================================================
