

********************************************************************************
***                            HPGMG-FV Benchmark                            ***
********************************************************************************
Requested MPI_THREAD_FUNNELED, got MPI_THREAD_FUNNELED
2 MPI Tasks of 28 threads


===== Benchmark setup ==========================================================

attempting to create a 512^3 level from 8 x 256^3 boxes distributed among 2 tasks...
  boundary condition = BC_DIRICHLET
  Decomposing level via Z-mort ordering... done
  Allocating vectors... done
  Calculating boxes per process... target=4.000, max=4
  Creating Poisson (a=0.000000, b=1.000000) test problem
  calculating D^{-1} exactly for level h=1.953125e-03 using  64 colors...  done (5.148202 seconds)

attempting to create a 256^3 level from 8 x 128^3 boxes distributed among 2 tasks...
  boundary condition = BC_DIRICHLET
  Decomposing level via Z-mort ordering... done
  Allocating vectors... done
  Calculating boxes per process... target=4.000, max=4

attempting to create a 128^3 level from 8 x 64^3 boxes distributed among 2 tasks...
  boundary condition = BC_DIRICHLET
  Decomposing level via Z-mort ordering... done
  Allocating vectors... done
  Calculating boxes per process... target=4.000, max=4

attempting to create a 64^3 level from 8 x 32^3 boxes distributed among 2 tasks...
  boundary condition = BC_DIRICHLET
  Decomposing level via Z-mort ordering... done
  Allocating vectors... done
  Calculating boxes per process... target=4.000, max=4

attempting to create a 32^3 level from 8 x 16^3 boxes distributed among 2 tasks...
  boundary condition = BC_DIRICHLET
  Decomposing level via Z-mort ordering... done
  Allocating vectors... done
  Calculating boxes per process... target=4.000, max=4

attempting to create a 16^3 level from 8 x 8^3 boxes distributed among 2 tasks...
  boundary condition = BC_DIRICHLET
  Decomposing level via Z-mort ordering... done
  Allocating vectors... done
  Calculating boxes per process... target=4.000, max=4

attempting to create a 8^3 level from 1 x 8^3 boxes distributed among 2 tasks...
  boundary condition = BC_DIRICHLET
  Decomposing level via Z-mort ordering... done
  Allocating vectors... done
  Calculating boxes per process... target=0.500, max=1

attempting to create a 4^3 level from 1 x 4^3 boxes distributed among 2 tasks...
  boundary condition = BC_DIRICHLET
  Decomposing level via Z-mort ordering... done
  Allocating vectors... done
  Calculating boxes per process... target=0.500, max=1

attempting to create a 2^3 level from 1 x 2^3 boxes distributed among 2 tasks...
  boundary condition = BC_DIRICHLET
  Decomposing level via Z-mort ordering... done
  Allocating vectors... done
  Calculating boxes per process... target=0.500, max=1

  Building restriction and interpolation lists... done

  Building MPI subcommunicator for level  1... done (0.000468 seconds)
  Building MPI subcommunicator for level  2... done (0.000386 seconds)
  Building MPI subcommunicator for level  3... done (0.000453 seconds)
  Building MPI subcommunicator for level  4... done (0.000082 seconds)
  Building MPI subcommunicator for level  5... done (0.000025 seconds)
  Building MPI subcommunicator for level  6... done (0.000028 seconds)
  Building MPI subcommunicator for level  7... done (0.000022 seconds)
  Building MPI subcommunicator for level  8... done (0.000021 seconds)

  calculating D^{-1} exactly for level h=3.906250e-03 using  64 colors...  done (0.899139 seconds)
  calculating D^{-1} exactly for level h=7.812500e-03 using  64 colors...  done (0.120694 seconds)
  calculating D^{-1} exactly for level h=1.562500e-02 using  64 colors...  done (0.019121 seconds)
  calculating D^{-1} exactly for level h=3.125000e-02 using  64 colors...  done (0.007312 seconds)
  calculating D^{-1} exactly for level h=6.250000e-02 using  64 colors...  done (0.005886 seconds)
  calculating D^{-1} exactly for level h=1.250000e-01 using  64 colors...  done (0.001678 seconds)
  calculating D^{-1} exactly for level h=2.500000e-01 using  64 colors...  done (0.000964 seconds)
  calculating D^{-1} exactly for level h=5.000000e-01 using   8 colors...  done (0.000119 seconds)



===== Warming up by running 1 solves ==========================================
FMGSolve... f-cycle     norm=4.151187824908527e-08  rel=4.153376389499612e-08  done (1.353647 seconds)


===== Running 10 solves ========================================================
FMGSolve... f-cycle     norm=4.151187824908527e-08  rel=4.153376389499612e-08  done (1.349476 seconds)
FMGSolve... f-cycle     norm=4.151187824908527e-08  rel=4.153376389499612e-08  done (1.350980 seconds)
FMGSolve... f-cycle     norm=4.151187824908527e-08  rel=4.153376389499612e-08  done (1.353623 seconds)
FMGSolve... f-cycle     norm=4.151187824908527e-08  rel=4.153376389499612e-08  done (1.352843 seconds)
FMGSolve... f-cycle     norm=4.151187824908527e-08  rel=4.153376389499612e-08  done (1.350217 seconds)
FMGSolve... f-cycle     norm=4.151187824908527e-08  rel=4.153376389499612e-08  done (1.353272 seconds)
FMGSolve... f-cycle     norm=4.151187824908527e-08  rel=4.153376389499612e-08  done (1.349811 seconds)
FMGSolve... f-cycle     norm=4.151187824908527e-08  rel=4.153376389499612e-08  done (1.350767 seconds)
FMGSolve... f-cycle     norm=4.151187824908527e-08  rel=4.153376389499612e-08  done (1.351463 seconds)
FMGSolve... f-cycle     norm=4.151187824908527e-08  rel=4.153376389499612e-08  done (1.353625 seconds)


===== Timing Breakdown =========================================================


level                                0            1            2            3            4            5            6            7            8 
level dimension                  512^3        256^3        128^3         64^3         32^3         16^3          8^3          4^3          2^3 
box dimension                    256^3        128^3         64^3         32^3         16^3          8^3          8^3          4^3          2^3        total
------------------        ------------ ------------ ------------ ------------ ------------ ------------ ------------ ------------ ------------ ------------ 
smooth                        0.701523     0.221579     0.037511     0.005390     0.001508     0.001192     0.000885     0.000195     0.000000     0.969783
  max                         0.703131     0.221579     0.037872     0.005651     0.001508     0.001224     0.000885     0.000195     0.000000     0.972046
  min                         0.701523     0.221240     0.037511     0.005390     0.001369     0.001192     0.000000     0.000000     0.000000     0.968223
residual                      0.119825     0.020306     0.003769     0.000543     0.000151     0.000100     0.000079     0.000020     0.000010     0.144802
applyOp                       0.000000     0.000000     0.000000     0.000000     0.000000     0.000000     0.000000     0.000000     0.000021     0.000021
BLAS1                         0.044247     0.001453     0.000299     0.000067     0.000044     0.000061     0.000011     0.000005     0.000040     0.046227
BLAS3                         0.000000     0.000000     0.000000     0.000000     0.000000     0.000000     0.000000     0.000000     0.000000     0.000000
Boundary Conditions           0.014833     0.006578     0.002398     0.001182     0.000985     0.001084     0.001246     0.001344     0.000544     0.030195
Restriction                   0.015403     0.002956     0.000342     0.000097     0.000074     0.000307     0.000010     0.000005     0.000000     0.019194
  local restriction           0.015402     0.002953     0.000339     0.000095     0.000072     0.000089     0.000007     0.000003     0.000000     0.018959
  pack MPI buffers            0.000000     0.000000     0.000000     0.000000     0.000000     0.000000     0.000000     0.000000     0.000000     0.000000
  unpack MPI buffers          0.000000     0.000000     0.000000     0.000000     0.000000     0.000090     0.000000     0.000000     0.000000     0.000090
  MPI_Isend                   0.000000     0.000000     0.000000     0.000000     0.000000     0.000000     0.000000     0.000000     0.000000     0.000000
  MPI_Irecv                   0.000000     0.000000     0.000000     0.000000     0.000000     0.000005     0.000000     0.000000     0.000000     0.000005
  MPI_Waitall                 0.000000     0.000000     0.000000     0.000000     0.000000     0.000119     0.000000     0.000000     0.000000     0.000119
Interpolation                 0.036798     0.006587     0.000836     0.000189     0.000135     0.000211     0.000029     0.000020     0.000000     0.044804
  local interpolation         0.036797     0.006585     0.000835     0.000187     0.000133     0.000088     0.000027     0.000017     0.000000     0.044668
  pack MPI buffers            0.000000     0.000000     0.000000     0.000000     0.000000     0.000084     0.000000     0.000000     0.000000     0.000084
  unpack MPI buffers          0.000000     0.000000     0.000000     0.000000     0.000000     0.000000     0.000000     0.000000     0.000000     0.000000
  MPI_Isend                   0.000000     0.000000     0.000000     0.000000     0.000000     0.000034     0.000000     0.000000     0.000000     0.000034
  MPI_Irecv                   0.000000     0.000000     0.000000     0.000000     0.000000     0.000000     0.000000     0.000000     0.000000     0.000000
  MPI_Waitall                 0.000000     0.000000     0.000000     0.000000     0.000000     0.000001     0.000000     0.000000     0.000000     0.000001
Ghost Zone Exchange           0.054744     0.028434     0.010708     0.005539     0.003987     0.003874     0.000008     0.000007     0.000004     0.107305
  local exchange              0.021738     0.010301     0.002315     0.001545     0.001185     0.001026     0.000000     0.000000     0.000000     0.038109
  pack MPI buffers            0.001605     0.000963     0.000506     0.000718     0.000851     0.001086     0.000000     0.000000     0.000000     0.005730
  unpack MPI buffers          0.001626     0.001205     0.000988     0.000828     0.000959     0.001113     0.000000     0.000000     0.000000     0.006719
  MPI_Isend                   0.014541     0.007520     0.003145     0.000641     0.000186     0.000068     0.000000     0.000000     0.000000     0.026101
  MPI_Irecv                   0.000033     0.000049     0.000038     0.000017     0.000010     0.000010     0.000000     0.000000     0.000000     0.000156
  MPI_Waitall                 0.015186     0.008375     0.003695     0.001771     0.000771     0.000536     0.000000     0.000000     0.000000     0.030333
MPI_collectives               0.001065     0.000000     0.000000     0.000000     0.000000     0.000000     0.000000     0.000000     0.000045     0.001110
------------------        ------------ ------------ ------------ ------------ ------------ ------------ ------------ ------------ ------------ ------------ 
Total by level                0.980164     0.285335     0.055256     0.012843     0.006919     0.006547     0.002290     0.001634     0.000572     1.351560

   Total time in MGBuild      1.124469 seconds
   Total time in MGSolve      1.351598 seconds
      number of v-cycles             1
Bottom solver iterations            16




===== Performance Summary ======================================================
  h=1.953125000000000e-03  DOF=1.342177280000000e+08  time=1.351598  DOF/s=9.930e+07  MPI=2  OMP=28


===== Richardson error analysis ================================================
FMGSolve... f-cycle     norm=4.151187824908527e-08  rel=4.153376389499612e-08  done (1.352583 seconds)
FMGSolve... f-cycle     norm=5.144231718379189e-07  rel=5.155086782761839e-07  done (0.223471 seconds)
FMGSolve... f-cycle     norm=7.454875268653183e-06  rel=7.517955872287669e-06  done (0.041591 seconds)
  h=1.953125000000000e-03  ||error||=9.221160354386249e-10
  order=4.011


===== Deallocating memory ======================================================
attempting to free the restriction and interpolation lists... done
attempting to free the     2^3 level... done
attempting to free the     4^3 level... done
attempting to free the     8^3 level... done
attempting to free the    16^3 level... done
attempting to free the    32^3 level... done
attempting to free the    64^3 level... done
attempting to free the   128^3 level... done
attempting to free the   256^3 level... done
attempting to free the   512^3 level... done


===== Done =====================================================================
