

********************************************************************************
***                            HPGMG-FV Benchmark                            ***
********************************************************************************
Requested MPI_THREAD_FUNNELED, got MPI_THREAD_FUNNELED
2 MPI Tasks of 28 threads


===== Benchmark setup ==========================================================

attempting to create a 512^3 level from 8 x 256^3 boxes distributed among 2 tasks...
  boundary condition = BC_DIRICHLET
  Decomposing level via Z-mort ordering... done
  Allocating vectors... done
  Calculating boxes per process... target=4.000, max=4
  Creating Poisson (a=0.000000, b=1.000000) test problem
  calculating D^{-1} exactly for level h=1.953125e-03 using  64 colors...  done (4.900476 seconds)

attempting to create a 256^3 level from 8 x 128^3 boxes distributed among 2 tasks...
  boundary condition = BC_DIRICHLET
  Decomposing level via Z-mort ordering... done
  Allocating vectors... done
  Calculating boxes per process... target=4.000, max=4

attempting to create a 128^3 level from 8 x 64^3 boxes distributed among 2 tasks...
  boundary condition = BC_DIRICHLET
  Decomposing level via Z-mort ordering... done
  Allocating vectors... done
  Calculating boxes per process... target=4.000, max=4

attempting to create a 64^3 level from 8 x 32^3 boxes distributed among 2 tasks...
  boundary condition = BC_DIRICHLET
  Decomposing level via Z-mort ordering... done
  Allocating vectors... done
  Calculating boxes per process... target=4.000, max=4

attempting to create a 32^3 level from 8 x 16^3 boxes distributed among 2 tasks...
  boundary condition = BC_DIRICHLET
  Decomposing level via Z-mort ordering... done
  Allocating vectors... done
  Calculating boxes per process... target=4.000, max=4

attempting to create a 16^3 level from 8 x 8^3 boxes distributed among 2 tasks...
  boundary condition = BC_DIRICHLET
  Decomposing level via Z-mort ordering... done
  Allocating vectors... done
  Calculating boxes per process... target=4.000, max=4

attempting to create a 8^3 level from 1 x 8^3 boxes distributed among 2 tasks...
  boundary condition = BC_DIRICHLET
  Decomposing level via Z-mort ordering... done
  Allocating vectors... done
  Calculating boxes per process... target=0.500, max=1

attempting to create a 4^3 level from 1 x 4^3 boxes distributed among 2 tasks...
  boundary condition = BC_DIRICHLET
  Decomposing level via Z-mort ordering... done
  Allocating vectors... done
  Calculating boxes per process... target=0.500, max=1

attempting to create a 2^3 level from 1 x 2^3 boxes distributed among 2 tasks...
  boundary condition = BC_DIRICHLET
  Decomposing level via Z-mort ordering... done
  Allocating vectors... done
  Calculating boxes per process... target=0.500, max=1

  Building restriction and interpolation lists... done

  Building MPI subcommunicator for level  1... done (0.000539 seconds)
  Building MPI subcommunicator for level  2... done (0.000081 seconds)
  Building MPI subcommunicator for level  3... done (0.000341 seconds)
  Building MPI subcommunicator for level  4... done (0.000056 seconds)
  Building MPI subcommunicator for level  5... done (0.000025 seconds)
  Building MPI subcommunicator for level  6... done (0.000028 seconds)
  Building MPI subcommunicator for level  7... done (0.000021 seconds)
  Building MPI subcommunicator for level  8... done (0.000021 seconds)

  calculating D^{-1} exactly for level h=3.906250e-03 using  64 colors...  done (0.905216 seconds)
  calculating D^{-1} exactly for level h=7.812500e-03 using  64 colors...  done (0.120467 seconds)
  calculating D^{-1} exactly for level h=1.562500e-02 using  64 colors...  done (0.018818 seconds)
  calculating D^{-1} exactly for level h=3.125000e-02 using  64 colors...  done (0.006844 seconds)
  calculating D^{-1} exactly for level h=6.250000e-02 using  64 colors...  done (0.005334 seconds)
  calculating D^{-1} exactly for level h=1.250000e-01 using  64 colors...  done (0.001640 seconds)
  calculating D^{-1} exactly for level h=2.500000e-01 using  64 colors...  done (0.000923 seconds)
  calculating D^{-1} exactly for level h=5.000000e-01 using   8 colors...  done (0.000132 seconds)



===== Warming up by running 1 solves ==========================================
FMGSolve... f-cycle     norm=4.151187824908527e-08  rel=4.153376389499612e-08  done (1.252526 seconds)


===== Running 10 solves ========================================================
FMGSolve... f-cycle     norm=4.151187824908527e-08  rel=4.153376389499612e-08  done (1.292634 seconds)
FMGSolve... f-cycle     norm=4.151187824908527e-08  rel=4.153376389499612e-08  done (1.252572 seconds)
FMGSolve... f-cycle     norm=4.151187824908527e-08  rel=4.153376389499612e-08  done (1.264235 seconds)
FMGSolve... f-cycle     norm=4.151187824908527e-08  rel=4.153376389499612e-08  done (1.252101 seconds)
FMGSolve... f-cycle     norm=4.151187824908527e-08  rel=4.153376389499612e-08  done (1.262780 seconds)
FMGSolve... f-cycle     norm=4.151187824908527e-08  rel=4.153376389499612e-08  done (1.251110 seconds)
FMGSolve... f-cycle     norm=4.151187824908527e-08  rel=4.153376389499612e-08  done (1.258981 seconds)
FMGSolve... f-cycle     norm=4.151187824908527e-08  rel=4.153376389499612e-08  done (1.251867 seconds)
FMGSolve... f-cycle     norm=4.151187824908527e-08  rel=4.153376389499612e-08  done (1.268153 seconds)
FMGSolve... f-cycle     norm=4.151187824908527e-08  rel=4.153376389499612e-08  done (1.257893 seconds)


===== Timing Breakdown =========================================================


level                                0            1            2            3            4            5            6            7            8 
level dimension                  512^3        256^3        128^3         64^3         32^3         16^3          8^3          4^3          2^3 
box dimension                    256^3        128^3         64^3         32^3         16^3          8^3          8^3          4^3          2^3        total
------------------        ------------ ------------ ------------ ------------ ------------ ------------ ------------ ------------ ------------ ------------ 
smooth                        0.622707     0.226360     0.038119     0.005282     0.001415     0.001180     0.000882     0.000185     0.000000     0.896131
  max                         0.622707     0.226360     0.038473     0.005517     0.001415     0.001190     0.000882     0.000185     0.000000     0.896729
  min                         0.618908     0.225836     0.038119     0.005282     0.001314     0.001180     0.000000     0.000000     0.000000     0.890640
residual                      0.102757     0.020395     0.003750     0.000545     0.000131     0.000100     0.000081     0.000018     0.000011     0.127789
applyOp                       0.000000     0.000000     0.000000     0.000000     0.000000     0.000000     0.000000     0.000000     0.000024     0.000024
BLAS1                         0.045105     0.001460     0.000312     0.000070     0.000046     0.000059     0.000012     0.000005     0.000040     0.047109
BLAS3                         0.000000     0.000000     0.000000     0.000000     0.000000     0.000000     0.000000     0.000000     0.000000     0.000000
Boundary Conditions           0.015132     0.006615     0.002318     0.001178     0.000950     0.001020     0.001132     0.001242     0.000496     0.030084
Restriction                   0.016184     0.003080     0.000328     0.000092     0.000070     0.000233     0.000010     0.000005     0.000000     0.020003
  local restriction           0.016183     0.003077     0.000324     0.000090     0.000068     0.000082     0.000008     0.000004     0.000000     0.019836
  pack MPI buffers            0.000000     0.000000     0.000000     0.000000     0.000000     0.000000     0.000000     0.000000     0.000000     0.000000
  unpack MPI buffers          0.000000     0.000000     0.000000     0.000000     0.000000     0.000074     0.000000     0.000000     0.000000     0.000074
  MPI_Isend                   0.000000     0.000000     0.000000     0.000000     0.000000     0.000000     0.000000     0.000000     0.000000     0.000000
  MPI_Irecv                   0.000000     0.000000     0.000000     0.000000     0.000000     0.000004     0.000000     0.000000     0.000000     0.000004
  MPI_Waitall                 0.000000     0.000000     0.000000     0.000000     0.000000     0.000069     0.000000     0.000000     0.000000     0.000069
Interpolation                 0.037252     0.006726     0.000822     0.000191     0.000128     0.000202     0.000028     0.000020     0.000000     0.045370
  local interpolation         0.037250     0.006725     0.000821     0.000190     0.000127     0.000083     0.000027     0.000017     0.000000     0.045239
  pack MPI buffers            0.000000     0.000000     0.000000     0.000000     0.000000     0.000083     0.000000     0.000000     0.000000     0.000083
  unpack MPI buffers          0.000000     0.000000     0.000000     0.000000     0.000000     0.000000     0.000000     0.000000     0.000000     0.000000
  MPI_Isend                   0.000000     0.000000     0.000000     0.000000     0.000000     0.000032     0.000000     0.000000     0.000000     0.000032
  MPI_Irecv                   0.000000     0.000000     0.000000     0.000000     0.000000     0.000000     0.000000     0.000000     0.000000     0.000000
  MPI_Waitall                 0.000000     0.000000     0.000000     0.000000     0.000000     0.000002     0.000000     0.000000     0.000000     0.000002
Ghost Zone Exchange           0.054794     0.028819     0.009873     0.005059     0.003606     0.003468     0.000007     0.000007     0.000005     0.105638
  local exchange              0.021453     0.010239     0.002312     0.001529     0.001164     0.000966     0.000000     0.000000     0.000000     0.037664
  pack MPI buffers            0.001583     0.000942     0.000508     0.000656     0.000767     0.000990     0.000000     0.000000     0.000000     0.005446
  unpack MPI buffers          0.001613     0.001216     0.000977     0.000720     0.000852     0.001015     0.000000     0.000000     0.000000     0.006393
  MPI_Isend                   0.014512     0.007362     0.002954     0.000603     0.000184     0.000071     0.000000     0.000000     0.000000     0.025685
  MPI_Irecv                   0.000030     0.000048     0.000037     0.000016     0.000011     0.000013     0.000000     0.000000     0.000000     0.000156
  MPI_Waitall                 0.015588     0.008990     0.003062     0.001512     0.000600     0.000377     0.000000     0.000000     0.000000     0.030129
MPI_collectives               0.000912     0.000000     0.000000     0.000000     0.000000     0.000000     0.000000     0.000000     0.000044     0.000955
------------------        ------------ ------------ ------------ ------------ ------------ ------------ ------------ ------------ ------------ ------------ 
Total by level                0.886531     0.290865     0.054913     0.012264     0.006379     0.006011     0.002170     0.001518     0.000540     1.261190

   Total time in MGBuild      1.131461 seconds
   Total time in MGSolve      1.261225 seconds
      number of v-cycles             1
Bottom solver iterations            16




===== Performance Summary ======================================================
  h=1.953125000000000e-03  DOF=1.342177280000000e+08  time=1.261225  DOF/s=1.064e+08  MPI=2  OMP=28


===== Richardson error analysis ================================================
FMGSolve... f-cycle     norm=4.151187824908527e-08  rel=4.153376389499612e-08  done (1.250894 seconds)
FMGSolve... f-cycle     norm=5.144231718379189e-07  rel=5.155086782761839e-07  done (0.225306 seconds)
FMGSolve... f-cycle     norm=7.454875268653183e-06  rel=7.517955872287669e-06  done (0.039844 seconds)
  h=1.953125000000000e-03  ||error||=9.221160354386249e-10
  order=4.011


===== Deallocating memory ======================================================
attempting to free the restriction and interpolation lists... done
attempting to free the     2^3 level... done
attempting to free the     4^3 level... done
attempting to free the     8^3 level... done
attempting to free the    16^3 level... done
attempting to free the    32^3 level... done
attempting to free the    64^3 level... done
attempting to free the   128^3 level... done
attempting to free the   256^3 level... done
attempting to free the   512^3 level... done


===== Done =====================================================================
