

********************************************************************************
***                            HPGMG-FV Benchmark                            ***
********************************************************************************
Requested MPI_THREAD_FUNNELED, got MPI_THREAD_FUNNELED
2 MPI Tasks of 28 threads


===== Benchmark setup ==========================================================

attempting to create a 512^3 level from 8 x 256^3 boxes distributed among 2 tasks...
  boundary condition = BC_DIRICHLET
  Decomposing level via Z-mort ordering... done
  Allocating vectors... done
  Calculating boxes per process... target=4.000, max=4
  Creating Poisson (a=0.000000, b=1.000000) test problem
  calculating D^{-1} exactly for level h=1.953125e-03 using  64 colors...  done (4.984536 seconds)

attempting to create a 256^3 level from 8 x 128^3 boxes distributed among 2 tasks...
  boundary condition = BC_DIRICHLET
  Decomposing level via Z-mort ordering... done
  Allocating vectors... done
  Calculating boxes per process... target=4.000, max=4

attempting to create a 128^3 level from 8 x 64^3 boxes distributed among 2 tasks...
  boundary condition = BC_DIRICHLET
  Decomposing level via Z-mort ordering... done
  Allocating vectors... done
  Calculating boxes per process... target=4.000, max=4

attempting to create a 64^3 level from 8 x 32^3 boxes distributed among 2 tasks...
  boundary condition = BC_DIRICHLET
  Decomposing level via Z-mort ordering... done
  Allocating vectors... done
  Calculating boxes per process... target=4.000, max=4

attempting to create a 32^3 level from 8 x 16^3 boxes distributed among 2 tasks...
  boundary condition = BC_DIRICHLET
  Decomposing level via Z-mort ordering... done
  Allocating vectors... done
  Calculating boxes per process... target=4.000, max=4

attempting to create a 16^3 level from 8 x 8^3 boxes distributed among 2 tasks...
  boundary condition = BC_DIRICHLET
  Decomposing level via Z-mort ordering... done
  Allocating vectors... done
  Calculating boxes per process... target=4.000, max=4

attempting to create a 8^3 level from 1 x 8^3 boxes distributed among 2 tasks...
  boundary condition = BC_DIRICHLET
  Decomposing level via Z-mort ordering... done
  Allocating vectors... done
  Calculating boxes per process... target=0.500, max=1

attempting to create a 4^3 level from 1 x 4^3 boxes distributed among 2 tasks...
  boundary condition = BC_DIRICHLET
  Decomposing level via Z-mort ordering... done
  Allocating vectors... done
  Calculating boxes per process... target=0.500, max=1

attempting to create a 2^3 level from 1 x 2^3 boxes distributed among 2 tasks...
  boundary condition = BC_DIRICHLET
  Decomposing level via Z-mort ordering... done
  Allocating vectors... done
  Calculating boxes per process... target=0.500, max=1

  Building restriction and interpolation lists... done

  Building MPI subcommunicator for level  1... done (0.000547 seconds)
  Building MPI subcommunicator for level  2... done (0.000404 seconds)
  Building MPI subcommunicator for level  3... done (0.000351 seconds)
  Building MPI subcommunicator for level  4... done (0.000054 seconds)
  Building MPI subcommunicator for level  5... done (0.000025 seconds)
  Building MPI subcommunicator for level  6... done (0.000029 seconds)
  Building MPI subcommunicator for level  7... done (0.000022 seconds)
  Building MPI subcommunicator for level  8... done (0.000021 seconds)

  calculating D^{-1} exactly for level h=3.906250e-03 using  64 colors...  done (0.907498 seconds)
  calculating D^{-1} exactly for level h=7.812500e-03 using  64 colors...  done (0.120222 seconds)
  calculating D^{-1} exactly for level h=1.562500e-02 using  64 colors...  done (0.018583 seconds)
  calculating D^{-1} exactly for level h=3.125000e-02 using  64 colors...  done (0.006803 seconds)
  calculating D^{-1} exactly for level h=6.250000e-02 using  64 colors...  done (0.005190 seconds)
  calculating D^{-1} exactly for level h=1.250000e-01 using  64 colors...  done (0.001587 seconds)
  calculating D^{-1} exactly for level h=2.500000e-01 using  64 colors...  done (0.000813 seconds)
  calculating D^{-1} exactly for level h=5.000000e-01 using   8 colors...  done (0.000116 seconds)



===== Warming up by running 1 solves ==========================================
FMGSolve... f-cycle     norm=4.151187824908527e-08  rel=4.153376389499612e-08  done (1.264322 seconds)


===== Running 10 solves ========================================================
FMGSolve... f-cycle     norm=4.151187824908527e-08  rel=4.153376389499612e-08  done (1.262175 seconds)
FMGSolve... f-cycle     norm=4.151187824908527e-08  rel=4.153376389499612e-08  done (1.258702 seconds)
FMGSolve... f-cycle     norm=4.151187824908527e-08  rel=4.153376389499612e-08  done (1.273010 seconds)
FMGSolve... f-cycle     norm=4.151187824908527e-08  rel=4.153376389499612e-08  done (1.263866 seconds)
FMGSolve... f-cycle     norm=4.151187824908527e-08  rel=4.153376389499612e-08  done (1.258943 seconds)
FMGSolve... f-cycle     norm=4.151187824908527e-08  rel=4.153376389499612e-08  done (1.260139 seconds)
FMGSolve... f-cycle     norm=4.151187824908527e-08  rel=4.153376389499612e-08  done (1.260215 seconds)
FMGSolve... f-cycle     norm=4.151187824908527e-08  rel=4.153376389499612e-08  done (1.258704 seconds)
FMGSolve... f-cycle     norm=4.151187824908527e-08  rel=4.153376389499612e-08  done (1.260948 seconds)
FMGSolve... f-cycle     norm=4.151187824908527e-08  rel=4.153376389499612e-08  done (1.260059 seconds)


===== Timing Breakdown =========================================================


level                                0            1            2            3            4            5            6            7            8 
level dimension                  512^3        256^3        128^3         64^3         32^3         16^3          8^3          4^3          2^3 
box dimension                    256^3        128^3         64^3         32^3         16^3          8^3          8^3          4^3          2^3        total
------------------        ------------ ------------ ------------ ------------ ------------ ------------ ------------ ------------ ------------ ------------ 
smooth                        0.621158     0.227255     0.038173     0.005326     0.001434     0.001192     0.000894     0.000198     0.000000     0.895630
  max                         0.623964     0.228607     0.038377     0.005326     0.001434     0.001192     0.000894     0.000198     0.000000     0.899992
  min                         0.621158     0.227255     0.038173     0.005305     0.001301     0.001175     0.000000     0.000000     0.000000     0.894368
residual                      0.102411     0.020136     0.003747     0.000529     0.000128     0.000102     0.000080     0.000020     0.000012     0.127166
applyOp                       0.000000     0.000000     0.000000     0.000000     0.000000     0.000000     0.000000     0.000000     0.000026     0.000026
BLAS1                         0.045975     0.001484     0.000315     0.000067     0.000045     0.000058     0.000015     0.000005     0.000041     0.048006
BLAS3                         0.000000     0.000000     0.000000     0.000000     0.000000     0.000000     0.000000     0.000000     0.000000     0.000000
Boundary Conditions           0.015327     0.006753     0.002264     0.001147     0.000932     0.001008     0.001103     0.001159     0.000484     0.030176
Restriction                   0.016484     0.003153     0.000386     0.000092     0.000079     0.000275     0.000010     0.000005     0.000000     0.020483
  local restriction           0.016482     0.003150     0.000383     0.000089     0.000077     0.000077     0.000008     0.000004     0.000000     0.020269
  pack MPI buffers            0.000000     0.000000     0.000000     0.000000     0.000000     0.000000     0.000000     0.000000     0.000000     0.000000
  unpack MPI buffers          0.000000     0.000000     0.000000     0.000000     0.000000     0.000077     0.000000     0.000000     0.000000     0.000077
  MPI_Isend                   0.000000     0.000000     0.000000     0.000000     0.000000     0.000000     0.000000     0.000000     0.000000     0.000000
  MPI_Irecv                   0.000000     0.000000     0.000000     0.000000     0.000000     0.000007     0.000000     0.000000     0.000000     0.000007
  MPI_Waitall                 0.000000     0.000000     0.000000     0.000000     0.000000     0.000110     0.000000     0.000000     0.000000     0.000110
Interpolation                 0.037517     0.006758     0.000820     0.000188     0.000133     0.000204     0.000031     0.000023     0.000000     0.045673
  local interpolation         0.037516     0.006756     0.000818     0.000187     0.000131     0.000084     0.000029     0.000019     0.000000     0.045539
  pack MPI buffers            0.000000     0.000000     0.000000     0.000000     0.000000     0.000080     0.000000     0.000000     0.000000     0.000080
  unpack MPI buffers          0.000000     0.000000     0.000000     0.000000     0.000000     0.000000     0.000000     0.000000     0.000000     0.000000
  MPI_Isend                   0.000000     0.000000     0.000000     0.000000     0.000000     0.000035     0.000000     0.000000     0.000000     0.000035
  MPI_Irecv                   0.000000     0.000000     0.000000     0.000000     0.000000     0.000000     0.000000     0.000000     0.000000     0.000000
  MPI_Waitall                 0.000000     0.000000     0.000000     0.000000     0.000000     0.000002     0.000000     0.000000     0.000000     0.000002
Ghost Zone Exchange           0.055085     0.028028     0.010468     0.004815     0.003527     0.003333     0.000008     0.000008     0.000005     0.105278
  local exchange              0.021450     0.010195     0.002321     0.001545     0.001208     0.000976     0.000000     0.000000     0.000000     0.037695
  pack MPI buffers            0.001569     0.000965     0.000522     0.000639     0.000764     0.000950     0.000000     0.000000     0.000000     0.005407
  unpack MPI buffers          0.001653     0.001201     0.000956     0.000675     0.000848     0.000985     0.000000     0.000000     0.000000     0.006318
  MPI_Isend                   0.014646     0.007318     0.003078     0.000659     0.000206     0.000086     0.000000     0.000000     0.000000     0.025995
  MPI_Irecv                   0.000031     0.000048     0.000034     0.000016     0.000009     0.000010     0.000000     0.000000     0.000000     0.000148
  MPI_Waitall                 0.015721     0.008279     0.003535     0.001262     0.000466     0.000291     0.000000     0.000000     0.000000     0.029554
MPI_collectives               0.001398     0.000000     0.000000     0.000000     0.000000     0.000000     0.000000     0.000000     0.000047     0.001445
------------------        ------------ ------------ ------------ ------------ ------------ ------------ ------------ ------------ ------------ ------------ 
Total by level                0.886807     0.290840     0.055548     0.012050     0.006296     0.005940     0.002149     0.001452     0.000545     1.261626

   Total time in MGBuild      1.136279 seconds
   Total time in MGSolve      1.261666 seconds
      number of v-cycles             1
Bottom solver iterations            16




===== Performance Summary ======================================================
  h=1.953125000000000e-03  DOF=1.342177280000000e+08  time=1.261666  DOF/s=1.064e+08  MPI=2  OMP=28


===== Richardson error analysis ================================================
FMGSolve... f-cycle     norm=4.151187824908527e-08  rel=4.153376389499612e-08  done (1.260537 seconds)
FMGSolve... f-cycle     norm=5.144231718379189e-07  rel=5.155086782761839e-07  done (0.225272 seconds)
FMGSolve... f-cycle     norm=7.454875268653183e-06  rel=7.517955872287669e-06  done (0.039681 seconds)
  h=1.953125000000000e-03  ||error||=9.221160354386249e-10
  order=4.011


===== Deallocating memory ======================================================
attempting to free the restriction and interpolation lists... done
attempting to free the     2^3 level... done
attempting to free the     4^3 level... done
attempting to free the     8^3 level... done
attempting to free the    16^3 level... done
attempting to free the    32^3 level... done
attempting to free the    64^3 level... done
attempting to free the   128^3 level... done
attempting to free the   256^3 level... done
attempting to free the   512^3 level... done


===== Done =====================================================================
