

********************************************************************************
***                            HPGMG-FV Benchmark                            ***
********************************************************************************
Requested MPI_THREAD_FUNNELED, got MPI_THREAD_FUNNELED
2 MPI Tasks of 28 threads


===== Benchmark setup ==========================================================

attempting to create a 512^3 level from 8 x 256^3 boxes distributed among 2 tasks...
  boundary condition = BC_DIRICHLET
  Decomposing level via Z-mort ordering... done
  Allocating vectors... done
  Calculating boxes per process... target=4.000, max=4
  Creating Poisson (a=0.000000, b=1.000000) test problem
  calculating D^{-1} exactly for level h=1.953125e-03 using  64 colors...  done (4.841488 seconds)

attempting to create a 256^3 level from 8 x 128^3 boxes distributed among 2 tasks...
  boundary condition = BC_DIRICHLET
  Decomposing level via Z-mort ordering... done
  Allocating vectors... done
  Calculating boxes per process... target=4.000, max=4

attempting to create a 128^3 level from 8 x 64^3 boxes distributed among 2 tasks...
  boundary condition = BC_DIRICHLET
  Decomposing level via Z-mort ordering... done
  Allocating vectors... done
  Calculating boxes per process... target=4.000, max=4

attempting to create a 64^3 level from 8 x 32^3 boxes distributed among 2 tasks...
  boundary condition = BC_DIRICHLET
  Decomposing level via Z-mort ordering... done
  Allocating vectors... done
  Calculating boxes per process... target=4.000, max=4

attempting to create a 32^3 level from 8 x 16^3 boxes distributed among 2 tasks...
  boundary condition = BC_DIRICHLET
  Decomposing level via Z-mort ordering... done
  Allocating vectors... done
  Calculating boxes per process... target=4.000, max=4

attempting to create a 16^3 level from 8 x 8^3 boxes distributed among 2 tasks...
  boundary condition = BC_DIRICHLET
  Decomposing level via Z-mort ordering... done
  Allocating vectors... done
  Calculating boxes per process... target=4.000, max=4

attempting to create a 8^3 level from 1 x 8^3 boxes distributed among 2 tasks...
  boundary condition = BC_DIRICHLET
  Decomposing level via Z-mort ordering... done
  Allocating vectors... done
  Calculating boxes per process... target=0.500, max=1

attempting to create a 4^3 level from 1 x 4^3 boxes distributed among 2 tasks...
  boundary condition = BC_DIRICHLET
  Decomposing level via Z-mort ordering... done
  Allocating vectors... done
  Calculating boxes per process... target=0.500, max=1

attempting to create a 2^3 level from 1 x 2^3 boxes distributed among 2 tasks...
  boundary condition = BC_DIRICHLET
  Decomposing level via Z-mort ordering... done
  Allocating vectors... done
  Calculating boxes per process... target=0.500, max=1

  Building restriction and interpolation lists... done

  Building MPI subcommunicator for level  1... done (0.000499 seconds)
  Building MPI subcommunicator for level  2... done (0.000377 seconds)
  Building MPI subcommunicator for level  3... done (0.000364 seconds)
  Building MPI subcommunicator for level  4... done (0.000061 seconds)
  Building MPI subcommunicator for level  5... done (0.000025 seconds)
  Building MPI subcommunicator for level  6... done (0.000028 seconds)
  Building MPI subcommunicator for level  7... done (0.000022 seconds)
  Building MPI subcommunicator for level  8... done (0.000021 seconds)

  calculating D^{-1} exactly for level h=3.906250e-03 using  64 colors...  done (0.916698 seconds)
  calculating D^{-1} exactly for level h=7.812500e-03 using  64 colors...  done (0.121806 seconds)
  calculating D^{-1} exactly for level h=1.562500e-02 using  64 colors...  done (0.018506 seconds)
  calculating D^{-1} exactly for level h=3.125000e-02 using  64 colors...  done (0.006896 seconds)
  calculating D^{-1} exactly for level h=6.250000e-02 using  64 colors...  done (0.005317 seconds)
  calculating D^{-1} exactly for level h=1.250000e-01 using  64 colors...  done (0.001585 seconds)
  calculating D^{-1} exactly for level h=2.500000e-01 using  64 colors...  done (0.000826 seconds)
  calculating D^{-1} exactly for level h=5.000000e-01 using   8 colors...  done (0.000109 seconds)



===== Warming up by running 1 solves ==========================================
FMGSolve... f-cycle     norm=4.151187824908527e-08  rel=4.153376389499612e-08  done (1.331291 seconds)


===== Running 10 solves ========================================================
FMGSolve... f-cycle     norm=4.151187824908527e-08  rel=4.153376389499612e-08  done (1.289126 seconds)
FMGSolve... f-cycle     norm=4.151187824908527e-08  rel=4.153376389499612e-08  done (1.273039 seconds)
FMGSolve... f-cycle     norm=4.151187824908527e-08  rel=4.153376389499612e-08  done (1.278977 seconds)
FMGSolve... f-cycle     norm=4.151187824908527e-08  rel=4.153376389499612e-08  done (1.279441 seconds)
FMGSolve... f-cycle     norm=4.151187824908527e-08  rel=4.153376389499612e-08  done (1.287618 seconds)
FMGSolve... f-cycle     norm=4.151187824908527e-08  rel=4.153376389499612e-08  done (1.271293 seconds)
FMGSolve... f-cycle     norm=4.151187824908527e-08  rel=4.153376389499612e-08  done (1.273789 seconds)
FMGSolve... f-cycle     norm=4.151187824908527e-08  rel=4.153376389499612e-08  done (1.270494 seconds)
FMGSolve... f-cycle     norm=4.151187824908527e-08  rel=4.153376389499612e-08  done (1.272482 seconds)
FMGSolve... f-cycle     norm=4.151187824908527e-08  rel=4.153376389499612e-08  done (1.279196 seconds)


===== Timing Breakdown =========================================================


level                                0            1            2            3            4            5            6            7            8 
level dimension                  512^3        256^3        128^3         64^3         32^3         16^3          8^3          4^3          2^3 
box dimension                    256^3        128^3         64^3         32^3         16^3          8^3          8^3          4^3          2^3        total
------------------        ------------ ------------ ------------ ------------ ------------ ------------ ------------ ------------ ------------ ------------ 
smooth                        0.632751     0.229323     0.038509     0.005270     0.001348     0.001190     0.000897     0.000208     0.000000     0.909496
  max                         0.633775     0.230363     0.038741     0.005270     0.001348     0.001190     0.000897     0.000208     0.000000     0.911792
  min                         0.632751     0.229323     0.038509     0.005246     0.001280     0.001172     0.000000     0.000000     0.000000     0.908281
residual                      0.103260     0.020122     0.003775     0.000528     0.000130     0.000101     0.000081     0.000020     0.000011     0.128029
applyOp                       0.000000     0.000000     0.000000     0.000000     0.000000     0.000000     0.000000     0.000000     0.000027     0.000027
BLAS1                         0.047586     0.001532     0.000306     0.000073     0.000043     0.000058     0.000015     0.000005     0.000040     0.049658
BLAS3                         0.000000     0.000000     0.000000     0.000000     0.000000     0.000000     0.000000     0.000000     0.000000     0.000000
Boundary Conditions           0.015204     0.006634     0.002234     0.001161     0.000914     0.000943     0.001036     0.001234     0.000484     0.029845
Restriction                   0.016947     0.003236     0.000331     0.000092     0.000082     0.000246     0.000010     0.000006     0.000000     0.020950
  local restriction           0.016943     0.003232     0.000328     0.000091     0.000080     0.000084     0.000008     0.000004     0.000000     0.020770
  pack MPI buffers            0.000000     0.000000     0.000000     0.000000     0.000000     0.000000     0.000000     0.000000     0.000000     0.000000
  unpack MPI buffers          0.000000     0.000000     0.000000     0.000000     0.000000     0.000080     0.000000     0.000000     0.000000     0.000080
  MPI_Isend                   0.000000     0.000000     0.000000     0.000000     0.000000     0.000000     0.000000     0.000000     0.000000     0.000000
  MPI_Irecv                   0.000000     0.000000     0.000000     0.000000     0.000000     0.000004     0.000000     0.000000     0.000000     0.000004
  MPI_Waitall                 0.000000     0.000000     0.000000     0.000000     0.000000     0.000074     0.000000     0.000000     0.000000     0.000074
Interpolation                 0.037834     0.006860     0.000807     0.000184     0.000133     0.000216     0.000033     0.000024     0.000000     0.046090
  local interpolation         0.037832     0.006858     0.000805     0.000183     0.000131     0.000089     0.000031     0.000021     0.000000     0.045950
  pack MPI buffers            0.000000     0.000000     0.000000     0.000000     0.000000     0.000084     0.000000     0.000000     0.000000     0.000084
  unpack MPI buffers          0.000000     0.000000     0.000000     0.000000     0.000000     0.000000     0.000000     0.000000     0.000000     0.000000
  MPI_Isend                   0.000000     0.000000     0.000000     0.000000     0.000000     0.000035     0.000000     0.000000     0.000000     0.000035
  MPI_Irecv                   0.000000     0.000000     0.000000     0.000000     0.000000     0.000000     0.000000     0.000000     0.000000     0.000000
  MPI_Waitall                 0.000000     0.000000     0.000000     0.000000     0.000000     0.000002     0.000000     0.000000     0.000000     0.000002
Ghost Zone Exchange           0.055071     0.027867     0.010127     0.004887     0.003654     0.003480     0.000010     0.000006     0.000005     0.105107
  local exchange              0.021535     0.010132     0.002329     0.001553     0.001241     0.001022     0.000000     0.000000     0.000000     0.037812
  pack MPI buffers            0.001516     0.000939     0.000513     0.000622     0.000799     0.000992     0.000000     0.000000     0.000000     0.005381
  unpack MPI buffers          0.001544     0.001239     0.000949     0.000730     0.000849     0.000979     0.000000     0.000000     0.000000     0.006290
  MPI_Isend                   0.014545     0.007305     0.002972     0.000689     0.000221     0.000100     0.000000     0.000000     0.000000     0.025832
  MPI_Irecv                   0.000031     0.000045     0.000035     0.000016     0.000010     0.000014     0.000000     0.000000     0.000000     0.000152
  MPI_Waitall                 0.015888     0.008190     0.003307     0.001252     0.000503     0.000333     0.000000     0.000000     0.000000     0.029472
MPI_collectives               0.000999     0.000000     0.000000     0.000000     0.000000     0.000000     0.000000     0.000000     0.000044     0.001043
------------------        ------------ ------------ ------------ ------------ ------------ ------------ ------------ ------------ ------------ ------------ 
Total by level                0.900583     0.292843     0.055483     0.012077     0.006325     0.005995     0.002111     0.001542     0.000536     1.277494

   Total time in MGBuild      1.149575 seconds
   Total time in MGSolve      1.277534 seconds
      number of v-cycles             1
Bottom solver iterations            16




===== Performance Summary ======================================================
  h=1.953125000000000e-03  DOF=1.342177280000000e+08  time=1.277534  DOF/s=1.051e+08  MPI=2  OMP=28


===== Richardson error analysis ================================================
FMGSolve... f-cycle     norm=4.151187824908527e-08  rel=4.153376389499612e-08  done (1.273175 seconds)
FMGSolve... f-cycle     norm=5.144231718379189e-07  rel=5.155086782761839e-07  done (0.226707 seconds)
FMGSolve... f-cycle     norm=7.454875268653183e-06  rel=7.517955872287669e-06  done (0.040028 seconds)
  h=1.953125000000000e-03  ||error||=9.221160354386249e-10
  order=4.011


===== Deallocating memory ======================================================
attempting to free the restriction and interpolation lists... done
attempting to free the     2^3 level... done
attempting to free the     4^3 level... done
attempting to free the     8^3 level... done
attempting to free the    16^3 level... done
attempting to free the    32^3 level... done
attempting to free the    64^3 level... done
attempting to free the   128^3 level... done
attempting to free the   256^3 level... done
attempting to free the   512^3 level... done


===== Done =====================================================================
