

********************************************************************************
***                            HPGMG-FV Benchmark                            ***
********************************************************************************
Requested MPI_THREAD_FUNNELED, got MPI_THREAD_FUNNELED
2 MPI Tasks of 28 threads


===== Benchmark setup ==========================================================

attempting to create a 512^3 level from 8 x 256^3 boxes distributed among 2 tasks...
  boundary condition = BC_DIRICHLET
  Decomposing level via Z-mort ordering... done
  Allocating vectors... done
  Calculating boxes per process... target=4.000, max=4
  Creating Poisson (a=0.000000, b=1.000000) test problem
  calculating D^{-1} exactly for level h=1.953125e-03 using  64 colors...  done (4.208116 seconds)

attempting to create a 256^3 level from 8 x 128^3 boxes distributed among 2 tasks...
  boundary condition = BC_DIRICHLET
  Decomposing level via Z-mort ordering... done
  Allocating vectors... done
  Calculating boxes per process... target=4.000, max=4

attempting to create a 128^3 level from 8 x 64^3 boxes distributed among 2 tasks...
  boundary condition = BC_DIRICHLET
  Decomposing level via Z-mort ordering... done
  Allocating vectors... done
  Calculating boxes per process... target=4.000, max=4

attempting to create a 64^3 level from 8 x 32^3 boxes distributed among 2 tasks...
  boundary condition = BC_DIRICHLET
  Decomposing level via Z-mort ordering... done
  Allocating vectors... done
  Calculating boxes per process... target=4.000, max=4

attempting to create a 32^3 level from 8 x 16^3 boxes distributed among 2 tasks...
  boundary condition = BC_DIRICHLET
  Decomposing level via Z-mort ordering... done
  Allocating vectors... done
  Calculating boxes per process... target=4.000, max=4

attempting to create a 16^3 level from 8 x 8^3 boxes distributed among 2 tasks...
  boundary condition = BC_DIRICHLET
  Decomposing level via Z-mort ordering... done
  Allocating vectors... done
  Calculating boxes per process... target=4.000, max=4

attempting to create a 8^3 level from 1 x 8^3 boxes distributed among 2 tasks...
  boundary condition = BC_DIRICHLET
  Decomposing level via Z-mort ordering... done
  Allocating vectors... done
  Calculating boxes per process... target=0.500, max=1

attempting to create a 4^3 level from 1 x 4^3 boxes distributed among 2 tasks...
  boundary condition = BC_DIRICHLET
  Decomposing level via Z-mort ordering... done
  Allocating vectors... done
  Calculating boxes per process... target=0.500, max=1

attempting to create a 2^3 level from 1 x 2^3 boxes distributed among 2 tasks...
  boundary condition = BC_DIRICHLET
  Decomposing level via Z-mort ordering... done
  Allocating vectors... done
  Calculating boxes per process... target=0.500, max=1

  Building restriction and interpolation lists... done

  Building MPI subcommunicator for level  1... done (0.000524 seconds)
  Building MPI subcommunicator for level  2... done (0.000084 seconds)
  Building MPI subcommunicator for level  3... done (0.000346 seconds)
  Building MPI subcommunicator for level  4... done (0.000361 seconds)
  Building MPI subcommunicator for level  5... done (0.000025 seconds)
  Building MPI subcommunicator for level  6... done (0.000030 seconds)
  Building MPI subcommunicator for level  7... done (0.000022 seconds)
  Building MPI subcommunicator for level  8... done (0.000021 seconds)

  calculating D^{-1} exactly for level h=3.906250e-03 using  64 colors...  done (0.534034 seconds)
  calculating D^{-1} exactly for level h=7.812500e-03 using  64 colors...  done (0.077135 seconds)
  calculating D^{-1} exactly for level h=1.562500e-02 using  64 colors...  done (0.015508 seconds)
  calculating D^{-1} exactly for level h=3.125000e-02 using  64 colors...  done (0.006338 seconds)
  calculating D^{-1} exactly for level h=6.250000e-02 using  64 colors...  done (0.004457 seconds)
  calculating D^{-1} exactly for level h=1.250000e-01 using  64 colors...  done (0.001491 seconds)
  calculating D^{-1} exactly for level h=2.500000e-01 using  64 colors...  done (0.000784 seconds)
  calculating D^{-1} exactly for level h=5.000000e-01 using   8 colors...  done (0.000083 seconds)



===== Warming up by running 1 solves ==========================================
FMGSolve... f-cycle     norm=4.151187824908527e-08  rel=4.153376389499612e-08  done (1.048424 seconds)


===== Running 10 solves ========================================================
FMGSolve... f-cycle     norm=4.151187824908527e-08  rel=4.153376389499612e-08  done (1.042243 seconds)
FMGSolve... f-cycle     norm=4.151187824908527e-08  rel=4.153376389499612e-08  done (1.041323 seconds)
FMGSolve... f-cycle     norm=4.151187824908527e-08  rel=4.153376389499612e-08  done (1.042608 seconds)
FMGSolve... f-cycle     norm=4.151187824908527e-08  rel=4.153376389499612e-08  done (1.043403 seconds)
FMGSolve... f-cycle     norm=4.151187824908527e-08  rel=4.153376389499612e-08  done (1.043067 seconds)
FMGSolve... f-cycle     norm=4.151187824908527e-08  rel=4.153376389499612e-08  done (1.044304 seconds)
FMGSolve... f-cycle     norm=4.151187824908527e-08  rel=4.153376389499612e-08  done (1.050671 seconds)
FMGSolve... f-cycle     norm=4.151187824908527e-08  rel=4.153376389499612e-08  done (1.046370 seconds)
FMGSolve... f-cycle     norm=4.151187824908527e-08  rel=4.153376389499612e-08  done (1.044067 seconds)
FMGSolve... f-cycle     norm=4.151187824908527e-08  rel=4.153376389499612e-08  done (1.044560 seconds)


===== Timing Breakdown =========================================================


level                                0            1            2            3            4            5            6            7            8 
level dimension                  512^3        256^3        128^3         64^3         32^3         16^3          8^3          4^3          2^3 
box dimension                    256^3        128^3         64^3         32^3         16^3          8^3          8^3          4^3          2^3        total
------------------        ------------ ------------ ------------ ------------ ------------ ------------ ------------ ------------ ------------ ------------ 
smooth                        0.585644     0.139462     0.022998     0.004250     0.001389     0.001211     0.000893     0.000190     0.000000     0.756036
  max                         0.585644     0.139822     0.022998     0.004250     0.001389     0.001211     0.000893     0.000190     0.000000     0.756396
  min                         0.581970     0.139462     0.022923     0.004229     0.001288     0.001200     0.000000     0.000000     0.000000     0.751071
residual                      0.087007     0.010801     0.002150     0.000435     0.000132     0.000105     0.000081     0.000019     0.000010     0.100740
applyOp                       0.000000     0.000000     0.000000     0.000000     0.000000     0.000000     0.000000     0.000000     0.000023     0.000023
BLAS1                         0.037757     0.001238     0.000242     0.000069     0.000043     0.000047     0.000012     0.000006     0.000042     0.039456
BLAS3                         0.000000     0.000000     0.000000     0.000000     0.000000     0.000000     0.000000     0.000000     0.000000     0.000000
Boundary Conditions           0.011448     0.004802     0.001823     0.001084     0.000870     0.000767     0.000882     0.000908     0.000366     0.022950
Restriction                   0.013511     0.002586     0.000312     0.000088     0.000068     0.000236     0.000010     0.000005     0.000000     0.016816
  local restriction           0.013508     0.002583     0.000308     0.000086     0.000067     0.000062     0.000008     0.000003     0.000000     0.016626
  pack MPI buffers            0.000000     0.000000     0.000000     0.000000     0.000000     0.000000     0.000000     0.000000     0.000000     0.000000
  unpack MPI buffers          0.000000     0.000000     0.000000     0.000000     0.000000     0.000063     0.000000     0.000000     0.000000     0.000063
  MPI_Isend                   0.000000     0.000000     0.000000     0.000000     0.000000     0.000000     0.000000     0.000000     0.000000     0.000000
  MPI_Irecv                   0.000000     0.000000     0.000000     0.000000     0.000000     0.000006     0.000000     0.000000     0.000000     0.000006
  MPI_Waitall                 0.000000     0.000000     0.000000     0.000000     0.000000     0.000101     0.000000     0.000000     0.000000     0.000101
Interpolation                 0.025625     0.004493     0.000633     0.000186     0.000131     0.000183     0.000028     0.000021     0.000000     0.031299
  local interpolation         0.025623     0.004491     0.000632     0.000185     0.000130     0.000078     0.000026     0.000017     0.000000     0.031182
  pack MPI buffers            0.000000     0.000000     0.000000     0.000000     0.000000     0.000069     0.000000     0.000000     0.000000     0.000069
  unpack MPI buffers          0.000000     0.000000     0.000000     0.000000     0.000000     0.000000     0.000000     0.000000     0.000000     0.000000
  MPI_Isend                   0.000000     0.000000     0.000000     0.000000     0.000000     0.000032     0.000000     0.000000     0.000000     0.000032
  MPI_Irecv                   0.000000     0.000000     0.000000     0.000000     0.000000     0.000000     0.000000     0.000000     0.000000     0.000000
  MPI_Waitall                 0.000000     0.000000     0.000000     0.000000     0.000000     0.000001     0.000000     0.000000     0.000000     0.000001
Ghost Zone Exchange           0.044629     0.023215     0.009694     0.004299     0.003135     0.002635     0.000009     0.000010     0.000003     0.087628
  local exchange              0.012523     0.006172     0.002393     0.001605     0.001214     0.000819     0.000000     0.000000     0.000000     0.024725
  pack MPI buffers            0.001439     0.000987     0.000525     0.000444     0.000577     0.000689     0.000000     0.000000     0.000000     0.004661
  unpack MPI buffers          0.001539     0.001253     0.000970     0.000584     0.000684     0.000754     0.000000     0.000000     0.000000     0.005785
  MPI_Isend                   0.014712     0.007534     0.002919     0.000580     0.000177     0.000067     0.000000     0.000000     0.000000     0.025989
  MPI_Irecv                   0.000035     0.000063     0.000046     0.000019     0.000015     0.000015     0.000000     0.000000     0.000000     0.000193
  MPI_Waitall                 0.014368     0.007183     0.002820     0.001042     0.000443     0.000255     0.000000     0.000000     0.000000     0.026112
MPI_collectives               0.000044     0.000000     0.000000     0.000000     0.000000     0.000000     0.000000     0.000000     0.000052     0.000096
------------------        ------------ ------------ ------------ ------------ ------------ ------------ ------------ ------------ ------------ ------------ 
Total by level                0.797846     0.184488     0.037277     0.010288     0.005744     0.004995     0.001927     0.001190     0.000445     1.044201

   Total time in MGBuild      0.707815 seconds
   Total time in MGSolve      1.044247 seconds
      number of v-cycles             1
Bottom solver iterations            16




===== Performance Summary ======================================================
  h=1.953125000000000e-03  DOF=1.342177280000000e+08  time=1.044247  DOF/s=1.285e+08  MPI=2  OMP=28


===== Richardson error analysis ================================================
FMGSolve... f-cycle     norm=4.151187824908527e-08  rel=4.153376389499612e-08  done (1.045441 seconds)
FMGSolve... f-cycle     norm=5.144231718379189e-07  rel=5.155086782761839e-07  done (0.150505 seconds)
FMGSolve... f-cycle     norm=7.454875268653183e-06  rel=7.517955872287669e-06  done (0.031019 seconds)
  h=1.953125000000000e-03  ||error||=9.221160354386249e-10
  order=4.011


===== Deallocating memory ======================================================
attempting to free the restriction and interpolation lists... done
attempting to free the     2^3 level... done
attempting to free the     4^3 level... done
attempting to free the     8^3 level... done
attempting to free the    16^3 level... done
attempting to free the    32^3 level... done
attempting to free the    64^3 level... done
attempting to free the   128^3 level... done
attempting to free the   256^3 level... done
attempting to free the   512^3 level... done


===== Done =====================================================================
