

********************************************************************************
***                            HPGMG-FV Benchmark                            ***
********************************************************************************
Requested MPI_THREAD_FUNNELED, got MPI_THREAD_FUNNELED
2 MPI Tasks of 28 threads


===== Benchmark setup ==========================================================

attempting to create a 512^3 level from 8 x 256^3 boxes distributed among 2 tasks...
  boundary condition = BC_DIRICHLET
  Decomposing level via Z-mort ordering... done
  Allocating vectors... done
  Calculating boxes per process... target=4.000, max=4
  Creating Poisson (a=0.000000, b=1.000000) test problem
  calculating D^{-1} exactly for level h=1.953125e-03 using  64 colors...  done (21.920989 seconds)

attempting to create a 256^3 level from 8 x 128^3 boxes distributed among 2 tasks...
  boundary condition = BC_DIRICHLET
  Decomposing level via Z-mort ordering... done
  Allocating vectors... done
  Calculating boxes per process... target=4.000, max=4

attempting to create a 128^3 level from 8 x 64^3 boxes distributed among 2 tasks...
  boundary condition = BC_DIRICHLET
  Decomposing level via Z-mort ordering... done
  Allocating vectors... done
  Calculating boxes per process... target=4.000, max=4

attempting to create a 64^3 level from 8 x 32^3 boxes distributed among 2 tasks...
  boundary condition = BC_DIRICHLET
  Decomposing level via Z-mort ordering... done
  Allocating vectors... done
  Calculating boxes per process... target=4.000, max=4

attempting to create a 32^3 level from 8 x 16^3 boxes distributed among 2 tasks...
  boundary condition = BC_DIRICHLET
  Decomposing level via Z-mort ordering... done
  Allocating vectors... done
  Calculating boxes per process... target=4.000, max=4

attempting to create a 16^3 level from 8 x 8^3 boxes distributed among 2 tasks...
  boundary condition = BC_DIRICHLET
  Decomposing level via Z-mort ordering... done
  Allocating vectors... done
  Calculating boxes per process... target=4.000, max=4

attempting to create a 8^3 level from 1 x 8^3 boxes distributed among 2 tasks...
  boundary condition = BC_DIRICHLET
  Decomposing level via Z-mort ordering... done
  Allocating vectors... done
  Calculating boxes per process... target=0.500, max=1

attempting to create a 4^3 level from 1 x 4^3 boxes distributed among 2 tasks...
  boundary condition = BC_DIRICHLET
  Decomposing level via Z-mort ordering... done
  Allocating vectors... done
  Calculating boxes per process... target=0.500, max=1

attempting to create a 2^3 level from 1 x 2^3 boxes distributed among 2 tasks...
  boundary condition = BC_DIRICHLET
  Decomposing level via Z-mort ordering... done
  Allocating vectors... done
  Calculating boxes per process... target=0.500, max=1

  Building restriction and interpolation lists... done

  Building MPI subcommunicator for level  1... done (0.000423 seconds)
  Building MPI subcommunicator for level  2... done (0.000321 seconds)
  Building MPI subcommunicator for level  3... done (0.000278 seconds)
  Building MPI subcommunicator for level  4... done (0.000292 seconds)
  Building MPI subcommunicator for level  5... done (0.000025 seconds)
  Building MPI subcommunicator for level  6... done (0.000026 seconds)
  Building MPI subcommunicator for level  7... done (0.000022 seconds)
  Building MPI subcommunicator for level  8... done (0.000021 seconds)

  calculating D^{-1} exactly for level h=3.906250e-03 using  64 colors...  done (2.885090 seconds)
  calculating D^{-1} exactly for level h=7.812500e-03 using  64 colors...  done (0.379761 seconds)
  calculating D^{-1} exactly for level h=1.562500e-02 using  64 colors...  done (0.057340 seconds)
  calculating D^{-1} exactly for level h=3.125000e-02 using  64 colors...  done (0.011934 seconds)
  calculating D^{-1} exactly for level h=6.250000e-02 using  64 colors...  done (0.004431 seconds)
  calculating D^{-1} exactly for level h=1.250000e-01 using  64 colors...  done (0.001582 seconds)
  calculating D^{-1} exactly for level h=2.500000e-01 using  64 colors...  done (0.000685 seconds)
  calculating D^{-1} exactly for level h=5.000000e-01 using   8 colors...  done (0.000077 seconds)



===== Warming up by running 1 solves ==========================================
FMGSolve... f-cycle     norm=4.151187824908527e-08  rel=4.153376389499612e-08  done (4.679046 seconds)


===== Running 10 solves ========================================================
FMGSolve... f-cycle     norm=4.151187824908527e-08  rel=4.153376389499612e-08  done (4.679127 seconds)
FMGSolve... f-cycle     norm=4.151187824908527e-08  rel=4.153376389499612e-08  done (4.675923 seconds)
FMGSolve... f-cycle     norm=4.151187824908527e-08  rel=4.153376389499612e-08  done (4.690250 seconds)
FMGSolve... f-cycle     norm=4.151187824908527e-08  rel=4.153376389499612e-08  done (4.684580 seconds)
FMGSolve... f-cycle     norm=4.151187824908527e-08  rel=4.153376389499612e-08  done (4.676874 seconds)
FMGSolve... f-cycle     norm=4.151187824908527e-08  rel=4.153376389499612e-08  done (4.676760 seconds)
FMGSolve... f-cycle     norm=4.151187824908527e-08  rel=4.153376389499612e-08  done (4.681174 seconds)
FMGSolve... f-cycle     norm=4.151187824908527e-08  rel=4.153376389499612e-08  done (4.679775 seconds)
FMGSolve... f-cycle     norm=4.151187824908527e-08  rel=4.153376389499612e-08  done (4.681053 seconds)
FMGSolve... f-cycle     norm=4.151187824908527e-08  rel=4.153376389499612e-08  done (4.684399 seconds)


===== Timing Breakdown =========================================================


level                                0            1            2            3            4            5            6            7            8 
level dimension                  512^3        256^3        128^3         64^3         32^3         16^3          8^3          4^3          2^3 
box dimension                    256^3        128^3         64^3         32^3         16^3          8^3          8^3          4^3          2^3        total
------------------        ------------ ------------ ------------ ------------ ------------ ------------ ------------ ------------ ------------ ------------ 
smooth                        2.691189     0.680044     0.127324     0.021035     0.003809     0.001061     0.000803     0.000171     0.000000     3.525435
  max                         2.702997     0.682041     0.127324     0.021069     0.003838     0.001066     0.000803     0.000171     0.000000     3.539309
  min                         2.691189     0.680044     0.127267     0.021035     0.003809     0.001061     0.000000     0.000000     0.000000     3.524405
residual                      0.538256     0.069277     0.013193     0.002209     0.000386     0.000094     0.000077     0.000016     0.000009     0.623518
applyOp                       0.000000     0.000000     0.000000     0.000000     0.000000     0.000000     0.000000     0.000000     0.000022     0.000022
BLAS1                         0.087721     0.002665     0.000795     0.000209     0.000085     0.000040     0.000011     0.000004     0.000046     0.091575
BLAS3                         0.000000     0.000000     0.000000     0.000000     0.000000     0.000000     0.000000     0.000000     0.000000     0.000000
Boundary Conditions           0.032801     0.018494     0.005960     0.002818     0.001876     0.001098     0.001026     0.000907     0.000278     0.065259
Restriction                   0.031465     0.006044     0.000910     0.000158     0.000065     0.000822     0.000009     0.000005     0.000000     0.039479
  local restriction           0.031463     0.006041     0.000908     0.000156     0.000063     0.000048     0.000007     0.000003     0.000000     0.038690
  pack MPI buffers            0.000000     0.000000     0.000000     0.000000     0.000000     0.000000     0.000000     0.000000     0.000000     0.000000
  unpack MPI buffers          0.000000     0.000000     0.000000     0.000000     0.000000     0.000050     0.000000     0.000000     0.000000     0.000050
  MPI_Isend                   0.000000     0.000000     0.000000     0.000000     0.000000     0.000000     0.000000     0.000000     0.000000     0.000000
  MPI_Irecv                   0.000000     0.000000     0.000000     0.000000     0.000000     0.000004     0.000000     0.000000     0.000000     0.000004
  MPI_Waitall                 0.000000     0.000000     0.000000     0.000000     0.000000     0.000717     0.000000     0.000000     0.000000     0.000717
Interpolation                 0.118244     0.019609     0.003013     0.000529     0.000124     0.000160     0.000026     0.000018     0.000000     0.141724
  local interpolation         0.118243     0.019608     0.003012     0.000527     0.000123     0.000064     0.000025     0.000015     0.000000     0.141617
  pack MPI buffers            0.000000     0.000000     0.000000     0.000000     0.000000     0.000060     0.000000     0.000000     0.000000     0.000060
  unpack MPI buffers          0.000000     0.000000     0.000000     0.000000     0.000000     0.000000     0.000000     0.000000     0.000000     0.000000
  MPI_Isend                   0.000000     0.000000     0.000000     0.000000     0.000000     0.000031     0.000000     0.000000     0.000000     0.000031
  MPI_Irecv                   0.000000     0.000000     0.000000     0.000000     0.000000     0.000000     0.000000     0.000000     0.000000     0.000000
  MPI_Waitall                 0.000000     0.000000     0.000000     0.000000     0.000000     0.000002     0.000000     0.000000     0.000000     0.000002
Ghost Zone Exchange           0.110191     0.058883     0.018183     0.005935     0.003697     0.002547     0.000009     0.000005     0.000004     0.199455
  local exchange              0.070849     0.034870     0.008491     0.002661     0.001848     0.000973     0.000000     0.000000     0.000000     0.119692
  pack MPI buffers            0.003683     0.002175     0.001129     0.000693     0.000603     0.000607     0.000000     0.000000     0.000000     0.008890
  unpack MPI buffers          0.003409     0.002119     0.001259     0.000707     0.000630     0.000594     0.000000     0.000000     0.000000     0.008719
  MPI_Isend                   0.015183     0.007188     0.002580     0.000511     0.000146     0.000055     0.000000     0.000000     0.000000     0.025663
  MPI_Irecv                   0.000038     0.000056     0.000034     0.000027     0.000015     0.000009     0.000000     0.000000     0.000000     0.000179
  MPI_Waitall                 0.017015     0.012455     0.004673     0.001308     0.000418     0.000260     0.000000     0.000000     0.000000     0.036129
MPI_collectives               0.012839     0.000000     0.000000     0.000000     0.000000     0.000000     0.000000     0.000000     0.000045     0.012884
------------------        ------------ ------------ ------------ ------------ ------------ ------------ ------------ ------------ ------------ ------------ 
Total by level                3.612031     0.849469     0.167817     0.032589     0.009915     0.005631     0.001973     0.001153     0.000370     4.680949

   Total time in MGBuild      3.466406 seconds
   Total time in MGSolve      4.680985 seconds
      number of v-cycles             1
Bottom solver iterations            16




===== Performance Summary ======================================================
  h=1.953125000000000e-03  DOF=1.342177280000000e+08  time=4.680985  DOF/s=2.867e+07  MPI=2  OMP=28


===== Richardson error analysis ================================================
FMGSolve... f-cycle     norm=4.151187824908527e-08  rel=4.153376389499612e-08  done (4.680127 seconds)
FMGSolve... f-cycle     norm=5.144231718379189e-07  rel=5.155086782761839e-07  done (0.631136 seconds)
FMGSolve... f-cycle     norm=7.454875268653183e-06  rel=7.517955872287669e-06  done (0.092905 seconds)
  h=1.953125000000000e-03  ||error||=9.221160354386249e-10
  order=4.011


===== Deallocating memory ======================================================
attempting to free the restriction and interpolation lists... done
attempting to free the     2^3 level... done
attempting to free the     4^3 level... done
attempting to free the     8^3 level... done
attempting to free the    16^3 level... done
attempting to free the    32^3 level... done
attempting to free the    64^3 level... done
attempting to free the   128^3 level... done
attempting to free the   256^3 level... done
attempting to free the   512^3 level... done


===== Done =====================================================================
