

********************************************************************************
***                            HPGMG-FV Benchmark                            ***
********************************************************************************
Requested MPI_THREAD_FUNNELED, got MPI_THREAD_FUNNELED
2 MPI Tasks of 28 threads


===== Benchmark setup ==========================================================

attempting to create a 512^3 level from 8 x 256^3 boxes distributed among 2 tasks...
  boundary condition = BC_DIRICHLET
  Decomposing level via Z-mort ordering... done
  Allocating vectors... done
  Calculating boxes per process... target=4.000, max=4
  Creating Poisson (a=0.000000, b=1.000000) test problem
  calculating D^{-1} exactly for level h=1.953125e-03 using  64 colors...  done (12.163043 seconds)

attempting to create a 256^3 level from 8 x 128^3 boxes distributed among 2 tasks...
  boundary condition = BC_DIRICHLET
  Decomposing level via Z-mort ordering... done
  Allocating vectors... done
  Calculating boxes per process... target=4.000, max=4

attempting to create a 128^3 level from 8 x 64^3 boxes distributed among 2 tasks...
  boundary condition = BC_DIRICHLET
  Decomposing level via Z-mort ordering... done
  Allocating vectors... done
  Calculating boxes per process... target=4.000, max=4

attempting to create a 64^3 level from 8 x 32^3 boxes distributed among 2 tasks...
  boundary condition = BC_DIRICHLET
  Decomposing level via Z-mort ordering... done
  Allocating vectors... done
  Calculating boxes per process... target=4.000, max=4

attempting to create a 32^3 level from 8 x 16^3 boxes distributed among 2 tasks...
  boundary condition = BC_DIRICHLET
  Decomposing level via Z-mort ordering... done
  Allocating vectors... done
  Calculating boxes per process... target=4.000, max=4

attempting to create a 16^3 level from 8 x 8^3 boxes distributed among 2 tasks...
  boundary condition = BC_DIRICHLET
  Decomposing level via Z-mort ordering... done
  Allocating vectors... done
  Calculating boxes per process... target=4.000, max=4

attempting to create a 8^3 level from 1 x 8^3 boxes distributed among 2 tasks...
  boundary condition = BC_DIRICHLET
  Decomposing level via Z-mort ordering... done
  Allocating vectors... done
  Calculating boxes per process... target=0.500, max=1

attempting to create a 4^3 level from 1 x 4^3 boxes distributed among 2 tasks...
  boundary condition = BC_DIRICHLET
  Decomposing level via Z-mort ordering... done
  Allocating vectors... done
  Calculating boxes per process... target=0.500, max=1

attempting to create a 2^3 level from 1 x 2^3 boxes distributed among 2 tasks...
  boundary condition = BC_DIRICHLET
  Decomposing level via Z-mort ordering... done
  Allocating vectors... done
  Calculating boxes per process... target=0.500, max=1

  Building restriction and interpolation lists... done

  Building MPI subcommunicator for level  1... done (0.000467 seconds)
  Building MPI subcommunicator for level  2... done (0.000083 seconds)
  Building MPI subcommunicator for level  3... done (0.000266 seconds)
  Building MPI subcommunicator for level  4... done (0.000052 seconds)
  Building MPI subcommunicator for level  5... done (0.000026 seconds)
  Building MPI subcommunicator for level  6... done (0.000027 seconds)
  Building MPI subcommunicator for level  7... done (0.000055 seconds)
  Building MPI subcommunicator for level  8... done (0.000032 seconds)

  calculating D^{-1} exactly for level h=3.906250e-03 using  64 colors...  done (2.114956 seconds)
  calculating D^{-1} exactly for level h=7.812500e-03 using  64 colors...  done (0.276275 seconds)
  calculating D^{-1} exactly for level h=1.562500e-02 using  64 colors...  done (0.041736 seconds)
  calculating D^{-1} exactly for level h=3.125000e-02 using  64 colors...  done (0.009593 seconds)
  calculating D^{-1} exactly for level h=6.250000e-02 using  64 colors...  done (0.004633 seconds)
  calculating D^{-1} exactly for level h=1.250000e-01 using  64 colors...  done (0.001567 seconds)
  calculating D^{-1} exactly for level h=2.500000e-01 using  64 colors...  done (0.000764 seconds)
  calculating D^{-1} exactly for level h=5.000000e-01 using   8 colors...  done (0.000094 seconds)



===== Warming up by running 1 solves ==========================================
FMGSolve... f-cycle     norm=4.151187824908527e-08  rel=4.153376389499612e-08  done (3.280506 seconds)


===== Running 10 solves ========================================================
FMGSolve... f-cycle     norm=4.151187824908527e-08  rel=4.153376389499612e-08  done (3.264486 seconds)
FMGSolve... f-cycle     norm=4.151187824908527e-08  rel=4.153376389499612e-08  done (3.277469 seconds)
FMGSolve... f-cycle     norm=4.151187824908527e-08  rel=4.153376389499612e-08  done (3.272333 seconds)
FMGSolve... f-cycle     norm=4.151187824908527e-08  rel=4.153376389499612e-08  done (3.257475 seconds)
FMGSolve... f-cycle     norm=4.151187824908527e-08  rel=4.153376389499612e-08  done (3.252516 seconds)
FMGSolve... f-cycle     norm=4.151187824908527e-08  rel=4.153376389499612e-08  done (3.254245 seconds)
FMGSolve... f-cycle     norm=4.151187824908527e-08  rel=4.153376389499612e-08  done (3.279991 seconds)
FMGSolve... f-cycle     norm=4.151187824908527e-08  rel=4.153376389499612e-08  done (3.247021 seconds)
FMGSolve... f-cycle     norm=4.151187824908527e-08  rel=4.153376389499612e-08  done (3.262168 seconds)
FMGSolve... f-cycle     norm=4.151187824908527e-08  rel=4.153376389499612e-08  done (3.264881 seconds)


===== Timing Breakdown =========================================================


level                                0            1            2            3            4            5            6            7            8 
level dimension                  512^3        256^3        128^3         64^3         32^3         16^3          8^3          4^3          2^3 
box dimension                    256^3        128^3         64^3         32^3         16^3          8^3          8^3          4^3          2^3        total
------------------        ------------ ------------ ------------ ------------ ------------ ------------ ------------ ------------ ------------ ------------ 
smooth                        1.819567     0.496948     0.091720     0.015445     0.002958     0.001196     0.000846     0.000178     0.000000     2.428858
  max                         1.819640     0.497816     0.091720     0.015614     0.002981     0.001210     0.000846     0.000178     0.000000     2.430005
  min                         1.819567     0.496948     0.091609     0.015445     0.002958     0.001196     0.000000     0.000000     0.000000     2.427723
residual                      0.367002     0.050867     0.009465     0.001607     0.000299     0.000102     0.000078     0.000017     0.000010     0.429448
applyOp                       0.000000     0.000000     0.000000     0.000000     0.000000     0.000000     0.000000     0.000000     0.000022     0.000022
BLAS1                         0.073114     0.002162     0.000562     0.000159     0.000068     0.000048     0.000010     0.000005     0.000042     0.076170
BLAS3                         0.000000     0.000000     0.000000     0.000000     0.000000     0.000000     0.000000     0.000000     0.000000     0.000000
Boundary Conditions           0.026050     0.013706     0.004765     0.002216     0.001529     0.001065     0.001012     0.000964     0.000344     0.051650
Restriction                   0.023071     0.004358     0.000649     0.000149     0.000070     0.000360     0.000011     0.000006     0.000000     0.028673
  local restriction           0.023069     0.004355     0.000645     0.000147     0.000068     0.000061     0.000008     0.000003     0.000000     0.028356
  pack MPI buffers            0.000000     0.000000     0.000000     0.000000     0.000000     0.000000     0.000000     0.000000     0.000000     0.000000
  unpack MPI buffers          0.000000     0.000000     0.000000     0.000000     0.000000     0.000061     0.000000     0.000000     0.000000     0.000061
  MPI_Isend                   0.000000     0.000000     0.000000     0.000000     0.000000     0.000000     0.000000     0.000000     0.000000     0.000000
  MPI_Irecv                   0.000000     0.000000     0.000000     0.000000     0.000000     0.000005     0.000000     0.000000     0.000000     0.000005
  MPI_Waitall                 0.000000     0.000000     0.000000     0.000000     0.000000     0.000230     0.000000     0.000000     0.000000     0.000230
Interpolation                 0.084882     0.014210     0.002230     0.000416     0.000133     0.000182     0.000028     0.000021     0.000000     0.102102
  local interpolation         0.084881     0.014209     0.002229     0.000415     0.000132     0.000074     0.000026     0.000017     0.000000     0.101982
  pack MPI buffers            0.000000     0.000000     0.000000     0.000000     0.000000     0.000068     0.000000     0.000000     0.000000     0.000068
  unpack MPI buffers          0.000000     0.000000     0.000000     0.000000     0.000000     0.000000     0.000000     0.000000     0.000000     0.000000
  MPI_Isend                   0.000000     0.000000     0.000000     0.000000     0.000000     0.000034     0.000000     0.000000     0.000000     0.000034
  MPI_Irecv                   0.000000     0.000000     0.000000     0.000000     0.000000     0.000000     0.000000     0.000000     0.000000     0.000000
  MPI_Waitall                 0.000000     0.000000     0.000000     0.000000     0.000000     0.000002     0.000000     0.000000     0.000000     0.000002
Ghost Zone Exchange           0.087033     0.046867     0.015055     0.005646     0.003167     0.002649     0.000009     0.000008     0.000004     0.160437
  local exchange              0.052574     0.025094     0.006508     0.002469     0.001273     0.000880     0.000000     0.000000     0.000000     0.088796
  pack MPI buffers            0.002845     0.001828     0.001003     0.000681     0.000559     0.000701     0.000000     0.000000     0.000000     0.007617
  unpack MPI buffers          0.002534     0.001729     0.001138     0.000720     0.000612     0.000693     0.000000     0.000000     0.000000     0.007426
  MPI_Isend                   0.014885     0.007261     0.002669     0.000528     0.000175     0.000065     0.000000     0.000000     0.000000     0.025584
  MPI_Irecv                   0.000036     0.000047     0.000032     0.000025     0.000012     0.000012     0.000000     0.000000     0.000000     0.000163
  MPI_Waitall                 0.014146     0.010891     0.003680     0.001196     0.000502     0.000258     0.000000     0.000000     0.000000     0.030672
MPI_collectives               0.001563     0.000000     0.000000     0.000000     0.000000     0.000000     0.000000     0.000000     0.000052     0.001615
------------------        ------------ ------------ ------------ ------------ ------------ ------------ ------------ ------------ ------------ ------------ 
Total by level                2.472581     0.624778     0.123281     0.025335     0.008180     0.005405     0.002007     0.001231     0.000427     3.263223

   Total time in MGBuild      2.546093 seconds
   Total time in MGSolve      3.263252 seconds
      number of v-cycles             1
Bottom solver iterations            16




===== Performance Summary ======================================================
  h=1.953125000000000e-03  DOF=1.342177280000000e+08  time=3.263252  DOF/s=4.113e+07  MPI=2  OMP=28


===== Richardson error analysis ================================================
FMGSolve... f-cycle     norm=4.151187824908527e-08  rel=4.153376389499612e-08  done (3.254995 seconds)
FMGSolve... f-cycle     norm=5.144231718379189e-07  rel=5.155086782761839e-07  done (0.465406 seconds)
FMGSolve... f-cycle     norm=7.454875268653183e-06  rel=7.517955872287669e-06  done (0.071882 seconds)
  h=1.953125000000000e-03  ||error||=9.221160354386249e-10
  order=4.011


===== Deallocating memory ======================================================
attempting to free the restriction and interpolation lists... done
attempting to free the     2^3 level... done
attempting to free the     4^3 level... done
attempting to free the     8^3 level... done
attempting to free the    16^3 level... done
attempting to free the    32^3 level... done
attempting to free the    64^3 level... done
attempting to free the   128^3 level... done
attempting to free the   256^3 level... done
attempting to free the   512^3 level... done


===== Done =====================================================================
