

********************************************************************************
***                            HPGMG-FV Benchmark                            ***
********************************************************************************
Requested MPI_THREAD_FUNNELED, got MPI_THREAD_FUNNELED
2 MPI Tasks of 28 threads


===== Benchmark setup ==========================================================

attempting to create a 512^3 level from 8 x 256^3 boxes distributed among 2 tasks...
  boundary condition = BC_DIRICHLET
  Decomposing level via Z-mort ordering... done
  Allocating vectors... done
  Calculating boxes per process... target=4.000, max=4
  Creating Poisson (a=0.000000, b=1.000000) test problem
  calculating D^{-1} exactly for level h=1.953125e-03 using  64 colors...  done (10.316287 seconds)

attempting to create a 256^3 level from 8 x 128^3 boxes distributed among 2 tasks...
  boundary condition = BC_DIRICHLET
  Decomposing level via Z-mort ordering... done
  Allocating vectors... done
  Calculating boxes per process... target=4.000, max=4

attempting to create a 128^3 level from 8 x 64^3 boxes distributed among 2 tasks...
  boundary condition = BC_DIRICHLET
  Decomposing level via Z-mort ordering... done
  Allocating vectors... done
  Calculating boxes per process... target=4.000, max=4

attempting to create a 64^3 level from 8 x 32^3 boxes distributed among 2 tasks...
  boundary condition = BC_DIRICHLET
  Decomposing level via Z-mort ordering... done
  Allocating vectors... done
  Calculating boxes per process... target=4.000, max=4

attempting to create a 32^3 level from 8 x 16^3 boxes distributed among 2 tasks...
  boundary condition = BC_DIRICHLET
  Decomposing level via Z-mort ordering... done
  Allocating vectors... done
  Calculating boxes per process... target=4.000, max=4

attempting to create a 16^3 level from 8 x 8^3 boxes distributed among 2 tasks...
  boundary condition = BC_DIRICHLET
  Decomposing level via Z-mort ordering... done
  Allocating vectors... done
  Calculating boxes per process... target=4.000, max=4

attempting to create a 8^3 level from 1 x 8^3 boxes distributed among 2 tasks...
  boundary condition = BC_DIRICHLET
  Decomposing level via Z-mort ordering... done
  Allocating vectors... done
  Calculating boxes per process... target=0.500, max=1

attempting to create a 4^3 level from 1 x 4^3 boxes distributed among 2 tasks...
  boundary condition = BC_DIRICHLET
  Decomposing level via Z-mort ordering... done
  Allocating vectors... done
  Calculating boxes per process... target=0.500, max=1

attempting to create a 2^3 level from 1 x 2^3 boxes distributed among 2 tasks...
  boundary condition = BC_DIRICHLET
  Decomposing level via Z-mort ordering... done
  Allocating vectors... done
  Calculating boxes per process... target=0.500, max=1

  Building restriction and interpolation lists... done

  Building MPI subcommunicator for level  1... done (0.000458 seconds)
  Building MPI subcommunicator for level  2... done (0.000315 seconds)
  Building MPI subcommunicator for level  3... done (0.000275 seconds)
  Building MPI subcommunicator for level  4... done (0.000209 seconds)
  Building MPI subcommunicator for level  5... done (0.000030 seconds)
  Building MPI subcommunicator for level  6... done (0.000029 seconds)
  Building MPI subcommunicator for level  7... done (0.000026 seconds)
  Building MPI subcommunicator for level  8... done (0.000024 seconds)

  calculating D^{-1} exactly for level h=3.906250e-03 using  64 colors...  done (1.690879 seconds)
  calculating D^{-1} exactly for level h=7.812500e-03 using  64 colors...  done (0.227700 seconds)
  calculating D^{-1} exactly for level h=1.562500e-02 using  64 colors...  done (0.036504 seconds)
  calculating D^{-1} exactly for level h=3.125000e-02 using  64 colors...  done (0.009002 seconds)
  calculating D^{-1} exactly for level h=6.250000e-02 using  64 colors...  done (0.004124 seconds)
  calculating D^{-1} exactly for level h=1.250000e-01 using  64 colors...  done (0.001508 seconds)
  calculating D^{-1} exactly for level h=2.500000e-01 using  64 colors...  done (0.000632 seconds)
  calculating D^{-1} exactly for level h=5.000000e-01 using   8 colors...  done (0.000085 seconds)



===== Warming up by running 1 solves ==========================================
FMGSolve... f-cycle     norm=4.151187824908527e-08  rel=4.153376389499612e-08  done (2.734222 seconds)


===== Running 10 solves ========================================================
FMGSolve... f-cycle     norm=4.151187824908527e-08  rel=4.153376389499612e-08  done (2.731909 seconds)
FMGSolve... f-cycle     norm=4.151187824908527e-08  rel=4.153376389499612e-08  done (2.730363 seconds)
FMGSolve... f-cycle     norm=4.151187824908527e-08  rel=4.153376389499612e-08  done (2.731432 seconds)
FMGSolve... f-cycle     norm=4.151187824908527e-08  rel=4.153376389499612e-08  done (2.731274 seconds)
FMGSolve... f-cycle     norm=4.151187824908527e-08  rel=4.153376389499612e-08  done (2.733650 seconds)
FMGSolve... f-cycle     norm=4.151187824908527e-08  rel=4.153376389499612e-08  done (2.731452 seconds)
FMGSolve... f-cycle     norm=4.151187824908527e-08  rel=4.153376389499612e-08  done (2.731059 seconds)
FMGSolve... f-cycle     norm=4.151187824908527e-08  rel=4.153376389499612e-08  done (2.753985 seconds)
FMGSolve... f-cycle     norm=4.151187824908527e-08  rel=4.153376389499612e-08  done (2.730903 seconds)
FMGSolve... f-cycle     norm=4.151187824908527e-08  rel=4.153376389499612e-08  done (2.731070 seconds)


===== Timing Breakdown =========================================================


level                                0            1            2            3            4            5            6            7            8 
level dimension                  512^3        256^3        128^3         64^3         32^3         16^3          8^3          4^3          2^3 
box dimension                    256^3        128^3         64^3         32^3         16^3          8^3          8^3          4^3          2^3        total
------------------        ------------ ------------ ------------ ------------ ------------ ------------ ------------ ------------ ------------ ------------ 
smooth                        1.548392     0.393855     0.074028     0.013149     0.002880     0.001112     0.000849     0.000173     0.000000     2.034439
  max                         1.551386     0.393928     0.074028     0.013161     0.002880     0.001112     0.000849     0.000173     0.000000     2.037517
  min                         1.548392     0.393855     0.073981     0.013149     0.002849     0.001108     0.000000     0.000000     0.000000     2.033334
residual                      0.308559     0.039961     0.007648     0.001385     0.000294     0.000096     0.000077     0.000016     0.000010     0.358046
applyOp                       0.000000     0.000000     0.000000     0.000000     0.000000     0.000000     0.000000     0.000000     0.000020     0.000020
BLAS1                         0.061371     0.001978     0.000483     0.000140     0.000063     0.000043     0.000011     0.000005     0.000044     0.064139
BLAS3                         0.000000     0.000000     0.000000     0.000000     0.000000     0.000000     0.000000     0.000000     0.000000     0.000000
Boundary Conditions           0.021728     0.011261     0.004046     0.001946     0.001196     0.000848     0.000920     0.000797     0.000304     0.043046
Restriction                   0.019453     0.003690     0.000583     0.000145     0.000066     0.000165     0.000011     0.000005     0.000000     0.024117
  local restriction           0.019451     0.003687     0.000580     0.000142     0.000064     0.000048     0.000008     0.000003     0.000000     0.023983
  pack MPI buffers            0.000000     0.000000     0.000000     0.000000     0.000000     0.000000     0.000000     0.000000     0.000000     0.000000
  unpack MPI buffers          0.000000     0.000000     0.000000     0.000000     0.000000     0.000052     0.000000     0.000000     0.000000     0.000052
  MPI_Isend                   0.000000     0.000000     0.000000     0.000000     0.000000     0.000000     0.000000     0.000000     0.000000     0.000000
  MPI_Irecv                   0.000000     0.000000     0.000000     0.000000     0.000000     0.000005     0.000000     0.000000     0.000000     0.000005
  MPI_Waitall                 0.000000     0.000000     0.000000     0.000000     0.000000     0.000054     0.000000     0.000000     0.000000     0.000054
Interpolation                 0.069833     0.011573     0.001910     0.000417     0.000128     0.000166     0.000026     0.000019     0.000000     0.084072
  local interpolation         0.069831     0.011571     0.001908     0.000415     0.000126     0.000066     0.000025     0.000016     0.000000     0.083959
  pack MPI buffers            0.000000     0.000000     0.000000     0.000000     0.000000     0.000063     0.000000     0.000000     0.000000     0.000063
  unpack MPI buffers          0.000000     0.000000     0.000000     0.000000     0.000000     0.000000     0.000000     0.000000     0.000000     0.000000
  MPI_Isend                   0.000000     0.000000     0.000000     0.000000     0.000000     0.000031     0.000000     0.000000     0.000000     0.000031
  MPI_Irecv                   0.000000     0.000000     0.000000     0.000000     0.000000     0.000000     0.000000     0.000000     0.000000     0.000000
  MPI_Waitall                 0.000000     0.000000     0.000000     0.000000     0.000000     0.000002     0.000000     0.000000     0.000000     0.000002
Ghost Zone Exchange           0.077689     0.038727     0.013164     0.005253     0.002928     0.002326     0.000010     0.000008     0.000004     0.140110
  local exchange              0.042636     0.020743     0.005601     0.002444     0.001212     0.000780     0.000000     0.000000     0.000000     0.073416
  pack MPI buffers            0.002515     0.001759     0.000964     0.000574     0.000507     0.000573     0.000000     0.000000     0.000000     0.006892
  unpack MPI buffers          0.002239     0.001629     0.001013     0.000572     0.000559     0.000609     0.000000     0.000000     0.000000     0.006620
  MPI_Isend                   0.014634     0.007193     0.002597     0.000531     0.000140     0.000062     0.000000     0.000000     0.000000     0.025157
  MPI_Irecv                   0.000031     0.000045     0.000030     0.000023     0.000009     0.000010     0.000000     0.000000     0.000000     0.000148
  MPI_Waitall                 0.015618     0.007337     0.002940     0.001086     0.000470     0.000252     0.000000     0.000000     0.000000     0.027702
MPI_collectives               0.000262     0.000000     0.000000     0.000000     0.000000     0.000000     0.000000     0.000000     0.000042     0.000304
------------------        ------------ ------------ ------------ ------------ ------------ ------------ ------------ ------------ ------------ ------------ 
Total by level                2.098071     0.497173     0.100853     0.022151     0.007493     0.004593     0.001905     0.001051     0.000383     2.733672

   Total time in MGBuild      2.056151 seconds
   Total time in MGSolve      2.733704 seconds
      number of v-cycles             1
Bottom solver iterations            16




===== Performance Summary ======================================================
  h=1.953125000000000e-03  DOF=1.342177280000000e+08  time=2.733704  DOF/s=4.910e+07  MPI=2  OMP=28


===== Richardson error analysis ================================================
FMGSolve... f-cycle     norm=4.151187824908527e-08  rel=4.153376389499612e-08  done (2.732661 seconds)
FMGSolve... f-cycle     norm=5.144231718379189e-07  rel=5.155086782761839e-07  done (0.380058 seconds)
FMGSolve... f-cycle     norm=7.454875268653183e-06  rel=7.517955872287669e-06  done (0.061314 seconds)
  h=1.953125000000000e-03  ||error||=9.221160354386249e-10
  order=4.011


===== Deallocating memory ======================================================
attempting to free the restriction and interpolation lists... done
attempting to free the     2^3 level... done
attempting to free the     4^3 level... done
attempting to free the     8^3 level... done
attempting to free the    16^3 level... done
attempting to free the    32^3 level... done
attempting to free the    64^3 level... done
attempting to free the   128^3 level... done
attempting to free the   256^3 level... done
attempting to free the   512^3 level... done


===== Done =====================================================================
