

********************************************************************************
***                            HPGMG-FV Benchmark                            ***
********************************************************************************
Requested MPI_THREAD_FUNNELED, got MPI_THREAD_FUNNELED
2 MPI Tasks of 28 threads


===== Benchmark setup ==========================================================

attempting to create a 512^3 level from 8 x 256^3 boxes distributed among 2 tasks...
  boundary condition = BC_DIRICHLET
  Decomposing level via Z-mort ordering... done
  Allocating vectors... done
  Calculating boxes per process... target=4.000, max=4
  Creating Poisson (a=0.000000, b=1.000000) test problem
  calculating D^{-1} exactly for level h=1.953125e-03 using  64 colors...  done (9.471688 seconds)

attempting to create a 256^3 level from 8 x 128^3 boxes distributed among 2 tasks...
  boundary condition = BC_DIRICHLET
  Decomposing level via Z-mort ordering... done
  Allocating vectors... done
  Calculating boxes per process... target=4.000, max=4

attempting to create a 128^3 level from 8 x 64^3 boxes distributed among 2 tasks...
  boundary condition = BC_DIRICHLET
  Decomposing level via Z-mort ordering... done
  Allocating vectors... done
  Calculating boxes per process... target=4.000, max=4

attempting to create a 64^3 level from 8 x 32^3 boxes distributed among 2 tasks...
  boundary condition = BC_DIRICHLET
  Decomposing level via Z-mort ordering... done
  Allocating vectors... done
  Calculating boxes per process... target=4.000, max=4

attempting to create a 32^3 level from 8 x 16^3 boxes distributed among 2 tasks...
  boundary condition = BC_DIRICHLET
  Decomposing level via Z-mort ordering... done
  Allocating vectors... done
  Calculating boxes per process... target=4.000, max=4

attempting to create a 16^3 level from 8 x 8^3 boxes distributed among 2 tasks...
  boundary condition = BC_DIRICHLET
  Decomposing level via Z-mort ordering... done
  Allocating vectors... done
  Calculating boxes per process... target=4.000, max=4

attempting to create a 8^3 level from 1 x 8^3 boxes distributed among 2 tasks...
  boundary condition = BC_DIRICHLET
  Decomposing level via Z-mort ordering... done
  Allocating vectors... done
  Calculating boxes per process... target=0.500, max=1

attempting to create a 4^3 level from 1 x 4^3 boxes distributed among 2 tasks...
  boundary condition = BC_DIRICHLET
  Decomposing level via Z-mort ordering... done
  Allocating vectors... done
  Calculating boxes per process... target=0.500, max=1

attempting to create a 2^3 level from 1 x 2^3 boxes distributed among 2 tasks...
  boundary condition = BC_DIRICHLET
  Decomposing level via Z-mort ordering... done
  Allocating vectors... done
  Calculating boxes per process... target=0.500, max=1

  Building restriction and interpolation lists... done

  Building MPI subcommunicator for level  1... done (0.000468 seconds)
  Building MPI subcommunicator for level  2... done (0.000084 seconds)
  Building MPI subcommunicator for level  3... done (0.000171 seconds)
  Building MPI subcommunicator for level  4... done (0.000285 seconds)
  Building MPI subcommunicator for level  5... done (0.000026 seconds)
  Building MPI subcommunicator for level  6... done (0.000027 seconds)
  Building MPI subcommunicator for level  7... done (0.000022 seconds)
  Building MPI subcommunicator for level  8... done (0.000021 seconds)

  calculating D^{-1} exactly for level h=3.906250e-03 using  64 colors...  done (1.634384 seconds)
  calculating D^{-1} exactly for level h=7.812500e-03 using  64 colors...  done (0.224843 seconds)
  calculating D^{-1} exactly for level h=1.562500e-02 using  64 colors...  done (0.033075 seconds)
  calculating D^{-1} exactly for level h=3.125000e-02 using  64 colors...  done (0.008269 seconds)
  calculating D^{-1} exactly for level h=6.250000e-02 using  64 colors...  done (0.004662 seconds)
  calculating D^{-1} exactly for level h=1.250000e-01 using  64 colors...  done (0.001535 seconds)
  calculating D^{-1} exactly for level h=2.500000e-01 using  64 colors...  done (0.000751 seconds)
  calculating D^{-1} exactly for level h=5.000000e-01 using   8 colors...  done (0.000088 seconds)



===== Warming up by running 1 solves ==========================================
FMGSolve... f-cycle     norm=4.151187824908527e-08  rel=4.153376389499612e-08  done (2.568711 seconds)


===== Running 10 solves ========================================================
FMGSolve... f-cycle     norm=4.151187824908527e-08  rel=4.153376389499612e-08  done (2.571902 seconds)
FMGSolve... f-cycle     norm=4.151187824908527e-08  rel=4.153376389499612e-08  done (2.564751 seconds)
FMGSolve... f-cycle     norm=4.151187824908527e-08  rel=4.153376389499612e-08  done (2.572556 seconds)
FMGSolve... f-cycle     norm=4.151187824908527e-08  rel=4.153376389499612e-08  done (2.566553 seconds)
FMGSolve... f-cycle     norm=4.151187824908527e-08  rel=4.153376389499612e-08  done (2.578604 seconds)
FMGSolve... f-cycle     norm=4.151187824908527e-08  rel=4.153376389499612e-08  done (2.575847 seconds)
FMGSolve... f-cycle     norm=4.151187824908527e-08  rel=4.153376389499612e-08  done (2.564531 seconds)
FMGSolve... f-cycle     norm=4.151187824908527e-08  rel=4.153376389499612e-08  done (2.572815 seconds)
FMGSolve... f-cycle     norm=4.151187824908527e-08  rel=4.153376389499612e-08  done (2.566554 seconds)
FMGSolve... f-cycle     norm=4.151187824908527e-08  rel=4.153376389499612e-08  done (2.686208 seconds)


===== Timing Breakdown =========================================================


level                                0            1            2            3            4            5            6            7            8 
level dimension                  512^3        256^3        128^3         64^3         32^3         16^3          8^3          4^3          2^3 
box dimension                    256^3        128^3         64^3         32^3         16^3          8^3          8^3          4^3          2^3        total
------------------        ------------ ------------ ------------ ------------ ------------ ------------ ------------ ------------ ------------ ------------ 
smooth                        1.424980     0.386991     0.073098     0.011903     0.002140     0.001131     0.000835     0.000181     0.000000     1.901256
  max                         1.424980     0.396302     0.073098     0.011903     0.002140     0.001149     0.000835     0.000181     0.000000     1.910586
  min                         1.409863     0.386991     0.072929     0.011813     0.002098     0.001131     0.000000     0.000000     0.000000     1.884824
residual                      0.279509     0.040321     0.007596     0.001251     0.000213     0.000098     0.000079     0.000017     0.000009     0.329093
applyOp                       0.000000     0.000000     0.000000     0.000000     0.000000     0.000000     0.000000     0.000000     0.000022     0.000022
BLAS1                         0.061937     0.001987     0.000460     0.000119     0.000055     0.000049     0.000014     0.000005     0.000042     0.064668
BLAS3                         0.000000     0.000000     0.000000     0.000000     0.000000     0.000000     0.000000     0.000000     0.000000     0.000000
Boundary Conditions           0.020242     0.010962     0.003996     0.001881     0.001180     0.000939     0.000970     0.000966     0.000350     0.041487
Restriction                   0.020531     0.003801     0.000536     0.000116     0.000070     0.000239     0.000010     0.000005     0.000000     0.025307
  local restriction           0.020529     0.003799     0.000532     0.000113     0.000068     0.000057     0.000008     0.000003     0.000000     0.025109
  pack MPI buffers            0.000000     0.000000     0.000000     0.000000     0.000000     0.000000     0.000000     0.000000     0.000000     0.000000
  unpack MPI buffers          0.000000     0.000000     0.000000     0.000000     0.000000     0.000062     0.000000     0.000000     0.000000     0.000062
  MPI_Isend                   0.000000     0.000000     0.000000     0.000000     0.000000     0.000000     0.000000     0.000000     0.000000     0.000000
  MPI_Irecv                   0.000000     0.000000     0.000000     0.000000     0.000000     0.000004     0.000000     0.000000     0.000000     0.000004
  MPI_Waitall                 0.000000     0.000000     0.000000     0.000000     0.000000     0.000112     0.000000     0.000000     0.000000     0.000112
Interpolation                 0.067771     0.011529     0.001716     0.000298     0.000127     0.000180     0.000027     0.000019     0.000000     0.081667
  local interpolation         0.067770     0.011528     0.001715     0.000297     0.000125     0.000072     0.000025     0.000017     0.000000     0.081549
  pack MPI buffers            0.000000     0.000000     0.000000     0.000000     0.000000     0.000072     0.000000     0.000000     0.000000     0.000072
  unpack MPI buffers          0.000000     0.000000     0.000000     0.000000     0.000000     0.000000     0.000000     0.000000     0.000000     0.000000
  MPI_Isend                   0.000000     0.000000     0.000000     0.000000     0.000000     0.000033     0.000000     0.000000     0.000000     0.000033
  MPI_Irecv                   0.000000     0.000000     0.000000     0.000000     0.000000     0.000000     0.000000     0.000000     0.000000     0.000000
  MPI_Waitall                 0.000000     0.000000     0.000000     0.000000     0.000000     0.000001     0.000000     0.000000     0.000000     0.000001
Ghost Zone Exchange           0.074721     0.050099     0.014707     0.004862     0.003692     0.002843     0.000007     0.000007     0.000003     0.150942
  local exchange              0.042365     0.020536     0.005521     0.001956     0.001827     0.001030     0.000000     0.000000     0.000000     0.073236
  pack MPI buffers            0.002373     0.001464     0.000802     0.000605     0.000608     0.000715     0.000000     0.000000     0.000000     0.006567
  unpack MPI buffers          0.002142     0.001448     0.000999     0.000582     0.000624     0.000724     0.000000     0.000000     0.000000     0.006519
  MPI_Isend                   0.014759     0.007353     0.002719     0.000571     0.000177     0.000067     0.000000     0.000000     0.000000     0.025646
  MPI_Irecv                   0.000038     0.000069     0.000045     0.000032     0.000014     0.000011     0.000000     0.000000     0.000000     0.000209
  MPI_Waitall                 0.013031     0.019209     0.004599     0.001093     0.000407     0.000247     0.000000     0.000000     0.000000     0.038587
MPI_collectives               0.002339     0.000000     0.000000     0.000000     0.000000     0.000000     0.000000     0.000000     0.000047     0.002386
------------------        ------------ ------------ ------------ ------------ ------------ ------------ ------------ ------------ ------------ ------------ 
Total by level                1.943402     0.500948     0.101085     0.020251     0.007414     0.005281     0.001947     0.001233     0.000427     2.581989

   Total time in MGBuild      1.991610 seconds
   Total time in MGSolve      2.582025 seconds
      number of v-cycles             1
Bottom solver iterations            16




===== Performance Summary ======================================================
  h=1.953125000000000e-03  DOF=1.342177280000000e+08  time=2.582025  DOF/s=5.198e+07  MPI=2  OMP=28


===== Richardson error analysis ================================================
FMGSolve... f-cycle     norm=4.151187824908527e-08  rel=4.153376389499612e-08  done (2.572493 seconds)
FMGSolve... f-cycle     norm=5.144231718379189e-07  rel=5.155086782761839e-07  done (0.376554 seconds)
FMGSolve... f-cycle     norm=7.454875268653183e-06  rel=7.517955872287669e-06  done (0.059748 seconds)
  h=1.953125000000000e-03  ||error||=9.221160354386249e-10
  order=4.011


===== Deallocating memory ======================================================
attempting to free the restriction and interpolation lists... done
attempting to free the     2^3 level... done
attempting to free the     4^3 level... done
attempting to free the     8^3 level... done
attempting to free the    16^3 level... done
attempting to free the    32^3 level... done
attempting to free the    64^3 level... done
attempting to free the   128^3 level... done
attempting to free the   256^3 level... done
attempting to free the   512^3 level... done


===== Done =====================================================================
