

********************************************************************************
***                            HPGMG-FV Benchmark                            ***
********************************************************************************
Requested MPI_THREAD_FUNNELED, got MPI_THREAD_FUNNELED
2 MPI Tasks of 28 threads


===== Benchmark setup ==========================================================

attempting to create a 512^3 level from 8 x 256^3 boxes distributed among 2 tasks...
  boundary condition = BC_DIRICHLET
  Decomposing level via Z-mort ordering... done
  Allocating vectors... done
  Calculating boxes per process... target=4.000, max=4
  Creating Poisson (a=0.000000, b=1.000000) test problem
  calculating D^{-1} exactly for level h=1.953125e-03 using  64 colors...  done (8.868086 seconds)

attempting to create a 256^3 level from 8 x 128^3 boxes distributed among 2 tasks...
  boundary condition = BC_DIRICHLET
  Decomposing level via Z-mort ordering... done
  Allocating vectors... done
  Calculating boxes per process... target=4.000, max=4

attempting to create a 128^3 level from 8 x 64^3 boxes distributed among 2 tasks...
  boundary condition = BC_DIRICHLET
  Decomposing level via Z-mort ordering... done
  Allocating vectors... done
  Calculating boxes per process... target=4.000, max=4

attempting to create a 64^3 level from 8 x 32^3 boxes distributed among 2 tasks...
  boundary condition = BC_DIRICHLET
  Decomposing level via Z-mort ordering... done
  Allocating vectors... done
  Calculating boxes per process... target=4.000, max=4

attempting to create a 32^3 level from 8 x 16^3 boxes distributed among 2 tasks...
  boundary condition = BC_DIRICHLET
  Decomposing level via Z-mort ordering... done
  Allocating vectors... done
  Calculating boxes per process... target=4.000, max=4

attempting to create a 16^3 level from 8 x 8^3 boxes distributed among 2 tasks...
  boundary condition = BC_DIRICHLET
  Decomposing level via Z-mort ordering... done
  Allocating vectors... done
  Calculating boxes per process... target=4.000, max=4

attempting to create a 8^3 level from 1 x 8^3 boxes distributed among 2 tasks...
  boundary condition = BC_DIRICHLET
  Decomposing level via Z-mort ordering... done
  Allocating vectors... done
  Calculating boxes per process... target=0.500, max=1

attempting to create a 4^3 level from 1 x 4^3 boxes distributed among 2 tasks...
  boundary condition = BC_DIRICHLET
  Decomposing level via Z-mort ordering... done
  Allocating vectors... done
  Calculating boxes per process... target=0.500, max=1

attempting to create a 2^3 level from 1 x 2^3 boxes distributed among 2 tasks...
  boundary condition = BC_DIRICHLET
  Decomposing level via Z-mort ordering... done
  Allocating vectors... done
  Calculating boxes per process... target=0.500, max=1

  Building restriction and interpolation lists... done

  Building MPI subcommunicator for level  1... done (0.000440 seconds)
  Building MPI subcommunicator for level  2... done (0.000228 seconds)
  Building MPI subcommunicator for level  3... done (0.000269 seconds)
  Building MPI subcommunicator for level  4... done (0.000052 seconds)
  Building MPI subcommunicator for level  5... done (0.000025 seconds)
  Building MPI subcommunicator for level  6... done (0.000027 seconds)
  Building MPI subcommunicator for level  7... done (0.000022 seconds)
  Building MPI subcommunicator for level  8... done (0.000021 seconds)

  calculating D^{-1} exactly for level h=3.906250e-03 using  64 colors...  done (1.609659 seconds)
  calculating D^{-1} exactly for level h=7.812500e-03 using  64 colors...  done (0.218293 seconds)
  calculating D^{-1} exactly for level h=1.562500e-02 using  64 colors...  done (0.029970 seconds)
  calculating D^{-1} exactly for level h=3.125000e-02 using  64 colors...  done (0.007348 seconds)
  calculating D^{-1} exactly for level h=6.250000e-02 using  64 colors...  done (0.004168 seconds)
  calculating D^{-1} exactly for level h=1.250000e-01 using  64 colors...  done (0.001498 seconds)
  calculating D^{-1} exactly for level h=2.500000e-01 using  64 colors...  done (0.000657 seconds)
  calculating D^{-1} exactly for level h=5.000000e-01 using   8 colors...  done (0.000078 seconds)



===== Warming up by running 1 solves ==========================================
FMGSolve... f-cycle     norm=4.151187824908527e-08  rel=4.153376389499612e-08  done (2.405739 seconds)


===== Running 10 solves ========================================================
FMGSolve... f-cycle     norm=4.151187824908527e-08  rel=4.153376389499612e-08  done (2.405954 seconds)
FMGSolve... f-cycle     norm=4.151187824908527e-08  rel=4.153376389499612e-08  done (2.394461 seconds)
FMGSolve... f-cycle     norm=4.151187824908527e-08  rel=4.153376389499612e-08  done (2.393731 seconds)
FMGSolve... f-cycle     norm=4.151187824908527e-08  rel=4.153376389499612e-08  done (2.394745 seconds)
FMGSolve... f-cycle     norm=4.151187824908527e-08  rel=4.153376389499612e-08  done (2.394234 seconds)
FMGSolve... f-cycle     norm=4.151187824908527e-08  rel=4.153376389499612e-08  done (2.393650 seconds)
FMGSolve... f-cycle     norm=4.151187824908527e-08  rel=4.153376389499612e-08  done (2.396482 seconds)
FMGSolve... f-cycle     norm=4.151187824908527e-08  rel=4.153376389499612e-08  done (2.393561 seconds)
FMGSolve... f-cycle     norm=4.151187824908527e-08  rel=4.153376389499612e-08  done (2.392951 seconds)
FMGSolve... f-cycle     norm=4.151187824908527e-08  rel=4.153376389499612e-08  done (2.394853 seconds)


===== Timing Breakdown =========================================================


level                                0            1            2            3            4            5            6            7            8 
level dimension                  512^3        256^3        128^3         64^3         32^3         16^3          8^3          4^3          2^3 
box dimension                    256^3        128^3         64^3         32^3         16^3          8^3          8^3          4^3          2^3        total
------------------        ------------ ------------ ------------ ------------ ------------ ------------ ------------ ------------ ------------ ------------ 
smooth                        1.292418     0.384123     0.069032     0.010301     0.002032     0.001122     0.000860     0.000181     0.000000     1.760070
  max                         1.292418     0.384123     0.071616     0.010697     0.002043     0.001122     0.000860     0.000181     0.000000     1.763061
  min                         1.291202     0.380215     0.069032     0.010301     0.002032     0.001103     0.000000     0.000000     0.000000     1.753885
residual                      0.251974     0.039173     0.006949     0.001099     0.000205     0.000095     0.000078     0.000017     0.000010     0.299600
applyOp                       0.000000     0.000000     0.000000     0.000000     0.000000     0.000000     0.000000     0.000000     0.000022     0.000022
BLAS1                         0.063013     0.002141     0.000453     0.000104     0.000052     0.000043     0.000011     0.000004     0.000042     0.065864
BLAS3                         0.000000     0.000000     0.000000     0.000000     0.000000     0.000000     0.000000     0.000000     0.000000     0.000000
Boundary Conditions           0.022184     0.010318     0.003469     0.001630     0.001055     0.000820     0.000891     0.000832     0.000312     0.041511
Restriction                   0.021349     0.004026     0.000467     0.000113     0.000064     0.000177     0.000011     0.000007     0.000000     0.026213
  local restriction           0.021346     0.004025     0.000463     0.000111     0.000062     0.000052     0.000008     0.000004     0.000000     0.026071
  pack MPI buffers            0.000000     0.000000     0.000000     0.000000     0.000000     0.000000     0.000000     0.000000     0.000000     0.000000
  unpack MPI buffers          0.000000     0.000000     0.000000     0.000000     0.000000     0.000055     0.000000     0.000000     0.000000     0.000055
  MPI_Isend                   0.000000     0.000000     0.000000     0.000000     0.000000     0.000000     0.000000     0.000000     0.000000     0.000000
  MPI_Irecv                   0.000000     0.000000     0.000000     0.000000     0.000000     0.000005     0.000000     0.000000     0.000000     0.000005
  MPI_Waitall                 0.000000     0.000000     0.000000     0.000000     0.000000     0.000061     0.000000     0.000000     0.000000     0.000061
Interpolation                 0.067857     0.011532     0.001483     0.000301     0.000126     0.000171     0.000026     0.000022     0.000000     0.081517
  local interpolation         0.067857     0.011530     0.001482     0.000300     0.000124     0.000069     0.000025     0.000019     0.000000     0.081405
  pack MPI buffers            0.000000     0.000000     0.000000     0.000000     0.000000     0.000064     0.000000     0.000000     0.000000     0.000064
  unpack MPI buffers          0.000000     0.000000     0.000000     0.000000     0.000000     0.000000     0.000000     0.000000     0.000000     0.000000
  MPI_Isend                   0.000000     0.000000     0.000000     0.000000     0.000000     0.000032     0.000000     0.000000     0.000000     0.000032
  MPI_Irecv                   0.000000     0.000000     0.000000     0.000000     0.000000     0.000000     0.000000     0.000000     0.000000     0.000000
  MPI_Waitall                 0.000000     0.000000     0.000000     0.000000     0.000000     0.000002     0.000000     0.000000     0.000000     0.000002
Ghost Zone Exchange           0.073613     0.036947     0.013841     0.006134     0.002988     0.002489     0.000010     0.000007     0.000004     0.136033
  local exchange              0.041371     0.019472     0.004725     0.002324     0.001188     0.000813     0.000000     0.000000     0.000000     0.069892
  pack MPI buffers            0.002114     0.001381     0.000718     0.000490     0.000490     0.000607     0.000000     0.000000     0.000000     0.005801
  unpack MPI buffers          0.001960     0.001403     0.000950     0.000547     0.000537     0.000630     0.000000     0.000000     0.000000     0.006026
  MPI_Isend                   0.014527     0.007230     0.002681     0.000544     0.000170     0.000067     0.000000     0.000000     0.000000     0.025218
  MPI_Irecv                   0.000033     0.000042     0.000029     0.000023     0.000009     0.000012     0.000000     0.000000     0.000000     0.000148
  MPI_Waitall                 0.013593     0.007401     0.004719     0.002183     0.000560     0.000322     0.000000     0.000000     0.000000     0.028777
MPI_collectives               0.000021     0.000000     0.000000     0.000000     0.000000     0.000000     0.000000     0.000000     0.000046     0.000067
------------------        ------------ ------------ ------------ ------------ ------------ ------------ ------------ ------------ ------------ ------------ 
Total by level                1.782330     0.484481     0.094563     0.019413     0.006482     0.004753     0.001896     0.001104     0.000396     2.395418

   Total time in MGBuild      1.955094 seconds
   Total time in MGSolve      2.395456 seconds
      number of v-cycles             1
Bottom solver iterations            16




===== Performance Summary ======================================================
  h=1.953125000000000e-03  DOF=1.342177280000000e+08  time=2.395456  DOF/s=5.603e+07  MPI=2  OMP=28


===== Richardson error analysis ================================================
FMGSolve... f-cycle     norm=4.151187824908527e-08  rel=4.153376389499612e-08  done (2.395615 seconds)
FMGSolve... f-cycle     norm=5.144231718379189e-07  rel=5.155086782761839e-07  done (0.366258 seconds)
FMGSolve... f-cycle     norm=7.454875268653183e-06  rel=7.517955872287669e-06  done (0.057415 seconds)
  h=1.953125000000000e-03  ||error||=9.221160354386249e-10
  order=4.011


===== Deallocating memory ======================================================
attempting to free the restriction and interpolation lists... done
attempting to free the     2^3 level... done
attempting to free the     4^3 level... done
attempting to free the     8^3 level... done
attempting to free the    16^3 level... done
attempting to free the    32^3 level... done
attempting to free the    64^3 level... done
attempting to free the   128^3 level... done
attempting to free the   256^3 level... done
attempting to free the   512^3 level... done


===== Done =====================================================================
