=============================================================
# of xstreams:             56
# of threads:              560
# of repeats:              11
Use pthread:               false
Preemption:                On
# of preemption groups:    56
Preemption timer interval: 10000 usec
Preemption type:           ABT_PREEMPTION_DISABLED
# of iterations:           30000000
=============================================================

Iteration 0 started...  [elapsed] 1088517038 nsec
Iteration 1 started...  [elapsed] 1088201243 nsec
Iteration 2 started...  [elapsed] 1088578600 nsec
Iteration 3 started...  [elapsed] 1088687771 nsec
Iteration 4 started...  [elapsed] 1088966106 nsec
Iteration 5 started...  [elapsed] 1089224348 nsec
Iteration 6 started...  [elapsed] 1089363842 nsec
Iteration 7 started...  [elapsed] 1088087486 nsec
Iteration 8 started...  [elapsed] 1088605511 nsec
Iteration 9 started...  [elapsed] 1088356154 nsec
Iteration 10 started...  [elapsed] 1088545230 nsec
success!
