=============================================================
# of xstreams:             56
# of threads:              560
# of repeats:              11
Use pthread:               false
Preemption:                On
# of preemption groups:    56
Preemption timer interval: 1000 usec
Preemption type:           ABT_PREEMPTION_DISABLED
# of iterations:           30000000
=============================================================

Iteration 0 started...  [elapsed] 1091285819 nsec
Iteration 1 started...  [elapsed] 1090722135 nsec
Iteration 2 started...  [elapsed] 1092127124 nsec
Iteration 3 started...  [elapsed] 1090715589 nsec
Iteration 4 started...  [elapsed] 1092351238 nsec
Iteration 5 started...  [elapsed] 1092757244 nsec
Iteration 6 started...  [elapsed] 1092946860 nsec
Iteration 7 started...  [elapsed] 1090689656 nsec
Iteration 8 started...  [elapsed] 1090339103 nsec
Iteration 9 started...  [elapsed] 1090483277 nsec
Iteration 10 started...  [elapsed] 1090436552 nsec
success!
