=============================================================
# of xstreams:             56
# of threads:              560
# of repeats:              11
Use pthread:               false
Preemption:                On
# of preemption groups:    56
Preemption timer interval: 1000 usec
Preemption type:           ABT_PREEMPTION_DISABLED
# of iterations:           30000000
=============================================================

Iteration 0 started...  [elapsed] 1090554221 nsec
Iteration 1 started...  [elapsed] 1092611499 nsec
Iteration 2 started...  [elapsed] 1091259760 nsec
Iteration 3 started...  [elapsed] 1090855042 nsec
Iteration 4 started...  [elapsed] 1094117363 nsec
Iteration 5 started...  [elapsed] 1093998544 nsec
Iteration 6 started...  [elapsed] 1091971359 nsec
Iteration 7 started...  [elapsed] 1091662412 nsec
Iteration 8 started...  [elapsed] 1090574919 nsec
Iteration 9 started...  [elapsed] 1091812408 nsec
Iteration 10 started...  [elapsed] 1090464434 nsec
success!
