=============================================================
# of xstreams:             56
# of threads:              560
# of repeats:              11
Use pthread:               false
Preemption:                On
# of preemption groups:    56
Preemption timer interval: 1000 usec
Preemption type:           ABT_PREEMPTION_DISABLED
# of iterations:           30000000
=============================================================

Iteration 0 started...  [elapsed] 1090448797 nsec
Iteration 1 started...  [elapsed] 1092074887 nsec
Iteration 2 started...  [elapsed] 1092002150 nsec
Iteration 3 started...  [elapsed] 1091998513 nsec
Iteration 4 started...  [elapsed] 1090972902 nsec
Iteration 5 started...  [elapsed] 1092552466 nsec
Iteration 6 started...  [elapsed] 1091615259 nsec
Iteration 7 started...  [elapsed] 1091463006 nsec
Iteration 8 started...  [elapsed] 1090795484 nsec
Iteration 9 started...  [elapsed] 1090379250 nsec
Iteration 10 started...  [elapsed] 1091693987 nsec
success!
