=============================================================
# of xstreams:             56
# of threads:              560
# of repeats:              11
Use pthread:               false
Preemption:                On
# of preemption groups:    56
Preemption timer interval: 10000 usec
Preemption type:           ABT_PREEMPTION_DISABLED
# of iterations:           30000000
=============================================================

Iteration 0 started...  [elapsed] 1088495357 nsec
Iteration 1 started...  [elapsed] 1088621349 nsec
Iteration 2 started...  [elapsed] 1088720234 nsec
Iteration 3 started...  [elapsed] 1088385320 nsec
Iteration 4 started...  [elapsed] 1089132129 nsec
Iteration 5 started...  [elapsed] 1088701801 nsec
Iteration 6 started...  [elapsed] 1089449895 nsec
Iteration 7 started...  [elapsed] 1088119142 nsec
Iteration 8 started...  [elapsed] 1091334411 nsec
Iteration 9 started...  [elapsed] 1089006792 nsec
Iteration 10 started...  [elapsed] 1088684449 nsec
success!
