=============================================================
# of xstreams:             56
# of threads:              560
# of repeats:              11
Use pthread:               false
Preemption:                On
# of preemption groups:    56
Preemption timer interval: 10000 usec
Preemption type:           ABT_PREEMPTION_DISABLED
# of iterations:           30000000
=============================================================

Iteration 0 started...  [elapsed] 1088251554 nsec
Iteration 1 started...  [elapsed] 1088062321 nsec
Iteration 2 started...  [elapsed] 1088013730 nsec
Iteration 3 started...  [elapsed] 1088274220 nsec
Iteration 4 started...  [elapsed] 1089097713 nsec
Iteration 5 started...  [elapsed] 1090559601 nsec
Iteration 6 started...  [elapsed] 1089837974 nsec
Iteration 7 started...  [elapsed] 1088544211 nsec
Iteration 8 started...  [elapsed] 1088874388 nsec
Iteration 9 started...  [elapsed] 1088691475 nsec
Iteration 10 started...  [elapsed] 1088619456 nsec
success!
