=============================================================
# of xstreams:             56
# of threads:              560
# of repeats:              11
Use pthread:               false
Preemption:                On
# of preemption groups:    56
Preemption timer interval: 10000 usec
Preemption type:           ABT_PREEMPTION_DISABLED
# of iterations:           30000000
=============================================================

Iteration 0 started...  [elapsed] 1088585944 nsec
Iteration 1 started...  [elapsed] 1088682535 nsec
Iteration 2 started...  [elapsed] 1088025442 nsec
Iteration 3 started...  [elapsed] 1088083329 nsec
Iteration 4 started...  [elapsed] 1089155502 nsec
Iteration 5 started...  [elapsed] 1089526087 nsec
Iteration 6 started...  [elapsed] 1089407794 nsec
Iteration 7 started...  [elapsed] 1087482226 nsec
Iteration 8 started...  [elapsed] 1087773258 nsec
Iteration 9 started...  [elapsed] 1088317059 nsec
Iteration 10 started...  [elapsed] 1088538731 nsec
success!
