=============================================================
# of xstreams:             56
# of threads:              560
# of repeats:              11
Use pthread:               false
Preemption:                On
# of preemption groups:    56
Preemption timer interval: 1000 usec
Preemption type:           ABT_PREEMPTION_DISABLED
# of iterations:           30000000
=============================================================

Iteration 0 started...  [elapsed] 1090470833 nsec
Iteration 1 started...  [elapsed] 1092043608 nsec
Iteration 2 started...  [elapsed] 1090767334 nsec
Iteration 3 started...  [elapsed] 1090716756 nsec
Iteration 4 started...  [elapsed] 1092578017 nsec
Iteration 5 started...  [elapsed] 1091095573 nsec
Iteration 6 started...  [elapsed] 1093101980 nsec
Iteration 7 started...  [elapsed] 1090152006 nsec
Iteration 8 started...  [elapsed] 1092226225 nsec
Iteration 9 started...  [elapsed] 1091826591 nsec
Iteration 10 started...  [elapsed] 1091956912 nsec
success!
