=============================================================
# of xstreams:             56
# of threads:              560
# of repeats:              11
Use pthread:               false
Preemption:                On
# of preemption groups:    56
Preemption timer interval: 1000 usec
Preemption type:           ABT_PREEMPTION_DISABLED
# of iterations:           30000000
=============================================================

Iteration 0 started...  [elapsed] 1091284298 nsec
Iteration 1 started...  [elapsed] 1090677305 nsec
Iteration 2 started...  [elapsed] 1092181952 nsec
Iteration 3 started...  [elapsed] 1090510747 nsec
Iteration 4 started...  [elapsed] 1090878967 nsec
Iteration 5 started...  [elapsed] 1091561704 nsec
Iteration 6 started...  [elapsed] 1091596537 nsec
Iteration 7 started...  [elapsed] 1091629487 nsec
Iteration 8 started...  [elapsed] 1090348801 nsec
Iteration 9 started...  [elapsed] 1092245704 nsec
Iteration 10 started...  [elapsed] 1090429347 nsec
success!
