=============================================================
# of xstreams:             56
# of threads:              560
# of repeats:              11
Use pthread:               false
Preemption:                On
# of preemption groups:    56
Preemption timer interval: 10000 usec
Preemption type:           ABT_PREEMPTION_DISABLED
# of iterations:           30000000
=============================================================

Iteration 0 started...  [elapsed] 1088426006 nsec
Iteration 1 started...  [elapsed] 1088699942 nsec
Iteration 2 started...  [elapsed] 1088786540 nsec
Iteration 3 started...  [elapsed] 1088828660 nsec
Iteration 4 started...  [elapsed] 1089146159 nsec
Iteration 5 started...  [elapsed] 1089351020 nsec
Iteration 6 started...  [elapsed] 1089574759 nsec
Iteration 7 started...  [elapsed] 1088336601 nsec
Iteration 8 started...  [elapsed] 1087869024 nsec
Iteration 9 started...  [elapsed] 1087786506 nsec
Iteration 10 started...  [elapsed] 1088981568 nsec
success!
