=============================================================
# of xstreams:             56
# of threads:              560
# of repeats:              11
Use pthread:               false
Preemption:                On
# of preemption groups:    56
Preemption timer interval: 1000 usec
Preemption type:           ABT_PREEMPTION_DISABLED
# of iterations:           30000000
=============================================================

Iteration 0 started...  [elapsed] 1091890861 nsec
Iteration 1 started...  [elapsed] 1092571510 nsec
Iteration 2 started...  [elapsed] 1090806905 nsec
Iteration 3 started...  [elapsed] 1091777259 nsec
Iteration 4 started...  [elapsed] 1093627802 nsec
Iteration 5 started...  [elapsed] 1093060252 nsec
Iteration 6 started...  [elapsed] 1093058253 nsec
Iteration 7 started...  [elapsed] 1090331814 nsec
Iteration 8 started...  [elapsed] 1092241625 nsec
Iteration 9 started...  [elapsed] 1091851259 nsec
Iteration 10 started...  [elapsed] 1090548882 nsec
success!
