=============================================================
# of xstreams:             56
# of threads:              560
# of repeats:              11
Use pthread:               false
Preemption:                On
# of preemption groups:    56
Preemption timer interval: 10000 usec
Preemption type:           ABT_PREEMPTION_DISABLED
# of iterations:           30000000
=============================================================

Iteration 0 started...  [elapsed] 1088206537 nsec
Iteration 1 started...  [elapsed] 1088638186 nsec
Iteration 2 started...  [elapsed] 1088803926 nsec
Iteration 3 started...  [elapsed] 1088557623 nsec
Iteration 4 started...  [elapsed] 1088819283 nsec
Iteration 5 started...  [elapsed] 1089158611 nsec
Iteration 6 started...  [elapsed] 1089534044 nsec
Iteration 7 started...  [elapsed] 1088490363 nsec
Iteration 8 started...  [elapsed] 1090634997 nsec
Iteration 9 started...  [elapsed] 1090542231 nsec
Iteration 10 started...  [elapsed] 1090021233 nsec
success!
