=============================================================
# of xstreams:             56
# of threads:              560
# of repeats:              11
Use pthread:               false
Preemption:                On
# of preemption groups:    56
Preemption timer interval: 1000 usec
Preemption type:           ABT_PREEMPTION_DISABLED
# of iterations:           30000000
=============================================================

Iteration 0 started...  [elapsed] 1090558514 nsec
Iteration 1 started...  [elapsed] 1091916684 nsec
Iteration 2 started...  [elapsed] 1090683048 nsec
Iteration 3 started...  [elapsed] 1091948758 nsec
Iteration 4 started...  [elapsed] 1092308415 nsec
Iteration 5 started...  [elapsed] 1092553943 nsec
Iteration 6 started...  [elapsed] 1091379338 nsec
Iteration 7 started...  [elapsed] 1091876703 nsec
Iteration 8 started...  [elapsed] 1090437597 nsec
Iteration 9 started...  [elapsed] 1090335964 nsec
Iteration 10 started...  [elapsed] 1090451064 nsec
success!
