=============================================================
# of xstreams:             56
# of threads:              560
# of repeats:              11
Use pthread:               false
Preemption:                On
# of preemption groups:    56
Preemption timer interval: 1000 usec
Preemption type:           ABT_PREEMPTION_DISABLED
# of iterations:           30000000
=============================================================

Iteration 0 started...  [elapsed] 1090601798 nsec
Iteration 1 started...  [elapsed] 1090879010 nsec
Iteration 2 started...  [elapsed] 1090673455 nsec
Iteration 3 started...  [elapsed] 1090626069 nsec
Iteration 4 started...  [elapsed] 1092291317 nsec
Iteration 5 started...  [elapsed] 1092731797 nsec
Iteration 6 started...  [elapsed] 1093034326 nsec
Iteration 7 started...  [elapsed] 1090526330 nsec
Iteration 8 started...  [elapsed] 1090865914 nsec
Iteration 9 started...  [elapsed] 1091731814 nsec
Iteration 10 started...  [elapsed] 1090651719 nsec
success!
