=============================================================
# of xstreams:             56
# of threads:              560
# of repeats:              11
Use pthread:               false
Preemption:                On
# of preemption groups:    56
Preemption timer interval: 150 usec
Preemption type:           ABT_PREEMPTION_DISABLED
# of iterations:           30000000
=============================================================

Iteration 0 started...  [elapsed] 1112290718 nsec
Iteration 1 started...  [elapsed] 1112887554 nsec
Iteration 2 started...  [elapsed] 1112216168 nsec
Iteration 3 started...  [elapsed] 1112147542 nsec
Iteration 4 started...  [elapsed] 1112419516 nsec
Iteration 5 started...  [elapsed] 1113497454 nsec
Iteration 6 started...  [elapsed] 1112886948 nsec
Iteration 7 started...  [elapsed] 1111531157 nsec
Iteration 8 started...  [elapsed] 1112114677 nsec
Iteration 9 started...  [elapsed] 1111939912 nsec
Iteration 10 started...  [elapsed] 1111999448 nsec
success!
