=============================================================
# of xstreams:             56
# of threads:              560
# of repeats:              11
Use pthread:               false
Preemption:                On
# of preemption groups:    56
Preemption timer interval: 150 usec
Preemption type:           ABT_PREEMPTION_DISABLED
# of iterations:           30000000
=============================================================

Iteration 0 started...  [elapsed] 1112242438 nsec
Iteration 1 started...  [elapsed] 1112475598 nsec
Iteration 2 started...  [elapsed] 1112676251 nsec
Iteration 3 started...  [elapsed] 1115112107 nsec
Iteration 4 started...  [elapsed] 1115255467 nsec
Iteration 5 started...  [elapsed] 1116275308 nsec
Iteration 6 started...  [elapsed] 1115198667 nsec
Iteration 7 started...  [elapsed] 1112391447 nsec
Iteration 8 started...  [elapsed] 1113129389 nsec
Iteration 9 started...  [elapsed] 1112313611 nsec
Iteration 10 started...  [elapsed] 1111812133 nsec
success!
