=============================================================
# of xstreams:             56
# of threads:              560
# of repeats:              11
Use pthread:               false
Preemption:                On
# of preemption groups:    56
Preemption timer interval: 1500 usec
Preemption type:           ABT_PREEMPTION_DISABLED
# of iterations:           30000000
=============================================================

Iteration 0 started...  [elapsed] 1089848245 nsec
Iteration 1 started...  [elapsed] 1090098134 nsec
Iteration 2 started...  [elapsed] 1089967104 nsec
Iteration 3 started...  [elapsed] 1090703144 nsec
Iteration 4 started...  [elapsed] 1090282835 nsec
Iteration 5 started...  [elapsed] 1090603510 nsec
Iteration 6 started...  [elapsed] 1090636422 nsec
Iteration 7 started...  [elapsed] 1089504937 nsec
Iteration 8 started...  [elapsed] 1089708514 nsec
Iteration 9 started...  [elapsed] 1089404988 nsec
Iteration 10 started...  [elapsed] 1089893959 nsec
success!
