=============================================================
# of xstreams:             56
# of threads:              560
# of repeats:              11
Use pthread:               false
Preemption:                On
# of preemption groups:    56
Preemption timer interval: 150 usec
Preemption type:           ABT_PREEMPTION_DISABLED
# of iterations:           30000000
=============================================================

Iteration 0 started...  [elapsed] 1112528063 nsec
Iteration 1 started...  [elapsed] 1112325354 nsec
Iteration 2 started...  [elapsed] 1112124139 nsec
Iteration 3 started...  [elapsed] 1112783617 nsec
Iteration 4 started...  [elapsed] 1113065034 nsec
Iteration 5 started...  [elapsed] 1113561439 nsec
Iteration 6 started...  [elapsed] 1113187532 nsec
Iteration 7 started...  [elapsed] 1112429493 nsec
Iteration 8 started...  [elapsed] 1112952610 nsec
Iteration 9 started...  [elapsed] 1111945158 nsec
Iteration 10 started...  [elapsed] 1112353438 nsec
success!
