=============================================================
# of xstreams:             56
# of threads:              560
# of repeats:              11
Use pthread:               false
Preemption:                On
# of preemption groups:    56
Preemption timer interval: 1500 usec
Preemption type:           ABT_PREEMPTION_DISABLED
# of iterations:           30000000
=============================================================

Iteration 0 started...  [elapsed] 1089888934 nsec
Iteration 1 started...  [elapsed] 1089755860 nsec
Iteration 2 started...  [elapsed] 1089887106 nsec
Iteration 3 started...  [elapsed] 1088985750 nsec
Iteration 4 started...  [elapsed] 1090226844 nsec
Iteration 5 started...  [elapsed] 1090693538 nsec
Iteration 6 started...  [elapsed] 1090668862 nsec
Iteration 7 started...  [elapsed] 1089599925 nsec
Iteration 8 started...  [elapsed] 1089863179 nsec
Iteration 9 started...  [elapsed] 1089745725 nsec
Iteration 10 started...  [elapsed] 1089762102 nsec
success!
