=============================================================
# of xstreams:             56
# of threads:              560
# of repeats:              11
Use pthread:               false
Preemption:                On
# of preemption groups:    56
Preemption timer interval: 1500 usec
Preemption type:           ABT_PREEMPTION_DISABLED
# of iterations:           30000000
=============================================================

Iteration 0 started...  [elapsed] 1089740031 nsec
Iteration 1 started...  [elapsed] 1090033830 nsec
Iteration 2 started...  [elapsed] 1090066387 nsec
Iteration 3 started...  [elapsed] 1090140773 nsec
Iteration 4 started...  [elapsed] 1090484837 nsec
Iteration 5 started...  [elapsed] 1090704631 nsec
Iteration 6 started...  [elapsed] 1090866844 nsec
Iteration 7 started...  [elapsed] 1089188077 nsec
Iteration 8 started...  [elapsed] 1089881896 nsec
Iteration 9 started...  [elapsed] 1089630225 nsec
Iteration 10 started...  [elapsed] 1090133489 nsec
success!
