=============================================================
# of xstreams:             56
# of threads:              560
# of repeats:              11
Use pthread:               false
Preemption:                On
# of preemption groups:    56
Preemption timer interval: 1500 usec
Preemption type:           ABT_PREEMPTION_DISABLED
# of iterations:           30000000
=============================================================

Iteration 0 started...  [elapsed] 1092206526 nsec
Iteration 1 started...  [elapsed] 1091512564 nsec
Iteration 2 started...  [elapsed] 1089243568 nsec
Iteration 3 started...  [elapsed] 1090028890 nsec
Iteration 4 started...  [elapsed] 1090745751 nsec
Iteration 5 started...  [elapsed] 1090304633 nsec
Iteration 6 started...  [elapsed] 1090829661 nsec
Iteration 7 started...  [elapsed] 1089564123 nsec
Iteration 8 started...  [elapsed] 1090267230 nsec
Iteration 9 started...  [elapsed] 1089377826 nsec
Iteration 10 started...  [elapsed] 1089756944 nsec
success!
