=============================================================
# of xstreams:             56
# of threads:              560
# of repeats:              11
Use pthread:               false
Preemption:                On
# of preemption groups:    56
Preemption timer interval: 150 usec
Preemption type:           ABT_PREEMPTION_DISABLED
# of iterations:           30000000
=============================================================

Iteration 0 started...  [elapsed] 1112012430 nsec
Iteration 1 started...  [elapsed] 1112652226 nsec
Iteration 2 started...  [elapsed] 1112808545 nsec
Iteration 3 started...  [elapsed] 1112137865 nsec
Iteration 4 started...  [elapsed] 1113146059 nsec
Iteration 5 started...  [elapsed] 1112972812 nsec
Iteration 6 started...  [elapsed] 1113594917 nsec
Iteration 7 started...  [elapsed] 1111673435 nsec
Iteration 8 started...  [elapsed] 1112402205 nsec
Iteration 9 started...  [elapsed] 1112362832 nsec
Iteration 10 started...  [elapsed] 1112480398 nsec
success!
