=============================================================
# of xstreams:             56
# of threads:              560
# of repeats:              11
Use pthread:               false
Preemption:                On
# of preemption groups:    56
Preemption timer interval: 1500 usec
Preemption type:           ABT_PREEMPTION_DISABLED
# of iterations:           30000000
=============================================================

Iteration 0 started...  [elapsed] 1089833420 nsec
Iteration 1 started...  [elapsed] 1089525126 nsec
Iteration 2 started...  [elapsed] 1089320730 nsec
Iteration 3 started...  [elapsed] 1090020115 nsec
Iteration 4 started...  [elapsed] 1090545439 nsec
Iteration 5 started...  [elapsed] 1090667509 nsec
Iteration 6 started...  [elapsed] 1090692831 nsec
Iteration 7 started...  [elapsed] 1089508632 nsec
Iteration 8 started...  [elapsed] 1089481220 nsec
Iteration 9 started...  [elapsed] 1089413291 nsec
Iteration 10 started...  [elapsed] 1089793717 nsec
success!
