=============================================================
# of xstreams:             56
# of threads:              560
# of repeats:              11
Use pthread:               false
Preemption:                On
# of preemption groups:    56
Preemption timer interval: 1500 usec
Preemption type:           ABT_PREEMPTION_DISABLED
# of iterations:           30000000
=============================================================

Iteration 0 started...  [elapsed] 1089721988 nsec
Iteration 1 started...  [elapsed] 1090105529 nsec
Iteration 2 started...  [elapsed] 1089262679 nsec
Iteration 3 started...  [elapsed] 1090109687 nsec
Iteration 4 started...  [elapsed] 1090501647 nsec
Iteration 5 started...  [elapsed] 1090675515 nsec
Iteration 6 started...  [elapsed] 1090782551 nsec
Iteration 7 started...  [elapsed] 1089437203 nsec
Iteration 8 started...  [elapsed] 1089329200 nsec
Iteration 9 started...  [elapsed] 1089240911 nsec
Iteration 10 started...  [elapsed] 1089844370 nsec
success!
