=============================================================
# of xstreams:             56
# of threads:              560
# of repeats:              11
Use pthread:               false
Preemption:                On
# of preemption groups:    56
Preemption timer interval: 1500 usec
Preemption type:           ABT_PREEMPTION_DISABLED
# of iterations:           30000000
=============================================================

Iteration 0 started...  [elapsed] 1089878572 nsec
Iteration 1 started...  [elapsed] 1090059479 nsec
Iteration 2 started...  [elapsed] 1089864903 nsec
Iteration 3 started...  [elapsed] 1090056008 nsec
Iteration 4 started...  [elapsed] 1090376516 nsec
Iteration 5 started...  [elapsed] 1090746628 nsec
Iteration 6 started...  [elapsed] 1090119241 nsec
Iteration 7 started...  [elapsed] 1089572956 nsec
Iteration 8 started...  [elapsed] 1088765646 nsec
Iteration 9 started...  [elapsed] 1090916906 nsec
Iteration 10 started...  [elapsed] 1091917306 nsec
success!
