=============================================================
# of xstreams:             56
# of threads:              560
# of repeats:              11
Use pthread:               false
Preemption:                On
# of preemption groups:    56
Preemption timer interval: 150 usec
Preemption type:           ABT_PREEMPTION_DISABLED
# of iterations:           30000000
=============================================================

Iteration 0 started...  [elapsed] 1112569926 nsec
Iteration 1 started...  [elapsed] 1112585798 nsec
Iteration 2 started...  [elapsed] 1112700831 nsec
Iteration 3 started...  [elapsed] 1112902831 nsec
Iteration 4 started...  [elapsed] 1113096303 nsec
Iteration 5 started...  [elapsed] 1113282967 nsec
Iteration 6 started...  [elapsed] 1112976244 nsec
Iteration 7 started...  [elapsed] 1111360163 nsec
Iteration 8 started...  [elapsed] 1113057596 nsec
Iteration 9 started...  [elapsed] 1112781945 nsec
Iteration 10 started...  [elapsed] 1112461226 nsec
success!
