=============================================================
# of xstreams:             56
# of threads:              560
# of repeats:              11
Use pthread:               false
Preemption:                On
# of preemption groups:    56
Preemption timer interval: 200 usec
Preemption type:           ABT_PREEMPTION_DISABLED
# of iterations:           30000000
=============================================================

Iteration 0 started...  [elapsed] 1106517514 nsec
Iteration 1 started...  [elapsed] 1106931617 nsec
Iteration 2 started...  [elapsed] 1106605502 nsec
Iteration 3 started...  [elapsed] 1106248500 nsec
Iteration 4 started...  [elapsed] 1106663403 nsec
Iteration 5 started...  [elapsed] 1107696024 nsec
Iteration 6 started...  [elapsed] 1107974995 nsec
Iteration 7 started...  [elapsed] 1106096238 nsec
Iteration 8 started...  [elapsed] 1108177763 nsec
Iteration 9 started...  [elapsed] 1108617269 nsec
Iteration 10 started...  [elapsed] 1108538408 nsec
success!
