=============================================================
# of xstreams:             56
# of threads:              560
# of repeats:              11
Use pthread:               false
Preemption:                On
# of preemption groups:    56
Preemption timer interval: 2000 usec
Preemption type:           ABT_PREEMPTION_DISABLED
# of iterations:           30000000
=============================================================

Iteration 0 started...  [elapsed] 1088674082 nsec
Iteration 1 started...  [elapsed] 1089241668 nsec
Iteration 2 started...  [elapsed] 1088769433 nsec
Iteration 3 started...  [elapsed] 1089311748 nsec
Iteration 4 started...  [elapsed] 1090141249 nsec
Iteration 5 started...  [elapsed] 1089678493 nsec
Iteration 6 started...  [elapsed] 1089804067 nsec
Iteration 7 started...  [elapsed] 1088511037 nsec
Iteration 8 started...  [elapsed] 1089334931 nsec
Iteration 9 started...  [elapsed] 1088871167 nsec
Iteration 10 started...  [elapsed] 1088641031 nsec
success!
