=============================================================
# of xstreams:             56
# of threads:              560
# of repeats:              11
Use pthread:               false
Preemption:                On
# of preemption groups:    56
Preemption timer interval: 200 usec
Preemption type:           ABT_PREEMPTION_DISABLED
# of iterations:           30000000
=============================================================

Iteration 0 started...  [elapsed] 1105737820 nsec
Iteration 1 started...  [elapsed] 1106290060 nsec
Iteration 2 started...  [elapsed] 1106420740 nsec
Iteration 3 started...  [elapsed] 1106569319 nsec
Iteration 4 started...  [elapsed] 1106973456 nsec
Iteration 5 started...  [elapsed] 1106898932 nsec
Iteration 6 started...  [elapsed] 1107410259 nsec
Iteration 7 started...  [elapsed] 1106377554 nsec
Iteration 8 started...  [elapsed] 1106520023 nsec
Iteration 9 started...  [elapsed] 1106192410 nsec
Iteration 10 started...  [elapsed] 1106623501 nsec
success!
