=============================================================
# of xstreams:             56
# of threads:              560
# of repeats:              11
Use pthread:               false
Preemption:                On
# of preemption groups:    56
Preemption timer interval: 200 usec
Preemption type:           ABT_PREEMPTION_DISABLED
# of iterations:           30000000
=============================================================

Iteration 0 started...  [elapsed] 1106306844 nsec
Iteration 1 started...  [elapsed] 1106772287 nsec
Iteration 2 started...  [elapsed] 1106158870 nsec
Iteration 3 started...  [elapsed] 1106083607 nsec
Iteration 4 started...  [elapsed] 1106747054 nsec
Iteration 5 started...  [elapsed] 1107043171 nsec
Iteration 6 started...  [elapsed] 1107413771 nsec
Iteration 7 started...  [elapsed] 1106551398 nsec
Iteration 8 started...  [elapsed] 1105996339 nsec
Iteration 9 started...  [elapsed] 1105974384 nsec
Iteration 10 started...  [elapsed] 1106245777 nsec
success!
