=============================================================
# of xstreams:             56
# of threads:              560
# of repeats:              11
Use pthread:               false
Preemption:                On
# of preemption groups:    56
Preemption timer interval: 2000 usec
Preemption type:           ABT_PREEMPTION_DISABLED
# of iterations:           30000000
=============================================================

Iteration 0 started...  [elapsed] 1089283230 nsec
Iteration 1 started...  [elapsed] 1089505933 nsec
Iteration 2 started...  [elapsed] 1088915195 nsec
Iteration 3 started...  [elapsed] 1089020646 nsec
Iteration 4 started...  [elapsed] 1089172938 nsec
Iteration 5 started...  [elapsed] 1090172487 nsec
Iteration 6 started...  [elapsed] 1090242123 nsec
Iteration 7 started...  [elapsed] 1088923445 nsec
Iteration 8 started...  [elapsed] 1089033768 nsec
Iteration 9 started...  [elapsed] 1088410829 nsec
Iteration 10 started...  [elapsed] 1089213165 nsec
success!
