=============================================================
# of xstreams:             56
# of threads:              560
# of repeats:              11
Use pthread:               false
Preemption:                On
# of preemption groups:    56
Preemption timer interval: 200 usec
Preemption type:           ABT_PREEMPTION_DISABLED
# of iterations:           30000000
=============================================================

Iteration 0 started...  [elapsed] 1105752830 nsec
Iteration 1 started...  [elapsed] 1106749579 nsec
Iteration 2 started...  [elapsed] 1107348943 nsec
Iteration 3 started...  [elapsed] 1107107135 nsec
Iteration 4 started...  [elapsed] 1106875901 nsec
Iteration 5 started...  [elapsed] 1106976728 nsec
Iteration 6 started...  [elapsed] 1107395306 nsec
Iteration 7 started...  [elapsed] 1106319313 nsec
Iteration 8 started...  [elapsed] 1106614172 nsec
Iteration 9 started...  [elapsed] 1105977738 nsec
Iteration 10 started...  [elapsed] 1106673751 nsec
success!
