=============================================================
# of xstreams:             56
# of threads:              560
# of repeats:              11
Use pthread:               false
Preemption:                On
# of preemption groups:    56
Preemption timer interval: 200 usec
Preemption type:           ABT_PREEMPTION_DISABLED
# of iterations:           30000000
=============================================================

Iteration 0 started...  [elapsed] 1107656481 nsec
Iteration 1 started...  [elapsed] 1106961924 nsec
Iteration 2 started...  [elapsed] 1106467416 nsec
Iteration 3 started...  [elapsed] 1106744363 nsec
Iteration 4 started...  [elapsed] 1107173610 nsec
Iteration 5 started...  [elapsed] 1107769702 nsec
Iteration 6 started...  [elapsed] 1109013001 nsec
Iteration 7 started...  [elapsed] 1106558081 nsec
Iteration 8 started...  [elapsed] 1106708562 nsec
Iteration 9 started...  [elapsed] 1105613992 nsec
Iteration 10 started...  [elapsed] 1106527444 nsec
success!
