=============================================================
# of xstreams:             56
# of threads:              560
# of repeats:              11
Use pthread:               false
Preemption:                On
# of preemption groups:    56
Preemption timer interval: 2000 usec
Preemption type:           ABT_PREEMPTION_DISABLED
# of iterations:           30000000
=============================================================

Iteration 0 started...  [elapsed] 1089072056 nsec
Iteration 1 started...  [elapsed] 1089022402 nsec
Iteration 2 started...  [elapsed] 1089386561 nsec
Iteration 3 started...  [elapsed] 1089285067 nsec
Iteration 4 started...  [elapsed] 1089694309 nsec
Iteration 5 started...  [elapsed] 1089867154 nsec
Iteration 6 started...  [elapsed] 1090155306 nsec
Iteration 7 started...  [elapsed] 1088877921 nsec
Iteration 8 started...  [elapsed] 1089229888 nsec
Iteration 9 started...  [elapsed] 1089152631 nsec
Iteration 10 started...  [elapsed] 1089098237 nsec
success!
