=============================================================
# of xstreams:             56
# of threads:              560
# of repeats:              11
Use pthread:               false
Preemption:                On
# of preemption groups:    56
Preemption timer interval: 2000 usec
Preemption type:           ABT_PREEMPTION_DISABLED
# of iterations:           30000000
=============================================================

Iteration 0 started...  [elapsed] 1089133489 nsec
Iteration 1 started...  [elapsed] 1089117958 nsec
Iteration 2 started...  [elapsed] 1089255489 nsec
Iteration 3 started...  [elapsed] 1088712704 nsec
Iteration 4 started...  [elapsed] 1089837685 nsec
Iteration 5 started...  [elapsed] 1090081374 nsec
Iteration 6 started...  [elapsed] 1089898395 nsec
Iteration 7 started...  [elapsed] 1089086141 nsec
Iteration 8 started...  [elapsed] 1088682816 nsec
Iteration 9 started...  [elapsed] 1088859552 nsec
Iteration 10 started...  [elapsed] 1089114197 nsec
success!
