=============================================================
# of xstreams:             56
# of threads:              560
# of repeats:              11
Use pthread:               false
Preemption:                On
# of preemption groups:    56
Preemption timer interval: 200 usec
Preemption type:           ABT_PREEMPTION_DISABLED
# of iterations:           30000000
=============================================================

Iteration 0 started...  [elapsed] 1106207650 nsec
Iteration 1 started...  [elapsed] 1106333378 nsec
Iteration 2 started...  [elapsed] 1106027211 nsec
Iteration 3 started...  [elapsed] 1106163507 nsec
Iteration 4 started...  [elapsed] 1107555460 nsec
Iteration 5 started...  [elapsed] 1107061506 nsec
Iteration 6 started...  [elapsed] 1107131414 nsec
Iteration 7 started...  [elapsed] 1106982819 nsec
Iteration 8 started...  [elapsed] 1106213348 nsec
Iteration 9 started...  [elapsed] 1105828718 nsec
Iteration 10 started...  [elapsed] 1106566324 nsec
success!
