=============================================================
# of xstreams:             56
# of threads:              560
# of repeats:              11
Use pthread:               false
Preemption:                On
# of preemption groups:    56
Preemption timer interval: 3000 usec
Preemption type:           ABT_PREEMPTION_DISABLED
# of iterations:           30000000
=============================================================

Iteration 0 started...  [elapsed] 1088814604 nsec
Iteration 1 started...  [elapsed] 1088508218 nsec
Iteration 2 started...  [elapsed] 1088568653 nsec
Iteration 3 started...  [elapsed] 1088648935 nsec
Iteration 4 started...  [elapsed] 1088972583 nsec
Iteration 5 started...  [elapsed] 1089605342 nsec
Iteration 6 started...  [elapsed] 1089849098 nsec
Iteration 7 started...  [elapsed] 1088702961 nsec
Iteration 8 started...  [elapsed] 1087569688 nsec
Iteration 9 started...  [elapsed] 1087983997 nsec
Iteration 10 started...  [elapsed] 1088665097 nsec
success!
