=============================================================
# of xstreams:             56
# of threads:              560
# of repeats:              11
Use pthread:               false
Preemption:                On
# of preemption groups:    56
Preemption timer interval: 3000 usec
Preemption type:           ABT_PREEMPTION_DISABLED
# of iterations:           30000000
=============================================================

Iteration 0 started...  [elapsed] 1090789078 nsec
Iteration 1 started...  [elapsed] 1091217105 nsec
Iteration 2 started...  [elapsed] 1091279976 nsec
Iteration 3 started...  [elapsed] 1090618580 nsec
Iteration 4 started...  [elapsed] 1089392100 nsec
Iteration 5 started...  [elapsed] 1088987539 nsec
Iteration 6 started...  [elapsed] 1088784135 nsec
Iteration 7 started...  [elapsed] 1088568171 nsec
Iteration 8 started...  [elapsed] 1089117241 nsec
Iteration 9 started...  [elapsed] 1088734927 nsec
Iteration 10 started...  [elapsed] 1088906355 nsec
success!
