=============================================================
# of xstreams:             56
# of threads:              560
# of repeats:              11
Use pthread:               false
Preemption:                On
# of preemption groups:    56
Preemption timer interval: 3000 usec
Preemption type:           ABT_PREEMPTION_DISABLED
# of iterations:           30000000
=============================================================

Iteration 0 started...  [elapsed] 1088912460 nsec
Iteration 1 started...  [elapsed] 1088248398 nsec
Iteration 2 started...  [elapsed] 1089025571 nsec
Iteration 3 started...  [elapsed] 1089013906 nsec
Iteration 4 started...  [elapsed] 1089518684 nsec
Iteration 5 started...  [elapsed] 1089543307 nsec
Iteration 6 started...  [elapsed] 1089437816 nsec
Iteration 7 started...  [elapsed] 1088530746 nsec
Iteration 8 started...  [elapsed] 1088971848 nsec
Iteration 9 started...  [elapsed] 1088652940 nsec
Iteration 10 started...  [elapsed] 1088436855 nsec
success!
