=============================================================
# of xstreams:             56
# of threads:              560
# of repeats:              11
Use pthread:               false
Preemption:                On
# of preemption groups:    56
Preemption timer interval: 300 usec
Preemption type:           ABT_PREEMPTION_DISABLED
# of iterations:           30000000
=============================================================

Iteration 0 started...  [elapsed] 1099779692 nsec
Iteration 1 started...  [elapsed] 1100400464 nsec
Iteration 2 started...  [elapsed] 1100831693 nsec
Iteration 3 started...  [elapsed] 1100360608 nsec
Iteration 4 started...  [elapsed] 1101236374 nsec
Iteration 5 started...  [elapsed] 1101650273 nsec
Iteration 6 started...  [elapsed] 1103284963 nsec
Iteration 7 started...  [elapsed] 1102977660 nsec
Iteration 8 started...  [elapsed] 1103100755 nsec
Iteration 9 started...  [elapsed] 1102401183 nsec
Iteration 10 started...  [elapsed] 1101322117 nsec
success!
