=============================================================
# of xstreams:             56
# of threads:              560
# of repeats:              11
Use pthread:               false
Preemption:                On
# of preemption groups:    56
Preemption timer interval: 3000 usec
Preemption type:           ABT_PREEMPTION_DISABLED
# of iterations:           30000000
=============================================================

Iteration 0 started...  [elapsed] 1088661413 nsec
Iteration 1 started...  [elapsed] 1089095187 nsec
Iteration 2 started...  [elapsed] 1089141064 nsec
Iteration 3 started...  [elapsed] 1089043684 nsec
Iteration 4 started...  [elapsed] 1089195375 nsec
Iteration 5 started...  [elapsed] 1089875046 nsec
Iteration 6 started...  [elapsed] 1089511636 nsec
Iteration 7 started...  [elapsed] 1088222308 nsec
Iteration 8 started...  [elapsed] 1088936201 nsec
Iteration 9 started...  [elapsed] 1090306518 nsec
Iteration 10 started...  [elapsed] 1088565384 nsec
success!
