=============================================================
# of xstreams:             56
# of threads:              560
# of repeats:              11
Use pthread:               false
Preemption:                On
# of preemption groups:    56
Preemption timer interval: 300 usec
Preemption type:           ABT_PREEMPTION_DISABLED
# of iterations:           30000000
=============================================================

Iteration 0 started...  [elapsed] 1100115109 nsec
Iteration 1 started...  [elapsed] 1101099154 nsec
Iteration 2 started...  [elapsed] 1100659632 nsec
Iteration 3 started...  [elapsed] 1101028769 nsec
Iteration 4 started...  [elapsed] 1100728635 nsec
Iteration 5 started...  [elapsed] 1100534012 nsec
Iteration 6 started...  [elapsed] 1101584139 nsec
Iteration 7 started...  [elapsed] 1100368012 nsec
Iteration 8 started...  [elapsed] 1100309327 nsec
Iteration 9 started...  [elapsed] 1100773640 nsec
Iteration 10 started...  [elapsed] 1099960294 nsec
success!
