=============================================================
# of xstreams:             56
# of threads:              560
# of repeats:              11
Use pthread:               false
Preemption:                On
# of preemption groups:    56
Preemption timer interval: 300 usec
Preemption type:           ABT_PREEMPTION_DISABLED
# of iterations:           30000000
=============================================================

Iteration 0 started...  [elapsed] 1099464070 nsec
Iteration 1 started...  [elapsed] 1100823988 nsec
Iteration 2 started...  [elapsed] 1100719627 nsec
Iteration 3 started...  [elapsed] 1100938292 nsec
Iteration 4 started...  [elapsed] 1101053469 nsec
Iteration 5 started...  [elapsed] 1101440854 nsec
Iteration 6 started...  [elapsed] 1101235237 nsec
Iteration 7 started...  [elapsed] 1099604378 nsec
Iteration 8 started...  [elapsed] 1100517920 nsec
Iteration 9 started...  [elapsed] 1100005582 nsec
Iteration 10 started...  [elapsed] 1100457570 nsec
success!
