=============================================================
# of xstreams:             56
# of threads:              560
# of repeats:              11
Use pthread:               false
Preemption:                On
# of preemption groups:    56
Preemption timer interval: 300 usec
Preemption type:           ABT_PREEMPTION_DISABLED
# of iterations:           30000000
=============================================================

Iteration 0 started...  [elapsed] 1100727418 nsec
Iteration 1 started...  [elapsed] 1101209690 nsec
Iteration 2 started...  [elapsed] 1101099159 nsec
Iteration 3 started...  [elapsed] 1100431088 nsec
Iteration 4 started...  [elapsed] 1100923132 nsec
Iteration 5 started...  [elapsed] 1101343636 nsec
Iteration 6 started...  [elapsed] 1102798310 nsec
Iteration 7 started...  [elapsed] 1103037955 nsec
Iteration 8 started...  [elapsed] 1102748879 nsec
Iteration 9 started...  [elapsed] 1102665522 nsec
Iteration 10 started...  [elapsed] 1102350774 nsec
success!
