=============================================================
# of xstreams:             56
# of threads:              560
# of repeats:              11
Use pthread:               false
Preemption:                On
# of preemption groups:    56
Preemption timer interval: 300 usec
Preemption type:           ABT_PREEMPTION_DISABLED
# of iterations:           30000000
=============================================================

Iteration 0 started...  [elapsed] 1100657776 nsec
Iteration 1 started...  [elapsed] 1100405118 nsec
Iteration 2 started...  [elapsed] 1100222453 nsec
Iteration 3 started...  [elapsed] 1100939583 nsec
Iteration 4 started...  [elapsed] 1101448666 nsec
Iteration 5 started...  [elapsed] 1101141372 nsec
Iteration 6 started...  [elapsed] 1101805273 nsec
Iteration 7 started...  [elapsed] 1099384751 nsec
Iteration 8 started...  [elapsed] 1100899499 nsec
Iteration 9 started...  [elapsed] 1100505644 nsec
Iteration 10 started...  [elapsed] 1100580247 nsec
success!
