=============================================================
# of xstreams:             56
# of threads:              560
# of repeats:              11
Use pthread:               false
Preemption:                On
# of preemption groups:    56
Preemption timer interval: 3000 usec
Preemption type:           ABT_PREEMPTION_DISABLED
# of iterations:           30000000
=============================================================

Iteration 0 started...  [elapsed] 1088834282 nsec
Iteration 1 started...  [elapsed] 1088975488 nsec
Iteration 2 started...  [elapsed] 1089030087 nsec
Iteration 3 started...  [elapsed] 1088054284 nsec
Iteration 4 started...  [elapsed] 1089421123 nsec
Iteration 5 started...  [elapsed] 1089587706 nsec
Iteration 6 started...  [elapsed] 1089447160 nsec
Iteration 7 started...  [elapsed] 1088375822 nsec
Iteration 8 started...  [elapsed] 1089099619 nsec
Iteration 9 started...  [elapsed] 1088543072 nsec
Iteration 10 started...  [elapsed] 1088623372 nsec
success!
