=============================================================
# of xstreams:             56
# of threads:              560
# of repeats:              11
Use pthread:               false
Preemption:                On
# of preemption groups:    56
Preemption timer interval: 3000 usec
Preemption type:           ABT_PREEMPTION_DISABLED
# of iterations:           30000000
=============================================================

Iteration 0 started...  [elapsed] 1088581379 nsec
Iteration 1 started...  [elapsed] 1088713216 nsec
Iteration 2 started...  [elapsed] 1088719659 nsec
Iteration 3 started...  [elapsed] 1088684817 nsec
Iteration 4 started...  [elapsed] 1089017004 nsec
Iteration 5 started...  [elapsed] 1089358589 nsec
Iteration 6 started...  [elapsed] 1089085498 nsec
Iteration 7 started...  [elapsed] 1087521904 nsec
Iteration 8 started...  [elapsed] 1088834121 nsec
Iteration 9 started...  [elapsed] 1088662564 nsec
Iteration 10 started...  [elapsed] 1088979386 nsec
success!
