=============================================================
# of xstreams:             56
# of threads:              560
# of repeats:              11
Use pthread:               false
Preemption:                On
# of preemption groups:    56
Preemption timer interval: 300 usec
Preemption type:           ABT_PREEMPTION_DISABLED
# of iterations:           30000000
=============================================================

Iteration 0 started...  [elapsed] 1100087275 nsec
Iteration 1 started...  [elapsed] 1100250099 nsec
Iteration 2 started...  [elapsed] 1100407187 nsec
Iteration 3 started...  [elapsed] 1100429934 nsec
Iteration 4 started...  [elapsed] 1101237131 nsec
Iteration 5 started...  [elapsed] 1101421718 nsec
Iteration 6 started...  [elapsed] 1100845849 nsec
Iteration 7 started...  [elapsed] 1100498165 nsec
Iteration 8 started...  [elapsed] 1100089028 nsec
Iteration 9 started...  [elapsed] 1100038897 nsec
Iteration 10 started...  [elapsed] 1100871066 nsec
success!
