=============================================================
# of xstreams:             56
# of threads:              560
# of repeats:              11
Use pthread:               false
Preemption:                On
# of preemption groups:    56
Preemption timer interval: 300 usec
Preemption type:           ABT_PREEMPTION_DISABLED
# of iterations:           30000000
=============================================================

Iteration 0 started...  [elapsed] 1100673597 nsec
Iteration 1 started...  [elapsed] 1100617076 nsec
Iteration 2 started...  [elapsed] 1100876772 nsec
Iteration 3 started...  [elapsed] 1101158655 nsec
Iteration 4 started...  [elapsed] 1101639309 nsec
Iteration 5 started...  [elapsed] 1101381202 nsec
Iteration 6 started...  [elapsed] 1101022522 nsec
Iteration 7 started...  [elapsed] 1100871781 nsec
Iteration 8 started...  [elapsed] 1101153694 nsec
Iteration 9 started...  [elapsed] 1101212431 nsec
Iteration 10 started...  [elapsed] 1100904712 nsec
success!
