=============================================================
# of xstreams:             56
# of threads:              560
# of repeats:              11
Use pthread:               false
Preemption:                On
# of preemption groups:    56
Preemption timer interval: 300 usec
Preemption type:           ABT_PREEMPTION_DISABLED
# of iterations:           30000000
=============================================================

Iteration 0 started...  [elapsed] 1100495126 nsec
Iteration 1 started...  [elapsed] 1100994242 nsec
Iteration 2 started...  [elapsed] 1100732619 nsec
Iteration 3 started...  [elapsed] 1100840453 nsec
Iteration 4 started...  [elapsed] 1101419721 nsec
Iteration 5 started...  [elapsed] 1101237596 nsec
Iteration 6 started...  [elapsed] 1101831644 nsec
Iteration 7 started...  [elapsed] 1099193016 nsec
Iteration 8 started...  [elapsed] 1100610930 nsec
Iteration 9 started...  [elapsed] 1100541854 nsec
Iteration 10 started...  [elapsed] 1100574933 nsec
success!
