=============================================================
# of xstreams:             56
# of threads:              560
# of repeats:              11
Use pthread:               false
Preemption:                On
# of preemption groups:    56
Preemption timer interval: 3000 usec
Preemption type:           ABT_PREEMPTION_DISABLED
# of iterations:           30000000
=============================================================

Iteration 0 started...  [elapsed] 1088842024 nsec
Iteration 1 started...  [elapsed] 1088160609 nsec
Iteration 2 started...  [elapsed] 1088280122 nsec
Iteration 3 started...  [elapsed] 1088949283 nsec
Iteration 4 started...  [elapsed] 1088925959 nsec
Iteration 5 started...  [elapsed] 1089293153 nsec
Iteration 6 started...  [elapsed] 1089472309 nsec
Iteration 7 started...  [elapsed] 1088009172 nsec
Iteration 8 started...  [elapsed] 1088348428 nsec
Iteration 9 started...  [elapsed] 1088035510 nsec
Iteration 10 started...  [elapsed] 1088806496 nsec
success!
