=============================================================
# of xstreams:             56
# of threads:              560
# of repeats:              11
Use pthread:               false
Preemption:                On
# of preemption groups:    56
Preemption timer interval: 5000 usec
Preemption type:           ABT_PREEMPTION_DISABLED
# of iterations:           30000000
=============================================================

Iteration 0 started...  [elapsed] 1088617222 nsec
Iteration 1 started...  [elapsed] 1088707912 nsec
Iteration 2 started...  [elapsed] 1088839798 nsec
Iteration 3 started...  [elapsed] 1088528084 nsec
Iteration 4 started...  [elapsed] 1088357187 nsec
Iteration 5 started...  [elapsed] 1089307870 nsec
Iteration 6 started...  [elapsed] 1088845413 nsec
Iteration 7 started...  [elapsed] 1088216301 nsec
Iteration 8 started...  [elapsed] 1089092902 nsec
Iteration 9 started...  [elapsed] 1088451276 nsec
Iteration 10 started...  [elapsed] 1088136567 nsec
success!
