=============================================================
# of xstreams:             56
# of threads:              560
# of repeats:              11
Use pthread:               false
Preemption:                On
# of preemption groups:    56
Preemption timer interval: 500 usec
Preemption type:           ABT_PREEMPTION_DISABLED
# of iterations:           30000000
=============================================================

Iteration 0 started...  [elapsed] 1097308520 nsec
Iteration 1 started...  [elapsed] 1097319713 nsec
Iteration 2 started...  [elapsed] 1096881427 nsec
Iteration 3 started...  [elapsed] 1096827793 nsec
Iteration 4 started...  [elapsed] 1095972699 nsec
Iteration 5 started...  [elapsed] 1096644573 nsec
Iteration 6 started...  [elapsed] 1097619077 nsec
Iteration 7 started...  [elapsed] 1096996132 nsec
Iteration 8 started...  [elapsed] 1096796640 nsec
Iteration 9 started...  [elapsed] 1096356930 nsec
Iteration 10 started...  [elapsed] 1096757495 nsec
success!
