=============================================================
# of xstreams:             56
# of threads:              560
# of repeats:              11
Use pthread:               false
Preemption:                On
# of preemption groups:    56
Preemption timer interval: 500 usec
Preemption type:           ABT_PREEMPTION_DISABLED
# of iterations:           30000000
=============================================================

Iteration 0 started...  [elapsed] 1096245651 nsec
Iteration 1 started...  [elapsed] 1097599564 nsec
Iteration 2 started...  [elapsed] 1096419287 nsec
Iteration 3 started...  [elapsed] 1096868596 nsec
Iteration 4 started...  [elapsed] 1097333358 nsec
Iteration 5 started...  [elapsed] 1097798217 nsec
Iteration 6 started...  [elapsed] 1097882662 nsec
Iteration 7 started...  [elapsed] 1096474900 nsec
Iteration 8 started...  [elapsed] 1096952551 nsec
Iteration 9 started...  [elapsed] 1096066976 nsec
Iteration 10 started...  [elapsed] 1096306893 nsec
success!
