=============================================================
# of xstreams:             56
# of threads:              560
# of repeats:              11
Use pthread:               false
Preemption:                On
# of preemption groups:    56
Preemption timer interval: 500 usec
Preemption type:           ABT_PREEMPTION_DISABLED
# of iterations:           30000000
=============================================================

Iteration 0 started...  [elapsed] 1096009011 nsec
Iteration 1 started...  [elapsed] 1097175149 nsec
Iteration 2 started...  [elapsed] 1097035068 nsec
Iteration 3 started...  [elapsed] 1097308398 nsec
Iteration 4 started...  [elapsed] 1097018733 nsec
Iteration 5 started...  [elapsed] 1097676183 nsec
Iteration 6 started...  [elapsed] 1097847445 nsec
Iteration 7 started...  [elapsed] 1097244138 nsec
Iteration 8 started...  [elapsed] 1096151463 nsec
Iteration 9 started...  [elapsed] 1096091951 nsec
Iteration 10 started...  [elapsed] 1096456862 nsec
success!
