=============================================================
# of xstreams:             56
# of threads:              560
# of repeats:              11
Use pthread:               false
Preemption:                On
# of preemption groups:    56
Preemption timer interval: 5000 usec
Preemption type:           ABT_PREEMPTION_DISABLED
# of iterations:           30000000
=============================================================

Iteration 0 started...  [elapsed] 1090809386 nsec
Iteration 1 started...  [elapsed] 1089130402 nsec
Iteration 2 started...  [elapsed] 1088672979 nsec
Iteration 3 started...  [elapsed] 1089303271 nsec
Iteration 4 started...  [elapsed] 1089169685 nsec
Iteration 5 started...  [elapsed] 1089242438 nsec
Iteration 6 started...  [elapsed] 1088593747 nsec
Iteration 7 started...  [elapsed] 1087732290 nsec
Iteration 8 started...  [elapsed] 1088598189 nsec
Iteration 9 started...  [elapsed] 1087507692 nsec
Iteration 10 started...  [elapsed] 1087845449 nsec
success!
