=============================================================
# of xstreams:             56
# of threads:              560
# of repeats:              11
Use pthread:               false
Preemption:                On
# of preemption groups:    56
Preemption timer interval: 500 usec
Preemption type:           ABT_PREEMPTION_DISABLED
# of iterations:           30000000
=============================================================

Iteration 0 started...  [elapsed] 1096527321 nsec
Iteration 1 started...  [elapsed] 1097409578 nsec
Iteration 2 started...  [elapsed] 1097112506 nsec
Iteration 3 started...  [elapsed] 1097383398 nsec
Iteration 4 started...  [elapsed] 1097940690 nsec
Iteration 5 started...  [elapsed] 1097872951 nsec
Iteration 6 started...  [elapsed] 1097683248 nsec
Iteration 7 started...  [elapsed] 1098930858 nsec
Iteration 8 started...  [elapsed] 1100333780 nsec
Iteration 9 started...  [elapsed] 1100970238 nsec
Iteration 10 started...  [elapsed] 1100219829 nsec
success!
