=============================================================
# of xstreams:             56
# of threads:              560
# of repeats:              11
Use pthread:               false
Preemption:                On
# of preemption groups:    56
Preemption timer interval: 5000 usec
Preemption type:           ABT_PREEMPTION_DISABLED
# of iterations:           30000000
=============================================================

Iteration 0 started...  [elapsed] 1088593250 nsec
Iteration 1 started...  [elapsed] 1088933053 nsec
Iteration 2 started...  [elapsed] 1088764814 nsec
Iteration 3 started...  [elapsed] 1087748131 nsec
Iteration 4 started...  [elapsed] 1089282448 nsec
Iteration 5 started...  [elapsed] 1089005527 nsec
Iteration 6 started...  [elapsed] 1089583371 nsec
Iteration 7 started...  [elapsed] 1088511072 nsec
Iteration 8 started...  [elapsed] 1087740879 nsec
Iteration 9 started...  [elapsed] 1087836543 nsec
Iteration 10 started...  [elapsed] 1088373204 nsec
success!
