=============================================================
# of xstreams:             56
# of threads:              560
# of repeats:              11
Use pthread:               false
Preemption:                On
# of preemption groups:    56
Preemption timer interval: 500 usec
Preemption type:           ABT_PREEMPTION_DISABLED
# of iterations:           30000000
=============================================================

Iteration 0 started...  [elapsed] 1096806052 nsec
Iteration 1 started...  [elapsed] 1096950352 nsec
Iteration 2 started...  [elapsed] 1098229861 nsec
Iteration 3 started...  [elapsed] 1097739062 nsec
Iteration 4 started...  [elapsed] 1097634000 nsec
Iteration 5 started...  [elapsed] 1098066758 nsec
Iteration 6 started...  [elapsed] 1098234850 nsec
Iteration 7 started...  [elapsed] 1096458497 nsec
Iteration 8 started...  [elapsed] 1096818684 nsec
Iteration 9 started...  [elapsed] 1096054924 nsec
Iteration 10 started...  [elapsed] 1097285656 nsec
success!
