=============================================================
# of xstreams:             56
# of threads:              560
# of repeats:              11
Use pthread:               false
Preemption:                On
# of preemption groups:    56
Preemption timer interval: 5000 usec
Preemption type:           ABT_PREEMPTION_DISABLED
# of iterations:           30000000
=============================================================

Iteration 0 started...  [elapsed] 1088643103 nsec
Iteration 1 started...  [elapsed] 1088691725 nsec
Iteration 2 started...  [elapsed] 1088839047 nsec
Iteration 3 started...  [elapsed] 1088657469 nsec
Iteration 4 started...  [elapsed] 1089043918 nsec
Iteration 5 started...  [elapsed] 1088523755 nsec
Iteration 6 started...  [elapsed] 1089454416 nsec
Iteration 7 started...  [elapsed] 1088558062 nsec
Iteration 8 started...  [elapsed] 1087975969 nsec
Iteration 9 started...  [elapsed] 1090093065 nsec
Iteration 10 started...  [elapsed] 1089850513 nsec
success!
