=============================================================
# of xstreams:             56
# of threads:              560
# of repeats:              11
Use pthread:               false
Preemption:                On
# of preemption groups:    56
Preemption timer interval: 5000 usec
Preemption type:           ABT_PREEMPTION_DISABLED
# of iterations:           30000000
=============================================================

Iteration 0 started...  [elapsed] 1088603643 nsec
Iteration 1 started...  [elapsed] 1088690925 nsec
Iteration 2 started...  [elapsed] 1088397189 nsec
Iteration 3 started...  [elapsed] 1088742598 nsec
Iteration 4 started...  [elapsed] 1089275282 nsec
Iteration 5 started...  [elapsed] 1089545253 nsec
Iteration 6 started...  [elapsed] 1089419710 nsec
Iteration 7 started...  [elapsed] 1088367292 nsec
Iteration 8 started...  [elapsed] 1088414610 nsec
Iteration 9 started...  [elapsed] 1088024460 nsec
Iteration 10 started...  [elapsed] 1088577541 nsec
success!
