=============================================================
# of xstreams:             56
# of threads:              560
# of repeats:              11
Use pthread:               false
Preemption:                On
# of preemption groups:    56
Preemption timer interval: 500 usec
Preemption type:           ABT_PREEMPTION_DISABLED
# of iterations:           30000000
=============================================================

Iteration 0 started...  [elapsed] 1096467386 nsec
Iteration 1 started...  [elapsed] 1097460085 nsec
Iteration 2 started...  [elapsed] 1097408398 nsec
Iteration 3 started...  [elapsed] 1097358649 nsec
Iteration 4 started...  [elapsed] 1097365872 nsec
Iteration 5 started...  [elapsed] 1097543887 nsec
Iteration 6 started...  [elapsed] 1097819326 nsec
Iteration 7 started...  [elapsed] 1096906102 nsec
Iteration 8 started...  [elapsed] 1096878974 nsec
Iteration 9 started...  [elapsed] 1097020158 nsec
Iteration 10 started...  [elapsed] 1096125203 nsec
success!
