=============================================================
# of xstreams:             56
# of threads:              560
# of repeats:              11
Use pthread:               false
Preemption:                On
# of preemption groups:    56
Preemption timer interval: 7000 usec
Preemption type:           ABT_PREEMPTION_DISABLED
# of iterations:           30000000
=============================================================

Iteration 0 started...  [elapsed] 1088518582 nsec
Iteration 1 started...  [elapsed] 1088304342 nsec
Iteration 2 started...  [elapsed] 1088271894 nsec
Iteration 3 started...  [elapsed] 1088768217 nsec
Iteration 4 started...  [elapsed] 1089233544 nsec
Iteration 5 started...  [elapsed] 1091271685 nsec
Iteration 6 started...  [elapsed] 1091261332 nsec
Iteration 7 started...  [elapsed] 1090005285 nsec
Iteration 8 started...  [elapsed] 1090387853 nsec
Iteration 9 started...  [elapsed] 1089094449 nsec
Iteration 10 started...  [elapsed] 1089186350 nsec
success!
