=============================================================
# of xstreams:             56
# of threads:              560
# of repeats:              11
Use pthread:               false
Preemption:                On
# of preemption groups:    56
Preemption timer interval: 7000 usec
Preemption type:           ABT_PREEMPTION_DISABLED
# of iterations:           30000000
=============================================================

Iteration 0 started...  [elapsed] 1088478573 nsec
Iteration 1 started...  [elapsed] 1088722691 nsec
Iteration 2 started...  [elapsed] 1088218119 nsec
Iteration 3 started...  [elapsed] 1088294732 nsec
Iteration 4 started...  [elapsed] 1088668134 nsec
Iteration 5 started...  [elapsed] 1088795457 nsec
Iteration 6 started...  [elapsed] 1088610152 nsec
Iteration 7 started...  [elapsed] 1088260273 nsec
Iteration 8 started...  [elapsed] 1088339753 nsec
Iteration 9 started...  [elapsed] 1088411040 nsec
Iteration 10 started...  [elapsed] 1088273235 nsec
success!
