=============================================================
# of xstreams:             56
# of threads:              560
# of repeats:              11
Use pthread:               false
Preemption:                On
# of preemption groups:    56
Preemption timer interval: 7000 usec
Preemption type:           ABT_PREEMPTION_DISABLED
# of iterations:           30000000
=============================================================

Iteration 0 started...  [elapsed] 1088417718 nsec
Iteration 1 started...  [elapsed] 1088269975 nsec
Iteration 2 started...  [elapsed] 1088559641 nsec
Iteration 3 started...  [elapsed] 1088388063 nsec
Iteration 4 started...  [elapsed] 1088757027 nsec
Iteration 5 started...  [elapsed] 1088795897 nsec
Iteration 6 started...  [elapsed] 1089487166 nsec
Iteration 7 started...  [elapsed] 1088159006 nsec
Iteration 8 started...  [elapsed] 1088208066 nsec
Iteration 9 started...  [elapsed] 1087971746 nsec
Iteration 10 started...  [elapsed] 1088540531 nsec
success!
