=============================================================
# of xstreams:             56
# of threads:              560
# of repeats:              11
Use pthread:               false
Preemption:                On
# of preemption groups:    56
Preemption timer interval: 700 usec
Preemption type:           ABT_PREEMPTION_DISABLED
# of iterations:           30000000
=============================================================

Iteration 0 started...  [elapsed] 1092347018 nsec
Iteration 1 started...  [elapsed] 1092389287 nsec
Iteration 2 started...  [elapsed] 1092285570 nsec
Iteration 3 started...  [elapsed] 1092832830 nsec
Iteration 4 started...  [elapsed] 1093168941 nsec
Iteration 5 started...  [elapsed] 1093734035 nsec
Iteration 6 started...  [elapsed] 1093580897 nsec
Iteration 7 started...  [elapsed] 1091844225 nsec
Iteration 8 started...  [elapsed] 1092124534 nsec
Iteration 9 started...  [elapsed] 1092513492 nsec
Iteration 10 started...  [elapsed] 1092306706 nsec
success!
