=============================================================
# of xstreams:             56
# of threads:              560
# of repeats:              11
Use pthread:               false
Preemption:                On
# of preemption groups:    56
Preemption timer interval: 7000 usec
Preemption type:           ABT_PREEMPTION_DISABLED
# of iterations:           30000000
=============================================================

Iteration 0 started...  [elapsed] 1088626614 nsec
Iteration 1 started...  [elapsed] 1088679696 nsec
Iteration 2 started...  [elapsed] 1088647257 nsec
Iteration 3 started...  [elapsed] 1088218364 nsec
Iteration 4 started...  [elapsed] 1089202684 nsec
Iteration 5 started...  [elapsed] 1089252666 nsec
Iteration 6 started...  [elapsed] 1089709250 nsec
Iteration 7 started...  [elapsed] 1087875731 nsec
Iteration 8 started...  [elapsed] 1088706529 nsec
Iteration 9 started...  [elapsed] 1088441266 nsec
Iteration 10 started...  [elapsed] 1088081997 nsec
success!
