=============================================================
# of xstreams:             56
# of threads:              560
# of repeats:              11
Use pthread:               false
Preemption:                On
# of preemption groups:    56
Preemption timer interval: 700 usec
Preemption type:           ABT_PREEMPTION_DISABLED
# of iterations:           30000000
=============================================================

Iteration 0 started...  [elapsed] 1092982845 nsec
Iteration 1 started...  [elapsed] 1092948468 nsec
Iteration 2 started...  [elapsed] 1093398365 nsec
Iteration 3 started...  [elapsed] 1093208033 nsec
Iteration 4 started...  [elapsed] 1093318103 nsec
Iteration 5 started...  [elapsed] 1095298683 nsec
Iteration 6 started...  [elapsed] 1096012806 nsec
Iteration 7 started...  [elapsed] 1095060673 nsec
Iteration 8 started...  [elapsed] 1094925593 nsec
Iteration 9 started...  [elapsed] 1093451418 nsec
Iteration 10 started...  [elapsed] 1092493539 nsec
success!
