=============================================================
# of xstreams:             56
# of threads:              560
# of repeats:              11
Use pthread:               false
Preemption:                On
# of preemption groups:    56
Preemption timer interval: 700 usec
Preemption type:           ABT_PREEMPTION_DISABLED
# of iterations:           30000000
=============================================================

Iteration 0 started...  [elapsed] 1092464309 nsec
Iteration 1 started...  [elapsed] 1092651101 nsec
Iteration 2 started...  [elapsed] 1093055656 nsec
Iteration 3 started...  [elapsed] 1092995995 nsec
Iteration 4 started...  [elapsed] 1092793682 nsec
Iteration 5 started...  [elapsed] 1093373685 nsec
Iteration 6 started...  [elapsed] 1093808990 nsec
Iteration 7 started...  [elapsed] 1092378684 nsec
Iteration 8 started...  [elapsed] 1093036829 nsec
Iteration 9 started...  [elapsed] 1092315013 nsec
Iteration 10 started...  [elapsed] 1092694987 nsec
success!
