=============================================================
# of xstreams:             56
# of threads:              560
# of repeats:              11
Use pthread:               false
Preemption:                On
# of preemption groups:    56
Preemption timer interval: 700 usec
Preemption type:           ABT_PREEMPTION_DISABLED
# of iterations:           30000000
=============================================================

Iteration 0 started...  [elapsed] 1092886066 nsec
Iteration 1 started...  [elapsed] 1093200281 nsec
Iteration 2 started...  [elapsed] 1093391228 nsec
Iteration 3 started...  [elapsed] 1092595091 nsec
Iteration 4 started...  [elapsed] 1093365955 nsec
Iteration 5 started...  [elapsed] 1093967474 nsec
Iteration 6 started...  [elapsed] 1093468875 nsec
Iteration 7 started...  [elapsed] 1092323239 nsec
Iteration 8 started...  [elapsed] 1092219957 nsec
Iteration 9 started...  [elapsed] 1092904758 nsec
Iteration 10 started...  [elapsed] 1092190681 nsec
success!
