=============================================================
# of xstreams:             56
# of threads:              560
# of repeats:              11
Use pthread:               false
Preemption:                On
# of preemption groups:    56
Preemption timer interval: 700 usec
Preemption type:           ABT_PREEMPTION_DISABLED
# of iterations:           30000000
=============================================================

Iteration 0 started...  [elapsed] 1093066966 nsec
Iteration 1 started...  [elapsed] 1092795982 nsec
Iteration 2 started...  [elapsed] 1092230558 nsec
Iteration 3 started...  [elapsed] 1092642780 nsec
Iteration 4 started...  [elapsed] 1093529275 nsec
Iteration 5 started...  [elapsed] 1093358699 nsec
Iteration 6 started...  [elapsed] 1093484182 nsec
Iteration 7 started...  [elapsed] 1092633151 nsec
Iteration 8 started...  [elapsed] 1091954633 nsec
Iteration 9 started...  [elapsed] 1092692699 nsec
Iteration 10 started...  [elapsed] 1092454352 nsec
success!
