=============================================================
# of xstreams:             56
# of threads:              560
# of repeats:              11
Use pthread:               false
Preemption:                On
# of preemption groups:    56
Preemption timer interval: 700 usec
Preemption type:           ABT_PREEMPTION_DISABLED
# of iterations:           30000000
=============================================================

Iteration 0 started...  [elapsed] 1092892795 nsec
Iteration 1 started...  [elapsed] 1093253432 nsec
Iteration 2 started...  [elapsed] 1092780337 nsec
Iteration 3 started...  [elapsed] 1092989125 nsec
Iteration 4 started...  [elapsed] 1094715668 nsec
Iteration 5 started...  [elapsed] 1096057223 nsec
Iteration 6 started...  [elapsed] 1095799929 nsec
Iteration 7 started...  [elapsed] 1095050044 nsec
Iteration 8 started...  [elapsed] 1094087815 nsec
Iteration 9 started...  [elapsed] 1092281255 nsec
Iteration 10 started...  [elapsed] 1092681700 nsec
success!
