=============================================================
# of xstreams:             68
# of threads:              680
# of repeats:              11
Use pthread:               false
Preemption:                On
# of preemption groups:    68
Preemption timer interval: 1000 usec
Preemption type:           ABT_PREEMPTION_NEW_ES
# of iterations:           5000000
=============================================================

Iteration 0 started...  [elapsed] 907504579 nsec
Iteration 1 started...  [elapsed] 904617617 nsec
Iteration 2 started...  [elapsed] 903084168 nsec
Iteration 3 started...  [elapsed] 903380751 nsec
Iteration 4 started...  [elapsed] 905057064 nsec
Iteration 5 started...  [elapsed] 903055179 nsec
Iteration 6 started...  [elapsed] 903481003 nsec
Iteration 7 started...  [elapsed] 904666532 nsec
Iteration 8 started...  [elapsed] 903006486 nsec
Iteration 9 started...  [elapsed] 904356492 nsec
Iteration 10 started...  [elapsed] 905619271 nsec
success!
