=============================================================
# of xstreams:             68
# of threads:              680
# of repeats:              11
Use pthread:               false
Preemption:                On
# of preemption groups:    68
Preemption timer interval: 10000 usec
Preemption type:           ABT_PREEMPTION_NEW_ES
# of iterations:           5000000
=============================================================

Iteration 0 started...  [elapsed] 818436732 nsec
Iteration 1 started...  [elapsed] 816380216 nsec
Iteration 2 started...  [elapsed] 816198764 nsec
Iteration 3 started...  [elapsed] 816270531 nsec
Iteration 4 started...  [elapsed] 816172832 nsec
Iteration 5 started...  [elapsed] 816230937 nsec
Iteration 6 started...  [elapsed] 816297438 nsec
Iteration 7 started...  [elapsed] 816266651 nsec
Iteration 8 started...  [elapsed] 816271654 nsec
Iteration 9 started...  [elapsed] 816342750 nsec
Iteration 10 started...  [elapsed] 816253761 nsec
success!
