=============================================================
# of xstreams:             68
# of threads:              680
# of repeats:              11
Use pthread:               false
Preemption:                On
# of preemption groups:    68
Preemption timer interval: 1000 usec
Preemption type:           ABT_PREEMPTION_NEW_ES
# of iterations:           5000000
=============================================================

Iteration 0 started...  [elapsed] 906904561 nsec
Iteration 1 started...  [elapsed] 903370957 nsec
Iteration 2 started...  [elapsed] 901554273 nsec
Iteration 3 started...  [elapsed] 901824593 nsec
Iteration 4 started...  [elapsed] 902160973 nsec
Iteration 5 started...  [elapsed] 902196035 nsec
Iteration 6 started...  [elapsed] 903162581 nsec
Iteration 7 started...  [elapsed] 902184541 nsec
Iteration 8 started...  [elapsed] 902692012 nsec
Iteration 9 started...  [elapsed] 903394046 nsec
Iteration 10 started...  [elapsed] 904358570 nsec
success!
