=============================================================
# of xstreams:             68
# of threads:              680
# of repeats:              11
Use pthread:               false
Preemption:                On
# of preemption groups:    68
Preemption timer interval: 10000 usec
Preemption type:           ABT_PREEMPTION_NEW_ES
# of iterations:           5000000
=============================================================

Iteration 0 started...  [elapsed] 818408031 nsec
Iteration 1 started...  [elapsed] 816420228 nsec
Iteration 2 started...  [elapsed] 816147126 nsec
Iteration 3 started...  [elapsed] 816032985 nsec
Iteration 4 started...  [elapsed] 816182323 nsec
Iteration 5 started...  [elapsed] 816366299 nsec
Iteration 6 started...  [elapsed] 816324818 nsec
Iteration 7 started...  [elapsed] 816374354 nsec
Iteration 8 started...  [elapsed] 816085184 nsec
Iteration 9 started...  [elapsed] 816498869 nsec
Iteration 10 started...  [elapsed] 816214606 nsec
success!
