=============================================================
# of xstreams:             68
# of threads:              680
# of repeats:              11
Use pthread:               false
Preemption:                On
# of preemption groups:    68
Preemption timer interval: 1000 usec
Preemption type:           ABT_PREEMPTION_NEW_ES
# of iterations:           5000000
=============================================================

Iteration 0 started...  [elapsed] 907097539 nsec
Iteration 1 started...  [elapsed] 904710409 nsec
Iteration 2 started...  [elapsed] 903437914 nsec
Iteration 3 started...  [elapsed] 903262080 nsec
Iteration 4 started...  [elapsed] 902347813 nsec
Iteration 5 started...  [elapsed] 901906752 nsec
Iteration 6 started...  [elapsed] 903563056 nsec
Iteration 7 started...  [elapsed] 902776802 nsec
Iteration 8 started...  [elapsed] 902521114 nsec
Iteration 9 started...  [elapsed] 902952672 nsec
Iteration 10 started...  [elapsed] 904322246 nsec
success!
