=============================================================
# of xstreams:             68
# of threads:              680
# of repeats:              11
Use pthread:               false
Preemption:                On
# of preemption groups:    68
Preemption timer interval: 10000 usec
Preemption type:           ABT_PREEMPTION_NEW_ES
# of iterations:           5000000
=============================================================

Iteration 0 started...  [elapsed] 818582635 nsec
Iteration 1 started...  [elapsed] 816700912 nsec
Iteration 2 started...  [elapsed] 816314278 nsec
Iteration 3 started...  [elapsed] 816339080 nsec
Iteration 4 started...  [elapsed] 816331286 nsec
Iteration 5 started...  [elapsed] 816245703 nsec
Iteration 6 started...  [elapsed] 816355243 nsec
Iteration 7 started...  [elapsed] 816376129 nsec
Iteration 8 started...  [elapsed] 816219784 nsec
Iteration 9 started...  [elapsed] 816370204 nsec
Iteration 10 started...  [elapsed] 816337049 nsec
success!
