=============================================================
# of xstreams:             68
# of threads:              680
# of repeats:              11
Use pthread:               false
Preemption:                On
# of preemption groups:    68
Preemption timer interval: 10000 usec
Preemption type:           ABT_PREEMPTION_NEW_ES
# of iterations:           5000000
=============================================================

Iteration 0 started...  [elapsed] 818676016 nsec
Iteration 1 started...  [elapsed] 816382338 nsec
Iteration 2 started...  [elapsed] 816396267 nsec
Iteration 3 started...  [elapsed] 816311481 nsec
Iteration 4 started...  [elapsed] 816316195 nsec
Iteration 5 started...  [elapsed] 816364156 nsec
Iteration 6 started...  [elapsed] 816308471 nsec
Iteration 7 started...  [elapsed] 816304871 nsec
Iteration 8 started...  [elapsed] 816478418 nsec
Iteration 9 started...  [elapsed] 816544629 nsec
Iteration 10 started...  [elapsed] 816482170 nsec
success!
