=============================================================
# of xstreams:             68
# of threads:              680
# of repeats:              11
Use pthread:               false
Preemption:                On
# of preemption groups:    68
Preemption timer interval: 1000 usec
Preemption type:           ABT_PREEMPTION_NEW_ES
# of iterations:           5000000
=============================================================

Iteration 0 started...  [elapsed] 905639724 nsec
Iteration 1 started...  [elapsed] 903621226 nsec
Iteration 2 started...  [elapsed] 902191360 nsec
Iteration 3 started...  [elapsed] 903455578 nsec
Iteration 4 started...  [elapsed] 902901143 nsec
Iteration 5 started...  [elapsed] 902856009 nsec
Iteration 6 started...  [elapsed] 902397600 nsec
Iteration 7 started...  [elapsed] 904487484 nsec
Iteration 8 started...  [elapsed] 903879318 nsec
Iteration 9 started...  [elapsed] 905819133 nsec
Iteration 10 started...  [elapsed] 906957372 nsec
success!
