=============================================================
# of xstreams:             68
# of threads:              680
# of repeats:              11
Use pthread:               false
Preemption:                On
# of preemption groups:    68
Preemption timer interval: 10000 usec
Preemption type:           ABT_PREEMPTION_NEW_ES
# of iterations:           5000000
=============================================================

Iteration 0 started...  [elapsed] 818076158 nsec
Iteration 1 started...  [elapsed] 816222475 nsec
Iteration 2 started...  [elapsed] 816358252 nsec
Iteration 3 started...  [elapsed] 816119865 nsec
Iteration 4 started...  [elapsed] 816243732 nsec
Iteration 5 started...  [elapsed] 816233910 nsec
Iteration 6 started...  [elapsed] 816230659 nsec
Iteration 7 started...  [elapsed] 816306009 nsec
Iteration 8 started...  [elapsed] 816306044 nsec
Iteration 9 started...  [elapsed] 816170973 nsec
Iteration 10 started...  [elapsed] 816288128 nsec
success!
