=============================================================
# of xstreams:             68
# of threads:              680
# of repeats:              11
Use pthread:               false
Preemption:                On
# of preemption groups:    68
Preemption timer interval: 10000 usec
Preemption type:           ABT_PREEMPTION_NEW_ES
# of iterations:           5000000
=============================================================

Iteration 0 started...  [elapsed] 818249893 nsec
Iteration 1 started...  [elapsed] 816158366 nsec
Iteration 2 started...  [elapsed] 816352918 nsec
Iteration 3 started...  [elapsed] 816245610 nsec
Iteration 4 started...  [elapsed] 816311565 nsec
Iteration 5 started...  [elapsed] 816159964 nsec
Iteration 6 started...  [elapsed] 816407026 nsec
Iteration 7 started...  [elapsed] 816145015 nsec
Iteration 8 started...  [elapsed] 816318542 nsec
Iteration 9 started...  [elapsed] 816229120 nsec
Iteration 10 started...  [elapsed] 816144448 nsec
success!
