=============================================================
# of xstreams:             68
# of threads:              680
# of repeats:              11
Use pthread:               false
Preemption:                On
# of preemption groups:    68
Preemption timer interval: 10000 usec
Preemption type:           ABT_PREEMPTION_NEW_ES
# of iterations:           5000000
=============================================================

Iteration 0 started...  [elapsed] 818236260 nsec
Iteration 1 started...  [elapsed] 817701868 nsec
Iteration 2 started...  [elapsed] 816206386 nsec
Iteration 3 started...  [elapsed] 816221620 nsec
Iteration 4 started...  [elapsed] 816131404 nsec
Iteration 5 started...  [elapsed] 816433042 nsec
Iteration 6 started...  [elapsed] 816110349 nsec
Iteration 7 started...  [elapsed] 816075726 nsec
Iteration 8 started...  [elapsed] 816293251 nsec
Iteration 9 started...  [elapsed] 816321487 nsec
Iteration 10 started...  [elapsed] 816249717 nsec
success!
