=============================================================
# of xstreams:             68
# of threads:              680
# of repeats:              11
Use pthread:               false
Preemption:                On
# of preemption groups:    68
Preemption timer interval: 1000 usec
Preemption type:           ABT_PREEMPTION_NEW_ES
# of iterations:           5000000
=============================================================

Iteration 0 started...  [elapsed] 905482000 nsec
Iteration 1 started...  [elapsed] 903275636 nsec
Iteration 2 started...  [elapsed] 903063188 nsec
Iteration 3 started...  [elapsed] 902355393 nsec
Iteration 4 started...  [elapsed] 903043767 nsec
Iteration 5 started...  [elapsed] 905623722 nsec
Iteration 6 started...  [elapsed] 903814895 nsec
Iteration 7 started...  [elapsed] 905003994 nsec
Iteration 8 started...  [elapsed] 904139515 nsec
Iteration 9 started...  [elapsed] 907189215 nsec
Iteration 10 started...  [elapsed] 907192443 nsec
success!
