=============================================================
# of xstreams:             68
# of threads:              680
# of repeats:              11
Use pthread:               false
Preemption:                On
# of preemption groups:    68
Preemption timer interval: 1000 usec
Preemption type:           ABT_PREEMPTION_NEW_ES
# of iterations:           5000000
=============================================================

Iteration 0 started...  [elapsed] 906379828 nsec
Iteration 1 started...  [elapsed] 903798755 nsec
Iteration 2 started...  [elapsed] 905235746 nsec
Iteration 3 started...  [elapsed] 904237462 nsec
Iteration 4 started...  [elapsed] 904273973 nsec
Iteration 5 started...  [elapsed] 904461506 nsec
Iteration 6 started...  [elapsed] 903809167 nsec
Iteration 7 started...  [elapsed] 902963033 nsec
Iteration 8 started...  [elapsed] 904788747 nsec
Iteration 9 started...  [elapsed] 904444891 nsec
Iteration 10 started...  [elapsed] 906224242 nsec
success!
