=============================================================
# of xstreams:             68
# of threads:              680
# of repeats:              11
Use pthread:               false
Preemption:                On
# of preemption groups:    68
Preemption timer interval: 1500 usec
Preemption type:           ABT_PREEMPTION_NEW_ES
# of iterations:           5000000
=============================================================

Iteration 0 started...  [elapsed] 873126678 nsec
Iteration 1 started...  [elapsed] 870416713 nsec
Iteration 2 started...  [elapsed] 872306612 nsec
Iteration 3 started...  [elapsed] 870919933 nsec
Iteration 4 started...  [elapsed] 870808457 nsec
Iteration 5 started...  [elapsed] 870316982 nsec
Iteration 6 started...  [elapsed] 870229506 nsec
Iteration 7 started...  [elapsed] 870044316 nsec
Iteration 8 started...  [elapsed] 870080797 nsec
Iteration 9 started...  [elapsed] 871131547 nsec
Iteration 10 started...  [elapsed] 872196729 nsec
success!
