=============================================================
# of xstreams:             68
# of threads:              680
# of repeats:              11
Use pthread:               false
Preemption:                On
# of preemption groups:    68
Preemption timer interval: 1500 usec
Preemption type:           ABT_PREEMPTION_NEW_ES
# of iterations:           5000000
=============================================================

Iteration 0 started...  [elapsed] 873463295 nsec
Iteration 1 started...  [elapsed] 872394742 nsec
Iteration 2 started...  [elapsed] 872514539 nsec
Iteration 3 started...  [elapsed] 869985332 nsec
Iteration 4 started...  [elapsed] 869839560 nsec
Iteration 5 started...  [elapsed] 869703012 nsec
Iteration 6 started...  [elapsed] 869843612 nsec
Iteration 7 started...  [elapsed] 869570562 nsec
Iteration 8 started...  [elapsed] 870272265 nsec
Iteration 9 started...  [elapsed] 871614619 nsec
Iteration 10 started...  [elapsed] 871358186 nsec
success!
