=============================================================
# of xstreams:             68
# of threads:              680
# of repeats:              11
Use pthread:               false
Preemption:                On
# of preemption groups:    68
Preemption timer interval: 1500 usec
Preemption type:           ABT_PREEMPTION_NEW_ES
# of iterations:           5000000
=============================================================

Iteration 0 started...  [elapsed] 873736250 nsec
Iteration 1 started...  [elapsed] 870080272 nsec
Iteration 2 started...  [elapsed] 869861450 nsec
Iteration 3 started...  [elapsed] 872092816 nsec
Iteration 4 started...  [elapsed] 870274599 nsec
Iteration 5 started...  [elapsed] 872706101 nsec
Iteration 6 started...  [elapsed] 870101552 nsec
Iteration 7 started...  [elapsed] 869217293 nsec
Iteration 8 started...  [elapsed] 869474184 nsec
Iteration 9 started...  [elapsed] 870358920 nsec
Iteration 10 started...  [elapsed] 871846011 nsec
success!
