=============================================================
# of xstreams:             68
# of threads:              680
# of repeats:              11
Use pthread:               false
Preemption:                On
# of preemption groups:    68
Preemption timer interval: 1500 usec
Preemption type:           ABT_PREEMPTION_NEW_ES
# of iterations:           5000000
=============================================================

Iteration 0 started...  [elapsed] 873677444 nsec
Iteration 1 started...  [elapsed] 869998815 nsec
Iteration 2 started...  [elapsed] 869628014 nsec
Iteration 3 started...  [elapsed] 869455931 nsec
Iteration 4 started...  [elapsed] 869485867 nsec
Iteration 5 started...  [elapsed] 869108254 nsec
Iteration 6 started...  [elapsed] 869352014 nsec
Iteration 7 started...  [elapsed] 870786665 nsec
Iteration 8 started...  [elapsed] 869718481 nsec
Iteration 9 started...  [elapsed] 870888528 nsec
Iteration 10 started...  [elapsed] 870918816 nsec
success!
