=============================================================
# of xstreams:             68
# of threads:              680
# of repeats:              11
Use pthread:               false
Preemption:                On
# of preemption groups:    68
Preemption timer interval: 2000 usec
Preemption type:           ABT_PREEMPTION_NEW_ES
# of iterations:           5000000
=============================================================

Iteration 0 started...  [elapsed] 847989683 nsec
Iteration 1 started...  [elapsed] 845533946 nsec
Iteration 2 started...  [elapsed] 845793867 nsec
Iteration 3 started...  [elapsed] 845533398 nsec
Iteration 4 started...  [elapsed] 847404146 nsec
Iteration 5 started...  [elapsed] 845709778 nsec
Iteration 6 started...  [elapsed] 845437662 nsec
Iteration 7 started...  [elapsed] 844805359 nsec
Iteration 8 started...  [elapsed] 845640371 nsec
Iteration 9 started...  [elapsed] 845991278 nsec
Iteration 10 started...  [elapsed] 846409399 nsec
success!
