=============================================================
# of xstreams:             68
# of threads:              680
# of repeats:              11
Use pthread:               false
Preemption:                On
# of preemption groups:    68
Preemption timer interval: 2000 usec
Preemption type:           ABT_PREEMPTION_NEW_ES
# of iterations:           5000000
=============================================================

Iteration 0 started...  [elapsed] 848443680 nsec
Iteration 1 started...  [elapsed] 845814520 nsec
Iteration 2 started...  [elapsed] 845624006 nsec
Iteration 3 started...  [elapsed] 845405277 nsec
Iteration 4 started...  [elapsed] 845370220 nsec
Iteration 5 started...  [elapsed] 845385579 nsec
Iteration 6 started...  [elapsed] 845515674 nsec
Iteration 7 started...  [elapsed] 845251754 nsec
Iteration 8 started...  [elapsed] 845611146 nsec
Iteration 9 started...  [elapsed] 847782783 nsec
Iteration 10 started...  [elapsed] 846764785 nsec
success!
