=============================================================
# of xstreams:             68
# of threads:              680
# of repeats:              11
Use pthread:               false
Preemption:                On
# of preemption groups:    68
Preemption timer interval: 2000 usec
Preemption type:           ABT_PREEMPTION_NEW_ES
# of iterations:           5000000
=============================================================

Iteration 0 started...  [elapsed] 848651897 nsec
Iteration 1 started...  [elapsed] 846392400 nsec
Iteration 2 started...  [elapsed] 845610345 nsec
Iteration 3 started...  [elapsed] 845650346 nsec
Iteration 4 started...  [elapsed] 845493431 nsec
Iteration 5 started...  [elapsed] 844903391 nsec
Iteration 6 started...  [elapsed] 845583021 nsec
Iteration 7 started...  [elapsed] 846070670 nsec
Iteration 8 started...  [elapsed] 845412446 nsec
Iteration 9 started...  [elapsed] 845903475 nsec
Iteration 10 started...  [elapsed] 845317010 nsec
success!
