=============================================================
# of xstreams:             68
# of threads:              680
# of repeats:              11
Use pthread:               false
Preemption:                On
# of preemption groups:    68
Preemption timer interval: 2000 usec
Preemption type:           ABT_PREEMPTION_NEW_ES
# of iterations:           5000000
=============================================================

Iteration 0 started...  [elapsed] 847848447 nsec
Iteration 1 started...  [elapsed] 846087701 nsec
Iteration 2 started...  [elapsed] 845628490 nsec
Iteration 3 started...  [elapsed] 846015731 nsec
Iteration 4 started...  [elapsed] 845292283 nsec
Iteration 5 started...  [elapsed] 845486908 nsec
Iteration 6 started...  [elapsed] 845341355 nsec
Iteration 7 started...  [elapsed] 845892451 nsec
Iteration 8 started...  [elapsed] 846101671 nsec
Iteration 9 started...  [elapsed] 845741577 nsec
Iteration 10 started...  [elapsed] 846736253 nsec
success!
