=============================================================
# of xstreams:             68
# of threads:              680
# of repeats:              11
Use pthread:               false
Preemption:                On
# of preemption groups:    68
Preemption timer interval: 3000 usec
Preemption type:           ABT_PREEMPTION_NEW_ES
# of iterations:           5000000
=============================================================

Iteration 0 started...  [elapsed] 838862186 nsec
Iteration 1 started...  [elapsed] 835940965 nsec
Iteration 2 started...  [elapsed] 834562565 nsec
Iteration 3 started...  [elapsed] 835078550 nsec
Iteration 4 started...  [elapsed] 834429143 nsec
Iteration 5 started...  [elapsed] 835432532 nsec
Iteration 6 started...  [elapsed] 835157235 nsec
Iteration 7 started...  [elapsed] 835188881 nsec
Iteration 8 started...  [elapsed] 835003675 nsec
Iteration 9 started...  [elapsed] 835160307 nsec
Iteration 10 started...  [elapsed] 835473157 nsec
success!
