=============================================================
# of xstreams:             68
# of threads:              680
# of repeats:              11
Use pthread:               false
Preemption:                On
# of preemption groups:    68
Preemption timer interval: 3000 usec
Preemption type:           ABT_PREEMPTION_NEW_ES
# of iterations:           5000000
=============================================================

Iteration 0 started...  [elapsed] 839230797 nsec
Iteration 1 started...  [elapsed] 837316734 nsec
Iteration 2 started...  [elapsed] 835773831 nsec
Iteration 3 started...  [elapsed] 835092538 nsec
Iteration 4 started...  [elapsed] 834817653 nsec
Iteration 5 started...  [elapsed] 834554607 nsec
Iteration 6 started...  [elapsed] 834791590 nsec
Iteration 7 started...  [elapsed] 834828019 nsec
Iteration 8 started...  [elapsed] 834333425 nsec
Iteration 9 started...  [elapsed] 835454220 nsec
Iteration 10 started...  [elapsed] 835782795 nsec
success!
