=============================================================
# of xstreams:             68
# of threads:              680
# of repeats:              11
Use pthread:               false
Preemption:                On
# of preemption groups:    68
Preemption timer interval: 3000 usec
Preemption type:           ABT_PREEMPTION_NEW_ES
# of iterations:           5000000
=============================================================

Iteration 0 started...  [elapsed] 838389076 nsec
Iteration 1 started...  [elapsed] 836584816 nsec
Iteration 2 started...  [elapsed] 835181806 nsec
Iteration 3 started...  [elapsed] 834893308 nsec
Iteration 4 started...  [elapsed] 836242934 nsec
Iteration 5 started...  [elapsed] 834599601 nsec
Iteration 6 started...  [elapsed] 836135139 nsec
Iteration 7 started...  [elapsed] 834517827 nsec
Iteration 8 started...  [elapsed] 834847755 nsec
Iteration 9 started...  [elapsed] 834437247 nsec
Iteration 10 started...  [elapsed] 835323949 nsec
success!
