=============================================================
# of xstreams:             68
# of threads:              680
# of repeats:              11
Use pthread:               false
Preemption:                On
# of preemption groups:    68
Preemption timer interval: 3000 usec
Preemption type:           ABT_PREEMPTION_NEW_ES
# of iterations:           5000000
=============================================================

Iteration 0 started...  [elapsed] 837762001 nsec
Iteration 1 started...  [elapsed] 834482376 nsec
Iteration 2 started...  [elapsed] 833923321 nsec
Iteration 3 started...  [elapsed] 834794417 nsec
Iteration 4 started...  [elapsed] 834637387 nsec
Iteration 5 started...  [elapsed] 834596446 nsec
Iteration 6 started...  [elapsed] 834763165 nsec
Iteration 7 started...  [elapsed] 834916164 nsec
Iteration 8 started...  [elapsed] 834734394 nsec
Iteration 9 started...  [elapsed] 834778911 nsec
Iteration 10 started...  [elapsed] 834885518 nsec
success!
