=============================================================
# of xstreams:             68
# of threads:              680
# of repeats:              11
Use pthread:               false
Preemption:                On
# of preemption groups:    68
Preemption timer interval: 500 usec
Preemption type:           ABT_PREEMPTION_NEW_ES
# of iterations:           5000000
=============================================================

Iteration 0 started...  [elapsed] 1037288207 nsec
Iteration 1 started...  [elapsed] 1038634125 nsec
Iteration 2 started...  [elapsed] 1034564313 nsec
Iteration 3 started...  [elapsed] 1035787609 nsec
Iteration 4 started...  [elapsed] 1034147014 nsec
Iteration 5 started...  [elapsed] 1036387712 nsec
Iteration 6 started...  [elapsed] 1038719390 nsec
Iteration 7 started...  [elapsed] 1038046952 nsec
Iteration 8 started...  [elapsed] 1038960323 nsec
Iteration 9 started...  [elapsed] 1037501471 nsec
Iteration 10 started...  [elapsed] 1039070143 nsec
success!
