=============================================================
# of xstreams:             68
# of threads:              680
# of repeats:              11
Use pthread:               false
Preemption:                On
# of preemption groups:    68
Preemption timer interval: 500 usec
Preemption type:           ABT_PREEMPTION_NEW_ES
# of iterations:           5000000
=============================================================

Iteration 0 started...  [elapsed] 1039814070 nsec
Iteration 1 started...  [elapsed] 1031537245 nsec
Iteration 2 started...  [elapsed] 1031363473 nsec
Iteration 3 started...  [elapsed] 1031573063 nsec
Iteration 4 started...  [elapsed] 1031669664 nsec
Iteration 5 started...  [elapsed] 1034140061 nsec
Iteration 6 started...  [elapsed] 1036439072 nsec
Iteration 7 started...  [elapsed] 1039391543 nsec
Iteration 8 started...  [elapsed] 1037364659 nsec
Iteration 9 started...  [elapsed] 1035373749 nsec
Iteration 10 started...  [elapsed] 1037430119 nsec
success!
