=============================================================
# of xstreams:             68
# of threads:              680
# of repeats:              11
Use pthread:               false
Preemption:                On
# of preemption groups:    68
Preemption timer interval: 500 usec
Preemption type:           ABT_PREEMPTION_NEW_ES
# of iterations:           5000000
=============================================================

Iteration 0 started...  [elapsed] 1041240126 nsec
Iteration 1 started...  [elapsed] 1034498931 nsec
Iteration 2 started...  [elapsed] 1036087937 nsec
Iteration 3 started...  [elapsed] 1033433628 nsec
Iteration 4 started...  [elapsed] 1032584957 nsec
Iteration 5 started...  [elapsed] 1032651250 nsec
Iteration 6 started...  [elapsed] 1032134296 nsec
Iteration 7 started...  [elapsed] 1034518266 nsec
Iteration 8 started...  [elapsed] 1037956788 nsec
Iteration 9 started...  [elapsed] 1036214167 nsec
Iteration 10 started...  [elapsed] 1041453113 nsec
success!
