=============================================================
# of xstreams:             68
# of threads:              680
# of repeats:              11
Use pthread:               false
Preemption:                On
# of preemption groups:    68
Preemption timer interval: 500 usec
Preemption type:           ABT_PREEMPTION_NEW_ES
# of iterations:           5000000
=============================================================

Iteration 0 started...  [elapsed] 1039551011 nsec
Iteration 1 started...  [elapsed] 1038023394 nsec
Iteration 2 started...  [elapsed] 1040263593 nsec
Iteration 3 started...  [elapsed] 1036672642 nsec
Iteration 4 started...  [elapsed] 1037145055 nsec
Iteration 5 started...  [elapsed] 1037043306 nsec
Iteration 6 started...  [elapsed] 1037394306 nsec
Iteration 7 started...  [elapsed] 1038092586 nsec
Iteration 8 started...  [elapsed] 1040095305 nsec
Iteration 9 started...  [elapsed] 1042585779 nsec
Iteration 10 started...  [elapsed] 1044137123 nsec
success!
