=============================================================
# of xstreams:             68
# of threads:              680
# of repeats:              11
Use pthread:               false
Preemption:                On
# of preemption groups:    68
Preemption timer interval: 5000 usec
Preemption type:           ABT_PREEMPTION_NEW_ES
# of iterations:           5000000
=============================================================

Iteration 0 started...  [elapsed] 825007622 nsec
Iteration 1 started...  [elapsed] 823421930 nsec
Iteration 2 started...  [elapsed] 822911251 nsec
Iteration 3 started...  [elapsed] 823280056 nsec
Iteration 4 started...  [elapsed] 823148802 nsec
Iteration 5 started...  [elapsed] 822973857 nsec
Iteration 6 started...  [elapsed] 822856975 nsec
Iteration 7 started...  [elapsed] 823117849 nsec
Iteration 8 started...  [elapsed] 823155789 nsec
Iteration 9 started...  [elapsed] 822923445 nsec
Iteration 10 started...  [elapsed] 822975179 nsec
success!
