=============================================================
# of xstreams:             68
# of threads:              680
# of repeats:              11
Use pthread:               false
Preemption:                On
# of preemption groups:    68
Preemption timer interval: 500 usec
Preemption type:           ABT_PREEMPTION_NEW_ES
# of iterations:           5000000
=============================================================

Iteration 0 started...  [elapsed] 1038577038 nsec
Iteration 1 started...  [elapsed] 1037330228 nsec
Iteration 2 started...  [elapsed] 1034467189 nsec
Iteration 3 started...  [elapsed] 1033637655 nsec
Iteration 4 started...  [elapsed] 1034148979 nsec
Iteration 5 started...  [elapsed] 1034115099 nsec
Iteration 6 started...  [elapsed] 1037017428 nsec
Iteration 7 started...  [elapsed] 1035229295 nsec
Iteration 8 started...  [elapsed] 1040119358 nsec
Iteration 9 started...  [elapsed] 1043403376 nsec
Iteration 10 started...  [elapsed] 1037329190 nsec
success!
