=============================================================
# of xstreams:             68
# of threads:              680
# of repeats:              11
Use pthread:               false
Preemption:                On
# of preemption groups:    68
Preemption timer interval: 5000 usec
Preemption type:           ABT_PREEMPTION_NEW_ES
# of iterations:           5000000
=============================================================

Iteration 0 started...  [elapsed] 825055132 nsec
Iteration 1 started...  [elapsed] 823218254 nsec
Iteration 2 started...  [elapsed] 822883770 nsec
Iteration 3 started...  [elapsed] 823253959 nsec
Iteration 4 started...  [elapsed] 822982581 nsec
Iteration 5 started...  [elapsed] 823033909 nsec
Iteration 6 started...  [elapsed] 823370563 nsec
Iteration 7 started...  [elapsed] 823635087 nsec
Iteration 8 started...  [elapsed] 822880752 nsec
Iteration 9 started...  [elapsed] 822948059 nsec
Iteration 10 started...  [elapsed] 823369711 nsec
success!
