=============================================================
# of xstreams:             68
# of threads:              680
# of repeats:              11
Use pthread:               false
Preemption:                On
# of preemption groups:    68
Preemption timer interval: 5000 usec
Preemption type:           ABT_PREEMPTION_NEW_ES
# of iterations:           5000000
=============================================================

Iteration 0 started...  [elapsed] 825100234 nsec
Iteration 1 started...  [elapsed] 823640504 nsec
Iteration 2 started...  [elapsed] 822923898 nsec
Iteration 3 started...  [elapsed] 823140106 nsec
Iteration 4 started...  [elapsed] 823214476 nsec
Iteration 5 started...  [elapsed] 822800166 nsec
Iteration 6 started...  [elapsed] 822937087 nsec
Iteration 7 started...  [elapsed] 823126611 nsec
Iteration 8 started...  [elapsed] 823223261 nsec
Iteration 9 started...  [elapsed] 823102227 nsec
Iteration 10 started...  [elapsed] 823497249 nsec
success!
