=============================================================
# of xstreams:             68
# of threads:              680
# of repeats:              11
Use pthread:               false
Preemption:                On
# of preemption groups:    68
Preemption timer interval: 5000 usec
Preemption type:           ABT_PREEMPTION_NEW_ES
# of iterations:           5000000
=============================================================

Iteration 0 started...  [elapsed] 825336942 nsec
Iteration 1 started...  [elapsed] 823242780 nsec
Iteration 2 started...  [elapsed] 823222797 nsec
Iteration 3 started...  [elapsed] 823161246 nsec
Iteration 4 started...  [elapsed] 822953723 nsec
Iteration 5 started...  [elapsed] 822839967 nsec
Iteration 6 started...  [elapsed] 822841040 nsec
Iteration 7 started...  [elapsed] 823186406 nsec
Iteration 8 started...  [elapsed] 823039422 nsec
Iteration 9 started...  [elapsed] 822912099 nsec
Iteration 10 started...  [elapsed] 822959320 nsec
success!
