=============================================================
# of xstreams:             68
# of threads:              680
# of repeats:              11
Use pthread:               false
Preemption:                On
# of preemption groups:    68
Preemption timer interval: 5000 usec
Preemption type:           ABT_PREEMPTION_NEW_ES
# of iterations:           5000000
=============================================================

Iteration 0 started...  [elapsed] 825696304 nsec
Iteration 1 started...  [elapsed] 823302681 nsec
Iteration 2 started...  [elapsed] 822960488 nsec
Iteration 3 started...  [elapsed] 822959675 nsec
Iteration 4 started...  [elapsed] 823180387 nsec
Iteration 5 started...  [elapsed] 824404515 nsec
Iteration 6 started...  [elapsed] 823278115 nsec
Iteration 7 started...  [elapsed] 823057470 nsec
Iteration 8 started...  [elapsed] 823096205 nsec
Iteration 9 started...  [elapsed] 823022725 nsec
Iteration 10 started...  [elapsed] 823017994 nsec
success!
