=============================================================
# of xstreams:             68
# of threads:              680
# of repeats:              11
Use pthread:               false
Preemption:                On
# of preemption groups:    68
Preemption timer interval: 5000 usec
Preemption type:           ABT_PREEMPTION_NEW_ES
# of iterations:           5000000
=============================================================

Iteration 0 started...  [elapsed] 825049615 nsec
Iteration 1 started...  [elapsed] 823102813 nsec
Iteration 2 started...  [elapsed] 823178838 nsec
Iteration 3 started...  [elapsed] 822915149 nsec
Iteration 4 started...  [elapsed] 823165131 nsec
Iteration 5 started...  [elapsed] 822998414 nsec
Iteration 6 started...  [elapsed] 823445826 nsec
Iteration 7 started...  [elapsed] 823166003 nsec
Iteration 8 started...  [elapsed] 822929175 nsec
Iteration 9 started...  [elapsed] 823233675 nsec
Iteration 10 started...  [elapsed] 824172096 nsec
success!
