=============================================================
# of xstreams:             68
# of threads:              680
# of repeats:              11
Use pthread:               false
Preemption:                On
# of preemption groups:    68
Preemption timer interval: 5000 usec
Preemption type:           ABT_PREEMPTION_NEW_ES
# of iterations:           5000000
=============================================================

Iteration 0 started...  [elapsed] 825038595 nsec
Iteration 1 started...  [elapsed] 823025402 nsec
Iteration 2 started...  [elapsed] 823005776 nsec
Iteration 3 started...  [elapsed] 823146918 nsec
Iteration 4 started...  [elapsed] 822860119 nsec
Iteration 5 started...  [elapsed] 823144761 nsec
Iteration 6 started...  [elapsed] 822940253 nsec
Iteration 7 started...  [elapsed] 822928248 nsec
Iteration 8 started...  [elapsed] 823178276 nsec
Iteration 9 started...  [elapsed] 823135598 nsec
Iteration 10 started...  [elapsed] 823309083 nsec
success!
