=============================================================
# of xstreams:             68
# of threads:              680
# of repeats:              11
Use pthread:               false
Preemption:                On
# of preemption groups:    68
Preemption timer interval: 5000 usec
Preemption type:           ABT_PREEMPTION_NEW_ES
# of iterations:           5000000
=============================================================

Iteration 0 started...  [elapsed] 825471733 nsec
Iteration 1 started...  [elapsed] 823867116 nsec
Iteration 2 started...  [elapsed] 823165680 nsec
Iteration 3 started...  [elapsed] 823086911 nsec
Iteration 4 started...  [elapsed] 822854976 nsec
Iteration 5 started...  [elapsed] 823298278 nsec
Iteration 6 started...  [elapsed] 822962201 nsec
Iteration 7 started...  [elapsed] 823158904 nsec
Iteration 8 started...  [elapsed] 824184832 nsec
Iteration 9 started...  [elapsed] 822986301 nsec
Iteration 10 started...  [elapsed] 824296776 nsec
success!
