=============================================================
# of xstreams:             68
# of threads:              680
# of repeats:              11
Use pthread:               false
Preemption:                On
# of preemption groups:    68
Preemption timer interval: 700 usec
Preemption type:           ABT_PREEMPTION_NEW_ES
# of iterations:           5000000
=============================================================

Iteration 0 started...  [elapsed] 952471921 nsec
Iteration 1 started...  [elapsed] 948023352 nsec
Iteration 2 started...  [elapsed] 947515955 nsec
Iteration 3 started...  [elapsed] 947830120 nsec
Iteration 4 started...  [elapsed] 948822030 nsec
Iteration 5 started...  [elapsed] 948921562 nsec
Iteration 6 started...  [elapsed] 948770637 nsec
Iteration 7 started...  [elapsed] 952504078 nsec
Iteration 8 started...  [elapsed] 951779748 nsec
Iteration 9 started...  [elapsed] 950882916 nsec
Iteration 10 started...  [elapsed] 951623317 nsec
success!
