=============================================================
# of xstreams:             68
# of threads:              680
# of repeats:              11
Use pthread:               false
Preemption:                On
# of preemption groups:    68
Preemption timer interval: 700 usec
Preemption type:           ABT_PREEMPTION_NEW_ES
# of iterations:           5000000
=============================================================

Iteration 0 started...  [elapsed] 953956415 nsec
Iteration 1 started...  [elapsed] 950174799 nsec
Iteration 2 started...  [elapsed] 948545431 nsec
Iteration 3 started...  [elapsed] 948750148 nsec
Iteration 4 started...  [elapsed] 948843050 nsec
Iteration 5 started...  [elapsed] 949616393 nsec
Iteration 6 started...  [elapsed] 948681961 nsec
Iteration 7 started...  [elapsed] 949181397 nsec
Iteration 8 started...  [elapsed] 949750625 nsec
Iteration 9 started...  [elapsed] 951359636 nsec
Iteration 10 started...  [elapsed] 951100908 nsec
success!
