=============================================================
# of xstreams:             68
# of threads:              680
# of repeats:              11
Use pthread:               false
Preemption:                On
# of preemption groups:    68
Preemption timer interval: 7000 usec
Preemption type:           ABT_PREEMPTION_NEW_ES
# of iterations:           5000000
=============================================================

Iteration 0 started...  [elapsed] 821243936 nsec
Iteration 1 started...  [elapsed] 819514423 nsec
Iteration 2 started...  [elapsed] 819210104 nsec
Iteration 3 started...  [elapsed] 819225145 nsec
Iteration 4 started...  [elapsed] 819287038 nsec
Iteration 5 started...  [elapsed] 819260390 nsec
Iteration 6 started...  [elapsed] 819079196 nsec
Iteration 7 started...  [elapsed] 819187192 nsec
Iteration 8 started...  [elapsed] 819235295 nsec
Iteration 9 started...  [elapsed] 819037446 nsec
Iteration 10 started...  [elapsed] 819407956 nsec
success!
