=============================================================
# of xstreams:             68
# of threads:              680
# of repeats:              11
Use pthread:               false
Preemption:                On
# of preemption groups:    68
Preemption timer interval: 7000 usec
Preemption type:           ABT_PREEMPTION_NEW_ES
# of iterations:           5000000
=============================================================

Iteration 0 started...  [elapsed] 821612576 nsec
Iteration 1 started...  [elapsed] 819937628 nsec
Iteration 2 started...  [elapsed] 819345004 nsec
Iteration 3 started...  [elapsed] 819439449 nsec
Iteration 4 started...  [elapsed] 819289008 nsec
Iteration 5 started...  [elapsed] 819221164 nsec
Iteration 6 started...  [elapsed] 819465359 nsec
Iteration 7 started...  [elapsed] 819408444 nsec
Iteration 8 started...  [elapsed] 819149612 nsec
Iteration 9 started...  [elapsed] 819273180 nsec
Iteration 10 started...  [elapsed] 819485846 nsec
success!
