=============================================================
# of xstreams:             68
# of threads:              680
# of repeats:              11
Use pthread:               false
Preemption:                On
# of preemption groups:    68
Preemption timer interval: 7000 usec
Preemption type:           ABT_PREEMPTION_NEW_ES
# of iterations:           5000000
=============================================================

Iteration 0 started...  [elapsed] 821225135 nsec
Iteration 1 started...  [elapsed] 819132643 nsec
Iteration 2 started...  [elapsed] 819148517 nsec
Iteration 3 started...  [elapsed] 819149610 nsec
Iteration 4 started...  [elapsed] 819319858 nsec
Iteration 5 started...  [elapsed] 819263267 nsec
Iteration 6 started...  [elapsed] 819283149 nsec
Iteration 7 started...  [elapsed] 819256408 nsec
Iteration 8 started...  [elapsed] 819155830 nsec
Iteration 9 started...  [elapsed] 819218081 nsec
Iteration 10 started...  [elapsed] 819159328 nsec
success!
