=============================================================
# of xstreams:             68
# of threads:              680
# of repeats:              11
Use pthread:               false
Preemption:                On
# of preemption groups:    68
Preemption timer interval: 7000 usec
Preemption type:           ABT_PREEMPTION_NEW_ES
# of iterations:           5000000
=============================================================

Iteration 0 started...  [elapsed] 820836120 nsec
Iteration 1 started...  [elapsed] 819235750 nsec
Iteration 2 started...  [elapsed] 819265400 nsec
Iteration 3 started...  [elapsed] 819220144 nsec
Iteration 4 started...  [elapsed] 819137822 nsec
Iteration 5 started...  [elapsed] 819154579 nsec
Iteration 6 started...  [elapsed] 819106918 nsec
Iteration 7 started...  [elapsed] 819225861 nsec
Iteration 8 started...  [elapsed] 819143349 nsec
Iteration 9 started...  [elapsed] 819381995 nsec
Iteration 10 started...  [elapsed] 819176322 nsec
success!
