=============================================================
# of xstreams:             68
# of threads:              680
# of repeats:              11
Use pthread:               false
Preemption:                On
# of preemption groups:    68
Preemption timer interval: 7000 usec
Preemption type:           ABT_PREEMPTION_NEW_ES
# of iterations:           5000000
=============================================================

Iteration 0 started...  [elapsed] 821227190 nsec
Iteration 1 started...  [elapsed] 819152845 nsec
Iteration 2 started...  [elapsed] 819250093 nsec
Iteration 3 started...  [elapsed] 820479889 nsec
Iteration 4 started...  [elapsed] 819121989 nsec
Iteration 5 started...  [elapsed] 819227114 nsec
Iteration 6 started...  [elapsed] 819146863 nsec
Iteration 7 started...  [elapsed] 819125283 nsec
Iteration 8 started...  [elapsed] 819191173 nsec
Iteration 9 started...  [elapsed] 819149272 nsec
Iteration 10 started...  [elapsed] 819182256 nsec
success!
