=============================================================
# of xstreams:             68
# of threads:              680
# of repeats:              11
Use pthread:               false
Preemption:                On
# of preemption groups:    68
Preemption timer interval: 7000 usec
Preemption type:           ABT_PREEMPTION_NEW_ES
# of iterations:           5000000
=============================================================

Iteration 0 started...  [elapsed] 821358073 nsec
Iteration 1 started...  [elapsed] 819033456 nsec
Iteration 2 started...  [elapsed] 819216179 nsec
Iteration 3 started...  [elapsed] 819376992 nsec
Iteration 4 started...  [elapsed] 819128085 nsec
Iteration 5 started...  [elapsed] 819110422 nsec
Iteration 6 started...  [elapsed] 819187555 nsec
Iteration 7 started...  [elapsed] 819221346 nsec
Iteration 8 started...  [elapsed] 819552920 nsec
Iteration 9 started...  [elapsed] 819076058 nsec
Iteration 10 started...  [elapsed] 819182475 nsec
success!
