=============================================================
# of xstreams:             68
# of threads:              680
# of repeats:              11
Use pthread:               false
Preemption:                On
# of preemption groups:    68
Preemption timer interval: 700 usec
Preemption type:           ABT_PREEMPTION_NEW_ES
# of iterations:           5000000
=============================================================

Iteration 0 started...  [elapsed] 954315955 nsec
Iteration 1 started...  [elapsed] 950493480 nsec
Iteration 2 started...  [elapsed] 948104539 nsec
Iteration 3 started...  [elapsed] 947552371 nsec
Iteration 4 started...  [elapsed] 948348725 nsec
Iteration 5 started...  [elapsed] 946971570 nsec
Iteration 6 started...  [elapsed] 947663672 nsec
Iteration 7 started...  [elapsed] 947193381 nsec
Iteration 8 started...  [elapsed] 950814514 nsec
Iteration 9 started...  [elapsed] 952182957 nsec
Iteration 10 started...  [elapsed] 950276807 nsec
success!
