=============================================================
# of xstreams:             68
# of threads:              680
# of repeats:              11
Use pthread:               false
Preemption:                On
# of preemption groups:    68
Preemption timer interval: 700 usec
Preemption type:           ABT_PREEMPTION_NEW_ES
# of iterations:           5000000
=============================================================

Iteration 0 started...  [elapsed] 953940703 nsec
Iteration 1 started...  [elapsed] 948651374 nsec
Iteration 2 started...  [elapsed] 948836259 nsec
Iteration 3 started...  [elapsed] 947194703 nsec
Iteration 4 started...  [elapsed] 947222599 nsec
Iteration 5 started...  [elapsed] 949115858 nsec
Iteration 6 started...  [elapsed] 949095455 nsec
Iteration 7 started...  [elapsed] 949295978 nsec
Iteration 8 started...  [elapsed] 951330859 nsec
Iteration 9 started...  [elapsed] 951745371 nsec
Iteration 10 started...  [elapsed] 952641045 nsec
success!
