=============================================================
# of xstreams:             68
# of threads:              680
# of repeats:              11
Use pthread:               false
Preemption:                On
# of preemption groups:    68
Preemption timer interval: 7000 usec
Preemption type:           ABT_PREEMPTION_NEW_ES
# of iterations:           5000000
=============================================================

Iteration 0 started...  [elapsed] 821339281 nsec
Iteration 1 started...  [elapsed] 819200800 nsec
Iteration 2 started...  [elapsed] 819096576 nsec
Iteration 3 started...  [elapsed] 819414086 nsec
Iteration 4 started...  [elapsed] 819338031 nsec
Iteration 5 started...  [elapsed] 819012328 nsec
Iteration 6 started...  [elapsed] 819127035 nsec
Iteration 7 started...  [elapsed] 819212674 nsec
Iteration 8 started...  [elapsed] 819165241 nsec
Iteration 9 started...  [elapsed] 819208852 nsec
Iteration 10 started...  [elapsed] 819554580 nsec
success!
